<?xml version="1.0" encoding="UTF-8"?>
<testsuite name="com.example.test.flow.IOUFlowTests" tests="6" skipped="0" failures="0" errors="0" timestamp="2019-04-12T15:35:14" hostname="DeBueno" time="40.339">
  <properties/>
  <testcase name="SignedTransaction returned by the flow is signed by the initiator" classname="com.example.test.flow.IOUFlowTests" time="20.278"/>
  <testcase name="flow rejects invalid IOUs" classname="com.example.test.flow.IOUFlowTests" time="3.837"/>
  <testcase name="SignedTransaction returned by the flow is signed by the acceptor" classname="com.example.test.flow.IOUFlowTests" time="5.8"/>
  <testcase name="recorded transaction has no inputs and a single output, the input IOU" classname="com.example.test.flow.IOUFlowTests" time="3.849"/>
  <testcase name="flow records a transaction in both parties' transaction storages" classname="com.example.test.flow.IOUFlowTests" time="3.183"/>
  <testcase name="flow records the correct IOU in both parties' vaults" classname="com.example.test.flow.IOUFlowTests" time="3.392"/>
  <system-out><![CDATA[?[1;31m[ERROR] 12:35:14,374 [Test worker] internal.Verifier. - Error validating transaction 0A695096BB802F58362D7FC3064B2900987D1BB494FE3B4B74FC29A82BDB7B4C. [errorCode=1dpk8h1, moreInformationAt=https://errors.corda.net/OS/4.0/1dpk8h1]
?[m java.lang.IllegalArgumentException: Failed requirement: All of the participants must be signers.
	at com.example.contract.IOUContract.verify(IOUContract.kt:68) ~[cordapp-example-contracts-0.1.jar:?]
	at net.corda.core.internal.Verifier.verifyContracts(TransactionVerifierServiceInternal.kt:377) ~[corda-core-4.0.jar:?]
	at net.corda.core.internal.Verifier.verify(TransactionVerifierServiceInternal.kt:71) ~[corda-core-4.0.jar:?]
	at net.corda.core.transactions.LedgerTransaction.verify(LedgerTransaction.kt:125) ~[corda-core-4.0.jar:?]
	at net.corda.core.transactions.TransactionBuilder.addMissingDependency(TransactionBuilder.kt:173) ~[corda-core-4.0.jar:?]
	at net.corda.core.transactions.TransactionBuilder.toWireTransactionWithContext$core(TransactionBuilder.kt:160) ~[corda-core-4.0.jar:?]
	at net.corda.core.transactions.TransactionBuilder.toWireTransactionWithContext$core$default(TransactionBuilder.kt:128) ~[corda-core-4.0.jar:?]
	at net.corda.core.transactions.TransactionBuilder.toWireTransaction(TransactionBuilder.kt:125) ~[corda-core-4.0.jar:?]
	at net.corda.testing.dsl.TestTransactionDSLInterpreter.toWireTransaction$test_utils(TestDSL.kt:95) ~[corda-test-utils-4.0.jar:?]
	at net.corda.testing.dsl.TestTransactionDSLInterpreter.verifies(TestDSL.kt:139) ~[corda-test-utils-4.0.jar:?]
	at net.corda.testing.dsl.Verifies$DefaultImpls.failsWith(LedgerDSLInterpreter.kt:45) ~[corda-test-utils-4.0.jar:?]
	at net.corda.testing.dsl.TransactionDSLInterpreter$DefaultImpls.failsWith(TransactionDSLInterpreter.kt) ~[corda-test-utils-4.0.jar:?]
	at net.corda.testing.dsl.TestTransactionDSLInterpreter.failsWith(TestDSL.kt:69) ~[corda-test-utils-4.0.jar:?]
	at net.corda.testing.dsl.Verifies$DefaultImpls.fails with(LedgerDSLInterpreter.kt:80) ~[corda-test-utils-4.0.jar:?]
	at net.corda.testing.dsl.TransactionDSLInterpreter$DefaultImpls.fails with(TransactionDSLInterpreter.kt) ~[corda-test-utils-4.0.jar:?]
	at net.corda.testing.dsl.TestTransactionDSLInterpreter.fails with(TestDSL.kt:69) ~[corda-test-utils-4.0.jar:?]
	at net.corda.testing.dsl.TransactionDSL.fails with(TransactionDSLInterpreter.kt) ~[corda-test-utils-4.0.jar:?]
	at com.example.test.contract.IOUContractTests$borrower must sign transaction$1$1.invoke(IOUContractTests.kt:70) ~[test/:?]
	at com.example.test.contract.IOUContractTests$borrower must sign transaction$1$1.invoke(IOUContractTests.kt:11) ~[test/:?]
	at net.corda.testing.dsl.LedgerDSL$transaction$1.invoke(LedgerDSLInterpreter.kt:141) ~[corda-test-utils-4.0.jar:?]
	at net.corda.testing.dsl.LedgerDSL$transaction$1.invoke(LedgerDSLInterpreter.kt:132) ~[corda-test-utils-4.0.jar:?]
	at net.corda.testing.dsl.TestLedgerDSLInterpreter.interpretTransactionDsl(TestDSL.kt:229) ~[corda-test-utils-4.0.jar:?]
	at net.corda.testing.dsl.TestLedgerDSLInterpreter.recordTransactionWithTransactionMap(TestDSL.kt:253) ~[corda-test-utils-4.0.jar:?]
	at net.corda.testing.dsl.TestLedgerDSLInterpreter._transaction(TestDSL.kt:289) ~[corda-test-utils-4.0.jar:?]
	at net.corda.testing.dsl.LedgerDSL._transaction(LedgerDSLInterpreter.kt) ~[corda-test-utils-4.0.jar:?]
	at net.corda.testing.dsl.LedgerDSL.transaction(LedgerDSLInterpreter.kt:141) ~[corda-test-utils-4.0.jar:?]
	at net.corda.testing.dsl.LedgerDSL.transaction$default(LedgerDSLInterpreter.kt:139) ~[corda-test-utils-4.0.jar:?]
	at com.example.test.contract.IOUContractTests$borrower must sign transaction$1.invoke(IOUContractTests.kt:67) ~[test/:?]
	at com.example.test.contract.IOUContractTests$borrower must sign transaction$1.invoke(IOUContractTests.kt:11) ~[test/:?]
	at net.corda.testing.node.NodeTestUtils$ledger$2.invoke(NodeTestUtils.kt:39) ~[corda-node-driver-4.0.jar:?]
	at net.corda.testing.node.NodeTestUtils$ledger$2.invoke(NodeTestUtils.kt) ~[corda-node-driver-4.0.jar:?]
	at net.corda.testing.internal.InternalTestUtilsKt$withTestSerializationEnvIfNotSet$1.invoke(InternalTestUtils.kt:214) ~[corda-test-utils-4.0.jar:?]
	at net.corda.testing.internal.InternalTestUtilsKt$withTestSerializationEnvIfNotSet$1.invoke(InternalTestUtils.kt) ~[corda-test-utils-4.0.jar:?]
	at net.corda.testing.common.internal.CommonSerializationTestHelpersKt.asContextEnv(CommonSerializationTestHelpers.kt:11) ~[corda-test-common-4.0.jar:?]
	at net.corda.testing.internal.InternalSerializationTestHelpersKt.asTestContextEnv(InternalSerializationTestHelpers.kt:33) ~[corda-test-utils-4.0.jar:?]
	at net.corda.testing.internal.InternalSerializationTestHelpersKt.asTestContextEnv$default(InternalSerializationTestHelpers.kt:31) ~[corda-test-utils-4.0.jar:?]
	at net.corda.testing.internal.InternalTestUtilsKt.withTestSerializationEnvIfNotSet(InternalTestUtils.kt:214) ~[corda-test-utils-4.0.jar:?]
	at net.corda.testing.node.NodeTestUtils.ledger(NodeTestUtils.kt:36) ~[corda-node-driver-4.0.jar:?]
	at net.corda.testing.node.NodeTestUtils.ledger$default(NodeTestUtils.kt:23) ~[corda-node-driver-4.0.jar:?]
	at com.example.test.contract.IOUContractTests.borrower must sign transaction(IOUContractTests.kt:66) ~[test/:?]
	at sun.reflect.NativeMethodAccessorImpl.invoke0(Native Method) ~[?:1.8.0_191]
	at sun.reflect.NativeMethodAccessorImpl.invoke(NativeMethodAccessorImpl.java:62) ~[?:1.8.0_191]
	at sun.reflect.DelegatingMethodAccessorImpl.invoke(DelegatingMethodAccessorImpl.java:43) ~[?:1.8.0_191]
	at java.lang.reflect.Method.invoke(Method.java:498) ~[?:1.8.0_191]
	at org.junit.runners.model.FrameworkMethod$1.runReflectiveCall(FrameworkMethod.java:50) ~[junit-4.12.jar:4.12]
	at org.junit.internal.runners.model.ReflectiveCallable.run(ReflectiveCallable.java:12) ~[junit-4.12.jar:4.12]
	at org.junit.runners.model.FrameworkMethod.invokeExplosively(FrameworkMethod.java:47) ~[junit-4.12.jar:4.12]
	at org.junit.internal.runners.statements.InvokeMethod.evaluate(InvokeMethod.java:17) ~[junit-4.12.jar:4.12]
	at org.junit.runners.ParentRunner.runLeaf(ParentRunner.java:325) ~[junit-4.12.jar:4.12]
	at org.junit.runners.BlockJUnit4ClassRunner.runChild(BlockJUnit4ClassRunner.java:78) ~[junit-4.12.jar:4.12]
	at org.junit.runners.BlockJUnit4ClassRunner.runChild(BlockJUnit4ClassRunner.java:57) ~[junit-4.12.jar:4.12]
	at org.junit.runners.ParentRunner$3.run(ParentRunner.java:290) ~[junit-4.12.jar:4.12]
	at org.junit.runners.ParentRunner$1.schedule(ParentRunner.java:71) ~[junit-4.12.jar:4.12]
	at org.junit.runners.ParentRunner.runChildren(ParentRunner.java:288) ~[junit-4.12.jar:4.12]
	at org.junit.runners.ParentRunner.access$000(ParentRunner.java:58) ~[junit-4.12.jar:4.12]
	at org.junit.runners.ParentRunner$2.evaluate(ParentRunner.java:268) ~[junit-4.12.jar:4.12]
	at org.junit.runners.ParentRunner.run(ParentRunner.java:363) ~[junit-4.12.jar:4.12]
	at org.gradle.api.internal.tasks.testing.junit.JUnitTestClassExecutor.runTestClass(JUnitTestClassExecutor.java:106) ~[?:?]
	at org.gradle.api.internal.tasks.testing.junit.JUnitTestClassExecutor.execute(JUnitTestClassExecutor.java:58) ~[?:?]
	at org.gradle.api.internal.tasks.testing.junit.JUnitTestClassExecutor.execute(JUnitTestClassExecutor.java:38) ~[?:?]
	at org.gradle.api.internal.tasks.testing.junit.AbstractJUnitTestClassProcessor.processTestClass(AbstractJUnitTestClassProcessor.java:66) ~[?:?]
	at org.gradle.api.internal.tasks.testing.SuiteTestClassProcessor.processTestClass(SuiteTestClassProcessor.java:51) ~[?:?]
	at sun.reflect.NativeMethodAccessorImpl.invoke0(Native Method) ~[?:1.8.0_191]
	at sun.reflect.NativeMethodAccessorImpl.invoke(NativeMethodAccessorImpl.java:62) ~[?:1.8.0_191]
	at sun.reflect.DelegatingMethodAccessorImpl.invoke(DelegatingMethodAccessorImpl.java:43) ~[?:1.8.0_191]
	at java.lang.reflect.Method.invoke(Method.java:498) ~[?:1.8.0_191]
	at org.gradle.internal.dispatch.ReflectionDispatch.dispatch(ReflectionDispatch.java:35) ~[?:?]
	at org.gradle.internal.dispatch.ReflectionDispatch.dispatch(ReflectionDispatch.java:24) ~[?:?]
	at org.gradle.internal.dispatch.ContextClassLoaderDispatch.dispatch(ContextClassLoaderDispatch.java:32) ~[?:?]
	at org.gradle.internal.dispatch.ProxyDispatchAdapter$DispatchingInvocationHandler.invoke(ProxyDispatchAdapter.java:93) ~[?:?]
	at com.sun.proxy.$Proxy2.processTestClass(Unknown Source) ~[?:?]
	at org.gradle.api.internal.tasks.testing.worker.TestWorker.processTestClass(TestWorker.java:117) ~[?:?]
	at sun.reflect.NativeMethodAccessorImpl.invoke0(Native Method) ~[?:1.8.0_191]
	at sun.reflect.NativeMethodAccessorImpl.invoke(NativeMethodAccessorImpl.java:62) ~[?:1.8.0_191]
	at sun.reflect.DelegatingMethodAccessorImpl.invoke(DelegatingMethodAccessorImpl.java:43) ~[?:1.8.0_191]
	at java.lang.reflect.Method.invoke(Method.java:498) ~[?:1.8.0_191]
	at org.gradle.internal.dispatch.ReflectionDispatch.dispatch(ReflectionDispatch.java:35) ~[?:?]
	at org.gradle.internal.dispatch.ReflectionDispatch.dispatch(ReflectionDispatch.java:24) ~[?:?]
	at org.gradle.internal.remote.internal.hub.MessageHubBackedObjectConnection$DispatchWrapper.dispatch(MessageHubBackedObjectConnection.java:155) ~[?:?]
	at org.gradle.internal.remote.internal.hub.MessageHubBackedObjectConnection$DispatchWrapper.dispatch(MessageHubBackedObjectConnection.java:137) ~[?:?]
	at org.gradle.internal.remote.internal.hub.MessageHub$Handler.run(MessageHub.java:404) ~[?:?]
	at org.gradle.internal.concurrent.ExecutorPolicy$CatchAndRecordFailures.onExecute(ExecutorPolicy.java:63) ~[?:?]
	at org.gradle.internal.concurrent.ManagedExecutorImpl$1.run(ManagedExecutorImpl.java:46) ~[?:?]
	at java.util.concurrent.ThreadPoolExecutor.runWorker(ThreadPoolExecutor.java:1149) ~[?:1.8.0_191]
	at java.util.concurrent.ThreadPoolExecutor$Worker.run(ThreadPoolExecutor.java:624) ~[?:1.8.0_191]
	at org.gradle.internal.concurrent.ThreadFactoryImpl$ManagedThreadRunnable.run(ThreadFactoryImpl.java:55) ~[?:?]
	at java.lang.Thread.run(Thread.java:748) [?:1.8.0_191]
?[1;31m[ERROR] 12:35:14,376 [Test worker] internal.Verifier. - Error validating transaction 0A695096BB802F58362D7FC3064B2900987D1BB494FE3B4B74FC29A82BDB7B4C. [errorCode=1dpk8h1, moreInformationAt=https://errors.corda.net/OS/4.0/1dpk8h1]
?[m java.lang.IllegalArgumentException: Failed requirement: All of the participants must be signers.
	at com.example.contract.IOUContract.verify(IOUContract.kt:68) ~[cordapp-example-contracts-0.1.jar:?]
	at net.corda.core.internal.Verifier.verifyContracts(TransactionVerifierServiceInternal.kt:377) ~[corda-core-4.0.jar:?]
	at net.corda.core.internal.Verifier.verify(TransactionVerifierServiceInternal.kt:71) ~[corda-core-4.0.jar:?]
	at net.corda.core.transactions.LedgerTransaction.verify(LedgerTransaction.kt:125) ~[corda-core-4.0.jar:?]
	at net.corda.testing.dsl.TestTransactionDSLInterpreter.verifies(TestDSL.kt:139) ~[corda-test-utils-4.0.jar:?]
	at net.corda.testing.dsl.Verifies$DefaultImpls.failsWith(LedgerDSLInterpreter.kt:45) ~[corda-test-utils-4.0.jar:?]
	at net.corda.testing.dsl.TransactionDSLInterpreter$DefaultImpls.failsWith(TransactionDSLInterpreter.kt) ~[corda-test-utils-4.0.jar:?]
	at net.corda.testing.dsl.TestTransactionDSLInterpreter.failsWith(TestDSL.kt:69) ~[corda-test-utils-4.0.jar:?]
	at net.corda.testing.dsl.Verifies$DefaultImpls.fails with(LedgerDSLInterpreter.kt:80) ~[corda-test-utils-4.0.jar:?]
	at net.corda.testing.dsl.TransactionDSLInterpreter$DefaultImpls.fails with(TransactionDSLInterpreter.kt) ~[corda-test-utils-4.0.jar:?]
	at net.corda.testing.dsl.TestTransactionDSLInterpreter.fails with(TestDSL.kt:69) ~[corda-test-utils-4.0.jar:?]
	at net.corda.testing.dsl.TransactionDSL.fails with(TransactionDSLInterpreter.kt) ~[corda-test-utils-4.0.jar:?]
	at com.example.test.contract.IOUContractTests$borrower must sign transaction$1$1.invoke(IOUContractTests.kt:70) ~[test/:?]
	at com.example.test.contract.IOUContractTests$borrower must sign transaction$1$1.invoke(IOUContractTests.kt:11) ~[test/:?]
	at net.corda.testing.dsl.LedgerDSL$transaction$1.invoke(LedgerDSLInterpreter.kt:141) ~[corda-test-utils-4.0.jar:?]
	at net.corda.testing.dsl.LedgerDSL$transaction$1.invoke(LedgerDSLInterpreter.kt:132) ~[corda-test-utils-4.0.jar:?]
	at net.corda.testing.dsl.TestLedgerDSLInterpreter.interpretTransactionDsl(TestDSL.kt:229) ~[corda-test-utils-4.0.jar:?]
	at net.corda.testing.dsl.TestLedgerDSLInterpreter.recordTransactionWithTransactionMap(TestDSL.kt:253) ~[corda-test-utils-4.0.jar:?]
	at net.corda.testing.dsl.TestLedgerDSLInterpreter._transaction(TestDSL.kt:289) ~[corda-test-utils-4.0.jar:?]
	at net.corda.testing.dsl.LedgerDSL._transaction(LedgerDSLInterpreter.kt) ~[corda-test-utils-4.0.jar:?]
	at net.corda.testing.dsl.LedgerDSL.transaction(LedgerDSLInterpreter.kt:141) ~[corda-test-utils-4.0.jar:?]
	at net.corda.testing.dsl.LedgerDSL.transaction$default(LedgerDSLInterpreter.kt:139) ~[corda-test-utils-4.0.jar:?]
	at com.example.test.contract.IOUContractTests$borrower must sign transaction$1.invoke(IOUContractTests.kt:67) ~[test/:?]
	at com.example.test.contract.IOUContractTests$borrower must sign transaction$1.invoke(IOUContractTests.kt:11) ~[test/:?]
	at net.corda.testing.node.NodeTestUtils$ledger$2.invoke(NodeTestUtils.kt:39) ~[corda-node-driver-4.0.jar:?]
	at net.corda.testing.node.NodeTestUtils$ledger$2.invoke(NodeTestUtils.kt) ~[corda-node-driver-4.0.jar:?]
	at net.corda.testing.internal.InternalTestUtilsKt$withTestSerializationEnvIfNotSet$1.invoke(InternalTestUtils.kt:214) ~[corda-test-utils-4.0.jar:?]
	at net.corda.testing.internal.InternalTestUtilsKt$withTestSerializationEnvIfNotSet$1.invoke(InternalTestUtils.kt) ~[corda-test-utils-4.0.jar:?]
	at net.corda.testing.common.internal.CommonSerializationTestHelpersKt.asContextEnv(CommonSerializationTestHelpers.kt:11) ~[corda-test-common-4.0.jar:?]
	at net.corda.testing.internal.InternalSerializationTestHelpersKt.asTestContextEnv(InternalSerializationTestHelpers.kt:33) ~[corda-test-utils-4.0.jar:?]
	at net.corda.testing.internal.InternalSerializationTestHelpersKt.asTestContextEnv$default(InternalSerializationTestHelpers.kt:31) ~[corda-test-utils-4.0.jar:?]
	at net.corda.testing.internal.InternalTestUtilsKt.withTestSerializationEnvIfNotSet(InternalTestUtils.kt:214) ~[corda-test-utils-4.0.jar:?]
	at net.corda.testing.node.NodeTestUtils.ledger(NodeTestUtils.kt:36) ~[corda-node-driver-4.0.jar:?]
	at net.corda.testing.node.NodeTestUtils.ledger$default(NodeTestUtils.kt:23) ~[corda-node-driver-4.0.jar:?]
	at com.example.test.contract.IOUContractTests.borrower must sign transaction(IOUContractTests.kt:66) ~[test/:?]
	at sun.reflect.NativeMethodAccessorImpl.invoke0(Native Method) ~[?:1.8.0_191]
	at sun.reflect.NativeMethodAccessorImpl.invoke(NativeMethodAccessorImpl.java:62) ~[?:1.8.0_191]
	at sun.reflect.DelegatingMethodAccessorImpl.invoke(DelegatingMethodAccessorImpl.java:43) ~[?:1.8.0_191]
	at java.lang.reflect.Method.invoke(Method.java:498) ~[?:1.8.0_191]
	at org.junit.runners.model.FrameworkMethod$1.runReflectiveCall(FrameworkMethod.java:50) ~[junit-4.12.jar:4.12]
	at org.junit.internal.runners.model.ReflectiveCallable.run(ReflectiveCallable.java:12) ~[junit-4.12.jar:4.12]
	at org.junit.runners.model.FrameworkMethod.invokeExplosively(FrameworkMethod.java:47) ~[junit-4.12.jar:4.12]
	at org.junit.internal.runners.statements.InvokeMethod.evaluate(InvokeMethod.java:17) ~[junit-4.12.jar:4.12]
	at org.junit.runners.ParentRunner.runLeaf(ParentRunner.java:325) ~[junit-4.12.jar:4.12]
	at org.junit.runners.BlockJUnit4ClassRunner.runChild(BlockJUnit4ClassRunner.java:78) ~[junit-4.12.jar:4.12]
	at org.junit.runners.BlockJUnit4ClassRunner.runChild(BlockJUnit4ClassRunner.java:57) ~[junit-4.12.jar:4.12]
	at org.junit.runners.ParentRunner$3.run(ParentRunner.java:290) ~[junit-4.12.jar:4.12]
	at org.junit.runners.ParentRunner$1.schedule(ParentRunner.java:71) ~[junit-4.12.jar:4.12]
	at org.junit.runners.ParentRunner.runChildren(ParentRunner.java:288) ~[junit-4.12.jar:4.12]
	at org.junit.runners.ParentRunner.access$000(ParentRunner.java:58) ~[junit-4.12.jar:4.12]
	at org.junit.runners.ParentRunner$2.evaluate(ParentRunner.java:268) ~[junit-4.12.jar:4.12]
	at org.junit.runners.ParentRunner.run(ParentRunner.java:363) ~[junit-4.12.jar:4.12]
	at org.gradle.api.internal.tasks.testing.junit.JUnitTestClassExecutor.runTestClass(JUnitTestClassExecutor.java:106) ~[?:?]
	at org.gradle.api.internal.tasks.testing.junit.JUnitTestClassExecutor.execute(JUnitTestClassExecutor.java:58) ~[?:?]
	at org.gradle.api.internal.tasks.testing.junit.JUnitTestClassExecutor.execute(JUnitTestClassExecutor.java:38) ~[?:?]
	at org.gradle.api.internal.tasks.testing.junit.AbstractJUnitTestClassProcessor.processTestClass(AbstractJUnitTestClassProcessor.java:66) ~[?:?]
	at org.gradle.api.internal.tasks.testing.SuiteTestClassProcessor.processTestClass(SuiteTestClassProcessor.java:51) ~[?:?]
	at sun.reflect.NativeMethodAccessorImpl.invoke0(Native Method) ~[?:1.8.0_191]
	at sun.reflect.NativeMethodAccessorImpl.invoke(NativeMethodAccessorImpl.java:62) ~[?:1.8.0_191]
	at sun.reflect.DelegatingMethodAccessorImpl.invoke(DelegatingMethodAccessorImpl.java:43) ~[?:1.8.0_191]
	at java.lang.reflect.Method.invoke(Method.java:498) ~[?:1.8.0_191]
	at org.gradle.internal.dispatch.ReflectionDispatch.dispatch(ReflectionDispatch.java:35) ~[?:?]
	at org.gradle.internal.dispatch.ReflectionDispatch.dispatch(ReflectionDispatch.java:24) ~[?:?]
	at org.gradle.internal.dispatch.ContextClassLoaderDispatch.dispatch(ContextClassLoaderDispatch.java:32) ~[?:?]
	at org.gradle.internal.dispatch.ProxyDispatchAdapter$DispatchingInvocationHandler.invoke(ProxyDispatchAdapter.java:93) ~[?:?]
	at com.sun.proxy.$Proxy2.processTestClass(Unknown Source) ~[?:?]
	at org.gradle.api.internal.tasks.testing.worker.TestWorker.processTestClass(TestWorker.java:117) ~[?:?]
	at sun.reflect.NativeMethodAccessorImpl.invoke0(Native Method) ~[?:1.8.0_191]
	at sun.reflect.NativeMethodAccessorImpl.invoke(NativeMethodAccessorImpl.java:62) ~[?:1.8.0_191]
	at sun.reflect.DelegatingMethodAccessorImpl.invoke(DelegatingMethodAccessorImpl.java:43) ~[?:1.8.0_191]
	at java.lang.reflect.Method.invoke(Method.java:498) ~[?:1.8.0_191]
	at org.gradle.internal.dispatch.ReflectionDispatch.dispatch(ReflectionDispatch.java:35) ~[?:?]
	at org.gradle.internal.dispatch.ReflectionDispatch.dispatch(ReflectionDispatch.java:24) ~[?:?]
	at org.gradle.internal.remote.internal.hub.MessageHubBackedObjectConnection$DispatchWrapper.dispatch(MessageHubBackedObjectConnection.java:155) ~[?:?]
	at org.gradle.internal.remote.internal.hub.MessageHubBackedObjectConnection$DispatchWrapper.dispatch(MessageHubBackedObjectConnection.java:137) ~[?:?]
	at org.gradle.internal.remote.internal.hub.MessageHub$Handler.run(MessageHub.java:404) ~[?:?]
	at org.gradle.internal.concurrent.ExecutorPolicy$CatchAndRecordFailures.onExecute(ExecutorPolicy.java:63) ~[?:?]
	at org.gradle.internal.concurrent.ManagedExecutorImpl$1.run(ManagedExecutorImpl.java:46) ~[?:?]
	at java.util.concurrent.ThreadPoolExecutor.runWorker(ThreadPoolExecutor.java:1149) ~[?:1.8.0_191]
	at java.util.concurrent.ThreadPoolExecutor$Worker.run(ThreadPoolExecutor.java:624) ~[?:1.8.0_191]
	at org.gradle.internal.concurrent.ThreadFactoryImpl$ManagedThreadRunnable.run(ThreadFactoryImpl.java:55) ~[?:?]
	at java.lang.Thread.run(Thread.java:748) [?:1.8.0_191]
?[1;31m[ERROR] 12:35:14,382 [Test worker] internal.Verifier. - Error validating transaction 0A695096BB802F58362D7FC3064B2900987D1BB494FE3B4B74FC29A82BDB7B4C. [errorCode=1dpk8h1, moreInformationAt=https://errors.corda.net/OS/4.0/1dpk8h1]
?[m java.lang.IllegalArgumentException: Failed requirement: All of the participants must be signers.
	at com.example.contract.IOUContract.verify(IOUContract.kt:68) ~[cordapp-example-contracts-0.1.jar:?]
	at net.corda.core.internal.Verifier.verifyContracts(TransactionVerifierServiceInternal.kt:377) ~[corda-core-4.0.jar:?]
	at net.corda.core.internal.Verifier.verify(TransactionVerifierServiceInternal.kt:71) ~[corda-core-4.0.jar:?]
	at net.corda.core.transactions.LedgerTransaction.verify(LedgerTransaction.kt:125) ~[corda-core-4.0.jar:?]
	at net.corda.core.transactions.TransactionBuilder.addMissingDependency(TransactionBuilder.kt:173) ~[corda-core-4.0.jar:?]
	at net.corda.core.transactions.TransactionBuilder.toWireTransactionWithContext$core(TransactionBuilder.kt:160) ~[corda-core-4.0.jar:?]
	at net.corda.core.transactions.TransactionBuilder.toWireTransactionWithContext$core$default(TransactionBuilder.kt:128) ~[corda-core-4.0.jar:?]
	at net.corda.core.transactions.TransactionBuilder.toWireTransaction(TransactionBuilder.kt:125) ~[corda-core-4.0.jar:?]
	at net.corda.testing.dsl.TestTransactionDSLInterpreter.toWireTransaction$test_utils(TestDSL.kt:95) ~[corda-test-utils-4.0.jar:?]
	at net.corda.testing.dsl.TestLedgerDSLInterpreter.recordTransactionWithTransactionMap(TestDSL.kt:257) ~[corda-test-utils-4.0.jar:?]
	at net.corda.testing.dsl.TestLedgerDSLInterpreter._transaction(TestDSL.kt:289) ~[corda-test-utils-4.0.jar:?]
	at net.corda.testing.dsl.LedgerDSL._transaction(LedgerDSLInterpreter.kt) ~[corda-test-utils-4.0.jar:?]
	at net.corda.testing.dsl.LedgerDSL.transaction(LedgerDSLInterpreter.kt:141) ~[corda-test-utils-4.0.jar:?]
	at net.corda.testing.dsl.LedgerDSL.transaction$default(LedgerDSLInterpreter.kt:139) ~[corda-test-utils-4.0.jar:?]
	at com.example.test.contract.IOUContractTests$borrower must sign transaction$1.invoke(IOUContractTests.kt:67) ~[test/:?]
	at com.example.test.contract.IOUContractTests$borrower must sign transaction$1.invoke(IOUContractTests.kt:11) ~[test/:?]
	at net.corda.testing.node.NodeTestUtils$ledger$2.invoke(NodeTestUtils.kt:39) ~[corda-node-driver-4.0.jar:?]
	at net.corda.testing.node.NodeTestUtils$ledger$2.invoke(NodeTestUtils.kt) ~[corda-node-driver-4.0.jar:?]
	at net.corda.testing.internal.InternalTestUtilsKt$withTestSerializationEnvIfNotSet$1.invoke(InternalTestUtils.kt:214) ~[corda-test-utils-4.0.jar:?]
	at net.corda.testing.internal.InternalTestUtilsKt$withTestSerializationEnvIfNotSet$1.invoke(InternalTestUtils.kt) ~[corda-test-utils-4.0.jar:?]
	at net.corda.testing.common.internal.CommonSerializationTestHelpersKt.asContextEnv(CommonSerializationTestHelpers.kt:11) ~[corda-test-common-4.0.jar:?]
	at net.corda.testing.internal.InternalSerializationTestHelpersKt.asTestContextEnv(InternalSerializationTestHelpers.kt:33) ~[corda-test-utils-4.0.jar:?]
	at net.corda.testing.internal.InternalSerializationTestHelpersKt.asTestContextEnv$default(InternalSerializationTestHelpers.kt:31) ~[corda-test-utils-4.0.jar:?]
	at net.corda.testing.internal.InternalTestUtilsKt.withTestSerializationEnvIfNotSet(InternalTestUtils.kt:214) ~[corda-test-utils-4.0.jar:?]
	at net.corda.testing.node.NodeTestUtils.ledger(NodeTestUtils.kt:36) ~[corda-node-driver-4.0.jar:?]
	at net.corda.testing.node.NodeTestUtils.ledger$default(NodeTestUtils.kt:23) ~[corda-node-driver-4.0.jar:?]
	at com.example.test.contract.IOUContractTests.borrower must sign transaction(IOUContractTests.kt:66) ~[test/:?]
	at sun.reflect.NativeMethodAccessorImpl.invoke0(Native Method) ~[?:1.8.0_191]
	at sun.reflect.NativeMethodAccessorImpl.invoke(NativeMethodAccessorImpl.java:62) ~[?:1.8.0_191]
	at sun.reflect.DelegatingMethodAccessorImpl.invoke(DelegatingMethodAccessorImpl.java:43) ~[?:1.8.0_191]
	at java.lang.reflect.Method.invoke(Method.java:498) ~[?:1.8.0_191]
	at org.junit.runners.model.FrameworkMethod$1.runReflectiveCall(FrameworkMethod.java:50) ~[junit-4.12.jar:4.12]
	at org.junit.internal.runners.model.ReflectiveCallable.run(ReflectiveCallable.java:12) ~[junit-4.12.jar:4.12]
	at org.junit.runners.model.FrameworkMethod.invokeExplosively(FrameworkMethod.java:47) ~[junit-4.12.jar:4.12]
	at org.junit.internal.runners.statements.InvokeMethod.evaluate(InvokeMethod.java:17) ~[junit-4.12.jar:4.12]
	at org.junit.runners.ParentRunner.runLeaf(ParentRunner.java:325) ~[junit-4.12.jar:4.12]
	at org.junit.runners.BlockJUnit4ClassRunner.runChild(BlockJUnit4ClassRunner.java:78) ~[junit-4.12.jar:4.12]
	at org.junit.runners.BlockJUnit4ClassRunner.runChild(BlockJUnit4ClassRunner.java:57) ~[junit-4.12.jar:4.12]
	at org.junit.runners.ParentRunner$3.run(ParentRunner.java:290) ~[junit-4.12.jar:4.12]
	at org.junit.runners.ParentRunner$1.schedule(ParentRunner.java:71) ~[junit-4.12.jar:4.12]
	at org.junit.runners.ParentRunner.runChildren(ParentRunner.java:288) ~[junit-4.12.jar:4.12]
	at org.junit.runners.ParentRunner.access$000(ParentRunner.java:58) ~[junit-4.12.jar:4.12]
	at org.junit.runners.ParentRunner$2.evaluate(ParentRunner.java:268) ~[junit-4.12.jar:4.12]
	at org.junit.runners.ParentRunner.run(ParentRunner.java:363) ~[junit-4.12.jar:4.12]
	at org.gradle.api.internal.tasks.testing.junit.JUnitTestClassExecutor.runTestClass(JUnitTestClassExecutor.java:106) ~[?:?]
	at org.gradle.api.internal.tasks.testing.junit.JUnitTestClassExecutor.execute(JUnitTestClassExecutor.java:58) ~[?:?]
	at org.gradle.api.internal.tasks.testing.junit.JUnitTestClassExecutor.execute(JUnitTestClassExecutor.java:38) ~[?:?]
	at org.gradle.api.internal.tasks.testing.junit.AbstractJUnitTestClassProcessor.processTestClass(AbstractJUnitTestClassProcessor.java:66) ~[?:?]
	at org.gradle.api.internal.tasks.testing.SuiteTestClassProcessor.processTestClass(SuiteTestClassProcessor.java:51) ~[?:?]
	at sun.reflect.NativeMethodAccessorImpl.invoke0(Native Method) ~[?:1.8.0_191]
	at sun.reflect.NativeMethodAccessorImpl.invoke(NativeMethodAccessorImpl.java:62) ~[?:1.8.0_191]
	at sun.reflect.DelegatingMethodAccessorImpl.invoke(DelegatingMethodAccessorImpl.java:43) ~[?:1.8.0_191]
	at java.lang.reflect.Method.invoke(Method.java:498) ~[?:1.8.0_191]
	at org.gradle.internal.dispatch.ReflectionDispatch.dispatch(ReflectionDispatch.java:35) ~[?:?]
	at org.gradle.internal.dispatch.ReflectionDispatch.dispatch(ReflectionDispatch.java:24) ~[?:?]
	at org.gradle.internal.dispatch.ContextClassLoaderDispatch.dispatch(ContextClassLoaderDispatch.java:32) ~[?:?]
	at org.gradle.internal.dispatch.ProxyDispatchAdapter$DispatchingInvocationHandler.invoke(ProxyDispatchAdapter.java:93) ~[?:?]
	at com.sun.proxy.$Proxy2.processTestClass(Unknown Source) ~[?:?]
	at org.gradle.api.internal.tasks.testing.worker.TestWorker.processTestClass(TestWorker.java:117) ~[?:?]
	at sun.reflect.NativeMethodAccessorImpl.invoke0(Native Method) ~[?:1.8.0_191]
	at sun.reflect.NativeMethodAccessorImpl.invoke(NativeMethodAccessorImpl.java:62) ~[?:1.8.0_191]
	at sun.reflect.DelegatingMethodAccessorImpl.invoke(DelegatingMethodAccessorImpl.java:43) ~[?:1.8.0_191]
	at java.lang.reflect.Method.invoke(Method.java:498) ~[?:1.8.0_191]
	at org.gradle.internal.dispatch.ReflectionDispatch.dispatch(ReflectionDispatch.java:35) ~[?:?]
	at org.gradle.internal.dispatch.ReflectionDispatch.dispatch(ReflectionDispatch.java:24) ~[?:?]
	at org.gradle.internal.remote.internal.hub.MessageHubBackedObjectConnection$DispatchWrapper.dispatch(MessageHubBackedObjectConnection.java:155) ~[?:?]
	at org.gradle.internal.remote.internal.hub.MessageHubBackedObjectConnection$DispatchWrapper.dispatch(MessageHubBackedObjectConnection.java:137) ~[?:?]
	at org.gradle.internal.remote.internal.hub.MessageHub$Handler.run(MessageHub.java:404) ~[?:?]
	at org.gradle.internal.concurrent.ExecutorPolicy$CatchAndRecordFailures.onExecute(ExecutorPolicy.java:63) ~[?:?]
	at org.gradle.internal.concurrent.ManagedExecutorImpl$1.run(ManagedExecutorImpl.java:46) ~[?:?]
	at java.util.concurrent.ThreadPoolExecutor.runWorker(ThreadPoolExecutor.java:1149) ~[?:1.8.0_191]
	at java.util.concurrent.ThreadPoolExecutor$Worker.run(ThreadPoolExecutor.java:624) ~[?:1.8.0_191]
	at org.gradle.internal.concurrent.ThreadFactoryImpl$ManagedThreadRunnable.run(ThreadFactoryImpl.java:55) ~[?:?]
	at java.lang.Thread.run(Thread.java:748) [?:1.8.0_191]
?[37m[INFO] 12:35:17,068 [Test worker] internal.TestCordappImpl. - Generating CorDapp jar from local project in C:\Users\Daniel\OneDrive\Documents\tokensdk\samples3\cordapp-example\workflows-kotlin ...
?[m?[37m[INFO] 12:35:20,172 [Test worker] cordapp.JarScanningCordappLoader. - Looking for CorDapps in [build\mock-network\20190412-153514.413\nodes\0\cordapps]
?[m?[37m[INFO] 12:35:20,175 [Test worker] cordapp.JarScanningCordappLoader. - Loading CorDapps from RestrictedURL(url=file:/C:/Users/Daniel/OneDrive/Documents/tokensdk/samples3/cordapp-example/workflows-kotlin/build/mock-network/20190412-153514.413/nodes/0/cordapps/cordapp-example-contracts-0.1.jar, rootPackageName=null), RestrictedURL(url=file:/C:/Users/Daniel/OneDrive/Documents/tokensdk/samples3/cordapp-example/workflows-kotlin/build/mock-network/20190412-153514.413/nodes/0/cordapps/cordapp-example-workflows-0.1.jar, rootPackageName=null)
?[m?[37m[INFO] 12:35:20,181 [Test worker] cordapp.JarScanningCordappLoader. - Scanning CorDapp in file:/C:/Users/Daniel/OneDrive/Documents/tokensdk/samples3/cordapp-example/workflows-kotlin/build/mock-network/20190412-153514.413/nodes/0/cordapps/cordapp-example-contracts-0.1.jar
?[m?[37m[INFO] 12:35:20,296 [Test worker] cordapp.JarScanningCordappLoader. - Found notary service CorDapp implementations: 
?[m?[37m[INFO] 12:35:20,296 [Test worker] cordapp.JarScanningCordappLoader. - Scanning CorDapp in file:/C:/Users/Daniel/OneDrive/Documents/tokensdk/samples3/cordapp-example/workflows-kotlin/build/mock-network/20190412-153514.413/nodes/0/cordapps/cordapp-example-workflows-0.1.jar
?[m?[37m[INFO] 12:35:20,398 [Test worker] cordapp.JarScanningCordappLoader. - Found notary service CorDapp implementations: 
?[m?[31m[WARN] 12:35:20,398 [Test worker] cordapp.CordappResolver. - More than one CorDapp registered for net.corda.core.internal.cordapp.CordappImpl.
?[m?[31m[WARN] 12:35:20,398 [Test worker] cordapp.CordappResolver. - More than one CorDapp registered for com.example.contract.IOUContract.
?[m?[31m[WARN] 12:35:20,398 [Test worker] cordapp.CordappResolver. - More than one CorDapp registered for com.example.contract.IOUContract$Commands$Create.
?[m?[31m[WARN] 12:35:20,398 [Test worker] cordapp.CordappResolver. - More than one CorDapp registered for com.example.contract.IOUContract$Companion.
?[m?[31m[WARN] 12:35:20,398 [Test worker] cordapp.CordappResolver. - More than one CorDapp registered for com.example.contract.IOUContract$Commands.
?[m?[31m[WARN] 12:35:20,398 [Test worker] cordapp.CordappResolver. - More than one CorDapp registered for com.example.flow.ExampleFlow$Initiator.
?[m?[31m[WARN] 12:35:20,398 [Test worker] cordapp.CordappResolver. - More than one CorDapp registered for com.example.flow.ExampleFlow$Acceptor.
?[m?[31m[WARN] 12:35:20,398 [Test worker] cordapp.CordappResolver. - More than one CorDapp registered for net.corda.core.internal.cordapp.CordappImpl.
?[m?[31m[WARN] 12:35:20,398 [Test worker] cordapp.CordappResolver. - More than one CorDapp registered for com.example.flow.ExampleFlow.
?[m?[31m[WARN] 12:35:20,398 [Test worker] cordapp.CordappResolver. - More than one CorDapp registered for com.example.flow.ExampleFlow$Acceptor$call$signTransactionFlow$1.
?[m?[31m[WARN] 12:35:20,398 [Test worker] cordapp.CordappResolver. - More than one CorDapp registered for com.example.flow.ExampleFlow$Initiator$Companion.
?[m?[31m[WARN] 12:35:20,398 [Test worker] cordapp.CordappResolver. - More than one CorDapp registered for com.example.flow.ExampleFlow$Initiator$Companion$FINALISING_TRANSACTION.
?[m?[31m[WARN] 12:35:20,398 [Test worker] cordapp.CordappResolver. - More than one CorDapp registered for com.example.flow.ExampleFlow$Initiator$Companion$GATHERING_SIGS.
?[m?[31m[WARN] 12:35:20,398 [Test worker] cordapp.CordappResolver. - More than one CorDapp registered for com.example.flow.ExampleFlow$Initiator$Companion$GENERATING_TRANSACTION.
?[m?[31m[WARN] 12:35:20,398 [Test worker] cordapp.CordappResolver. - More than one CorDapp registered for com.example.flow.ExampleFlow$Initiator$Companion$SIGNING_TRANSACTION.
?[m?[31m[WARN] 12:35:20,398 [Test worker] cordapp.CordappResolver. - More than one CorDapp registered for com.example.flow.ExampleFlow$Initiator$Companion$VERIFYING_TRANSACTION.
?[m?[37m[INFO] 12:35:21,144 [Test worker] internal.InternalMockNetwork$MockNode. - Node starting up ...
?[m?[37m[INFO] 12:35:21,241 [Test worker] internal.NodeFlowManager. - Registered com.example.flow.ExampleFlow$Initiator to initiate com.example.flow.ExampleFlow$Acceptor (version 1)
?[m?[37m[INFO] 12:35:21,392 [Test worker] internal.InternalMockNetwork$MockNode. - Loaded network parameters: NetworkParameters {
      minimumPlatformVersion=1
      notaries=[NotaryInfo(identity=O=Notary Service, L=Zurich, C=CH, validating=true)]
      maxMessageSize=10485760
      maxTransactionSize=524288000
      whitelistedContractImplementations {
        
      }
      eventHorizon=PT720H
      packageOwnership {
        
      }
      modifiedTime=2019-04-12T15:35:14.400Z
      epoch=1
  }
?[m?[37m[INFO] 12:35:21,449 [Test worker] hikari.HikariDataSource. - HikariPool-1 - Started.
?[m?[37m[INFO] 12:35:25,346 [Test worker] liquibase. - Creating database history table with name: PUBLIC.DATABASECHANGELOG
?[m?[37m[INFO] 12:35:25,361 [Test worker] liquibase. - Reading from PUBLIC.DATABASECHANGELOG
?[m?[37m[INFO] 12:35:25,382 [Test worker] liquibase. - master.changelog.json: migration/common.changelog-init.xml::1511451595465-1.3::R3.Corda: Skipping changeSet migration/common.changelog-init.xml::1511451595465-1.3::R3.Corda due to validation error(s): minValue is not allowed on h2
?[m?[37m[INFO] 12:35:25,397 [Test worker] liquibase. - master.changelog.json: migration/vault-schema.changelog-pkey.xml::non-clustered_pk-11::R3.Corda: Skipping changeSet migration/vault-schema.changelog-pkey.xml::non-clustered_pk-11::R3.Corda due to validation error(s): clustered is not allowed on h2
?[m?[37m[INFO] 12:35:25,398 [Test worker] liquibase. - master.changelog.json: migration/vault-schema.changelog-pkey.xml::non-clustered_pk-12::R3.Corda: Skipping changeSet migration/vault-schema.changelog-pkey.xml::non-clustered_pk-12::R3.Corda due to validation error(s): clustered is not allowed on h2
?[m?[37m[INFO] 12:35:25,399 [Test worker] liquibase. - master.changelog.json: migration/vault-schema.changelog-pkey.xml::non-clustered_pk-13::R3.Corda: Skipping changeSet migration/vault-schema.changelog-pkey.xml::non-clustered_pk-13::R3.Corda due to validation error(s): clustered is not allowed on h2
?[m?[37m[INFO] 12:35:25,429 [Test worker] liquibase. - master.changelog.json: migration/node-core.changelog-pkey.xml::non-clustered_pk-1::R3.Corda: Skipping changeSet migration/node-core.changelog-pkey.xml::non-clustered_pk-1::R3.Corda due to validation error(s): clustered is not allowed on h2
?[m?[37m[INFO] 12:35:25,429 [Test worker] liquibase. - master.changelog.json: migration/node-core.changelog-pkey.xml::non-clustered_pk-2::R3.Corda: Skipping changeSet migration/node-core.changelog-pkey.xml::non-clustered_pk-2::R3.Corda due to validation error(s): clustered is not allowed on h2
?[m?[37m[INFO] 12:35:25,430 [Test worker] liquibase. - master.changelog.json: migration/node-core.changelog-pkey.xml::non-clustered_pk-3::R3.Corda: Skipping changeSet migration/node-core.changelog-pkey.xml::non-clustered_pk-3::R3.Corda due to validation error(s): clustered is not allowed on h2
?[m?[37m[INFO] 12:35:25,430 [Test worker] liquibase. - master.changelog.json: migration/node-core.changelog-pkey.xml::non-clustered_pk-4::R3.Corda: Skipping changeSet migration/node-core.changelog-pkey.xml::non-clustered_pk-4::R3.Corda due to validation error(s): clustered is not allowed on h2
?[m?[37m[INFO] 12:35:25,430 [Test worker] liquibase. - master.changelog.json: migration/node-core.changelog-pkey.xml::non-clustered_pk-5::R3.Corda: Skipping changeSet migration/node-core.changelog-pkey.xml::non-clustered_pk-5::R3.Corda due to validation error(s): clustered is not allowed on h2
?[m?[37m[INFO] 12:35:25,431 [Test worker] liquibase. - master.changelog.json: migration/node-core.changelog-pkey.xml::non-clustered_pk-6::R3.Corda: Skipping changeSet migration/node-core.changelog-pkey.xml::non-clustered_pk-6::R3.Corda due to validation error(s): clustered is not allowed on h2
?[m?[37m[INFO] 12:35:25,431 [Test worker] liquibase. - master.changelog.json: migration/node-core.changelog-pkey.xml::non-clustered_pk-7::R3.Corda: Skipping changeSet migration/node-core.changelog-pkey.xml::non-clustered_pk-7::R3.Corda due to validation error(s): clustered is not allowed on h2
?[m?[37m[INFO] 12:35:25,439 [Test worker] liquibase. - master.changelog.json: migration/node-notary.changelog-pkey.xml::non-clustered_pk-notary_state::R3.Corda: Skipping changeSet migration/node-notary.changelog-pkey.xml::non-clustered_pk-notary_state::R3.Corda due to validation error(s): clustered is not allowed on h2
?[m?[37m[INFO] 12:35:25,450 [Test worker] liquibase. - Successfully acquired change log lock
?[m?[37m[INFO] 12:35:25,450 [Test worker] liquibase. - master.changelog.json: migration/common.changelog-init.xml::1511451595465-1.3::R3.Corda: Skipping changeSet migration/common.changelog-init.xml::1511451595465-1.3::R3.Corda due to validation error(s): minValue is not allowed on h2
?[m?[37m[INFO] 12:35:25,454 [Test worker] liquibase. - master.changelog.json: migration/vault-schema.changelog-pkey.xml::non-clustered_pk-11::R3.Corda: Skipping changeSet migration/vault-schema.changelog-pkey.xml::non-clustered_pk-11::R3.Corda due to validation error(s): clustered is not allowed on h2
?[m?[37m[INFO] 12:35:25,455 [Test worker] liquibase. - master.changelog.json: migration/vault-schema.changelog-pkey.xml::non-clustered_pk-12::R3.Corda: Skipping changeSet migration/vault-schema.changelog-pkey.xml::non-clustered_pk-12::R3.Corda due to validation error(s): clustered is not allowed on h2
?[m?[37m[INFO] 12:35:25,455 [Test worker] liquibase. - master.changelog.json: migration/vault-schema.changelog-pkey.xml::non-clustered_pk-13::R3.Corda: Skipping changeSet migration/vault-schema.changelog-pkey.xml::non-clustered_pk-13::R3.Corda due to validation error(s): clustered is not allowed on h2
?[m?[37m[INFO] 12:35:25,462 [Test worker] liquibase. - master.changelog.json: migration/node-core.changelog-pkey.xml::non-clustered_pk-1::R3.Corda: Skipping changeSet migration/node-core.changelog-pkey.xml::non-clustered_pk-1::R3.Corda due to validation error(s): clustered is not allowed on h2
?[m?[37m[INFO] 12:35:25,462 [Test worker] liquibase. - master.changelog.json: migration/node-core.changelog-pkey.xml::non-clustered_pk-2::R3.Corda: Skipping changeSet migration/node-core.changelog-pkey.xml::non-clustered_pk-2::R3.Corda due to validation error(s): clustered is not allowed on h2
?[m?[37m[INFO] 12:35:25,462 [Test worker] liquibase. - master.changelog.json: migration/node-core.changelog-pkey.xml::non-clustered_pk-3::R3.Corda: Skipping changeSet migration/node-core.changelog-pkey.xml::non-clustered_pk-3::R3.Corda due to validation error(s): clustered is not allowed on h2
?[m?[37m[INFO] 12:35:25,462 [Test worker] liquibase. - master.changelog.json: migration/node-core.changelog-pkey.xml::non-clustered_pk-4::R3.Corda: Skipping changeSet migration/node-core.changelog-pkey.xml::non-clustered_pk-4::R3.Corda due to validation error(s): clustered is not allowed on h2
?[m?[37m[INFO] 12:35:25,462 [Test worker] liquibase. - master.changelog.json: migration/node-core.changelog-pkey.xml::non-clustered_pk-5::R3.Corda: Skipping changeSet migration/node-core.changelog-pkey.xml::non-clustered_pk-5::R3.Corda due to validation error(s): clustered is not allowed on h2
?[m?[37m[INFO] 12:35:25,462 [Test worker] liquibase. - master.changelog.json: migration/node-core.changelog-pkey.xml::non-clustered_pk-6::R3.Corda: Skipping changeSet migration/node-core.changelog-pkey.xml::non-clustered_pk-6::R3.Corda due to validation error(s): clustered is not allowed on h2
?[m?[37m[INFO] 12:35:25,462 [Test worker] liquibase. - master.changelog.json: migration/node-core.changelog-pkey.xml::non-clustered_pk-7::R3.Corda: Skipping changeSet migration/node-core.changelog-pkey.xml::non-clustered_pk-7::R3.Corda due to validation error(s): clustered is not allowed on h2
?[m?[37m[INFO] 12:35:25,464 [Test worker] liquibase. - master.changelog.json: migration/node-notary.changelog-pkey.xml::non-clustered_pk-notary_state::R3.Corda: Skipping changeSet migration/node-notary.changelog-pkey.xml::non-clustered_pk-notary_state::R3.Corda due to validation error(s): clustered is not allowed on h2
?[m?[37m[INFO] 12:35:25,468 [Test worker] liquibase. - master.changelog.json: migration/common.changelog-init.xml::1511451595465-1.1::R3.Corda: Sequence hibernate_sequence created
?[m?[37m[INFO] 12:35:25,468 [Test worker] liquibase. - master.changelog.json: migration/common.changelog-init.xml::1511451595465-1.1::R3.Corda: ChangeSet migration/common.changelog-init.xml::1511451595465-1.1::R3.Corda ran successfully in 3ms
?[m?[37m[INFO] 12:35:25,484 [Test worker] liquibase. - master.changelog.json: migration/vault-schema.changelog-init.xml::1511451595465-22::R3.Corda: Table vault_fungible_states created
?[m?[37m[INFO] 12:35:25,484 [Test worker] liquibase. - master.changelog.json: migration/vault-schema.changelog-init.xml::1511451595465-22::R3.Corda: ChangeSet migration/vault-schema.changelog-init.xml::1511451595465-22::R3.Corda ran successfully in 1ms
?[m?[37m[INFO] 12:35:25,487 [Test worker] liquibase. - master.changelog.json: migration/vault-schema.changelog-init.xml::1511451595465-23::R3.Corda: Table vault_fungible_states_parts created
?[m?[37m[INFO] 12:35:25,487 [Test worker] liquibase. - master.changelog.json: migration/vault-schema.changelog-init.xml::1511451595465-23::R3.Corda: ChangeSet migration/vault-schema.changelog-init.xml::1511451595465-23::R3.Corda ran successfully in 1ms
?[m?[37m[INFO] 12:35:25,489 [Test worker] liquibase. - master.changelog.json: migration/vault-schema.changelog-init.xml::1511451595465-24::R3.Corda: Table vault_linear_states created
?[m?[37m[INFO] 12:35:25,489 [Test worker] liquibase. - master.changelog.json: migration/vault-schema.changelog-init.xml::1511451595465-24::R3.Corda: ChangeSet migration/vault-schema.changelog-init.xml::1511451595465-24::R3.Corda ran successfully in 1ms
?[m?[37m[INFO] 12:35:25,492 [Test worker] liquibase. - master.changelog.json: migration/vault-schema.changelog-init.xml::1511451595465-25::R3.Corda: Table vault_linear_states_parts created
?[m?[37m[INFO] 12:35:25,492 [Test worker] liquibase. - master.changelog.json: migration/vault-schema.changelog-init.xml::1511451595465-25::R3.Corda: ChangeSet migration/vault-schema.changelog-init.xml::1511451595465-25::R3.Corda ran successfully in 1ms
?[m?[37m[INFO] 12:35:25,495 [Test worker] liquibase. - master.changelog.json: migration/vault-schema.changelog-init.xml::1511451595465-26::R3.Corda: Table vault_states created
?[m?[37m[INFO] 12:35:25,495 [Test worker] liquibase. - master.changelog.json: migration/vault-schema.changelog-init.xml::1511451595465-26::R3.Corda: ChangeSet migration/vault-schema.changelog-init.xml::1511451595465-26::R3.Corda ran successfully in 1ms
?[m?[37m[INFO] 12:35:25,497 [Test worker] liquibase. - master.changelog.json: migration/vault-schema.changelog-init.xml::1511451595465-27::R3.Corda: Table vault_transaction_notes created
?[m?[37m[INFO] 12:35:25,497 [Test worker] liquibase. - master.changelog.json: migration/vault-schema.changelog-init.xml::1511451595465-27::R3.Corda: ChangeSet migration/vault-schema.changelog-init.xml::1511451595465-27::R3.Corda ran successfully in 1ms
?[m?[37m[INFO] 12:35:25,503 [Test worker] liquibase. - master.changelog.json: migration/vault-schema.changelog-init.xml::1511451595465-47::R3.Corda: Primary key added to vault_fungible_states (output_index, transaction_id)
?[m?[37m[INFO] 12:35:25,503 [Test worker] liquibase. - master.changelog.json: migration/vault-schema.changelog-init.xml::1511451595465-47::R3.Corda: ChangeSet migration/vault-schema.changelog-init.xml::1511451595465-47::R3.Corda ran successfully in 4ms
?[m?[37m[INFO] 12:35:25,505 [Test worker] liquibase. - master.changelog.json: migration/vault-schema.changelog-init.xml::1511451595465-48::R3.Corda: Primary key added to vault_linear_states (output_index, transaction_id)
?[m?[37m[INFO] 12:35:25,505 [Test worker] liquibase. - master.changelog.json: migration/vault-schema.changelog-init.xml::1511451595465-48::R3.Corda: ChangeSet migration/vault-schema.changelog-init.xml::1511451595465-48::R3.Corda ran successfully in 1ms
?[m?[37m[INFO] 12:35:25,508 [Test worker] liquibase. - master.changelog.json: migration/vault-schema.changelog-init.xml::1511451595465-49::R3.Corda: Primary key added to vault_states (output_index, transaction_id)
?[m?[37m[INFO] 12:35:25,508 [Test worker] liquibase. - master.changelog.json: migration/vault-schema.changelog-init.xml::1511451595465-49::R3.Corda: ChangeSet migration/vault-schema.changelog-init.xml::1511451595465-49::R3.Corda ran successfully in 1ms
?[m?[37m[INFO] 12:35:25,510 [Test worker] liquibase. - master.changelog.json: migration/vault-schema.changelog-init.xml::1511451595465-50::R3.Corda: Primary key added to vault_transaction_notes (seq_no)
?[m?[37m[INFO] 12:35:25,510 [Test worker] liquibase. - master.changelog.json: migration/vault-schema.changelog-init.xml::1511451595465-50::R3.Corda: ChangeSet migration/vault-schema.changelog-init.xml::1511451595465-50::R3.Corda ran successfully in 0ms
?[m?[37m[INFO] 12:35:25,514 [Test worker] liquibase. - master.changelog.json: migration/vault-schema.changelog-init.xml::1511451595465-53::R3.Corda: Index external_id_index created
?[m?[37m[INFO] 12:35:25,514 [Test worker] liquibase. - master.changelog.json: migration/vault-schema.changelog-init.xml::1511451595465-53::R3.Corda: ChangeSet migration/vault-schema.changelog-init.xml::1511451595465-53::R3.Corda ran successfully in 2ms
?[m?[37m[INFO] 12:35:25,516 [Test worker] liquibase. - master.changelog.json: migration/vault-schema.changelog-init.xml::1511451595465-55::R3.Corda: Index lock_id_idx created
?[m?[37m[INFO] 12:35:25,516 [Test worker] liquibase. - master.changelog.json: migration/vault-schema.changelog-init.xml::1511451595465-55::R3.Corda: ChangeSet migration/vault-schema.changelog-init.xml::1511451595465-55::R3.Corda ran successfully in 1ms
?[m?[37m[INFO] 12:35:25,518 [Test worker] liquibase. - master.changelog.json: migration/vault-schema.changelog-init.xml::1511451595465-58::R3.Corda: Index state_status_idx created
?[m?[37m[INFO] 12:35:25,518 [Test worker] liquibase. - master.changelog.json: migration/vault-schema.changelog-init.xml::1511451595465-58::R3.Corda: ChangeSet migration/vault-schema.changelog-init.xml::1511451595465-58::R3.Corda ran successfully in 0ms
?[m?[37m[INFO] 12:35:25,521 [Test worker] liquibase. - master.changelog.json: migration/vault-schema.changelog-init.xml::1511451595465-59::R3.Corda: Index transaction_id_index created
?[m?[37m[INFO] 12:35:25,521 [Test worker] liquibase. - master.changelog.json: migration/vault-schema.changelog-init.xml::1511451595465-59::R3.Corda: ChangeSet migration/vault-schema.changelog-init.xml::1511451595465-59::R3.Corda ran successfully in 1ms
?[m?[37m[INFO] 12:35:25,524 [Test worker] liquibase. - master.changelog.json: migration/vault-schema.changelog-init.xml::1511451595465-60::R3.Corda: Index uuid_index created
?[m?[37m[INFO] 12:35:25,524 [Test worker] liquibase. - master.changelog.json: migration/vault-schema.changelog-init.xml::1511451595465-60::R3.Corda: ChangeSet migration/vault-schema.changelog-init.xml::1511451595465-60::R3.Corda ran successfully in 1ms
?[m?[37m[INFO] 12:35:25,535 [Test worker] liquibase. - master.changelog.json: migration/vault-schema.changelog-init.xml::1511451595465-64::R3.Corda: Foreign key constraint added to vault_fungible_states_parts (output_index,transaction_id)
?[m?[37m[INFO] 12:35:25,535 [Test worker] liquibase. - master.changelog.json: migration/vault-schema.changelog-init.xml::1511451595465-64::R3.Corda: ChangeSet migration/vault-schema.changelog-init.xml::1511451595465-64::R3.Corda ran successfully in 9ms
?[m?[37m[INFO] 12:35:25,539 [Test worker] liquibase. - master.changelog.json: migration/vault-schema.changelog-init.xml::1511451595465-65::R3.Corda: Foreign key constraint added to vault_linear_states_parts (output_index,transaction_id)
?[m?[37m[INFO] 12:35:25,539 [Test worker] liquibase. - master.changelog.json: migration/vault-schema.changelog-init.xml::1511451595465-65::R3.Corda: ChangeSet migration/vault-schema.changelog-init.xml::1511451595465-65::R3.Corda ran successfully in 2ms
?[m?[37m[INFO] 12:35:25,541 [Test worker] liquibase. - master.changelog.json: migration/vault-schema.changelog-v3.xml::clean_vault::R3.Corda: Data deleted from vault_fungible_states_parts
?[m?[37m[INFO] 12:35:25,542 [Test worker] liquibase. - master.changelog.json: migration/vault-schema.changelog-v3.xml::clean_vault::R3.Corda: Data deleted from vault_fungible_states
?[m?[37m[INFO] 12:35:25,542 [Test worker] liquibase. - master.changelog.json: migration/vault-schema.changelog-v3.xml::clean_vault::R3.Corda: Data deleted from vault_linear_states_parts
?[m?[37m[INFO] 12:35:25,542 [Test worker] liquibase. - master.changelog.json: migration/vault-schema.changelog-v3.xml::clean_vault::R3.Corda: Data deleted from vault_linear_states
?[m?[37m[INFO] 12:35:25,542 [Test worker] liquibase. - master.changelog.json: migration/vault-schema.changelog-v3.xml::clean_vault::R3.Corda: Data deleted from vault_states
?[m?[37m[INFO] 12:35:25,542 [Test worker] liquibase. - master.changelog.json: migration/vault-schema.changelog-v3.xml::clean_vault::R3.Corda: Data deleted from vault_transaction_notes
?[m?[37m[INFO] 12:35:25,542 [Test worker] liquibase. - master.changelog.json: migration/vault-schema.changelog-v3.xml::clean_vault::R3.Corda: ChangeSet migration/vault-schema.changelog-v3.xml::clean_vault::R3.Corda ran successfully in 1ms
?[m?[37m[INFO] 12:35:25,548 [Test worker] liquibase. - master.changelog.json: migration/vault-schema.changelog-v4.xml::nullability::R3.Corda: Null constraint has been added to vault_fungible_states.quantity
?[m?[37m[INFO] 12:35:25,548 [Test worker] liquibase. - master.changelog.json: migration/vault-schema.changelog-v4.xml::nullability::R3.Corda: Null constraint has been added to vault_states.contract_state_class_name
?[m?[37m[INFO] 12:35:25,549 [Test worker] liquibase. - master.changelog.json: migration/vault-schema.changelog-v4.xml::nullability::R3.Corda: Null constraint has been added to vault_states.notary_name
?[m?[37m[INFO] 12:35:25,550 [Test worker] liquibase. - master.changelog.json: migration/vault-schema.changelog-v4.xml::nullability::R3.Corda: Null constraint has been added to vault_states.recorded_timestamp
?[m?[37m[INFO] 12:35:25,552 [Test worker] liquibase. - master.changelog.json: migration/vault-schema.changelog-v4.xml::nullability::R3.Corda: Index state_status_idx dropped from table vault_states
?[m?[37m[INFO] 12:35:25,552 [Test worker] liquibase. - master.changelog.json: migration/vault-schema.changelog-v4.xml::nullability::R3.Corda: Index lock_id_idx dropped from table vault_states
?[m?[37m[INFO] 12:35:25,553 [Test worker] liquibase. - master.changelog.json: migration/vault-schema.changelog-v4.xml::nullability::R3.Corda: Null constraint has been added to vault_states.state_status
?[m?[37m[INFO] 12:35:25,553 [Test worker] liquibase. - master.changelog.json: migration/vault-schema.changelog-v4.xml::nullability::R3.Corda: Index state_status_idx created
?[m?[37m[INFO] 12:35:25,554 [Test worker] liquibase. - master.changelog.json: migration/vault-schema.changelog-v4.xml::nullability::R3.Corda: Index lock_id_idx created
?[m?[37m[INFO] 12:35:25,554 [Test worker] liquibase. - master.changelog.json: migration/vault-schema.changelog-v4.xml::nullability::R3.Corda: Index transaction_id_index dropped from table vault_transaction_notes
?[m?[37m[INFO] 12:35:25,555 [Test worker] liquibase. - master.changelog.json: migration/vault-schema.changelog-v4.xml::nullability::R3.Corda: Null constraint has been added to vault_transaction_notes.note
?[m?[37m[INFO] 12:35:25,556 [Test worker] liquibase. - master.changelog.json: migration/vault-schema.changelog-v4.xml::nullability::R3.Corda: Null constraint has been added to vault_transaction_notes.transaction_id
?[m?[37m[INFO] 12:35:25,556 [Test worker] liquibase. - master.changelog.json: migration/vault-schema.changelog-v4.xml::nullability::R3.Corda: Index transaction_id_index created
?[m?[37m[INFO] 12:35:25,556 [Test worker] liquibase. - master.changelog.json: migration/vault-schema.changelog-v4.xml::nullability::R3.Corda: ChangeSet migration/vault-schema.changelog-v4.xml::nullability::R3.Corda ran successfully in 12ms
?[m?[37m[INFO] 12:35:25,577 [Test worker] liquibase. - master.changelog.json: migration/vault-schema.changelog-v5.xml::add_relevancy_status_column::R3.Corda: Columns relevancy_status(INT) added to vault_states
?[m?[37m[INFO] 12:35:25,577 [Test worker] liquibase. - master.changelog.json: migration/vault-schema.changelog-v5.xml::add_relevancy_status_column::R3.Corda: Data updated in vault_states
?[m?[37m[INFO] 12:35:25,578 [Test worker] liquibase. - master.changelog.json: migration/vault-schema.changelog-v5.xml::add_relevancy_status_column::R3.Corda: Null constraint has been added to vault_states.relevancy_status
?[m?[37m[INFO] 12:35:25,578 [Test worker] liquibase. - master.changelog.json: migration/vault-schema.changelog-v5.xml::add_relevancy_status_column::R3.Corda: ChangeSet migration/vault-schema.changelog-v5.xml::add_relevancy_status_column::R3.Corda ran successfully in 15ms
?[m?[37m[INFO] 12:35:25,589 [Test worker] liquibase. - master.changelog.json: migration/vault-schema.changelog-v6.xml::add_is_constraint_information_columns::R3.Corda: Columns constraint_type(INT) added to vault_states
?[m?[37m[INFO] 12:35:25,594 [Test worker] liquibase. - master.changelog.json: migration/vault-schema.changelog-v6.xml::add_is_constraint_information_columns::R3.Corda: Columns constraint_data(varbinary(563)) added to vault_states
?[m?[37m[INFO] 12:35:25,594 [Test worker] liquibase. - master.changelog.json: migration/vault-schema.changelog-v6.xml::add_is_constraint_information_columns::R3.Corda: ChangeSet migration/vault-schema.changelog-v6.xml::add_is_constraint_information_columns::R3.Corda ran successfully in 14ms
?[m?[37m[INFO] 12:35:25,596 [Test worker] liquibase. - master.changelog.json: migration/vault-schema.changelog-v7.xml::make_issuer_ref_nullable::R3.Corda: Null constraint dropped from vault_fungible_states.issuer_ref
?[m?[37m[INFO] 12:35:25,597 [Test worker] liquibase. - master.changelog.json: migration/vault-schema.changelog-v7.xml::make_issuer_ref_nullable::R3.Corda: ChangeSet migration/vault-schema.changelog-v7.xml::make_issuer_ref_nullable::R3.Corda ran successfully in 1ms
?[m?[37m[INFO] 12:35:25,599 [Test worker] liquibase. - master.changelog.json: migration/vault-schema.changelog-v8.xml::create-external-id-to-state-party-view::R3.Corda: Table state_party created
?[m?[37m[INFO] 12:35:25,599 [Test worker] liquibase. - master.changelog.json: migration/vault-schema.changelog-v8.xml::create-external-id-to-state-party-view::R3.Corda: Index state_pk_hash_idx created
?[m?[37m[INFO] 12:35:25,600 [Test worker] liquibase. - master.changelog.json: migration/vault-schema.changelog-v8.xml::create-external-id-to-state-party-view::R3.Corda: Table pk_hash_to_ext_id_map created
?[m?[37m[INFO] 12:35:25,600 [Test worker] liquibase. - master.changelog.json: migration/vault-schema.changelog-v8.xml::create-external-id-to-state-party-view::R3.Corda: Index pk_hash_to_xid_idx created
?[m?[37m[INFO] 12:35:25,605 [Test worker] liquibase. - master.changelog.json: migration/vault-schema.changelog-v8.xml::create-external-id-to-state-party-view::R3.Corda: View v_pkey_hash_ex_id_map created
?[m?[37m[INFO] 12:35:25,605 [Test worker] liquibase. - master.changelog.json: migration/vault-schema.changelog-v8.xml::create-external-id-to-state-party-view::R3.Corda: ChangeSet migration/vault-schema.changelog-v8.xml::create-external-id-to-state-party-view::R3.Corda ran successfully in 7ms
?[m?[37m[INFO] 12:35:25,608 [Test worker] liquibase. - master.changelog.json: migration/node-info.changelog-init.xml::1511451595465-4::R3.Corda: Table node_link_nodeinfo_party created
?[m?[37m[INFO] 12:35:25,608 [Test worker] liquibase. - master.changelog.json: migration/node-info.changelog-init.xml::1511451595465-4::R3.Corda: ChangeSet migration/node-info.changelog-init.xml::1511451595465-4::R3.Corda ran successfully in 1ms
?[m?[37m[INFO] 12:35:25,609 [Test worker] liquibase. - master.changelog.json: migration/node-info.changelog-init.xml::1511451595465-10::R3.Corda: Table node_info_hosts created
?[m?[37m[INFO] 12:35:25,609 [Test worker] liquibase. - master.changelog.json: migration/node-info.changelog-init.xml::1511451595465-10::R3.Corda: ChangeSet migration/node-info.changelog-init.xml::1511451595465-10::R3.Corda ran successfully in 1ms
?[m?[37m[INFO] 12:35:25,612 [Test worker] liquibase. - master.changelog.json: migration/node-info.changelog-init.xml::1511451595465-11::R3.Corda: Table node_info_party_cert created
?[m?[37m[INFO] 12:35:25,612 [Test worker] liquibase. - master.changelog.json: migration/node-info.changelog-init.xml::1511451595465-11::R3.Corda: ChangeSet migration/node-info.changelog-init.xml::1511451595465-11::R3.Corda ran successfully in 1ms
?[m?[37m[INFO] 12:35:25,614 [Test worker] liquibase. - master.changelog.json: migration/node-info.changelog-init.xml::1511451595465-12::R3.Corda: Table node_infos created
?[m?[37m[INFO] 12:35:25,614 [Test worker] liquibase. - master.changelog.json: migration/node-info.changelog-init.xml::1511451595465-12::R3.Corda: ChangeSet migration/node-info.changelog-init.xml::1511451595465-12::R3.Corda ran successfully in 1ms
?[m?[37m[INFO] 12:35:25,616 [Test worker] liquibase. - master.changelog.json: migration/node-info.changelog-init.xml::1511451595465-35::R3.Corda: Primary key added to node_info_hosts (host, port)
?[m?[37m[INFO] 12:35:25,616 [Test worker] liquibase. - master.changelog.json: migration/node-info.changelog-init.xml::1511451595465-35::R3.Corda: ChangeSet migration/node-info.changelog-init.xml::1511451595465-35::R3.Corda ran successfully in 1ms
?[m?[37m[INFO] 12:35:25,618 [Test worker] liquibase. - master.changelog.json: migration/node-info.changelog-init.xml::1511451595465-36::R3.Corda: Primary key added to node_info_party_cert (party_name)
?[m?[37m[INFO] 12:35:25,618 [Test worker] liquibase. - master.changelog.json: migration/node-info.changelog-init.xml::1511451595465-36::R3.Corda: ChangeSet migration/node-info.changelog-init.xml::1511451595465-36::R3.Corda ran successfully in 1ms
?[m?[37m[INFO] 12:35:25,620 [Test worker] liquibase. - master.changelog.json: migration/node-info.changelog-init.xml::1511451595465-37::R3.Corda: Primary key added to node_infos (node_info_id)
?[m?[37m[INFO] 12:35:25,620 [Test worker] liquibase. - master.changelog.json: migration/node-info.changelog-init.xml::1511451595465-37::R3.Corda: ChangeSet migration/node-info.changelog-init.xml::1511451595465-37::R3.Corda ran successfully in 1ms
?[m?[37m[INFO] 12:35:25,622 [Test worker] liquibase. - master.changelog.json: migration/node-info.changelog-init.xml::1511451595465-62::R3.Corda: Foreign key constraint added to node_link_nodeinfo_party (node_info_id)
?[m?[37m[INFO] 12:35:25,622 [Test worker] liquibase. - master.changelog.json: migration/node-info.changelog-init.xml::1511451595465-62::R3.Corda: ChangeSet migration/node-info.changelog-init.xml::1511451595465-62::R3.Corda ran successfully in 1ms
?[m?[37m[INFO] 12:35:25,625 [Test worker] liquibase. - master.changelog.json: migration/node-info.changelog-init.xml::1511451595465-63::R3.Corda: Foreign key constraint added to node_info_hosts (node_info_id)
?[m?[37m[INFO] 12:35:25,625 [Test worker] liquibase. - master.changelog.json: migration/node-info.changelog-init.xml::1511451595465-63::R3.Corda: ChangeSet migration/node-info.changelog-init.xml::1511451595465-63::R3.Corda ran successfully in 1ms
?[m?[37m[INFO] 12:35:25,627 [Test worker] liquibase. - master.changelog.json: migration/node-info.changelog-init.xml::remove_host_port_pk::R3.Corda: Data deleted from node_infos
?[m?[37m[INFO] 12:35:25,627 [Test worker] liquibase. - master.changelog.json: migration/node-info.changelog-init.xml::remove_host_port_pk::R3.Corda: Data deleted from node_link_nodeinfo_party
?[m?[37m[INFO] 12:35:25,627 [Test worker] liquibase. - master.changelog.json: migration/node-info.changelog-init.xml::remove_host_port_pk::R3.Corda: Data deleted from node_info_hosts
?[m?[37m[INFO] 12:35:25,627 [Test worker] liquibase. - master.changelog.json: migration/node-info.changelog-init.xml::remove_host_port_pk::R3.Corda: Data deleted from node_info_party_cert
?[m?[37m[INFO] 12:35:25,628 [Test worker] liquibase. - master.changelog.json: migration/node-info.changelog-init.xml::remove_host_port_pk::R3.Corda: Primary key dropped from node_info_hosts
?[m?[37m[INFO] 12:35:25,631 [Test worker] liquibase. - master.changelog.json: migration/node-info.changelog-init.xml::remove_host_port_pk::R3.Corda: Columns hosts_id(INT) added to node_info_hosts
?[m?[37m[INFO] 12:35:25,631 [Test worker] liquibase. - master.changelog.json: migration/node-info.changelog-init.xml::remove_host_port_pk::R3.Corda: Primary key added to node_info_hosts (hosts_id)
?[m?[37m[INFO] 12:35:25,631 [Test worker] liquibase. - master.changelog.json: migration/node-info.changelog-init.xml::remove_host_port_pk::R3.Corda: ChangeSet migration/node-info.changelog-init.xml::remove_host_port_pk::R3.Corda ran successfully in 5ms
?[m?[37m[INFO] 12:35:25,634 [Test worker] liquibase. - master.changelog.json: migration/node-info.changelog-v1.xml::key/value node properties table::R3.Corda: Table node_properties created
?[m?[37m[INFO] 12:35:25,634 [Test worker] liquibase. - master.changelog.json: migration/node-info.changelog-v1.xml::key/value node properties table::R3.Corda: ChangeSet migration/node-info.changelog-v1.xml::key/value node properties table::R3.Corda ran successfully in 1ms
?[m?[37m[INFO] 12:35:25,636 [Test worker] liquibase. - master.changelog.json: migration/node-info.changelog-v2.xml::1525962920::R3.Corda: Null constraint has been added to node_infos.node_info_hash
?[m?[37m[INFO] 12:35:25,636 [Test worker] liquibase. - master.changelog.json: migration/node-info.changelog-v2.xml::1525962920::R3.Corda: Null constraint has been added to node_infos.platform_version
?[m?[37m[INFO] 12:35:25,637 [Test worker] liquibase. - master.changelog.json: migration/node-info.changelog-v2.xml::1525962920::R3.Corda: Null constraint has been added to node_infos.serial
?[m?[37m[INFO] 12:35:25,637 [Test worker] liquibase. - master.changelog.json: migration/node-info.changelog-v2.xml::1525962920::R3.Corda: Null constraint dropped from node_info_hosts.host
?[m?[37m[INFO] 12:35:25,637 [Test worker] liquibase. - master.changelog.json: migration/node-info.changelog-v2.xml::1525962920::R3.Corda: Null constraint dropped from node_info_hosts.port
?[m?[37m[INFO] 12:35:25,638 [Test worker] liquibase. - master.changelog.json: migration/node-info.changelog-v2.xml::1525962920::R3.Corda: Null constraint has been added to node_info_party_cert.owning_key_hash
?[m?[37m[INFO] 12:35:25,638 [Test worker] liquibase. - master.changelog.json: migration/node-info.changelog-v2.xml::1525962920::R3.Corda: Null constraint has been added to node_info_party_cert.party_cert_binary
?[m?[37m[INFO] 12:35:25,638 [Test worker] liquibase. - master.changelog.json: migration/node-info.changelog-v2.xml::1525962920::R3.Corda: ChangeSet migration/node-info.changelog-v2.xml::1525962920::R3.Corda ran successfully in 3ms
?[m?[37m[INFO] 12:35:25,641 [Test worker] liquibase. - master.changelog.json: migration/node-info.changelog-v3.xml::column_host_name::R3.Corda: Column node_info_hosts.host renamed to host_name
?[m?[37m[INFO] 12:35:25,641 [Test worker] liquibase. - master.changelog.json: migration/node-info.changelog-v3.xml::column_host_name::R3.Corda: ChangeSet migration/node-info.changelog-v3.xml::column_host_name::R3.Corda ran successfully in 1ms
?[m?[37m[INFO] 12:35:25,644 [Test worker] liquibase. - master.changelog.json: migration/node-services.changelog-init.xml::1511451595465-5::R3.Corda: Table node_attachments created
?[m?[37m[INFO] 12:35:25,644 [Test worker] liquibase. - master.changelog.json: migration/node-services.changelog-init.xml::1511451595465-5::R3.Corda: ChangeSet migration/node-services.changelog-init.xml::1511451595465-5::R3.Corda ran successfully in 1ms
?[m?[37m[INFO] 12:35:25,646 [Test worker] liquibase. - master.changelog.json: migration/node-services.changelog-init.xml::1511451595465-7::R3.Corda: Table node_checkpoints created
?[m?[37m[INFO] 12:35:25,646 [Test worker] liquibase. - master.changelog.json: migration/node-services.changelog-init.xml::1511451595465-7::R3.Corda: ChangeSet migration/node-services.changelog-init.xml::1511451595465-7::R3.Corda ran successfully in 1ms
?[m?[37m[INFO] 12:35:25,648 [Test worker] liquibase. - master.changelog.json: migration/node-services.changelog-init.xml::1511451595465-8::R3.Corda: Table node_contract_upgrades created
?[m?[37m[INFO] 12:35:25,648 [Test worker] liquibase. - master.changelog.json: migration/node-services.changelog-init.xml::1511451595465-8::R3.Corda: ChangeSet migration/node-services.changelog-init.xml::1511451595465-8::R3.Corda ran successfully in 0ms
?[m?[37m[INFO] 12:35:25,651 [Test worker] liquibase. - master.changelog.json: migration/node-services.changelog-init.xml::1511451595465-9::R3.Corda: Table node_identities created
?[m?[37m[INFO] 12:35:25,651 [Test worker] liquibase. - master.changelog.json: migration/node-services.changelog-init.xml::1511451595465-9::R3.Corda: ChangeSet migration/node-services.changelog-init.xml::1511451595465-9::R3.Corda ran successfully in 1ms
?[m?[37m[INFO] 12:35:25,654 [Test worker] liquibase. - master.changelog.json: migration/node-services.changelog-init.xml::1511451595465-13::R3.Corda: Table node_message_ids created
?[m?[37m[INFO] 12:35:25,654 [Test worker] liquibase. - master.changelog.json: migration/node-services.changelog-init.xml::1511451595465-13::R3.Corda: ChangeSet migration/node-services.changelog-init.xml::1511451595465-13::R3.Corda ran successfully in 1ms
?[m?[37m[INFO] 12:35:25,656 [Test worker] liquibase. - master.changelog.json: migration/node-services.changelog-init.xml::1511451595465-14::R3.Corda: Table node_message_retry created
?[m?[37m[INFO] 12:35:25,656 [Test worker] liquibase. - master.changelog.json: migration/node-services.changelog-init.xml::1511451595465-14::R3.Corda: ChangeSet migration/node-services.changelog-init.xml::1511451595465-14::R3.Corda ran successfully in 1ms
?[m?[37m[INFO] 12:35:25,658 [Test worker] liquibase. - master.changelog.json: migration/node-services.changelog-init.xml::1511451595465-15::R3.Corda: Table node_named_identities created
?[m?[37m[INFO] 12:35:25,658 [Test worker] liquibase. - master.changelog.json: migration/node-services.changelog-init.xml::1511451595465-15::R3.Corda: ChangeSet migration/node-services.changelog-init.xml::1511451595465-15::R3.Corda ran successfully in 1ms
?[m?[37m[INFO] 12:35:25,660 [Test worker] liquibase. - master.changelog.json: migration/node-services.changelog-init.xml::1511451595465-17::R3.Corda: Table node_our_key_pairs created
?[m?[37m[INFO] 12:35:25,660 [Test worker] liquibase. - master.changelog.json: migration/node-services.changelog-init.xml::1511451595465-17::R3.Corda: ChangeSet migration/node-services.changelog-init.xml::1511451595465-17::R3.Corda ran successfully in 1ms
?[m?[37m[INFO] 12:35:25,663 [Test worker] liquibase. - master.changelog.json: migration/node-services.changelog-init.xml::1511451595465-19::R3.Corda: Table node_scheduled_states created
?[m?[37m[INFO] 12:35:25,663 [Test worker] liquibase. - master.changelog.json: migration/node-services.changelog-init.xml::1511451595465-19::R3.Corda: ChangeSet migration/node-services.changelog-init.xml::1511451595465-19::R3.Corda ran successfully in 1ms
?[m?[37m[INFO] 12:35:25,665 [Test worker] liquibase. - master.changelog.json: migration/node-services.changelog-init.xml::1511451595465-20::R3.Corda: Table node_transaction_mappings created
?[m?[37m[INFO] 12:35:25,665 [Test worker] liquibase. - master.changelog.json: migration/node-services.changelog-init.xml::1511451595465-20::R3.Corda: ChangeSet migration/node-services.changelog-init.xml::1511451595465-20::R3.Corda ran successfully in 1ms
?[m?[37m[INFO] 12:35:25,667 [Test worker] liquibase. - master.changelog.json: migration/node-services.changelog-init.xml::1511451595465-21::R3.Corda: Table node_transactions created
?[m?[37m[INFO] 12:35:25,667 [Test worker] liquibase. - master.changelog.json: migration/node-services.changelog-init.xml::1511451595465-21::R3.Corda: ChangeSet migration/node-services.changelog-init.xml::1511451595465-21::R3.Corda ran successfully in 1ms
?[m?[37m[INFO] 12:35:25,669 [Test worker] liquibase. - master.changelog.json: migration/node-services.changelog-init.xml::1511451595465-30::R3.Corda: Primary key added to node_attachments (att_id)
?[m?[37m[INFO] 12:35:25,670 [Test worker] liquibase. - master.changelog.json: migration/node-services.changelog-init.xml::1511451595465-30::R3.Corda: ChangeSet migration/node-services.changelog-init.xml::1511451595465-30::R3.Corda ran successfully in 1ms
?[m?[37m[INFO] 12:35:25,672 [Test worker] liquibase. - master.changelog.json: migration/node-services.changelog-init.xml::1511451595465-32::R3.Corda: Primary key added to node_checkpoints (checkpoint_id)
?[m?[37m[INFO] 12:35:25,672 [Test worker] liquibase. - master.changelog.json: migration/node-services.changelog-init.xml::1511451595465-32::R3.Corda: ChangeSet migration/node-services.changelog-init.xml::1511451595465-32::R3.Corda ran successfully in 1ms
?[m?[37m[INFO] 12:35:25,674 [Test worker] liquibase. - master.changelog.json: migration/node-services.changelog-init.xml::1511451595465-33::R3.Corda: Primary key added to node_contract_upgrades (state_ref)
?[m?[37m[INFO] 12:35:25,675 [Test worker] liquibase. - master.changelog.json: migration/node-services.changelog-init.xml::1511451595465-33::R3.Corda: ChangeSet migration/node-services.changelog-init.xml::1511451595465-33::R3.Corda ran successfully in 0ms
?[m?[37m[INFO] 12:35:25,677 [Test worker] liquibase. - master.changelog.json: migration/node-services.changelog-init.xml::1511451595465-34::R3.Corda: Primary key added to node_identities (pk_hash)
?[m?[37m[INFO] 12:35:25,677 [Test worker] liquibase. - master.changelog.json: migration/node-services.changelog-init.xml::1511451595465-34::R3.Corda: ChangeSet migration/node-services.changelog-init.xml::1511451595465-34::R3.Corda ran successfully in 1ms
?[m?[37m[INFO] 12:35:25,679 [Test worker] liquibase. - master.changelog.json: migration/node-services.changelog-init.xml::1511451595465-38::R3.Corda: Primary key added to node_message_ids (message_id)
?[m?[37m[INFO] 12:35:25,679 [Test worker] liquibase. - master.changelog.json: migration/node-services.changelog-init.xml::1511451595465-38::R3.Corda: ChangeSet migration/node-services.changelog-init.xml::1511451595465-38::R3.Corda ran successfully in 0ms
?[m?[37m[INFO] 12:35:25,681 [Test worker] liquibase. - master.changelog.json: migration/node-services.changelog-init.xml::1511451595465-39::R3.Corda: Primary key added to node_message_retry (message_id)
?[m?[37m[INFO] 12:35:25,682 [Test worker] liquibase. - master.changelog.json: migration/node-services.changelog-init.xml::1511451595465-39::R3.Corda: ChangeSet migration/node-services.changelog-init.xml::1511451595465-39::R3.Corda ran successfully in 0ms
?[m?[37m[INFO] 12:35:25,684 [Test worker] liquibase. - master.changelog.json: migration/node-services.changelog-init.xml::1511451595465-40::R3.Corda: Primary key added to node_named_identities (name)
?[m?[37m[INFO] 12:35:25,684 [Test worker] liquibase. - master.changelog.json: migration/node-services.changelog-init.xml::1511451595465-40::R3.Corda: ChangeSet migration/node-services.changelog-init.xml::1511451595465-40::R3.Corda ran successfully in 1ms
?[m?[37m[INFO] 12:35:25,686 [Test worker] liquibase. - master.changelog.json: migration/node-services.changelog-init.xml::1511451595465-42::R3.Corda: Primary key added to node_our_key_pairs (public_key_hash)
?[m?[37m[INFO] 12:35:25,686 [Test worker] liquibase. - master.changelog.json: migration/node-services.changelog-init.xml::1511451595465-42::R3.Corda: ChangeSet migration/node-services.changelog-init.xml::1511451595465-42::R3.Corda ran successfully in 1ms
?[m?[37m[INFO] 12:35:25,689 [Test worker] liquibase. - master.changelog.json: migration/node-services.changelog-init.xml::1511451595465-44::R3.Corda: Primary key added to node_scheduled_states (output_index, transaction_id)
?[m?[37m[INFO] 12:35:25,689 [Test worker] liquibase. - master.changelog.json: migration/node-services.changelog-init.xml::1511451595465-44::R3.Corda: ChangeSet migration/node-services.changelog-init.xml::1511451595465-44::R3.Corda ran successfully in 1ms
?[m?[37m[INFO] 12:35:25,691 [Test worker] liquibase. - master.changelog.json: migration/node-services.changelog-init.xml::1511451595465-45::R3.Corda: Primary key added to node_transaction_mappings (tx_id)
?[m?[37m[INFO] 12:35:25,691 [Test worker] liquibase. - master.changelog.json: migration/node-services.changelog-init.xml::1511451595465-45::R3.Corda: ChangeSet migration/node-services.changelog-init.xml::1511451595465-45::R3.Corda ran successfully in 1ms
?[m?[37m[INFO] 12:35:25,693 [Test worker] liquibase. - master.changelog.json: migration/node-services.changelog-init.xml::1511451595465-46::R3.Corda: Primary key added to node_transactions (tx_id)
?[m?[37m[INFO] 12:35:25,693 [Test worker] liquibase. - master.changelog.json: migration/node-services.changelog-init.xml::1511451595465-46::R3.Corda: ChangeSet migration/node-services.changelog-init.xml::1511451595465-46::R3.Corda ran successfully in 0ms
?[m?[37m[INFO] 12:35:25,697 [Test worker] liquibase. - master.changelog.json: migration/node-services.changelog-init.xml::1511451595465-61::R3.Corda: Foreign key constraint added to node_link_nodeinfo_party (party_name)
?[m?[37m[INFO] 12:35:25,697 [Test worker] liquibase. - master.changelog.json: migration/node-services.changelog-init.xml::1511451595465-61::R3.Corda: ChangeSet migration/node-services.changelog-init.xml::1511451595465-61::R3.Corda ran successfully in 2ms
?[m?[37m[INFO] 12:35:25,699 [Test worker] liquibase. - master.changelog.json: migration/node-services.changelog-init.xml::add index att_id::R3.Corda: Index att_id_idx created
?[m?[37m[INFO] 12:35:25,699 [Test worker] liquibase. - master.changelog.json: migration/node-services.changelog-init.xml::add index att_id::R3.Corda: ChangeSet migration/node-services.changelog-init.xml::add index att_id::R3.Corda ran successfully in 0ms
?[m?[37m[INFO] 12:35:25,701 [Test worker] liquibase. - master.changelog.json: migration/node-services.changelog-init.xml::add_contract_attachment::R3.Corda: Table node_attchments_contracts created
?[m?[37m[INFO] 12:35:25,703 [Test worker] liquibase. - master.changelog.json: migration/node-services.changelog-init.xml::add_contract_attachment::R3.Corda: Foreign key constraint added to node_attchments_contracts (att_id)
?[m?[37m[INFO] 12:35:25,703 [Test worker] liquibase. - master.changelog.json: migration/node-services.changelog-init.xml::add_contract_attachment::R3.Corda: Data deleted from node_attachments
?[m?[37m[INFO] 12:35:25,703 [Test worker] liquibase. - master.changelog.json: migration/node-services.changelog-init.xml::add_contract_attachment::R3.Corda: ChangeSet migration/node-services.changelog-init.xml::add_contract_attachment::R3.Corda ran successfully in 2ms
?[m?[37m[INFO] 12:35:25,709 [Test worker] liquibase. - master.changelog.json: migration/node-services.changelog-init.xml::add_dedup_columns::R3.Corda: Columns sender(NVARCHAR(64)),sequence_number(BIGINT) added to node_message_ids
?[m?[37m[INFO] 12:35:25,710 [Test worker] liquibase. - master.changelog.json: migration/node-services.changelog-init.xml::add_dedup_columns::R3.Corda: ChangeSet migration/node-services.changelog-init.xml::add_dedup_columns::R3.Corda ran successfully in 5ms
?[m?[37m[INFO] 12:35:25,712 [Test worker] liquibase. - master.changelog.json: migration/node-core.changelog-v4.xml::attchments_rename::R3.Corda: Table node_attchments_contracts renamed to node_attachments_contracts
?[m?[37m[INFO] 12:35:25,712 [Test worker] liquibase. - master.changelog.json: migration/node-core.changelog-v4.xml::attchments_rename::R3.Corda: ChangeSet migration/node-core.changelog-v4.xml::attchments_rename::R3.Corda ran successfully in 1ms
?[m?[37m[INFO] 12:35:25,714 [Test worker] liquibase. - master.changelog.json: migration/node-core.changelog-v4.xml::nullability::R3.Corda: Null constraint has been added to node_identities.identity_value
?[m?[37m[INFO] 12:35:25,714 [Test worker] liquibase. - master.changelog.json: migration/node-core.changelog-v4.xml::nullability::R3.Corda: Null constraint has been added to node_attachments.content
?[m?[37m[INFO] 12:35:25,715 [Test worker] liquibase. - master.changelog.json: migration/node-core.changelog-v4.xml::nullability::R3.Corda: Null constraint has been added to node_attachments_contracts.contract_class_name
?[m?[37m[INFO] 12:35:25,715 [Test worker] liquibase. - master.changelog.json: migration/node-core.changelog-v4.xml::nullability::R3.Corda: Null constraint has been added to node_checkpoints.checkpoint_value
?[m?[37m[INFO] 12:35:25,715 [Test worker] liquibase. - master.changelog.json: migration/node-core.changelog-v4.xml::nullability::R3.Corda: Null constraint has been added to node_contract_upgrades.contract_class_name
?[m?[37m[INFO] 12:35:25,715 [Test worker] liquibase. - master.changelog.json: migration/node-core.changelog-v4.xml::nullability::R3.Corda: Null constraint has been added to node_message_ids.insertion_time
?[m?[37m[INFO] 12:35:25,716 [Test worker] liquibase. - master.changelog.json: migration/node-core.changelog-v4.xml::nullability::R3.Corda: Null constraint has been added to node_message_retry.message
?[m?[37m[INFO] 12:35:25,716 [Test worker] liquibase. - master.changelog.json: migration/node-core.changelog-v4.xml::nullability::R3.Corda: Null constraint has been added to node_message_retry.recipients
?[m?[37m[INFO] 12:35:25,716 [Test worker] liquibase. - master.changelog.json: migration/node-core.changelog-v4.xml::nullability::R3.Corda: Null constraint has been added to node_named_identities.pk_hash
?[m?[37m[INFO] 12:35:25,717 [Test worker] liquibase. - master.changelog.json: migration/node-core.changelog-v4.xml::nullability::R3.Corda: Null constraint has been added to node_our_key_pairs.private_key
?[m?[37m[INFO] 12:35:25,717 [Test worker] liquibase. - master.changelog.json: migration/node-core.changelog-v4.xml::nullability::R3.Corda: Null constraint has been added to node_our_key_pairs.public_key
?[m?[37m[INFO] 12:35:25,717 [Test worker] liquibase. - master.changelog.json: migration/node-core.changelog-v4.xml::nullability::R3.Corda: Null constraint has been added to node_transaction_mappings.state_machine_run_id
?[m?[37m[INFO] 12:35:25,717 [Test worker] liquibase. - master.changelog.json: migration/node-core.changelog-v4.xml::nullability::R3.Corda: Null constraint has been added to node_transactions.transaction_value
?[m?[37m[INFO] 12:35:25,717 [Test worker] liquibase. - master.changelog.json: migration/node-core.changelog-v4.xml::nullability::R3.Corda: ChangeSet migration/node-core.changelog-v4.xml::nullability::R3.Corda ran successfully in 4ms
?[m?[37m[INFO] 12:35:25,723 [Test worker] liquibase. - master.changelog.json: migration/node-core.changelog-v5.xml::remove_unused_node_message_retry::R3.Corda: Table node_message_retry dropped
?[m?[37m[INFO] 12:35:25,723 [Test worker] liquibase. - master.changelog.json: migration/node-core.changelog-v5.xml::remove_unused_node_message_retry::R3.Corda: ChangeSet migration/node-core.changelog-v5.xml::remove_unused_node_message_retry::R3.Corda ran successfully in 3ms
?[m?[37m[INFO] 12:35:25,762 [Test worker] liquibase. - master.changelog.json: migration/node-core.changelog-v8.xml::conditional_attchments_rename::R3.Corda: Marking ChangeSet: migration/node-core.changelog-v8.xml::conditional_attchments_rename::R3.Corda ran despite precondition failure due to onFail='MARK_RAN': 
          master.changelog.json : Table PUBLIC.NODE_ATTCHMENTS_CONTRACTS does not exist

?[m?[37m[INFO] 12:35:25,780 [Test worker] liquibase. - master.changelog.json: migration/node-core.changelog-v8.xml::conditional_attchments_contracts::R3.Corda: Marking ChangeSet: migration/node-core.changelog-v8.xml::conditional_attchments_contracts::R3.Corda ran despite precondition failure due to onFail='MARK_RAN': 
          master.changelog.json : Table PUBLIC.NODE_ATTACHMENTS_CONTRACT_CLASS_NAME does not exist

?[m?[37m[INFO] 12:35:25,783 [Test worker] liquibase. - master.changelog.json: migration/node-core.changelog-v8.xml::add_signers::R3.Corda: Table node_attachments_signers created
?[m?[37m[INFO] 12:35:25,784 [Test worker] liquibase. - master.changelog.json: migration/node-core.changelog-v8.xml::add_signers::R3.Corda: Foreign key constraint added to node_attachments_signers (att_id)
?[m?[37m[INFO] 12:35:25,784 [Test worker] liquibase. - master.changelog.json: migration/node-core.changelog-v8.xml::add_signers::R3.Corda: ChangeSet migration/node-core.changelog-v8.xml::add_signers::R3.Corda ran successfully in 2ms
?[m?[37m[INFO] 12:35:25,789 [Test worker] liquibase. - master.changelog.json: migration/node-core.changelog-tx-mapping.xml::add_tx_mapping_column::R3.Corda: Columns state_machine_run_id(NVARCHAR(36)) added to node_transactions
?[m?[37m[INFO] 12:35:25,791 [Test worker] liquibase. - master.changelog.json: migration/node-core.changelog-tx-mapping.xml::add_tx_mapping_column::R3.Corda: Custom SQL executed
?[m?[37m[INFO] 12:35:25,791 [Test worker] liquibase. - master.changelog.json: migration/node-core.changelog-tx-mapping.xml::add_tx_mapping_column::R3.Corda: Table node_transaction_mappings dropped
?[m?[37m[INFO] 12:35:25,791 [Test worker] liquibase. - master.changelog.json: migration/node-core.changelog-tx-mapping.xml::add_tx_mapping_column::R3.Corda: ChangeSet migration/node-core.changelog-tx-mapping.xml::add_tx_mapping_column::R3.Corda ran successfully in 5ms
?[m?[37m[INFO] 12:35:25,794 [Test worker] liquibase. - master.changelog.json: migration/node-services.changelog-init.xml::add_network_parameters_storage::R3.Corda: Table node_network_parameters created
?[m?[37m[INFO] 12:35:25,794 [Test worker] liquibase. - master.changelog.json: migration/node-services.changelog-init.xml::add_network_parameters_storage::R3.Corda: ChangeSet migration/node-services.changelog-init.xml::add_network_parameters_storage::R3.Corda ran successfully in 1ms
?[m?[37m[INFO] 12:35:25,796 [Test worker] liquibase. - master.changelog.json: migration/node-services.changelog-init.xml::network_parameters_pk::R3.Corda: Primary key added to node_network_parameters (hash)
?[m?[37m[INFO] 12:35:25,796 [Test worker] liquibase. - master.changelog.json: migration/node-services.changelog-init.xml::network_parameters_pk::R3.Corda: ChangeSet migration/node-services.changelog-init.xml::network_parameters_pk::R3.Corda ran successfully in 0ms
?[m?[37m[INFO] 12:35:25,802 [Test worker] liquibase. - master.changelog.json: migration/node-services.changelog-init.xml::add_version_column::R3.Corda: Columns version(INT) added to node_attachments
?[m?[37m[INFO] 12:35:25,803 [Test worker] liquibase. - master.changelog.json: migration/node-services.changelog-init.xml::add_version_column::R3.Corda: Custom SQL executed
?[m?[37m[INFO] 12:35:25,803 [Test worker] liquibase. - master.changelog.json: migration/node-services.changelog-init.xml::add_version_column::R3.Corda: Null constraint has been added to node_attachments.version
?[m?[37m[INFO] 12:35:25,803 [Test worker] liquibase. - master.changelog.json: migration/node-services.changelog-init.xml::add_version_column::R3.Corda: ChangeSet migration/node-services.changelog-init.xml::add_version_column::R3.Corda ran successfully in 5ms
?[m?[37m[INFO] 12:35:25,805 [Test worker] persistence.AttachmentVersionNumberMigration. - Start executing...
?[m?[37m[INFO] 12:35:25,808 [Test worker] persistence.AttachmentVersionNumberMigration. - Attachment version creation from whitelisted JARs using network parameters from build\mock-network\20190412-153514.413\nodes\0\network-parameters, whitelistedContractImplementations: {}.
?[m?[37m[INFO] 12:35:25,808 [Test worker] persistence.AttachmentVersionNumberMigration. - Attachment version creation from whitelisted JARs skipped, no attachments not found.
?[m?[37m[INFO] 12:35:25,809 [Test worker] liquibase. - master.changelog.json: migration/node-services.changelog-init.xml::update-version-of-whitelisted-jars::R3.Corda: null
?[m?[37m[INFO] 12:35:25,809 [Test worker] liquibase. - master.changelog.json: migration/node-services.changelog-init.xml::update-version-of-whitelisted-jars::R3.Corda: ChangeSet migration/node-services.changelog-init.xml::update-version-of-whitelisted-jars::R3.Corda ran successfully in 4ms
?[m?[37m[INFO] 12:35:25,810 [Test worker] migration.VaultStateMigration. - Migrating vault state data to V4 tables
?[m?[37m[INFO] 12:35:25,871 [Test worker] persistence.HibernateConfiguration. - Init HibernateConfiguration for schemas: [VaultMigrationSchemaV1(name=net.corda.node.migration.VaultMigrationSchema, version=1), VaultSchemaV1(name=net.corda.node.services.vault.VaultSchema, version=1)]
?[m?[37m[INFO] 12:35:25,876 [Test worker] persistence.HibernateConfiguration. - Creating session factory for schemas: [VaultMigrationSchemaV1(name=net.corda.node.migration.VaultMigrationSchema, version=1), VaultSchemaV1(name=net.corda.node.services.vault.VaultSchema, version=1)]
?[m?[37m[INFO] 12:35:26,203 [Test worker] hibernate.Version. - HHH000412: Hibernate Core {5.3.6.Final}
?[m?[37m[INFO] 12:35:26,205 [Test worker] cfg.Environment. - HHH000206: hibernate.properties not found
?[m?[37m[INFO] 12:35:26,379 [Test worker] common.Version. - HCANN000001: Hibernate Commons Annotations {5.0.4.Final}
?[m?[37m[INFO] 12:35:26,615 [Test worker] internal.ConnectionProviderInitiator. - HHH000130: Instantiating explicit connection provider: net.corda.nodeapi.internal.persistence.HibernateConfiguration$NodeDatabaseConnectionProvider
?[m?[37m[INFO] 12:35:26,667 [Test worker] dialect.Dialect. - HHH000400: Using dialect: org.hibernate.dialect.H2Dialect
?[m?[37m[INFO] 12:35:26,761 [Test worker] type.BasicTypeRegistry. - HHH000270: Type registration [materialized_blob] overrides previous : org.hibernate.type.MaterializedBlobType@61c329e6
?[m?[37m[INFO] 12:35:28,166 [Test worker] connections.access. - HHH10001501: Connection obtained from JdbcConnectionAccess [org.hibernate.engine.jdbc.env.internal.JdbcEnvironmentInitiator$ConnectionProviderJdbcConnectionAccess@d8f7312] for (non-JTA) DDL execution was not in auto-commit mode; the Connection 'local transaction' will be committed and the Connection will be set into auto-commit mode.
?[m?[37m[INFO] 12:35:28,274 [Test worker] persistence.HibernateConfiguration. - Created session factory for schemas: [VaultMigrationSchemaV1(name=net.corda.node.migration.VaultMigrationSchema, version=1), VaultSchemaV1(name=net.corda.node.services.vault.VaultSchema, version=1)]
?[m?[37m[INFO] 12:35:28,628 [Test worker] internal.QueryTranslatorFactoryInitiator. - HHH000397: Using ASTQueryTranslatorFactory
?[m?[37m[INFO] 12:35:28,962 [Test worker] migration.VaultStateMigration. - Finished performing vault state data migration for 0 states
?[m?[37m[INFO] 12:35:28,962 [Test worker] liquibase. - master.changelog.json: migration/vault-schema.changelog-v9.xml::update-vault-states::R3.Corda: null
?[m?[37m[INFO] 12:35:28,962 [Test worker] liquibase. - master.changelog.json: migration/vault-schema.changelog-v9.xml::update-vault-states::R3.Corda: ChangeSet migration/vault-schema.changelog-v9.xml::update-vault-states::R3.Corda ran successfully in 3152ms
?[m?[37m[INFO] 12:35:28,965 [Test worker] liquibase. - master.changelog.json: migration/node-services.changelog-init.xml::1511451595465-16::R3.Corda: Table node_notary_committed_states created
?[m?[37m[INFO] 12:35:28,965 [Test worker] liquibase. - master.changelog.json: migration/node-services.changelog-init.xml::1511451595465-16::R3.Corda: ChangeSet migration/node-services.changelog-init.xml::1511451595465-16::R3.Corda ran successfully in 1ms
?[m?[37m[INFO] 12:35:28,968 [Test worker] liquibase. - master.changelog.json: migration/node-services.changelog-init.xml::1521131680317-17::R3.Corda: Table node_notary_request_log created
?[m?[37m[INFO] 12:35:28,968 [Test worker] liquibase. - master.changelog.json: migration/node-services.changelog-init.xml::1521131680317-17::R3.Corda: ChangeSet migration/node-services.changelog-init.xml::1521131680317-17::R3.Corda ran successfully in 1ms
?[m?[37m[INFO] 12:35:28,971 [Test worker] liquibase. - master.changelog.json: migration/node-services.changelog-init.xml::1511451595465-41::R3.Corda: Primary key added to node_notary_committed_states (output_index, transaction_id)
?[m?[37m[INFO] 12:35:28,971 [Test worker] liquibase. - master.changelog.json: migration/node-services.changelog-init.xml::1511451595465-41::R3.Corda: ChangeSet migration/node-services.changelog-init.xml::1511451595465-41::R3.Corda ran successfully in 1ms
?[m?[37m[INFO] 12:35:28,973 [Test worker] liquibase. - master.changelog.json: migration/node-services.changelog-init.xml::1521131680317-48::R3.Corda: Primary key added to node_notary_request_log (id)
?[m?[37m[INFO] 12:35:28,973 [Test worker] liquibase. - master.changelog.json: migration/node-services.changelog-init.xml::1521131680317-48::R3.Corda: ChangeSet migration/node-services.changelog-init.xml::1521131680317-48::R3.Corda ran successfully in 0ms
?[m?[37m[INFO] 12:35:28,976 [Test worker] liquibase. - master.changelog.json: migration/node-services.changelog-init.xml::nullability::R3.Corda: Null constraint has been added to node_notary_committed_states.consuming_transaction_id
?[m?[37m[INFO] 12:35:28,976 [Test worker] liquibase. - master.changelog.json: migration/node-services.changelog-init.xml::nullability::R3.Corda: ChangeSet migration/node-services.changelog-init.xml::nullability::R3.Corda ran successfully in 1ms
?[m?[37m[INFO] 12:35:29,004 [Test worker] liquibase. - master.changelog.json: migration/node-notary.changelog-v2.xml::rename-table-notary-commit-log::R3.Corda: Marking ChangeSet: migration/node-notary.changelog-v2.xml::rename-table-notary-commit-log::R3.Corda ran despite precondition failure due to onFail='MARK_RAN': 
          master.changelog.json : Table PUBLIC.node_notary_commit_log does not exist

?[m?[37m[INFO] 12:35:29,010 [Test worker] liquibase. - master.changelog.json: migration/node-notary.changelog-v2.xml::create-notary-request-log-table::R3.Corda: Marking ChangeSet: migration/node-notary.changelog-v2.xml::create-notary-request-log-table::R3.Corda ran despite precondition failure due to onFail='MARK_RAN': 
          master.changelog.json : Not precondition failed

?[m?[37m[INFO] 12:35:29,014 [Test worker] liquibase. - master.changelog.json: migration/node-notary.changelog-committed-transactions-table.xml::create-notary-committed-transactions-table::R3.Corda: Table node_notary_committed_txs created
?[m?[37m[INFO] 12:35:29,015 [Test worker] liquibase. - master.changelog.json: migration/node-notary.changelog-committed-transactions-table.xml::create-notary-committed-transactions-table::R3.Corda: Primary key added to node_notary_committed_txs (transaction_id)
?[m?[37m[INFO] 12:35:29,015 [Test worker] liquibase. - master.changelog.json: migration/node-notary.changelog-committed-transactions-table.xml::create-notary-committed-transactions-table::R3.Corda: ChangeSet migration/node-notary.changelog-committed-transactions-table.xml::create-notary-committed-transactions-table::R3.Corda ran successfully in 1ms
?[m?[37m[INFO] 12:35:29,018 [Test worker] liquibase. - Successfully released change log lock
?[m?[37m[INFO] 12:35:29,021 [Test worker] internal.InternalMockNetwork$MockNode. - Connected to H2 database.
?[m?[37m[INFO] 12:35:29,045 [Test worker] persistence.HibernateConfiguration. - Init HibernateConfiguration for schemas: [CommonSchemaV1(name=net.corda.core.schemas.CommonSchema, version=1), VaultSchemaV1(name=net.corda.node.services.vault.VaultSchema, version=1), NodeInfoSchemaV1(name=net.corda.node.internal.schemas.NodeInfoSchema, version=1), NodeCoreV1(name=net.corda.node.services.schema.NodeSchemaService$NodeCore, version=1), IOUSchemaV1(name=com.example.schema.IOUSchema, version=1), NodeNotarySchemaV1(name=net.corda.node.services.transactions.NodeNotarySchema, version=1)]
?[m?[37m[INFO] 12:35:29,045 [Test worker] persistence.HibernateConfiguration. - Creating session factory for schemas: [CommonSchemaV1(name=net.corda.core.schemas.CommonSchema, version=1), VaultSchemaV1(name=net.corda.node.services.vault.VaultSchema, version=1), NodeInfoSchemaV1(name=net.corda.node.internal.schemas.NodeInfoSchema, version=1), NodeCoreV1(name=net.corda.node.services.schema.NodeSchemaService$NodeCore, version=1), IOUSchemaV1(name=com.example.schema.IOUSchema, version=1), NodeNotarySchemaV1(name=net.corda.node.services.transactions.NodeNotarySchema, version=1)]
?[m?[37m[INFO] 12:35:29,052 [Test worker] internal.ConnectionProviderInitiator. - HHH000130: Instantiating explicit connection provider: net.corda.nodeapi.internal.persistence.HibernateConfiguration$NodeDatabaseConnectionProvider
?[m?[37m[INFO] 12:35:29,053 [Test worker] dialect.Dialect. - HHH000400: Using dialect: org.hibernate.dialect.H2Dialect
?[m?[37m[INFO] 12:35:29,057 [Test worker] type.BasicTypeRegistry. - HHH000270: Type registration [materialized_blob] overrides previous : org.hibernate.type.MaterializedBlobType@61c329e6
?[m?[37m[INFO] 12:35:29,272 [Test worker] connections.access. - HHH10001501: Connection obtained from JdbcConnectionAccess [org.hibernate.engine.jdbc.env.internal.JdbcEnvironmentInitiator$ConnectionProviderJdbcConnectionAccess@247d99b4] for (non-JTA) DDL execution was not in auto-commit mode; the Connection 'local transaction' will be committed and the Connection will be set into auto-commit mode.
?[m?[37m[INFO] 12:35:29,351 [Test worker] persistence.HibernateConfiguration. - Created session factory for schemas: [CommonSchemaV1(name=net.corda.core.schemas.CommonSchema, version=1), VaultSchemaV1(name=net.corda.node.services.vault.VaultSchema, version=1), NodeInfoSchemaV1(name=net.corda.node.internal.schemas.NodeInfoSchema, version=1), NodeCoreV1(name=net.corda.node.services.schema.NodeSchemaService$NodeCore, version=1), IOUSchemaV1(name=com.example.schema.IOUSchema, version=1), NodeNotarySchemaV1(name=net.corda.node.services.transactions.NodeNotarySchema, version=1)]
?[m?[37m[INFO] 12:35:29,353 [Test worker] internal.QueryTranslatorFactoryInitiator. - HHH000397: Using ASTQueryTranslatorFactory
?[m?[37m[INFO] 12:35:29,362 [Test worker] internal.InternalMockNetwork$MockNode. - Node-info has changed so submitting update. Old node-info was null
?[m?[37m[INFO] 12:35:29,362 [Test worker] network.PersistentNetworkMapCache. - Adding node with info: NodeInfo(addresses=[mock.node:1000], legalIdentitiesAndCerts=[O=Notary Service, L=Zurich, C=CH], platformVersion=4, serial=1555083329362)
?[m?[37m[INFO] 12:35:29,365 [Test worker] network.PersistentNetworkMapCache. - No previous node found
?[m?[37m[INFO] 12:35:29,554 [Test worker] internal.InternalMockNetwork$MockNode. - New node-info: NodeInfo(addresses=[mock.node:1000], legalIdentitiesAndCerts=[O=Notary Service, L=Zurich, C=CH], platformVersion=4, serial=1555083329362)
?[m?[37m[INFO] 12:35:29,638 [Test worker] network.NetworkMapUpdater. - Auto-accept enabled for network parameter changes which modify only: [epoch, modifiedTime, packageOwnership, whitelistedContractImplementations]
?[m?[37m[INFO] 12:35:29,666 [MockNode-1-2] network.PersistentNetworkMapCache. - Adding node with info: NodeInfo(addresses=[mock.node:1000], legalIdentitiesAndCerts=[O=Notary Service, L=Zurich, C=CH], platformVersion=4, serial=1555083329362)
?[m?[37m[INFO] 12:35:29,704 [MockNode-1-2] network.PersistentNetworkMapCache. - Previous node was identical to incoming one - doing nothing
?[m?[37m[INFO] 12:35:30,105 [Test worker] ClassloaderUtils. - Contracts loading for 'C:\Users\Daniel\AppData\Local\Temp\attachment3463003991334149469.jar' took 21 msec
?[m?[37m[INFO] 12:35:30,122 [Test worker] persistence.NodeAttachmentService. - Stored new attachment: id=068D846C052E681003228A05005925CB3EC9DBFEDDFDA00048D0BB87F1ED69B0 uploader=app filename=null
?[m?[37m[INFO] 12:35:30,125 [Test worker] utilities.NotaryLoader. - Starting notary service: class net.corda.node.services.transactions.SimpleNotaryService
?[m?[37m[INFO] 12:35:30,129 [Test worker] notary.SinglePartyNotaryService. - Starting notary in validating mode
?[m?[37m[INFO] 12:35:30,512 [Test worker] statemachine.SingleThreadedStateMachineManager. - Node ready, info: NodeInfo(addresses=[mock.node:1000], legalIdentitiesAndCerts=[O=Notary Service, L=Zurich, C=CH], platformVersion=4, serial=1555083329362)
?[m?[37m[INFO] 12:35:30,530 [Test worker] network.PersistentNetworkMapCache. - Adding node with info: NodeInfo(addresses=[mock.node:1000], legalIdentitiesAndCerts=[O=Notary Service, L=Zurich, C=CH], platformVersion=4, serial=1555083329362)
?[m?[37m[INFO] 12:35:30,531 [Test worker] network.PersistentNetworkMapCache. - Previous node was identical to incoming one - doing nothing
?[m?[37m[INFO] 12:35:30,531 [Test worker] network.PersistentNetworkMapCache. - Adding node with info: NodeInfo(addresses=[mock.node:1000], legalIdentitiesAndCerts=[O=Notary Service, L=Zurich, C=CH], platformVersion=4, serial=1555083329362)
?[m?[37m[INFO] 12:35:30,531 [Test worker] network.PersistentNetworkMapCache. - Previous node was identical to incoming one - doing nothing
?[m?[37m[INFO] 12:35:30,542 [Test worker] cordapp.JarScanningCordappLoader. - Looking for CorDapps in [build\mock-network\20190412-153514.413\nodes\1\cordapps]
?[m?[37m[INFO] 12:35:30,543 [Test worker] cordapp.JarScanningCordappLoader. - Loading CorDapps from RestrictedURL(url=file:/C:/Users/Daniel/OneDrive/Documents/tokensdk/samples3/cordapp-example/workflows-kotlin/build/mock-network/20190412-153514.413/nodes/1/cordapps/cordapp-example-contracts-0.1.jar, rootPackageName=null), RestrictedURL(url=file:/C:/Users/Daniel/OneDrive/Documents/tokensdk/samples3/cordapp-example/workflows-kotlin/build/mock-network/20190412-153514.413/nodes/1/cordapps/cordapp-example-workflows-0.1.jar, rootPackageName=null)
?[m?[37m[INFO] 12:35:30,543 [Test worker] cordapp.JarScanningCordappLoader. - Scanning CorDapp in file:/C:/Users/Daniel/OneDrive/Documents/tokensdk/samples3/cordapp-example/workflows-kotlin/build/mock-network/20190412-153514.413/nodes/1/cordapps/cordapp-example-contracts-0.1.jar
?[m?[37m[INFO] 12:35:30,626 [Test worker] cordapp.JarScanningCordappLoader. - Found notary service CorDapp implementations: 
?[m?[37m[INFO] 12:35:30,626 [Test worker] cordapp.JarScanningCordappLoader. - Scanning CorDapp in file:/C:/Users/Daniel/OneDrive/Documents/tokensdk/samples3/cordapp-example/workflows-kotlin/build/mock-network/20190412-153514.413/nodes/1/cordapps/cordapp-example-workflows-0.1.jar
?[m?[37m[INFO] 12:35:30,709 [Test worker] cordapp.JarScanningCordappLoader. - Found notary service CorDapp implementations: 
?[m?[37m[INFO] 12:35:30,722 [Test worker] internal.InternalMockNetwork$MockNode. - Node starting up ...
?[m?[37m[INFO] 12:35:30,790 [Test worker] internal.NodeFlowManager. - Registered com.example.flow.ExampleFlow$Initiator to initiate com.example.flow.ExampleFlow$Acceptor (version 1)
?[m?[37m[INFO] 12:35:30,794 [Test worker] internal.InternalMockNetwork$MockNode. - Loaded network parameters: NetworkParameters {
      minimumPlatformVersion=1
      notaries=[NotaryInfo(identity=O=Notary Service, L=Zurich, C=CH, validating=true)]
      maxMessageSize=10485760
      maxTransactionSize=524288000
      whitelistedContractImplementations {
        
      }
      eventHorizon=PT720H
      packageOwnership {
        
      }
      modifiedTime=2019-04-12T15:35:14.400Z
      epoch=1
  }
?[m?[37m[INFO] 12:35:30,795 [Test worker] hikari.HikariDataSource. - HikariPool-2 - Started.
?[m?[37m[INFO] 12:35:31,036 [Test worker] liquibase. - Creating database history table with name: PUBLIC.DATABASECHANGELOG
?[m?[37m[INFO] 12:35:31,039 [Test worker] liquibase. - Reading from PUBLIC.DATABASECHANGELOG
?[m?[37m[INFO] 12:35:31,042 [Test worker] liquibase. - master.changelog.json: migration/common.changelog-init.xml::1511451595465-1.3::R3.Corda: Skipping changeSet migration/common.changelog-init.xml::1511451595465-1.3::R3.Corda due to validation error(s): minValue is not allowed on h2
?[m?[37m[INFO] 12:35:31,053 [Test worker] liquibase. - master.changelog.json: migration/vault-schema.changelog-pkey.xml::non-clustered_pk-11::R3.Corda: Skipping changeSet migration/vault-schema.changelog-pkey.xml::non-clustered_pk-11::R3.Corda due to validation error(s): clustered is not allowed on h2
?[m?[37m[INFO] 12:35:31,055 [Test worker] liquibase. - master.changelog.json: migration/vault-schema.changelog-pkey.xml::non-clustered_pk-12::R3.Corda: Skipping changeSet migration/vault-schema.changelog-pkey.xml::non-clustered_pk-12::R3.Corda due to validation error(s): clustered is not allowed on h2
?[m?[37m[INFO] 12:35:31,056 [Test worker] liquibase. - master.changelog.json: migration/vault-schema.changelog-pkey.xml::non-clustered_pk-13::R3.Corda: Skipping changeSet migration/vault-schema.changelog-pkey.xml::non-clustered_pk-13::R3.Corda due to validation error(s): clustered is not allowed on h2
?[m?[37m[INFO] 12:35:31,086 [Test worker] liquibase. - master.changelog.json: migration/node-core.changelog-pkey.xml::non-clustered_pk-1::R3.Corda: Skipping changeSet migration/node-core.changelog-pkey.xml::non-clustered_pk-1::R3.Corda due to validation error(s): clustered is not allowed on h2
?[m?[37m[INFO] 12:35:31,087 [Test worker] liquibase. - master.changelog.json: migration/node-core.changelog-pkey.xml::non-clustered_pk-2::R3.Corda: Skipping changeSet migration/node-core.changelog-pkey.xml::non-clustered_pk-2::R3.Corda due to validation error(s): clustered is not allowed on h2
?[m?[37m[INFO] 12:35:31,087 [Test worker] liquibase. - master.changelog.json: migration/node-core.changelog-pkey.xml::non-clustered_pk-3::R3.Corda: Skipping changeSet migration/node-core.changelog-pkey.xml::non-clustered_pk-3::R3.Corda due to validation error(s): clustered is not allowed on h2
?[m?[37m[INFO] 12:35:31,088 [Test worker] liquibase. - master.changelog.json: migration/node-core.changelog-pkey.xml::non-clustered_pk-4::R3.Corda: Skipping changeSet migration/node-core.changelog-pkey.xml::non-clustered_pk-4::R3.Corda due to validation error(s): clustered is not allowed on h2
?[m?[37m[INFO] 12:35:31,089 [Test worker] liquibase. - master.changelog.json: migration/node-core.changelog-pkey.xml::non-clustered_pk-5::R3.Corda: Skipping changeSet migration/node-core.changelog-pkey.xml::non-clustered_pk-5::R3.Corda due to validation error(s): clustered is not allowed on h2
?[m?[37m[INFO] 12:35:31,090 [Test worker] liquibase. - master.changelog.json: migration/node-core.changelog-pkey.xml::non-clustered_pk-6::R3.Corda: Skipping changeSet migration/node-core.changelog-pkey.xml::non-clustered_pk-6::R3.Corda due to validation error(s): clustered is not allowed on h2
?[m?[37m[INFO] 12:35:31,090 [Test worker] liquibase. - master.changelog.json: migration/node-core.changelog-pkey.xml::non-clustered_pk-7::R3.Corda: Skipping changeSet migration/node-core.changelog-pkey.xml::non-clustered_pk-7::R3.Corda due to validation error(s): clustered is not allowed on h2
?[m?[37m[INFO] 12:35:31,097 [Test worker] liquibase. - Successfully acquired change log lock
?[m?[37m[INFO] 12:35:31,098 [Test worker] liquibase. - master.changelog.json: migration/common.changelog-init.xml::1511451595465-1.3::R3.Corda: Skipping changeSet migration/common.changelog-init.xml::1511451595465-1.3::R3.Corda due to validation error(s): minValue is not allowed on h2
?[m?[37m[INFO] 12:35:31,101 [Test worker] liquibase. - master.changelog.json: migration/vault-schema.changelog-pkey.xml::non-clustered_pk-11::R3.Corda: Skipping changeSet migration/vault-schema.changelog-pkey.xml::non-clustered_pk-11::R3.Corda due to validation error(s): clustered is not allowed on h2
?[m?[37m[INFO] 12:35:31,102 [Test worker] liquibase. - master.changelog.json: migration/vault-schema.changelog-pkey.xml::non-clustered_pk-12::R3.Corda: Skipping changeSet migration/vault-schema.changelog-pkey.xml::non-clustered_pk-12::R3.Corda due to validation error(s): clustered is not allowed on h2
?[m?[37m[INFO] 12:35:31,103 [Test worker] liquibase. - master.changelog.json: migration/vault-schema.changelog-pkey.xml::non-clustered_pk-13::R3.Corda: Skipping changeSet migration/vault-schema.changelog-pkey.xml::non-clustered_pk-13::R3.Corda due to validation error(s): clustered is not allowed on h2
?[m?[37m[INFO] 12:35:31,109 [Test worker] liquibase. - master.changelog.json: migration/node-core.changelog-pkey.xml::non-clustered_pk-1::R3.Corda: Skipping changeSet migration/node-core.changelog-pkey.xml::non-clustered_pk-1::R3.Corda due to validation error(s): clustered is not allowed on h2
?[m?[37m[INFO] 12:35:31,109 [Test worker] liquibase. - master.changelog.json: migration/node-core.changelog-pkey.xml::non-clustered_pk-2::R3.Corda: Skipping changeSet migration/node-core.changelog-pkey.xml::non-clustered_pk-2::R3.Corda due to validation error(s): clustered is not allowed on h2
?[m?[37m[INFO] 12:35:31,109 [Test worker] liquibase. - master.changelog.json: migration/node-core.changelog-pkey.xml::non-clustered_pk-3::R3.Corda: Skipping changeSet migration/node-core.changelog-pkey.xml::non-clustered_pk-3::R3.Corda due to validation error(s): clustered is not allowed on h2
?[m?[37m[INFO] 12:35:31,109 [Test worker] liquibase. - master.changelog.json: migration/node-core.changelog-pkey.xml::non-clustered_pk-4::R3.Corda: Skipping changeSet migration/node-core.changelog-pkey.xml::non-clustered_pk-4::R3.Corda due to validation error(s): clustered is not allowed on h2
?[m?[37m[INFO] 12:35:31,109 [Test worker] liquibase. - master.changelog.json: migration/node-core.changelog-pkey.xml::non-clustered_pk-5::R3.Corda: Skipping changeSet migration/node-core.changelog-pkey.xml::non-clustered_pk-5::R3.Corda due to validation error(s): clustered is not allowed on h2
?[m?[37m[INFO] 12:35:31,109 [Test worker] liquibase. - master.changelog.json: migration/node-core.changelog-pkey.xml::non-clustered_pk-6::R3.Corda: Skipping changeSet migration/node-core.changelog-pkey.xml::non-clustered_pk-6::R3.Corda due to validation error(s): clustered is not allowed on h2
?[m?[37m[INFO] 12:35:31,109 [Test worker] liquibase. - master.changelog.json: migration/node-core.changelog-pkey.xml::non-clustered_pk-7::R3.Corda: Skipping changeSet migration/node-core.changelog-pkey.xml::non-clustered_pk-7::R3.Corda due to validation error(s): clustered is not allowed on h2
?[m?[37m[INFO] 12:35:31,111 [Test worker] liquibase. - master.changelog.json: migration/common.changelog-init.xml::1511451595465-1.1::R3.Corda: Sequence hibernate_sequence created
?[m?[37m[INFO] 12:35:31,111 [Test worker] liquibase. - master.changelog.json: migration/common.changelog-init.xml::1511451595465-1.1::R3.Corda: ChangeSet migration/common.changelog-init.xml::1511451595465-1.1::R3.Corda ran successfully in 0ms
?[m?[37m[INFO] 12:35:31,115 [Test worker] liquibase. - master.changelog.json: migration/vault-schema.changelog-init.xml::1511451595465-22::R3.Corda: Table vault_fungible_states created
?[m?[37m[INFO] 12:35:31,115 [Test worker] liquibase. - master.changelog.json: migration/vault-schema.changelog-init.xml::1511451595465-22::R3.Corda: ChangeSet migration/vault-schema.changelog-init.xml::1511451595465-22::R3.Corda ran successfully in 0ms
?[m?[37m[INFO] 12:35:31,117 [Test worker] liquibase. - master.changelog.json: migration/vault-schema.changelog-init.xml::1511451595465-23::R3.Corda: Table vault_fungible_states_parts created
?[m?[37m[INFO] 12:35:31,117 [Test worker] liquibase. - master.changelog.json: migration/vault-schema.changelog-init.xml::1511451595465-23::R3.Corda: ChangeSet migration/vault-schema.changelog-init.xml::1511451595465-23::R3.Corda ran successfully in 0ms
?[m?[37m[INFO] 12:35:31,119 [Test worker] liquibase. - master.changelog.json: migration/vault-schema.changelog-init.xml::1511451595465-24::R3.Corda: Table vault_linear_states created
?[m?[37m[INFO] 12:35:31,119 [Test worker] liquibase. - master.changelog.json: migration/vault-schema.changelog-init.xml::1511451595465-24::R3.Corda: ChangeSet migration/vault-schema.changelog-init.xml::1511451595465-24::R3.Corda ran successfully in 1ms
?[m?[37m[INFO] 12:35:31,121 [Test worker] liquibase. - master.changelog.json: migration/vault-schema.changelog-init.xml::1511451595465-25::R3.Corda: Table vault_linear_states_parts created
?[m?[37m[INFO] 12:35:31,121 [Test worker] liquibase. - master.changelog.json: migration/vault-schema.changelog-init.xml::1511451595465-25::R3.Corda: ChangeSet migration/vault-schema.changelog-init.xml::1511451595465-25::R3.Corda ran successfully in 1ms
?[m?[37m[INFO] 12:35:31,123 [Test worker] liquibase. - master.changelog.json: migration/vault-schema.changelog-init.xml::1511451595465-26::R3.Corda: Table vault_states created
?[m?[37m[INFO] 12:35:31,123 [Test worker] liquibase. - master.changelog.json: migration/vault-schema.changelog-init.xml::1511451595465-26::R3.Corda: ChangeSet migration/vault-schema.changelog-init.xml::1511451595465-26::R3.Corda ran successfully in 1ms
?[m?[37m[INFO] 12:35:31,125 [Test worker] liquibase. - master.changelog.json: migration/vault-schema.changelog-init.xml::1511451595465-27::R3.Corda: Table vault_transaction_notes created
?[m?[37m[INFO] 12:35:31,125 [Test worker] liquibase. - master.changelog.json: migration/vault-schema.changelog-init.xml::1511451595465-27::R3.Corda: ChangeSet migration/vault-schema.changelog-init.xml::1511451595465-27::R3.Corda ran successfully in 1ms
?[m?[37m[INFO] 12:35:31,127 [Test worker] liquibase. - master.changelog.json: migration/vault-schema.changelog-init.xml::1511451595465-47::R3.Corda: Primary key added to vault_fungible_states (output_index, transaction_id)
?[m?[37m[INFO] 12:35:31,127 [Test worker] liquibase. - master.changelog.json: migration/vault-schema.changelog-init.xml::1511451595465-47::R3.Corda: ChangeSet migration/vault-schema.changelog-init.xml::1511451595465-47::R3.Corda ran successfully in 1ms
?[m?[37m[INFO] 12:35:31,129 [Test worker] liquibase. - master.changelog.json: migration/vault-schema.changelog-init.xml::1511451595465-48::R3.Corda: Primary key added to vault_linear_states (output_index, transaction_id)
?[m?[37m[INFO] 12:35:31,129 [Test worker] liquibase. - master.changelog.json: migration/vault-schema.changelog-init.xml::1511451595465-48::R3.Corda: ChangeSet migration/vault-schema.changelog-init.xml::1511451595465-48::R3.Corda ran successfully in 1ms
?[m?[37m[INFO] 12:35:31,131 [Test worker] liquibase. - master.changelog.json: migration/vault-schema.changelog-init.xml::1511451595465-49::R3.Corda: Primary key added to vault_states (output_index, transaction_id)
?[m?[37m[INFO] 12:35:31,131 [Test worker] liquibase. - master.changelog.json: migration/vault-schema.changelog-init.xml::1511451595465-49::R3.Corda: ChangeSet migration/vault-schema.changelog-init.xml::1511451595465-49::R3.Corda ran successfully in 1ms
?[m?[37m[INFO] 12:35:31,132 [Test worker] liquibase. - master.changelog.json: migration/vault-schema.changelog-init.xml::1511451595465-50::R3.Corda: Primary key added to vault_transaction_notes (seq_no)
?[m?[37m[INFO] 12:35:31,132 [Test worker] liquibase. - master.changelog.json: migration/vault-schema.changelog-init.xml::1511451595465-50::R3.Corda: ChangeSet migration/vault-schema.changelog-init.xml::1511451595465-50::R3.Corda ran successfully in 0ms
?[m?[37m[INFO] 12:35:31,134 [Test worker] liquibase. - master.changelog.json: migration/vault-schema.changelog-init.xml::1511451595465-53::R3.Corda: Index external_id_index created
?[m?[37m[INFO] 12:35:31,134 [Test worker] liquibase. - master.changelog.json: migration/vault-schema.changelog-init.xml::1511451595465-53::R3.Corda: ChangeSet migration/vault-schema.changelog-init.xml::1511451595465-53::R3.Corda ran successfully in 0ms
?[m?[37m[INFO] 12:35:31,136 [Test worker] liquibase. - master.changelog.json: migration/vault-schema.changelog-init.xml::1511451595465-55::R3.Corda: Index lock_id_idx created
?[m?[37m[INFO] 12:35:31,136 [Test worker] liquibase. - master.changelog.json: migration/vault-schema.changelog-init.xml::1511451595465-55::R3.Corda: ChangeSet migration/vault-schema.changelog-init.xml::1511451595465-55::R3.Corda ran successfully in 1ms
?[m?[37m[INFO] 12:35:31,137 [Test worker] liquibase. - master.changelog.json: migration/vault-schema.changelog-init.xml::1511451595465-58::R3.Corda: Index state_status_idx created
?[m?[37m[INFO] 12:35:31,137 [Test worker] liquibase. - master.changelog.json: migration/vault-schema.changelog-init.xml::1511451595465-58::R3.Corda: ChangeSet migration/vault-schema.changelog-init.xml::1511451595465-58::R3.Corda ran successfully in 0ms
?[m?[37m[INFO] 12:35:31,139 [Test worker] liquibase. - master.changelog.json: migration/vault-schema.changelog-init.xml::1511451595465-59::R3.Corda: Index transaction_id_index created
?[m?[37m[INFO] 12:35:31,139 [Test worker] liquibase. - master.changelog.json: migration/vault-schema.changelog-init.xml::1511451595465-59::R3.Corda: ChangeSet migration/vault-schema.changelog-init.xml::1511451595465-59::R3.Corda ran successfully in 0ms
?[m?[37m[INFO] 12:35:31,141 [Test worker] liquibase. - master.changelog.json: migration/vault-schema.changelog-init.xml::1511451595465-60::R3.Corda: Index uuid_index created
?[m?[37m[INFO] 12:35:31,141 [Test worker] liquibase. - master.changelog.json: migration/vault-schema.changelog-init.xml::1511451595465-60::R3.Corda: ChangeSet migration/vault-schema.changelog-init.xml::1511451595465-60::R3.Corda ran successfully in 1ms
?[m?[37m[INFO] 12:35:31,143 [Test worker] liquibase. - master.changelog.json: migration/vault-schema.changelog-init.xml::1511451595465-64::R3.Corda: Foreign key constraint added to vault_fungible_states_parts (output_index,transaction_id)
?[m?[37m[INFO] 12:35:31,143 [Test worker] liquibase. - master.changelog.json: migration/vault-schema.changelog-init.xml::1511451595465-64::R3.Corda: ChangeSet migration/vault-schema.changelog-init.xml::1511451595465-64::R3.Corda ran successfully in 1ms
?[m?[37m[INFO] 12:35:31,147 [Test worker] liquibase. - master.changelog.json: migration/vault-schema.changelog-init.xml::1511451595465-65::R3.Corda: Foreign key constraint added to vault_linear_states_parts (output_index,transaction_id)
?[m?[37m[INFO] 12:35:31,147 [Test worker] liquibase. - master.changelog.json: migration/vault-schema.changelog-init.xml::1511451595465-65::R3.Corda: ChangeSet migration/vault-schema.changelog-init.xml::1511451595465-65::R3.Corda ran successfully in 2ms
?[m?[37m[INFO] 12:35:31,148 [Test worker] liquibase. - master.changelog.json: migration/vault-schema.changelog-v3.xml::clean_vault::R3.Corda: Data deleted from vault_fungible_states_parts
?[m?[37m[INFO] 12:35:31,148 [Test worker] liquibase. - master.changelog.json: migration/vault-schema.changelog-v3.xml::clean_vault::R3.Corda: Data deleted from vault_fungible_states
?[m?[37m[INFO] 12:35:31,149 [Test worker] liquibase. - master.changelog.json: migration/vault-schema.changelog-v3.xml::clean_vault::R3.Corda: Data deleted from vault_linear_states_parts
?[m?[37m[INFO] 12:35:31,149 [Test worker] liquibase. - master.changelog.json: migration/vault-schema.changelog-v3.xml::clean_vault::R3.Corda: Data deleted from vault_linear_states
?[m?[37m[INFO] 12:35:31,149 [Test worker] liquibase. - master.changelog.json: migration/vault-schema.changelog-v3.xml::clean_vault::R3.Corda: Data deleted from vault_states
?[m?[37m[INFO] 12:35:31,149 [Test worker] liquibase. - master.changelog.json: migration/vault-schema.changelog-v3.xml::clean_vault::R3.Corda: Data deleted from vault_transaction_notes
?[m?[37m[INFO] 12:35:31,149 [Test worker] liquibase. - master.changelog.json: migration/vault-schema.changelog-v3.xml::clean_vault::R3.Corda: ChangeSet migration/vault-schema.changelog-v3.xml::clean_vault::R3.Corda ran successfully in 1ms
?[m?[37m[INFO] 12:35:31,151 [Test worker] liquibase. - master.changelog.json: migration/vault-schema.changelog-v4.xml::nullability::R3.Corda: Null constraint has been added to vault_fungible_states.quantity
?[m?[37m[INFO] 12:35:31,151 [Test worker] liquibase. - master.changelog.json: migration/vault-schema.changelog-v4.xml::nullability::R3.Corda: Null constraint has been added to vault_states.contract_state_class_name
?[m?[37m[INFO] 12:35:31,152 [Test worker] liquibase. - master.changelog.json: migration/vault-schema.changelog-v4.xml::nullability::R3.Corda: Null constraint has been added to vault_states.notary_name
?[m?[37m[INFO] 12:35:31,152 [Test worker] liquibase. - master.changelog.json: migration/vault-schema.changelog-v4.xml::nullability::R3.Corda: Null constraint has been added to vault_states.recorded_timestamp
?[m?[37m[INFO] 12:35:31,152 [Test worker] liquibase. - master.changelog.json: migration/vault-schema.changelog-v4.xml::nullability::R3.Corda: Index state_status_idx dropped from table vault_states
?[m?[37m[INFO] 12:35:31,152 [Test worker] liquibase. - master.changelog.json: migration/vault-schema.changelog-v4.xml::nullability::R3.Corda: Index lock_id_idx dropped from table vault_states
?[m?[37m[INFO] 12:35:31,153 [Test worker] liquibase. - master.changelog.json: migration/vault-schema.changelog-v4.xml::nullability::R3.Corda: Null constraint has been added to vault_states.state_status
?[m?[37m[INFO] 12:35:31,153 [Test worker] liquibase. - master.changelog.json: migration/vault-schema.changelog-v4.xml::nullability::R3.Corda: Index state_status_idx created
?[m?[37m[INFO] 12:35:31,153 [Test worker] liquibase. - master.changelog.json: migration/vault-schema.changelog-v4.xml::nullability::R3.Corda: Index lock_id_idx created
?[m?[37m[INFO] 12:35:31,153 [Test worker] liquibase. - master.changelog.json: migration/vault-schema.changelog-v4.xml::nullability::R3.Corda: Index transaction_id_index dropped from table vault_transaction_notes
?[m?[37m[INFO] 12:35:31,154 [Test worker] liquibase. - master.changelog.json: migration/vault-schema.changelog-v4.xml::nullability::R3.Corda: Null constraint has been added to vault_transaction_notes.note
?[m?[37m[INFO] 12:35:31,154 [Test worker] liquibase. - master.changelog.json: migration/vault-schema.changelog-v4.xml::nullability::R3.Corda: Null constraint has been added to vault_transaction_notes.transaction_id
?[m?[37m[INFO] 12:35:31,154 [Test worker] liquibase. - master.changelog.json: migration/vault-schema.changelog-v4.xml::nullability::R3.Corda: Index transaction_id_index created
?[m?[37m[INFO] 12:35:31,154 [Test worker] liquibase. - master.changelog.json: migration/vault-schema.changelog-v4.xml::nullability::R3.Corda: ChangeSet migration/vault-schema.changelog-v4.xml::nullability::R3.Corda ran successfully in 3ms
?[m?[37m[INFO] 12:35:31,168 [Test worker] liquibase. - master.changelog.json: migration/vault-schema.changelog-v5.xml::add_relevancy_status_column::R3.Corda: Columns relevancy_status(INT) added to vault_states
?[m?[37m[INFO] 12:35:31,168 [Test worker] liquibase. - master.changelog.json: migration/vault-schema.changelog-v5.xml::add_relevancy_status_column::R3.Corda: Data updated in vault_states
?[m?[37m[INFO] 12:35:31,169 [Test worker] liquibase. - master.changelog.json: migration/vault-schema.changelog-v5.xml::add_relevancy_status_column::R3.Corda: Null constraint has been added to vault_states.relevancy_status
?[m?[37m[INFO] 12:35:31,169 [Test worker] liquibase. - master.changelog.json: migration/vault-schema.changelog-v5.xml::add_relevancy_status_column::R3.Corda: ChangeSet migration/vault-schema.changelog-v5.xml::add_relevancy_status_column::R3.Corda ran successfully in 5ms
?[m?[37m[INFO] 12:35:31,173 [Test worker] liquibase. - master.changelog.json: migration/vault-schema.changelog-v6.xml::add_is_constraint_information_columns::R3.Corda: Columns constraint_type(INT) added to vault_states
?[m?[37m[INFO] 12:35:31,175 [Test worker] liquibase. - master.changelog.json: migration/vault-schema.changelog-v6.xml::add_is_constraint_information_columns::R3.Corda: Columns constraint_data(varbinary(563)) added to vault_states
?[m?[37m[INFO] 12:35:31,175 [Test worker] liquibase. - master.changelog.json: migration/vault-schema.changelog-v6.xml::add_is_constraint_information_columns::R3.Corda: ChangeSet migration/vault-schema.changelog-v6.xml::add_is_constraint_information_columns::R3.Corda ran successfully in 5ms
?[m?[37m[INFO] 12:35:31,176 [Test worker] liquibase. - master.changelog.json: migration/vault-schema.changelog-v7.xml::make_issuer_ref_nullable::R3.Corda: Null constraint dropped from vault_fungible_states.issuer_ref
?[m?[37m[INFO] 12:35:31,176 [Test worker] liquibase. - master.changelog.json: migration/vault-schema.changelog-v7.xml::make_issuer_ref_nullable::R3.Corda: ChangeSet migration/vault-schema.changelog-v7.xml::make_issuer_ref_nullable::R3.Corda ran successfully in 0ms
?[m?[37m[INFO] 12:35:31,178 [Test worker] liquibase. - master.changelog.json: migration/vault-schema.changelog-v8.xml::create-external-id-to-state-party-view::R3.Corda: Table state_party created
?[m?[37m[INFO] 12:35:31,178 [Test worker] liquibase. - master.changelog.json: migration/vault-schema.changelog-v8.xml::create-external-id-to-state-party-view::R3.Corda: Index state_pk_hash_idx created
?[m?[37m[INFO] 12:35:31,179 [Test worker] liquibase. - master.changelog.json: migration/vault-schema.changelog-v8.xml::create-external-id-to-state-party-view::R3.Corda: Table pk_hash_to_ext_id_map created
?[m?[37m[INFO] 12:35:31,179 [Test worker] liquibase. - master.changelog.json: migration/vault-schema.changelog-v8.xml::create-external-id-to-state-party-view::R3.Corda: Index pk_hash_to_xid_idx created
?[m?[37m[INFO] 12:35:31,181 [Test worker] liquibase. - master.changelog.json: migration/vault-schema.changelog-v8.xml::create-external-id-to-state-party-view::R3.Corda: View v_pkey_hash_ex_id_map created
?[m?[37m[INFO] 12:35:31,181 [Test worker] liquibase. - master.changelog.json: migration/vault-schema.changelog-v8.xml::create-external-id-to-state-party-view::R3.Corda: ChangeSet migration/vault-schema.changelog-v8.xml::create-external-id-to-state-party-view::R3.Corda ran successfully in 4ms
?[m?[37m[INFO] 12:35:31,183 [Test worker] liquibase. - master.changelog.json: migration/node-info.changelog-init.xml::1511451595465-4::R3.Corda: Table node_link_nodeinfo_party created
?[m?[37m[INFO] 12:35:31,183 [Test worker] liquibase. - master.changelog.json: migration/node-info.changelog-init.xml::1511451595465-4::R3.Corda: ChangeSet migration/node-info.changelog-init.xml::1511451595465-4::R3.Corda ran successfully in 0ms
?[m?[37m[INFO] 12:35:31,185 [Test worker] liquibase. - master.changelog.json: migration/node-info.changelog-init.xml::1511451595465-10::R3.Corda: Table node_info_hosts created
?[m?[37m[INFO] 12:35:31,185 [Test worker] liquibase. - master.changelog.json: migration/node-info.changelog-init.xml::1511451595465-10::R3.Corda: ChangeSet migration/node-info.changelog-init.xml::1511451595465-10::R3.Corda ran successfully in 1ms
?[m?[37m[INFO] 12:35:31,187 [Test worker] liquibase. - master.changelog.json: migration/node-info.changelog-init.xml::1511451595465-11::R3.Corda: Table node_info_party_cert created
?[m?[37m[INFO] 12:35:31,187 [Test worker] liquibase. - master.changelog.json: migration/node-info.changelog-init.xml::1511451595465-11::R3.Corda: ChangeSet migration/node-info.changelog-init.xml::1511451595465-11::R3.Corda ran successfully in 1ms
?[m?[37m[INFO] 12:35:31,189 [Test worker] liquibase. - master.changelog.json: migration/node-info.changelog-init.xml::1511451595465-12::R3.Corda: Table node_infos created
?[m?[37m[INFO] 12:35:31,189 [Test worker] liquibase. - master.changelog.json: migration/node-info.changelog-init.xml::1511451595465-12::R3.Corda: ChangeSet migration/node-info.changelog-init.xml::1511451595465-12::R3.Corda ran successfully in 1ms
?[m?[37m[INFO] 12:35:31,190 [Test worker] liquibase. - master.changelog.json: migration/node-info.changelog-init.xml::1511451595465-35::R3.Corda: Primary key added to node_info_hosts (host, port)
?[m?[37m[INFO] 12:35:31,190 [Test worker] liquibase. - master.changelog.json: migration/node-info.changelog-init.xml::1511451595465-35::R3.Corda: ChangeSet migration/node-info.changelog-init.xml::1511451595465-35::R3.Corda ran successfully in 0ms
?[m?[37m[INFO] 12:35:31,192 [Test worker] liquibase. - master.changelog.json: migration/node-info.changelog-init.xml::1511451595465-36::R3.Corda: Primary key added to node_info_party_cert (party_name)
?[m?[37m[INFO] 12:35:31,192 [Test worker] liquibase. - master.changelog.json: migration/node-info.changelog-init.xml::1511451595465-36::R3.Corda: ChangeSet migration/node-info.changelog-init.xml::1511451595465-36::R3.Corda ran successfully in 0ms
?[m?[37m[INFO] 12:35:31,194 [Test worker] liquibase. - master.changelog.json: migration/node-info.changelog-init.xml::1511451595465-37::R3.Corda: Primary key added to node_infos (node_info_id)
?[m?[37m[INFO] 12:35:31,194 [Test worker] liquibase. - master.changelog.json: migration/node-info.changelog-init.xml::1511451595465-37::R3.Corda: ChangeSet migration/node-info.changelog-init.xml::1511451595465-37::R3.Corda ran successfully in 0ms
?[m?[37m[INFO] 12:35:31,196 [Test worker] liquibase. - master.changelog.json: migration/node-info.changelog-init.xml::1511451595465-62::R3.Corda: Foreign key constraint added to node_link_nodeinfo_party (node_info_id)
?[m?[37m[INFO] 12:35:31,196 [Test worker] liquibase. - master.changelog.json: migration/node-info.changelog-init.xml::1511451595465-62::R3.Corda: ChangeSet migration/node-info.changelog-init.xml::1511451595465-62::R3.Corda ran successfully in 1ms
?[m?[37m[INFO] 12:35:31,199 [Test worker] liquibase. - master.changelog.json: migration/node-info.changelog-init.xml::1511451595465-63::R3.Corda: Foreign key constraint added to node_info_hosts (node_info_id)
?[m?[37m[INFO] 12:35:31,199 [Test worker] liquibase. - master.changelog.json: migration/node-info.changelog-init.xml::1511451595465-63::R3.Corda: ChangeSet migration/node-info.changelog-init.xml::1511451595465-63::R3.Corda ran successfully in 1ms
?[m?[37m[INFO] 12:35:31,201 [Test worker] liquibase. - master.changelog.json: migration/node-info.changelog-init.xml::remove_host_port_pk::R3.Corda: Data deleted from node_infos
?[m?[37m[INFO] 12:35:31,201 [Test worker] liquibase. - master.changelog.json: migration/node-info.changelog-init.xml::remove_host_port_pk::R3.Corda: Data deleted from node_link_nodeinfo_party
?[m?[37m[INFO] 12:35:31,201 [Test worker] liquibase. - master.changelog.json: migration/node-info.changelog-init.xml::remove_host_port_pk::R3.Corda: Data deleted from node_info_hosts
?[m?[37m[INFO] 12:35:31,201 [Test worker] liquibase. - master.changelog.json: migration/node-info.changelog-init.xml::remove_host_port_pk::R3.Corda: Data deleted from node_info_party_cert
?[m?[37m[INFO] 12:35:31,201 [Test worker] liquibase. - master.changelog.json: migration/node-info.changelog-init.xml::remove_host_port_pk::R3.Corda: Primary key dropped from node_info_hosts
?[m?[37m[INFO] 12:35:31,202 [Test worker] liquibase. - master.changelog.json: migration/node-info.changelog-init.xml::remove_host_port_pk::R3.Corda: Columns hosts_id(INT) added to node_info_hosts
?[m?[37m[INFO] 12:35:31,203 [Test worker] liquibase. - master.changelog.json: migration/node-info.changelog-init.xml::remove_host_port_pk::R3.Corda: Primary key added to node_info_hosts (hosts_id)
?[m?[37m[INFO] 12:35:31,203 [Test worker] liquibase. - master.changelog.json: migration/node-info.changelog-init.xml::remove_host_port_pk::R3.Corda: ChangeSet migration/node-info.changelog-init.xml::remove_host_port_pk::R3.Corda ran successfully in 3ms
?[m?[37m[INFO] 12:35:31,205 [Test worker] liquibase. - master.changelog.json: migration/node-info.changelog-v1.xml::key/value node properties table::R3.Corda: Table node_properties created
?[m?[37m[INFO] 12:35:31,205 [Test worker] liquibase. - master.changelog.json: migration/node-info.changelog-v1.xml::key/value node properties table::R3.Corda: ChangeSet migration/node-info.changelog-v1.xml::key/value node properties table::R3.Corda ran successfully in 1ms
?[m?[37m[INFO] 12:35:31,207 [Test worker] liquibase. - master.changelog.json: migration/node-info.changelog-v2.xml::1525962920::R3.Corda: Null constraint has been added to node_infos.node_info_hash
?[m?[37m[INFO] 12:35:31,207 [Test worker] liquibase. - master.changelog.json: migration/node-info.changelog-v2.xml::1525962920::R3.Corda: Null constraint has been added to node_infos.platform_version
?[m?[37m[INFO] 12:35:31,207 [Test worker] liquibase. - master.changelog.json: migration/node-info.changelog-v2.xml::1525962920::R3.Corda: Null constraint has been added to node_infos.serial
?[m?[37m[INFO] 12:35:31,207 [Test worker] liquibase. - master.changelog.json: migration/node-info.changelog-v2.xml::1525962920::R3.Corda: Null constraint dropped from node_info_hosts.host
?[m?[37m[INFO] 12:35:31,207 [Test worker] liquibase. - master.changelog.json: migration/node-info.changelog-v2.xml::1525962920::R3.Corda: Null constraint dropped from node_info_hosts.port
?[m?[37m[INFO] 12:35:31,208 [Test worker] liquibase. - master.changelog.json: migration/node-info.changelog-v2.xml::1525962920::R3.Corda: Null constraint has been added to node_info_party_cert.owning_key_hash
?[m?[37m[INFO] 12:35:31,208 [Test worker] liquibase. - master.changelog.json: migration/node-info.changelog-v2.xml::1525962920::R3.Corda: Null constraint has been added to node_info_party_cert.party_cert_binary
?[m?[37m[INFO] 12:35:31,208 [Test worker] liquibase. - master.changelog.json: migration/node-info.changelog-v2.xml::1525962920::R3.Corda: ChangeSet migration/node-info.changelog-v2.xml::1525962920::R3.Corda ran successfully in 2ms
?[m?[37m[INFO] 12:35:31,210 [Test worker] liquibase. - master.changelog.json: migration/node-info.changelog-v3.xml::column_host_name::R3.Corda: Column node_info_hosts.host renamed to host_name
?[m?[37m[INFO] 12:35:31,210 [Test worker] liquibase. - master.changelog.json: migration/node-info.changelog-v3.xml::column_host_name::R3.Corda: ChangeSet migration/node-info.changelog-v3.xml::column_host_name::R3.Corda ran successfully in 1ms
?[m?[37m[INFO] 12:35:31,212 [Test worker] liquibase. - master.changelog.json: migration/node-services.changelog-init.xml::1511451595465-5::R3.Corda: Table node_attachments created
?[m?[37m[INFO] 12:35:31,212 [Test worker] liquibase. - master.changelog.json: migration/node-services.changelog-init.xml::1511451595465-5::R3.Corda: ChangeSet migration/node-services.changelog-init.xml::1511451595465-5::R3.Corda ran successfully in 1ms
?[m?[37m[INFO] 12:35:31,214 [Test worker] liquibase. - master.changelog.json: migration/node-services.changelog-init.xml::1511451595465-7::R3.Corda: Table node_checkpoints created
?[m?[37m[INFO] 12:35:31,214 [Test worker] liquibase. - master.changelog.json: migration/node-services.changelog-init.xml::1511451595465-7::R3.Corda: ChangeSet migration/node-services.changelog-init.xml::1511451595465-7::R3.Corda ran successfully in 1ms
?[m?[37m[INFO] 12:35:31,217 [Test worker] liquibase. - master.changelog.json: migration/node-services.changelog-init.xml::1511451595465-8::R3.Corda: Table node_contract_upgrades created
?[m?[37m[INFO] 12:35:31,217 [Test worker] liquibase. - master.changelog.json: migration/node-services.changelog-init.xml::1511451595465-8::R3.Corda: ChangeSet migration/node-services.changelog-init.xml::1511451595465-8::R3.Corda ran successfully in 1ms
?[m?[37m[INFO] 12:35:31,219 [Test worker] liquibase. - master.changelog.json: migration/node-services.changelog-init.xml::1511451595465-9::R3.Corda: Table node_identities created
?[m?[37m[INFO] 12:35:31,220 [Test worker] liquibase. - master.changelog.json: migration/node-services.changelog-init.xml::1511451595465-9::R3.Corda: ChangeSet migration/node-services.changelog-init.xml::1511451595465-9::R3.Corda ran successfully in 1ms
?[m?[37m[INFO] 12:35:31,222 [Test worker] liquibase. - master.changelog.json: migration/node-services.changelog-init.xml::1511451595465-13::R3.Corda: Table node_message_ids created
?[m?[37m[INFO] 12:35:31,222 [Test worker] liquibase. - master.changelog.json: migration/node-services.changelog-init.xml::1511451595465-13::R3.Corda: ChangeSet migration/node-services.changelog-init.xml::1511451595465-13::R3.Corda ran successfully in 1ms
?[m?[37m[INFO] 12:35:31,224 [Test worker] liquibase. - master.changelog.json: migration/node-services.changelog-init.xml::1511451595465-14::R3.Corda: Table node_message_retry created
?[m?[37m[INFO] 12:35:31,224 [Test worker] liquibase. - master.changelog.json: migration/node-services.changelog-init.xml::1511451595465-14::R3.Corda: ChangeSet migration/node-services.changelog-init.xml::1511451595465-14::R3.Corda ran successfully in 1ms
?[m?[37m[INFO] 12:35:31,226 [Test worker] liquibase. - master.changelog.json: migration/node-services.changelog-init.xml::1511451595465-15::R3.Corda: Table node_named_identities created
?[m?[37m[INFO] 12:35:31,226 [Test worker] liquibase. - master.changelog.json: migration/node-services.changelog-init.xml::1511451595465-15::R3.Corda: ChangeSet migration/node-services.changelog-init.xml::1511451595465-15::R3.Corda ran successfully in 1ms
?[m?[37m[INFO] 12:35:31,228 [Test worker] liquibase. - master.changelog.json: migration/node-services.changelog-init.xml::1511451595465-17::R3.Corda: Table node_our_key_pairs created
?[m?[37m[INFO] 12:35:31,228 [Test worker] liquibase. - master.changelog.json: migration/node-services.changelog-init.xml::1511451595465-17::R3.Corda: ChangeSet migration/node-services.changelog-init.xml::1511451595465-17::R3.Corda ran successfully in 1ms
?[m?[37m[INFO] 12:35:31,229 [Test worker] liquibase. - master.changelog.json: migration/node-services.changelog-init.xml::1511451595465-19::R3.Corda: Table node_scheduled_states created
?[m?[37m[INFO] 12:35:31,229 [Test worker] liquibase. - master.changelog.json: migration/node-services.changelog-init.xml::1511451595465-19::R3.Corda: ChangeSet migration/node-services.changelog-init.xml::1511451595465-19::R3.Corda ran successfully in 1ms
?[m?[37m[INFO] 12:35:31,231 [Test worker] liquibase. - master.changelog.json: migration/node-services.changelog-init.xml::1511451595465-20::R3.Corda: Table node_transaction_mappings created
?[m?[37m[INFO] 12:35:31,231 [Test worker] liquibase. - master.changelog.json: migration/node-services.changelog-init.xml::1511451595465-20::R3.Corda: ChangeSet migration/node-services.changelog-init.xml::1511451595465-20::R3.Corda ran successfully in 1ms
?[m?[37m[INFO] 12:35:31,233 [Test worker] liquibase. - master.changelog.json: migration/node-services.changelog-init.xml::1511451595465-21::R3.Corda: Table node_transactions created
?[m?[37m[INFO] 12:35:31,233 [Test worker] liquibase. - master.changelog.json: migration/node-services.changelog-init.xml::1511451595465-21::R3.Corda: ChangeSet migration/node-services.changelog-init.xml::1511451595465-21::R3.Corda ran successfully in 1ms
?[m?[37m[INFO] 12:35:31,235 [Test worker] liquibase. - master.changelog.json: migration/node-services.changelog-init.xml::1511451595465-30::R3.Corda: Primary key added to node_attachments (att_id)
?[m?[37m[INFO] 12:35:31,235 [Test worker] liquibase. - master.changelog.json: migration/node-services.changelog-init.xml::1511451595465-30::R3.Corda: ChangeSet migration/node-services.changelog-init.xml::1511451595465-30::R3.Corda ran successfully in 1ms
?[m?[37m[INFO] 12:35:31,237 [Test worker] liquibase. - master.changelog.json: migration/node-services.changelog-init.xml::1511451595465-32::R3.Corda: Primary key added to node_checkpoints (checkpoint_id)
?[m?[37m[INFO] 12:35:31,237 [Test worker] liquibase. - master.changelog.json: migration/node-services.changelog-init.xml::1511451595465-32::R3.Corda: ChangeSet migration/node-services.changelog-init.xml::1511451595465-32::R3.Corda ran successfully in 1ms
?[m?[37m[INFO] 12:35:31,239 [Test worker] liquibase. - master.changelog.json: migration/node-services.changelog-init.xml::1511451595465-33::R3.Corda: Primary key added to node_contract_upgrades (state_ref)
?[m?[37m[INFO] 12:35:31,239 [Test worker] liquibase. - master.changelog.json: migration/node-services.changelog-init.xml::1511451595465-33::R3.Corda: ChangeSet migration/node-services.changelog-init.xml::1511451595465-33::R3.Corda ran successfully in 1ms
?[m?[37m[INFO] 12:35:31,241 [Test worker] liquibase. - master.changelog.json: migration/node-services.changelog-init.xml::1511451595465-34::R3.Corda: Primary key added to node_identities (pk_hash)
?[m?[37m[INFO] 12:35:31,241 [Test worker] liquibase. - master.changelog.json: migration/node-services.changelog-init.xml::1511451595465-34::R3.Corda: ChangeSet migration/node-services.changelog-init.xml::1511451595465-34::R3.Corda ran successfully in 1ms
?[m?[37m[INFO] 12:35:31,243 [Test worker] liquibase. - master.changelog.json: migration/node-services.changelog-init.xml::1511451595465-38::R3.Corda: Primary key added to node_message_ids (message_id)
?[m?[37m[INFO] 12:35:31,243 [Test worker] liquibase. - master.changelog.json: migration/node-services.changelog-init.xml::1511451595465-38::R3.Corda: ChangeSet migration/node-services.changelog-init.xml::1511451595465-38::R3.Corda ran successfully in 1ms
?[m?[37m[INFO] 12:35:31,245 [Test worker] liquibase. - master.changelog.json: migration/node-services.changelog-init.xml::1511451595465-39::R3.Corda: Primary key added to node_message_retry (message_id)
?[m?[37m[INFO] 12:35:31,245 [Test worker] liquibase. - master.changelog.json: migration/node-services.changelog-init.xml::1511451595465-39::R3.Corda: ChangeSet migration/node-services.changelog-init.xml::1511451595465-39::R3.Corda ran successfully in 0ms
?[m?[37m[INFO] 12:35:31,247 [Test worker] liquibase. - master.changelog.json: migration/node-services.changelog-init.xml::1511451595465-40::R3.Corda: Primary key added to node_named_identities (name)
?[m?[37m[INFO] 12:35:31,247 [Test worker] liquibase. - master.changelog.json: migration/node-services.changelog-init.xml::1511451595465-40::R3.Corda: ChangeSet migration/node-services.changelog-init.xml::1511451595465-40::R3.Corda ran successfully in 0ms
?[m?[37m[INFO] 12:35:31,249 [Test worker] liquibase. - master.changelog.json: migration/node-services.changelog-init.xml::1511451595465-42::R3.Corda: Primary key added to node_our_key_pairs (public_key_hash)
?[m?[37m[INFO] 12:35:31,249 [Test worker] liquibase. - master.changelog.json: migration/node-services.changelog-init.xml::1511451595465-42::R3.Corda: ChangeSet migration/node-services.changelog-init.xml::1511451595465-42::R3.Corda ran successfully in 0ms
?[m?[37m[INFO] 12:35:31,251 [Test worker] liquibase. - master.changelog.json: migration/node-services.changelog-init.xml::1511451595465-44::R3.Corda: Primary key added to node_scheduled_states (output_index, transaction_id)
?[m?[37m[INFO] 12:35:31,251 [Test worker] liquibase. - master.changelog.json: migration/node-services.changelog-init.xml::1511451595465-44::R3.Corda: ChangeSet migration/node-services.changelog-init.xml::1511451595465-44::R3.Corda ran successfully in 0ms
?[m?[37m[INFO] 12:35:31,253 [Test worker] liquibase. - master.changelog.json: migration/node-services.changelog-init.xml::1511451595465-45::R3.Corda: Primary key added to node_transaction_mappings (tx_id)
?[m?[37m[INFO] 12:35:31,253 [Test worker] liquibase. - master.changelog.json: migration/node-services.changelog-init.xml::1511451595465-45::R3.Corda: ChangeSet migration/node-services.changelog-init.xml::1511451595465-45::R3.Corda ran successfully in 0ms
?[m?[37m[INFO] 12:35:31,255 [Test worker] liquibase. - master.changelog.json: migration/node-services.changelog-init.xml::1511451595465-46::R3.Corda: Primary key added to node_transactions (tx_id)
?[m?[37m[INFO] 12:35:31,255 [Test worker] liquibase. - master.changelog.json: migration/node-services.changelog-init.xml::1511451595465-46::R3.Corda: ChangeSet migration/node-services.changelog-init.xml::1511451595465-46::R3.Corda ran successfully in 1ms
?[m?[37m[INFO] 12:35:31,258 [Test worker] liquibase. - master.changelog.json: migration/node-services.changelog-init.xml::1511451595465-61::R3.Corda: Foreign key constraint added to node_link_nodeinfo_party (party_name)
?[m?[37m[INFO] 12:35:31,258 [Test worker] liquibase. - master.changelog.json: migration/node-services.changelog-init.xml::1511451595465-61::R3.Corda: ChangeSet migration/node-services.changelog-init.xml::1511451595465-61::R3.Corda ran successfully in 2ms
?[m?[37m[INFO] 12:35:31,260 [Test worker] liquibase. - master.changelog.json: migration/node-services.changelog-init.xml::add index att_id::R3.Corda: Index att_id_idx created
?[m?[37m[INFO] 12:35:31,260 [Test worker] liquibase. - master.changelog.json: migration/node-services.changelog-init.xml::add index att_id::R3.Corda: ChangeSet migration/node-services.changelog-init.xml::add index att_id::R3.Corda ran successfully in 0ms
?[m?[37m[INFO] 12:35:31,262 [Test worker] liquibase. - master.changelog.json: migration/node-services.changelog-init.xml::add_contract_attachment::R3.Corda: Table node_attchments_contracts created
?[m?[37m[INFO] 12:35:31,263 [Test worker] liquibase. - master.changelog.json: migration/node-services.changelog-init.xml::add_contract_attachment::R3.Corda: Foreign key constraint added to node_attchments_contracts (att_id)
?[m?[37m[INFO] 12:35:31,264 [Test worker] liquibase. - master.changelog.json: migration/node-services.changelog-init.xml::add_contract_attachment::R3.Corda: Data deleted from node_attachments
?[m?[37m[INFO] 12:35:31,264 [Test worker] liquibase. - master.changelog.json: migration/node-services.changelog-init.xml::add_contract_attachment::R3.Corda: ChangeSet migration/node-services.changelog-init.xml::add_contract_attachment::R3.Corda ran successfully in 2ms
?[m?[37m[INFO] 12:35:31,268 [Test worker] liquibase. - master.changelog.json: migration/node-services.changelog-init.xml::add_dedup_columns::R3.Corda: Columns sender(NVARCHAR(64)),sequence_number(BIGINT) added to node_message_ids
?[m?[37m[INFO] 12:35:31,268 [Test worker] liquibase. - master.changelog.json: migration/node-services.changelog-init.xml::add_dedup_columns::R3.Corda: ChangeSet migration/node-services.changelog-init.xml::add_dedup_columns::R3.Corda ran successfully in 3ms
?[m?[37m[INFO] 12:35:31,270 [Test worker] liquibase. - master.changelog.json: migration/node-core.changelog-v4.xml::attchments_rename::R3.Corda: Table node_attchments_contracts renamed to node_attachments_contracts
?[m?[37m[INFO] 12:35:31,270 [Test worker] liquibase. - master.changelog.json: migration/node-core.changelog-v4.xml::attchments_rename::R3.Corda: ChangeSet migration/node-core.changelog-v4.xml::attchments_rename::R3.Corda ran successfully in 1ms
?[m?[37m[INFO] 12:35:31,272 [Test worker] liquibase. - master.changelog.json: migration/node-core.changelog-v4.xml::nullability::R3.Corda: Null constraint has been added to node_identities.identity_value
?[m?[37m[INFO] 12:35:31,272 [Test worker] liquibase. - master.changelog.json: migration/node-core.changelog-v4.xml::nullability::R3.Corda: Null constraint has been added to node_attachments.content
?[m?[37m[INFO] 12:35:31,272 [Test worker] liquibase. - master.changelog.json: migration/node-core.changelog-v4.xml::nullability::R3.Corda: Null constraint has been added to node_attachments_contracts.contract_class_name
?[m?[37m[INFO] 12:35:31,272 [Test worker] liquibase. - master.changelog.json: migration/node-core.changelog-v4.xml::nullability::R3.Corda: Null constraint has been added to node_checkpoints.checkpoint_value
?[m?[37m[INFO] 12:35:31,272 [Test worker] liquibase. - master.changelog.json: migration/node-core.changelog-v4.xml::nullability::R3.Corda: Null constraint has been added to node_contract_upgrades.contract_class_name
?[m?[37m[INFO] 12:35:31,273 [Test worker] liquibase. - master.changelog.json: migration/node-core.changelog-v4.xml::nullability::R3.Corda: Null constraint has been added to node_message_ids.insertion_time
?[m?[37m[INFO] 12:35:31,273 [Test worker] liquibase. - master.changelog.json: migration/node-core.changelog-v4.xml::nullability::R3.Corda: Null constraint has been added to node_message_retry.message
?[m?[37m[INFO] 12:35:31,273 [Test worker] liquibase. - master.changelog.json: migration/node-core.changelog-v4.xml::nullability::R3.Corda: Null constraint has been added to node_message_retry.recipients
?[m?[37m[INFO] 12:35:31,273 [Test worker] liquibase. - master.changelog.json: migration/node-core.changelog-v4.xml::nullability::R3.Corda: Null constraint has been added to node_named_identities.pk_hash
?[m?[37m[INFO] 12:35:31,273 [Test worker] liquibase. - master.changelog.json: migration/node-core.changelog-v4.xml::nullability::R3.Corda: Null constraint has been added to node_our_key_pairs.private_key
?[m?[37m[INFO] 12:35:31,274 [Test worker] liquibase. - master.changelog.json: migration/node-core.changelog-v4.xml::nullability::R3.Corda: Null constraint has been added to node_our_key_pairs.public_key
?[m?[37m[INFO] 12:35:31,274 [Test worker] liquibase. - master.changelog.json: migration/node-core.changelog-v4.xml::nullability::R3.Corda: Null constraint has been added to node_transaction_mappings.state_machine_run_id
?[m?[37m[INFO] 12:35:31,274 [Test worker] liquibase. - master.changelog.json: migration/node-core.changelog-v4.xml::nullability::R3.Corda: Null constraint has been added to node_transactions.transaction_value
?[m?[37m[INFO] 12:35:31,274 [Test worker] liquibase. - master.changelog.json: migration/node-core.changelog-v4.xml::nullability::R3.Corda: ChangeSet migration/node-core.changelog-v4.xml::nullability::R3.Corda ran successfully in 3ms
?[m?[37m[INFO] 12:35:31,278 [Test worker] liquibase. - master.changelog.json: migration/node-core.changelog-v5.xml::remove_unused_node_message_retry::R3.Corda: Table node_message_retry dropped
?[m?[37m[INFO] 12:35:31,278 [Test worker] liquibase. - master.changelog.json: migration/node-core.changelog-v5.xml::remove_unused_node_message_retry::R3.Corda: ChangeSet migration/node-core.changelog-v5.xml::remove_unused_node_message_retry::R3.Corda ran successfully in 1ms
?[m?[37m[INFO] 12:35:31,305 [Test worker] liquibase. - master.changelog.json: migration/node-core.changelog-v8.xml::conditional_attchments_rename::R3.Corda: Marking ChangeSet: migration/node-core.changelog-v8.xml::conditional_attchments_rename::R3.Corda ran despite precondition failure due to onFail='MARK_RAN': 
          master.changelog.json : Table PUBLIC.NODE_ATTCHMENTS_CONTRACTS does not exist

?[m?[37m[INFO] 12:35:31,315 [Test worker] liquibase. - master.changelog.json: migration/node-core.changelog-v8.xml::conditional_attchments_contracts::R3.Corda: Marking ChangeSet: migration/node-core.changelog-v8.xml::conditional_attchments_contracts::R3.Corda ran despite precondition failure due to onFail='MARK_RAN': 
          master.changelog.json : Table PUBLIC.NODE_ATTACHMENTS_CONTRACT_CLASS_NAME does not exist

?[m?[37m[INFO] 12:35:31,317 [Test worker] liquibase. - master.changelog.json: migration/node-core.changelog-v8.xml::add_signers::R3.Corda: Table node_attachments_signers created
?[m?[37m[INFO] 12:35:31,318 [Test worker] liquibase. - master.changelog.json: migration/node-core.changelog-v8.xml::add_signers::R3.Corda: Foreign key constraint added to node_attachments_signers (att_id)
?[m?[37m[INFO] 12:35:31,318 [Test worker] liquibase. - master.changelog.json: migration/node-core.changelog-v8.xml::add_signers::R3.Corda: ChangeSet migration/node-core.changelog-v8.xml::add_signers::R3.Corda ran successfully in 2ms
?[m?[37m[INFO] 12:35:31,321 [Test worker] liquibase. - master.changelog.json: migration/node-core.changelog-tx-mapping.xml::add_tx_mapping_column::R3.Corda: Columns state_machine_run_id(NVARCHAR(36)) added to node_transactions
?[m?[37m[INFO] 12:35:31,323 [Test worker] liquibase. - master.changelog.json: migration/node-core.changelog-tx-mapping.xml::add_tx_mapping_column::R3.Corda: Custom SQL executed
?[m?[37m[INFO] 12:35:31,323 [Test worker] liquibase. - master.changelog.json: migration/node-core.changelog-tx-mapping.xml::add_tx_mapping_column::R3.Corda: Table node_transaction_mappings dropped
?[m?[37m[INFO] 12:35:31,323 [Test worker] liquibase. - master.changelog.json: migration/node-core.changelog-tx-mapping.xml::add_tx_mapping_column::R3.Corda: ChangeSet migration/node-core.changelog-tx-mapping.xml::add_tx_mapping_column::R3.Corda ran successfully in 4ms
?[m?[37m[INFO] 12:35:31,325 [Test worker] liquibase. - master.changelog.json: migration/node-services.changelog-init.xml::add_network_parameters_storage::R3.Corda: Table node_network_parameters created
?[m?[37m[INFO] 12:35:31,325 [Test worker] liquibase. - master.changelog.json: migration/node-services.changelog-init.xml::add_network_parameters_storage::R3.Corda: ChangeSet migration/node-services.changelog-init.xml::add_network_parameters_storage::R3.Corda ran successfully in 1ms
?[m?[37m[INFO] 12:35:31,327 [Test worker] liquibase. - master.changelog.json: migration/node-services.changelog-init.xml::network_parameters_pk::R3.Corda: Primary key added to node_network_parameters (hash)
?[m?[37m[INFO] 12:35:31,327 [Test worker] liquibase. - master.changelog.json: migration/node-services.changelog-init.xml::network_parameters_pk::R3.Corda: ChangeSet migration/node-services.changelog-init.xml::network_parameters_pk::R3.Corda ran successfully in 1ms
?[m?[37m[INFO] 12:35:31,330 [Test worker] liquibase. - master.changelog.json: migration/node-services.changelog-init.xml::add_version_column::R3.Corda: Columns version(INT) added to node_attachments
?[m?[37m[INFO] 12:35:31,331 [Test worker] liquibase. - master.changelog.json: migration/node-services.changelog-init.xml::add_version_column::R3.Corda: Custom SQL executed
?[m?[37m[INFO] 12:35:31,331 [Test worker] liquibase. - master.changelog.json: migration/node-services.changelog-init.xml::add_version_column::R3.Corda: Null constraint has been added to node_attachments.version
?[m?[37m[INFO] 12:35:31,331 [Test worker] liquibase. - master.changelog.json: migration/node-services.changelog-init.xml::add_version_column::R3.Corda: ChangeSet migration/node-services.changelog-init.xml::add_version_column::R3.Corda ran successfully in 3ms
?[m?[37m[INFO] 12:35:31,332 [Test worker] persistence.AttachmentVersionNumberMigration. - Start executing...
?[m?[37m[INFO] 12:35:31,335 [Test worker] persistence.AttachmentVersionNumberMigration. - Attachment version creation from whitelisted JARs using network parameters from build\mock-network\20190412-153514.413\nodes\1\network-parameters, whitelistedContractImplementations: {}.
?[m?[37m[INFO] 12:35:31,335 [Test worker] persistence.AttachmentVersionNumberMigration. - Attachment version creation from whitelisted JARs skipped, no attachments not found.
?[m?[37m[INFO] 12:35:31,335 [Test worker] liquibase. - master.changelog.json: migration/node-services.changelog-init.xml::update-version-of-whitelisted-jars::R3.Corda: null
?[m?[37m[INFO] 12:35:31,335 [Test worker] liquibase. - master.changelog.json: migration/node-services.changelog-init.xml::update-version-of-whitelisted-jars::R3.Corda: ChangeSet migration/node-services.changelog-init.xml::update-version-of-whitelisted-jars::R3.Corda ran successfully in 3ms
?[m?[37m[INFO] 12:35:31,337 [Test worker] migration.VaultStateMigration. - Migrating vault state data to V4 tables
?[m?[37m[INFO] 12:35:31,339 [Test worker] persistence.HibernateConfiguration. - Init HibernateConfiguration for schemas: [VaultMigrationSchemaV1(name=net.corda.node.migration.VaultMigrationSchema, version=1), VaultSchemaV1(name=net.corda.node.services.vault.VaultSchema, version=1)]
?[m?[37m[INFO] 12:35:31,339 [Test worker] persistence.HibernateConfiguration. - Creating session factory for schemas: [VaultMigrationSchemaV1(name=net.corda.node.migration.VaultMigrationSchema, version=1), VaultSchemaV1(name=net.corda.node.services.vault.VaultSchema, version=1)]
?[m?[37m[INFO] 12:35:31,346 [Test worker] internal.ConnectionProviderInitiator. - HHH000130: Instantiating explicit connection provider: net.corda.nodeapi.internal.persistence.HibernateConfiguration$NodeDatabaseConnectionProvider
?[m?[37m[INFO] 12:35:31,347 [Test worker] dialect.Dialect. - HHH000400: Using dialect: org.hibernate.dialect.H2Dialect
?[m?[37m[INFO] 12:35:31,351 [Test worker] type.BasicTypeRegistry. - HHH000270: Type registration [materialized_blob] overrides previous : org.hibernate.type.MaterializedBlobType@61c329e6
?[m?[37m[INFO] 12:35:31,406 [Test worker] connections.access. - HHH10001501: Connection obtained from JdbcConnectionAccess [org.hibernate.engine.jdbc.env.internal.JdbcEnvironmentInitiator$ConnectionProviderJdbcConnectionAccess@18f04bdd] for (non-JTA) DDL execution was not in auto-commit mode; the Connection 'local transaction' will be committed and the Connection will be set into auto-commit mode.
?[m?[37m[INFO] 12:35:31,455 [Test worker] persistence.HibernateConfiguration. - Created session factory for schemas: [VaultMigrationSchemaV1(name=net.corda.node.migration.VaultMigrationSchema, version=1), VaultSchemaV1(name=net.corda.node.services.vault.VaultSchema, version=1)]
?[m?[37m[INFO] 12:35:31,456 [Test worker] internal.QueryTranslatorFactoryInitiator. - HHH000397: Using ASTQueryTranslatorFactory
?[m?[37m[INFO] 12:35:31,468 [Test worker] migration.VaultStateMigration. - Finished performing vault state data migration for 0 states
?[m?[37m[INFO] 12:35:31,468 [Test worker] liquibase. - master.changelog.json: migration/vault-schema.changelog-v9.xml::update-vault-states::R3.Corda: null
?[m?[37m[INFO] 12:35:31,468 [Test worker] liquibase. - master.changelog.json: migration/vault-schema.changelog-v9.xml::update-vault-states::R3.Corda: ChangeSet migration/vault-schema.changelog-v9.xml::update-vault-states::R3.Corda ran successfully in 131ms
?[m?[37m[INFO] 12:35:31,469 [Test worker] liquibase. - Successfully released change log lock
?[m?[37m[INFO] 12:35:31,470 [Test worker] internal.InternalMockNetwork$MockNode. - Connected to H2 database.
?[m?[37m[INFO] 12:35:31,470 [Test worker] internal.InternalMockNetwork$MockNode. - identity-private-key not found in key store, generating fresh key!
?[m?[37m[INFO] 12:35:31,500 [Test worker] persistence.HibernateConfiguration. - Init HibernateConfiguration for schemas: [CommonSchemaV1(name=net.corda.core.schemas.CommonSchema, version=1), VaultSchemaV1(name=net.corda.node.services.vault.VaultSchema, version=1), NodeInfoSchemaV1(name=net.corda.node.internal.schemas.NodeInfoSchema, version=1), NodeCoreV1(name=net.corda.node.services.schema.NodeSchemaService$NodeCore, version=1), IOUSchemaV1(name=com.example.schema.IOUSchema, version=1)]
?[m?[37m[INFO] 12:35:31,500 [Test worker] persistence.HibernateConfiguration. - Creating session factory for schemas: [CommonSchemaV1(name=net.corda.core.schemas.CommonSchema, version=1), VaultSchemaV1(name=net.corda.node.services.vault.VaultSchema, version=1), NodeInfoSchemaV1(name=net.corda.node.internal.schemas.NodeInfoSchema, version=1), NodeCoreV1(name=net.corda.node.services.schema.NodeSchemaService$NodeCore, version=1), IOUSchemaV1(name=com.example.schema.IOUSchema, version=1)]
?[m?[37m[INFO] 12:35:31,507 [Test worker] internal.ConnectionProviderInitiator. - HHH000130: Instantiating explicit connection provider: net.corda.nodeapi.internal.persistence.HibernateConfiguration$NodeDatabaseConnectionProvider
?[m?[37m[INFO] 12:35:31,508 [Test worker] dialect.Dialect. - HHH000400: Using dialect: org.hibernate.dialect.H2Dialect
?[m?[37m[INFO] 12:35:31,511 [Test worker] type.BasicTypeRegistry. - HHH000270: Type registration [materialized_blob] overrides previous : org.hibernate.type.MaterializedBlobType@61c329e6
?[m?[37m[INFO] 12:35:31,591 [Test worker] connections.access. - HHH10001501: Connection obtained from JdbcConnectionAccess [org.hibernate.engine.jdbc.env.internal.JdbcEnvironmentInitiator$ConnectionProviderJdbcConnectionAccess@1433a678] for (non-JTA) DDL execution was not in auto-commit mode; the Connection 'local transaction' will be committed and the Connection will be set into auto-commit mode.
?[m?[37m[INFO] 12:35:31,657 [Test worker] persistence.HibernateConfiguration. - Created session factory for schemas: [CommonSchemaV1(name=net.corda.core.schemas.CommonSchema, version=1), VaultSchemaV1(name=net.corda.node.services.vault.VaultSchema, version=1), NodeInfoSchemaV1(name=net.corda.node.internal.schemas.NodeInfoSchema, version=1), NodeCoreV1(name=net.corda.node.services.schema.NodeSchemaService$NodeCore, version=1), IOUSchemaV1(name=com.example.schema.IOUSchema, version=1)]
?[m?[37m[INFO] 12:35:31,660 [Test worker] internal.QueryTranslatorFactoryInitiator. - HHH000397: Using ASTQueryTranslatorFactory
?[m?[37m[INFO] 12:35:31,664 [Test worker] internal.InternalMockNetwork$MockNode. - Node-info has changed so submitting update. Old node-info was null
?[m?[37m[INFO] 12:35:31,664 [Test worker] network.PersistentNetworkMapCache. - Adding node with info: NodeInfo(addresses=[mock.node:1000], legalIdentitiesAndCerts=[O=Mock Company 1, L=London, C=GB], platformVersion=4, serial=1555083331664)
?[m?[37m[INFO] 12:35:31,666 [Test worker] network.PersistentNetworkMapCache. - No previous node found
?[m?[37m[INFO] 12:35:31,675 [Test worker] internal.InternalMockNetwork$MockNode. - New node-info: NodeInfo(addresses=[mock.node:1000], legalIdentitiesAndCerts=[O=Mock Company 1, L=London, C=GB], platformVersion=4, serial=1555083331664)
?[m?[37m[INFO] 12:35:31,694 [Test worker] network.NetworkMapUpdater. - Auto-accept enabled for network parameter changes which modify only: [epoch, modifiedTime, packageOwnership, whitelistedContractImplementations]
?[m?[37m[INFO] 12:35:31,699 [MockNode-2-2] network.PersistentNetworkMapCache. - Adding node with info: NodeInfo(addresses=[mock.node:1000], legalIdentitiesAndCerts=[O=Mock Company 1, L=London, C=GB], platformVersion=4, serial=1555083331664)
?[m?[37m[INFO] 12:35:31,706 [MockNode-2-2] network.PersistentNetworkMapCache. - Previous node was identical to incoming one - doing nothing
?[m?[37m[INFO] 12:35:31,799 [Test worker] ClassloaderUtils. - Contracts loading for 'C:\Users\Daniel\AppData\Local\Temp\attachment1307554174434300833.jar' took 20 msec
?[m?[37m[INFO] 12:35:31,809 [Test worker] persistence.NodeAttachmentService. - Stored new attachment: id=068D846C052E681003228A05005925CB3EC9DBFEDDFDA00048D0BB87F1ED69B0 uploader=app filename=null
?[m?[37m[INFO] 12:35:31,816 [Test worker] statemachine.SingleThreadedStateMachineManager. - Node ready, info: NodeInfo(addresses=[mock.node:1000], legalIdentitiesAndCerts=[O=Mock Company 1, L=London, C=GB], platformVersion=4, serial=1555083331664)
?[m?[37m[INFO] 12:35:31,818 [Test worker] network.PersistentNetworkMapCache. - Adding node with info: NodeInfo(addresses=[mock.node:1000], legalIdentitiesAndCerts=[O=Notary Service, L=Zurich, C=CH], platformVersion=4, serial=1555083329362)
?[m?[37m[INFO] 12:35:31,820 [Test worker] network.PersistentNetworkMapCache. - No previous node found
?[m?[37m[INFO] 12:35:31,831 [Test worker] network.PersistentNetworkMapCache. - Adding node with info: NodeInfo(addresses=[mock.node:1000], legalIdentitiesAndCerts=[O=Mock Company 1, L=London, C=GB], platformVersion=4, serial=1555083331664)
?[m?[37m[INFO] 12:35:31,833 [Test worker] network.PersistentNetworkMapCache. - No previous node found
?[m?[37m[INFO] 12:35:31,842 [Test worker] network.PersistentNetworkMapCache. - Adding node with info: NodeInfo(addresses=[mock.node:1000], legalIdentitiesAndCerts=[O=Mock Company 1, L=London, C=GB], platformVersion=4, serial=1555083331664)
?[m?[37m[INFO] 12:35:31,843 [Test worker] network.PersistentNetworkMapCache. - Previous node was identical to incoming one - doing nothing
?[m?[37m[INFO] 12:35:31,843 [Test worker] network.PersistentNetworkMapCache. - Adding node with info: NodeInfo(addresses=[mock.node:1000], legalIdentitiesAndCerts=[O=Mock Company 1, L=London, C=GB], platformVersion=4, serial=1555083331664)
?[m?[37m[INFO] 12:35:31,843 [Test worker] network.PersistentNetworkMapCache. - Previous node was identical to incoming one - doing nothing
?[m?[37m[INFO] 12:35:31,921 [Test worker] cordapp.JarScanningCordappLoader. - Looking for CorDapps in [build\mock-network\20190412-153514.413\nodes\2\cordapps]
?[m?[37m[INFO] 12:35:31,922 [Test worker] cordapp.JarScanningCordappLoader. - Loading CorDapps from RestrictedURL(url=file:/C:/Users/Daniel/OneDrive/Documents/tokensdk/samples3/cordapp-example/workflows-kotlin/build/mock-network/20190412-153514.413/nodes/2/cordapps/cordapp-example-contracts-0.1.jar, rootPackageName=null), RestrictedURL(url=file:/C:/Users/Daniel/OneDrive/Documents/tokensdk/samples3/cordapp-example/workflows-kotlin/build/mock-network/20190412-153514.413/nodes/2/cordapps/cordapp-example-workflows-0.1.jar, rootPackageName=null)
?[m?[37m[INFO] 12:35:31,922 [Test worker] cordapp.JarScanningCordappLoader. - Scanning CorDapp in file:/C:/Users/Daniel/OneDrive/Documents/tokensdk/samples3/cordapp-example/workflows-kotlin/build/mock-network/20190412-153514.413/nodes/2/cordapps/cordapp-example-contracts-0.1.jar
?[m?[37m[INFO] 12:35:31,945 [Test worker] cordapp.JarScanningCordappLoader. - Found notary service CorDapp implementations: 
?[m?[37m[INFO] 12:35:31,945 [Test worker] cordapp.JarScanningCordappLoader. - Scanning CorDapp in file:/C:/Users/Daniel/OneDrive/Documents/tokensdk/samples3/cordapp-example/workflows-kotlin/build/mock-network/20190412-153514.413/nodes/2/cordapps/cordapp-example-workflows-0.1.jar
?[m?[37m[INFO] 12:35:32,042 [Test worker] cordapp.JarScanningCordappLoader. - Found notary service CorDapp implementations: 
?[m?[37m[INFO] 12:35:32,054 [Test worker] internal.InternalMockNetwork$MockNode. - Node starting up ...
?[m?[37m[INFO] 12:35:32,106 [Test worker] internal.NodeFlowManager. - Registered com.example.flow.ExampleFlow$Initiator to initiate com.example.flow.ExampleFlow$Acceptor (version 1)
?[m?[37m[INFO] 12:35:32,109 [Test worker] internal.InternalMockNetwork$MockNode. - Loaded network parameters: NetworkParameters {
      minimumPlatformVersion=1
      notaries=[NotaryInfo(identity=O=Notary Service, L=Zurich, C=CH, validating=true)]
      maxMessageSize=10485760
      maxTransactionSize=524288000
      whitelistedContractImplementations {
        
      }
      eventHorizon=PT720H
      packageOwnership {
        
      }
      modifiedTime=2019-04-12T15:35:14.400Z
      epoch=1
  }
?[m?[37m[INFO] 12:35:32,109 [Test worker] hikari.HikariDataSource. - HikariPool-3 - Started.
?[m?[37m[INFO] 12:35:32,312 [Test worker] liquibase. - Creating database history table with name: PUBLIC.DATABASECHANGELOG
?[m?[37m[INFO] 12:35:32,314 [Test worker] liquibase. - Reading from PUBLIC.DATABASECHANGELOG
?[m?[37m[INFO] 12:35:32,316 [Test worker] liquibase. - master.changelog.json: migration/common.changelog-init.xml::1511451595465-1.3::R3.Corda: Skipping changeSet migration/common.changelog-init.xml::1511451595465-1.3::R3.Corda due to validation error(s): minValue is not allowed on h2
?[m?[37m[INFO] 12:35:32,325 [Test worker] liquibase. - master.changelog.json: migration/vault-schema.changelog-pkey.xml::non-clustered_pk-11::R3.Corda: Skipping changeSet migration/vault-schema.changelog-pkey.xml::non-clustered_pk-11::R3.Corda due to validation error(s): clustered is not allowed on h2
?[m?[37m[INFO] 12:35:32,326 [Test worker] liquibase. - master.changelog.json: migration/vault-schema.changelog-pkey.xml::non-clustered_pk-12::R3.Corda: Skipping changeSet migration/vault-schema.changelog-pkey.xml::non-clustered_pk-12::R3.Corda due to validation error(s): clustered is not allowed on h2
?[m?[37m[INFO] 12:35:32,326 [Test worker] liquibase. - master.changelog.json: migration/vault-schema.changelog-pkey.xml::non-clustered_pk-13::R3.Corda: Skipping changeSet migration/vault-schema.changelog-pkey.xml::non-clustered_pk-13::R3.Corda due to validation error(s): clustered is not allowed on h2
?[m?[37m[INFO] 12:35:32,343 [Test worker] liquibase. - master.changelog.json: migration/node-core.changelog-pkey.xml::non-clustered_pk-1::R3.Corda: Skipping changeSet migration/node-core.changelog-pkey.xml::non-clustered_pk-1::R3.Corda due to validation error(s): clustered is not allowed on h2
?[m?[37m[INFO] 12:35:32,343 [Test worker] liquibase. - master.changelog.json: migration/node-core.changelog-pkey.xml::non-clustered_pk-2::R3.Corda: Skipping changeSet migration/node-core.changelog-pkey.xml::non-clustered_pk-2::R3.Corda due to validation error(s): clustered is not allowed on h2
?[m?[37m[INFO] 12:35:32,343 [Test worker] liquibase. - master.changelog.json: migration/node-core.changelog-pkey.xml::non-clustered_pk-3::R3.Corda: Skipping changeSet migration/node-core.changelog-pkey.xml::non-clustered_pk-3::R3.Corda due to validation error(s): clustered is not allowed on h2
?[m?[37m[INFO] 12:35:32,343 [Test worker] liquibase. - master.changelog.json: migration/node-core.changelog-pkey.xml::non-clustered_pk-4::R3.Corda: Skipping changeSet migration/node-core.changelog-pkey.xml::non-clustered_pk-4::R3.Corda due to validation error(s): clustered is not allowed on h2
?[m?[37m[INFO] 12:35:32,344 [Test worker] liquibase. - master.changelog.json: migration/node-core.changelog-pkey.xml::non-clustered_pk-5::R3.Corda: Skipping changeSet migration/node-core.changelog-pkey.xml::non-clustered_pk-5::R3.Corda due to validation error(s): clustered is not allowed on h2
?[m?[37m[INFO] 12:35:32,344 [Test worker] liquibase. - master.changelog.json: migration/node-core.changelog-pkey.xml::non-clustered_pk-6::R3.Corda: Skipping changeSet migration/node-core.changelog-pkey.xml::non-clustered_pk-6::R3.Corda due to validation error(s): clustered is not allowed on h2
?[m?[37m[INFO] 12:35:32,344 [Test worker] liquibase. - master.changelog.json: migration/node-core.changelog-pkey.xml::non-clustered_pk-7::R3.Corda: Skipping changeSet migration/node-core.changelog-pkey.xml::non-clustered_pk-7::R3.Corda due to validation error(s): clustered is not allowed on h2
?[m?[37m[INFO] 12:35:32,349 [Test worker] liquibase. - Successfully acquired change log lock
?[m?[37m[INFO] 12:35:32,349 [Test worker] liquibase. - master.changelog.json: migration/common.changelog-init.xml::1511451595465-1.3::R3.Corda: Skipping changeSet migration/common.changelog-init.xml::1511451595465-1.3::R3.Corda due to validation error(s): minValue is not allowed on h2
?[m?[37m[INFO] 12:35:32,351 [Test worker] liquibase. - master.changelog.json: migration/vault-schema.changelog-pkey.xml::non-clustered_pk-11::R3.Corda: Skipping changeSet migration/vault-schema.changelog-pkey.xml::non-clustered_pk-11::R3.Corda due to validation error(s): clustered is not allowed on h2
?[m?[37m[INFO] 12:35:32,351 [Test worker] liquibase. - master.changelog.json: migration/vault-schema.changelog-pkey.xml::non-clustered_pk-12::R3.Corda: Skipping changeSet migration/vault-schema.changelog-pkey.xml::non-clustered_pk-12::R3.Corda due to validation error(s): clustered is not allowed on h2
?[m?[37m[INFO] 12:35:32,351 [Test worker] liquibase. - master.changelog.json: migration/vault-schema.changelog-pkey.xml::non-clustered_pk-13::R3.Corda: Skipping changeSet migration/vault-schema.changelog-pkey.xml::non-clustered_pk-13::R3.Corda due to validation error(s): clustered is not allowed on h2
?[m?[37m[INFO] 12:35:32,357 [Test worker] liquibase. - master.changelog.json: migration/node-core.changelog-pkey.xml::non-clustered_pk-1::R3.Corda: Skipping changeSet migration/node-core.changelog-pkey.xml::non-clustered_pk-1::R3.Corda due to validation error(s): clustered is not allowed on h2
?[m?[37m[INFO] 12:35:32,357 [Test worker] liquibase. - master.changelog.json: migration/node-core.changelog-pkey.xml::non-clustered_pk-2::R3.Corda: Skipping changeSet migration/node-core.changelog-pkey.xml::non-clustered_pk-2::R3.Corda due to validation error(s): clustered is not allowed on h2
?[m?[37m[INFO] 12:35:32,357 [Test worker] liquibase. - master.changelog.json: migration/node-core.changelog-pkey.xml::non-clustered_pk-3::R3.Corda: Skipping changeSet migration/node-core.changelog-pkey.xml::non-clustered_pk-3::R3.Corda due to validation error(s): clustered is not allowed on h2
?[m?[37m[INFO] 12:35:32,357 [Test worker] liquibase. - master.changelog.json: migration/node-core.changelog-pkey.xml::non-clustered_pk-4::R3.Corda: Skipping changeSet migration/node-core.changelog-pkey.xml::non-clustered_pk-4::R3.Corda due to validation error(s): clustered is not allowed on h2
?[m?[37m[INFO] 12:35:32,357 [Test worker] liquibase. - master.changelog.json: migration/node-core.changelog-pkey.xml::non-clustered_pk-5::R3.Corda: Skipping changeSet migration/node-core.changelog-pkey.xml::non-clustered_pk-5::R3.Corda due to validation error(s): clustered is not allowed on h2
?[m?[37m[INFO] 12:35:32,358 [Test worker] liquibase. - master.changelog.json: migration/node-core.changelog-pkey.xml::non-clustered_pk-6::R3.Corda: Skipping changeSet migration/node-core.changelog-pkey.xml::non-clustered_pk-6::R3.Corda due to validation error(s): clustered is not allowed on h2
?[m?[37m[INFO] 12:35:32,358 [Test worker] liquibase. - master.changelog.json: migration/node-core.changelog-pkey.xml::non-clustered_pk-7::R3.Corda: Skipping changeSet migration/node-core.changelog-pkey.xml::non-clustered_pk-7::R3.Corda due to validation error(s): clustered is not allowed on h2
?[m?[37m[INFO] 12:35:32,359 [Test worker] liquibase. - master.changelog.json: migration/common.changelog-init.xml::1511451595465-1.1::R3.Corda: Sequence hibernate_sequence created
?[m?[37m[INFO] 12:35:32,359 [Test worker] liquibase. - master.changelog.json: migration/common.changelog-init.xml::1511451595465-1.1::R3.Corda: ChangeSet migration/common.changelog-init.xml::1511451595465-1.1::R3.Corda ran successfully in 0ms
?[m?[37m[INFO] 12:35:32,361 [Test worker] liquibase. - master.changelog.json: migration/vault-schema.changelog-init.xml::1511451595465-22::R3.Corda: Table vault_fungible_states created
?[m?[37m[INFO] 12:35:32,361 [Test worker] liquibase. - master.changelog.json: migration/vault-schema.changelog-init.xml::1511451595465-22::R3.Corda: ChangeSet migration/vault-schema.changelog-init.xml::1511451595465-22::R3.Corda ran successfully in 0ms
?[m?[37m[INFO] 12:35:32,363 [Test worker] liquibase. - master.changelog.json: migration/vault-schema.changelog-init.xml::1511451595465-23::R3.Corda: Table vault_fungible_states_parts created
?[m?[37m[INFO] 12:35:32,363 [Test worker] liquibase. - master.changelog.json: migration/vault-schema.changelog-init.xml::1511451595465-23::R3.Corda: ChangeSet migration/vault-schema.changelog-init.xml::1511451595465-23::R3.Corda ran successfully in 0ms
?[m?[37m[INFO] 12:35:32,365 [Test worker] liquibase. - master.changelog.json: migration/vault-schema.changelog-init.xml::1511451595465-24::R3.Corda: Table vault_linear_states created
?[m?[37m[INFO] 12:35:32,365 [Test worker] liquibase. - master.changelog.json: migration/vault-schema.changelog-init.xml::1511451595465-24::R3.Corda: ChangeSet migration/vault-schema.changelog-init.xml::1511451595465-24::R3.Corda ran successfully in 1ms
?[m?[37m[INFO] 12:35:32,367 [Test worker] liquibase. - master.changelog.json: migration/vault-schema.changelog-init.xml::1511451595465-25::R3.Corda: Table vault_linear_states_parts created
?[m?[37m[INFO] 12:35:32,367 [Test worker] liquibase. - master.changelog.json: migration/vault-schema.changelog-init.xml::1511451595465-25::R3.Corda: ChangeSet migration/vault-schema.changelog-init.xml::1511451595465-25::R3.Corda ran successfully in 1ms
?[m?[37m[INFO] 12:35:32,368 [Test worker] liquibase. - master.changelog.json: migration/vault-schema.changelog-init.xml::1511451595465-26::R3.Corda: Table vault_states created
?[m?[37m[INFO] 12:35:32,368 [Test worker] liquibase. - master.changelog.json: migration/vault-schema.changelog-init.xml::1511451595465-26::R3.Corda: ChangeSet migration/vault-schema.changelog-init.xml::1511451595465-26::R3.Corda ran successfully in 0ms
?[m?[37m[INFO] 12:35:32,370 [Test worker] liquibase. - master.changelog.json: migration/vault-schema.changelog-init.xml::1511451595465-27::R3.Corda: Table vault_transaction_notes created
?[m?[37m[INFO] 12:35:32,370 [Test worker] liquibase. - master.changelog.json: migration/vault-schema.changelog-init.xml::1511451595465-27::R3.Corda: ChangeSet migration/vault-schema.changelog-init.xml::1511451595465-27::R3.Corda ran successfully in 0ms
?[m?[37m[INFO] 12:35:32,372 [Test worker] liquibase. - master.changelog.json: migration/vault-schema.changelog-init.xml::1511451595465-47::R3.Corda: Primary key added to vault_fungible_states (output_index, transaction_id)
?[m?[37m[INFO] 12:35:32,372 [Test worker] liquibase. - master.changelog.json: migration/vault-schema.changelog-init.xml::1511451595465-47::R3.Corda: ChangeSet migration/vault-schema.changelog-init.xml::1511451595465-47::R3.Corda ran successfully in 1ms
?[m?[37m[INFO] 12:35:32,374 [Test worker] liquibase. - master.changelog.json: migration/vault-schema.changelog-init.xml::1511451595465-48::R3.Corda: Primary key added to vault_linear_states (output_index, transaction_id)
?[m?[37m[INFO] 12:35:32,374 [Test worker] liquibase. - master.changelog.json: migration/vault-schema.changelog-init.xml::1511451595465-48::R3.Corda: ChangeSet migration/vault-schema.changelog-init.xml::1511451595465-48::R3.Corda ran successfully in 1ms
?[m?[37m[INFO] 12:35:32,375 [Test worker] liquibase. - master.changelog.json: migration/vault-schema.changelog-init.xml::1511451595465-49::R3.Corda: Primary key added to vault_states (output_index, transaction_id)
?[m?[37m[INFO] 12:35:32,375 [Test worker] liquibase. - master.changelog.json: migration/vault-schema.changelog-init.xml::1511451595465-49::R3.Corda: ChangeSet migration/vault-schema.changelog-init.xml::1511451595465-49::R3.Corda ran successfully in 0ms
?[m?[37m[INFO] 12:35:32,377 [Test worker] liquibase. - master.changelog.json: migration/vault-schema.changelog-init.xml::1511451595465-50::R3.Corda: Primary key added to vault_transaction_notes (seq_no)
?[m?[37m[INFO] 12:35:32,377 [Test worker] liquibase. - master.changelog.json: migration/vault-schema.changelog-init.xml::1511451595465-50::R3.Corda: ChangeSet migration/vault-schema.changelog-init.xml::1511451595465-50::R3.Corda ran successfully in 0ms
?[m?[37m[INFO] 12:35:32,379 [Test worker] liquibase. - master.changelog.json: migration/vault-schema.changelog-init.xml::1511451595465-53::R3.Corda: Index external_id_index created
?[m?[37m[INFO] 12:35:32,379 [Test worker] liquibase. - master.changelog.json: migration/vault-schema.changelog-init.xml::1511451595465-53::R3.Corda: ChangeSet migration/vault-schema.changelog-init.xml::1511451595465-53::R3.Corda ran successfully in 0ms
?[m?[37m[INFO] 12:35:32,381 [Test worker] liquibase. - master.changelog.json: migration/vault-schema.changelog-init.xml::1511451595465-55::R3.Corda: Index lock_id_idx created
?[m?[37m[INFO] 12:35:32,381 [Test worker] liquibase. - master.changelog.json: migration/vault-schema.changelog-init.xml::1511451595465-55::R3.Corda: ChangeSet migration/vault-schema.changelog-init.xml::1511451595465-55::R3.Corda ran successfully in 1ms
?[m?[37m[INFO] 12:35:32,382 [Test worker] liquibase. - master.changelog.json: migration/vault-schema.changelog-init.xml::1511451595465-58::R3.Corda: Index state_status_idx created
?[m?[37m[INFO] 12:35:32,382 [Test worker] liquibase. - master.changelog.json: migration/vault-schema.changelog-init.xml::1511451595465-58::R3.Corda: ChangeSet migration/vault-schema.changelog-init.xml::1511451595465-58::R3.Corda ran successfully in 0ms
?[m?[37m[INFO] 12:35:32,384 [Test worker] liquibase. - master.changelog.json: migration/vault-schema.changelog-init.xml::1511451595465-59::R3.Corda: Index transaction_id_index created
?[m?[37m[INFO] 12:35:32,384 [Test worker] liquibase. - master.changelog.json: migration/vault-schema.changelog-init.xml::1511451595465-59::R3.Corda: ChangeSet migration/vault-schema.changelog-init.xml::1511451595465-59::R3.Corda ran successfully in 0ms
?[m?[37m[INFO] 12:35:32,386 [Test worker] liquibase. - master.changelog.json: migration/vault-schema.changelog-init.xml::1511451595465-60::R3.Corda: Index uuid_index created
?[m?[37m[INFO] 12:35:32,386 [Test worker] liquibase. - master.changelog.json: migration/vault-schema.changelog-init.xml::1511451595465-60::R3.Corda: ChangeSet migration/vault-schema.changelog-init.xml::1511451595465-60::R3.Corda ran successfully in 1ms
?[m?[37m[INFO] 12:35:32,388 [Test worker] liquibase. - master.changelog.json: migration/vault-schema.changelog-init.xml::1511451595465-64::R3.Corda: Foreign key constraint added to vault_fungible_states_parts (output_index,transaction_id)
?[m?[37m[INFO] 12:35:32,388 [Test worker] liquibase. - master.changelog.json: migration/vault-schema.changelog-init.xml::1511451595465-64::R3.Corda: ChangeSet migration/vault-schema.changelog-init.xml::1511451595465-64::R3.Corda ran successfully in 1ms
?[m?[37m[INFO] 12:35:32,390 [Test worker] liquibase. - master.changelog.json: migration/vault-schema.changelog-init.xml::1511451595465-65::R3.Corda: Foreign key constraint added to vault_linear_states_parts (output_index,transaction_id)
?[m?[37m[INFO] 12:35:32,390 [Test worker] liquibase. - master.changelog.json: migration/vault-schema.changelog-init.xml::1511451595465-65::R3.Corda: ChangeSet migration/vault-schema.changelog-init.xml::1511451595465-65::R3.Corda ran successfully in 1ms
?[m?[37m[INFO] 12:35:32,392 [Test worker] liquibase. - master.changelog.json: migration/vault-schema.changelog-v3.xml::clean_vault::R3.Corda: Data deleted from vault_fungible_states_parts
?[m?[37m[INFO] 12:35:32,392 [Test worker] liquibase. - master.changelog.json: migration/vault-schema.changelog-v3.xml::clean_vault::R3.Corda: Data deleted from vault_fungible_states
?[m?[37m[INFO] 12:35:32,392 [Test worker] liquibase. - master.changelog.json: migration/vault-schema.changelog-v3.xml::clean_vault::R3.Corda: Data deleted from vault_linear_states_parts
?[m?[37m[INFO] 12:35:32,392 [Test worker] liquibase. - master.changelog.json: migration/vault-schema.changelog-v3.xml::clean_vault::R3.Corda: Data deleted from vault_linear_states
?[m?[37m[INFO] 12:35:32,392 [Test worker] liquibase. - master.changelog.json: migration/vault-schema.changelog-v3.xml::clean_vault::R3.Corda: Data deleted from vault_states
?[m?[37m[INFO] 12:35:32,392 [Test worker] liquibase. - master.changelog.json: migration/vault-schema.changelog-v3.xml::clean_vault::R3.Corda: Data deleted from vault_transaction_notes
?[m?[37m[INFO] 12:35:32,392 [Test worker] liquibase. - master.changelog.json: migration/vault-schema.changelog-v3.xml::clean_vault::R3.Corda: ChangeSet migration/vault-schema.changelog-v3.xml::clean_vault::R3.Corda ran successfully in 0ms
?[m?[37m[INFO] 12:35:32,394 [Test worker] liquibase. - master.changelog.json: migration/vault-schema.changelog-v4.xml::nullability::R3.Corda: Null constraint has been added to vault_fungible_states.quantity
?[m?[37m[INFO] 12:35:32,394 [Test worker] liquibase. - master.changelog.json: migration/vault-schema.changelog-v4.xml::nullability::R3.Corda: Null constraint has been added to vault_states.contract_state_class_name
?[m?[37m[INFO] 12:35:32,394 [Test worker] liquibase. - master.changelog.json: migration/vault-schema.changelog-v4.xml::nullability::R3.Corda: Null constraint has been added to vault_states.notary_name
?[m?[37m[INFO] 12:35:32,394 [Test worker] liquibase. - master.changelog.json: migration/vault-schema.changelog-v4.xml::nullability::R3.Corda: Null constraint has been added to vault_states.recorded_timestamp
?[m?[37m[INFO] 12:35:32,395 [Test worker] liquibase. - master.changelog.json: migration/vault-schema.changelog-v4.xml::nullability::R3.Corda: Index state_status_idx dropped from table vault_states
?[m?[37m[INFO] 12:35:32,395 [Test worker] liquibase. - master.changelog.json: migration/vault-schema.changelog-v4.xml::nullability::R3.Corda: Index lock_id_idx dropped from table vault_states
?[m?[37m[INFO] 12:35:32,395 [Test worker] liquibase. - master.changelog.json: migration/vault-schema.changelog-v4.xml::nullability::R3.Corda: Null constraint has been added to vault_states.state_status
?[m?[37m[INFO] 12:35:32,395 [Test worker] liquibase. - master.changelog.json: migration/vault-schema.changelog-v4.xml::nullability::R3.Corda: Index state_status_idx created
?[m?[37m[INFO] 12:35:32,395 [Test worker] liquibase. - master.changelog.json: migration/vault-schema.changelog-v4.xml::nullability::R3.Corda: Index lock_id_idx created
?[m?[37m[INFO] 12:35:32,396 [Test worker] liquibase. - master.changelog.json: migration/vault-schema.changelog-v4.xml::nullability::R3.Corda: Index transaction_id_index dropped from table vault_transaction_notes
?[m?[37m[INFO] 12:35:32,396 [Test worker] liquibase. - master.changelog.json: migration/vault-schema.changelog-v4.xml::nullability::R3.Corda: Null constraint has been added to vault_transaction_notes.note
?[m?[37m[INFO] 12:35:32,396 [Test worker] liquibase. - master.changelog.json: migration/vault-schema.changelog-v4.xml::nullability::R3.Corda: Null constraint has been added to vault_transaction_notes.transaction_id
?[m?[37m[INFO] 12:35:32,396 [Test worker] liquibase. - master.changelog.json: migration/vault-schema.changelog-v4.xml::nullability::R3.Corda: Index transaction_id_index created
?[m?[37m[INFO] 12:35:32,396 [Test worker] liquibase. - master.changelog.json: migration/vault-schema.changelog-v4.xml::nullability::R3.Corda: ChangeSet migration/vault-schema.changelog-v4.xml::nullability::R3.Corda ran successfully in 3ms
?[m?[37m[INFO] 12:35:32,406 [Test worker] liquibase. - master.changelog.json: migration/vault-schema.changelog-v5.xml::add_relevancy_status_column::R3.Corda: Columns relevancy_status(INT) added to vault_states
?[m?[37m[INFO] 12:35:32,406 [Test worker] liquibase. - master.changelog.json: migration/vault-schema.changelog-v5.xml::add_relevancy_status_column::R3.Corda: Data updated in vault_states
?[m?[37m[INFO] 12:35:32,406 [Test worker] liquibase. - master.changelog.json: migration/vault-schema.changelog-v5.xml::add_relevancy_status_column::R3.Corda: Null constraint has been added to vault_states.relevancy_status
?[m?[37m[INFO] 12:35:32,406 [Test worker] liquibase. - master.changelog.json: migration/vault-schema.changelog-v5.xml::add_relevancy_status_column::R3.Corda: ChangeSet migration/vault-schema.changelog-v5.xml::add_relevancy_status_column::R3.Corda ran successfully in 3ms
?[m?[37m[INFO] 12:35:32,410 [Test worker] liquibase. - master.changelog.json: migration/vault-schema.changelog-v6.xml::add_is_constraint_information_columns::R3.Corda: Columns constraint_type(INT) added to vault_states
?[m?[37m[INFO] 12:35:32,412 [Test worker] liquibase. - master.changelog.json: migration/vault-schema.changelog-v6.xml::add_is_constraint_information_columns::R3.Corda: Columns constraint_data(varbinary(563)) added to vault_states
?[m?[37m[INFO] 12:35:32,412 [Test worker] liquibase. - master.changelog.json: migration/vault-schema.changelog-v6.xml::add_is_constraint_information_columns::R3.Corda: ChangeSet migration/vault-schema.changelog-v6.xml::add_is_constraint_information_columns::R3.Corda ran successfully in 4ms
?[m?[37m[INFO] 12:35:32,414 [Test worker] liquibase. - master.changelog.json: migration/vault-schema.changelog-v7.xml::make_issuer_ref_nullable::R3.Corda: Null constraint dropped from vault_fungible_states.issuer_ref
?[m?[37m[INFO] 12:35:32,414 [Test worker] liquibase. - master.changelog.json: migration/vault-schema.changelog-v7.xml::make_issuer_ref_nullable::R3.Corda: ChangeSet migration/vault-schema.changelog-v7.xml::make_issuer_ref_nullable::R3.Corda ran successfully in 0ms
?[m?[37m[INFO] 12:35:32,416 [Test worker] liquibase. - master.changelog.json: migration/vault-schema.changelog-v8.xml::create-external-id-to-state-party-view::R3.Corda: Table state_party created
?[m?[37m[INFO] 12:35:32,417 [Test worker] liquibase. - master.changelog.json: migration/vault-schema.changelog-v8.xml::create-external-id-to-state-party-view::R3.Corda: Index state_pk_hash_idx created
?[m?[37m[INFO] 12:35:32,417 [Test worker] liquibase. - master.changelog.json: migration/vault-schema.changelog-v8.xml::create-external-id-to-state-party-view::R3.Corda: Table pk_hash_to_ext_id_map created
?[m?[37m[INFO] 12:35:32,417 [Test worker] liquibase. - master.changelog.json: migration/vault-schema.changelog-v8.xml::create-external-id-to-state-party-view::R3.Corda: Index pk_hash_to_xid_idx created
?[m?[37m[INFO] 12:35:32,419 [Test worker] liquibase. - master.changelog.json: migration/vault-schema.changelog-v8.xml::create-external-id-to-state-party-view::R3.Corda: View v_pkey_hash_ex_id_map created
?[m?[37m[INFO] 12:35:32,419 [Test worker] liquibase. - master.changelog.json: migration/vault-schema.changelog-v8.xml::create-external-id-to-state-party-view::R3.Corda: ChangeSet migration/vault-schema.changelog-v8.xml::create-external-id-to-state-party-view::R3.Corda ran successfully in 3ms
?[m?[37m[INFO] 12:35:32,421 [Test worker] liquibase. - master.changelog.json: migration/node-info.changelog-init.xml::1511451595465-4::R3.Corda: Table node_link_nodeinfo_party created
?[m?[37m[INFO] 12:35:32,421 [Test worker] liquibase. - master.changelog.json: migration/node-info.changelog-init.xml::1511451595465-4::R3.Corda: ChangeSet migration/node-info.changelog-init.xml::1511451595465-4::R3.Corda ran successfully in 0ms
?[m?[37m[INFO] 12:35:32,423 [Test worker] liquibase. - master.changelog.json: migration/node-info.changelog-init.xml::1511451595465-10::R3.Corda: Table node_info_hosts created
?[m?[37m[INFO] 12:35:32,423 [Test worker] liquibase. - master.changelog.json: migration/node-info.changelog-init.xml::1511451595465-10::R3.Corda: ChangeSet migration/node-info.changelog-init.xml::1511451595465-10::R3.Corda ran successfully in 1ms
?[m?[37m[INFO] 12:35:32,425 [Test worker] liquibase. - master.changelog.json: migration/node-info.changelog-init.xml::1511451595465-11::R3.Corda: Table node_info_party_cert created
?[m?[37m[INFO] 12:35:32,425 [Test worker] liquibase. - master.changelog.json: migration/node-info.changelog-init.xml::1511451595465-11::R3.Corda: ChangeSet migration/node-info.changelog-init.xml::1511451595465-11::R3.Corda ran successfully in 1ms
?[m?[37m[INFO] 12:35:32,426 [Test worker] liquibase. - master.changelog.json: migration/node-info.changelog-init.xml::1511451595465-12::R3.Corda: Table node_infos created
?[m?[37m[INFO] 12:35:32,426 [Test worker] liquibase. - master.changelog.json: migration/node-info.changelog-init.xml::1511451595465-12::R3.Corda: ChangeSet migration/node-info.changelog-init.xml::1511451595465-12::R3.Corda ran successfully in 0ms
?[m?[37m[INFO] 12:35:32,428 [Test worker] liquibase. - master.changelog.json: migration/node-info.changelog-init.xml::1511451595465-35::R3.Corda: Primary key added to node_info_hosts (host, port)
?[m?[37m[INFO] 12:35:32,428 [Test worker] liquibase. - master.changelog.json: migration/node-info.changelog-init.xml::1511451595465-35::R3.Corda: ChangeSet migration/node-info.changelog-init.xml::1511451595465-35::R3.Corda ran successfully in 1ms
?[m?[37m[INFO] 12:35:32,430 [Test worker] liquibase. - master.changelog.json: migration/node-info.changelog-init.xml::1511451595465-36::R3.Corda: Primary key added to node_info_party_cert (party_name)
?[m?[37m[INFO] 12:35:32,430 [Test worker] liquibase. - master.changelog.json: migration/node-info.changelog-init.xml::1511451595465-36::R3.Corda: ChangeSet migration/node-info.changelog-init.xml::1511451595465-36::R3.Corda ran successfully in 1ms
?[m?[37m[INFO] 12:35:32,431 [Test worker] liquibase. - master.changelog.json: migration/node-info.changelog-init.xml::1511451595465-37::R3.Corda: Primary key added to node_infos (node_info_id)
?[m?[37m[INFO] 12:35:32,432 [Test worker] liquibase. - master.changelog.json: migration/node-info.changelog-init.xml::1511451595465-37::R3.Corda: ChangeSet migration/node-info.changelog-init.xml::1511451595465-37::R3.Corda ran successfully in 1ms
?[m?[37m[INFO] 12:35:32,434 [Test worker] liquibase. - master.changelog.json: migration/node-info.changelog-init.xml::1511451595465-62::R3.Corda: Foreign key constraint added to node_link_nodeinfo_party (node_info_id)
?[m?[37m[INFO] 12:35:32,434 [Test worker] liquibase. - master.changelog.json: migration/node-info.changelog-init.xml::1511451595465-62::R3.Corda: ChangeSet migration/node-info.changelog-init.xml::1511451595465-62::R3.Corda ran successfully in 1ms
?[m?[37m[INFO] 12:35:32,437 [Test worker] liquibase. - master.changelog.json: migration/node-info.changelog-init.xml::1511451595465-63::R3.Corda: Foreign key constraint added to node_info_hosts (node_info_id)
?[m?[37m[INFO] 12:35:32,437 [Test worker] liquibase. - master.changelog.json: migration/node-info.changelog-init.xml::1511451595465-63::R3.Corda: ChangeSet migration/node-info.changelog-init.xml::1511451595465-63::R3.Corda ran successfully in 1ms
?[m?[37m[INFO] 12:35:32,439 [Test worker] liquibase. - master.changelog.json: migration/node-info.changelog-init.xml::remove_host_port_pk::R3.Corda: Data deleted from node_infos
?[m?[37m[INFO] 12:35:32,439 [Test worker] liquibase. - master.changelog.json: migration/node-info.changelog-init.xml::remove_host_port_pk::R3.Corda: Data deleted from node_link_nodeinfo_party
?[m?[37m[INFO] 12:35:32,439 [Test worker] liquibase. - master.changelog.json: migration/node-info.changelog-init.xml::remove_host_port_pk::R3.Corda: Data deleted from node_info_hosts
?[m?[37m[INFO] 12:35:32,439 [Test worker] liquibase. - master.changelog.json: migration/node-info.changelog-init.xml::remove_host_port_pk::R3.Corda: Data deleted from node_info_party_cert
?[m?[37m[INFO] 12:35:32,439 [Test worker] liquibase. - master.changelog.json: migration/node-info.changelog-init.xml::remove_host_port_pk::R3.Corda: Primary key dropped from node_info_hosts
?[m?[37m[INFO] 12:35:32,441 [Test worker] liquibase. - master.changelog.json: migration/node-info.changelog-init.xml::remove_host_port_pk::R3.Corda: Columns hosts_id(INT) added to node_info_hosts
?[m?[37m[INFO] 12:35:32,441 [Test worker] liquibase. - master.changelog.json: migration/node-info.changelog-init.xml::remove_host_port_pk::R3.Corda: Primary key added to node_info_hosts (hosts_id)
?[m?[37m[INFO] 12:35:32,441 [Test worker] liquibase. - master.changelog.json: migration/node-info.changelog-init.xml::remove_host_port_pk::R3.Corda: ChangeSet migration/node-info.changelog-init.xml::remove_host_port_pk::R3.Corda ran successfully in 3ms
?[m?[37m[INFO] 12:35:32,444 [Test worker] liquibase. - master.changelog.json: migration/node-info.changelog-v1.xml::key/value node properties table::R3.Corda: Table node_properties created
?[m?[37m[INFO] 12:35:32,444 [Test worker] liquibase. - master.changelog.json: migration/node-info.changelog-v1.xml::key/value node properties table::R3.Corda: ChangeSet migration/node-info.changelog-v1.xml::key/value node properties table::R3.Corda ran successfully in 1ms
?[m?[37m[INFO] 12:35:32,445 [Test worker] liquibase. - master.changelog.json: migration/node-info.changelog-v2.xml::1525962920::R3.Corda: Null constraint has been added to node_infos.node_info_hash
?[m?[37m[INFO] 12:35:32,446 [Test worker] liquibase. - master.changelog.json: migration/node-info.changelog-v2.xml::1525962920::R3.Corda: Null constraint has been added to node_infos.platform_version
?[m?[37m[INFO] 12:35:32,446 [Test worker] liquibase. - master.changelog.json: migration/node-info.changelog-v2.xml::1525962920::R3.Corda: Null constraint has been added to node_infos.serial
?[m?[37m[INFO] 12:35:32,446 [Test worker] liquibase. - master.changelog.json: migration/node-info.changelog-v2.xml::1525962920::R3.Corda: Null constraint dropped from node_info_hosts.host
?[m?[37m[INFO] 12:35:32,446 [Test worker] liquibase. - master.changelog.json: migration/node-info.changelog-v2.xml::1525962920::R3.Corda: Null constraint dropped from node_info_hosts.port
?[m?[37m[INFO] 12:35:32,446 [Test worker] liquibase. - master.changelog.json: migration/node-info.changelog-v2.xml::1525962920::R3.Corda: Null constraint has been added to node_info_party_cert.owning_key_hash
?[m?[37m[INFO] 12:35:32,447 [Test worker] liquibase. - master.changelog.json: migration/node-info.changelog-v2.xml::1525962920::R3.Corda: Null constraint has been added to node_info_party_cert.party_cert_binary
?[m?[37m[INFO] 12:35:32,447 [Test worker] liquibase. - master.changelog.json: migration/node-info.changelog-v2.xml::1525962920::R3.Corda: ChangeSet migration/node-info.changelog-v2.xml::1525962920::R3.Corda ran successfully in 2ms
?[m?[37m[INFO] 12:35:32,449 [Test worker] liquibase. - master.changelog.json: migration/node-info.changelog-v3.xml::column_host_name::R3.Corda: Column node_info_hosts.host renamed to host_name
?[m?[37m[INFO] 12:35:32,449 [Test worker] liquibase. - master.changelog.json: migration/node-info.changelog-v3.xml::column_host_name::R3.Corda: ChangeSet migration/node-info.changelog-v3.xml::column_host_name::R3.Corda ran successfully in 1ms
?[m?[37m[INFO] 12:35:32,451 [Test worker] liquibase. - master.changelog.json: migration/node-services.changelog-init.xml::1511451595465-5::R3.Corda: Table node_attachments created
?[m?[37m[INFO] 12:35:32,451 [Test worker] liquibase. - master.changelog.json: migration/node-services.changelog-init.xml::1511451595465-5::R3.Corda: ChangeSet migration/node-services.changelog-init.xml::1511451595465-5::R3.Corda ran successfully in 1ms
?[m?[37m[INFO] 12:35:32,453 [Test worker] liquibase. - master.changelog.json: migration/node-services.changelog-init.xml::1511451595465-7::R3.Corda: Table node_checkpoints created
?[m?[37m[INFO] 12:35:32,453 [Test worker] liquibase. - master.changelog.json: migration/node-services.changelog-init.xml::1511451595465-7::R3.Corda: ChangeSet migration/node-services.changelog-init.xml::1511451595465-7::R3.Corda ran successfully in 1ms
?[m?[37m[INFO] 12:35:32,455 [Test worker] liquibase. - master.changelog.json: migration/node-services.changelog-init.xml::1511451595465-8::R3.Corda: Table node_contract_upgrades created
?[m?[37m[INFO] 12:35:32,455 [Test worker] liquibase. - master.changelog.json: migration/node-services.changelog-init.xml::1511451595465-8::R3.Corda: ChangeSet migration/node-services.changelog-init.xml::1511451595465-8::R3.Corda ran successfully in 1ms
?[m?[37m[INFO] 12:35:32,456 [Test worker] liquibase. - master.changelog.json: migration/node-services.changelog-init.xml::1511451595465-9::R3.Corda: Table node_identities created
?[m?[37m[INFO] 12:35:32,456 [Test worker] liquibase. - master.changelog.json: migration/node-services.changelog-init.xml::1511451595465-9::R3.Corda: ChangeSet migration/node-services.changelog-init.xml::1511451595465-9::R3.Corda ran successfully in 0ms
?[m?[37m[INFO] 12:35:32,458 [Test worker] liquibase. - master.changelog.json: migration/node-services.changelog-init.xml::1511451595465-13::R3.Corda: Table node_message_ids created
?[m?[37m[INFO] 12:35:32,458 [Test worker] liquibase. - master.changelog.json: migration/node-services.changelog-init.xml::1511451595465-13::R3.Corda: ChangeSet migration/node-services.changelog-init.xml::1511451595465-13::R3.Corda ran successfully in 0ms
?[m?[37m[INFO] 12:35:32,460 [Test worker] liquibase. - master.changelog.json: migration/node-services.changelog-init.xml::1511451595465-14::R3.Corda: Table node_message_retry created
?[m?[37m[INFO] 12:35:32,461 [Test worker] liquibase. - master.changelog.json: migration/node-services.changelog-init.xml::1511451595465-14::R3.Corda: ChangeSet migration/node-services.changelog-init.xml::1511451595465-14::R3.Corda ran successfully in 0ms
?[m?[37m[INFO] 12:35:32,462 [Test worker] liquibase. - master.changelog.json: migration/node-services.changelog-init.xml::1511451595465-15::R3.Corda: Table node_named_identities created
?[m?[37m[INFO] 12:35:32,462 [Test worker] liquibase. - master.changelog.json: migration/node-services.changelog-init.xml::1511451595465-15::R3.Corda: ChangeSet migration/node-services.changelog-init.xml::1511451595465-15::R3.Corda ran successfully in 0ms
?[m?[37m[INFO] 12:35:32,464 [Test worker] liquibase. - master.changelog.json: migration/node-services.changelog-init.xml::1511451595465-17::R3.Corda: Table node_our_key_pairs created
?[m?[37m[INFO] 12:35:32,464 [Test worker] liquibase. - master.changelog.json: migration/node-services.changelog-init.xml::1511451595465-17::R3.Corda: ChangeSet migration/node-services.changelog-init.xml::1511451595465-17::R3.Corda ran successfully in 1ms
?[m?[37m[INFO] 12:35:32,466 [Test worker] liquibase. - master.changelog.json: migration/node-services.changelog-init.xml::1511451595465-19::R3.Corda: Table node_scheduled_states created
?[m?[37m[INFO] 12:35:32,466 [Test worker] liquibase. - master.changelog.json: migration/node-services.changelog-init.xml::1511451595465-19::R3.Corda: ChangeSet migration/node-services.changelog-init.xml::1511451595465-19::R3.Corda ran successfully in 1ms
?[m?[37m[INFO] 12:35:32,467 [Test worker] liquibase. - master.changelog.json: migration/node-services.changelog-init.xml::1511451595465-20::R3.Corda: Table node_transaction_mappings created
?[m?[37m[INFO] 12:35:32,467 [Test worker] liquibase. - master.changelog.json: migration/node-services.changelog-init.xml::1511451595465-20::R3.Corda: ChangeSet migration/node-services.changelog-init.xml::1511451595465-20::R3.Corda ran successfully in 0ms
?[m?[37m[INFO] 12:35:32,469 [Test worker] liquibase. - master.changelog.json: migration/node-services.changelog-init.xml::1511451595465-21::R3.Corda: Table node_transactions created
?[m?[37m[INFO] 12:35:32,469 [Test worker] liquibase. - master.changelog.json: migration/node-services.changelog-init.xml::1511451595465-21::R3.Corda: ChangeSet migration/node-services.changelog-init.xml::1511451595465-21::R3.Corda ran successfully in 0ms
?[m?[37m[INFO] 12:35:32,471 [Test worker] liquibase. - master.changelog.json: migration/node-services.changelog-init.xml::1511451595465-30::R3.Corda: Primary key added to node_attachments (att_id)
?[m?[37m[INFO] 12:35:32,471 [Test worker] liquibase. - master.changelog.json: migration/node-services.changelog-init.xml::1511451595465-30::R3.Corda: ChangeSet migration/node-services.changelog-init.xml::1511451595465-30::R3.Corda ran successfully in 1ms
?[m?[37m[INFO] 12:35:32,472 [Test worker] liquibase. - master.changelog.json: migration/node-services.changelog-init.xml::1511451595465-32::R3.Corda: Primary key added to node_checkpoints (checkpoint_id)
?[m?[37m[INFO] 12:35:32,472 [Test worker] liquibase. - master.changelog.json: migration/node-services.changelog-init.xml::1511451595465-32::R3.Corda: ChangeSet migration/node-services.changelog-init.xml::1511451595465-32::R3.Corda ran successfully in 0ms
?[m?[37m[INFO] 12:35:32,474 [Test worker] liquibase. - master.changelog.json: migration/node-services.changelog-init.xml::1511451595465-33::R3.Corda: Primary key added to node_contract_upgrades (state_ref)
?[m?[37m[INFO] 12:35:32,474 [Test worker] liquibase. - master.changelog.json: migration/node-services.changelog-init.xml::1511451595465-33::R3.Corda: ChangeSet migration/node-services.changelog-init.xml::1511451595465-33::R3.Corda ran successfully in 1ms
?[m?[37m[INFO] 12:35:32,475 [Test worker] liquibase. - master.changelog.json: migration/node-services.changelog-init.xml::1511451595465-34::R3.Corda: Primary key added to node_identities (pk_hash)
?[m?[37m[INFO] 12:35:32,475 [Test worker] liquibase. - master.changelog.json: migration/node-services.changelog-init.xml::1511451595465-34::R3.Corda: ChangeSet migration/node-services.changelog-init.xml::1511451595465-34::R3.Corda ran successfully in 0ms
?[m?[37m[INFO] 12:35:32,478 [Test worker] liquibase. - master.changelog.json: migration/node-services.changelog-init.xml::1511451595465-38::R3.Corda: Primary key added to node_message_ids (message_id)
?[m?[37m[INFO] 12:35:32,478 [Test worker] liquibase. - master.changelog.json: migration/node-services.changelog-init.xml::1511451595465-38::R3.Corda: ChangeSet migration/node-services.changelog-init.xml::1511451595465-38::R3.Corda ran successfully in 1ms
?[m?[37m[INFO] 12:35:32,480 [Test worker] liquibase. - master.changelog.json: migration/node-services.changelog-init.xml::1511451595465-39::R3.Corda: Primary key added to node_message_retry (message_id)
?[m?[37m[INFO] 12:35:32,480 [Test worker] liquibase. - master.changelog.json: migration/node-services.changelog-init.xml::1511451595465-39::R3.Corda: ChangeSet migration/node-services.changelog-init.xml::1511451595465-39::R3.Corda ran successfully in 1ms
?[m?[37m[INFO] 12:35:32,481 [Test worker] liquibase. - master.changelog.json: migration/node-services.changelog-init.xml::1511451595465-40::R3.Corda: Primary key added to node_named_identities (name)
?[m?[37m[INFO] 12:35:32,481 [Test worker] liquibase. - master.changelog.json: migration/node-services.changelog-init.xml::1511451595465-40::R3.Corda: ChangeSet migration/node-services.changelog-init.xml::1511451595465-40::R3.Corda ran successfully in 0ms
?[m?[37m[INFO] 12:35:32,483 [Test worker] liquibase. - master.changelog.json: migration/node-services.changelog-init.xml::1511451595465-42::R3.Corda: Primary key added to node_our_key_pairs (public_key_hash)
?[m?[37m[INFO] 12:35:32,483 [Test worker] liquibase. - master.changelog.json: migration/node-services.changelog-init.xml::1511451595465-42::R3.Corda: ChangeSet migration/node-services.changelog-init.xml::1511451595465-42::R3.Corda ran successfully in 0ms
?[m?[37m[INFO] 12:35:32,484 [Test worker] liquibase. - master.changelog.json: migration/node-services.changelog-init.xml::1511451595465-44::R3.Corda: Primary key added to node_scheduled_states (output_index, transaction_id)
?[m?[37m[INFO] 12:35:32,484 [Test worker] liquibase. - master.changelog.json: migration/node-services.changelog-init.xml::1511451595465-44::R3.Corda: ChangeSet migration/node-services.changelog-init.xml::1511451595465-44::R3.Corda ran successfully in 0ms
?[m?[37m[INFO] 12:35:32,486 [Test worker] liquibase. - master.changelog.json: migration/node-services.changelog-init.xml::1511451595465-45::R3.Corda: Primary key added to node_transaction_mappings (tx_id)
?[m?[37m[INFO] 12:35:32,486 [Test worker] liquibase. - master.changelog.json: migration/node-services.changelog-init.xml::1511451595465-45::R3.Corda: ChangeSet migration/node-services.changelog-init.xml::1511451595465-45::R3.Corda ran successfully in 0ms
?[m?[37m[INFO] 12:35:32,489 [Test worker] liquibase. - master.changelog.json: migration/node-services.changelog-init.xml::1511451595465-46::R3.Corda: Primary key added to node_transactions (tx_id)
?[m?[37m[INFO] 12:35:32,489 [Test worker] liquibase. - master.changelog.json: migration/node-services.changelog-init.xml::1511451595465-46::R3.Corda: ChangeSet migration/node-services.changelog-init.xml::1511451595465-46::R3.Corda ran successfully in 1ms
?[m?[37m[INFO] 12:35:32,491 [Test worker] liquibase. - master.changelog.json: migration/node-services.changelog-init.xml::1511451595465-61::R3.Corda: Foreign key constraint added to node_link_nodeinfo_party (party_name)
?[m?[37m[INFO] 12:35:32,491 [Test worker] liquibase. - master.changelog.json: migration/node-services.changelog-init.xml::1511451595465-61::R3.Corda: ChangeSet migration/node-services.changelog-init.xml::1511451595465-61::R3.Corda ran successfully in 1ms
?[m?[37m[INFO] 12:35:32,493 [Test worker] liquibase. - master.changelog.json: migration/node-services.changelog-init.xml::add index att_id::R3.Corda: Index att_id_idx created
?[m?[37m[INFO] 12:35:32,493 [Test worker] liquibase. - master.changelog.json: migration/node-services.changelog-init.xml::add index att_id::R3.Corda: ChangeSet migration/node-services.changelog-init.xml::add index att_id::R3.Corda ran successfully in 1ms
?[m?[37m[INFO] 12:35:32,494 [Test worker] liquibase. - master.changelog.json: migration/node-services.changelog-init.xml::add_contract_attachment::R3.Corda: Table node_attchments_contracts created
?[m?[37m[INFO] 12:35:32,495 [Test worker] liquibase. - master.changelog.json: migration/node-services.changelog-init.xml::add_contract_attachment::R3.Corda: Foreign key constraint added to node_attchments_contracts (att_id)
?[m?[37m[INFO] 12:35:32,495 [Test worker] liquibase. - master.changelog.json: migration/node-services.changelog-init.xml::add_contract_attachment::R3.Corda: Data deleted from node_attachments
?[m?[37m[INFO] 12:35:32,495 [Test worker] liquibase. - master.changelog.json: migration/node-services.changelog-init.xml::add_contract_attachment::R3.Corda: ChangeSet migration/node-services.changelog-init.xml::add_contract_attachment::R3.Corda ran successfully in 1ms
?[m?[37m[INFO] 12:35:32,499 [Test worker] liquibase. - master.changelog.json: migration/node-services.changelog-init.xml::add_dedup_columns::R3.Corda: Columns sender(NVARCHAR(64)),sequence_number(BIGINT) added to node_message_ids
?[m?[37m[INFO] 12:35:32,500 [Test worker] liquibase. - master.changelog.json: migration/node-services.changelog-init.xml::add_dedup_columns::R3.Corda: ChangeSet migration/node-services.changelog-init.xml::add_dedup_columns::R3.Corda ran successfully in 3ms
?[m?[37m[INFO] 12:35:32,501 [Test worker] liquibase. - master.changelog.json: migration/node-core.changelog-v4.xml::attchments_rename::R3.Corda: Table node_attchments_contracts renamed to node_attachments_contracts
?[m?[37m[INFO] 12:35:32,501 [Test worker] liquibase. - master.changelog.json: migration/node-core.changelog-v4.xml::attchments_rename::R3.Corda: ChangeSet migration/node-core.changelog-v4.xml::attchments_rename::R3.Corda ran successfully in 0ms
?[m?[37m[INFO] 12:35:32,503 [Test worker] liquibase. - master.changelog.json: migration/node-core.changelog-v4.xml::nullability::R3.Corda: Null constraint has been added to node_identities.identity_value
?[m?[37m[INFO] 12:35:32,503 [Test worker] liquibase. - master.changelog.json: migration/node-core.changelog-v4.xml::nullability::R3.Corda: Null constraint has been added to node_attachments.content
?[m?[37m[INFO] 12:35:32,503 [Test worker] liquibase. - master.changelog.json: migration/node-core.changelog-v4.xml::nullability::R3.Corda: Null constraint has been added to node_attachments_contracts.contract_class_name
?[m?[37m[INFO] 12:35:32,503 [Test worker] liquibase. - master.changelog.json: migration/node-core.changelog-v4.xml::nullability::R3.Corda: Null constraint has been added to node_checkpoints.checkpoint_value
?[m?[37m[INFO] 12:35:32,504 [Test worker] liquibase. - master.changelog.json: migration/node-core.changelog-v4.xml::nullability::R3.Corda: Null constraint has been added to node_contract_upgrades.contract_class_name
?[m?[37m[INFO] 12:35:32,504 [Test worker] liquibase. - master.changelog.json: migration/node-core.changelog-v4.xml::nullability::R3.Corda: Null constraint has been added to node_message_ids.insertion_time
?[m?[37m[INFO] 12:35:32,504 [Test worker] liquibase. - master.changelog.json: migration/node-core.changelog-v4.xml::nullability::R3.Corda: Null constraint has been added to node_message_retry.message
?[m?[37m[INFO] 12:35:32,504 [Test worker] liquibase. - master.changelog.json: migration/node-core.changelog-v4.xml::nullability::R3.Corda: Null constraint has been added to node_message_retry.recipients
?[m?[37m[INFO] 12:35:32,504 [Test worker] liquibase. - master.changelog.json: migration/node-core.changelog-v4.xml::nullability::R3.Corda: Null constraint has been added to node_named_identities.pk_hash
?[m?[37m[INFO] 12:35:32,504 [Test worker] liquibase. - master.changelog.json: migration/node-core.changelog-v4.xml::nullability::R3.Corda: Null constraint has been added to node_our_key_pairs.private_key
?[m?[37m[INFO] 12:35:32,505 [Test worker] liquibase. - master.changelog.json: migration/node-core.changelog-v4.xml::nullability::R3.Corda: Null constraint has been added to node_our_key_pairs.public_key
?[m?[37m[INFO] 12:35:32,505 [Test worker] liquibase. - master.changelog.json: migration/node-core.changelog-v4.xml::nullability::R3.Corda: Null constraint has been added to node_transaction_mappings.state_machine_run_id
?[m?[37m[INFO] 12:35:32,505 [Test worker] liquibase. - master.changelog.json: migration/node-core.changelog-v4.xml::nullability::R3.Corda: Null constraint has been added to node_transactions.transaction_value
?[m?[37m[INFO] 12:35:32,505 [Test worker] liquibase. - master.changelog.json: migration/node-core.changelog-v4.xml::nullability::R3.Corda: ChangeSet migration/node-core.changelog-v4.xml::nullability::R3.Corda ran successfully in 3ms
?[m?[37m[INFO] 12:35:32,508 [Test worker] liquibase. - master.changelog.json: migration/node-core.changelog-v5.xml::remove_unused_node_message_retry::R3.Corda: Table node_message_retry dropped
?[m?[37m[INFO] 12:35:32,508 [Test worker] liquibase. - master.changelog.json: migration/node-core.changelog-v5.xml::remove_unused_node_message_retry::R3.Corda: ChangeSet migration/node-core.changelog-v5.xml::remove_unused_node_message_retry::R3.Corda ran successfully in 1ms
?[m?[37m[INFO] 12:35:32,529 [Test worker] liquibase. - master.changelog.json: migration/node-core.changelog-v8.xml::conditional_attchments_rename::R3.Corda: Marking ChangeSet: migration/node-core.changelog-v8.xml::conditional_attchments_rename::R3.Corda ran despite precondition failure due to onFail='MARK_RAN': 
          master.changelog.json : Table PUBLIC.NODE_ATTCHMENTS_CONTRACTS does not exist

?[m?[37m[INFO] 12:35:32,541 [Test worker] liquibase. - master.changelog.json: migration/node-core.changelog-v8.xml::conditional_attchments_contracts::R3.Corda: Marking ChangeSet: migration/node-core.changelog-v8.xml::conditional_attchments_contracts::R3.Corda ran despite precondition failure due to onFail='MARK_RAN': 
          master.changelog.json : Table PUBLIC.NODE_ATTACHMENTS_CONTRACT_CLASS_NAME does not exist

?[m?[37m[INFO] 12:35:32,543 [Test worker] liquibase. - master.changelog.json: migration/node-core.changelog-v8.xml::add_signers::R3.Corda: Table node_attachments_signers created
?[m?[37m[INFO] 12:35:32,543 [Test worker] liquibase. - master.changelog.json: migration/node-core.changelog-v8.xml::add_signers::R3.Corda: Foreign key constraint added to node_attachments_signers (att_id)
?[m?[37m[INFO] 12:35:32,543 [Test worker] liquibase. - master.changelog.json: migration/node-core.changelog-v8.xml::add_signers::R3.Corda: ChangeSet migration/node-core.changelog-v8.xml::add_signers::R3.Corda ran successfully in 1ms
?[m?[37m[INFO] 12:35:32,547 [Test worker] liquibase. - master.changelog.json: migration/node-core.changelog-tx-mapping.xml::add_tx_mapping_column::R3.Corda: Columns state_machine_run_id(NVARCHAR(36)) added to node_transactions
?[m?[37m[INFO] 12:35:32,548 [Test worker] liquibase. - master.changelog.json: migration/node-core.changelog-tx-mapping.xml::add_tx_mapping_column::R3.Corda: Custom SQL executed
?[m?[37m[INFO] 12:35:32,548 [Test worker] liquibase. - master.changelog.json: migration/node-core.changelog-tx-mapping.xml::add_tx_mapping_column::R3.Corda: Table node_transaction_mappings dropped
?[m?[37m[INFO] 12:35:32,548 [Test worker] liquibase. - master.changelog.json: migration/node-core.changelog-tx-mapping.xml::add_tx_mapping_column::R3.Corda: ChangeSet migration/node-core.changelog-tx-mapping.xml::add_tx_mapping_column::R3.Corda ran successfully in 3ms
?[m?[37m[INFO] 12:35:32,550 [Test worker] liquibase. - master.changelog.json: migration/node-services.changelog-init.xml::add_network_parameters_storage::R3.Corda: Table node_network_parameters created
?[m?[37m[INFO] 12:35:32,550 [Test worker] liquibase. - master.changelog.json: migration/node-services.changelog-init.xml::add_network_parameters_storage::R3.Corda: ChangeSet migration/node-services.changelog-init.xml::add_network_parameters_storage::R3.Corda ran successfully in 0ms
?[m?[37m[INFO] 12:35:32,552 [Test worker] liquibase. - master.changelog.json: migration/node-services.changelog-init.xml::network_parameters_pk::R3.Corda: Primary key added to node_network_parameters (hash)
?[m?[37m[INFO] 12:35:32,552 [Test worker] liquibase. - master.changelog.json: migration/node-services.changelog-init.xml::network_parameters_pk::R3.Corda: ChangeSet migration/node-services.changelog-init.xml::network_parameters_pk::R3.Corda ran successfully in 0ms
?[m?[37m[INFO] 12:35:32,556 [Test worker] liquibase. - master.changelog.json: migration/node-services.changelog-init.xml::add_version_column::R3.Corda: Columns version(INT) added to node_attachments
?[m?[37m[INFO] 12:35:32,556 [Test worker] liquibase. - master.changelog.json: migration/node-services.changelog-init.xml::add_version_column::R3.Corda: Custom SQL executed
?[m?[37m[INFO] 12:35:32,557 [Test worker] liquibase. - master.changelog.json: migration/node-services.changelog-init.xml::add_version_column::R3.Corda: Null constraint has been added to node_attachments.version
?[m?[37m[INFO] 12:35:32,557 [Test worker] liquibase. - master.changelog.json: migration/node-services.changelog-init.xml::add_version_column::R3.Corda: ChangeSet migration/node-services.changelog-init.xml::add_version_column::R3.Corda ran successfully in 3ms
?[m?[37m[INFO] 12:35:32,558 [Test worker] persistence.AttachmentVersionNumberMigration. - Start executing...
?[m?[37m[INFO] 12:35:32,560 [Test worker] persistence.AttachmentVersionNumberMigration. - Attachment version creation from whitelisted JARs using network parameters from build\mock-network\20190412-153514.413\nodes\2\network-parameters, whitelistedContractImplementations: {}.
?[m?[37m[INFO] 12:35:32,560 [Test worker] persistence.AttachmentVersionNumberMigration. - Attachment version creation from whitelisted JARs skipped, no attachments not found.
?[m?[37m[INFO] 12:35:32,560 [Test worker] liquibase. - master.changelog.json: migration/node-services.changelog-init.xml::update-version-of-whitelisted-jars::R3.Corda: null
?[m?[37m[INFO] 12:35:32,560 [Test worker] liquibase. - master.changelog.json: migration/node-services.changelog-init.xml::update-version-of-whitelisted-jars::R3.Corda: ChangeSet migration/node-services.changelog-init.xml::update-version-of-whitelisted-jars::R3.Corda ran successfully in 2ms
?[m?[37m[INFO] 12:35:32,562 [Test worker] migration.VaultStateMigration. - Migrating vault state data to V4 tables
?[m?[37m[INFO] 12:35:32,564 [Test worker] persistence.HibernateConfiguration. - Init HibernateConfiguration for schemas: [VaultMigrationSchemaV1(name=net.corda.node.migration.VaultMigrationSchema, version=1), VaultSchemaV1(name=net.corda.node.services.vault.VaultSchema, version=1)]
?[m?[37m[INFO] 12:35:32,564 [Test worker] persistence.HibernateConfiguration. - Creating session factory for schemas: [VaultMigrationSchemaV1(name=net.corda.node.migration.VaultMigrationSchema, version=1), VaultSchemaV1(name=net.corda.node.services.vault.VaultSchema, version=1)]
?[m?[37m[INFO] 12:35:32,573 [Test worker] internal.ConnectionProviderInitiator. - HHH000130: Instantiating explicit connection provider: net.corda.nodeapi.internal.persistence.HibernateConfiguration$NodeDatabaseConnectionProvider
?[m?[37m[INFO] 12:35:32,574 [Test worker] dialect.Dialect. - HHH000400: Using dialect: org.hibernate.dialect.H2Dialect
?[m?[37m[INFO] 12:35:32,577 [Test worker] type.BasicTypeRegistry. - HHH000270: Type registration [materialized_blob] overrides previous : org.hibernate.type.MaterializedBlobType@61c329e6
?[m?[37m[INFO] 12:35:32,614 [Test worker] connections.access. - HHH10001501: Connection obtained from JdbcConnectionAccess [org.hibernate.engine.jdbc.env.internal.JdbcEnvironmentInitiator$ConnectionProviderJdbcConnectionAccess@450ddcd3] for (non-JTA) DDL execution was not in auto-commit mode; the Connection 'local transaction' will be committed and the Connection will be set into auto-commit mode.
?[m?[37m[INFO] 12:35:32,649 [Test worker] persistence.HibernateConfiguration. - Created session factory for schemas: [VaultMigrationSchemaV1(name=net.corda.node.migration.VaultMigrationSchema, version=1), VaultSchemaV1(name=net.corda.node.services.vault.VaultSchema, version=1)]
?[m?[37m[INFO] 12:35:32,650 [Test worker] internal.QueryTranslatorFactoryInitiator. - HHH000397: Using ASTQueryTranslatorFactory
?[m?[37m[INFO] 12:35:32,660 [Test worker] migration.VaultStateMigration. - Finished performing vault state data migration for 0 states
?[m?[37m[INFO] 12:35:32,660 [Test worker] liquibase. - master.changelog.json: migration/vault-schema.changelog-v9.xml::update-vault-states::R3.Corda: null
?[m?[37m[INFO] 12:35:32,660 [Test worker] liquibase. - master.changelog.json: migration/vault-schema.changelog-v9.xml::update-vault-states::R3.Corda: ChangeSet migration/vault-schema.changelog-v9.xml::update-vault-states::R3.Corda ran successfully in 98ms
?[m?[37m[INFO] 12:35:32,661 [Test worker] liquibase. - Successfully released change log lock
?[m?[37m[INFO] 12:35:32,662 [Test worker] internal.InternalMockNetwork$MockNode. - Connected to H2 database.
?[m?[37m[INFO] 12:35:32,663 [Test worker] internal.InternalMockNetwork$MockNode. - identity-private-key not found in key store, generating fresh key!
?[m?[37m[INFO] 12:35:32,693 [Test worker] persistence.HibernateConfiguration. - Init HibernateConfiguration for schemas: [CommonSchemaV1(name=net.corda.core.schemas.CommonSchema, version=1), VaultSchemaV1(name=net.corda.node.services.vault.VaultSchema, version=1), NodeInfoSchemaV1(name=net.corda.node.internal.schemas.NodeInfoSchema, version=1), NodeCoreV1(name=net.corda.node.services.schema.NodeSchemaService$NodeCore, version=1), IOUSchemaV1(name=com.example.schema.IOUSchema, version=1)]
?[m?[37m[INFO] 12:35:32,693 [Test worker] persistence.HibernateConfiguration. - Creating session factory for schemas: [CommonSchemaV1(name=net.corda.core.schemas.CommonSchema, version=1), VaultSchemaV1(name=net.corda.node.services.vault.VaultSchema, version=1), NodeInfoSchemaV1(name=net.corda.node.internal.schemas.NodeInfoSchema, version=1), NodeCoreV1(name=net.corda.node.services.schema.NodeSchemaService$NodeCore, version=1), IOUSchemaV1(name=com.example.schema.IOUSchema, version=1)]
?[m?[37m[INFO] 12:35:32,701 [Test worker] internal.ConnectionProviderInitiator. - HHH000130: Instantiating explicit connection provider: net.corda.nodeapi.internal.persistence.HibernateConfiguration$NodeDatabaseConnectionProvider
?[m?[37m[INFO] 12:35:32,701 [Test worker] dialect.Dialect. - HHH000400: Using dialect: org.hibernate.dialect.H2Dialect
?[m?[37m[INFO] 12:35:32,704 [Test worker] type.BasicTypeRegistry. - HHH000270: Type registration [materialized_blob] overrides previous : org.hibernate.type.MaterializedBlobType@61c329e6
?[m?[37m[INFO] 12:35:32,770 [Test worker] connections.access. - HHH10001501: Connection obtained from JdbcConnectionAccess [org.hibernate.engine.jdbc.env.internal.JdbcEnvironmentInitiator$ConnectionProviderJdbcConnectionAccess@620c46b1] for (non-JTA) DDL execution was not in auto-commit mode; the Connection 'local transaction' will be committed and the Connection will be set into auto-commit mode.
?[m?[37m[INFO] 12:35:32,816 [Test worker] persistence.HibernateConfiguration. - Created session factory for schemas: [CommonSchemaV1(name=net.corda.core.schemas.CommonSchema, version=1), VaultSchemaV1(name=net.corda.node.services.vault.VaultSchema, version=1), NodeInfoSchemaV1(name=net.corda.node.internal.schemas.NodeInfoSchema, version=1), NodeCoreV1(name=net.corda.node.services.schema.NodeSchemaService$NodeCore, version=1), IOUSchemaV1(name=com.example.schema.IOUSchema, version=1)]
?[m?[37m[INFO] 12:35:32,818 [Test worker] internal.QueryTranslatorFactoryInitiator. - HHH000397: Using ASTQueryTranslatorFactory
?[m?[37m[INFO] 12:35:32,821 [Test worker] internal.InternalMockNetwork$MockNode. - Node-info has changed so submitting update. Old node-info was null
?[m?[37m[INFO] 12:35:32,821 [Test worker] network.PersistentNetworkMapCache. - Adding node with info: NodeInfo(addresses=[mock.node:1000], legalIdentitiesAndCerts=[O=Mock Company 2, L=London, C=GB], platformVersion=4, serial=1555083332821)
?[m?[37m[INFO] 12:35:32,823 [Test worker] network.PersistentNetworkMapCache. - No previous node found
?[m?[37m[INFO] 12:35:32,830 [Test worker] internal.InternalMockNetwork$MockNode. - New node-info: NodeInfo(addresses=[mock.node:1000], legalIdentitiesAndCerts=[O=Mock Company 2, L=London, C=GB], platformVersion=4, serial=1555083332821)
?[m?[37m[INFO] 12:35:32,843 [Test worker] network.NetworkMapUpdater. - Auto-accept enabled for network parameter changes which modify only: [epoch, modifiedTime, packageOwnership, whitelistedContractImplementations]
?[m?[37m[INFO] 12:35:32,847 [MockNode-3-2] network.PersistentNetworkMapCache. - Adding node with info: NodeInfo(addresses=[mock.node:1000], legalIdentitiesAndCerts=[O=Mock Company 2, L=London, C=GB], platformVersion=4, serial=1555083332821)
?[m?[37m[INFO] 12:35:32,853 [MockNode-3-2] network.PersistentNetworkMapCache. - Previous node was identical to incoming one - doing nothing
?[m?[37m[INFO] 12:35:32,931 [Test worker] ClassloaderUtils. - Contracts loading for 'C:\Users\Daniel\AppData\Local\Temp\attachment4510229191344489542.jar' took 21 msec
?[m?[37m[INFO] 12:35:32,939 [Test worker] persistence.NodeAttachmentService. - Stored new attachment: id=068D846C052E681003228A05005925CB3EC9DBFEDDFDA00048D0BB87F1ED69B0 uploader=app filename=null
?[m?[37m[INFO] 12:35:32,946 [Test worker] statemachine.SingleThreadedStateMachineManager. - Node ready, info: NodeInfo(addresses=[mock.node:1000], legalIdentitiesAndCerts=[O=Mock Company 2, L=London, C=GB], platformVersion=4, serial=1555083332821)
?[m?[37m[INFO] 12:35:32,948 [Test worker] network.PersistentNetworkMapCache. - Adding node with info: NodeInfo(addresses=[mock.node:1000], legalIdentitiesAndCerts=[O=Notary Service, L=Zurich, C=CH], platformVersion=4, serial=1555083329362)
?[m?[37m[INFO] 12:35:32,950 [Test worker] network.PersistentNetworkMapCache. - No previous node found
?[m?[37m[INFO] 12:35:32,959 [Test worker] network.PersistentNetworkMapCache. - Adding node with info: NodeInfo(addresses=[mock.node:1000], legalIdentitiesAndCerts=[O=Mock Company 2, L=London, C=GB], platformVersion=4, serial=1555083332821)
?[m?[37m[INFO] 12:35:32,961 [Test worker] network.PersistentNetworkMapCache. - No previous node found
?[m?[37m[INFO] 12:35:32,971 [Test worker] network.PersistentNetworkMapCache. - Adding node with info: NodeInfo(addresses=[mock.node:1000], legalIdentitiesAndCerts=[O=Mock Company 1, L=London, C=GB], platformVersion=4, serial=1555083331664)
?[m?[37m[INFO] 12:35:32,972 [Test worker] network.PersistentNetworkMapCache. - No previous node found
?[m?[37m[INFO] 12:35:32,981 [Test worker] network.PersistentNetworkMapCache. - Adding node with info: NodeInfo(addresses=[mock.node:1000], legalIdentitiesAndCerts=[O=Mock Company 2, L=London, C=GB], platformVersion=4, serial=1555083332821)
?[m?[37m[INFO] 12:35:32,983 [Test worker] network.PersistentNetworkMapCache. - No previous node found
?[m?[37m[INFO] 12:35:32,991 [Test worker] network.PersistentNetworkMapCache. - Adding node with info: NodeInfo(addresses=[mock.node:1000], legalIdentitiesAndCerts=[O=Mock Company 2, L=London, C=GB], platformVersion=4, serial=1555083332821)
?[m?[37m[INFO] 12:35:32,991 [Test worker] network.PersistentNetworkMapCache. - Previous node was identical to incoming one - doing nothing
?[m?[37m[INFO] 12:35:32,991 [Test worker] network.PersistentNetworkMapCache. - Adding node with info: NodeInfo(addresses=[mock.node:1000], legalIdentitiesAndCerts=[O=Mock Company 2, L=London, C=GB], platformVersion=4, serial=1555083332821)
?[m?[37m[INFO] 12:35:32,991 [Test worker] network.PersistentNetworkMapCache. - Previous node was identical to incoming one - doing nothing
?[m?[31m[WARN] 12:35:32,992 [Test worker] internal.NodeFlowManager. - Multiple flows are registered for InitiatingFlow: class com.example.flow.ExampleFlow$Initiator, currently using: class com.example.flow.ExampleFlow$Acceptor
?[m?[37m[INFO] 12:35:32,992 [Test worker] internal.NodeFlowManager. - Registered com.example.flow.ExampleFlow$Initiator to initiate com.example.flow.ExampleFlow$Acceptor (version 1)
?[m?[31m[WARN] 12:35:32,996 [Test worker] internal.NodeFlowManager. - Multiple flows are registered for InitiatingFlow: class com.example.flow.ExampleFlow$Initiator, currently using: class com.example.flow.ExampleFlow$Acceptor
?[m?[37m[INFO] 12:35:32,996 [Test worker] internal.NodeFlowManager. - Registered com.example.flow.ExampleFlow$Initiator to initiate com.example.flow.ExampleFlow$Acceptor (version 1)
?[m?[31m[WARN] 12:35:33,261 [Mock network] transactions.TransactionBuilder. - Signature constraints not available on network requiring a minimum platform version of 4. Current is: 1. {actor_id=Only For Testing, actor_owning_identity=O=Mock Company 1, L=London, C=GB, actor_store_id=TEST, fiber-id=10000001, flow-id=7d71f02a-7bb2-461d-8e55-b25a4513ada3, invocation_id=a907542b-6ee5-4cf2-abc2-ee227edf4b1d, invocation_timestamp=2019-04-12T15:35:33.044Z, origin=Only For Testing, session_id=a907542b-6ee5-4cf2-abc2-ee227edf4b1d, session_timestamp=2019-04-12T15:35:33.044Z, thread-id=624}
?[m?[31m[WARN] 12:35:33,261 [Mock network] transactions.TransactionBuilder. - Reverting back to using hash constraints for contract com.example.contract.IOUContract {actor_id=Only For Testing, actor_owning_identity=O=Mock Company 1, L=London, C=GB, actor_store_id=TEST, fiber-id=10000001, flow-id=7d71f02a-7bb2-461d-8e55-b25a4513ada3, invocation_id=a907542b-6ee5-4cf2-abc2-ee227edf4b1d, invocation_timestamp=2019-04-12T15:35:33.044Z, origin=Only For Testing, session_id=a907542b-6ee5-4cf2-abc2-ee227edf4b1d, session_timestamp=2019-04-12T15:35:33.044Z, thread-id=624}
?[m?[31m[WARN] 12:35:34,165 [Mock network] corda.flow. - ProgressTracker has not been started {actor_id=Only For Testing, actor_owning_identity=O=Mock Company 1, L=London, C=GB, actor_store_id=TEST, fiber-id=10000001, flow-id=7d71f02a-7bb2-461d-8e55-b25a4513ada3, invocation_id=a907542b-6ee5-4cf2-abc2-ee227edf4b1d, invocation_timestamp=2019-04-12T15:35:33.044Z, origin=Only For Testing, session_id=a907542b-6ee5-4cf2-abc2-ee227edf4b1d, session_timestamp=2019-04-12T15:35:33.044Z, thread-id=624}
?[m?[37m[INFO] 12:35:34,409 [Mock network] corda.flow. - Received transaction acknowledgement request from party O=Mock Company 1, L=London, C=GB. {fiber-id=10000002, flow-id=c5d6623a-b318-44f6-a677-aff4f4b520ac, invocation_id=59ad1941-d325-431e-bcab-0a8b1c380c67, invocation_timestamp=2019-04-12T15:35:34.323Z, origin=O=Mock Company 1, L=London, C=GB, session_id=59ad1941-d325-431e-bcab-0a8b1c380c67, session_timestamp=2019-04-12T15:35:34.323Z, thread-id=624, tx_id=7FF4A92CDBBB7F7688E0222EAB26E5A4EEA7A836892F8AF4B2D9326DB7C8FF47}
?[m?[31m[WARN] 12:35:34,417 [Mock network] corda.flow. - ProgressTracker has not been started {fiber-id=10000002, flow-id=c5d6623a-b318-44f6-a677-aff4f4b520ac, invocation_id=59ad1941-d325-431e-bcab-0a8b1c380c67, invocation_timestamp=2019-04-12T15:35:34.323Z, origin=O=Mock Company 1, L=London, C=GB, session_id=59ad1941-d325-431e-bcab-0a8b1c380c67, session_timestamp=2019-04-12T15:35:34.323Z, thread-id=624, tx_id=7FF4A92CDBBB7F7688E0222EAB26E5A4EEA7A836892F8AF4B2D9326DB7C8FF47}
?[m?[37m[INFO] 12:35:34,445 [Mock network] corda.flow. - Transaction dependencies resolution completed. {fiber-id=10000002, flow-id=c5d6623a-b318-44f6-a677-aff4f4b520ac, invocation_id=59ad1941-d325-431e-bcab-0a8b1c380c67, invocation_timestamp=2019-04-12T15:35:34.323Z, origin=O=Mock Company 1, L=London, C=GB, session_id=59ad1941-d325-431e-bcab-0a8b1c380c67, session_timestamp=2019-04-12T15:35:34.323Z, thread-id=624, tx_id=7FF4A92CDBBB7F7688E0222EAB26E5A4EEA7A836892F8AF4B2D9326DB7C8FF47}
?[m?[31m[WARN] 12:35:34,513 [Mock network] corda.flow. - ProgressTracker has not been started {fiber-id=10000002, flow-id=c5d6623a-b318-44f6-a677-aff4f4b520ac, invocation_id=59ad1941-d325-431e-bcab-0a8b1c380c67, invocation_timestamp=2019-04-12T15:35:34.323Z, origin=O=Mock Company 1, L=London, C=GB, session_id=59ad1941-d325-431e-bcab-0a8b1c380c67, session_timestamp=2019-04-12T15:35:34.323Z, thread-id=624, tx_id=7FF4A92CDBBB7F7688E0222EAB26E5A4EEA7A836892F8AF4B2D9326DB7C8FF47}
?[m?[37m[INFO] 12:35:34,537 [Mock network] corda.flow. - No need to notarise this transaction. {actor_id=Only For Testing, actor_owning_identity=O=Mock Company 1, L=London, C=GB, actor_store_id=TEST, fiber-id=10000001, flow-id=7d71f02a-7bb2-461d-8e55-b25a4513ada3, invocation_id=a907542b-6ee5-4cf2-abc2-ee227edf4b1d, invocation_timestamp=2019-04-12T15:35:33.044Z, origin=Only For Testing, session_id=a907542b-6ee5-4cf2-abc2-ee227edf4b1d, session_timestamp=2019-04-12T15:35:33.044Z, thread-id=624, tx_id=7FF4A92CDBBB7F7688E0222EAB26E5A4EEA7A836892F8AF4B2D9326DB7C8FF47}
?[m?[37m[INFO] 12:35:34,537 [Mock network] corda.flow. - Recording transaction locally. {actor_id=Only For Testing, actor_owning_identity=O=Mock Company 1, L=London, C=GB, actor_store_id=TEST, fiber-id=10000001, flow-id=7d71f02a-7bb2-461d-8e55-b25a4513ada3, invocation_id=a907542b-6ee5-4cf2-abc2-ee227edf4b1d, invocation_timestamp=2019-04-12T15:35:33.044Z, origin=Only For Testing, session_id=a907542b-6ee5-4cf2-abc2-ee227edf4b1d, session_timestamp=2019-04-12T15:35:33.044Z, thread-id=624, tx_id=7FF4A92CDBBB7F7688E0222EAB26E5A4EEA7A836892F8AF4B2D9326DB7C8FF47}
?[m?[37m[INFO] 12:35:34,569 [Mock network] corda.flow. - Recorded transaction locally successfully. {actor_id=Only For Testing, actor_owning_identity=O=Mock Company 1, L=London, C=GB, actor_store_id=TEST, fiber-id=10000001, flow-id=7d71f02a-7bb2-461d-8e55-b25a4513ada3, invocation_id=a907542b-6ee5-4cf2-abc2-ee227edf4b1d, invocation_timestamp=2019-04-12T15:35:33.044Z, origin=Only For Testing, session_id=a907542b-6ee5-4cf2-abc2-ee227edf4b1d, session_timestamp=2019-04-12T15:35:33.044Z, thread-id=624, tx_id=7FF4A92CDBBB7F7688E0222EAB26E5A4EEA7A836892F8AF4B2D9326DB7C8FF47}
?[m?[37m[INFO] 12:35:34,589 [Mock network] corda.flow. - Received transaction acknowledgement request from party O=Mock Company 1, L=London, C=GB. {fiber-id=10000002, flow-id=c5d6623a-b318-44f6-a677-aff4f4b520ac, invocation_id=59ad1941-d325-431e-bcab-0a8b1c380c67, invocation_timestamp=2019-04-12T15:35:34.323Z, origin=O=Mock Company 1, L=London, C=GB, session_id=59ad1941-d325-431e-bcab-0a8b1c380c67, session_timestamp=2019-04-12T15:35:34.323Z, thread-id=624, tx_id=7FF4A92CDBBB7F7688E0222EAB26E5A4EEA7A836892F8AF4B2D9326DB7C8FF47}
?[m?[31m[WARN] 12:35:34,589 [Mock network] corda.flow. - ProgressTracker has not been started {fiber-id=10000002, flow-id=c5d6623a-b318-44f6-a677-aff4f4b520ac, invocation_id=59ad1941-d325-431e-bcab-0a8b1c380c67, invocation_timestamp=2019-04-12T15:35:34.323Z, origin=O=Mock Company 1, L=London, C=GB, session_id=59ad1941-d325-431e-bcab-0a8b1c380c67, session_timestamp=2019-04-12T15:35:34.323Z, thread-id=624, tx_id=7FF4A92CDBBB7F7688E0222EAB26E5A4EEA7A836892F8AF4B2D9326DB7C8FF47}
?[m?[37m[INFO] 12:35:34,599 [Mock network] corda.flow. - Transaction dependencies resolution completed. {fiber-id=10000002, flow-id=c5d6623a-b318-44f6-a677-aff4f4b520ac, invocation_id=59ad1941-d325-431e-bcab-0a8b1c380c67, invocation_timestamp=2019-04-12T15:35:34.323Z, origin=O=Mock Company 1, L=London, C=GB, session_id=59ad1941-d325-431e-bcab-0a8b1c380c67, session_timestamp=2019-04-12T15:35:34.323Z, thread-id=624, tx_id=7FF4A92CDBBB7F7688E0222EAB26E5A4EEA7A836892F8AF4B2D9326DB7C8FF47}
?[m?[37m[INFO] 12:35:34,605 [Mock network] corda.flow. - Successfully received fully signed tx. Sending it to the vault for processing. {fiber-id=10000002, flow-id=c5d6623a-b318-44f6-a677-aff4f4b520ac, invocation_id=59ad1941-d325-431e-bcab-0a8b1c380c67, invocation_timestamp=2019-04-12T15:35:34.323Z, origin=O=Mock Company 1, L=London, C=GB, session_id=59ad1941-d325-431e-bcab-0a8b1c380c67, session_timestamp=2019-04-12T15:35:34.323Z, thread-id=624, tx_id=7FF4A92CDBBB7F7688E0222EAB26E5A4EEA7A836892F8AF4B2D9326DB7C8FF47}
?[m?[37m[INFO] 12:35:34,609 [Mock network] corda.flow. - Successfully recorded received transaction locally. {fiber-id=10000002, flow-id=c5d6623a-b318-44f6-a677-aff4f4b520ac, invocation_id=59ad1941-d325-431e-bcab-0a8b1c380c67, invocation_timestamp=2019-04-12T15:35:34.323Z, origin=O=Mock Company 1, L=London, C=GB, session_id=59ad1941-d325-431e-bcab-0a8b1c380c67, session_timestamp=2019-04-12T15:35:34.323Z, thread-id=624, tx_id=7FF4A92CDBBB7F7688E0222EAB26E5A4EEA7A836892F8AF4B2D9326DB7C8FF47}
?[m?[37m[INFO] 12:35:34,643 [Mock network] corda.flow. - Party O=Mock Company 2, L=London, C=GB received the transaction. {actor_id=Only For Testing, actor_owning_identity=O=Mock Company 1, L=London, C=GB, actor_store_id=TEST, fiber-id=10000001, flow-id=7d71f02a-7bb2-461d-8e55-b25a4513ada3, invocation_id=a907542b-6ee5-4cf2-abc2-ee227edf4b1d, invocation_timestamp=2019-04-12T15:35:33.044Z, origin=Only For Testing, session_id=a907542b-6ee5-4cf2-abc2-ee227edf4b1d, session_timestamp=2019-04-12T15:35:33.044Z, thread-id=624, tx_id=7FF4A92CDBBB7F7688E0222EAB26E5A4EEA7A836892F8AF4B2D9326DB7C8FF47}
?[m?[37m[INFO] 12:35:34,643 [Mock network] corda.flow. - All parties received the transaction successfully. {actor_id=Only For Testing, actor_owning_identity=O=Mock Company 1, L=London, C=GB, actor_store_id=TEST, fiber-id=10000001, flow-id=7d71f02a-7bb2-461d-8e55-b25a4513ada3, invocation_id=a907542b-6ee5-4cf2-abc2-ee227edf4b1d, invocation_timestamp=2019-04-12T15:35:33.044Z, origin=Only For Testing, session_id=a907542b-6ee5-4cf2-abc2-ee227edf4b1d, session_timestamp=2019-04-12T15:35:33.044Z, thread-id=624, tx_id=7FF4A92CDBBB7F7688E0222EAB26E5A4EEA7A836892F8AF4B2D9326DB7C8FF47}
?[m?[37m[INFO] 12:35:34,653 [Test worker] pool.HikariPool. - HikariPool-1 - Close initiated...
?[m?[37m[INFO] 12:35:34,657 [Test worker] pool.HikariPool. - HikariPool-1 - Closed.
?[m?[37m[INFO] 12:35:34,664 [Test worker] pool.HikariPool. - HikariPool-2 - Close initiated...
?[m?[37m[INFO] 12:35:34,667 [Test worker] pool.HikariPool. - HikariPool-2 - Closed.
?[m?[37m[INFO] 12:35:34,668 [Test worker] pool.HikariPool. - HikariPool-3 - Close initiated...
?[m?[37m[INFO] 12:35:34,669 [Test worker] pool.HikariPool. - HikariPool-3 - Closed.
?[m?[37m[INFO] 12:35:34,765 [Test worker] cordapp.JarScanningCordappLoader. - Looking for CorDapps in [build\mock-network\20190412-153534.672\nodes\0\cordapps]
?[m?[37m[INFO] 12:35:34,765 [Test worker] cordapp.JarScanningCordappLoader. - Loading CorDapps from RestrictedURL(url=file:/C:/Users/Daniel/OneDrive/Documents/tokensdk/samples3/cordapp-example/workflows-kotlin/build/mock-network/20190412-153534.672/nodes/0/cordapps/cordapp-example-contracts-0.1.jar, rootPackageName=null), RestrictedURL(url=file:/C:/Users/Daniel/OneDrive/Documents/tokensdk/samples3/cordapp-example/workflows-kotlin/build/mock-network/20190412-153534.672/nodes/0/cordapps/cordapp-example-workflows-0.1.jar, rootPackageName=null)
?[m?[37m[INFO] 12:35:34,766 [Test worker] cordapp.JarScanningCordappLoader. - Scanning CorDapp in file:/C:/Users/Daniel/OneDrive/Documents/tokensdk/samples3/cordapp-example/workflows-kotlin/build/mock-network/20190412-153534.672/nodes/0/cordapps/cordapp-example-contracts-0.1.jar
?[m?[37m[INFO] 12:35:34,882 [Test worker] cordapp.JarScanningCordappLoader. - Found notary service CorDapp implementations: 
?[m?[37m[INFO] 12:35:34,882 [Test worker] cordapp.JarScanningCordappLoader. - Scanning CorDapp in file:/C:/Users/Daniel/OneDrive/Documents/tokensdk/samples3/cordapp-example/workflows-kotlin/build/mock-network/20190412-153534.672/nodes/0/cordapps/cordapp-example-workflows-0.1.jar
?[m?[37m[INFO] 12:35:34,989 [Test worker] cordapp.JarScanningCordappLoader. - Found notary service CorDapp implementations: 
?[m?[37m[INFO] 12:35:35,003 [Test worker] internal.InternalMockNetwork$MockNode. - Node starting up ...
?[m?[37m[INFO] 12:35:35,016 [Test worker] internal.NodeFlowManager. - Registered com.example.flow.ExampleFlow$Initiator to initiate com.example.flow.ExampleFlow$Acceptor (version 1)
?[m?[37m[INFO] 12:35:35,022 [Test worker] internal.InternalMockNetwork$MockNode. - Loaded network parameters: NetworkParameters {
      minimumPlatformVersion=1
      notaries=[NotaryInfo(identity=O=Notary Service, L=Zurich, C=CH, validating=true)]
      maxMessageSize=10485760
      maxTransactionSize=524288000
      whitelistedContractImplementations {
        
      }
      eventHorizon=PT720H
      packageOwnership {
        
      }
      modifiedTime=2019-04-12T15:35:34.672Z
      epoch=1
  }
?[m?[37m[INFO] 12:35:35,023 [Test worker] hikari.HikariDataSource. - HikariPool-4 - Started.
?[m?[37m[INFO] 12:35:35,227 [Test worker] liquibase. - Creating database history table with name: PUBLIC.DATABASECHANGELOG
?[m?[37m[INFO] 12:35:35,229 [Test worker] liquibase. - Reading from PUBLIC.DATABASECHANGELOG
?[m?[37m[INFO] 12:35:35,231 [Test worker] liquibase. - master.changelog.json: migration/common.changelog-init.xml::1511451595465-1.3::R3.Corda: Skipping changeSet migration/common.changelog-init.xml::1511451595465-1.3::R3.Corda due to validation error(s): minValue is not allowed on h2
?[m?[37m[INFO] 12:35:35,236 [Test worker] liquibase. - master.changelog.json: migration/vault-schema.changelog-pkey.xml::non-clustered_pk-11::R3.Corda: Skipping changeSet migration/vault-schema.changelog-pkey.xml::non-clustered_pk-11::R3.Corda due to validation error(s): clustered is not allowed on h2
?[m?[37m[INFO] 12:35:35,236 [Test worker] liquibase. - master.changelog.json: migration/vault-schema.changelog-pkey.xml::non-clustered_pk-12::R3.Corda: Skipping changeSet migration/vault-schema.changelog-pkey.xml::non-clustered_pk-12::R3.Corda due to validation error(s): clustered is not allowed on h2
?[m?[37m[INFO] 12:35:35,236 [Test worker] liquibase. - master.changelog.json: migration/vault-schema.changelog-pkey.xml::non-clustered_pk-13::R3.Corda: Skipping changeSet migration/vault-schema.changelog-pkey.xml::non-clustered_pk-13::R3.Corda due to validation error(s): clustered is not allowed on h2
?[m?[37m[INFO] 12:35:35,248 [Test worker] liquibase. - master.changelog.json: migration/node-core.changelog-pkey.xml::non-clustered_pk-1::R3.Corda: Skipping changeSet migration/node-core.changelog-pkey.xml::non-clustered_pk-1::R3.Corda due to validation error(s): clustered is not allowed on h2
?[m?[37m[INFO] 12:35:35,248 [Test worker] liquibase. - master.changelog.json: migration/node-core.changelog-pkey.xml::non-clustered_pk-2::R3.Corda: Skipping changeSet migration/node-core.changelog-pkey.xml::non-clustered_pk-2::R3.Corda due to validation error(s): clustered is not allowed on h2
?[m?[37m[INFO] 12:35:35,249 [Test worker] liquibase. - master.changelog.json: migration/node-core.changelog-pkey.xml::non-clustered_pk-3::R3.Corda: Skipping changeSet migration/node-core.changelog-pkey.xml::non-clustered_pk-3::R3.Corda due to validation error(s): clustered is not allowed on h2
?[m?[37m[INFO] 12:35:35,249 [Test worker] liquibase. - master.changelog.json: migration/node-core.changelog-pkey.xml::non-clustered_pk-4::R3.Corda: Skipping changeSet migration/node-core.changelog-pkey.xml::non-clustered_pk-4::R3.Corda due to validation error(s): clustered is not allowed on h2
?[m?[37m[INFO] 12:35:35,249 [Test worker] liquibase. - master.changelog.json: migration/node-core.changelog-pkey.xml::non-clustered_pk-5::R3.Corda: Skipping changeSet migration/node-core.changelog-pkey.xml::non-clustered_pk-5::R3.Corda due to validation error(s): clustered is not allowed on h2
?[m?[37m[INFO] 12:35:35,249 [Test worker] liquibase. - master.changelog.json: migration/node-core.changelog-pkey.xml::non-clustered_pk-6::R3.Corda: Skipping changeSet migration/node-core.changelog-pkey.xml::non-clustered_pk-6::R3.Corda due to validation error(s): clustered is not allowed on h2
?[m?[37m[INFO] 12:35:35,250 [Test worker] liquibase. - master.changelog.json: migration/node-core.changelog-pkey.xml::non-clustered_pk-7::R3.Corda: Skipping changeSet migration/node-core.changelog-pkey.xml::non-clustered_pk-7::R3.Corda due to validation error(s): clustered is not allowed on h2
?[m?[37m[INFO] 12:35:35,255 [Test worker] liquibase. - master.changelog.json: migration/node-notary.changelog-pkey.xml::non-clustered_pk-notary_state::R3.Corda: Skipping changeSet migration/node-notary.changelog-pkey.xml::non-clustered_pk-notary_state::R3.Corda due to validation error(s): clustered is not allowed on h2
?[m?[37m[INFO] 12:35:35,258 [Test worker] liquibase. - Successfully acquired change log lock
?[m?[37m[INFO] 12:35:35,258 [Test worker] liquibase. - master.changelog.json: migration/common.changelog-init.xml::1511451595465-1.3::R3.Corda: Skipping changeSet migration/common.changelog-init.xml::1511451595465-1.3::R3.Corda due to validation error(s): minValue is not allowed on h2
?[m?[37m[INFO] 12:35:35,260 [Test worker] liquibase. - master.changelog.json: migration/vault-schema.changelog-pkey.xml::non-clustered_pk-11::R3.Corda: Skipping changeSet migration/vault-schema.changelog-pkey.xml::non-clustered_pk-11::R3.Corda due to validation error(s): clustered is not allowed on h2
?[m?[37m[INFO] 12:35:35,260 [Test worker] liquibase. - master.changelog.json: migration/vault-schema.changelog-pkey.xml::non-clustered_pk-12::R3.Corda: Skipping changeSet migration/vault-schema.changelog-pkey.xml::non-clustered_pk-12::R3.Corda due to validation error(s): clustered is not allowed on h2
?[m?[37m[INFO] 12:35:35,261 [Test worker] liquibase. - master.changelog.json: migration/vault-schema.changelog-pkey.xml::non-clustered_pk-13::R3.Corda: Skipping changeSet migration/vault-schema.changelog-pkey.xml::non-clustered_pk-13::R3.Corda due to validation error(s): clustered is not allowed on h2
?[m?[37m[INFO] 12:35:35,266 [Test worker] liquibase. - master.changelog.json: migration/node-core.changelog-pkey.xml::non-clustered_pk-1::R3.Corda: Skipping changeSet migration/node-core.changelog-pkey.xml::non-clustered_pk-1::R3.Corda due to validation error(s): clustered is not allowed on h2
?[m?[37m[INFO] 12:35:35,266 [Test worker] liquibase. - master.changelog.json: migration/node-core.changelog-pkey.xml::non-clustered_pk-2::R3.Corda: Skipping changeSet migration/node-core.changelog-pkey.xml::non-clustered_pk-2::R3.Corda due to validation error(s): clustered is not allowed on h2
?[m?[37m[INFO] 12:35:35,266 [Test worker] liquibase. - master.changelog.json: migration/node-core.changelog-pkey.xml::non-clustered_pk-3::R3.Corda: Skipping changeSet migration/node-core.changelog-pkey.xml::non-clustered_pk-3::R3.Corda due to validation error(s): clustered is not allowed on h2
?[m?[37m[INFO] 12:35:35,266 [Test worker] liquibase. - master.changelog.json: migration/node-core.changelog-pkey.xml::non-clustered_pk-4::R3.Corda: Skipping changeSet migration/node-core.changelog-pkey.xml::non-clustered_pk-4::R3.Corda due to validation error(s): clustered is not allowed on h2
?[m?[37m[INFO] 12:35:35,266 [Test worker] liquibase. - master.changelog.json: migration/node-core.changelog-pkey.xml::non-clustered_pk-5::R3.Corda: Skipping changeSet migration/node-core.changelog-pkey.xml::non-clustered_pk-5::R3.Corda due to validation error(s): clustered is not allowed on h2
?[m?[37m[INFO] 12:35:35,266 [Test worker] liquibase. - master.changelog.json: migration/node-core.changelog-pkey.xml::non-clustered_pk-6::R3.Corda: Skipping changeSet migration/node-core.changelog-pkey.xml::non-clustered_pk-6::R3.Corda due to validation error(s): clustered is not allowed on h2
?[m?[37m[INFO] 12:35:35,266 [Test worker] liquibase. - master.changelog.json: migration/node-core.changelog-pkey.xml::non-clustered_pk-7::R3.Corda: Skipping changeSet migration/node-core.changelog-pkey.xml::non-clustered_pk-7::R3.Corda due to validation error(s): clustered is not allowed on h2
?[m?[37m[INFO] 12:35:35,268 [Test worker] liquibase. - master.changelog.json: migration/node-notary.changelog-pkey.xml::non-clustered_pk-notary_state::R3.Corda: Skipping changeSet migration/node-notary.changelog-pkey.xml::non-clustered_pk-notary_state::R3.Corda due to validation error(s): clustered is not allowed on h2
?[m?[37m[INFO] 12:35:35,268 [Test worker] liquibase. - master.changelog.json: migration/common.changelog-init.xml::1511451595465-1.1::R3.Corda: Sequence hibernate_sequence created
?[m?[37m[INFO] 12:35:35,268 [Test worker] liquibase. - master.changelog.json: migration/common.changelog-init.xml::1511451595465-1.1::R3.Corda: ChangeSet migration/common.changelog-init.xml::1511451595465-1.1::R3.Corda ran successfully in 0ms
?[m?[37m[INFO] 12:35:35,272 [Test worker] liquibase. - master.changelog.json: migration/vault-schema.changelog-init.xml::1511451595465-22::R3.Corda: Table vault_fungible_states created
?[m?[37m[INFO] 12:35:35,272 [Test worker] liquibase. - master.changelog.json: migration/vault-schema.changelog-init.xml::1511451595465-22::R3.Corda: ChangeSet migration/vault-schema.changelog-init.xml::1511451595465-22::R3.Corda ran successfully in 1ms
?[m?[37m[INFO] 12:35:35,273 [Test worker] liquibase. - master.changelog.json: migration/vault-schema.changelog-init.xml::1511451595465-23::R3.Corda: Table vault_fungible_states_parts created
?[m?[37m[INFO] 12:35:35,273 [Test worker] liquibase. - master.changelog.json: migration/vault-schema.changelog-init.xml::1511451595465-23::R3.Corda: ChangeSet migration/vault-schema.changelog-init.xml::1511451595465-23::R3.Corda ran successfully in 0ms
?[m?[37m[INFO] 12:35:35,275 [Test worker] liquibase. - master.changelog.json: migration/vault-schema.changelog-init.xml::1511451595465-24::R3.Corda: Table vault_linear_states created
?[m?[37m[INFO] 12:35:35,275 [Test worker] liquibase. - master.changelog.json: migration/vault-schema.changelog-init.xml::1511451595465-24::R3.Corda: ChangeSet migration/vault-schema.changelog-init.xml::1511451595465-24::R3.Corda ran successfully in 0ms
?[m?[37m[INFO] 12:35:35,277 [Test worker] liquibase. - master.changelog.json: migration/vault-schema.changelog-init.xml::1511451595465-25::R3.Corda: Table vault_linear_states_parts created
?[m?[37m[INFO] 12:35:35,277 [Test worker] liquibase. - master.changelog.json: migration/vault-schema.changelog-init.xml::1511451595465-25::R3.Corda: ChangeSet migration/vault-schema.changelog-init.xml::1511451595465-25::R3.Corda ran successfully in 1ms
?[m?[37m[INFO] 12:35:35,279 [Test worker] liquibase. - master.changelog.json: migration/vault-schema.changelog-init.xml::1511451595465-26::R3.Corda: Table vault_states created
?[m?[37m[INFO] 12:35:35,279 [Test worker] liquibase. - master.changelog.json: migration/vault-schema.changelog-init.xml::1511451595465-26::R3.Corda: ChangeSet migration/vault-schema.changelog-init.xml::1511451595465-26::R3.Corda ran successfully in 1ms
?[m?[37m[INFO] 12:35:35,280 [Test worker] liquibase. - master.changelog.json: migration/vault-schema.changelog-init.xml::1511451595465-27::R3.Corda: Table vault_transaction_notes created
?[m?[37m[INFO] 12:35:35,280 [Test worker] liquibase. - master.changelog.json: migration/vault-schema.changelog-init.xml::1511451595465-27::R3.Corda: ChangeSet migration/vault-schema.changelog-init.xml::1511451595465-27::R3.Corda ran successfully in 0ms
?[m?[37m[INFO] 12:35:35,282 [Test worker] liquibase. - master.changelog.json: migration/vault-schema.changelog-init.xml::1511451595465-47::R3.Corda: Primary key added to vault_fungible_states (output_index, transaction_id)
?[m?[37m[INFO] 12:35:35,282 [Test worker] liquibase. - master.changelog.json: migration/vault-schema.changelog-init.xml::1511451595465-47::R3.Corda: ChangeSet migration/vault-schema.changelog-init.xml::1511451595465-47::R3.Corda ran successfully in 1ms
?[m?[37m[INFO] 12:35:35,283 [Test worker] liquibase. - master.changelog.json: migration/vault-schema.changelog-init.xml::1511451595465-48::R3.Corda: Primary key added to vault_linear_states (output_index, transaction_id)
?[m?[37m[INFO] 12:35:35,283 [Test worker] liquibase. - master.changelog.json: migration/vault-schema.changelog-init.xml::1511451595465-48::R3.Corda: ChangeSet migration/vault-schema.changelog-init.xml::1511451595465-48::R3.Corda ran successfully in 0ms
?[m?[37m[INFO] 12:35:35,285 [Test worker] liquibase. - master.changelog.json: migration/vault-schema.changelog-init.xml::1511451595465-49::R3.Corda: Primary key added to vault_states (output_index, transaction_id)
?[m?[37m[INFO] 12:35:35,285 [Test worker] liquibase. - master.changelog.json: migration/vault-schema.changelog-init.xml::1511451595465-49::R3.Corda: ChangeSet migration/vault-schema.changelog-init.xml::1511451595465-49::R3.Corda ran successfully in 1ms
?[m?[37m[INFO] 12:35:35,286 [Test worker] liquibase. - master.changelog.json: migration/vault-schema.changelog-init.xml::1511451595465-50::R3.Corda: Primary key added to vault_transaction_notes (seq_no)
?[m?[37m[INFO] 12:35:35,286 [Test worker] liquibase. - master.changelog.json: migration/vault-schema.changelog-init.xml::1511451595465-50::R3.Corda: ChangeSet migration/vault-schema.changelog-init.xml::1511451595465-50::R3.Corda ran successfully in 0ms
?[m?[37m[INFO] 12:35:35,288 [Test worker] liquibase. - master.changelog.json: migration/vault-schema.changelog-init.xml::1511451595465-53::R3.Corda: Index external_id_index created
?[m?[37m[INFO] 12:35:35,288 [Test worker] liquibase. - master.changelog.json: migration/vault-schema.changelog-init.xml::1511451595465-53::R3.Corda: ChangeSet migration/vault-schema.changelog-init.xml::1511451595465-53::R3.Corda ran successfully in 1ms
?[m?[37m[INFO] 12:35:35,289 [Test worker] liquibase. - master.changelog.json: migration/vault-schema.changelog-init.xml::1511451595465-55::R3.Corda: Index lock_id_idx created
?[m?[37m[INFO] 12:35:35,289 [Test worker] liquibase. - master.changelog.json: migration/vault-schema.changelog-init.xml::1511451595465-55::R3.Corda: ChangeSet migration/vault-schema.changelog-init.xml::1511451595465-55::R3.Corda ran successfully in 0ms
?[m?[37m[INFO] 12:35:35,291 [Test worker] liquibase. - master.changelog.json: migration/vault-schema.changelog-init.xml::1511451595465-58::R3.Corda: Index state_status_idx created
?[m?[37m[INFO] 12:35:35,291 [Test worker] liquibase. - master.changelog.json: migration/vault-schema.changelog-init.xml::1511451595465-58::R3.Corda: ChangeSet migration/vault-schema.changelog-init.xml::1511451595465-58::R3.Corda ran successfully in 1ms
?[m?[37m[INFO] 12:35:35,292 [Test worker] liquibase. - master.changelog.json: migration/vault-schema.changelog-init.xml::1511451595465-59::R3.Corda: Index transaction_id_index created
?[m?[37m[INFO] 12:35:35,292 [Test worker] liquibase. - master.changelog.json: migration/vault-schema.changelog-init.xml::1511451595465-59::R3.Corda: ChangeSet migration/vault-schema.changelog-init.xml::1511451595465-59::R3.Corda ran successfully in 0ms
?[m?[37m[INFO] 12:35:35,294 [Test worker] liquibase. - master.changelog.json: migration/vault-schema.changelog-init.xml::1511451595465-60::R3.Corda: Index uuid_index created
?[m?[37m[INFO] 12:35:35,294 [Test worker] liquibase. - master.changelog.json: migration/vault-schema.changelog-init.xml::1511451595465-60::R3.Corda: ChangeSet migration/vault-schema.changelog-init.xml::1511451595465-60::R3.Corda ran successfully in 0ms
?[m?[37m[INFO] 12:35:35,296 [Test worker] liquibase. - master.changelog.json: migration/vault-schema.changelog-init.xml::1511451595465-64::R3.Corda: Foreign key constraint added to vault_fungible_states_parts (output_index,transaction_id)
?[m?[37m[INFO] 12:35:35,296 [Test worker] liquibase. - master.changelog.json: migration/vault-schema.changelog-init.xml::1511451595465-64::R3.Corda: ChangeSet migration/vault-schema.changelog-init.xml::1511451595465-64::R3.Corda ran successfully in 1ms
?[m?[37m[INFO] 12:35:35,298 [Test worker] liquibase. - master.changelog.json: migration/vault-schema.changelog-init.xml::1511451595465-65::R3.Corda: Foreign key constraint added to vault_linear_states_parts (output_index,transaction_id)
?[m?[37m[INFO] 12:35:35,298 [Test worker] liquibase. - master.changelog.json: migration/vault-schema.changelog-init.xml::1511451595465-65::R3.Corda: ChangeSet migration/vault-schema.changelog-init.xml::1511451595465-65::R3.Corda ran successfully in 1ms
?[m?[37m[INFO] 12:35:35,299 [Test worker] liquibase. - master.changelog.json: migration/vault-schema.changelog-v3.xml::clean_vault::R3.Corda: Data deleted from vault_fungible_states_parts
?[m?[37m[INFO] 12:35:35,299 [Test worker] liquibase. - master.changelog.json: migration/vault-schema.changelog-v3.xml::clean_vault::R3.Corda: Data deleted from vault_fungible_states
?[m?[37m[INFO] 12:35:35,299 [Test worker] liquibase. - master.changelog.json: migration/vault-schema.changelog-v3.xml::clean_vault::R3.Corda: Data deleted from vault_linear_states_parts
?[m?[37m[INFO] 12:35:35,299 [Test worker] liquibase. - master.changelog.json: migration/vault-schema.changelog-v3.xml::clean_vault::R3.Corda: Data deleted from vault_linear_states
?[m?[37m[INFO] 12:35:35,299 [Test worker] liquibase. - master.changelog.json: migration/vault-schema.changelog-v3.xml::clean_vault::R3.Corda: Data deleted from vault_states
?[m?[37m[INFO] 12:35:35,299 [Test worker] liquibase. - master.changelog.json: migration/vault-schema.changelog-v3.xml::clean_vault::R3.Corda: Data deleted from vault_transaction_notes
?[m?[37m[INFO] 12:35:35,299 [Test worker] liquibase. - master.changelog.json: migration/vault-schema.changelog-v3.xml::clean_vault::R3.Corda: ChangeSet migration/vault-schema.changelog-v3.xml::clean_vault::R3.Corda ran successfully in 0ms
?[m?[37m[INFO] 12:35:35,301 [Test worker] liquibase. - master.changelog.json: migration/vault-schema.changelog-v4.xml::nullability::R3.Corda: Null constraint has been added to vault_fungible_states.quantity
?[m?[37m[INFO] 12:35:35,301 [Test worker] liquibase. - master.changelog.json: migration/vault-schema.changelog-v4.xml::nullability::R3.Corda: Null constraint has been added to vault_states.contract_state_class_name
?[m?[37m[INFO] 12:35:35,301 [Test worker] liquibase. - master.changelog.json: migration/vault-schema.changelog-v4.xml::nullability::R3.Corda: Null constraint has been added to vault_states.notary_name
?[m?[37m[INFO] 12:35:35,301 [Test worker] liquibase. - master.changelog.json: migration/vault-schema.changelog-v4.xml::nullability::R3.Corda: Null constraint has been added to vault_states.recorded_timestamp
?[m?[37m[INFO] 12:35:35,301 [Test worker] liquibase. - master.changelog.json: migration/vault-schema.changelog-v4.xml::nullability::R3.Corda: Index state_status_idx dropped from table vault_states
?[m?[37m[INFO] 12:35:35,301 [Test worker] liquibase. - master.changelog.json: migration/vault-schema.changelog-v4.xml::nullability::R3.Corda: Index lock_id_idx dropped from table vault_states
?[m?[37m[INFO] 12:35:35,302 [Test worker] liquibase. - master.changelog.json: migration/vault-schema.changelog-v4.xml::nullability::R3.Corda: Null constraint has been added to vault_states.state_status
?[m?[37m[INFO] 12:35:35,302 [Test worker] liquibase. - master.changelog.json: migration/vault-schema.changelog-v4.xml::nullability::R3.Corda: Index state_status_idx created
?[m?[37m[INFO] 12:35:35,302 [Test worker] liquibase. - master.changelog.json: migration/vault-schema.changelog-v4.xml::nullability::R3.Corda: Index lock_id_idx created
?[m?[37m[INFO] 12:35:35,302 [Test worker] liquibase. - master.changelog.json: migration/vault-schema.changelog-v4.xml::nullability::R3.Corda: Index transaction_id_index dropped from table vault_transaction_notes
?[m?[37m[INFO] 12:35:35,302 [Test worker] liquibase. - master.changelog.json: migration/vault-schema.changelog-v4.xml::nullability::R3.Corda: Null constraint has been added to vault_transaction_notes.note
?[m?[37m[INFO] 12:35:35,303 [Test worker] liquibase. - master.changelog.json: migration/vault-schema.changelog-v4.xml::nullability::R3.Corda: Null constraint has been added to vault_transaction_notes.transaction_id
?[m?[37m[INFO] 12:35:35,303 [Test worker] liquibase. - master.changelog.json: migration/vault-schema.changelog-v4.xml::nullability::R3.Corda: Index transaction_id_index created
?[m?[37m[INFO] 12:35:35,303 [Test worker] liquibase. - master.changelog.json: migration/vault-schema.changelog-v4.xml::nullability::R3.Corda: ChangeSet migration/vault-schema.changelog-v4.xml::nullability::R3.Corda ran successfully in 3ms
?[m?[37m[INFO] 12:35:35,312 [Test worker] liquibase. - master.changelog.json: migration/vault-schema.changelog-v5.xml::add_relevancy_status_column::R3.Corda: Columns relevancy_status(INT) added to vault_states
?[m?[37m[INFO] 12:35:35,312 [Test worker] liquibase. - master.changelog.json: migration/vault-schema.changelog-v5.xml::add_relevancy_status_column::R3.Corda: Data updated in vault_states
?[m?[37m[INFO] 12:35:35,312 [Test worker] liquibase. - master.changelog.json: migration/vault-schema.changelog-v5.xml::add_relevancy_status_column::R3.Corda: Null constraint has been added to vault_states.relevancy_status
?[m?[37m[INFO] 12:35:35,312 [Test worker] liquibase. - master.changelog.json: migration/vault-schema.changelog-v5.xml::add_relevancy_status_column::R3.Corda: ChangeSet migration/vault-schema.changelog-v5.xml::add_relevancy_status_column::R3.Corda ran successfully in 3ms
?[m?[37m[INFO] 12:35:35,316 [Test worker] liquibase. - master.changelog.json: migration/vault-schema.changelog-v6.xml::add_is_constraint_information_columns::R3.Corda: Columns constraint_type(INT) added to vault_states
?[m?[37m[INFO] 12:35:35,319 [Test worker] liquibase. - master.changelog.json: migration/vault-schema.changelog-v6.xml::add_is_constraint_information_columns::R3.Corda: Columns constraint_data(varbinary(563)) added to vault_states
?[m?[37m[INFO] 12:35:35,319 [Test worker] liquibase. - master.changelog.json: migration/vault-schema.changelog-v6.xml::add_is_constraint_information_columns::R3.Corda: ChangeSet migration/vault-schema.changelog-v6.xml::add_is_constraint_information_columns::R3.Corda ran successfully in 5ms
?[m?[37m[INFO] 12:35:35,320 [Test worker] liquibase. - master.changelog.json: migration/vault-schema.changelog-v7.xml::make_issuer_ref_nullable::R3.Corda: Null constraint dropped from vault_fungible_states.issuer_ref
?[m?[37m[INFO] 12:35:35,320 [Test worker] liquibase. - master.changelog.json: migration/vault-schema.changelog-v7.xml::make_issuer_ref_nullable::R3.Corda: ChangeSet migration/vault-schema.changelog-v7.xml::make_issuer_ref_nullable::R3.Corda ran successfully in 0ms
?[m?[37m[INFO] 12:35:35,322 [Test worker] liquibase. - master.changelog.json: migration/vault-schema.changelog-v8.xml::create-external-id-to-state-party-view::R3.Corda: Table state_party created
?[m?[37m[INFO] 12:35:35,322 [Test worker] liquibase. - master.changelog.json: migration/vault-schema.changelog-v8.xml::create-external-id-to-state-party-view::R3.Corda: Index state_pk_hash_idx created
?[m?[37m[INFO] 12:35:35,323 [Test worker] liquibase. - master.changelog.json: migration/vault-schema.changelog-v8.xml::create-external-id-to-state-party-view::R3.Corda: Table pk_hash_to_ext_id_map created
?[m?[37m[INFO] 12:35:35,323 [Test worker] liquibase. - master.changelog.json: migration/vault-schema.changelog-v8.xml::create-external-id-to-state-party-view::R3.Corda: Index pk_hash_to_xid_idx created
?[m?[37m[INFO] 12:35:35,325 [Test worker] liquibase. - master.changelog.json: migration/vault-schema.changelog-v8.xml::create-external-id-to-state-party-view::R3.Corda: View v_pkey_hash_ex_id_map created
?[m?[37m[INFO] 12:35:35,325 [Test worker] liquibase. - master.changelog.json: migration/vault-schema.changelog-v8.xml::create-external-id-to-state-party-view::R3.Corda: ChangeSet migration/vault-schema.changelog-v8.xml::create-external-id-to-state-party-view::R3.Corda ran successfully in 4ms
?[m?[37m[INFO] 12:35:35,327 [Test worker] liquibase. - master.changelog.json: migration/node-info.changelog-init.xml::1511451595465-4::R3.Corda: Table node_link_nodeinfo_party created
?[m?[37m[INFO] 12:35:35,327 [Test worker] liquibase. - master.changelog.json: migration/node-info.changelog-init.xml::1511451595465-4::R3.Corda: ChangeSet migration/node-info.changelog-init.xml::1511451595465-4::R3.Corda ran successfully in 1ms
?[m?[37m[INFO] 12:35:35,328 [Test worker] liquibase. - master.changelog.json: migration/node-info.changelog-init.xml::1511451595465-10::R3.Corda: Table node_info_hosts created
?[m?[37m[INFO] 12:35:35,328 [Test worker] liquibase. - master.changelog.json: migration/node-info.changelog-init.xml::1511451595465-10::R3.Corda: ChangeSet migration/node-info.changelog-init.xml::1511451595465-10::R3.Corda ran successfully in 0ms
?[m?[37m[INFO] 12:35:35,330 [Test worker] liquibase. - master.changelog.json: migration/node-info.changelog-init.xml::1511451595465-11::R3.Corda: Table node_info_party_cert created
?[m?[37m[INFO] 12:35:35,330 [Test worker] liquibase. - master.changelog.json: migration/node-info.changelog-init.xml::1511451595465-11::R3.Corda: ChangeSet migration/node-info.changelog-init.xml::1511451595465-11::R3.Corda ran successfully in 1ms
?[m?[37m[INFO] 12:35:35,331 [Test worker] liquibase. - master.changelog.json: migration/node-info.changelog-init.xml::1511451595465-12::R3.Corda: Table node_infos created
?[m?[37m[INFO] 12:35:35,331 [Test worker] liquibase. - master.changelog.json: migration/node-info.changelog-init.xml::1511451595465-12::R3.Corda: ChangeSet migration/node-info.changelog-init.xml::1511451595465-12::R3.Corda ran successfully in 0ms
?[m?[37m[INFO] 12:35:35,333 [Test worker] liquibase. - master.changelog.json: migration/node-info.changelog-init.xml::1511451595465-35::R3.Corda: Primary key added to node_info_hosts (host, port)
?[m?[37m[INFO] 12:35:35,333 [Test worker] liquibase. - master.changelog.json: migration/node-info.changelog-init.xml::1511451595465-35::R3.Corda: ChangeSet migration/node-info.changelog-init.xml::1511451595465-35::R3.Corda ran successfully in 1ms
?[m?[37m[INFO] 12:35:35,335 [Test worker] liquibase. - master.changelog.json: migration/node-info.changelog-init.xml::1511451595465-36::R3.Corda: Primary key added to node_info_party_cert (party_name)
?[m?[37m[INFO] 12:35:35,335 [Test worker] liquibase. - master.changelog.json: migration/node-info.changelog-init.xml::1511451595465-36::R3.Corda: ChangeSet migration/node-info.changelog-init.xml::1511451595465-36::R3.Corda ran successfully in 1ms
?[m?[37m[INFO] 12:35:35,336 [Test worker] liquibase. - master.changelog.json: migration/node-info.changelog-init.xml::1511451595465-37::R3.Corda: Primary key added to node_infos (node_info_id)
?[m?[37m[INFO] 12:35:35,336 [Test worker] liquibase. - master.changelog.json: migration/node-info.changelog-init.xml::1511451595465-37::R3.Corda: ChangeSet migration/node-info.changelog-init.xml::1511451595465-37::R3.Corda ran successfully in 0ms
?[m?[37m[INFO] 12:35:35,337 [Test worker] liquibase. - master.changelog.json: migration/node-info.changelog-init.xml::1511451595465-62::R3.Corda: Foreign key constraint added to node_link_nodeinfo_party (node_info_id)
?[m?[37m[INFO] 12:35:35,338 [Test worker] liquibase. - master.changelog.json: migration/node-info.changelog-init.xml::1511451595465-62::R3.Corda: ChangeSet migration/node-info.changelog-init.xml::1511451595465-62::R3.Corda ran successfully in 1ms
?[m?[37m[INFO] 12:35:35,340 [Test worker] liquibase. - master.changelog.json: migration/node-info.changelog-init.xml::1511451595465-63::R3.Corda: Foreign key constraint added to node_info_hosts (node_info_id)
?[m?[37m[INFO] 12:35:35,340 [Test worker] liquibase. - master.changelog.json: migration/node-info.changelog-init.xml::1511451595465-63::R3.Corda: ChangeSet migration/node-info.changelog-init.xml::1511451595465-63::R3.Corda ran successfully in 1ms
?[m?[37m[INFO] 12:35:35,341 [Test worker] liquibase. - master.changelog.json: migration/node-info.changelog-init.xml::remove_host_port_pk::R3.Corda: Data deleted from node_infos
?[m?[37m[INFO] 12:35:35,341 [Test worker] liquibase. - master.changelog.json: migration/node-info.changelog-init.xml::remove_host_port_pk::R3.Corda: Data deleted from node_link_nodeinfo_party
?[m?[37m[INFO] 12:35:35,341 [Test worker] liquibase. - master.changelog.json: migration/node-info.changelog-init.xml::remove_host_port_pk::R3.Corda: Data deleted from node_info_hosts
?[m?[37m[INFO] 12:35:35,341 [Test worker] liquibase. - master.changelog.json: migration/node-info.changelog-init.xml::remove_host_port_pk::R3.Corda: Data deleted from node_info_party_cert
?[m?[37m[INFO] 12:35:35,342 [Test worker] liquibase. - master.changelog.json: migration/node-info.changelog-init.xml::remove_host_port_pk::R3.Corda: Primary key dropped from node_info_hosts
?[m?[37m[INFO] 12:35:35,343 [Test worker] liquibase. - master.changelog.json: migration/node-info.changelog-init.xml::remove_host_port_pk::R3.Corda: Columns hosts_id(INT) added to node_info_hosts
?[m?[37m[INFO] 12:35:35,343 [Test worker] liquibase. - master.changelog.json: migration/node-info.changelog-init.xml::remove_host_port_pk::R3.Corda: Primary key added to node_info_hosts (hosts_id)
?[m?[37m[INFO] 12:35:35,343 [Test worker] liquibase. - master.changelog.json: migration/node-info.changelog-init.xml::remove_host_port_pk::R3.Corda: ChangeSet migration/node-info.changelog-init.xml::remove_host_port_pk::R3.Corda ran successfully in 2ms
?[m?[37m[INFO] 12:35:35,345 [Test worker] liquibase. - master.changelog.json: migration/node-info.changelog-v1.xml::key/value node properties table::R3.Corda: Table node_properties created
?[m?[37m[INFO] 12:35:35,345 [Test worker] liquibase. - master.changelog.json: migration/node-info.changelog-v1.xml::key/value node properties table::R3.Corda: ChangeSet migration/node-info.changelog-v1.xml::key/value node properties table::R3.Corda ran successfully in 1ms
?[m?[37m[INFO] 12:35:35,346 [Test worker] liquibase. - master.changelog.json: migration/node-info.changelog-v2.xml::1525962920::R3.Corda: Null constraint has been added to node_infos.node_info_hash
?[m?[37m[INFO] 12:35:35,346 [Test worker] liquibase. - master.changelog.json: migration/node-info.changelog-v2.xml::1525962920::R3.Corda: Null constraint has been added to node_infos.platform_version
?[m?[37m[INFO] 12:35:35,346 [Test worker] liquibase. - master.changelog.json: migration/node-info.changelog-v2.xml::1525962920::R3.Corda: Null constraint has been added to node_infos.serial
?[m?[37m[INFO] 12:35:35,346 [Test worker] liquibase. - master.changelog.json: migration/node-info.changelog-v2.xml::1525962920::R3.Corda: Null constraint dropped from node_info_hosts.host
?[m?[37m[INFO] 12:35:35,347 [Test worker] liquibase. - master.changelog.json: migration/node-info.changelog-v2.xml::1525962920::R3.Corda: Null constraint dropped from node_info_hosts.port
?[m?[37m[INFO] 12:35:35,347 [Test worker] liquibase. - master.changelog.json: migration/node-info.changelog-v2.xml::1525962920::R3.Corda: Null constraint has been added to node_info_party_cert.owning_key_hash
?[m?[37m[INFO] 12:35:35,347 [Test worker] liquibase. - master.changelog.json: migration/node-info.changelog-v2.xml::1525962920::R3.Corda: Null constraint has been added to node_info_party_cert.party_cert_binary
?[m?[37m[INFO] 12:35:35,347 [Test worker] liquibase. - master.changelog.json: migration/node-info.changelog-v2.xml::1525962920::R3.Corda: ChangeSet migration/node-info.changelog-v2.xml::1525962920::R3.Corda ran successfully in 1ms
?[m?[37m[INFO] 12:35:35,349 [Test worker] liquibase. - master.changelog.json: migration/node-info.changelog-v3.xml::column_host_name::R3.Corda: Column node_info_hosts.host renamed to host_name
?[m?[37m[INFO] 12:35:35,349 [Test worker] liquibase. - master.changelog.json: migration/node-info.changelog-v3.xml::column_host_name::R3.Corda: ChangeSet migration/node-info.changelog-v3.xml::column_host_name::R3.Corda ran successfully in 1ms
?[m?[37m[INFO] 12:35:35,350 [Test worker] liquibase. - master.changelog.json: migration/node-services.changelog-init.xml::1511451595465-5::R3.Corda: Table node_attachments created
?[m?[37m[INFO] 12:35:35,350 [Test worker] liquibase. - master.changelog.json: migration/node-services.changelog-init.xml::1511451595465-5::R3.Corda: ChangeSet migration/node-services.changelog-init.xml::1511451595465-5::R3.Corda ran successfully in 0ms
?[m?[37m[INFO] 12:35:35,352 [Test worker] liquibase. - master.changelog.json: migration/node-services.changelog-init.xml::1511451595465-7::R3.Corda: Table node_checkpoints created
?[m?[37m[INFO] 12:35:35,352 [Test worker] liquibase. - master.changelog.json: migration/node-services.changelog-init.xml::1511451595465-7::R3.Corda: ChangeSet migration/node-services.changelog-init.xml::1511451595465-7::R3.Corda ran successfully in 0ms
?[m?[37m[INFO] 12:35:35,354 [Test worker] liquibase. - master.changelog.json: migration/node-services.changelog-init.xml::1511451595465-8::R3.Corda: Table node_contract_upgrades created
?[m?[37m[INFO] 12:35:35,354 [Test worker] liquibase. - master.changelog.json: migration/node-services.changelog-init.xml::1511451595465-8::R3.Corda: ChangeSet migration/node-services.changelog-init.xml::1511451595465-8::R3.Corda ran successfully in 1ms
?[m?[37m[INFO] 12:35:35,356 [Test worker] liquibase. - master.changelog.json: migration/node-services.changelog-init.xml::1511451595465-9::R3.Corda: Table node_identities created
?[m?[37m[INFO] 12:35:35,356 [Test worker] liquibase. - master.changelog.json: migration/node-services.changelog-init.xml::1511451595465-9::R3.Corda: ChangeSet migration/node-services.changelog-init.xml::1511451595465-9::R3.Corda ran successfully in 1ms
?[m?[37m[INFO] 12:35:35,357 [Test worker] liquibase. - master.changelog.json: migration/node-services.changelog-init.xml::1511451595465-13::R3.Corda: Table node_message_ids created
?[m?[37m[INFO] 12:35:35,357 [Test worker] liquibase. - master.changelog.json: migration/node-services.changelog-init.xml::1511451595465-13::R3.Corda: ChangeSet migration/node-services.changelog-init.xml::1511451595465-13::R3.Corda ran successfully in 0ms
?[m?[37m[INFO] 12:35:35,359 [Test worker] liquibase. - master.changelog.json: migration/node-services.changelog-init.xml::1511451595465-14::R3.Corda: Table node_message_retry created
?[m?[37m[INFO] 12:35:35,359 [Test worker] liquibase. - master.changelog.json: migration/node-services.changelog-init.xml::1511451595465-14::R3.Corda: ChangeSet migration/node-services.changelog-init.xml::1511451595465-14::R3.Corda ran successfully in 1ms
?[m?[37m[INFO] 12:35:35,360 [Test worker] liquibase. - master.changelog.json: migration/node-services.changelog-init.xml::1511451595465-15::R3.Corda: Table node_named_identities created
?[m?[37m[INFO] 12:35:35,360 [Test worker] liquibase. - master.changelog.json: migration/node-services.changelog-init.xml::1511451595465-15::R3.Corda: ChangeSet migration/node-services.changelog-init.xml::1511451595465-15::R3.Corda ran successfully in 0ms
?[m?[37m[INFO] 12:35:35,362 [Test worker] liquibase. - master.changelog.json: migration/node-services.changelog-init.xml::1511451595465-17::R3.Corda: Table node_our_key_pairs created
?[m?[37m[INFO] 12:35:35,362 [Test worker] liquibase. - master.changelog.json: migration/node-services.changelog-init.xml::1511451595465-17::R3.Corda: ChangeSet migration/node-services.changelog-init.xml::1511451595465-17::R3.Corda ran successfully in 0ms
?[m?[37m[INFO] 12:35:35,364 [Test worker] liquibase. - master.changelog.json: migration/node-services.changelog-init.xml::1511451595465-19::R3.Corda: Table node_scheduled_states created
?[m?[37m[INFO] 12:35:35,364 [Test worker] liquibase. - master.changelog.json: migration/node-services.changelog-init.xml::1511451595465-19::R3.Corda: ChangeSet migration/node-services.changelog-init.xml::1511451595465-19::R3.Corda ran successfully in 1ms
?[m?[37m[INFO] 12:35:35,365 [Test worker] liquibase. - master.changelog.json: migration/node-services.changelog-init.xml::1511451595465-20::R3.Corda: Table node_transaction_mappings created
?[m?[37m[INFO] 12:35:35,365 [Test worker] liquibase. - master.changelog.json: migration/node-services.changelog-init.xml::1511451595465-20::R3.Corda: ChangeSet migration/node-services.changelog-init.xml::1511451595465-20::R3.Corda ran successfully in 0ms
?[m?[37m[INFO] 12:35:35,367 [Test worker] liquibase. - master.changelog.json: migration/node-services.changelog-init.xml::1511451595465-21::R3.Corda: Table node_transactions created
?[m?[37m[INFO] 12:35:35,367 [Test worker] liquibase. - master.changelog.json: migration/node-services.changelog-init.xml::1511451595465-21::R3.Corda: ChangeSet migration/node-services.changelog-init.xml::1511451595465-21::R3.Corda ran successfully in 0ms
?[m?[37m[INFO] 12:35:35,369 [Test worker] liquibase. - master.changelog.json: migration/node-services.changelog-init.xml::1511451595465-30::R3.Corda: Primary key added to node_attachments (att_id)
?[m?[37m[INFO] 12:35:35,369 [Test worker] liquibase. - master.changelog.json: migration/node-services.changelog-init.xml::1511451595465-30::R3.Corda: ChangeSet migration/node-services.changelog-init.xml::1511451595465-30::R3.Corda ran successfully in 1ms
?[m?[37m[INFO] 12:35:35,370 [Test worker] liquibase. - master.changelog.json: migration/node-services.changelog-init.xml::1511451595465-32::R3.Corda: Primary key added to node_checkpoints (checkpoint_id)
?[m?[37m[INFO] 12:35:35,370 [Test worker] liquibase. - master.changelog.json: migration/node-services.changelog-init.xml::1511451595465-32::R3.Corda: ChangeSet migration/node-services.changelog-init.xml::1511451595465-32::R3.Corda ran successfully in 0ms
?[m?[37m[INFO] 12:35:35,372 [Test worker] liquibase. - master.changelog.json: migration/node-services.changelog-init.xml::1511451595465-33::R3.Corda: Primary key added to node_contract_upgrades (state_ref)
?[m?[37m[INFO] 12:35:35,372 [Test worker] liquibase. - master.changelog.json: migration/node-services.changelog-init.xml::1511451595465-33::R3.Corda: ChangeSet migration/node-services.changelog-init.xml::1511451595465-33::R3.Corda ran successfully in 1ms
?[m?[37m[INFO] 12:35:35,373 [Test worker] liquibase. - master.changelog.json: migration/node-services.changelog-init.xml::1511451595465-34::R3.Corda: Primary key added to node_identities (pk_hash)
?[m?[37m[INFO] 12:35:35,373 [Test worker] liquibase. - master.changelog.json: migration/node-services.changelog-init.xml::1511451595465-34::R3.Corda: ChangeSet migration/node-services.changelog-init.xml::1511451595465-34::R3.Corda ran successfully in 0ms
?[m?[37m[INFO] 12:35:35,375 [Test worker] liquibase. - master.changelog.json: migration/node-services.changelog-init.xml::1511451595465-38::R3.Corda: Primary key added to node_message_ids (message_id)
?[m?[37m[INFO] 12:35:35,375 [Test worker] liquibase. - master.changelog.json: migration/node-services.changelog-init.xml::1511451595465-38::R3.Corda: ChangeSet migration/node-services.changelog-init.xml::1511451595465-38::R3.Corda ran successfully in 1ms
?[m?[37m[INFO] 12:35:35,376 [Test worker] liquibase. - master.changelog.json: migration/node-services.changelog-init.xml::1511451595465-39::R3.Corda: Primary key added to node_message_retry (message_id)
?[m?[37m[INFO] 12:35:35,376 [Test worker] liquibase. - master.changelog.json: migration/node-services.changelog-init.xml::1511451595465-39::R3.Corda: ChangeSet migration/node-services.changelog-init.xml::1511451595465-39::R3.Corda ran successfully in 0ms
?[m?[37m[INFO] 12:35:35,378 [Test worker] liquibase. - master.changelog.json: migration/node-services.changelog-init.xml::1511451595465-40::R3.Corda: Primary key added to node_named_identities (name)
?[m?[37m[INFO] 12:35:35,378 [Test worker] liquibase. - master.changelog.json: migration/node-services.changelog-init.xml::1511451595465-40::R3.Corda: ChangeSet migration/node-services.changelog-init.xml::1511451595465-40::R3.Corda ran successfully in 1ms
?[m?[37m[INFO] 12:35:35,379 [Test worker] liquibase. - master.changelog.json: migration/node-services.changelog-init.xml::1511451595465-42::R3.Corda: Primary key added to node_our_key_pairs (public_key_hash)
?[m?[37m[INFO] 12:35:35,379 [Test worker] liquibase. - master.changelog.json: migration/node-services.changelog-init.xml::1511451595465-42::R3.Corda: ChangeSet migration/node-services.changelog-init.xml::1511451595465-42::R3.Corda ran successfully in 0ms
?[m?[37m[INFO] 12:35:35,381 [Test worker] liquibase. - master.changelog.json: migration/node-services.changelog-init.xml::1511451595465-44::R3.Corda: Primary key added to node_scheduled_states (output_index, transaction_id)
?[m?[37m[INFO] 12:35:35,381 [Test worker] liquibase. - master.changelog.json: migration/node-services.changelog-init.xml::1511451595465-44::R3.Corda: ChangeSet migration/node-services.changelog-init.xml::1511451595465-44::R3.Corda ran successfully in 1ms
?[m?[37m[INFO] 12:35:35,383 [Test worker] liquibase. - master.changelog.json: migration/node-services.changelog-init.xml::1511451595465-45::R3.Corda: Primary key added to node_transaction_mappings (tx_id)
?[m?[37m[INFO] 12:35:35,383 [Test worker] liquibase. - master.changelog.json: migration/node-services.changelog-init.xml::1511451595465-45::R3.Corda: ChangeSet migration/node-services.changelog-init.xml::1511451595465-45::R3.Corda ran successfully in 1ms
?[m?[37m[INFO] 12:35:35,385 [Test worker] liquibase. - master.changelog.json: migration/node-services.changelog-init.xml::1511451595465-46::R3.Corda: Primary key added to node_transactions (tx_id)
?[m?[37m[INFO] 12:35:35,385 [Test worker] liquibase. - master.changelog.json: migration/node-services.changelog-init.xml::1511451595465-46::R3.Corda: ChangeSet migration/node-services.changelog-init.xml::1511451595465-46::R3.Corda ran successfully in 1ms
?[m?[37m[INFO] 12:35:35,387 [Test worker] liquibase. - master.changelog.json: migration/node-services.changelog-init.xml::1511451595465-61::R3.Corda: Foreign key constraint added to node_link_nodeinfo_party (party_name)
?[m?[37m[INFO] 12:35:35,387 [Test worker] liquibase. - master.changelog.json: migration/node-services.changelog-init.xml::1511451595465-61::R3.Corda: ChangeSet migration/node-services.changelog-init.xml::1511451595465-61::R3.Corda ran successfully in 1ms
?[m?[37m[INFO] 12:35:35,389 [Test worker] liquibase. - master.changelog.json: migration/node-services.changelog-init.xml::add index att_id::R3.Corda: Index att_id_idx created
?[m?[37m[INFO] 12:35:35,389 [Test worker] liquibase. - master.changelog.json: migration/node-services.changelog-init.xml::add index att_id::R3.Corda: ChangeSet migration/node-services.changelog-init.xml::add index att_id::R3.Corda ran successfully in 1ms
?[m?[37m[INFO] 12:35:35,390 [Test worker] liquibase. - master.changelog.json: migration/node-services.changelog-init.xml::add_contract_attachment::R3.Corda: Table node_attchments_contracts created
?[m?[37m[INFO] 12:35:35,391 [Test worker] liquibase. - master.changelog.json: migration/node-services.changelog-init.xml::add_contract_attachment::R3.Corda: Foreign key constraint added to node_attchments_contracts (att_id)
?[m?[37m[INFO] 12:35:35,391 [Test worker] liquibase. - master.changelog.json: migration/node-services.changelog-init.xml::add_contract_attachment::R3.Corda: Data deleted from node_attachments
?[m?[37m[INFO] 12:35:35,391 [Test worker] liquibase. - master.changelog.json: migration/node-services.changelog-init.xml::add_contract_attachment::R3.Corda: ChangeSet migration/node-services.changelog-init.xml::add_contract_attachment::R3.Corda ran successfully in 1ms
?[m?[37m[INFO] 12:35:35,395 [Test worker] liquibase. - master.changelog.json: migration/node-services.changelog-init.xml::add_dedup_columns::R3.Corda: Columns sender(NVARCHAR(64)),sequence_number(BIGINT) added to node_message_ids
?[m?[37m[INFO] 12:35:35,395 [Test worker] liquibase. - master.changelog.json: migration/node-services.changelog-init.xml::add_dedup_columns::R3.Corda: ChangeSet migration/node-services.changelog-init.xml::add_dedup_columns::R3.Corda ran successfully in 3ms
?[m?[37m[INFO] 12:35:35,397 [Test worker] liquibase. - master.changelog.json: migration/node-core.changelog-v4.xml::attchments_rename::R3.Corda: Table node_attchments_contracts renamed to node_attachments_contracts
?[m?[37m[INFO] 12:35:35,397 [Test worker] liquibase. - master.changelog.json: migration/node-core.changelog-v4.xml::attchments_rename::R3.Corda: ChangeSet migration/node-core.changelog-v4.xml::attchments_rename::R3.Corda ran successfully in 1ms
?[m?[37m[INFO] 12:35:35,398 [Test worker] liquibase. - master.changelog.json: migration/node-core.changelog-v4.xml::nullability::R3.Corda: Null constraint has been added to node_identities.identity_value
?[m?[37m[INFO] 12:35:35,398 [Test worker] liquibase. - master.changelog.json: migration/node-core.changelog-v4.xml::nullability::R3.Corda: Null constraint has been added to node_attachments.content
?[m?[37m[INFO] 12:35:35,398 [Test worker] liquibase. - master.changelog.json: migration/node-core.changelog-v4.xml::nullability::R3.Corda: Null constraint has been added to node_attachments_contracts.contract_class_name
?[m?[37m[INFO] 12:35:35,399 [Test worker] liquibase. - master.changelog.json: migration/node-core.changelog-v4.xml::nullability::R3.Corda: Null constraint has been added to node_checkpoints.checkpoint_value
?[m?[37m[INFO] 12:35:35,399 [Test worker] liquibase. - master.changelog.json: migration/node-core.changelog-v4.xml::nullability::R3.Corda: Null constraint has been added to node_contract_upgrades.contract_class_name
?[m?[37m[INFO] 12:35:35,399 [Test worker] liquibase. - master.changelog.json: migration/node-core.changelog-v4.xml::nullability::R3.Corda: Null constraint has been added to node_message_ids.insertion_time
?[m?[37m[INFO] 12:35:35,399 [Test worker] liquibase. - master.changelog.json: migration/node-core.changelog-v4.xml::nullability::R3.Corda: Null constraint has been added to node_message_retry.message
?[m?[37m[INFO] 12:35:35,399 [Test worker] liquibase. - master.changelog.json: migration/node-core.changelog-v4.xml::nullability::R3.Corda: Null constraint has been added to node_message_retry.recipients
?[m?[37m[INFO] 12:35:35,399 [Test worker] liquibase. - master.changelog.json: migration/node-core.changelog-v4.xml::nullability::R3.Corda: Null constraint has been added to node_named_identities.pk_hash
?[m?[37m[INFO] 12:35:35,399 [Test worker] liquibase. - master.changelog.json: migration/node-core.changelog-v4.xml::nullability::R3.Corda: Null constraint has been added to node_our_key_pairs.private_key
?[m?[37m[INFO] 12:35:35,400 [Test worker] liquibase. - master.changelog.json: migration/node-core.changelog-v4.xml::nullability::R3.Corda: Null constraint has been added to node_our_key_pairs.public_key
?[m?[37m[INFO] 12:35:35,400 [Test worker] liquibase. - master.changelog.json: migration/node-core.changelog-v4.xml::nullability::R3.Corda: Null constraint has been added to node_transaction_mappings.state_machine_run_id
?[m?[37m[INFO] 12:35:35,400 [Test worker] liquibase. - master.changelog.json: migration/node-core.changelog-v4.xml::nullability::R3.Corda: Null constraint has been added to node_transactions.transaction_value
?[m?[37m[INFO] 12:35:35,400 [Test worker] liquibase. - master.changelog.json: migration/node-core.changelog-v4.xml::nullability::R3.Corda: ChangeSet migration/node-core.changelog-v4.xml::nullability::R3.Corda ran successfully in 2ms
?[m?[37m[INFO] 12:35:35,402 [Test worker] liquibase. - master.changelog.json: migration/node-core.changelog-v5.xml::remove_unused_node_message_retry::R3.Corda: Table node_message_retry dropped
?[m?[37m[INFO] 12:35:35,402 [Test worker] liquibase. - master.changelog.json: migration/node-core.changelog-v5.xml::remove_unused_node_message_retry::R3.Corda: ChangeSet migration/node-core.changelog-v5.xml::remove_unused_node_message_retry::R3.Corda ran successfully in 0ms
?[m?[37m[INFO] 12:35:35,420 [Test worker] liquibase. - master.changelog.json: migration/node-core.changelog-v8.xml::conditional_attchments_rename::R3.Corda: Marking ChangeSet: migration/node-core.changelog-v8.xml::conditional_attchments_rename::R3.Corda ran despite precondition failure due to onFail='MARK_RAN': 
          master.changelog.json : Table PUBLIC.NODE_ATTCHMENTS_CONTRACTS does not exist

?[m?[37m[INFO] 12:35:35,429 [Test worker] liquibase. - master.changelog.json: migration/node-core.changelog-v8.xml::conditional_attchments_contracts::R3.Corda: Marking ChangeSet: migration/node-core.changelog-v8.xml::conditional_attchments_contracts::R3.Corda ran despite precondition failure due to onFail='MARK_RAN': 
          master.changelog.json : Table PUBLIC.NODE_ATTACHMENTS_CONTRACT_CLASS_NAME does not exist

?[m?[37m[INFO] 12:35:35,431 [Test worker] liquibase. - master.changelog.json: migration/node-core.changelog-v8.xml::add_signers::R3.Corda: Table node_attachments_signers created
?[m?[37m[INFO] 12:35:35,432 [Test worker] liquibase. - master.changelog.json: migration/node-core.changelog-v8.xml::add_signers::R3.Corda: Foreign key constraint added to node_attachments_signers (att_id)
?[m?[37m[INFO] 12:35:35,432 [Test worker] liquibase. - master.changelog.json: migration/node-core.changelog-v8.xml::add_signers::R3.Corda: ChangeSet migration/node-core.changelog-v8.xml::add_signers::R3.Corda ran successfully in 2ms
?[m?[37m[INFO] 12:35:35,436 [Test worker] liquibase. - master.changelog.json: migration/node-core.changelog-tx-mapping.xml::add_tx_mapping_column::R3.Corda: Columns state_machine_run_id(NVARCHAR(36)) added to node_transactions
?[m?[37m[INFO] 12:35:35,437 [Test worker] liquibase. - master.changelog.json: migration/node-core.changelog-tx-mapping.xml::add_tx_mapping_column::R3.Corda: Custom SQL executed
?[m?[37m[INFO] 12:35:35,437 [Test worker] liquibase. - master.changelog.json: migration/node-core.changelog-tx-mapping.xml::add_tx_mapping_column::R3.Corda: Table node_transaction_mappings dropped
?[m?[37m[INFO] 12:35:35,437 [Test worker] liquibase. - master.changelog.json: migration/node-core.changelog-tx-mapping.xml::add_tx_mapping_column::R3.Corda: ChangeSet migration/node-core.changelog-tx-mapping.xml::add_tx_mapping_column::R3.Corda ran successfully in 4ms
?[m?[37m[INFO] 12:35:35,439 [Test worker] liquibase. - master.changelog.json: migration/node-services.changelog-init.xml::add_network_parameters_storage::R3.Corda: Table node_network_parameters created
?[m?[37m[INFO] 12:35:35,439 [Test worker] liquibase. - master.changelog.json: migration/node-services.changelog-init.xml::add_network_parameters_storage::R3.Corda: ChangeSet migration/node-services.changelog-init.xml::add_network_parameters_storage::R3.Corda ran successfully in 0ms
?[m?[37m[INFO] 12:35:35,442 [Test worker] liquibase. - master.changelog.json: migration/node-services.changelog-init.xml::network_parameters_pk::R3.Corda: Primary key added to node_network_parameters (hash)
?[m?[37m[INFO] 12:35:35,442 [Test worker] liquibase. - master.changelog.json: migration/node-services.changelog-init.xml::network_parameters_pk::R3.Corda: ChangeSet migration/node-services.changelog-init.xml::network_parameters_pk::R3.Corda ran successfully in 1ms
?[m?[37m[INFO] 12:35:35,446 [Test worker] liquibase. - master.changelog.json: migration/node-services.changelog-init.xml::add_version_column::R3.Corda: Columns version(INT) added to node_attachments
?[m?[37m[INFO] 12:35:35,446 [Test worker] liquibase. - master.changelog.json: migration/node-services.changelog-init.xml::add_version_column::R3.Corda: Custom SQL executed
?[m?[37m[INFO] 12:35:35,446 [Test worker] liquibase. - master.changelog.json: migration/node-services.changelog-init.xml::add_version_column::R3.Corda: Null constraint has been added to node_attachments.version
?[m?[37m[INFO] 12:35:35,446 [Test worker] liquibase. - master.changelog.json: migration/node-services.changelog-init.xml::add_version_column::R3.Corda: ChangeSet migration/node-services.changelog-init.xml::add_version_column::R3.Corda ran successfully in 3ms
?[m?[37m[INFO] 12:35:35,448 [Test worker] persistence.AttachmentVersionNumberMigration. - Start executing...
?[m?[37m[INFO] 12:35:35,449 [Test worker] persistence.AttachmentVersionNumberMigration. - Attachment version creation from whitelisted JARs using network parameters from build\mock-network\20190412-153534.672\nodes\0\network-parameters, whitelistedContractImplementations: {}.
?[m?[37m[INFO] 12:35:35,449 [Test worker] persistence.AttachmentVersionNumberMigration. - Attachment version creation from whitelisted JARs skipped, no attachments not found.
?[m?[37m[INFO] 12:35:35,449 [Test worker] liquibase. - master.changelog.json: migration/node-services.changelog-init.xml::update-version-of-whitelisted-jars::R3.Corda: null
?[m?[37m[INFO] 12:35:35,449 [Test worker] liquibase. - master.changelog.json: migration/node-services.changelog-init.xml::update-version-of-whitelisted-jars::R3.Corda: ChangeSet migration/node-services.changelog-init.xml::update-version-of-whitelisted-jars::R3.Corda ran successfully in 1ms
?[m?[37m[INFO] 12:35:35,451 [Test worker] migration.VaultStateMigration. - Migrating vault state data to V4 tables
?[m?[37m[INFO] 12:35:35,454 [Test worker] persistence.HibernateConfiguration. - Init HibernateConfiguration for schemas: [VaultMigrationSchemaV1(name=net.corda.node.migration.VaultMigrationSchema, version=1), VaultSchemaV1(name=net.corda.node.services.vault.VaultSchema, version=1)]
?[m?[37m[INFO] 12:35:35,454 [Test worker] persistence.HibernateConfiguration. - Creating session factory for schemas: [VaultMigrationSchemaV1(name=net.corda.node.migration.VaultMigrationSchema, version=1), VaultSchemaV1(name=net.corda.node.services.vault.VaultSchema, version=1)]
?[m?[37m[INFO] 12:35:35,461 [Test worker] internal.ConnectionProviderInitiator. - HHH000130: Instantiating explicit connection provider: net.corda.nodeapi.internal.persistence.HibernateConfiguration$NodeDatabaseConnectionProvider
?[m?[37m[INFO] 12:35:35,461 [Test worker] dialect.Dialect. - HHH000400: Using dialect: org.hibernate.dialect.H2Dialect
?[m?[37m[INFO] 12:35:35,464 [Test worker] type.BasicTypeRegistry. - HHH000270: Type registration [materialized_blob] overrides previous : org.hibernate.type.MaterializedBlobType@61c329e6
?[m?[37m[INFO] 12:35:35,506 [Test worker] connections.access. - HHH10001501: Connection obtained from JdbcConnectionAccess [org.hibernate.engine.jdbc.env.internal.JdbcEnvironmentInitiator$ConnectionProviderJdbcConnectionAccess@24bcd290] for (non-JTA) DDL execution was not in auto-commit mode; the Connection 'local transaction' will be committed and the Connection will be set into auto-commit mode.
?[m?[37m[INFO] 12:35:35,531 [Test worker] persistence.HibernateConfiguration. - Created session factory for schemas: [VaultMigrationSchemaV1(name=net.corda.node.migration.VaultMigrationSchema, version=1), VaultSchemaV1(name=net.corda.node.services.vault.VaultSchema, version=1)]
?[m?[37m[INFO] 12:35:35,531 [Test worker] internal.QueryTranslatorFactoryInitiator. - HHH000397: Using ASTQueryTranslatorFactory
?[m?[37m[INFO] 12:35:35,537 [Test worker] migration.VaultStateMigration. - Finished performing vault state data migration for 0 states
?[m?[37m[INFO] 12:35:35,538 [Test worker] liquibase. - master.changelog.json: migration/vault-schema.changelog-v9.xml::update-vault-states::R3.Corda: null
?[m?[37m[INFO] 12:35:35,538 [Test worker] liquibase. - master.changelog.json: migration/vault-schema.changelog-v9.xml::update-vault-states::R3.Corda: ChangeSet migration/vault-schema.changelog-v9.xml::update-vault-states::R3.Corda ran successfully in 87ms
?[m?[37m[INFO] 12:35:35,539 [Test worker] liquibase. - master.changelog.json: migration/node-services.changelog-init.xml::1511451595465-16::R3.Corda: Table node_notary_committed_states created
?[m?[37m[INFO] 12:35:35,539 [Test worker] liquibase. - master.changelog.json: migration/node-services.changelog-init.xml::1511451595465-16::R3.Corda: ChangeSet migration/node-services.changelog-init.xml::1511451595465-16::R3.Corda ran successfully in 0ms
?[m?[37m[INFO] 12:35:35,540 [Test worker] liquibase. - master.changelog.json: migration/node-services.changelog-init.xml::1521131680317-17::R3.Corda: Table node_notary_request_log created
?[m?[37m[INFO] 12:35:35,540 [Test worker] liquibase. - master.changelog.json: migration/node-services.changelog-init.xml::1521131680317-17::R3.Corda: ChangeSet migration/node-services.changelog-init.xml::1521131680317-17::R3.Corda ran successfully in 0ms
?[m?[37m[INFO] 12:35:35,542 [Test worker] liquibase. - master.changelog.json: migration/node-services.changelog-init.xml::1511451595465-41::R3.Corda: Primary key added to node_notary_committed_states (output_index, transaction_id)
?[m?[37m[INFO] 12:35:35,542 [Test worker] liquibase. - master.changelog.json: migration/node-services.changelog-init.xml::1511451595465-41::R3.Corda: ChangeSet migration/node-services.changelog-init.xml::1511451595465-41::R3.Corda ran successfully in 1ms
?[m?[37m[INFO] 12:35:35,543 [Test worker] liquibase. - master.changelog.json: migration/node-services.changelog-init.xml::1521131680317-48::R3.Corda: Primary key added to node_notary_request_log (id)
?[m?[37m[INFO] 12:35:35,543 [Test worker] liquibase. - master.changelog.json: migration/node-services.changelog-init.xml::1521131680317-48::R3.Corda: ChangeSet migration/node-services.changelog-init.xml::1521131680317-48::R3.Corda ran successfully in 0ms
?[m?[37m[INFO] 12:35:35,544 [Test worker] liquibase. - master.changelog.json: migration/node-services.changelog-init.xml::nullability::R3.Corda: Null constraint has been added to node_notary_committed_states.consuming_transaction_id
?[m?[37m[INFO] 12:35:35,544 [Test worker] liquibase. - master.changelog.json: migration/node-services.changelog-init.xml::nullability::R3.Corda: ChangeSet migration/node-services.changelog-init.xml::nullability::R3.Corda ran successfully in 0ms
?[m?[37m[INFO] 12:35:35,552 [Test worker] liquibase. - master.changelog.json: migration/node-notary.changelog-v2.xml::rename-table-notary-commit-log::R3.Corda: Marking ChangeSet: migration/node-notary.changelog-v2.xml::rename-table-notary-commit-log::R3.Corda ran despite precondition failure due to onFail='MARK_RAN': 
          master.changelog.json : Table PUBLIC.node_notary_commit_log does not exist

?[m?[37m[INFO] 12:35:35,554 [Test worker] liquibase. - master.changelog.json: migration/node-notary.changelog-v2.xml::create-notary-request-log-table::R3.Corda: Marking ChangeSet: migration/node-notary.changelog-v2.xml::create-notary-request-log-table::R3.Corda ran despite precondition failure due to onFail='MARK_RAN': 
          master.changelog.json : Not precondition failed

?[m?[37m[INFO] 12:35:35,557 [Test worker] liquibase. - master.changelog.json: migration/node-notary.changelog-committed-transactions-table.xml::create-notary-committed-transactions-table::R3.Corda: Table node_notary_committed_txs created
?[m?[37m[INFO] 12:35:35,557 [Test worker] liquibase. - master.changelog.json: migration/node-notary.changelog-committed-transactions-table.xml::create-notary-committed-transactions-table::R3.Corda: Primary key added to node_notary_committed_txs (transaction_id)
?[m?[37m[INFO] 12:35:35,557 [Test worker] liquibase. - master.changelog.json: migration/node-notary.changelog-committed-transactions-table.xml::create-notary-committed-transactions-table::R3.Corda: ChangeSet migration/node-notary.changelog-committed-transactions-table.xml::create-notary-committed-transactions-table::R3.Corda ran successfully in 1ms
?[m?[37m[INFO] 12:35:35,559 [Test worker] liquibase. - Successfully released change log lock
?[m?[37m[INFO] 12:35:35,560 [Test worker] internal.InternalMockNetwork$MockNode. - Connected to H2 database.
?[m?[37m[INFO] 12:35:35,566 [Test worker] persistence.HibernateConfiguration. - Init HibernateConfiguration for schemas: [CommonSchemaV1(name=net.corda.core.schemas.CommonSchema, version=1), VaultSchemaV1(name=net.corda.node.services.vault.VaultSchema, version=1), NodeInfoSchemaV1(name=net.corda.node.internal.schemas.NodeInfoSchema, version=1), NodeCoreV1(name=net.corda.node.services.schema.NodeSchemaService$NodeCore, version=1), IOUSchemaV1(name=com.example.schema.IOUSchema, version=1), NodeNotarySchemaV1(name=net.corda.node.services.transactions.NodeNotarySchema, version=1)]
?[m?[37m[INFO] 12:35:35,567 [Test worker] persistence.HibernateConfiguration. - Creating session factory for schemas: [CommonSchemaV1(name=net.corda.core.schemas.CommonSchema, version=1), VaultSchemaV1(name=net.corda.node.services.vault.VaultSchema, version=1), NodeInfoSchemaV1(name=net.corda.node.internal.schemas.NodeInfoSchema, version=1), NodeCoreV1(name=net.corda.node.services.schema.NodeSchemaService$NodeCore, version=1), IOUSchemaV1(name=com.example.schema.IOUSchema, version=1), NodeNotarySchemaV1(name=net.corda.node.services.transactions.NodeNotarySchema, version=1)]
?[m?[37m[INFO] 12:35:35,572 [Test worker] internal.ConnectionProviderInitiator. - HHH000130: Instantiating explicit connection provider: net.corda.nodeapi.internal.persistence.HibernateConfiguration$NodeDatabaseConnectionProvider
?[m?[37m[INFO] 12:35:35,572 [Test worker] dialect.Dialect. - HHH000400: Using dialect: org.hibernate.dialect.H2Dialect
?[m?[37m[INFO] 12:35:35,574 [Test worker] type.BasicTypeRegistry. - HHH000270: Type registration [materialized_blob] overrides previous : org.hibernate.type.MaterializedBlobType@61c329e6
?[m?[37m[INFO] 12:35:35,632 [Test worker] connections.access. - HHH10001501: Connection obtained from JdbcConnectionAccess [org.hibernate.engine.jdbc.env.internal.JdbcEnvironmentInitiator$ConnectionProviderJdbcConnectionAccess@4da099d0] for (non-JTA) DDL execution was not in auto-commit mode; the Connection 'local transaction' will be committed and the Connection will be set into auto-commit mode.
?[m?[37m[INFO] 12:35:35,682 [Test worker] persistence.HibernateConfiguration. - Created session factory for schemas: [CommonSchemaV1(name=net.corda.core.schemas.CommonSchema, version=1), VaultSchemaV1(name=net.corda.node.services.vault.VaultSchema, version=1), NodeInfoSchemaV1(name=net.corda.node.internal.schemas.NodeInfoSchema, version=1), NodeCoreV1(name=net.corda.node.services.schema.NodeSchemaService$NodeCore, version=1), IOUSchemaV1(name=com.example.schema.IOUSchema, version=1), NodeNotarySchemaV1(name=net.corda.node.services.transactions.NodeNotarySchema, version=1)]
?[m?[37m[INFO] 12:35:35,684 [Test worker] internal.QueryTranslatorFactoryInitiator. - HHH000397: Using ASTQueryTranslatorFactory
?[m?[37m[INFO] 12:35:35,687 [Test worker] internal.InternalMockNetwork$MockNode. - Node-info has changed so submitting update. Old node-info was null
?[m?[37m[INFO] 12:35:35,687 [Test worker] network.PersistentNetworkMapCache. - Adding node with info: NodeInfo(addresses=[mock.node:1000], legalIdentitiesAndCerts=[O=Notary Service, L=Zurich, C=CH], platformVersion=4, serial=1555083335687)
?[m?[37m[INFO] 12:35:35,689 [Test worker] network.PersistentNetworkMapCache. - No previous node found
?[m?[37m[INFO] 12:35:35,704 [Test worker] internal.InternalMockNetwork$MockNode. - New node-info: NodeInfo(addresses=[mock.node:1000], legalIdentitiesAndCerts=[O=Notary Service, L=Zurich, C=CH], platformVersion=4, serial=1555083335687)
?[m?[37m[INFO] 12:35:35,719 [Test worker] network.NetworkMapUpdater. - Auto-accept enabled for network parameter changes which modify only: [epoch, modifiedTime, packageOwnership, whitelistedContractImplementations]
?[m?[37m[INFO] 12:35:35,723 [MockNode-4-2] network.PersistentNetworkMapCache. - Adding node with info: NodeInfo(addresses=[mock.node:1000], legalIdentitiesAndCerts=[O=Notary Service, L=Zurich, C=CH], platformVersion=4, serial=1555083335687)
?[m?[37m[INFO] 12:35:35,729 [MockNode-4-2] network.PersistentNetworkMapCache. - Previous node was identical to incoming one - doing nothing
?[m?[37m[INFO] 12:35:35,834 [Test worker] ClassloaderUtils. - Contracts loading for 'C:\Users\Daniel\AppData\Local\Temp\attachment5689031584729110538.jar' took 20 msec
?[m?[37m[INFO] 12:35:35,845 [Test worker] persistence.NodeAttachmentService. - Stored new attachment: id=068D846C052E681003228A05005925CB3EC9DBFEDDFDA00048D0BB87F1ED69B0 uploader=app filename=null
?[m?[37m[INFO] 12:35:35,846 [Test worker] utilities.NotaryLoader. - Starting notary service: class net.corda.node.services.transactions.SimpleNotaryService
?[m?[37m[INFO] 12:35:35,847 [Test worker] notary.SinglePartyNotaryService. - Starting notary in validating mode
?[m?[37m[INFO] 12:35:35,852 [Test worker] statemachine.SingleThreadedStateMachineManager. - Node ready, info: NodeInfo(addresses=[mock.node:1000], legalIdentitiesAndCerts=[O=Notary Service, L=Zurich, C=CH], platformVersion=4, serial=1555083335687)
?[m?[37m[INFO] 12:35:35,854 [Test worker] network.PersistentNetworkMapCache. - Adding node with info: NodeInfo(addresses=[mock.node:1000], legalIdentitiesAndCerts=[O=Notary Service, L=Zurich, C=CH], platformVersion=4, serial=1555083335687)
?[m?[37m[INFO] 12:35:35,854 [Test worker] network.PersistentNetworkMapCache. - Previous node was identical to incoming one - doing nothing
?[m?[37m[INFO] 12:35:35,854 [Test worker] network.PersistentNetworkMapCache. - Adding node with info: NodeInfo(addresses=[mock.node:1000], legalIdentitiesAndCerts=[O=Notary Service, L=Zurich, C=CH], platformVersion=4, serial=1555083335687)
?[m?[37m[INFO] 12:35:35,854 [Test worker] network.PersistentNetworkMapCache. - Previous node was identical to incoming one - doing nothing
?[m?[37m[INFO] 12:35:35,865 [Test worker] cordapp.JarScanningCordappLoader. - Looking for CorDapps in [build\mock-network\20190412-153534.672\nodes\1\cordapps]
?[m?[37m[INFO] 12:35:35,866 [Test worker] cordapp.JarScanningCordappLoader. - Loading CorDapps from RestrictedURL(url=file:/C:/Users/Daniel/OneDrive/Documents/tokensdk/samples3/cordapp-example/workflows-kotlin/build/mock-network/20190412-153534.672/nodes/1/cordapps/cordapp-example-contracts-0.1.jar, rootPackageName=null), RestrictedURL(url=file:/C:/Users/Daniel/OneDrive/Documents/tokensdk/samples3/cordapp-example/workflows-kotlin/build/mock-network/20190412-153534.672/nodes/1/cordapps/cordapp-example-workflows-0.1.jar, rootPackageName=null)
?[m?[37m[INFO] 12:35:35,866 [Test worker] cordapp.JarScanningCordappLoader. - Scanning CorDapp in file:/C:/Users/Daniel/OneDrive/Documents/tokensdk/samples3/cordapp-example/workflows-kotlin/build/mock-network/20190412-153534.672/nodes/1/cordapps/cordapp-example-contracts-0.1.jar
?[m?[37m[INFO] 12:35:35,949 [Test worker] cordapp.JarScanningCordappLoader. - Found notary service CorDapp implementations: 
?[m?[37m[INFO] 12:35:35,949 [Test worker] cordapp.JarScanningCordappLoader. - Scanning CorDapp in file:/C:/Users/Daniel/OneDrive/Documents/tokensdk/samples3/cordapp-example/workflows-kotlin/build/mock-network/20190412-153534.672/nodes/1/cordapps/cordapp-example-workflows-0.1.jar
?[m?[37m[INFO] 12:35:36,035 [Test worker] cordapp.JarScanningCordappLoader. - Found notary service CorDapp implementations: 
?[m?[37m[INFO] 12:35:36,043 [Test worker] internal.InternalMockNetwork$MockNode. - Node starting up ...
?[m?[37m[INFO] 12:35:36,089 [Test worker] internal.NodeFlowManager. - Registered com.example.flow.ExampleFlow$Initiator to initiate com.example.flow.ExampleFlow$Acceptor (version 1)
?[m?[37m[INFO] 12:35:36,092 [Test worker] internal.InternalMockNetwork$MockNode. - Loaded network parameters: NetworkParameters {
      minimumPlatformVersion=1
      notaries=[NotaryInfo(identity=O=Notary Service, L=Zurich, C=CH, validating=true)]
      maxMessageSize=10485760
      maxTransactionSize=524288000
      whitelistedContractImplementations {
        
      }
      eventHorizon=PT720H
      packageOwnership {
        
      }
      modifiedTime=2019-04-12T15:35:34.672Z
      epoch=1
  }
?[m?[37m[INFO] 12:35:36,093 [Test worker] hikari.HikariDataSource. - HikariPool-5 - Started.
?[m?[37m[INFO] 12:35:36,230 [Test worker] liquibase. - Creating database history table with name: PUBLIC.DATABASECHANGELOG
?[m?[37m[INFO] 12:35:36,233 [Test worker] liquibase. - Reading from PUBLIC.DATABASECHANGELOG
?[m?[37m[INFO] 12:35:36,235 [Test worker] liquibase. - master.changelog.json: migration/common.changelog-init.xml::1511451595465-1.3::R3.Corda: Skipping changeSet migration/common.changelog-init.xml::1511451595465-1.3::R3.Corda due to validation error(s): minValue is not allowed on h2
?[m?[37m[INFO] 12:35:36,239 [Test worker] liquibase. - master.changelog.json: migration/vault-schema.changelog-pkey.xml::non-clustered_pk-11::R3.Corda: Skipping changeSet migration/vault-schema.changelog-pkey.xml::non-clustered_pk-11::R3.Corda due to validation error(s): clustered is not allowed on h2
?[m?[37m[INFO] 12:35:36,240 [Test worker] liquibase. - master.changelog.json: migration/vault-schema.changelog-pkey.xml::non-clustered_pk-12::R3.Corda: Skipping changeSet migration/vault-schema.changelog-pkey.xml::non-clustered_pk-12::R3.Corda due to validation error(s): clustered is not allowed on h2
?[m?[37m[INFO] 12:35:36,240 [Test worker] liquibase. - master.changelog.json: migration/vault-schema.changelog-pkey.xml::non-clustered_pk-13::R3.Corda: Skipping changeSet migration/vault-schema.changelog-pkey.xml::non-clustered_pk-13::R3.Corda due to validation error(s): clustered is not allowed on h2
?[m?[37m[INFO] 12:35:36,252 [Test worker] liquibase. - master.changelog.json: migration/node-core.changelog-pkey.xml::non-clustered_pk-1::R3.Corda: Skipping changeSet migration/node-core.changelog-pkey.xml::non-clustered_pk-1::R3.Corda due to validation error(s): clustered is not allowed on h2
?[m?[37m[INFO] 12:35:36,252 [Test worker] liquibase. - master.changelog.json: migration/node-core.changelog-pkey.xml::non-clustered_pk-2::R3.Corda: Skipping changeSet migration/node-core.changelog-pkey.xml::non-clustered_pk-2::R3.Corda due to validation error(s): clustered is not allowed on h2
?[m?[37m[INFO] 12:35:36,253 [Test worker] liquibase. - master.changelog.json: migration/node-core.changelog-pkey.xml::non-clustered_pk-3::R3.Corda: Skipping changeSet migration/node-core.changelog-pkey.xml::non-clustered_pk-3::R3.Corda due to validation error(s): clustered is not allowed on h2
?[m?[37m[INFO] 12:35:36,253 [Test worker] liquibase. - master.changelog.json: migration/node-core.changelog-pkey.xml::non-clustered_pk-4::R3.Corda: Skipping changeSet migration/node-core.changelog-pkey.xml::non-clustered_pk-4::R3.Corda due to validation error(s): clustered is not allowed on h2
?[m?[37m[INFO] 12:35:36,253 [Test worker] liquibase. - master.changelog.json: migration/node-core.changelog-pkey.xml::non-clustered_pk-5::R3.Corda: Skipping changeSet migration/node-core.changelog-pkey.xml::non-clustered_pk-5::R3.Corda due to validation error(s): clustered is not allowed on h2
?[m?[37m[INFO] 12:35:36,253 [Test worker] liquibase. - master.changelog.json: migration/node-core.changelog-pkey.xml::non-clustered_pk-6::R3.Corda: Skipping changeSet migration/node-core.changelog-pkey.xml::non-clustered_pk-6::R3.Corda due to validation error(s): clustered is not allowed on h2
?[m?[37m[INFO] 12:35:36,254 [Test worker] liquibase. - master.changelog.json: migration/node-core.changelog-pkey.xml::non-clustered_pk-7::R3.Corda: Skipping changeSet migration/node-core.changelog-pkey.xml::non-clustered_pk-7::R3.Corda due to validation error(s): clustered is not allowed on h2
?[m?[37m[INFO] 12:35:36,258 [Test worker] liquibase. - Successfully acquired change log lock
?[m?[37m[INFO] 12:35:36,258 [Test worker] liquibase. - master.changelog.json: migration/common.changelog-init.xml::1511451595465-1.3::R3.Corda: Skipping changeSet migration/common.changelog-init.xml::1511451595465-1.3::R3.Corda due to validation error(s): minValue is not allowed on h2
?[m?[37m[INFO] 12:35:36,261 [Test worker] liquibase. - master.changelog.json: migration/vault-schema.changelog-pkey.xml::non-clustered_pk-11::R3.Corda: Skipping changeSet migration/vault-schema.changelog-pkey.xml::non-clustered_pk-11::R3.Corda due to validation error(s): clustered is not allowed on h2
?[m?[37m[INFO] 12:35:36,261 [Test worker] liquibase. - master.changelog.json: migration/vault-schema.changelog-pkey.xml::non-clustered_pk-12::R3.Corda: Skipping changeSet migration/vault-schema.changelog-pkey.xml::non-clustered_pk-12::R3.Corda due to validation error(s): clustered is not allowed on h2
?[m?[37m[INFO] 12:35:36,261 [Test worker] liquibase. - master.changelog.json: migration/vault-schema.changelog-pkey.xml::non-clustered_pk-13::R3.Corda: Skipping changeSet migration/vault-schema.changelog-pkey.xml::non-clustered_pk-13::R3.Corda due to validation error(s): clustered is not allowed on h2
?[m?[37m[INFO] 12:35:36,266 [Test worker] liquibase. - master.changelog.json: migration/node-core.changelog-pkey.xml::non-clustered_pk-1::R3.Corda: Skipping changeSet migration/node-core.changelog-pkey.xml::non-clustered_pk-1::R3.Corda due to validation error(s): clustered is not allowed on h2
?[m?[37m[INFO] 12:35:36,266 [Test worker] liquibase. - master.changelog.json: migration/node-core.changelog-pkey.xml::non-clustered_pk-2::R3.Corda: Skipping changeSet migration/node-core.changelog-pkey.xml::non-clustered_pk-2::R3.Corda due to validation error(s): clustered is not allowed on h2
?[m?[37m[INFO] 12:35:36,266 [Test worker] liquibase. - master.changelog.json: migration/node-core.changelog-pkey.xml::non-clustered_pk-3::R3.Corda: Skipping changeSet migration/node-core.changelog-pkey.xml::non-clustered_pk-3::R3.Corda due to validation error(s): clustered is not allowed on h2
?[m?[37m[INFO] 12:35:36,266 [Test worker] liquibase. - master.changelog.json: migration/node-core.changelog-pkey.xml::non-clustered_pk-4::R3.Corda: Skipping changeSet migration/node-core.changelog-pkey.xml::non-clustered_pk-4::R3.Corda due to validation error(s): clustered is not allowed on h2
?[m?[37m[INFO] 12:35:36,266 [Test worker] liquibase. - master.changelog.json: migration/node-core.changelog-pkey.xml::non-clustered_pk-5::R3.Corda: Skipping changeSet migration/node-core.changelog-pkey.xml::non-clustered_pk-5::R3.Corda due to validation error(s): clustered is not allowed on h2
?[m?[37m[INFO] 12:35:36,266 [Test worker] liquibase. - master.changelog.json: migration/node-core.changelog-pkey.xml::non-clustered_pk-6::R3.Corda: Skipping changeSet migration/node-core.changelog-pkey.xml::non-clustered_pk-6::R3.Corda due to validation error(s): clustered is not allowed on h2
?[m?[37m[INFO] 12:35:36,266 [Test worker] liquibase. - master.changelog.json: migration/node-core.changelog-pkey.xml::non-clustered_pk-7::R3.Corda: Skipping changeSet migration/node-core.changelog-pkey.xml::non-clustered_pk-7::R3.Corda due to validation error(s): clustered is not allowed on h2
?[m?[37m[INFO] 12:35:36,267 [Test worker] liquibase. - master.changelog.json: migration/common.changelog-init.xml::1511451595465-1.1::R3.Corda: Sequence hibernate_sequence created
?[m?[37m[INFO] 12:35:36,267 [Test worker] liquibase. - master.changelog.json: migration/common.changelog-init.xml::1511451595465-1.1::R3.Corda: ChangeSet migration/common.changelog-init.xml::1511451595465-1.1::R3.Corda ran successfully in 0ms
?[m?[37m[INFO] 12:35:36,271 [Test worker] liquibase. - master.changelog.json: migration/vault-schema.changelog-init.xml::1511451595465-22::R3.Corda: Table vault_fungible_states created
?[m?[37m[INFO] 12:35:36,271 [Test worker] liquibase. - master.changelog.json: migration/vault-schema.changelog-init.xml::1511451595465-22::R3.Corda: ChangeSet migration/vault-schema.changelog-init.xml::1511451595465-22::R3.Corda ran successfully in 1ms
?[m?[37m[INFO] 12:35:36,272 [Test worker] liquibase. - master.changelog.json: migration/vault-schema.changelog-init.xml::1511451595465-23::R3.Corda: Table vault_fungible_states_parts created
?[m?[37m[INFO] 12:35:36,272 [Test worker] liquibase. - master.changelog.json: migration/vault-schema.changelog-init.xml::1511451595465-23::R3.Corda: ChangeSet migration/vault-schema.changelog-init.xml::1511451595465-23::R3.Corda ran successfully in 0ms
?[m?[37m[INFO] 12:35:36,274 [Test worker] liquibase. - master.changelog.json: migration/vault-schema.changelog-init.xml::1511451595465-24::R3.Corda: Table vault_linear_states created
?[m?[37m[INFO] 12:35:36,274 [Test worker] liquibase. - master.changelog.json: migration/vault-schema.changelog-init.xml::1511451595465-24::R3.Corda: ChangeSet migration/vault-schema.changelog-init.xml::1511451595465-24::R3.Corda ran successfully in 1ms
?[m?[37m[INFO] 12:35:36,276 [Test worker] liquibase. - master.changelog.json: migration/vault-schema.changelog-init.xml::1511451595465-25::R3.Corda: Table vault_linear_states_parts created
?[m?[37m[INFO] 12:35:36,276 [Test worker] liquibase. - master.changelog.json: migration/vault-schema.changelog-init.xml::1511451595465-25::R3.Corda: ChangeSet migration/vault-schema.changelog-init.xml::1511451595465-25::R3.Corda ran successfully in 1ms
?[m?[37m[INFO] 12:35:36,278 [Test worker] liquibase. - master.changelog.json: migration/vault-schema.changelog-init.xml::1511451595465-26::R3.Corda: Table vault_states created
?[m?[37m[INFO] 12:35:36,278 [Test worker] liquibase. - master.changelog.json: migration/vault-schema.changelog-init.xml::1511451595465-26::R3.Corda: ChangeSet migration/vault-schema.changelog-init.xml::1511451595465-26::R3.Corda ran successfully in 1ms
?[m?[37m[INFO] 12:35:36,279 [Test worker] liquibase. - master.changelog.json: migration/vault-schema.changelog-init.xml::1511451595465-27::R3.Corda: Table vault_transaction_notes created
?[m?[37m[INFO] 12:35:36,279 [Test worker] liquibase. - master.changelog.json: migration/vault-schema.changelog-init.xml::1511451595465-27::R3.Corda: ChangeSet migration/vault-schema.changelog-init.xml::1511451595465-27::R3.Corda ran successfully in 0ms
?[m?[37m[INFO] 12:35:36,281 [Test worker] liquibase. - master.changelog.json: migration/vault-schema.changelog-init.xml::1511451595465-47::R3.Corda: Primary key added to vault_fungible_states (output_index, transaction_id)
?[m?[37m[INFO] 12:35:36,281 [Test worker] liquibase. - master.changelog.json: migration/vault-schema.changelog-init.xml::1511451595465-47::R3.Corda: ChangeSet migration/vault-schema.changelog-init.xml::1511451595465-47::R3.Corda ran successfully in 0ms
?[m?[37m[INFO] 12:35:36,282 [Test worker] liquibase. - master.changelog.json: migration/vault-schema.changelog-init.xml::1511451595465-48::R3.Corda: Primary key added to vault_linear_states (output_index, transaction_id)
?[m?[37m[INFO] 12:35:36,282 [Test worker] liquibase. - master.changelog.json: migration/vault-schema.changelog-init.xml::1511451595465-48::R3.Corda: ChangeSet migration/vault-schema.changelog-init.xml::1511451595465-48::R3.Corda ran successfully in 0ms
?[m?[37m[INFO] 12:35:36,284 [Test worker] liquibase. - master.changelog.json: migration/vault-schema.changelog-init.xml::1511451595465-49::R3.Corda: Primary key added to vault_states (output_index, transaction_id)
?[m?[37m[INFO] 12:35:36,284 [Test worker] liquibase. - master.changelog.json: migration/vault-schema.changelog-init.xml::1511451595465-49::R3.Corda: ChangeSet migration/vault-schema.changelog-init.xml::1511451595465-49::R3.Corda ran successfully in 0ms
?[m?[37m[INFO] 12:35:36,285 [Test worker] liquibase. - master.changelog.json: migration/vault-schema.changelog-init.xml::1511451595465-50::R3.Corda: Primary key added to vault_transaction_notes (seq_no)
?[m?[37m[INFO] 12:35:36,286 [Test worker] liquibase. - master.changelog.json: migration/vault-schema.changelog-init.xml::1511451595465-50::R3.Corda: ChangeSet migration/vault-schema.changelog-init.xml::1511451595465-50::R3.Corda ran successfully in 1ms
?[m?[37m[INFO] 12:35:36,287 [Test worker] liquibase. - master.changelog.json: migration/vault-schema.changelog-init.xml::1511451595465-53::R3.Corda: Index external_id_index created
?[m?[37m[INFO] 12:35:36,287 [Test worker] liquibase. - master.changelog.json: migration/vault-schema.changelog-init.xml::1511451595465-53::R3.Corda: ChangeSet migration/vault-schema.changelog-init.xml::1511451595465-53::R3.Corda ran successfully in 0ms
?[m?[37m[INFO] 12:35:36,289 [Test worker] liquibase. - master.changelog.json: migration/vault-schema.changelog-init.xml::1511451595465-55::R3.Corda: Index lock_id_idx created
?[m?[37m[INFO] 12:35:36,289 [Test worker] liquibase. - master.changelog.json: migration/vault-schema.changelog-init.xml::1511451595465-55::R3.Corda: ChangeSet migration/vault-schema.changelog-init.xml::1511451595465-55::R3.Corda ran successfully in 1ms
?[m?[37m[INFO] 12:35:36,290 [Test worker] liquibase. - master.changelog.json: migration/vault-schema.changelog-init.xml::1511451595465-58::R3.Corda: Index state_status_idx created
?[m?[37m[INFO] 12:35:36,290 [Test worker] liquibase. - master.changelog.json: migration/vault-schema.changelog-init.xml::1511451595465-58::R3.Corda: ChangeSet migration/vault-schema.changelog-init.xml::1511451595465-58::R3.Corda ran successfully in 0ms
?[m?[37m[INFO] 12:35:36,292 [Test worker] liquibase. - master.changelog.json: migration/vault-schema.changelog-init.xml::1511451595465-59::R3.Corda: Index transaction_id_index created
?[m?[37m[INFO] 12:35:36,292 [Test worker] liquibase. - master.changelog.json: migration/vault-schema.changelog-init.xml::1511451595465-59::R3.Corda: ChangeSet migration/vault-schema.changelog-init.xml::1511451595465-59::R3.Corda ran successfully in 1ms
?[m?[37m[INFO] 12:35:36,293 [Test worker] liquibase. - master.changelog.json: migration/vault-schema.changelog-init.xml::1511451595465-60::R3.Corda: Index uuid_index created
?[m?[37m[INFO] 12:35:36,293 [Test worker] liquibase. - master.changelog.json: migration/vault-schema.changelog-init.xml::1511451595465-60::R3.Corda: ChangeSet migration/vault-schema.changelog-init.xml::1511451595465-60::R3.Corda ran successfully in 0ms
?[m?[37m[INFO] 12:35:36,295 [Test worker] liquibase. - master.changelog.json: migration/vault-schema.changelog-init.xml::1511451595465-64::R3.Corda: Foreign key constraint added to vault_fungible_states_parts (output_index,transaction_id)
?[m?[37m[INFO] 12:35:36,295 [Test worker] liquibase. - master.changelog.json: migration/vault-schema.changelog-init.xml::1511451595465-64::R3.Corda: ChangeSet migration/vault-schema.changelog-init.xml::1511451595465-64::R3.Corda ran successfully in 1ms
?[m?[37m[INFO] 12:35:36,298 [Test worker] liquibase. - master.changelog.json: migration/vault-schema.changelog-init.xml::1511451595465-65::R3.Corda: Foreign key constraint added to vault_linear_states_parts (output_index,transaction_id)
?[m?[37m[INFO] 12:35:36,298 [Test worker] liquibase. - master.changelog.json: migration/vault-schema.changelog-init.xml::1511451595465-65::R3.Corda: ChangeSet migration/vault-schema.changelog-init.xml::1511451595465-65::R3.Corda ran successfully in 1ms
?[m?[37m[INFO] 12:35:36,299 [Test worker] liquibase. - master.changelog.json: migration/vault-schema.changelog-v3.xml::clean_vault::R3.Corda: Data deleted from vault_fungible_states_parts
?[m?[37m[INFO] 12:35:36,299 [Test worker] liquibase. - master.changelog.json: migration/vault-schema.changelog-v3.xml::clean_vault::R3.Corda: Data deleted from vault_fungible_states
?[m?[37m[INFO] 12:35:36,299 [Test worker] liquibase. - master.changelog.json: migration/vault-schema.changelog-v3.xml::clean_vault::R3.Corda: Data deleted from vault_linear_states_parts
?[m?[37m[INFO] 12:35:36,300 [Test worker] liquibase. - master.changelog.json: migration/vault-schema.changelog-v3.xml::clean_vault::R3.Corda: Data deleted from vault_linear_states
?[m?[37m[INFO] 12:35:36,300 [Test worker] liquibase. - master.changelog.json: migration/vault-schema.changelog-v3.xml::clean_vault::R3.Corda: Data deleted from vault_states
?[m?[37m[INFO] 12:35:36,300 [Test worker] liquibase. - master.changelog.json: migration/vault-schema.changelog-v3.xml::clean_vault::R3.Corda: Data deleted from vault_transaction_notes
?[m?[37m[INFO] 12:35:36,300 [Test worker] liquibase. - master.changelog.json: migration/vault-schema.changelog-v3.xml::clean_vault::R3.Corda: ChangeSet migration/vault-schema.changelog-v3.xml::clean_vault::R3.Corda ran successfully in 1ms
?[m?[37m[INFO] 12:35:36,301 [Test worker] liquibase. - master.changelog.json: migration/vault-schema.changelog-v4.xml::nullability::R3.Corda: Null constraint has been added to vault_fungible_states.quantity
?[m?[37m[INFO] 12:35:36,302 [Test worker] liquibase. - master.changelog.json: migration/vault-schema.changelog-v4.xml::nullability::R3.Corda: Null constraint has been added to vault_states.contract_state_class_name
?[m?[37m[INFO] 12:35:36,302 [Test worker] liquibase. - master.changelog.json: migration/vault-schema.changelog-v4.xml::nullability::R3.Corda: Null constraint has been added to vault_states.notary_name
?[m?[37m[INFO] 12:35:36,302 [Test worker] liquibase. - master.changelog.json: migration/vault-schema.changelog-v4.xml::nullability::R3.Corda: Null constraint has been added to vault_states.recorded_timestamp
?[m?[37m[INFO] 12:35:36,302 [Test worker] liquibase. - master.changelog.json: migration/vault-schema.changelog-v4.xml::nullability::R3.Corda: Index state_status_idx dropped from table vault_states
?[m?[37m[INFO] 12:35:36,302 [Test worker] liquibase. - master.changelog.json: migration/vault-schema.changelog-v4.xml::nullability::R3.Corda: Index lock_id_idx dropped from table vault_states
?[m?[37m[INFO] 12:35:36,302 [Test worker] liquibase. - master.changelog.json: migration/vault-schema.changelog-v4.xml::nullability::R3.Corda: Null constraint has been added to vault_states.state_status
?[m?[37m[INFO] 12:35:36,303 [Test worker] liquibase. - master.changelog.json: migration/vault-schema.changelog-v4.xml::nullability::R3.Corda: Index state_status_idx created
?[m?[37m[INFO] 12:35:36,303 [Test worker] liquibase. - master.changelog.json: migration/vault-schema.changelog-v4.xml::nullability::R3.Corda: Index lock_id_idx created
?[m?[37m[INFO] 12:35:36,303 [Test worker] liquibase. - master.changelog.json: migration/vault-schema.changelog-v4.xml::nullability::R3.Corda: Index transaction_id_index dropped from table vault_transaction_notes
?[m?[37m[INFO] 12:35:36,303 [Test worker] liquibase. - master.changelog.json: migration/vault-schema.changelog-v4.xml::nullability::R3.Corda: Null constraint has been added to vault_transaction_notes.note
?[m?[37m[INFO] 12:35:36,303 [Test worker] liquibase. - master.changelog.json: migration/vault-schema.changelog-v4.xml::nullability::R3.Corda: Null constraint has been added to vault_transaction_notes.transaction_id
?[m?[37m[INFO] 12:35:36,304 [Test worker] liquibase. - master.changelog.json: migration/vault-schema.changelog-v4.xml::nullability::R3.Corda: Index transaction_id_index created
?[m?[37m[INFO] 12:35:36,304 [Test worker] liquibase. - master.changelog.json: migration/vault-schema.changelog-v4.xml::nullability::R3.Corda: ChangeSet migration/vault-schema.changelog-v4.xml::nullability::R3.Corda ran successfully in 3ms
?[m?[37m[INFO] 12:35:36,312 [Test worker] liquibase. - master.changelog.json: migration/vault-schema.changelog-v5.xml::add_relevancy_status_column::R3.Corda: Columns relevancy_status(INT) added to vault_states
?[m?[37m[INFO] 12:35:36,312 [Test worker] liquibase. - master.changelog.json: migration/vault-schema.changelog-v5.xml::add_relevancy_status_column::R3.Corda: Data updated in vault_states
?[m?[37m[INFO] 12:35:36,313 [Test worker] liquibase. - master.changelog.json: migration/vault-schema.changelog-v5.xml::add_relevancy_status_column::R3.Corda: Null constraint has been added to vault_states.relevancy_status
?[m?[37m[INFO] 12:35:36,313 [Test worker] liquibase. - master.changelog.json: migration/vault-schema.changelog-v5.xml::add_relevancy_status_column::R3.Corda: ChangeSet migration/vault-schema.changelog-v5.xml::add_relevancy_status_column::R3.Corda ran successfully in 3ms
?[m?[37m[INFO] 12:35:36,316 [Test worker] liquibase. - master.changelog.json: migration/vault-schema.changelog-v6.xml::add_is_constraint_information_columns::R3.Corda: Columns constraint_type(INT) added to vault_states
?[m?[37m[INFO] 12:35:36,318 [Test worker] liquibase. - master.changelog.json: migration/vault-schema.changelog-v6.xml::add_is_constraint_information_columns::R3.Corda: Columns constraint_data(varbinary(563)) added to vault_states
?[m?[37m[INFO] 12:35:36,318 [Test worker] liquibase. - master.changelog.json: migration/vault-schema.changelog-v6.xml::add_is_constraint_information_columns::R3.Corda: ChangeSet migration/vault-schema.changelog-v6.xml::add_is_constraint_information_columns::R3.Corda ran successfully in 4ms
?[m?[37m[INFO] 12:35:36,320 [Test worker] liquibase. - master.changelog.json: migration/vault-schema.changelog-v7.xml::make_issuer_ref_nullable::R3.Corda: Null constraint dropped from vault_fungible_states.issuer_ref
?[m?[37m[INFO] 12:35:36,320 [Test worker] liquibase. - master.changelog.json: migration/vault-schema.changelog-v7.xml::make_issuer_ref_nullable::R3.Corda: ChangeSet migration/vault-schema.changelog-v7.xml::make_issuer_ref_nullable::R3.Corda ran successfully in 1ms
?[m?[37m[INFO] 12:35:36,321 [Test worker] liquibase. - master.changelog.json: migration/vault-schema.changelog-v8.xml::create-external-id-to-state-party-view::R3.Corda: Table state_party created
?[m?[37m[INFO] 12:35:36,321 [Test worker] liquibase. - master.changelog.json: migration/vault-schema.changelog-v8.xml::create-external-id-to-state-party-view::R3.Corda: Index state_pk_hash_idx created
?[m?[37m[INFO] 12:35:36,322 [Test worker] liquibase. - master.changelog.json: migration/vault-schema.changelog-v8.xml::create-external-id-to-state-party-view::R3.Corda: Table pk_hash_to_ext_id_map created
?[m?[37m[INFO] 12:35:36,322 [Test worker] liquibase. - master.changelog.json: migration/vault-schema.changelog-v8.xml::create-external-id-to-state-party-view::R3.Corda: Index pk_hash_to_xid_idx created
?[m?[37m[INFO] 12:35:36,324 [Test worker] liquibase. - master.changelog.json: migration/vault-schema.changelog-v8.xml::create-external-id-to-state-party-view::R3.Corda: View v_pkey_hash_ex_id_map created
?[m?[37m[INFO] 12:35:36,324 [Test worker] liquibase. - master.changelog.json: migration/vault-schema.changelog-v8.xml::create-external-id-to-state-party-view::R3.Corda: ChangeSet migration/vault-schema.changelog-v8.xml::create-external-id-to-state-party-view::R3.Corda ran successfully in 3ms
?[m?[37m[INFO] 12:35:36,325 [Test worker] liquibase. - master.changelog.json: migration/node-info.changelog-init.xml::1511451595465-4::R3.Corda: Table node_link_nodeinfo_party created
?[m?[37m[INFO] 12:35:36,325 [Test worker] liquibase. - master.changelog.json: migration/node-info.changelog-init.xml::1511451595465-4::R3.Corda: ChangeSet migration/node-info.changelog-init.xml::1511451595465-4::R3.Corda ran successfully in 0ms
?[m?[37m[INFO] 12:35:36,327 [Test worker] liquibase. - master.changelog.json: migration/node-info.changelog-init.xml::1511451595465-10::R3.Corda: Table node_info_hosts created
?[m?[37m[INFO] 12:35:36,327 [Test worker] liquibase. - master.changelog.json: migration/node-info.changelog-init.xml::1511451595465-10::R3.Corda: ChangeSet migration/node-info.changelog-init.xml::1511451595465-10::R3.Corda ran successfully in 1ms
?[m?[37m[INFO] 12:35:36,328 [Test worker] liquibase. - master.changelog.json: migration/node-info.changelog-init.xml::1511451595465-11::R3.Corda: Table node_info_party_cert created
?[m?[37m[INFO] 12:35:36,328 [Test worker] liquibase. - master.changelog.json: migration/node-info.changelog-init.xml::1511451595465-11::R3.Corda: ChangeSet migration/node-info.changelog-init.xml::1511451595465-11::R3.Corda ran successfully in 0ms
?[m?[37m[INFO] 12:35:36,330 [Test worker] liquibase. - master.changelog.json: migration/node-info.changelog-init.xml::1511451595465-12::R3.Corda: Table node_infos created
?[m?[37m[INFO] 12:35:36,330 [Test worker] liquibase. - master.changelog.json: migration/node-info.changelog-init.xml::1511451595465-12::R3.Corda: ChangeSet migration/node-info.changelog-init.xml::1511451595465-12::R3.Corda ran successfully in 0ms
?[m?[37m[INFO] 12:35:36,332 [Test worker] liquibase. - master.changelog.json: migration/node-info.changelog-init.xml::1511451595465-35::R3.Corda: Primary key added to node_info_hosts (host, port)
?[m?[37m[INFO] 12:35:36,332 [Test worker] liquibase. - master.changelog.json: migration/node-info.changelog-init.xml::1511451595465-35::R3.Corda: ChangeSet migration/node-info.changelog-init.xml::1511451595465-35::R3.Corda ran successfully in 1ms
?[m?[37m[INFO] 12:35:36,333 [Test worker] liquibase. - master.changelog.json: migration/node-info.changelog-init.xml::1511451595465-36::R3.Corda: Primary key added to node_info_party_cert (party_name)
?[m?[37m[INFO] 12:35:36,333 [Test worker] liquibase. - master.changelog.json: migration/node-info.changelog-init.xml::1511451595465-36::R3.Corda: ChangeSet migration/node-info.changelog-init.xml::1511451595465-36::R3.Corda ran successfully in 0ms
?[m?[37m[INFO] 12:35:36,335 [Test worker] liquibase. - master.changelog.json: migration/node-info.changelog-init.xml::1511451595465-37::R3.Corda: Primary key added to node_infos (node_info_id)
?[m?[37m[INFO] 12:35:36,335 [Test worker] liquibase. - master.changelog.json: migration/node-info.changelog-init.xml::1511451595465-37::R3.Corda: ChangeSet migration/node-info.changelog-init.xml::1511451595465-37::R3.Corda ran successfully in 1ms
?[m?[37m[INFO] 12:35:36,337 [Test worker] liquibase. - master.changelog.json: migration/node-info.changelog-init.xml::1511451595465-62::R3.Corda: Foreign key constraint added to node_link_nodeinfo_party (node_info_id)
?[m?[37m[INFO] 12:35:36,337 [Test worker] liquibase. - master.changelog.json: migration/node-info.changelog-init.xml::1511451595465-62::R3.Corda: ChangeSet migration/node-info.changelog-init.xml::1511451595465-62::R3.Corda ran successfully in 1ms
?[m?[37m[INFO] 12:35:36,338 [Test worker] liquibase. - master.changelog.json: migration/node-info.changelog-init.xml::1511451595465-63::R3.Corda: Foreign key constraint added to node_info_hosts (node_info_id)
?[m?[37m[INFO] 12:35:36,338 [Test worker] liquibase. - master.changelog.json: migration/node-info.changelog-init.xml::1511451595465-63::R3.Corda: ChangeSet migration/node-info.changelog-init.xml::1511451595465-63::R3.Corda ran successfully in 0ms
?[m?[37m[INFO] 12:35:36,340 [Test worker] liquibase. - master.changelog.json: migration/node-info.changelog-init.xml::remove_host_port_pk::R3.Corda: Data deleted from node_infos
?[m?[37m[INFO] 12:35:36,340 [Test worker] liquibase. - master.changelog.json: migration/node-info.changelog-init.xml::remove_host_port_pk::R3.Corda: Data deleted from node_link_nodeinfo_party
?[m?[37m[INFO] 12:35:36,340 [Test worker] liquibase. - master.changelog.json: migration/node-info.changelog-init.xml::remove_host_port_pk::R3.Corda: Data deleted from node_info_hosts
?[m?[37m[INFO] 12:35:36,340 [Test worker] liquibase. - master.changelog.json: migration/node-info.changelog-init.xml::remove_host_port_pk::R3.Corda: Data deleted from node_info_party_cert
?[m?[37m[INFO] 12:35:36,340 [Test worker] liquibase. - master.changelog.json: migration/node-info.changelog-init.xml::remove_host_port_pk::R3.Corda: Primary key dropped from node_info_hosts
?[m?[37m[INFO] 12:35:36,342 [Test worker] liquibase. - master.changelog.json: migration/node-info.changelog-init.xml::remove_host_port_pk::R3.Corda: Columns hosts_id(INT) added to node_info_hosts
?[m?[37m[INFO] 12:35:36,342 [Test worker] liquibase. - master.changelog.json: migration/node-info.changelog-init.xml::remove_host_port_pk::R3.Corda: Primary key added to node_info_hosts (hosts_id)
?[m?[37m[INFO] 12:35:36,342 [Test worker] liquibase. - master.changelog.json: migration/node-info.changelog-init.xml::remove_host_port_pk::R3.Corda: ChangeSet migration/node-info.changelog-init.xml::remove_host_port_pk::R3.Corda ran successfully in 2ms
?[m?[37m[INFO] 12:35:36,344 [Test worker] liquibase. - master.changelog.json: migration/node-info.changelog-v1.xml::key/value node properties table::R3.Corda: Table node_properties created
?[m?[37m[INFO] 12:35:36,344 [Test worker] liquibase. - master.changelog.json: migration/node-info.changelog-v1.xml::key/value node properties table::R3.Corda: ChangeSet migration/node-info.changelog-v1.xml::key/value node properties table::R3.Corda ran successfully in 1ms
?[m?[37m[INFO] 12:35:36,346 [Test worker] liquibase. - master.changelog.json: migration/node-info.changelog-v2.xml::1525962920::R3.Corda: Null constraint has been added to node_infos.node_info_hash
?[m?[37m[INFO] 12:35:36,346 [Test worker] liquibase. - master.changelog.json: migration/node-info.changelog-v2.xml::1525962920::R3.Corda: Null constraint has been added to node_infos.platform_version
?[m?[37m[INFO] 12:35:36,346 [Test worker] liquibase. - master.changelog.json: migration/node-info.changelog-v2.xml::1525962920::R3.Corda: Null constraint has been added to node_infos.serial
?[m?[37m[INFO] 12:35:36,346 [Test worker] liquibase. - master.changelog.json: migration/node-info.changelog-v2.xml::1525962920::R3.Corda: Null constraint dropped from node_info_hosts.host
?[m?[37m[INFO] 12:35:36,346 [Test worker] liquibase. - master.changelog.json: migration/node-info.changelog-v2.xml::1525962920::R3.Corda: Null constraint dropped from node_info_hosts.port
?[m?[37m[INFO] 12:35:36,347 [Test worker] liquibase. - master.changelog.json: migration/node-info.changelog-v2.xml::1525962920::R3.Corda: Null constraint has been added to node_info_party_cert.owning_key_hash
?[m?[37m[INFO] 12:35:36,347 [Test worker] liquibase. - master.changelog.json: migration/node-info.changelog-v2.xml::1525962920::R3.Corda: Null constraint has been added to node_info_party_cert.party_cert_binary
?[m?[37m[INFO] 12:35:36,347 [Test worker] liquibase. - master.changelog.json: migration/node-info.changelog-v2.xml::1525962920::R3.Corda: ChangeSet migration/node-info.changelog-v2.xml::1525962920::R3.Corda ran successfully in 2ms
?[m?[37m[INFO] 12:35:36,349 [Test worker] liquibase. - master.changelog.json: migration/node-info.changelog-v3.xml::column_host_name::R3.Corda: Column node_info_hosts.host renamed to host_name
?[m?[37m[INFO] 12:35:36,349 [Test worker] liquibase. - master.changelog.json: migration/node-info.changelog-v3.xml::column_host_name::R3.Corda: ChangeSet migration/node-info.changelog-v3.xml::column_host_name::R3.Corda ran successfully in 1ms
?[m?[37m[INFO] 12:35:36,351 [Test worker] liquibase. - master.changelog.json: migration/node-services.changelog-init.xml::1511451595465-5::R3.Corda: Table node_attachments created
?[m?[37m[INFO] 12:35:36,351 [Test worker] liquibase. - master.changelog.json: migration/node-services.changelog-init.xml::1511451595465-5::R3.Corda: ChangeSet migration/node-services.changelog-init.xml::1511451595465-5::R3.Corda ran successfully in 1ms
?[m?[37m[INFO] 12:35:36,352 [Test worker] liquibase. - master.changelog.json: migration/node-services.changelog-init.xml::1511451595465-7::R3.Corda: Table node_checkpoints created
?[m?[37m[INFO] 12:35:36,352 [Test worker] liquibase. - master.changelog.json: migration/node-services.changelog-init.xml::1511451595465-7::R3.Corda: ChangeSet migration/node-services.changelog-init.xml::1511451595465-7::R3.Corda ran successfully in 0ms
?[m?[37m[INFO] 12:35:36,353 [Test worker] liquibase. - master.changelog.json: migration/node-services.changelog-init.xml::1511451595465-8::R3.Corda: Table node_contract_upgrades created
?[m?[37m[INFO] 12:35:36,353 [Test worker] liquibase. - master.changelog.json: migration/node-services.changelog-init.xml::1511451595465-8::R3.Corda: ChangeSet migration/node-services.changelog-init.xml::1511451595465-8::R3.Corda ran successfully in 0ms
?[m?[37m[INFO] 12:35:36,355 [Test worker] liquibase. - master.changelog.json: migration/node-services.changelog-init.xml::1511451595465-9::R3.Corda: Table node_identities created
?[m?[37m[INFO] 12:35:36,355 [Test worker] liquibase. - master.changelog.json: migration/node-services.changelog-init.xml::1511451595465-9::R3.Corda: ChangeSet migration/node-services.changelog-init.xml::1511451595465-9::R3.Corda ran successfully in 1ms
?[m?[37m[INFO] 12:35:36,356 [Test worker] liquibase. - master.changelog.json: migration/node-services.changelog-init.xml::1511451595465-13::R3.Corda: Table node_message_ids created
?[m?[37m[INFO] 12:35:36,356 [Test worker] liquibase. - master.changelog.json: migration/node-services.changelog-init.xml::1511451595465-13::R3.Corda: ChangeSet migration/node-services.changelog-init.xml::1511451595465-13::R3.Corda ran successfully in 0ms
?[m?[37m[INFO] 12:35:36,357 [Test worker] liquibase. - master.changelog.json: migration/node-services.changelog-init.xml::1511451595465-14::R3.Corda: Table node_message_retry created
?[m?[37m[INFO] 12:35:36,357 [Test worker] liquibase. - master.changelog.json: migration/node-services.changelog-init.xml::1511451595465-14::R3.Corda: ChangeSet migration/node-services.changelog-init.xml::1511451595465-14::R3.Corda ran successfully in 0ms
?[m?[37m[INFO] 12:35:36,359 [Test worker] liquibase. - master.changelog.json: migration/node-services.changelog-init.xml::1511451595465-15::R3.Corda: Table node_named_identities created
?[m?[37m[INFO] 12:35:36,359 [Test worker] liquibase. - master.changelog.json: migration/node-services.changelog-init.xml::1511451595465-15::R3.Corda: ChangeSet migration/node-services.changelog-init.xml::1511451595465-15::R3.Corda ran successfully in 0ms
?[m?[37m[INFO] 12:35:36,361 [Test worker] liquibase. - master.changelog.json: migration/node-services.changelog-init.xml::1511451595465-17::R3.Corda: Table node_our_key_pairs created
?[m?[37m[INFO] 12:35:36,361 [Test worker] liquibase. - master.changelog.json: migration/node-services.changelog-init.xml::1511451595465-17::R3.Corda: ChangeSet migration/node-services.changelog-init.xml::1511451595465-17::R3.Corda ran successfully in 1ms
?[m?[37m[INFO] 12:35:36,362 [Test worker] liquibase. - master.changelog.json: migration/node-services.changelog-init.xml::1511451595465-19::R3.Corda: Table node_scheduled_states created
?[m?[37m[INFO] 12:35:36,362 [Test worker] liquibase. - master.changelog.json: migration/node-services.changelog-init.xml::1511451595465-19::R3.Corda: ChangeSet migration/node-services.changelog-init.xml::1511451595465-19::R3.Corda ran successfully in 0ms
?[m?[37m[INFO] 12:35:36,364 [Test worker] liquibase. - master.changelog.json: migration/node-services.changelog-init.xml::1511451595465-20::R3.Corda: Table node_transaction_mappings created
?[m?[37m[INFO] 12:35:36,364 [Test worker] liquibase. - master.changelog.json: migration/node-services.changelog-init.xml::1511451595465-20::R3.Corda: ChangeSet migration/node-services.changelog-init.xml::1511451595465-20::R3.Corda ran successfully in 0ms
?[m?[37m[INFO] 12:35:36,366 [Test worker] liquibase. - master.changelog.json: migration/node-services.changelog-init.xml::1511451595465-21::R3.Corda: Table node_transactions created
?[m?[37m[INFO] 12:35:36,366 [Test worker] liquibase. - master.changelog.json: migration/node-services.changelog-init.xml::1511451595465-21::R3.Corda: ChangeSet migration/node-services.changelog-init.xml::1511451595465-21::R3.Corda ran successfully in 1ms
?[m?[37m[INFO] 12:35:36,367 [Test worker] liquibase. - master.changelog.json: migration/node-services.changelog-init.xml::1511451595465-30::R3.Corda: Primary key added to node_attachments (att_id)
?[m?[37m[INFO] 12:35:36,367 [Test worker] liquibase. - master.changelog.json: migration/node-services.changelog-init.xml::1511451595465-30::R3.Corda: ChangeSet migration/node-services.changelog-init.xml::1511451595465-30::R3.Corda ran successfully in 0ms
?[m?[37m[INFO] 12:35:36,369 [Test worker] liquibase. - master.changelog.json: migration/node-services.changelog-init.xml::1511451595465-32::R3.Corda: Primary key added to node_checkpoints (checkpoint_id)
?[m?[37m[INFO] 12:35:36,369 [Test worker] liquibase. - master.changelog.json: migration/node-services.changelog-init.xml::1511451595465-32::R3.Corda: ChangeSet migration/node-services.changelog-init.xml::1511451595465-32::R3.Corda ran successfully in 1ms
?[m?[37m[INFO] 12:35:36,370 [Test worker] liquibase. - master.changelog.json: migration/node-services.changelog-init.xml::1511451595465-33::R3.Corda: Primary key added to node_contract_upgrades (state_ref)
?[m?[37m[INFO] 12:35:36,370 [Test worker] liquibase. - master.changelog.json: migration/node-services.changelog-init.xml::1511451595465-33::R3.Corda: ChangeSet migration/node-services.changelog-init.xml::1511451595465-33::R3.Corda ran successfully in 0ms
?[m?[37m[INFO] 12:35:36,372 [Test worker] liquibase. - master.changelog.json: migration/node-services.changelog-init.xml::1511451595465-34::R3.Corda: Primary key added to node_identities (pk_hash)
?[m?[37m[INFO] 12:35:36,372 [Test worker] liquibase. - master.changelog.json: migration/node-services.changelog-init.xml::1511451595465-34::R3.Corda: ChangeSet migration/node-services.changelog-init.xml::1511451595465-34::R3.Corda ran successfully in 1ms
?[m?[37m[INFO] 12:35:36,374 [Test worker] liquibase. - master.changelog.json: migration/node-services.changelog-init.xml::1511451595465-38::R3.Corda: Primary key added to node_message_ids (message_id)
?[m?[37m[INFO] 12:35:36,374 [Test worker] liquibase. - master.changelog.json: migration/node-services.changelog-init.xml::1511451595465-38::R3.Corda: ChangeSet migration/node-services.changelog-init.xml::1511451595465-38::R3.Corda ran successfully in 1ms
?[m?[37m[INFO] 12:35:36,375 [Test worker] liquibase. - master.changelog.json: migration/node-services.changelog-init.xml::1511451595465-39::R3.Corda: Primary key added to node_message_retry (message_id)
?[m?[37m[INFO] 12:35:36,375 [Test worker] liquibase. - master.changelog.json: migration/node-services.changelog-init.xml::1511451595465-39::R3.Corda: ChangeSet migration/node-services.changelog-init.xml::1511451595465-39::R3.Corda ran successfully in 0ms
?[m?[37m[INFO] 12:35:36,377 [Test worker] liquibase. - master.changelog.json: migration/node-services.changelog-init.xml::1511451595465-40::R3.Corda: Primary key added to node_named_identities (name)
?[m?[37m[INFO] 12:35:36,377 [Test worker] liquibase. - master.changelog.json: migration/node-services.changelog-init.xml::1511451595465-40::R3.Corda: ChangeSet migration/node-services.changelog-init.xml::1511451595465-40::R3.Corda ran successfully in 0ms
?[m?[37m[INFO] 12:35:36,379 [Test worker] liquibase. - master.changelog.json: migration/node-services.changelog-init.xml::1511451595465-42::R3.Corda: Primary key added to node_our_key_pairs (public_key_hash)
?[m?[37m[INFO] 12:35:36,379 [Test worker] liquibase. - master.changelog.json: migration/node-services.changelog-init.xml::1511451595465-42::R3.Corda: ChangeSet migration/node-services.changelog-init.xml::1511451595465-42::R3.Corda ran successfully in 1ms
?[m?[37m[INFO] 12:35:36,380 [Test worker] liquibase. - master.changelog.json: migration/node-services.changelog-init.xml::1511451595465-44::R3.Corda: Primary key added to node_scheduled_states (output_index, transaction_id)
?[m?[37m[INFO] 12:35:36,380 [Test worker] liquibase. - master.changelog.json: migration/node-services.changelog-init.xml::1511451595465-44::R3.Corda: ChangeSet migration/node-services.changelog-init.xml::1511451595465-44::R3.Corda ran successfully in 0ms
?[m?[37m[INFO] 12:35:36,382 [Test worker] liquibase. - master.changelog.json: migration/node-services.changelog-init.xml::1511451595465-45::R3.Corda: Primary key added to node_transaction_mappings (tx_id)
?[m?[37m[INFO] 12:35:36,382 [Test worker] liquibase. - master.changelog.json: migration/node-services.changelog-init.xml::1511451595465-45::R3.Corda: ChangeSet migration/node-services.changelog-init.xml::1511451595465-45::R3.Corda ran successfully in 1ms
?[m?[37m[INFO] 12:35:36,383 [Test worker] liquibase. - master.changelog.json: migration/node-services.changelog-init.xml::1511451595465-46::R3.Corda: Primary key added to node_transactions (tx_id)
?[m?[37m[INFO] 12:35:36,383 [Test worker] liquibase. - master.changelog.json: migration/node-services.changelog-init.xml::1511451595465-46::R3.Corda: ChangeSet migration/node-services.changelog-init.xml::1511451595465-46::R3.Corda ran successfully in 1ms
?[m?[37m[INFO] 12:35:36,385 [Test worker] liquibase. - master.changelog.json: migration/node-services.changelog-init.xml::1511451595465-61::R3.Corda: Foreign key constraint added to node_link_nodeinfo_party (party_name)
?[m?[37m[INFO] 12:35:36,385 [Test worker] liquibase. - master.changelog.json: migration/node-services.changelog-init.xml::1511451595465-61::R3.Corda: ChangeSet migration/node-services.changelog-init.xml::1511451595465-61::R3.Corda ran successfully in 1ms
?[m?[37m[INFO] 12:35:36,387 [Test worker] liquibase. - master.changelog.json: migration/node-services.changelog-init.xml::add index att_id::R3.Corda: Index att_id_idx created
?[m?[37m[INFO] 12:35:36,387 [Test worker] liquibase. - master.changelog.json: migration/node-services.changelog-init.xml::add index att_id::R3.Corda: ChangeSet migration/node-services.changelog-init.xml::add index att_id::R3.Corda ran successfully in 1ms
?[m?[37m[INFO] 12:35:36,388 [Test worker] liquibase. - master.changelog.json: migration/node-services.changelog-init.xml::add_contract_attachment::R3.Corda: Table node_attchments_contracts created
?[m?[37m[INFO] 12:35:36,389 [Test worker] liquibase. - master.changelog.json: migration/node-services.changelog-init.xml::add_contract_attachment::R3.Corda: Foreign key constraint added to node_attchments_contracts (att_id)
?[m?[37m[INFO] 12:35:36,389 [Test worker] liquibase. - master.changelog.json: migration/node-services.changelog-init.xml::add_contract_attachment::R3.Corda: Data deleted from node_attachments
?[m?[37m[INFO] 12:35:36,389 [Test worker] liquibase. - master.changelog.json: migration/node-services.changelog-init.xml::add_contract_attachment::R3.Corda: ChangeSet migration/node-services.changelog-init.xml::add_contract_attachment::R3.Corda ran successfully in 1ms
?[m?[37m[INFO] 12:35:36,394 [Test worker] liquibase. - master.changelog.json: migration/node-services.changelog-init.xml::add_dedup_columns::R3.Corda: Columns sender(NVARCHAR(64)),sequence_number(BIGINT) added to node_message_ids
?[m?[37m[INFO] 12:35:36,394 [Test worker] liquibase. - master.changelog.json: migration/node-services.changelog-init.xml::add_dedup_columns::R3.Corda: ChangeSet migration/node-services.changelog-init.xml::add_dedup_columns::R3.Corda ran successfully in 3ms
?[m?[37m[INFO] 12:35:36,396 [Test worker] liquibase. - master.changelog.json: migration/node-core.changelog-v4.xml::attchments_rename::R3.Corda: Table node_attchments_contracts renamed to node_attachments_contracts
?[m?[37m[INFO] 12:35:36,396 [Test worker] liquibase. - master.changelog.json: migration/node-core.changelog-v4.xml::attchments_rename::R3.Corda: ChangeSet migration/node-core.changelog-v4.xml::attchments_rename::R3.Corda ran successfully in 1ms
?[m?[37m[INFO] 12:35:36,397 [Test worker] liquibase. - master.changelog.json: migration/node-core.changelog-v4.xml::nullability::R3.Corda: Null constraint has been added to node_identities.identity_value
?[m?[37m[INFO] 12:35:36,397 [Test worker] liquibase. - master.changelog.json: migration/node-core.changelog-v4.xml::nullability::R3.Corda: Null constraint has been added to node_attachments.content
?[m?[37m[INFO] 12:35:36,398 [Test worker] liquibase. - master.changelog.json: migration/node-core.changelog-v4.xml::nullability::R3.Corda: Null constraint has been added to node_attachments_contracts.contract_class_name
?[m?[37m[INFO] 12:35:36,398 [Test worker] liquibase. - master.changelog.json: migration/node-core.changelog-v4.xml::nullability::R3.Corda: Null constraint has been added to node_checkpoints.checkpoint_value
?[m?[37m[INFO] 12:35:36,398 [Test worker] liquibase. - master.changelog.json: migration/node-core.changelog-v4.xml::nullability::R3.Corda: Null constraint has been added to node_contract_upgrades.contract_class_name
?[m?[37m[INFO] 12:35:36,398 [Test worker] liquibase. - master.changelog.json: migration/node-core.changelog-v4.xml::nullability::R3.Corda: Null constraint has been added to node_message_ids.insertion_time
?[m?[37m[INFO] 12:35:36,398 [Test worker] liquibase. - master.changelog.json: migration/node-core.changelog-v4.xml::nullability::R3.Corda: Null constraint has been added to node_message_retry.message
?[m?[37m[INFO] 12:35:36,398 [Test worker] liquibase. - master.changelog.json: migration/node-core.changelog-v4.xml::nullability::R3.Corda: Null constraint has been added to node_message_retry.recipients
?[m?[37m[INFO] 12:35:36,399 [Test worker] liquibase. - master.changelog.json: migration/node-core.changelog-v4.xml::nullability::R3.Corda: Null constraint has been added to node_named_identities.pk_hash
?[m?[37m[INFO] 12:35:36,399 [Test worker] liquibase. - master.changelog.json: migration/node-core.changelog-v4.xml::nullability::R3.Corda: Null constraint has been added to node_our_key_pairs.private_key
?[m?[37m[INFO] 12:35:36,399 [Test worker] liquibase. - master.changelog.json: migration/node-core.changelog-v4.xml::nullability::R3.Corda: Null constraint has been added to node_our_key_pairs.public_key
?[m?[37m[INFO] 12:35:36,399 [Test worker] liquibase. - master.changelog.json: migration/node-core.changelog-v4.xml::nullability::R3.Corda: Null constraint has been added to node_transaction_mappings.state_machine_run_id
?[m?[37m[INFO] 12:35:36,399 [Test worker] liquibase. - master.changelog.json: migration/node-core.changelog-v4.xml::nullability::R3.Corda: Null constraint has been added to node_transactions.transaction_value
?[m?[37m[INFO] 12:35:36,399 [Test worker] liquibase. - master.changelog.json: migration/node-core.changelog-v4.xml::nullability::R3.Corda: ChangeSet migration/node-core.changelog-v4.xml::nullability::R3.Corda ran successfully in 2ms
?[m?[37m[INFO] 12:35:36,402 [Test worker] liquibase. - master.changelog.json: migration/node-core.changelog-v5.xml::remove_unused_node_message_retry::R3.Corda: Table node_message_retry dropped
?[m?[37m[INFO] 12:35:36,402 [Test worker] liquibase. - master.changelog.json: migration/node-core.changelog-v5.xml::remove_unused_node_message_retry::R3.Corda: ChangeSet migration/node-core.changelog-v5.xml::remove_unused_node_message_retry::R3.Corda ran successfully in 1ms
?[m?[37m[INFO] 12:35:36,422 [Test worker] liquibase. - master.changelog.json: migration/node-core.changelog-v8.xml::conditional_attchments_rename::R3.Corda: Marking ChangeSet: migration/node-core.changelog-v8.xml::conditional_attchments_rename::R3.Corda ran despite precondition failure due to onFail='MARK_RAN': 
          master.changelog.json : Table PUBLIC.NODE_ATTCHMENTS_CONTRACTS does not exist

?[m?[37m[INFO] 12:35:36,431 [Test worker] liquibase. - master.changelog.json: migration/node-core.changelog-v8.xml::conditional_attchments_contracts::R3.Corda: Marking ChangeSet: migration/node-core.changelog-v8.xml::conditional_attchments_contracts::R3.Corda ran despite precondition failure due to onFail='MARK_RAN': 
          master.changelog.json : Table PUBLIC.NODE_ATTACHMENTS_CONTRACT_CLASS_NAME does not exist

?[m?[37m[INFO] 12:35:36,433 [Test worker] liquibase. - master.changelog.json: migration/node-core.changelog-v8.xml::add_signers::R3.Corda: Table node_attachments_signers created
?[m?[37m[INFO] 12:35:36,433 [Test worker] liquibase. - master.changelog.json: migration/node-core.changelog-v8.xml::add_signers::R3.Corda: Foreign key constraint added to node_attachments_signers (att_id)
?[m?[37m[INFO] 12:35:36,433 [Test worker] liquibase. - master.changelog.json: migration/node-core.changelog-v8.xml::add_signers::R3.Corda: ChangeSet migration/node-core.changelog-v8.xml::add_signers::R3.Corda ran successfully in 1ms
?[m?[37m[INFO] 12:35:36,437 [Test worker] liquibase. - master.changelog.json: migration/node-core.changelog-tx-mapping.xml::add_tx_mapping_column::R3.Corda: Columns state_machine_run_id(NVARCHAR(36)) added to node_transactions
?[m?[37m[INFO] 12:35:36,438 [Test worker] liquibase. - master.changelog.json: migration/node-core.changelog-tx-mapping.xml::add_tx_mapping_column::R3.Corda: Custom SQL executed
?[m?[37m[INFO] 12:35:36,438 [Test worker] liquibase. - master.changelog.json: migration/node-core.changelog-tx-mapping.xml::add_tx_mapping_column::R3.Corda: Table node_transaction_mappings dropped
?[m?[37m[INFO] 12:35:36,438 [Test worker] liquibase. - master.changelog.json: migration/node-core.changelog-tx-mapping.xml::add_tx_mapping_column::R3.Corda: ChangeSet migration/node-core.changelog-tx-mapping.xml::add_tx_mapping_column::R3.Corda ran successfully in 3ms
?[m?[37m[INFO] 12:35:36,440 [Test worker] liquibase. - master.changelog.json: migration/node-services.changelog-init.xml::add_network_parameters_storage::R3.Corda: Table node_network_parameters created
?[m?[37m[INFO] 12:35:36,440 [Test worker] liquibase. - master.changelog.json: migration/node-services.changelog-init.xml::add_network_parameters_storage::R3.Corda: ChangeSet migration/node-services.changelog-init.xml::add_network_parameters_storage::R3.Corda ran successfully in 0ms
?[m?[37m[INFO] 12:35:36,442 [Test worker] liquibase. - master.changelog.json: migration/node-services.changelog-init.xml::network_parameters_pk::R3.Corda: Primary key added to node_network_parameters (hash)
?[m?[37m[INFO] 12:35:36,442 [Test worker] liquibase. - master.changelog.json: migration/node-services.changelog-init.xml::network_parameters_pk::R3.Corda: ChangeSet migration/node-services.changelog-init.xml::network_parameters_pk::R3.Corda ran successfully in 1ms
?[m?[37m[INFO] 12:35:36,445 [Test worker] liquibase. - master.changelog.json: migration/node-services.changelog-init.xml::add_version_column::R3.Corda: Columns version(INT) added to node_attachments
?[m?[37m[INFO] 12:35:36,445 [Test worker] liquibase. - master.changelog.json: migration/node-services.changelog-init.xml::add_version_column::R3.Corda: Custom SQL executed
?[m?[37m[INFO] 12:35:36,446 [Test worker] liquibase. - master.changelog.json: migration/node-services.changelog-init.xml::add_version_column::R3.Corda: Null constraint has been added to node_attachments.version
?[m?[37m[INFO] 12:35:36,446 [Test worker] liquibase. - master.changelog.json: migration/node-services.changelog-init.xml::add_version_column::R3.Corda: ChangeSet migration/node-services.changelog-init.xml::add_version_column::R3.Corda ran successfully in 3ms
?[m?[37m[INFO] 12:35:36,447 [Test worker] persistence.AttachmentVersionNumberMigration. - Start executing...
?[m?[37m[INFO] 12:35:36,449 [Test worker] persistence.AttachmentVersionNumberMigration. - Attachment version creation from whitelisted JARs using network parameters from build\mock-network\20190412-153534.672\nodes\1\network-parameters, whitelistedContractImplementations: {}.
?[m?[37m[INFO] 12:35:36,449 [Test worker] persistence.AttachmentVersionNumberMigration. - Attachment version creation from whitelisted JARs skipped, no attachments not found.
?[m?[37m[INFO] 12:35:36,449 [Test worker] liquibase. - master.changelog.json: migration/node-services.changelog-init.xml::update-version-of-whitelisted-jars::R3.Corda: null
?[m?[37m[INFO] 12:35:36,449 [Test worker] liquibase. - master.changelog.json: migration/node-services.changelog-init.xml::update-version-of-whitelisted-jars::R3.Corda: ChangeSet migration/node-services.changelog-init.xml::update-version-of-whitelisted-jars::R3.Corda ran successfully in 2ms
?[m?[37m[INFO] 12:35:36,450 [Test worker] migration.VaultStateMigration. - Migrating vault state data to V4 tables
?[m?[37m[INFO] 12:35:36,452 [Test worker] persistence.HibernateConfiguration. - Init HibernateConfiguration for schemas: [VaultMigrationSchemaV1(name=net.corda.node.migration.VaultMigrationSchema, version=1), VaultSchemaV1(name=net.corda.node.services.vault.VaultSchema, version=1)]
?[m?[37m[INFO] 12:35:36,452 [Test worker] persistence.HibernateConfiguration. - Creating session factory for schemas: [VaultMigrationSchemaV1(name=net.corda.node.migration.VaultMigrationSchema, version=1), VaultSchemaV1(name=net.corda.node.services.vault.VaultSchema, version=1)]
?[m?[37m[INFO] 12:35:36,457 [Test worker] internal.ConnectionProviderInitiator. - HHH000130: Instantiating explicit connection provider: net.corda.nodeapi.internal.persistence.HibernateConfiguration$NodeDatabaseConnectionProvider
?[m?[37m[INFO] 12:35:36,457 [Test worker] dialect.Dialect. - HHH000400: Using dialect: org.hibernate.dialect.H2Dialect
?[m?[37m[INFO] 12:35:36,459 [Test worker] type.BasicTypeRegistry. - HHH000270: Type registration [materialized_blob] overrides previous : org.hibernate.type.MaterializedBlobType@61c329e6
?[m?[37m[INFO] 12:35:36,492 [Test worker] connections.access. - HHH10001501: Connection obtained from JdbcConnectionAccess [org.hibernate.engine.jdbc.env.internal.JdbcEnvironmentInitiator$ConnectionProviderJdbcConnectionAccess@7cab0a3f] for (non-JTA) DDL execution was not in auto-commit mode; the Connection 'local transaction' will be committed and the Connection will be set into auto-commit mode.
?[m?[37m[INFO] 12:35:36,521 [Test worker] persistence.HibernateConfiguration. - Created session factory for schemas: [VaultMigrationSchemaV1(name=net.corda.node.migration.VaultMigrationSchema, version=1), VaultSchemaV1(name=net.corda.node.services.vault.VaultSchema, version=1)]
?[m?[37m[INFO] 12:35:36,522 [Test worker] internal.QueryTranslatorFactoryInitiator. - HHH000397: Using ASTQueryTranslatorFactory
?[m?[37m[INFO] 12:35:36,529 [Test worker] migration.VaultStateMigration. - Finished performing vault state data migration for 0 states
?[m?[37m[INFO] 12:35:36,529 [Test worker] liquibase. - master.changelog.json: migration/vault-schema.changelog-v9.xml::update-vault-states::R3.Corda: null
?[m?[37m[INFO] 12:35:36,529 [Test worker] liquibase. - master.changelog.json: migration/vault-schema.changelog-v9.xml::update-vault-states::R3.Corda: ChangeSet migration/vault-schema.changelog-v9.xml::update-vault-states::R3.Corda ran successfully in 79ms
?[m?[37m[INFO] 12:35:36,530 [Test worker] liquibase. - Successfully released change log lock
?[m?[37m[INFO] 12:35:36,531 [Test worker] internal.InternalMockNetwork$MockNode. - Connected to H2 database.
?[m?[37m[INFO] 12:35:36,532 [Test worker] internal.InternalMockNetwork$MockNode. - identity-private-key not found in key store, generating fresh key!
?[m?[37m[INFO] 12:35:36,554 [Test worker] persistence.HibernateConfiguration. - Init HibernateConfiguration for schemas: [CommonSchemaV1(name=net.corda.core.schemas.CommonSchema, version=1), VaultSchemaV1(name=net.corda.node.services.vault.VaultSchema, version=1), NodeInfoSchemaV1(name=net.corda.node.internal.schemas.NodeInfoSchema, version=1), NodeCoreV1(name=net.corda.node.services.schema.NodeSchemaService$NodeCore, version=1), IOUSchemaV1(name=com.example.schema.IOUSchema, version=1)]
?[m?[37m[INFO] 12:35:36,554 [Test worker] persistence.HibernateConfiguration. - Creating session factory for schemas: [CommonSchemaV1(name=net.corda.core.schemas.CommonSchema, version=1), VaultSchemaV1(name=net.corda.node.services.vault.VaultSchema, version=1), NodeInfoSchemaV1(name=net.corda.node.internal.schemas.NodeInfoSchema, version=1), NodeCoreV1(name=net.corda.node.services.schema.NodeSchemaService$NodeCore, version=1), IOUSchemaV1(name=com.example.schema.IOUSchema, version=1)]
?[m?[37m[INFO] 12:35:36,560 [Test worker] internal.ConnectionProviderInitiator. - HHH000130: Instantiating explicit connection provider: net.corda.nodeapi.internal.persistence.HibernateConfiguration$NodeDatabaseConnectionProvider
?[m?[37m[INFO] 12:35:36,560 [Test worker] dialect.Dialect. - HHH000400: Using dialect: org.hibernate.dialect.H2Dialect
?[m?[37m[INFO] 12:35:36,562 [Test worker] type.BasicTypeRegistry. - HHH000270: Type registration [materialized_blob] overrides previous : org.hibernate.type.MaterializedBlobType@61c329e6
?[m?[37m[INFO] 12:35:36,619 [Test worker] connections.access. - HHH10001501: Connection obtained from JdbcConnectionAccess [org.hibernate.engine.jdbc.env.internal.JdbcEnvironmentInitiator$ConnectionProviderJdbcConnectionAccess@65503d27] for (non-JTA) DDL execution was not in auto-commit mode; the Connection 'local transaction' will be committed and the Connection will be set into auto-commit mode.
?[m?[37m[INFO] 12:35:36,668 [Test worker] persistence.HibernateConfiguration. - Created session factory for schemas: [CommonSchemaV1(name=net.corda.core.schemas.CommonSchema, version=1), VaultSchemaV1(name=net.corda.node.services.vault.VaultSchema, version=1), NodeInfoSchemaV1(name=net.corda.node.internal.schemas.NodeInfoSchema, version=1), NodeCoreV1(name=net.corda.node.services.schema.NodeSchemaService$NodeCore, version=1), IOUSchemaV1(name=com.example.schema.IOUSchema, version=1)]
?[m?[37m[INFO] 12:35:36,670 [Test worker] internal.QueryTranslatorFactoryInitiator. - HHH000397: Using ASTQueryTranslatorFactory
?[m?[37m[INFO] 12:35:36,673 [Test worker] internal.InternalMockNetwork$MockNode. - Node-info has changed so submitting update. Old node-info was null
?[m?[37m[INFO] 12:35:36,673 [Test worker] network.PersistentNetworkMapCache. - Adding node with info: NodeInfo(addresses=[mock.node:1000], legalIdentitiesAndCerts=[O=Mock Company 1, L=London, C=GB], platformVersion=4, serial=1555083336673)
?[m?[37m[INFO] 12:35:36,675 [Test worker] network.PersistentNetworkMapCache. - No previous node found
?[m?[37m[INFO] 12:35:36,681 [Test worker] internal.InternalMockNetwork$MockNode. - New node-info: NodeInfo(addresses=[mock.node:1000], legalIdentitiesAndCerts=[O=Mock Company 1, L=London, C=GB], platformVersion=4, serial=1555083336673)
?[m?[37m[INFO] 12:35:36,693 [Test worker] network.NetworkMapUpdater. - Auto-accept enabled for network parameter changes which modify only: [epoch, modifiedTime, packageOwnership, whitelistedContractImplementations]
?[m?[37m[INFO] 12:35:36,696 [MockNode-5-2] network.PersistentNetworkMapCache. - Adding node with info: NodeInfo(addresses=[mock.node:1000], legalIdentitiesAndCerts=[O=Mock Company 1, L=London, C=GB], platformVersion=4, serial=1555083336673)
?[m?[37m[INFO] 12:35:36,703 [MockNode-5-2] network.PersistentNetworkMapCache. - Previous node was identical to incoming one - doing nothing
?[m?[37m[INFO] 12:35:36,795 [Test worker] ClassloaderUtils. - Contracts loading for 'C:\Users\Daniel\AppData\Local\Temp\attachment4399482602192218807.jar' took 20 msec
?[m?[37m[INFO] 12:35:36,803 [Test worker] persistence.NodeAttachmentService. - Stored new attachment: id=068D846C052E681003228A05005925CB3EC9DBFEDDFDA00048D0BB87F1ED69B0 uploader=app filename=null
?[m?[37m[INFO] 12:35:36,808 [Test worker] statemachine.SingleThreadedStateMachineManager. - Node ready, info: NodeInfo(addresses=[mock.node:1000], legalIdentitiesAndCerts=[O=Mock Company 1, L=London, C=GB], platformVersion=4, serial=1555083336673)
?[m?[37m[INFO] 12:35:36,811 [Test worker] network.PersistentNetworkMapCache. - Adding node with info: NodeInfo(addresses=[mock.node:1000], legalIdentitiesAndCerts=[O=Notary Service, L=Zurich, C=CH], platformVersion=4, serial=1555083335687)
?[m?[37m[INFO] 12:35:36,812 [Test worker] network.PersistentNetworkMapCache. - No previous node found
?[m?[37m[INFO] 12:35:36,820 [Test worker] network.PersistentNetworkMapCache. - Adding node with info: NodeInfo(addresses=[mock.node:1000], legalIdentitiesAndCerts=[O=Mock Company 1, L=London, C=GB], platformVersion=4, serial=1555083336673)
?[m?[37m[INFO] 12:35:36,822 [Test worker] network.PersistentNetworkMapCache. - No previous node found
?[m?[37m[INFO] 12:35:36,830 [Test worker] network.PersistentNetworkMapCache. - Adding node with info: NodeInfo(addresses=[mock.node:1000], legalIdentitiesAndCerts=[O=Mock Company 1, L=London, C=GB], platformVersion=4, serial=1555083336673)
?[m?[37m[INFO] 12:35:36,830 [Test worker] network.PersistentNetworkMapCache. - Previous node was identical to incoming one - doing nothing
?[m?[37m[INFO] 12:35:36,830 [Test worker] network.PersistentNetworkMapCache. - Adding node with info: NodeInfo(addresses=[mock.node:1000], legalIdentitiesAndCerts=[O=Mock Company 1, L=London, C=GB], platformVersion=4, serial=1555083336673)
?[m?[37m[INFO] 12:35:36,830 [Test worker] network.PersistentNetworkMapCache. - Previous node was identical to incoming one - doing nothing
?[m?[37m[INFO] 12:35:36,901 [Test worker] cordapp.JarScanningCordappLoader. - Looking for CorDapps in [build\mock-network\20190412-153534.672\nodes\2\cordapps]
?[m?[37m[INFO] 12:35:36,902 [Test worker] cordapp.JarScanningCordappLoader. - Loading CorDapps from RestrictedURL(url=file:/C:/Users/Daniel/OneDrive/Documents/tokensdk/samples3/cordapp-example/workflows-kotlin/build/mock-network/20190412-153534.672/nodes/2/cordapps/cordapp-example-contracts-0.1.jar, rootPackageName=null), RestrictedURL(url=file:/C:/Users/Daniel/OneDrive/Documents/tokensdk/samples3/cordapp-example/workflows-kotlin/build/mock-network/20190412-153534.672/nodes/2/cordapps/cordapp-example-workflows-0.1.jar, rootPackageName=null)
?[m?[37m[INFO] 12:35:36,902 [Test worker] cordapp.JarScanningCordappLoader. - Scanning CorDapp in file:/C:/Users/Daniel/OneDrive/Documents/tokensdk/samples3/cordapp-example/workflows-kotlin/build/mock-network/20190412-153534.672/nodes/2/cordapps/cordapp-example-contracts-0.1.jar
?[m?[37m[INFO] 12:35:36,922 [Test worker] cordapp.JarScanningCordappLoader. - Found notary service CorDapp implementations: 
?[m?[37m[INFO] 12:35:36,922 [Test worker] cordapp.JarScanningCordappLoader. - Scanning CorDapp in file:/C:/Users/Daniel/OneDrive/Documents/tokensdk/samples3/cordapp-example/workflows-kotlin/build/mock-network/20190412-153534.672/nodes/2/cordapps/cordapp-example-workflows-0.1.jar
?[m?[37m[INFO] 12:35:36,995 [Test worker] cordapp.JarScanningCordappLoader. - Found notary service CorDapp implementations: 
?[m?[37m[INFO] 12:35:37,004 [Test worker] internal.InternalMockNetwork$MockNode. - Node starting up ...
?[m?[37m[INFO] 12:35:37,045 [Test worker] internal.NodeFlowManager. - Registered com.example.flow.ExampleFlow$Initiator to initiate com.example.flow.ExampleFlow$Acceptor (version 1)
?[m?[37m[INFO] 12:35:37,048 [Test worker] internal.InternalMockNetwork$MockNode. - Loaded network parameters: NetworkParameters {
      minimumPlatformVersion=1
      notaries=[NotaryInfo(identity=O=Notary Service, L=Zurich, C=CH, validating=true)]
      maxMessageSize=10485760
      maxTransactionSize=524288000
      whitelistedContractImplementations {
        
      }
      eventHorizon=PT720H
      packageOwnership {
        
      }
      modifiedTime=2019-04-12T15:35:34.672Z
      epoch=1
  }
?[m?[37m[INFO] 12:35:37,048 [Test worker] hikari.HikariDataSource. - HikariPool-6 - Started.
?[m?[37m[INFO] 12:35:37,184 [Test worker] liquibase. - Creating database history table with name: PUBLIC.DATABASECHANGELOG
?[m?[37m[INFO] 12:35:37,186 [Test worker] liquibase. - Reading from PUBLIC.DATABASECHANGELOG
?[m?[37m[INFO] 12:35:37,188 [Test worker] liquibase. - master.changelog.json: migration/common.changelog-init.xml::1511451595465-1.3::R3.Corda: Skipping changeSet migration/common.changelog-init.xml::1511451595465-1.3::R3.Corda due to validation error(s): minValue is not allowed on h2
?[m?[37m[INFO] 12:35:37,194 [Test worker] liquibase. - master.changelog.json: migration/vault-schema.changelog-pkey.xml::non-clustered_pk-11::R3.Corda: Skipping changeSet migration/vault-schema.changelog-pkey.xml::non-clustered_pk-11::R3.Corda due to validation error(s): clustered is not allowed on h2
?[m?[37m[INFO] 12:35:37,195 [Test worker] liquibase. - master.changelog.json: migration/vault-schema.changelog-pkey.xml::non-clustered_pk-12::R3.Corda: Skipping changeSet migration/vault-schema.changelog-pkey.xml::non-clustered_pk-12::R3.Corda due to validation error(s): clustered is not allowed on h2
?[m?[37m[INFO] 12:35:37,195 [Test worker] liquibase. - master.changelog.json: migration/vault-schema.changelog-pkey.xml::non-clustered_pk-13::R3.Corda: Skipping changeSet migration/vault-schema.changelog-pkey.xml::non-clustered_pk-13::R3.Corda due to validation error(s): clustered is not allowed on h2
?[m?[37m[INFO] 12:35:37,203 [Test worker] liquibase. - master.changelog.json: migration/node-core.changelog-pkey.xml::non-clustered_pk-1::R3.Corda: Skipping changeSet migration/node-core.changelog-pkey.xml::non-clustered_pk-1::R3.Corda due to validation error(s): clustered is not allowed on h2
?[m?[37m[INFO] 12:35:37,204 [Test worker] liquibase. - master.changelog.json: migration/node-core.changelog-pkey.xml::non-clustered_pk-2::R3.Corda: Skipping changeSet migration/node-core.changelog-pkey.xml::non-clustered_pk-2::R3.Corda due to validation error(s): clustered is not allowed on h2
?[m?[37m[INFO] 12:35:37,204 [Test worker] liquibase. - master.changelog.json: migration/node-core.changelog-pkey.xml::non-clustered_pk-3::R3.Corda: Skipping changeSet migration/node-core.changelog-pkey.xml::non-clustered_pk-3::R3.Corda due to validation error(s): clustered is not allowed on h2
?[m?[37m[INFO] 12:35:37,204 [Test worker] liquibase. - master.changelog.json: migration/node-core.changelog-pkey.xml::non-clustered_pk-4::R3.Corda: Skipping changeSet migration/node-core.changelog-pkey.xml::non-clustered_pk-4::R3.Corda due to validation error(s): clustered is not allowed on h2
?[m?[37m[INFO] 12:35:37,204 [Test worker] liquibase. - master.changelog.json: migration/node-core.changelog-pkey.xml::non-clustered_pk-5::R3.Corda: Skipping changeSet migration/node-core.changelog-pkey.xml::non-clustered_pk-5::R3.Corda due to validation error(s): clustered is not allowed on h2
?[m?[37m[INFO] 12:35:37,205 [Test worker] liquibase. - master.changelog.json: migration/node-core.changelog-pkey.xml::non-clustered_pk-6::R3.Corda: Skipping changeSet migration/node-core.changelog-pkey.xml::non-clustered_pk-6::R3.Corda due to validation error(s): clustered is not allowed on h2
?[m?[37m[INFO] 12:35:37,205 [Test worker] liquibase. - master.changelog.json: migration/node-core.changelog-pkey.xml::non-clustered_pk-7::R3.Corda: Skipping changeSet migration/node-core.changelog-pkey.xml::non-clustered_pk-7::R3.Corda due to validation error(s): clustered is not allowed on h2
?[m?[37m[INFO] 12:35:37,209 [Test worker] liquibase. - Successfully acquired change log lock
?[m?[37m[INFO] 12:35:37,210 [Test worker] liquibase. - master.changelog.json: migration/common.changelog-init.xml::1511451595465-1.3::R3.Corda: Skipping changeSet migration/common.changelog-init.xml::1511451595465-1.3::R3.Corda due to validation error(s): minValue is not allowed on h2
?[m?[37m[INFO] 12:35:37,212 [Test worker] liquibase. - master.changelog.json: migration/vault-schema.changelog-pkey.xml::non-clustered_pk-11::R3.Corda: Skipping changeSet migration/vault-schema.changelog-pkey.xml::non-clustered_pk-11::R3.Corda due to validation error(s): clustered is not allowed on h2
?[m?[37m[INFO] 12:35:37,212 [Test worker] liquibase. - master.changelog.json: migration/vault-schema.changelog-pkey.xml::non-clustered_pk-12::R3.Corda: Skipping changeSet migration/vault-schema.changelog-pkey.xml::non-clustered_pk-12::R3.Corda due to validation error(s): clustered is not allowed on h2
?[m?[37m[INFO] 12:35:37,212 [Test worker] liquibase. - master.changelog.json: migration/vault-schema.changelog-pkey.xml::non-clustered_pk-13::R3.Corda: Skipping changeSet migration/vault-schema.changelog-pkey.xml::non-clustered_pk-13::R3.Corda due to validation error(s): clustered is not allowed on h2
?[m?[37m[INFO] 12:35:37,216 [Test worker] liquibase. - master.changelog.json: migration/node-core.changelog-pkey.xml::non-clustered_pk-1::R3.Corda: Skipping changeSet migration/node-core.changelog-pkey.xml::non-clustered_pk-1::R3.Corda due to validation error(s): clustered is not allowed on h2
?[m?[37m[INFO] 12:35:37,216 [Test worker] liquibase. - master.changelog.json: migration/node-core.changelog-pkey.xml::non-clustered_pk-2::R3.Corda: Skipping changeSet migration/node-core.changelog-pkey.xml::non-clustered_pk-2::R3.Corda due to validation error(s): clustered is not allowed on h2
?[m?[37m[INFO] 12:35:37,216 [Test worker] liquibase. - master.changelog.json: migration/node-core.changelog-pkey.xml::non-clustered_pk-3::R3.Corda: Skipping changeSet migration/node-core.changelog-pkey.xml::non-clustered_pk-3::R3.Corda due to validation error(s): clustered is not allowed on h2
?[m?[37m[INFO] 12:35:37,216 [Test worker] liquibase. - master.changelog.json: migration/node-core.changelog-pkey.xml::non-clustered_pk-4::R3.Corda: Skipping changeSet migration/node-core.changelog-pkey.xml::non-clustered_pk-4::R3.Corda due to validation error(s): clustered is not allowed on h2
?[m?[37m[INFO] 12:35:37,216 [Test worker] liquibase. - master.changelog.json: migration/node-core.changelog-pkey.xml::non-clustered_pk-5::R3.Corda: Skipping changeSet migration/node-core.changelog-pkey.xml::non-clustered_pk-5::R3.Corda due to validation error(s): clustered is not allowed on h2
?[m?[37m[INFO] 12:35:37,216 [Test worker] liquibase. - master.changelog.json: migration/node-core.changelog-pkey.xml::non-clustered_pk-6::R3.Corda: Skipping changeSet migration/node-core.changelog-pkey.xml::non-clustered_pk-6::R3.Corda due to validation error(s): clustered is not allowed on h2
?[m?[37m[INFO] 12:35:37,216 [Test worker] liquibase. - master.changelog.json: migration/node-core.changelog-pkey.xml::non-clustered_pk-7::R3.Corda: Skipping changeSet migration/node-core.changelog-pkey.xml::non-clustered_pk-7::R3.Corda due to validation error(s): clustered is not allowed on h2
?[m?[37m[INFO] 12:35:37,217 [Test worker] liquibase. - master.changelog.json: migration/common.changelog-init.xml::1511451595465-1.1::R3.Corda: Sequence hibernate_sequence created
?[m?[37m[INFO] 12:35:37,217 [Test worker] liquibase. - master.changelog.json: migration/common.changelog-init.xml::1511451595465-1.1::R3.Corda: ChangeSet migration/common.changelog-init.xml::1511451595465-1.1::R3.Corda ran successfully in 0ms
?[m?[37m[INFO] 12:35:37,220 [Test worker] liquibase. - master.changelog.json: migration/vault-schema.changelog-init.xml::1511451595465-22::R3.Corda: Table vault_fungible_states created
?[m?[37m[INFO] 12:35:37,220 [Test worker] liquibase. - master.changelog.json: migration/vault-schema.changelog-init.xml::1511451595465-22::R3.Corda: ChangeSet migration/vault-schema.changelog-init.xml::1511451595465-22::R3.Corda ran successfully in 1ms
?[m?[37m[INFO] 12:35:37,221 [Test worker] liquibase. - master.changelog.json: migration/vault-schema.changelog-init.xml::1511451595465-23::R3.Corda: Table vault_fungible_states_parts created
?[m?[37m[INFO] 12:35:37,221 [Test worker] liquibase. - master.changelog.json: migration/vault-schema.changelog-init.xml::1511451595465-23::R3.Corda: ChangeSet migration/vault-schema.changelog-init.xml::1511451595465-23::R3.Corda ran successfully in 0ms
?[m?[37m[INFO] 12:35:37,223 [Test worker] liquibase. - master.changelog.json: migration/vault-schema.changelog-init.xml::1511451595465-24::R3.Corda: Table vault_linear_states created
?[m?[37m[INFO] 12:35:37,223 [Test worker] liquibase. - master.changelog.json: migration/vault-schema.changelog-init.xml::1511451595465-24::R3.Corda: ChangeSet migration/vault-schema.changelog-init.xml::1511451595465-24::R3.Corda ran successfully in 1ms
?[m?[37m[INFO] 12:35:37,224 [Test worker] liquibase. - master.changelog.json: migration/vault-schema.changelog-init.xml::1511451595465-25::R3.Corda: Table vault_linear_states_parts created
?[m?[37m[INFO] 12:35:37,224 [Test worker] liquibase. - master.changelog.json: migration/vault-schema.changelog-init.xml::1511451595465-25::R3.Corda: ChangeSet migration/vault-schema.changelog-init.xml::1511451595465-25::R3.Corda ran successfully in 0ms
?[m?[37m[INFO] 12:35:37,226 [Test worker] liquibase. - master.changelog.json: migration/vault-schema.changelog-init.xml::1511451595465-26::R3.Corda: Table vault_states created
?[m?[37m[INFO] 12:35:37,226 [Test worker] liquibase. - master.changelog.json: migration/vault-schema.changelog-init.xml::1511451595465-26::R3.Corda: ChangeSet migration/vault-schema.changelog-init.xml::1511451595465-26::R3.Corda ran successfully in 1ms
?[m?[37m[INFO] 12:35:37,227 [Test worker] liquibase. - master.changelog.json: migration/vault-schema.changelog-init.xml::1511451595465-27::R3.Corda: Table vault_transaction_notes created
?[m?[37m[INFO] 12:35:37,227 [Test worker] liquibase. - master.changelog.json: migration/vault-schema.changelog-init.xml::1511451595465-27::R3.Corda: ChangeSet migration/vault-schema.changelog-init.xml::1511451595465-27::R3.Corda ran successfully in 0ms
?[m?[37m[INFO] 12:35:37,229 [Test worker] liquibase. - master.changelog.json: migration/vault-schema.changelog-init.xml::1511451595465-47::R3.Corda: Primary key added to vault_fungible_states (output_index, transaction_id)
?[m?[37m[INFO] 12:35:37,229 [Test worker] liquibase. - master.changelog.json: migration/vault-schema.changelog-init.xml::1511451595465-47::R3.Corda: ChangeSet migration/vault-schema.changelog-init.xml::1511451595465-47::R3.Corda ran successfully in 1ms
?[m?[37m[INFO] 12:35:37,230 [Test worker] liquibase. - master.changelog.json: migration/vault-schema.changelog-init.xml::1511451595465-48::R3.Corda: Primary key added to vault_linear_states (output_index, transaction_id)
?[m?[37m[INFO] 12:35:37,230 [Test worker] liquibase. - master.changelog.json: migration/vault-schema.changelog-init.xml::1511451595465-48::R3.Corda: ChangeSet migration/vault-schema.changelog-init.xml::1511451595465-48::R3.Corda ran successfully in 0ms
?[m?[37m[INFO] 12:35:37,232 [Test worker] liquibase. - master.changelog.json: migration/vault-schema.changelog-init.xml::1511451595465-49::R3.Corda: Primary key added to vault_states (output_index, transaction_id)
?[m?[37m[INFO] 12:35:37,232 [Test worker] liquibase. - master.changelog.json: migration/vault-schema.changelog-init.xml::1511451595465-49::R3.Corda: ChangeSet migration/vault-schema.changelog-init.xml::1511451595465-49::R3.Corda ran successfully in 1ms
?[m?[37m[INFO] 12:35:37,233 [Test worker] liquibase. - master.changelog.json: migration/vault-schema.changelog-init.xml::1511451595465-50::R3.Corda: Primary key added to vault_transaction_notes (seq_no)
?[m?[37m[INFO] 12:35:37,233 [Test worker] liquibase. - master.changelog.json: migration/vault-schema.changelog-init.xml::1511451595465-50::R3.Corda: ChangeSet migration/vault-schema.changelog-init.xml::1511451595465-50::R3.Corda ran successfully in 0ms
?[m?[37m[INFO] 12:35:37,234 [Test worker] liquibase. - master.changelog.json: migration/vault-schema.changelog-init.xml::1511451595465-53::R3.Corda: Index external_id_index created
?[m?[37m[INFO] 12:35:37,234 [Test worker] liquibase. - master.changelog.json: migration/vault-schema.changelog-init.xml::1511451595465-53::R3.Corda: ChangeSet migration/vault-schema.changelog-init.xml::1511451595465-53::R3.Corda ran successfully in 0ms
?[m?[37m[INFO] 12:35:37,235 [Test worker] liquibase. - master.changelog.json: migration/vault-schema.changelog-init.xml::1511451595465-55::R3.Corda: Index lock_id_idx created
?[m?[37m[INFO] 12:35:37,235 [Test worker] liquibase. - master.changelog.json: migration/vault-schema.changelog-init.xml::1511451595465-55::R3.Corda: ChangeSet migration/vault-schema.changelog-init.xml::1511451595465-55::R3.Corda ran successfully in 0ms
?[m?[37m[INFO] 12:35:37,237 [Test worker] liquibase. - master.changelog.json: migration/vault-schema.changelog-init.xml::1511451595465-58::R3.Corda: Index state_status_idx created
?[m?[37m[INFO] 12:35:37,237 [Test worker] liquibase. - master.changelog.json: migration/vault-schema.changelog-init.xml::1511451595465-58::R3.Corda: ChangeSet migration/vault-schema.changelog-init.xml::1511451595465-58::R3.Corda ran successfully in 1ms
?[m?[37m[INFO] 12:35:37,238 [Test worker] liquibase. - master.changelog.json: migration/vault-schema.changelog-init.xml::1511451595465-59::R3.Corda: Index transaction_id_index created
?[m?[37m[INFO] 12:35:37,238 [Test worker] liquibase. - master.changelog.json: migration/vault-schema.changelog-init.xml::1511451595465-59::R3.Corda: ChangeSet migration/vault-schema.changelog-init.xml::1511451595465-59::R3.Corda ran successfully in 1ms
?[m?[37m[INFO] 12:35:37,239 [Test worker] liquibase. - master.changelog.json: migration/vault-schema.changelog-init.xml::1511451595465-60::R3.Corda: Index uuid_index created
?[m?[37m[INFO] 12:35:37,239 [Test worker] liquibase. - master.changelog.json: migration/vault-schema.changelog-init.xml::1511451595465-60::R3.Corda: ChangeSet migration/vault-schema.changelog-init.xml::1511451595465-60::R3.Corda ran successfully in 0ms
?[m?[37m[INFO] 12:35:37,242 [Test worker] liquibase. - master.changelog.json: migration/vault-schema.changelog-init.xml::1511451595465-64::R3.Corda: Foreign key constraint added to vault_fungible_states_parts (output_index,transaction_id)
?[m?[37m[INFO] 12:35:37,242 [Test worker] liquibase. - master.changelog.json: migration/vault-schema.changelog-init.xml::1511451595465-64::R3.Corda: ChangeSet migration/vault-schema.changelog-init.xml::1511451595465-64::R3.Corda ran successfully in 2ms
?[m?[37m[INFO] 12:35:37,244 [Test worker] liquibase. - master.changelog.json: migration/vault-schema.changelog-init.xml::1511451595465-65::R3.Corda: Foreign key constraint added to vault_linear_states_parts (output_index,transaction_id)
?[m?[37m[INFO] 12:35:37,244 [Test worker] liquibase. - master.changelog.json: migration/vault-schema.changelog-init.xml::1511451595465-65::R3.Corda: ChangeSet migration/vault-schema.changelog-init.xml::1511451595465-65::R3.Corda ran successfully in 1ms
?[m?[37m[INFO] 12:35:37,245 [Test worker] liquibase. - master.changelog.json: migration/vault-schema.changelog-v3.xml::clean_vault::R3.Corda: Data deleted from vault_fungible_states_parts
?[m?[37m[INFO] 12:35:37,245 [Test worker] liquibase. - master.changelog.json: migration/vault-schema.changelog-v3.xml::clean_vault::R3.Corda: Data deleted from vault_fungible_states
?[m?[37m[INFO] 12:35:37,245 [Test worker] liquibase. - master.changelog.json: migration/vault-schema.changelog-v3.xml::clean_vault::R3.Corda: Data deleted from vault_linear_states_parts
?[m?[37m[INFO] 12:35:37,246 [Test worker] liquibase. - master.changelog.json: migration/vault-schema.changelog-v3.xml::clean_vault::R3.Corda: Data deleted from vault_linear_states
?[m?[37m[INFO] 12:35:37,246 [Test worker] liquibase. - master.changelog.json: migration/vault-schema.changelog-v3.xml::clean_vault::R3.Corda: Data deleted from vault_states
?[m?[37m[INFO] 12:35:37,246 [Test worker] liquibase. - master.changelog.json: migration/vault-schema.changelog-v3.xml::clean_vault::R3.Corda: Data deleted from vault_transaction_notes
?[m?[37m[INFO] 12:35:37,246 [Test worker] liquibase. - master.changelog.json: migration/vault-schema.changelog-v3.xml::clean_vault::R3.Corda: ChangeSet migration/vault-schema.changelog-v3.xml::clean_vault::R3.Corda ran successfully in 1ms
?[m?[37m[INFO] 12:35:37,247 [Test worker] liquibase. - master.changelog.json: migration/vault-schema.changelog-v4.xml::nullability::R3.Corda: Null constraint has been added to vault_fungible_states.quantity
?[m?[37m[INFO] 12:35:37,248 [Test worker] liquibase. - master.changelog.json: migration/vault-schema.changelog-v4.xml::nullability::R3.Corda: Null constraint has been added to vault_states.contract_state_class_name
?[m?[37m[INFO] 12:35:37,248 [Test worker] liquibase. - master.changelog.json: migration/vault-schema.changelog-v4.xml::nullability::R3.Corda: Null constraint has been added to vault_states.notary_name
?[m?[37m[INFO] 12:35:37,248 [Test worker] liquibase. - master.changelog.json: migration/vault-schema.changelog-v4.xml::nullability::R3.Corda: Null constraint has been added to vault_states.recorded_timestamp
?[m?[37m[INFO] 12:35:37,248 [Test worker] liquibase. - master.changelog.json: migration/vault-schema.changelog-v4.xml::nullability::R3.Corda: Index state_status_idx dropped from table vault_states
?[m?[37m[INFO] 12:35:37,248 [Test worker] liquibase. - master.changelog.json: migration/vault-schema.changelog-v4.xml::nullability::R3.Corda: Index lock_id_idx dropped from table vault_states
?[m?[37m[INFO] 12:35:37,248 [Test worker] liquibase. - master.changelog.json: migration/vault-schema.changelog-v4.xml::nullability::R3.Corda: Null constraint has been added to vault_states.state_status
?[m?[37m[INFO] 12:35:37,249 [Test worker] liquibase. - master.changelog.json: migration/vault-schema.changelog-v4.xml::nullability::R3.Corda: Index state_status_idx created
?[m?[37m[INFO] 12:35:37,249 [Test worker] liquibase. - master.changelog.json: migration/vault-schema.changelog-v4.xml::nullability::R3.Corda: Index lock_id_idx created
?[m?[37m[INFO] 12:35:37,249 [Test worker] liquibase. - master.changelog.json: migration/vault-schema.changelog-v4.xml::nullability::R3.Corda: Index transaction_id_index dropped from table vault_transaction_notes
?[m?[37m[INFO] 12:35:37,249 [Test worker] liquibase. - master.changelog.json: migration/vault-schema.changelog-v4.xml::nullability::R3.Corda: Null constraint has been added to vault_transaction_notes.note
?[m?[37m[INFO] 12:35:37,249 [Test worker] liquibase. - master.changelog.json: migration/vault-schema.changelog-v4.xml::nullability::R3.Corda: Null constraint has been added to vault_transaction_notes.transaction_id
?[m?[37m[INFO] 12:35:37,250 [Test worker] liquibase. - master.changelog.json: migration/vault-schema.changelog-v4.xml::nullability::R3.Corda: Index transaction_id_index created
?[m?[37m[INFO] 12:35:37,250 [Test worker] liquibase. - master.changelog.json: migration/vault-schema.changelog-v4.xml::nullability::R3.Corda: ChangeSet migration/vault-schema.changelog-v4.xml::nullability::R3.Corda ran successfully in 3ms
?[m?[37m[INFO] 12:35:37,258 [Test worker] liquibase. - master.changelog.json: migration/vault-schema.changelog-v5.xml::add_relevancy_status_column::R3.Corda: Columns relevancy_status(INT) added to vault_states
?[m?[37m[INFO] 12:35:37,258 [Test worker] liquibase. - master.changelog.json: migration/vault-schema.changelog-v5.xml::add_relevancy_status_column::R3.Corda: Data updated in vault_states
?[m?[37m[INFO] 12:35:37,259 [Test worker] liquibase. - master.changelog.json: migration/vault-schema.changelog-v5.xml::add_relevancy_status_column::R3.Corda: Null constraint has been added to vault_states.relevancy_status
?[m?[37m[INFO] 12:35:37,259 [Test worker] liquibase. - master.changelog.json: migration/vault-schema.changelog-v5.xml::add_relevancy_status_column::R3.Corda: ChangeSet migration/vault-schema.changelog-v5.xml::add_relevancy_status_column::R3.Corda ran successfully in 3ms
?[m?[37m[INFO] 12:35:37,262 [Test worker] liquibase. - master.changelog.json: migration/vault-schema.changelog-v6.xml::add_is_constraint_information_columns::R3.Corda: Columns constraint_type(INT) added to vault_states
?[m?[37m[INFO] 12:35:37,263 [Test worker] liquibase. - master.changelog.json: migration/vault-schema.changelog-v6.xml::add_is_constraint_information_columns::R3.Corda: Columns constraint_data(varbinary(563)) added to vault_states
?[m?[37m[INFO] 12:35:37,263 [Test worker] liquibase. - master.changelog.json: migration/vault-schema.changelog-v6.xml::add_is_constraint_information_columns::R3.Corda: ChangeSet migration/vault-schema.changelog-v6.xml::add_is_constraint_information_columns::R3.Corda ran successfully in 3ms
?[m?[37m[INFO] 12:35:37,265 [Test worker] liquibase. - master.changelog.json: migration/vault-schema.changelog-v7.xml::make_issuer_ref_nullable::R3.Corda: Null constraint dropped from vault_fungible_states.issuer_ref
?[m?[37m[INFO] 12:35:37,265 [Test worker] liquibase. - master.changelog.json: migration/vault-schema.changelog-v7.xml::make_issuer_ref_nullable::R3.Corda: ChangeSet migration/vault-schema.changelog-v7.xml::make_issuer_ref_nullable::R3.Corda ran successfully in 1ms
?[m?[37m[INFO] 12:35:37,266 [Test worker] liquibase. - master.changelog.json: migration/vault-schema.changelog-v8.xml::create-external-id-to-state-party-view::R3.Corda: Table state_party created
?[m?[37m[INFO] 12:35:37,267 [Test worker] liquibase. - master.changelog.json: migration/vault-schema.changelog-v8.xml::create-external-id-to-state-party-view::R3.Corda: Index state_pk_hash_idx created
?[m?[37m[INFO] 12:35:37,267 [Test worker] liquibase. - master.changelog.json: migration/vault-schema.changelog-v8.xml::create-external-id-to-state-party-view::R3.Corda: Table pk_hash_to_ext_id_map created
?[m?[37m[INFO] 12:35:37,267 [Test worker] liquibase. - master.changelog.json: migration/vault-schema.changelog-v8.xml::create-external-id-to-state-party-view::R3.Corda: Index pk_hash_to_xid_idx created
?[m?[37m[INFO] 12:35:37,269 [Test worker] liquibase. - master.changelog.json: migration/vault-schema.changelog-v8.xml::create-external-id-to-state-party-view::R3.Corda: View v_pkey_hash_ex_id_map created
?[m?[37m[INFO] 12:35:37,269 [Test worker] liquibase. - master.changelog.json: migration/vault-schema.changelog-v8.xml::create-external-id-to-state-party-view::R3.Corda: ChangeSet migration/vault-schema.changelog-v8.xml::create-external-id-to-state-party-view::R3.Corda ran successfully in 3ms
?[m?[37m[INFO] 12:35:37,271 [Test worker] liquibase. - master.changelog.json: migration/node-info.changelog-init.xml::1511451595465-4::R3.Corda: Table node_link_nodeinfo_party created
?[m?[37m[INFO] 12:35:37,271 [Test worker] liquibase. - master.changelog.json: migration/node-info.changelog-init.xml::1511451595465-4::R3.Corda: ChangeSet migration/node-info.changelog-init.xml::1511451595465-4::R3.Corda ran successfully in 1ms
?[m?[37m[INFO] 12:35:37,272 [Test worker] liquibase. - master.changelog.json: migration/node-info.changelog-init.xml::1511451595465-10::R3.Corda: Table node_info_hosts created
?[m?[37m[INFO] 12:35:37,272 [Test worker] liquibase. - master.changelog.json: migration/node-info.changelog-init.xml::1511451595465-10::R3.Corda: ChangeSet migration/node-info.changelog-init.xml::1511451595465-10::R3.Corda ran successfully in 0ms
?[m?[37m[INFO] 12:35:37,274 [Test worker] liquibase. - master.changelog.json: migration/node-info.changelog-init.xml::1511451595465-11::R3.Corda: Table node_info_party_cert created
?[m?[37m[INFO] 12:35:37,274 [Test worker] liquibase. - master.changelog.json: migration/node-info.changelog-init.xml::1511451595465-11::R3.Corda: ChangeSet migration/node-info.changelog-init.xml::1511451595465-11::R3.Corda ran successfully in 1ms
?[m?[37m[INFO] 12:35:37,275 [Test worker] liquibase. - master.changelog.json: migration/node-info.changelog-init.xml::1511451595465-12::R3.Corda: Table node_infos created
?[m?[37m[INFO] 12:35:37,275 [Test worker] liquibase. - master.changelog.json: migration/node-info.changelog-init.xml::1511451595465-12::R3.Corda: ChangeSet migration/node-info.changelog-init.xml::1511451595465-12::R3.Corda ran successfully in 0ms
?[m?[37m[INFO] 12:35:37,276 [Test worker] liquibase. - master.changelog.json: migration/node-info.changelog-init.xml::1511451595465-35::R3.Corda: Primary key added to node_info_hosts (host, port)
?[m?[37m[INFO] 12:35:37,276 [Test worker] liquibase. - master.changelog.json: migration/node-info.changelog-init.xml::1511451595465-35::R3.Corda: ChangeSet migration/node-info.changelog-init.xml::1511451595465-35::R3.Corda ran successfully in 0ms
?[m?[37m[INFO] 12:35:37,278 [Test worker] liquibase. - master.changelog.json: migration/node-info.changelog-init.xml::1511451595465-36::R3.Corda: Primary key added to node_info_party_cert (party_name)
?[m?[37m[INFO] 12:35:37,278 [Test worker] liquibase. - master.changelog.json: migration/node-info.changelog-init.xml::1511451595465-36::R3.Corda: ChangeSet migration/node-info.changelog-init.xml::1511451595465-36::R3.Corda ran successfully in 0ms
?[m?[37m[INFO] 12:35:37,280 [Test worker] liquibase. - master.changelog.json: migration/node-info.changelog-init.xml::1511451595465-37::R3.Corda: Primary key added to node_infos (node_info_id)
?[m?[37m[INFO] 12:35:37,280 [Test worker] liquibase. - master.changelog.json: migration/node-info.changelog-init.xml::1511451595465-37::R3.Corda: ChangeSet migration/node-info.changelog-init.xml::1511451595465-37::R3.Corda ran successfully in 0ms
?[m?[37m[INFO] 12:35:37,282 [Test worker] liquibase. - master.changelog.json: migration/node-info.changelog-init.xml::1511451595465-62::R3.Corda: Foreign key constraint added to node_link_nodeinfo_party (node_info_id)
?[m?[37m[INFO] 12:35:37,282 [Test worker] liquibase. - master.changelog.json: migration/node-info.changelog-init.xml::1511451595465-62::R3.Corda: ChangeSet migration/node-info.changelog-init.xml::1511451595465-62::R3.Corda ran successfully in 0ms
?[m?[37m[INFO] 12:35:37,284 [Test worker] liquibase. - master.changelog.json: migration/node-info.changelog-init.xml::1511451595465-63::R3.Corda: Foreign key constraint added to node_info_hosts (node_info_id)
?[m?[37m[INFO] 12:35:37,284 [Test worker] liquibase. - master.changelog.json: migration/node-info.changelog-init.xml::1511451595465-63::R3.Corda: ChangeSet migration/node-info.changelog-init.xml::1511451595465-63::R3.Corda ran successfully in 0ms
?[m?[37m[INFO] 12:35:37,286 [Test worker] liquibase. - master.changelog.json: migration/node-info.changelog-init.xml::remove_host_port_pk::R3.Corda: Data deleted from node_infos
?[m?[37m[INFO] 12:35:37,286 [Test worker] liquibase. - master.changelog.json: migration/node-info.changelog-init.xml::remove_host_port_pk::R3.Corda: Data deleted from node_link_nodeinfo_party
?[m?[37m[INFO] 12:35:37,286 [Test worker] liquibase. - master.changelog.json: migration/node-info.changelog-init.xml::remove_host_port_pk::R3.Corda: Data deleted from node_info_hosts
?[m?[37m[INFO] 12:35:37,286 [Test worker] liquibase. - master.changelog.json: migration/node-info.changelog-init.xml::remove_host_port_pk::R3.Corda: Data deleted from node_info_party_cert
?[m?[37m[INFO] 12:35:37,286 [Test worker] liquibase. - master.changelog.json: migration/node-info.changelog-init.xml::remove_host_port_pk::R3.Corda: Primary key dropped from node_info_hosts
?[m?[37m[INFO] 12:35:37,288 [Test worker] liquibase. - master.changelog.json: migration/node-info.changelog-init.xml::remove_host_port_pk::R3.Corda: Columns hosts_id(INT) added to node_info_hosts
?[m?[37m[INFO] 12:35:37,288 [Test worker] liquibase. - master.changelog.json: migration/node-info.changelog-init.xml::remove_host_port_pk::R3.Corda: Primary key added to node_info_hosts (hosts_id)
?[m?[37m[INFO] 12:35:37,288 [Test worker] liquibase. - master.changelog.json: migration/node-info.changelog-init.xml::remove_host_port_pk::R3.Corda: ChangeSet migration/node-info.changelog-init.xml::remove_host_port_pk::R3.Corda ran successfully in 2ms
?[m?[37m[INFO] 12:35:37,290 [Test worker] liquibase. - master.changelog.json: migration/node-info.changelog-v1.xml::key/value node properties table::R3.Corda: Table node_properties created
?[m?[37m[INFO] 12:35:37,290 [Test worker] liquibase. - master.changelog.json: migration/node-info.changelog-v1.xml::key/value node properties table::R3.Corda: ChangeSet migration/node-info.changelog-v1.xml::key/value node properties table::R3.Corda ran successfully in 1ms
?[m?[37m[INFO] 12:35:37,291 [Test worker] liquibase. - master.changelog.json: migration/node-info.changelog-v2.xml::1525962920::R3.Corda: Null constraint has been added to node_infos.node_info_hash
?[m?[37m[INFO] 12:35:37,291 [Test worker] liquibase. - master.changelog.json: migration/node-info.changelog-v2.xml::1525962920::R3.Corda: Null constraint has been added to node_infos.platform_version
?[m?[37m[INFO] 12:35:37,291 [Test worker] liquibase. - master.changelog.json: migration/node-info.changelog-v2.xml::1525962920::R3.Corda: Null constraint has been added to node_infos.serial
?[m?[37m[INFO] 12:35:37,291 [Test worker] liquibase. - master.changelog.json: migration/node-info.changelog-v2.xml::1525962920::R3.Corda: Null constraint dropped from node_info_hosts.host
?[m?[37m[INFO] 12:35:37,292 [Test worker] liquibase. - master.changelog.json: migration/node-info.changelog-v2.xml::1525962920::R3.Corda: Null constraint dropped from node_info_hosts.port
?[m?[37m[INFO] 12:35:37,292 [Test worker] liquibase. - master.changelog.json: migration/node-info.changelog-v2.xml::1525962920::R3.Corda: Null constraint has been added to node_info_party_cert.owning_key_hash
?[m?[37m[INFO] 12:35:37,292 [Test worker] liquibase. - master.changelog.json: migration/node-info.changelog-v2.xml::1525962920::R3.Corda: Null constraint has been added to node_info_party_cert.party_cert_binary
?[m?[37m[INFO] 12:35:37,292 [Test worker] liquibase. - master.changelog.json: migration/node-info.changelog-v2.xml::1525962920::R3.Corda: ChangeSet migration/node-info.changelog-v2.xml::1525962920::R3.Corda ran successfully in 1ms
?[m?[37m[INFO] 12:35:37,294 [Test worker] liquibase. - master.changelog.json: migration/node-info.changelog-v3.xml::column_host_name::R3.Corda: Column node_info_hosts.host renamed to host_name
?[m?[37m[INFO] 12:35:37,294 [Test worker] liquibase. - master.changelog.json: migration/node-info.changelog-v3.xml::column_host_name::R3.Corda: ChangeSet migration/node-info.changelog-v3.xml::column_host_name::R3.Corda ran successfully in 0ms
?[m?[37m[INFO] 12:35:37,296 [Test worker] liquibase. - master.changelog.json: migration/node-services.changelog-init.xml::1511451595465-5::R3.Corda: Table node_attachments created
?[m?[37m[INFO] 12:35:37,296 [Test worker] liquibase. - master.changelog.json: migration/node-services.changelog-init.xml::1511451595465-5::R3.Corda: ChangeSet migration/node-services.changelog-init.xml::1511451595465-5::R3.Corda ran successfully in 1ms
?[m?[37m[INFO] 12:35:37,297 [Test worker] liquibase. - master.changelog.json: migration/node-services.changelog-init.xml::1511451595465-7::R3.Corda: Table node_checkpoints created
?[m?[37m[INFO] 12:35:37,297 [Test worker] liquibase. - master.changelog.json: migration/node-services.changelog-init.xml::1511451595465-7::R3.Corda: ChangeSet migration/node-services.changelog-init.xml::1511451595465-7::R3.Corda ran successfully in 1ms
?[m?[37m[INFO] 12:35:37,298 [Test worker] liquibase. - master.changelog.json: migration/node-services.changelog-init.xml::1511451595465-8::R3.Corda: Table node_contract_upgrades created
?[m?[37m[INFO] 12:35:37,298 [Test worker] liquibase. - master.changelog.json: migration/node-services.changelog-init.xml::1511451595465-8::R3.Corda: ChangeSet migration/node-services.changelog-init.xml::1511451595465-8::R3.Corda ran successfully in 1ms
?[m?[37m[INFO] 12:35:37,299 [Test worker] liquibase. - master.changelog.json: migration/node-services.changelog-init.xml::1511451595465-9::R3.Corda: Table node_identities created
?[m?[37m[INFO] 12:35:37,299 [Test worker] liquibase. - master.changelog.json: migration/node-services.changelog-init.xml::1511451595465-9::R3.Corda: ChangeSet migration/node-services.changelog-init.xml::1511451595465-9::R3.Corda ran successfully in 0ms
?[m?[37m[INFO] 12:35:37,300 [Test worker] liquibase. - master.changelog.json: migration/node-services.changelog-init.xml::1511451595465-13::R3.Corda: Table node_message_ids created
?[m?[37m[INFO] 12:35:37,300 [Test worker] liquibase. - master.changelog.json: migration/node-services.changelog-init.xml::1511451595465-13::R3.Corda: ChangeSet migration/node-services.changelog-init.xml::1511451595465-13::R3.Corda ran successfully in 0ms
?[m?[37m[INFO] 12:35:37,302 [Test worker] liquibase. - master.changelog.json: migration/node-services.changelog-init.xml::1511451595465-14::R3.Corda: Table node_message_retry created
?[m?[37m[INFO] 12:35:37,302 [Test worker] liquibase. - master.changelog.json: migration/node-services.changelog-init.xml::1511451595465-14::R3.Corda: ChangeSet migration/node-services.changelog-init.xml::1511451595465-14::R3.Corda ran successfully in 0ms
?[m?[37m[INFO] 12:35:37,304 [Test worker] liquibase. - master.changelog.json: migration/node-services.changelog-init.xml::1511451595465-15::R3.Corda: Table node_named_identities created
?[m?[37m[INFO] 12:35:37,304 [Test worker] liquibase. - master.changelog.json: migration/node-services.changelog-init.xml::1511451595465-15::R3.Corda: ChangeSet migration/node-services.changelog-init.xml::1511451595465-15::R3.Corda ran successfully in 1ms
?[m?[37m[INFO] 12:35:37,306 [Test worker] liquibase. - master.changelog.json: migration/node-services.changelog-init.xml::1511451595465-17::R3.Corda: Table node_our_key_pairs created
?[m?[37m[INFO] 12:35:37,306 [Test worker] liquibase. - master.changelog.json: migration/node-services.changelog-init.xml::1511451595465-17::R3.Corda: ChangeSet migration/node-services.changelog-init.xml::1511451595465-17::R3.Corda ran successfully in 1ms
?[m?[37m[INFO] 12:35:37,307 [Test worker] liquibase. - master.changelog.json: migration/node-services.changelog-init.xml::1511451595465-19::R3.Corda: Table node_scheduled_states created
?[m?[37m[INFO] 12:35:37,307 [Test worker] liquibase. - master.changelog.json: migration/node-services.changelog-init.xml::1511451595465-19::R3.Corda: ChangeSet migration/node-services.changelog-init.xml::1511451595465-19::R3.Corda ran successfully in 0ms
?[m?[37m[INFO] 12:35:37,309 [Test worker] liquibase. - master.changelog.json: migration/node-services.changelog-init.xml::1511451595465-20::R3.Corda: Table node_transaction_mappings created
?[m?[37m[INFO] 12:35:37,309 [Test worker] liquibase. - master.changelog.json: migration/node-services.changelog-init.xml::1511451595465-20::R3.Corda: ChangeSet migration/node-services.changelog-init.xml::1511451595465-20::R3.Corda ran successfully in 1ms
?[m?[37m[INFO] 12:35:37,310 [Test worker] liquibase. - master.changelog.json: migration/node-services.changelog-init.xml::1511451595465-21::R3.Corda: Table node_transactions created
?[m?[37m[INFO] 12:35:37,310 [Test worker] liquibase. - master.changelog.json: migration/node-services.changelog-init.xml::1511451595465-21::R3.Corda: ChangeSet migration/node-services.changelog-init.xml::1511451595465-21::R3.Corda ran successfully in 0ms
?[m?[37m[INFO] 12:35:37,311 [Test worker] liquibase. - master.changelog.json: migration/node-services.changelog-init.xml::1511451595465-30::R3.Corda: Primary key added to node_attachments (att_id)
?[m?[37m[INFO] 12:35:37,311 [Test worker] liquibase. - master.changelog.json: migration/node-services.changelog-init.xml::1511451595465-30::R3.Corda: ChangeSet migration/node-services.changelog-init.xml::1511451595465-30::R3.Corda ran successfully in 0ms
?[m?[37m[INFO] 12:35:37,312 [Test worker] liquibase. - master.changelog.json: migration/node-services.changelog-init.xml::1511451595465-32::R3.Corda: Primary key added to node_checkpoints (checkpoint_id)
?[m?[37m[INFO] 12:35:37,312 [Test worker] liquibase. - master.changelog.json: migration/node-services.changelog-init.xml::1511451595465-32::R3.Corda: ChangeSet migration/node-services.changelog-init.xml::1511451595465-32::R3.Corda ran successfully in 0ms
?[m?[37m[INFO] 12:35:37,313 [Test worker] liquibase. - master.changelog.json: migration/node-services.changelog-init.xml::1511451595465-33::R3.Corda: Primary key added to node_contract_upgrades (state_ref)
?[m?[37m[INFO] 12:35:37,313 [Test worker] liquibase. - master.changelog.json: migration/node-services.changelog-init.xml::1511451595465-33::R3.Corda: ChangeSet migration/node-services.changelog-init.xml::1511451595465-33::R3.Corda ran successfully in 0ms
?[m?[37m[INFO] 12:35:37,315 [Test worker] liquibase. - master.changelog.json: migration/node-services.changelog-init.xml::1511451595465-34::R3.Corda: Primary key added to node_identities (pk_hash)
?[m?[37m[INFO] 12:35:37,315 [Test worker] liquibase. - master.changelog.json: migration/node-services.changelog-init.xml::1511451595465-34::R3.Corda: ChangeSet migration/node-services.changelog-init.xml::1511451595465-34::R3.Corda ran successfully in 0ms
?[m?[37m[INFO] 12:35:37,316 [Test worker] liquibase. - master.changelog.json: migration/node-services.changelog-init.xml::1511451595465-38::R3.Corda: Primary key added to node_message_ids (message_id)
?[m?[37m[INFO] 12:35:37,316 [Test worker] liquibase. - master.changelog.json: migration/node-services.changelog-init.xml::1511451595465-38::R3.Corda: ChangeSet migration/node-services.changelog-init.xml::1511451595465-38::R3.Corda ran successfully in 0ms
?[m?[37m[INFO] 12:35:37,317 [Test worker] liquibase. - master.changelog.json: migration/node-services.changelog-init.xml::1511451595465-39::R3.Corda: Primary key added to node_message_retry (message_id)
?[m?[37m[INFO] 12:35:37,317 [Test worker] liquibase. - master.changelog.json: migration/node-services.changelog-init.xml::1511451595465-39::R3.Corda: ChangeSet migration/node-services.changelog-init.xml::1511451595465-39::R3.Corda ran successfully in 0ms
?[m?[37m[INFO] 12:35:37,319 [Test worker] liquibase. - master.changelog.json: migration/node-services.changelog-init.xml::1511451595465-40::R3.Corda: Primary key added to node_named_identities (name)
?[m?[37m[INFO] 12:35:37,319 [Test worker] liquibase. - master.changelog.json: migration/node-services.changelog-init.xml::1511451595465-40::R3.Corda: ChangeSet migration/node-services.changelog-init.xml::1511451595465-40::R3.Corda ran successfully in 1ms
?[m?[37m[INFO] 12:35:37,320 [Test worker] liquibase. - master.changelog.json: migration/node-services.changelog-init.xml::1511451595465-42::R3.Corda: Primary key added to node_our_key_pairs (public_key_hash)
?[m?[37m[INFO] 12:35:37,320 [Test worker] liquibase. - master.changelog.json: migration/node-services.changelog-init.xml::1511451595465-42::R3.Corda: ChangeSet migration/node-services.changelog-init.xml::1511451595465-42::R3.Corda ran successfully in 0ms
?[m?[37m[INFO] 12:35:37,322 [Test worker] liquibase. - master.changelog.json: migration/node-services.changelog-init.xml::1511451595465-44::R3.Corda: Primary key added to node_scheduled_states (output_index, transaction_id)
?[m?[37m[INFO] 12:35:37,322 [Test worker] liquibase. - master.changelog.json: migration/node-services.changelog-init.xml::1511451595465-44::R3.Corda: ChangeSet migration/node-services.changelog-init.xml::1511451595465-44::R3.Corda ran successfully in 1ms
?[m?[37m[INFO] 12:35:37,323 [Test worker] liquibase. - master.changelog.json: migration/node-services.changelog-init.xml::1511451595465-45::R3.Corda: Primary key added to node_transaction_mappings (tx_id)
?[m?[37m[INFO] 12:35:37,323 [Test worker] liquibase. - master.changelog.json: migration/node-services.changelog-init.xml::1511451595465-45::R3.Corda: ChangeSet migration/node-services.changelog-init.xml::1511451595465-45::R3.Corda ran successfully in 0ms
?[m?[37m[INFO] 12:35:37,325 [Test worker] liquibase. - master.changelog.json: migration/node-services.changelog-init.xml::1511451595465-46::R3.Corda: Primary key added to node_transactions (tx_id)
?[m?[37m[INFO] 12:35:37,325 [Test worker] liquibase. - master.changelog.json: migration/node-services.changelog-init.xml::1511451595465-46::R3.Corda: ChangeSet migration/node-services.changelog-init.xml::1511451595465-46::R3.Corda ran successfully in 0ms
?[m?[37m[INFO] 12:35:37,327 [Test worker] liquibase. - master.changelog.json: migration/node-services.changelog-init.xml::1511451595465-61::R3.Corda: Foreign key constraint added to node_link_nodeinfo_party (party_name)
?[m?[37m[INFO] 12:35:37,327 [Test worker] liquibase. - master.changelog.json: migration/node-services.changelog-init.xml::1511451595465-61::R3.Corda: ChangeSet migration/node-services.changelog-init.xml::1511451595465-61::R3.Corda ran successfully in 1ms
?[m?[37m[INFO] 12:35:37,330 [Test worker] liquibase. - master.changelog.json: migration/node-services.changelog-init.xml::add index att_id::R3.Corda: Index att_id_idx created
?[m?[37m[INFO] 12:35:37,330 [Test worker] liquibase. - master.changelog.json: migration/node-services.changelog-init.xml::add index att_id::R3.Corda: ChangeSet migration/node-services.changelog-init.xml::add index att_id::R3.Corda ran successfully in 1ms
?[m?[37m[INFO] 12:35:37,332 [Test worker] liquibase. - master.changelog.json: migration/node-services.changelog-init.xml::add_contract_attachment::R3.Corda: Table node_attchments_contracts created
?[m?[37m[INFO] 12:35:37,333 [Test worker] liquibase. - master.changelog.json: migration/node-services.changelog-init.xml::add_contract_attachment::R3.Corda: Foreign key constraint added to node_attchments_contracts (att_id)
?[m?[37m[INFO] 12:35:37,333 [Test worker] liquibase. - master.changelog.json: migration/node-services.changelog-init.xml::add_contract_attachment::R3.Corda: Data deleted from node_attachments
?[m?[37m[INFO] 12:35:37,333 [Test worker] liquibase. - master.changelog.json: migration/node-services.changelog-init.xml::add_contract_attachment::R3.Corda: ChangeSet migration/node-services.changelog-init.xml::add_contract_attachment::R3.Corda ran successfully in 1ms
?[m?[37m[INFO] 12:35:37,339 [Test worker] liquibase. - master.changelog.json: migration/node-services.changelog-init.xml::add_dedup_columns::R3.Corda: Columns sender(NVARCHAR(64)),sequence_number(BIGINT) added to node_message_ids
?[m?[37m[INFO] 12:35:37,339 [Test worker] liquibase. - master.changelog.json: migration/node-services.changelog-init.xml::add_dedup_columns::R3.Corda: ChangeSet migration/node-services.changelog-init.xml::add_dedup_columns::R3.Corda ran successfully in 4ms
?[m?[37m[INFO] 12:35:37,341 [Test worker] liquibase. - master.changelog.json: migration/node-core.changelog-v4.xml::attchments_rename::R3.Corda: Table node_attchments_contracts renamed to node_attachments_contracts
?[m?[37m[INFO] 12:35:37,341 [Test worker] liquibase. - master.changelog.json: migration/node-core.changelog-v4.xml::attchments_rename::R3.Corda: ChangeSet migration/node-core.changelog-v4.xml::attchments_rename::R3.Corda ran successfully in 1ms
?[m?[37m[INFO] 12:35:37,344 [Test worker] liquibase. - master.changelog.json: migration/node-core.changelog-v4.xml::nullability::R3.Corda: Null constraint has been added to node_identities.identity_value
?[m?[37m[INFO] 12:35:37,344 [Test worker] liquibase. - master.changelog.json: migration/node-core.changelog-v4.xml::nullability::R3.Corda: Null constraint has been added to node_attachments.content
?[m?[37m[INFO] 12:35:37,344 [Test worker] liquibase. - master.changelog.json: migration/node-core.changelog-v4.xml::nullability::R3.Corda: Null constraint has been added to node_attachments_contracts.contract_class_name
?[m?[37m[INFO] 12:35:37,344 [Test worker] liquibase. - master.changelog.json: migration/node-core.changelog-v4.xml::nullability::R3.Corda: Null constraint has been added to node_checkpoints.checkpoint_value
?[m?[37m[INFO] 12:35:37,344 [Test worker] liquibase. - master.changelog.json: migration/node-core.changelog-v4.xml::nullability::R3.Corda: Null constraint has been added to node_contract_upgrades.contract_class_name
?[m?[37m[INFO] 12:35:37,345 [Test worker] liquibase. - master.changelog.json: migration/node-core.changelog-v4.xml::nullability::R3.Corda: Null constraint has been added to node_message_ids.insertion_time
?[m?[37m[INFO] 12:35:37,345 [Test worker] liquibase. - master.changelog.json: migration/node-core.changelog-v4.xml::nullability::R3.Corda: Null constraint has been added to node_message_retry.message
?[m?[37m[INFO] 12:35:37,345 [Test worker] liquibase. - master.changelog.json: migration/node-core.changelog-v4.xml::nullability::R3.Corda: Null constraint has been added to node_message_retry.recipients
?[m?[37m[INFO] 12:35:37,345 [Test worker] liquibase. - master.changelog.json: migration/node-core.changelog-v4.xml::nullability::R3.Corda: Null constraint has been added to node_named_identities.pk_hash
?[m?[37m[INFO] 12:35:37,345 [Test worker] liquibase. - master.changelog.json: migration/node-core.changelog-v4.xml::nullability::R3.Corda: Null constraint has been added to node_our_key_pairs.private_key
?[m?[37m[INFO] 12:35:37,345 [Test worker] liquibase. - master.changelog.json: migration/node-core.changelog-v4.xml::nullability::R3.Corda: Null constraint has been added to node_our_key_pairs.public_key
?[m?[37m[INFO] 12:35:37,345 [Test worker] liquibase. - master.changelog.json: migration/node-core.changelog-v4.xml::nullability::R3.Corda: Null constraint has been added to node_transaction_mappings.state_machine_run_id
?[m?[37m[INFO] 12:35:37,346 [Test worker] liquibase. - master.changelog.json: migration/node-core.changelog-v4.xml::nullability::R3.Corda: Null constraint has been added to node_transactions.transaction_value
?[m?[37m[INFO] 12:35:37,346 [Test worker] liquibase. - master.changelog.json: migration/node-core.changelog-v4.xml::nullability::R3.Corda: ChangeSet migration/node-core.changelog-v4.xml::nullability::R3.Corda ran successfully in 3ms
?[m?[37m[INFO] 12:35:37,348 [Test worker] liquibase. - master.changelog.json: migration/node-core.changelog-v5.xml::remove_unused_node_message_retry::R3.Corda: Table node_message_retry dropped
?[m?[37m[INFO] 12:35:37,348 [Test worker] liquibase. - master.changelog.json: migration/node-core.changelog-v5.xml::remove_unused_node_message_retry::R3.Corda: ChangeSet migration/node-core.changelog-v5.xml::remove_unused_node_message_retry::R3.Corda ran successfully in 1ms
?[m?[37m[INFO] 12:35:37,367 [Test worker] liquibase. - master.changelog.json: migration/node-core.changelog-v8.xml::conditional_attchments_rename::R3.Corda: Marking ChangeSet: migration/node-core.changelog-v8.xml::conditional_attchments_rename::R3.Corda ran despite precondition failure due to onFail='MARK_RAN': 
          master.changelog.json : Table PUBLIC.NODE_ATTCHMENTS_CONTRACTS does not exist

?[m?[37m[INFO] 12:35:37,378 [Test worker] liquibase. - master.changelog.json: migration/node-core.changelog-v8.xml::conditional_attchments_contracts::R3.Corda: Marking ChangeSet: migration/node-core.changelog-v8.xml::conditional_attchments_contracts::R3.Corda ran despite precondition failure due to onFail='MARK_RAN': 
          master.changelog.json : Table PUBLIC.NODE_ATTACHMENTS_CONTRACT_CLASS_NAME does not exist

?[m?[37m[INFO] 12:35:37,381 [Test worker] liquibase. - master.changelog.json: migration/node-core.changelog-v8.xml::add_signers::R3.Corda: Table node_attachments_signers created
?[m?[37m[INFO] 12:35:37,382 [Test worker] liquibase. - master.changelog.json: migration/node-core.changelog-v8.xml::add_signers::R3.Corda: Foreign key constraint added to node_attachments_signers (att_id)
?[m?[37m[INFO] 12:35:37,382 [Test worker] liquibase. - master.changelog.json: migration/node-core.changelog-v8.xml::add_signers::R3.Corda: ChangeSet migration/node-core.changelog-v8.xml::add_signers::R3.Corda ran successfully in 2ms
?[m?[37m[INFO] 12:35:37,386 [Test worker] liquibase. - master.changelog.json: migration/node-core.changelog-tx-mapping.xml::add_tx_mapping_column::R3.Corda: Columns state_machine_run_id(NVARCHAR(36)) added to node_transactions
?[m?[37m[INFO] 12:35:37,386 [Test worker] liquibase. - master.changelog.json: migration/node-core.changelog-tx-mapping.xml::add_tx_mapping_column::R3.Corda: Custom SQL executed
?[m?[37m[INFO] 12:35:37,387 [Test worker] liquibase. - master.changelog.json: migration/node-core.changelog-tx-mapping.xml::add_tx_mapping_column::R3.Corda: Table node_transaction_mappings dropped
?[m?[37m[INFO] 12:35:37,387 [Test worker] liquibase. - master.changelog.json: migration/node-core.changelog-tx-mapping.xml::add_tx_mapping_column::R3.Corda: ChangeSet migration/node-core.changelog-tx-mapping.xml::add_tx_mapping_column::R3.Corda ran successfully in 4ms
?[m?[37m[INFO] 12:35:37,389 [Test worker] liquibase. - master.changelog.json: migration/node-services.changelog-init.xml::add_network_parameters_storage::R3.Corda: Table node_network_parameters created
?[m?[37m[INFO] 12:35:37,390 [Test worker] liquibase. - master.changelog.json: migration/node-services.changelog-init.xml::add_network_parameters_storage::R3.Corda: ChangeSet migration/node-services.changelog-init.xml::add_network_parameters_storage::R3.Corda ran successfully in 2ms
?[m?[37m[INFO] 12:35:37,392 [Test worker] liquibase. - master.changelog.json: migration/node-services.changelog-init.xml::network_parameters_pk::R3.Corda: Primary key added to node_network_parameters (hash)
?[m?[37m[INFO] 12:35:37,392 [Test worker] liquibase. - master.changelog.json: migration/node-services.changelog-init.xml::network_parameters_pk::R3.Corda: ChangeSet migration/node-services.changelog-init.xml::network_parameters_pk::R3.Corda ran successfully in 1ms
?[m?[37m[INFO] 12:35:37,396 [Test worker] liquibase. - master.changelog.json: migration/node-services.changelog-init.xml::add_version_column::R3.Corda: Columns version(INT) added to node_attachments
?[m?[37m[INFO] 12:35:37,396 [Test worker] liquibase. - master.changelog.json: migration/node-services.changelog-init.xml::add_version_column::R3.Corda: Custom SQL executed
?[m?[37m[INFO] 12:35:37,397 [Test worker] liquibase. - master.changelog.json: migration/node-services.changelog-init.xml::add_version_column::R3.Corda: Null constraint has been added to node_attachments.version
?[m?[37m[INFO] 12:35:37,397 [Test worker] liquibase. - master.changelog.json: migration/node-services.changelog-init.xml::add_version_column::R3.Corda: ChangeSet migration/node-services.changelog-init.xml::add_version_column::R3.Corda ran successfully in 4ms
?[m?[37m[INFO] 12:35:37,398 [Test worker] persistence.AttachmentVersionNumberMigration. - Start executing...
?[m?[37m[INFO] 12:35:37,400 [Test worker] persistence.AttachmentVersionNumberMigration. - Attachment version creation from whitelisted JARs using network parameters from build\mock-network\20190412-153534.672\nodes\2\network-parameters, whitelistedContractImplementations: {}.
?[m?[37m[INFO] 12:35:37,400 [Test worker] persistence.AttachmentVersionNumberMigration. - Attachment version creation from whitelisted JARs skipped, no attachments not found.
?[m?[37m[INFO] 12:35:37,400 [Test worker] liquibase. - master.changelog.json: migration/node-services.changelog-init.xml::update-version-of-whitelisted-jars::R3.Corda: null
?[m?[37m[INFO] 12:35:37,400 [Test worker] liquibase. - master.changelog.json: migration/node-services.changelog-init.xml::update-version-of-whitelisted-jars::R3.Corda: ChangeSet migration/node-services.changelog-init.xml::update-version-of-whitelisted-jars::R3.Corda ran successfully in 2ms
?[m?[37m[INFO] 12:35:37,401 [Test worker] migration.VaultStateMigration. - Migrating vault state data to V4 tables
?[m?[37m[INFO] 12:35:37,404 [Test worker] persistence.HibernateConfiguration. - Init HibernateConfiguration for schemas: [VaultMigrationSchemaV1(name=net.corda.node.migration.VaultMigrationSchema, version=1), VaultSchemaV1(name=net.corda.node.services.vault.VaultSchema, version=1)]
?[m?[37m[INFO] 12:35:37,404 [Test worker] persistence.HibernateConfiguration. - Creating session factory for schemas: [VaultMigrationSchemaV1(name=net.corda.node.migration.VaultMigrationSchema, version=1), VaultSchemaV1(name=net.corda.node.services.vault.VaultSchema, version=1)]
?[m?[37m[INFO] 12:35:37,412 [Test worker] internal.ConnectionProviderInitiator. - HHH000130: Instantiating explicit connection provider: net.corda.nodeapi.internal.persistence.HibernateConfiguration$NodeDatabaseConnectionProvider
?[m?[37m[INFO] 12:35:37,413 [Test worker] dialect.Dialect. - HHH000400: Using dialect: org.hibernate.dialect.H2Dialect
?[m?[37m[INFO] 12:35:37,416 [Test worker] type.BasicTypeRegistry. - HHH000270: Type registration [materialized_blob] overrides previous : org.hibernate.type.MaterializedBlobType@61c329e6
?[m?[37m[INFO] 12:35:37,459 [Test worker] connections.access. - HHH10001501: Connection obtained from JdbcConnectionAccess [org.hibernate.engine.jdbc.env.internal.JdbcEnvironmentInitiator$ConnectionProviderJdbcConnectionAccess@1f549e59] for (non-JTA) DDL execution was not in auto-commit mode; the Connection 'local transaction' will be committed and the Connection will be set into auto-commit mode.
?[m?[37m[INFO] 12:35:37,494 [Test worker] persistence.HibernateConfiguration. - Created session factory for schemas: [VaultMigrationSchemaV1(name=net.corda.node.migration.VaultMigrationSchema, version=1), VaultSchemaV1(name=net.corda.node.services.vault.VaultSchema, version=1)]
?[m?[37m[INFO] 12:35:37,495 [Test worker] internal.QueryTranslatorFactoryInitiator. - HHH000397: Using ASTQueryTranslatorFactory
?[m?[37m[INFO] 12:35:37,502 [Test worker] migration.VaultStateMigration. - Finished performing vault state data migration for 0 states
?[m?[37m[INFO] 12:35:37,502 [Test worker] liquibase. - master.changelog.json: migration/vault-schema.changelog-v9.xml::update-vault-states::R3.Corda: null
?[m?[37m[INFO] 12:35:37,502 [Test worker] liquibase. - master.changelog.json: migration/vault-schema.changelog-v9.xml::update-vault-states::R3.Corda: ChangeSet migration/vault-schema.changelog-v9.xml::update-vault-states::R3.Corda ran successfully in 101ms
?[m?[37m[INFO] 12:35:37,504 [Test worker] liquibase. - Successfully released change log lock
?[m?[37m[INFO] 12:35:37,505 [Test worker] internal.InternalMockNetwork$MockNode. - Connected to H2 database.
?[m?[37m[INFO] 12:35:37,505 [Test worker] internal.InternalMockNetwork$MockNode. - identity-private-key not found in key store, generating fresh key!
?[m?[37m[INFO] 12:35:37,528 [Test worker] persistence.HibernateConfiguration. - Init HibernateConfiguration for schemas: [CommonSchemaV1(name=net.corda.core.schemas.CommonSchema, version=1), VaultSchemaV1(name=net.corda.node.services.vault.VaultSchema, version=1), NodeInfoSchemaV1(name=net.corda.node.internal.schemas.NodeInfoSchema, version=1), NodeCoreV1(name=net.corda.node.services.schema.NodeSchemaService$NodeCore, version=1), IOUSchemaV1(name=com.example.schema.IOUSchema, version=1)]
?[m?[37m[INFO] 12:35:37,528 [Test worker] persistence.HibernateConfiguration. - Creating session factory for schemas: [CommonSchemaV1(name=net.corda.core.schemas.CommonSchema, version=1), VaultSchemaV1(name=net.corda.node.services.vault.VaultSchema, version=1), NodeInfoSchemaV1(name=net.corda.node.internal.schemas.NodeInfoSchema, version=1), NodeCoreV1(name=net.corda.node.services.schema.NodeSchemaService$NodeCore, version=1), IOUSchemaV1(name=com.example.schema.IOUSchema, version=1)]
?[m?[37m[INFO] 12:35:37,534 [Test worker] internal.ConnectionProviderInitiator. - HHH000130: Instantiating explicit connection provider: net.corda.nodeapi.internal.persistence.HibernateConfiguration$NodeDatabaseConnectionProvider
?[m?[37m[INFO] 12:35:37,534 [Test worker] dialect.Dialect. - HHH000400: Using dialect: org.hibernate.dialect.H2Dialect
?[m?[37m[INFO] 12:35:37,536 [Test worker] type.BasicTypeRegistry. - HHH000270: Type registration [materialized_blob] overrides previous : org.hibernate.type.MaterializedBlobType@61c329e6
?[m?[37m[INFO] 12:35:37,586 [Test worker] connections.access. - HHH10001501: Connection obtained from JdbcConnectionAccess [org.hibernate.engine.jdbc.env.internal.JdbcEnvironmentInitiator$ConnectionProviderJdbcConnectionAccess@3a7358b2] for (non-JTA) DDL execution was not in auto-commit mode; the Connection 'local transaction' will be committed and the Connection will be set into auto-commit mode.
?[m?[37m[INFO] 12:35:37,627 [Test worker] persistence.HibernateConfiguration. - Created session factory for schemas: [CommonSchemaV1(name=net.corda.core.schemas.CommonSchema, version=1), VaultSchemaV1(name=net.corda.node.services.vault.VaultSchema, version=1), NodeInfoSchemaV1(name=net.corda.node.internal.schemas.NodeInfoSchema, version=1), NodeCoreV1(name=net.corda.node.services.schema.NodeSchemaService$NodeCore, version=1), IOUSchemaV1(name=com.example.schema.IOUSchema, version=1)]
?[m?[37m[INFO] 12:35:37,629 [Test worker] internal.QueryTranslatorFactoryInitiator. - HHH000397: Using ASTQueryTranslatorFactory
?[m?[37m[INFO] 12:35:37,632 [Test worker] internal.InternalMockNetwork$MockNode. - Node-info has changed so submitting update. Old node-info was null
?[m?[37m[INFO] 12:35:37,632 [Test worker] network.PersistentNetworkMapCache. - Adding node with info: NodeInfo(addresses=[mock.node:1000], legalIdentitiesAndCerts=[O=Mock Company 2, L=London, C=GB], platformVersion=4, serial=1555083337632)
?[m?[37m[INFO] 12:35:37,633 [Test worker] network.PersistentNetworkMapCache. - No previous node found
?[m?[37m[INFO] 12:35:37,637 [Test worker] internal.InternalMockNetwork$MockNode. - New node-info: NodeInfo(addresses=[mock.node:1000], legalIdentitiesAndCerts=[O=Mock Company 2, L=London, C=GB], platformVersion=4, serial=1555083337632)
?[m?[37m[INFO] 12:35:37,649 [Test worker] network.NetworkMapUpdater. - Auto-accept enabled for network parameter changes which modify only: [epoch, modifiedTime, packageOwnership, whitelistedContractImplementations]
?[m?[37m[INFO] 12:35:37,653 [MockNode-6-2] network.PersistentNetworkMapCache. - Adding node with info: NodeInfo(addresses=[mock.node:1000], legalIdentitiesAndCerts=[O=Mock Company 2, L=London, C=GB], platformVersion=4, serial=1555083337632)
?[m?[37m[INFO] 12:35:37,675 [MockNode-6-2] network.PersistentNetworkMapCache. - Previous node was identical to incoming one - doing nothing
?[m?[37m[INFO] 12:35:37,786 [Test worker] ClassloaderUtils. - Contracts loading for 'C:\Users\Daniel\AppData\Local\Temp\attachment4137807417406461635.jar' took 23 msec
?[m?[37m[INFO] 12:35:37,794 [Test worker] persistence.NodeAttachmentService. - Stored new attachment: id=068D846C052E681003228A05005925CB3EC9DBFEDDFDA00048D0BB87F1ED69B0 uploader=app filename=null
?[m?[37m[INFO] 12:35:37,801 [Test worker] statemachine.SingleThreadedStateMachineManager. - Node ready, info: NodeInfo(addresses=[mock.node:1000], legalIdentitiesAndCerts=[O=Mock Company 2, L=London, C=GB], platformVersion=4, serial=1555083337632)
?[m?[37m[INFO] 12:35:37,804 [Test worker] network.PersistentNetworkMapCache. - Adding node with info: NodeInfo(addresses=[mock.node:1000], legalIdentitiesAndCerts=[O=Notary Service, L=Zurich, C=CH], platformVersion=4, serial=1555083335687)
?[m?[37m[INFO] 12:35:37,805 [Test worker] network.PersistentNetworkMapCache. - No previous node found
?[m?[37m[INFO] 12:35:37,814 [Test worker] network.PersistentNetworkMapCache. - Adding node with info: NodeInfo(addresses=[mock.node:1000], legalIdentitiesAndCerts=[O=Mock Company 2, L=London, C=GB], platformVersion=4, serial=1555083337632)
?[m?[37m[INFO] 12:35:37,815 [Test worker] network.PersistentNetworkMapCache. - No previous node found
?[m?[37m[INFO] 12:35:37,825 [Test worker] network.PersistentNetworkMapCache. - Adding node with info: NodeInfo(addresses=[mock.node:1000], legalIdentitiesAndCerts=[O=Mock Company 1, L=London, C=GB], platformVersion=4, serial=1555083336673)
?[m?[37m[INFO] 12:35:37,826 [Test worker] network.PersistentNetworkMapCache. - No previous node found
?[m?[37m[INFO] 12:35:37,836 [Test worker] network.PersistentNetworkMapCache. - Adding node with info: NodeInfo(addresses=[mock.node:1000], legalIdentitiesAndCerts=[O=Mock Company 2, L=London, C=GB], platformVersion=4, serial=1555083337632)
?[m?[37m[INFO] 12:35:37,837 [Test worker] network.PersistentNetworkMapCache. - No previous node found
?[m?[37m[INFO] 12:35:37,846 [Test worker] network.PersistentNetworkMapCache. - Adding node with info: NodeInfo(addresses=[mock.node:1000], legalIdentitiesAndCerts=[O=Mock Company 2, L=London, C=GB], platformVersion=4, serial=1555083337632)
?[m?[37m[INFO] 12:35:37,846 [Test worker] network.PersistentNetworkMapCache. - Previous node was identical to incoming one - doing nothing
?[m?[37m[INFO] 12:35:37,846 [Test worker] network.PersistentNetworkMapCache. - Adding node with info: NodeInfo(addresses=[mock.node:1000], legalIdentitiesAndCerts=[O=Mock Company 2, L=London, C=GB], platformVersion=4, serial=1555083337632)
?[m?[37m[INFO] 12:35:37,846 [Test worker] network.PersistentNetworkMapCache. - Previous node was identical to incoming one - doing nothing
?[m?[31m[WARN] 12:35:37,846 [Test worker] internal.NodeFlowManager. - Multiple flows are registered for InitiatingFlow: class com.example.flow.ExampleFlow$Initiator, currently using: class com.example.flow.ExampleFlow$Acceptor
?[m?[37m[INFO] 12:35:37,846 [Test worker] internal.NodeFlowManager. - Registered com.example.flow.ExampleFlow$Initiator to initiate com.example.flow.ExampleFlow$Acceptor (version 1)
?[m?[31m[WARN] 12:35:37,846 [Test worker] internal.NodeFlowManager. - Multiple flows are registered for InitiatingFlow: class com.example.flow.ExampleFlow$Initiator, currently using: class com.example.flow.ExampleFlow$Acceptor
?[m?[37m[INFO] 12:35:37,846 [Test worker] internal.NodeFlowManager. - Registered com.example.flow.ExampleFlow$Initiator to initiate com.example.flow.ExampleFlow$Acceptor (version 1)
?[m?[1;31m[ERROR] 12:35:38,432 [Mock network] internal.Verifier. - Error validating transaction 9F542D7003FC1A9F88CB21AC5A83551AE2F27988E623C3B76DAF58D2B1F566E4. [errorCode=1dpk8h1, moreInformationAt=https://errors.corda.net/OS/4.0/1dpk8h1] {actor_id=Only For Testing, actor_owning_identity=O=Mock Company 1, L=London, C=GB, actor_store_id=TEST, fiber-id=10000003, flow-id=31c2dd34-10c4-42ee-82f7-8b79293997f0, invocation_id=e9e2939f-c90b-499e-96d4-2c80050a1ee0, invocation_timestamp=2019-04-12T15:35:37.848Z, origin=Only For Testing, session_id=e9e2939f-c90b-499e-96d4-2c80050a1ee0, session_timestamp=2019-04-12T15:35:37.848Z, thread-id=800}
?[m java.lang.IllegalArgumentException: Failed requirement: The IOU's value must be non-negative.
	at com.example.contract.IOUContract.verify(IOUContract.kt:70) ~[cordapp-example-contracts-0.1.jar:?]
	at net.corda.core.internal.Verifier.verifyContracts(TransactionVerifierServiceInternal.kt:377) ~[corda-core-4.0.jar:?]
	at net.corda.core.internal.Verifier.verify(TransactionVerifierServiceInternal.kt:71) ~[corda-core-4.0.jar:?]
	at net.corda.core.transactions.LedgerTransaction.verify(LedgerTransaction.kt:125) ~[corda-core-4.0.jar:?]
	at net.corda.core.transactions.TransactionBuilder.addMissingDependency(TransactionBuilder.kt:173) ~[corda-core-4.0.jar:?]
	at net.corda.core.transactions.TransactionBuilder.toWireTransactionWithContext$core(TransactionBuilder.kt:160) ~[corda-core-4.0.jar:?]
	at net.corda.core.transactions.TransactionBuilder.toWireTransactionWithContext$core$default(TransactionBuilder.kt:128) ~[corda-core-4.0.jar:?]
	at net.corda.core.transactions.TransactionBuilder.toWireTransaction(TransactionBuilder.kt:125) ~[corda-core-4.0.jar:?]
	at net.corda.core.transactions.TransactionBuilder.toLedgerTransaction(TransactionBuilder.kt:451) ~[corda-core-4.0.jar:?]
	at net.corda.core.transactions.TransactionBuilder.verify(TransactionBuilder.kt:459) ~[corda-core-4.0.jar:?]
	at com.example.flow.ExampleFlow$Initiator.call(ExampleFlow.kt:81) ~[main/:?]
	at com.example.flow.ExampleFlow$Initiator.call(ExampleFlow.kt:32) ~[main/:?]
	at net.corda.node.services.statemachine.FlowStateMachineImpl.run(FlowStateMachineImpl.kt:228) ~[corda-node-4.0.jar:?]
	at net.corda.node.services.statemachine.FlowStateMachineImpl.run(FlowStateMachineImpl.kt:45) ~[corda-node-4.0.jar:?]
	at co.paralleluniverse.fibers.Fiber.run1(Fiber.java:1092) ~[quasar-core-0.7.10-jdk8.jar:0.7.10]
	at co.paralleluniverse.fibers.Fiber.exec(Fiber.java:788) ~[quasar-core-0.7.10-jdk8.jar:0.7.10]
	at co.paralleluniverse.fibers.RunnableFiberTask.doExec(RunnableFiberTask.java:100) ~[quasar-core-0.7.10-jdk8.jar:0.7.10]
	at co.paralleluniverse.fibers.RunnableFiberTask.run(RunnableFiberTask.java:91) ~[quasar-core-0.7.10-jdk8.jar:0.7.10]
	at java.util.concurrent.Executors$RunnableAdapter.call(Executors.java:511) ~[?:1.8.0_191]
	at java.util.concurrent.FutureTask.run(FutureTask.java:266) ~[?:1.8.0_191]
	at java.util.concurrent.ScheduledThreadPoolExecutor$ScheduledFutureTask.access$201(ScheduledThreadPoolExecutor.java:180) ~[?:1.8.0_191]
	at java.util.concurrent.ScheduledThreadPoolExecutor$ScheduledFutureTask.run(ScheduledThreadPoolExecutor.java:293) ~[?:1.8.0_191]
	at java.util.concurrent.ThreadPoolExecutor.runWorker(ThreadPoolExecutor.java:1149) ~[?:1.8.0_191]
	at java.util.concurrent.ThreadPoolExecutor$Worker.run(ThreadPoolExecutor.java:624) ~[?:1.8.0_191]
	at net.corda.node.utilities.AffinityExecutor$ServiceAffinityExecutor$1$thread$1.run(AffinityExecutor.kt:63) ~[corda-node-4.0.jar:?]
?[1;31m[ERROR] 12:35:38,436 [Mock network] internal.Verifier. - Error validating transaction 9F542D7003FC1A9F88CB21AC5A83551AE2F27988E623C3B76DAF58D2B1F566E4. [errorCode=1dpk8h1, moreInformationAt=https://errors.corda.net/OS/4.0/1dpk8h1] {actor_id=Only For Testing, actor_owning_identity=O=Mock Company 1, L=London, C=GB, actor_store_id=TEST, fiber-id=10000003, flow-id=31c2dd34-10c4-42ee-82f7-8b79293997f0, invocation_id=e9e2939f-c90b-499e-96d4-2c80050a1ee0, invocation_timestamp=2019-04-12T15:35:37.848Z, origin=Only For Testing, session_id=e9e2939f-c90b-499e-96d4-2c80050a1ee0, session_timestamp=2019-04-12T15:35:37.848Z, thread-id=800}
?[m java.lang.IllegalArgumentException: Failed requirement: The IOU's value must be non-negative.
	at com.example.contract.IOUContract.verify(IOUContract.kt:70) ~[cordapp-example-contracts-0.1.jar:?]
	at net.corda.core.internal.Verifier.verifyContracts(TransactionVerifierServiceInternal.kt:377) ~[corda-core-4.0.jar:?]
	at net.corda.core.internal.Verifier.verify(TransactionVerifierServiceInternal.kt:71) ~[corda-core-4.0.jar:?]
	at net.corda.core.transactions.LedgerTransaction.verify(LedgerTransaction.kt:125) ~[corda-core-4.0.jar:?]
	at net.corda.core.transactions.TransactionBuilder.verify(TransactionBuilder.kt:459) ~[corda-core-4.0.jar:?]
	at com.example.flow.ExampleFlow$Initiator.call(ExampleFlow.kt:81) ~[main/:?]
	at com.example.flow.ExampleFlow$Initiator.call(ExampleFlow.kt:32) ~[main/:?]
	at net.corda.node.services.statemachine.FlowStateMachineImpl.run(FlowStateMachineImpl.kt:228) ~[corda-node-4.0.jar:?]
	at net.corda.node.services.statemachine.FlowStateMachineImpl.run(FlowStateMachineImpl.kt:45) ~[corda-node-4.0.jar:?]
	at co.paralleluniverse.fibers.Fiber.run1(Fiber.java:1092) ~[quasar-core-0.7.10-jdk8.jar:0.7.10]
	at co.paralleluniverse.fibers.Fiber.exec(Fiber.java:788) ~[quasar-core-0.7.10-jdk8.jar:0.7.10]
	at co.paralleluniverse.fibers.RunnableFiberTask.doExec(RunnableFiberTask.java:100) ~[quasar-core-0.7.10-jdk8.jar:0.7.10]
	at co.paralleluniverse.fibers.RunnableFiberTask.run(RunnableFiberTask.java:91) ~[quasar-core-0.7.10-jdk8.jar:0.7.10]
	at java.util.concurrent.Executors$RunnableAdapter.call(Executors.java:511) ~[?:1.8.0_191]
	at java.util.concurrent.FutureTask.run(FutureTask.java:266) ~[?:1.8.0_191]
	at java.util.concurrent.ScheduledThreadPoolExecutor$ScheduledFutureTask.access$201(ScheduledThreadPoolExecutor.java:180) ~[?:1.8.0_191]
	at java.util.concurrent.ScheduledThreadPoolExecutor$ScheduledFutureTask.run(ScheduledThreadPoolExecutor.java:293) ~[?:1.8.0_191]
	at java.util.concurrent.ThreadPoolExecutor.runWorker(ThreadPoolExecutor.java:1149) ~[?:1.8.0_191]
	at java.util.concurrent.ThreadPoolExecutor$Worker.run(ThreadPoolExecutor.java:624) ~[?:1.8.0_191]
	at net.corda.node.utilities.AffinityExecutor$ServiceAffinityExecutor$1$thread$1.run(AffinityExecutor.kt:63) ~[corda-node-4.0.jar:?]
?[37m[INFO] 12:35:38,436 [Mock network] corda.flow. - Flow raised an error... sending it to flow hospital {actor_id=Only For Testing, actor_owning_identity=O=Mock Company 1, L=London, C=GB, actor_store_id=TEST, fiber-id=10000003, flow-id=31c2dd34-10c4-42ee-82f7-8b79293997f0, invocation_id=e9e2939f-c90b-499e-96d4-2c80050a1ee0, invocation_timestamp=2019-04-12T15:35:37.848Z, origin=Only For Testing, session_id=e9e2939f-c90b-499e-96d4-2c80050a1ee0, session_timestamp=2019-04-12T15:35:37.848Z, thread-id=800}
?[m net.corda.core.contracts.TransactionVerificationException$ContractRejection: Contract verification failed: Failed requirement: The IOU's value must be non-negative., contract: com.example.contract.IOUContract, transaction: 9F542D7003FC1A9F88CB21AC5A83551AE2F27988E623C3B76DAF58D2B1F566E4
	at net.corda.core.internal.Verifier.verifyContracts(TransactionVerifierServiceInternal.kt:380) ~[corda-core-4.0.jar:?]
	at net.corda.core.internal.Verifier.verify(TransactionVerifierServiceInternal.kt:71) ~[corda-core-4.0.jar:?]
	at net.corda.core.transactions.LedgerTransaction.verify(LedgerTransaction.kt:125) ~[corda-core-4.0.jar:?]
	at net.corda.core.transactions.TransactionBuilder.verify(TransactionBuilder.kt:459) ~[corda-core-4.0.jar:?]
	at com.example.flow.ExampleFlow$Initiator.call(ExampleFlow.kt:81) ~[main/:?]
	at com.example.flow.ExampleFlow$Initiator.call(ExampleFlow.kt:32) ~[main/:?]
	at net.corda.node.services.statemachine.FlowStateMachineImpl.run(FlowStateMachineImpl.kt:228) ~[corda-node-4.0.jar:?]
	at net.corda.node.services.statemachine.FlowStateMachineImpl.run(FlowStateMachineImpl.kt:45) ~[corda-node-4.0.jar:?]
	at co.paralleluniverse.fibers.Fiber.run1(Fiber.java:1092) ~[quasar-core-0.7.10-jdk8.jar:0.7.10]
	at co.paralleluniverse.fibers.Fiber.exec(Fiber.java:788) ~[quasar-core-0.7.10-jdk8.jar:0.7.10]
	at co.paralleluniverse.fibers.RunnableFiberTask.doExec(RunnableFiberTask.java:100) ~[quasar-core-0.7.10-jdk8.jar:0.7.10]
	at co.paralleluniverse.fibers.RunnableFiberTask.run(RunnableFiberTask.java:91) ~[quasar-core-0.7.10-jdk8.jar:0.7.10]
	at java.util.concurrent.Executors$RunnableAdapter.call(Executors.java:511) ~[?:1.8.0_191]
	at java.util.concurrent.FutureTask.run(FutureTask.java:266) ~[?:1.8.0_191]
	at java.util.concurrent.ScheduledThreadPoolExecutor$ScheduledFutureTask.access$201(ScheduledThreadPoolExecutor.java:180) ~[?:1.8.0_191]
	at java.util.concurrent.ScheduledThreadPoolExecutor$ScheduledFutureTask.run(ScheduledThreadPoolExecutor.java:293) ~[?:1.8.0_191]
	at java.util.concurrent.ThreadPoolExecutor.runWorker(ThreadPoolExecutor.java:1149) ~[?:1.8.0_191]
	at java.util.concurrent.ThreadPoolExecutor$Worker.run(ThreadPoolExecutor.java:624) ~[?:1.8.0_191]
	at net.corda.node.utilities.AffinityExecutor$ServiceAffinityExecutor$1$thread$1.run(AffinityExecutor.kt:63) ~[corda-node-4.0.jar:?]
Caused by: java.lang.IllegalArgumentException: Failed requirement: The IOU's value must be non-negative.
	at com.example.contract.IOUContract.verify(IOUContract.kt:70) ~[cordapp-example-contracts-0.1.jar:?]
	at net.corda.core.internal.Verifier.verifyContracts(TransactionVerifierServiceInternal.kt:377) ~[corda-core-4.0.jar:?]
	... 18 more
?[37m[INFO] 12:35:38,441 [Mock network] statemachine.StaffedFlowHospital. - Flow [31c2dd34-10c4-42ee-82f7-8b79293997f0] admitted to hospital in state StateMachineState(checkpoint=Checkpoint(invocationContext=InvocationContext(origin=RPC(actor=Actor(id=Id(value=Only For Testing), serviceId=AuthServiceId(value=TEST), owningLegalIdentity=O=Mock Company 1, L=London, C=GB)), trace=Trace(invocationId=e9e2939f-c90b-499e-96d4-2c80050a1ee0, timestamp: 2019-04-12T15:35:37.848Z, entityType: Invocation, sessionId=e9e2939f-c90b-499e-96d4-2c80050a1ee0, timestamp: 2019-04-12T15:35:37.848Z, entityType: Session), actor=Actor(id=Id(value=Only For Testing), serviceId=AuthServiceId(value=TEST), owningLegalIdentity=O=Mock Company 1, L=London, C=GB), externalTrace=null, impersonatedActor=null), ourIdentity=O=Mock Company 1, L=London, C=GB, sessions={}, subFlowStack=[Initiating(flowClass=class com.example.flow.ExampleFlow$Initiator, classToInitiateWith=class com.example.flow.ExampleFlow$Initiator, flowInfo=FlowInfo(flowVersion=1, appName=<unknown>), subFlowVersion=CorDappFlow(platformVersion=4, corDappName=cordapp-example-workflows-0.1, corDappHash=E90C1A7BA6FC5ECA9256B2E17FBB77AED77A77E7C40DB26FBA81DB951F0FAB35), isEnabledTimedFlow=false)], flowState=Unstarted(flowStart=Explicit, frozenFlowLogic=047D28DA5742F57ED31D97154799F185BA7604DC8FA0C699CF04D6210183CAAD), errorState=Clean, numberOfSuspends=0), flowLogic=com.example.flow.ExampleFlow$Initiator@66dc4b9d, pendingDeduplicationHandlers=[], isFlowResumed=true, isTransactionTracked=false, isAnyCheckpointPersisted=true, isStartIdempotent=false, isRemoved=false, senderUUID=7c9d9f50-33eb-48a6-9ed1-1b6c045cc86c) {actor_id=Only For Testing, actor_owning_identity=O=Mock Company 1, L=London, C=GB, actor_store_id=TEST, fiber-id=10000003, flow-id=31c2dd34-10c4-42ee-82f7-8b79293997f0, invocation_id=e9e2939f-c90b-499e-96d4-2c80050a1ee0, invocation_timestamp=2019-04-12T15:35:37.848Z, origin=Only For Testing, session_id=e9e2939f-c90b-499e-96d4-2c80050a1ee0, session_timestamp=2019-04-12T15:35:37.848Z, thread-id=800}
?[m?[37m[INFO] 12:35:38,444 [Mock network] statemachine.StaffedFlowHospital. - Flow [31c2dd34-10c4-42ee-82f7-8b79293997f0] has error [0] {actor_id=Only For Testing, actor_owning_identity=O=Mock Company 1, L=London, C=GB, actor_store_id=TEST, fiber-id=10000003, flow-id=31c2dd34-10c4-42ee-82f7-8b79293997f0, invocation_id=e9e2939f-c90b-499e-96d4-2c80050a1ee0, invocation_timestamp=2019-04-12T15:35:37.848Z, origin=Only For Testing, session_id=e9e2939f-c90b-499e-96d4-2c80050a1ee0, session_timestamp=2019-04-12T15:35:37.848Z, thread-id=800}
?[m net.corda.core.contracts.TransactionVerificationException$ContractRejection: Contract verification failed: Failed requirement: The IOU's value must be non-negative., contract: com.example.contract.IOUContract, transaction: 9F542D7003FC1A9F88CB21AC5A83551AE2F27988E623C3B76DAF58D2B1F566E4
	at net.corda.core.internal.Verifier.verifyContracts(TransactionVerifierServiceInternal.kt:380) ~[corda-core-4.0.jar:?]
	at net.corda.core.internal.Verifier.verify(TransactionVerifierServiceInternal.kt:71) ~[corda-core-4.0.jar:?]
	at net.corda.core.transactions.LedgerTransaction.verify(LedgerTransaction.kt:125) ~[corda-core-4.0.jar:?]
	at net.corda.core.transactions.TransactionBuilder.verify(TransactionBuilder.kt:459) ~[corda-core-4.0.jar:?]
	at com.example.flow.ExampleFlow$Initiator.call(ExampleFlow.kt:81) ~[main/:?]
	at com.example.flow.ExampleFlow$Initiator.call(ExampleFlow.kt:32) ~[main/:?]
	at net.corda.node.services.statemachine.FlowStateMachineImpl.run(FlowStateMachineImpl.kt:228) ~[corda-node-4.0.jar:?]
	at net.corda.node.services.statemachine.FlowStateMachineImpl.run(FlowStateMachineImpl.kt:45) ~[corda-node-4.0.jar:?]
	at co.paralleluniverse.fibers.Fiber.run1(Fiber.java:1092) ~[quasar-core-0.7.10-jdk8.jar:0.7.10]
	at co.paralleluniverse.fibers.Fiber.exec(Fiber.java:788) ~[quasar-core-0.7.10-jdk8.jar:0.7.10]
	at co.paralleluniverse.fibers.RunnableFiberTask.doExec(RunnableFiberTask.java:100) ~[quasar-core-0.7.10-jdk8.jar:0.7.10]
	at co.paralleluniverse.fibers.RunnableFiberTask.run(RunnableFiberTask.java:91) ~[quasar-core-0.7.10-jdk8.jar:0.7.10]
	at java.util.concurrent.Executors$RunnableAdapter.call(Executors.java:511) ~[?:1.8.0_191]
	at java.util.concurrent.FutureTask.run(FutureTask.java:266) ~[?:1.8.0_191]
	at java.util.concurrent.ScheduledThreadPoolExecutor$ScheduledFutureTask.access$201(ScheduledThreadPoolExecutor.java:180) ~[?:1.8.0_191]
	at java.util.concurrent.ScheduledThreadPoolExecutor$ScheduledFutureTask.run(ScheduledThreadPoolExecutor.java:293) ~[?:1.8.0_191]
	at java.util.concurrent.ThreadPoolExecutor.runWorker(ThreadPoolExecutor.java:1149) ~[?:1.8.0_191]
	at java.util.concurrent.ThreadPoolExecutor$Worker.run(ThreadPoolExecutor.java:624) ~[?:1.8.0_191]
	at net.corda.node.utilities.AffinityExecutor$ServiceAffinityExecutor$1$thread$1.run(AffinityExecutor.kt:63) ~[corda-node-4.0.jar:?]
Caused by: java.lang.IllegalArgumentException: Failed requirement: The IOU's value must be non-negative.
	at com.example.contract.IOUContract.verify(IOUContract.kt:70) ~[cordapp-example-contracts-0.1.jar:?]
	at net.corda.core.internal.Verifier.verifyContracts(TransactionVerifierServiceInternal.kt:377) ~[corda-core-4.0.jar:?]
	... 18 more
?[37m[INFO] 12:35:38,446 [Mock network] statemachine.StaffedFlowHospital. - Flow [31c2dd34-10c4-42ee-82f7-8b79293997f0] error allowed to propagate {actor_id=Only For Testing, actor_owning_identity=O=Mock Company 1, L=London, C=GB, actor_store_id=TEST, fiber-id=10000003, flow-id=31c2dd34-10c4-42ee-82f7-8b79293997f0, invocation_id=e9e2939f-c90b-499e-96d4-2c80050a1ee0, invocation_timestamp=2019-04-12T15:35:37.848Z, origin=Only For Testing, session_id=e9e2939f-c90b-499e-96d4-2c80050a1ee0, session_timestamp=2019-04-12T15:35:37.848Z, thread-id=800}
?[m?[31m[WARN] 12:35:38,462 [Mock network] interceptors.DumpHistoryOnErrorInterceptor. - Flow [31c2dd34-10c4-42ee-82f7-8b79293997f0] errored, dumping all transitions:

 --- Transition of flow [31c2dd34-10c4-42ee-82f7-8b79293997f0] ---
  Timestamp: 2019-04-12T15:35:37.854Z
  Event: DoRemainingWork
  Actions: 
    CreateTransaction
    PersistCheckpoint(id=[31c2dd34-10c4-42ee-82f7-8b79293997f0], checkpoint=Checkpoint(invocationContext=InvocationContext(origin=RPC(actor=Actor(id=Id(value=Only For Testing), serviceId=AuthServiceId(value=TEST), owningLegalIdentity=O=Mock Company 1, L=London, C=GB)), trace=Trace(invocationId=e9e2939f-c90b-499e-96d4-2c80050a1ee0, timestamp: 2019-04-12T15:35:37.848Z, entityType: Invocation, sessionId=e9e2939f-c90b-499e-96d4-2c80050a1ee0, timestamp: 2019-04-12T15:35:37.848Z, entityType: Session), actor=Actor(id=Id(value=Only For Testing), serviceId=AuthServiceId(value=TEST), owningLegalIdentity=O=Mock Company 1, L=London, C=GB), externalTrace=null, impersonatedActor=null), ourIdentity=O=Mock Company 1, L=London, C=GB, sessions={}, subFlowStack=[Initiating(flowClass=class com.example.flow.ExampleFlow$Initiator, classToInitiateWith=class com.example.flow.ExampleFlow$Initiator, flowInfo=FlowInfo(flowVersion=1, appName=<unknown>), subFlowVersion=CorDappFlow(platformVersion=4, corDappName=cordapp-example-workflows-0.1, corDappHash=E90C1A7BA6FC5ECA9256B2E17FBB77AED77A77E7C40DB26FBA81DB951F0FAB35), isEnabledTimedFlow=false)], flowState=Unstarted(flowStart=Explicit, frozenFlowLogic=047D28DA5742F57ED31D97154799F185BA7604DC8FA0C699CF04D6210183CAAD), errorState=Clean, numberOfSuspends=0), isCheckpointUpdate=false)
    PersistDeduplicationFacts(deduplicationHandlers=[net.corda.node.internal.FlowStarterImpl$startFlow$startFlowEvent$1@51b80ca])
    CommitTransaction
    AcknowledgeMessages(deduplicationHandlers=[net.corda.node.internal.FlowStarterImpl$startFlow$startFlowEvent$1@51b80ca])
    SignalFlowHasStarted(flowId=[31c2dd34-10c4-42ee-82f7-8b79293997f0])
    CreateTransaction
  Continuation: Resume(result=null)
  Diff between previous and next state:
isAnyCheckpointPersisted: 
    false
    true
pendingDeduplicationHandlers: 
    [net.corda.node.internal.FlowStarterImpl$startFlow$startFlowEvent$1@51b80ca]
    []
isFlowResumed: 
    false
    true


 --- Transition of flow [31c2dd34-10c4-42ee-82f7-8b79293997f0] ---
  Timestamp: 2019-04-12T15:35:38.448Z
  Event: Error(exception=net.corda.core.contracts.TransactionVerificationException$ContractRejection: Contract verification failed: Failed requirement: The IOU's value must be non-negative., contract: com.example.contract.IOUContract, transaction: 9F542D7003FC1A9F88CB21AC5A83551AE2F27988E623C3B76DAF58D2B1F566E4)
  Actions: 
    RollbackTransaction
    ScheduleEvent(event=DoRemainingWork)
  Continuation: ProcessEvents
  Diff between previous and next state:
checkpoint.errorState: 
    Clean
    Errored(errors=[FlowError(errorId=8375987560087387920, exception=net.corda.core.contracts.TransactionVerificationException$ContractRejection: Contract verification failed: Failed requirement: The IOU's value must be non-negative., contract: com.example.contract.IOUContract, transaction: 9F542D7003FC1A9F88CB21AC5A83551AE2F27988E623C3B76DAF58D2B1F566E4)], propagatedIndex=0, propagating=false)
isFlowResumed: 
    true
    false


 --- Transition of flow [31c2dd34-10c4-42ee-82f7-8b79293997f0] ---
  Timestamp: 2019-04-12T15:35:38.452Z
  Event: DoRemainingWork
  Actions: 
    
  Continuation: ProcessEvents
  Diff between previous and next state:
null

 --- Transition of flow [31c2dd34-10c4-42ee-82f7-8b79293997f0] ---
  Timestamp: 2019-04-12T15:35:38.453Z
  Event: StartErrorPropagation
  Actions: 
    ScheduleEvent(event=DoRemainingWork)
  Continuation: ProcessEvents
  Diff between previous and next state:
checkpoint.errorState.propagating: 
    false
    true
 {actor_id=Only For Testing, actor_owning_identity=O=Mock Company 1, L=London, C=GB, actor_store_id=TEST, fiber-id=10000003, flow-id=31c2dd34-10c4-42ee-82f7-8b79293997f0, invocation_id=e9e2939f-c90b-499e-96d4-2c80050a1ee0, invocation_timestamp=2019-04-12T15:35:37.848Z, origin=Only For Testing, session_id=e9e2939f-c90b-499e-96d4-2c80050a1ee0, session_timestamp=2019-04-12T15:35:37.848Z, thread-id=800}
?[m?[31m[WARN] 12:35:38,462 [Mock network] interceptors.DumpHistoryOnErrorInterceptor. - Flow [31c2dd34-10c4-42ee-82f7-8b79293997f0] error [errorCode=w80ewk, moreInformationAt=https://errors.corda.net/OS/4.0/w80ewk] {actor_id=Only For Testing, actor_owning_identity=O=Mock Company 1, L=London, C=GB, actor_store_id=TEST, fiber-id=10000003, flow-id=31c2dd34-10c4-42ee-82f7-8b79293997f0, invocation_id=e9e2939f-c90b-499e-96d4-2c80050a1ee0, invocation_timestamp=2019-04-12T15:35:37.848Z, origin=Only For Testing, session_id=e9e2939f-c90b-499e-96d4-2c80050a1ee0, session_timestamp=2019-04-12T15:35:37.848Z, thread-id=800}
?[m net.corda.core.contracts.TransactionVerificationException$ContractRejection: Contract verification failed: Failed requirement: The IOU's value must be non-negative., contract: com.example.contract.IOUContract, transaction: 9F542D7003FC1A9F88CB21AC5A83551AE2F27988E623C3B76DAF58D2B1F566E4
	at net.corda.core.internal.Verifier.verifyContracts(TransactionVerifierServiceInternal.kt:380) ~[corda-core-4.0.jar:?]
	at net.corda.core.internal.Verifier.verify(TransactionVerifierServiceInternal.kt:71) ~[corda-core-4.0.jar:?]
	at net.corda.core.transactions.LedgerTransaction.verify(LedgerTransaction.kt:125) ~[corda-core-4.0.jar:?]
	at net.corda.core.transactions.TransactionBuilder.verify(TransactionBuilder.kt:459) ~[corda-core-4.0.jar:?]
	at com.example.flow.ExampleFlow$Initiator.call(ExampleFlow.kt:81) ~[main/:?]
	at com.example.flow.ExampleFlow$Initiator.call(ExampleFlow.kt:32) ~[main/:?]
	at net.corda.node.services.statemachine.FlowStateMachineImpl.run(FlowStateMachineImpl.kt:228) ~[corda-node-4.0.jar:?]
	at net.corda.node.services.statemachine.FlowStateMachineImpl.run(FlowStateMachineImpl.kt:45) ~[corda-node-4.0.jar:?]
	at co.paralleluniverse.fibers.Fiber.run1(Fiber.java:1092) ~[quasar-core-0.7.10-jdk8.jar:0.7.10]
	at co.paralleluniverse.fibers.Fiber.exec(Fiber.java:788) ~[quasar-core-0.7.10-jdk8.jar:0.7.10]
	at co.paralleluniverse.fibers.RunnableFiberTask.doExec(RunnableFiberTask.java:100) ~[quasar-core-0.7.10-jdk8.jar:0.7.10]
	at co.paralleluniverse.fibers.RunnableFiberTask.run(RunnableFiberTask.java:91) ~[quasar-core-0.7.10-jdk8.jar:0.7.10]
	at java.util.concurrent.Executors$RunnableAdapter.call(Executors.java:511) ~[?:1.8.0_191]
	at java.util.concurrent.FutureTask.run(FutureTask.java:266) ~[?:1.8.0_191]
	at java.util.concurrent.ScheduledThreadPoolExecutor$ScheduledFutureTask.access$201(ScheduledThreadPoolExecutor.java:180) ~[?:1.8.0_191]
	at java.util.concurrent.ScheduledThreadPoolExecutor$ScheduledFutureTask.run(ScheduledThreadPoolExecutor.java:293) ~[?:1.8.0_191]
	at java.util.concurrent.ThreadPoolExecutor.runWorker(ThreadPoolExecutor.java:1149) ~[?:1.8.0_191]
	at java.util.concurrent.ThreadPoolExecutor$Worker.run(ThreadPoolExecutor.java:624) ~[?:1.8.0_191]
	at net.corda.node.utilities.AffinityExecutor$ServiceAffinityExecutor$1$thread$1.run(AffinityExecutor.kt:63) ~[corda-node-4.0.jar:?]
Caused by: java.lang.IllegalArgumentException: Failed requirement: The IOU's value must be non-negative.
	at com.example.contract.IOUContract.verify(IOUContract.kt:70) ~[cordapp-example-contracts-0.1.jar:?]
	at net.corda.core.internal.Verifier.verifyContracts(TransactionVerifierServiceInternal.kt:377) ~[corda-core-4.0.jar:?]
	... 18 more
?[31m[WARN] 12:35:38,464 [Mock network] statemachine.ActionExecutorImpl. - Propagating error [errorCode=w80ewk, moreInformationAt=https://errors.corda.net/OS/4.0/w80ewk] {actor_id=Only For Testing, actor_owning_identity=O=Mock Company 1, L=London, C=GB, actor_store_id=TEST, fiber-id=10000003, flow-id=31c2dd34-10c4-42ee-82f7-8b79293997f0, invocation_id=e9e2939f-c90b-499e-96d4-2c80050a1ee0, invocation_timestamp=2019-04-12T15:35:37.848Z, origin=Only For Testing, session_id=e9e2939f-c90b-499e-96d4-2c80050a1ee0, session_timestamp=2019-04-12T15:35:37.848Z, thread-id=800}
?[m net.corda.core.contracts.TransactionVerificationException$ContractRejection: Contract verification failed: Failed requirement: The IOU's value must be non-negative., contract: com.example.contract.IOUContract, transaction: 9F542D7003FC1A9F88CB21AC5A83551AE2F27988E623C3B76DAF58D2B1F566E4
	at net.corda.core.internal.Verifier.verifyContracts(TransactionVerifierServiceInternal.kt:380) ~[corda-core-4.0.jar:?]
	at net.corda.core.internal.Verifier.verify(TransactionVerifierServiceInternal.kt:71) ~[corda-core-4.0.jar:?]
	at net.corda.core.transactions.LedgerTransaction.verify(LedgerTransaction.kt:125) ~[corda-core-4.0.jar:?]
	at net.corda.core.transactions.TransactionBuilder.verify(TransactionBuilder.kt:459) ~[corda-core-4.0.jar:?]
	at com.example.flow.ExampleFlow$Initiator.call(ExampleFlow.kt:81) ~[main/:?]
	at com.example.flow.ExampleFlow$Initiator.call(ExampleFlow.kt:32) ~[main/:?]
	at net.corda.node.services.statemachine.FlowStateMachineImpl.run(FlowStateMachineImpl.kt:228) ~[corda-node-4.0.jar:?]
	at net.corda.node.services.statemachine.FlowStateMachineImpl.run(FlowStateMachineImpl.kt:45) ~[corda-node-4.0.jar:?]
	at co.paralleluniverse.fibers.Fiber.run1(Fiber.java:1092) ~[quasar-core-0.7.10-jdk8.jar:0.7.10]
	at co.paralleluniverse.fibers.Fiber.exec(Fiber.java:788) ~[quasar-core-0.7.10-jdk8.jar:0.7.10]
	at co.paralleluniverse.fibers.RunnableFiberTask.doExec(RunnableFiberTask.java:100) ~[quasar-core-0.7.10-jdk8.jar:0.7.10]
	at co.paralleluniverse.fibers.RunnableFiberTask.run(RunnableFiberTask.java:91) ~[quasar-core-0.7.10-jdk8.jar:0.7.10]
	at java.util.concurrent.Executors$RunnableAdapter.call(Executors.java:511) ~[?:1.8.0_191]
	at java.util.concurrent.FutureTask.run(FutureTask.java:266) ~[?:1.8.0_191]
	at java.util.concurrent.ScheduledThreadPoolExecutor$ScheduledFutureTask.access$201(ScheduledThreadPoolExecutor.java:180) ~[?:1.8.0_191]
	at java.util.concurrent.ScheduledThreadPoolExecutor$ScheduledFutureTask.run(ScheduledThreadPoolExecutor.java:293) ~[?:1.8.0_191]
	at java.util.concurrent.ThreadPoolExecutor.runWorker(ThreadPoolExecutor.java:1149) ~[?:1.8.0_191]
	at java.util.concurrent.ThreadPoolExecutor$Worker.run(ThreadPoolExecutor.java:624) ~[?:1.8.0_191]
	at net.corda.node.utilities.AffinityExecutor$ServiceAffinityExecutor$1$thread$1.run(AffinityExecutor.kt:63) ~[corda-node-4.0.jar:?]
Caused by: java.lang.IllegalArgumentException: Failed requirement: The IOU's value must be non-negative.
	at com.example.contract.IOUContract.verify(IOUContract.kt:70) ~[cordapp-example-contracts-0.1.jar:?]
	at net.corda.core.internal.Verifier.verifyContracts(TransactionVerifierServiceInternal.kt:377) ~[corda-core-4.0.jar:?]
	... 18 more
?[31m[WARN] 12:35:38,492 [Mock network] interceptors.DumpHistoryOnErrorInterceptor. - Flow [31c2dd34-10c4-42ee-82f7-8b79293997f0] errored, dumping all transitions:

 --- Transition of flow [31c2dd34-10c4-42ee-82f7-8b79293997f0] ---
  Timestamp: 2019-04-12T15:35:37.854Z
  Event: DoRemainingWork
  Actions: 
    CreateTransaction
    PersistCheckpoint(id=[31c2dd34-10c4-42ee-82f7-8b79293997f0], checkpoint=Checkpoint(invocationContext=InvocationContext(origin=RPC(actor=Actor(id=Id(value=Only For Testing), serviceId=AuthServiceId(value=TEST), owningLegalIdentity=O=Mock Company 1, L=London, C=GB)), trace=Trace(invocationId=e9e2939f-c90b-499e-96d4-2c80050a1ee0, timestamp: 2019-04-12T15:35:37.848Z, entityType: Invocation, sessionId=e9e2939f-c90b-499e-96d4-2c80050a1ee0, timestamp: 2019-04-12T15:35:37.848Z, entityType: Session), actor=Actor(id=Id(value=Only For Testing), serviceId=AuthServiceId(value=TEST), owningLegalIdentity=O=Mock Company 1, L=London, C=GB), externalTrace=null, impersonatedActor=null), ourIdentity=O=Mock Company 1, L=London, C=GB, sessions={}, subFlowStack=[Initiating(flowClass=class com.example.flow.ExampleFlow$Initiator, classToInitiateWith=class com.example.flow.ExampleFlow$Initiator, flowInfo=FlowInfo(flowVersion=1, appName=<unknown>), subFlowVersion=CorDappFlow(platformVersion=4, corDappName=cordapp-example-workflows-0.1, corDappHash=E90C1A7BA6FC5ECA9256B2E17FBB77AED77A77E7C40DB26FBA81DB951F0FAB35), isEnabledTimedFlow=false)], flowState=Unstarted(flowStart=Explicit, frozenFlowLogic=047D28DA5742F57ED31D97154799F185BA7604DC8FA0C699CF04D6210183CAAD), errorState=Clean, numberOfSuspends=0), isCheckpointUpdate=false)
    PersistDeduplicationFacts(deduplicationHandlers=[net.corda.node.internal.FlowStarterImpl$startFlow$startFlowEvent$1@51b80ca])
    CommitTransaction
    AcknowledgeMessages(deduplicationHandlers=[net.corda.node.internal.FlowStarterImpl$startFlow$startFlowEvent$1@51b80ca])
    SignalFlowHasStarted(flowId=[31c2dd34-10c4-42ee-82f7-8b79293997f0])
    CreateTransaction
  Continuation: Resume(result=null)
  Diff between previous and next state:
isAnyCheckpointPersisted: 
    false
    true
pendingDeduplicationHandlers: 
    [net.corda.node.internal.FlowStarterImpl$startFlow$startFlowEvent$1@51b80ca]
    []
isFlowResumed: 
    false
    true


 --- Transition of flow [31c2dd34-10c4-42ee-82f7-8b79293997f0] ---
  Timestamp: 2019-04-12T15:35:38.448Z
  Event: Error(exception=net.corda.core.contracts.TransactionVerificationException$ContractRejection: Contract verification failed: Failed requirement: The IOU's value must be non-negative., contract: com.example.contract.IOUContract, transaction: 9F542D7003FC1A9F88CB21AC5A83551AE2F27988E623C3B76DAF58D2B1F566E4)
  Actions: 
    RollbackTransaction
    ScheduleEvent(event=DoRemainingWork)
  Continuation: ProcessEvents
  Diff between previous and next state:
checkpoint.errorState: 
    Clean
    Errored(errors=[FlowError(errorId=8375987560087387920, exception=net.corda.core.contracts.TransactionVerificationException$ContractRejection: Contract verification failed: Failed requirement: The IOU's value must be non-negative., contract: com.example.contract.IOUContract, transaction: 9F542D7003FC1A9F88CB21AC5A83551AE2F27988E623C3B76DAF58D2B1F566E4)], propagatedIndex=0, propagating=false)
isFlowResumed: 
    true
    false


 --- Transition of flow [31c2dd34-10c4-42ee-82f7-8b79293997f0] ---
  Timestamp: 2019-04-12T15:35:38.452Z
  Event: DoRemainingWork
  Actions: 
    
  Continuation: ProcessEvents
  Diff between previous and next state:
null

 --- Transition of flow [31c2dd34-10c4-42ee-82f7-8b79293997f0] ---
  Timestamp: 2019-04-12T15:35:38.453Z
  Event: StartErrorPropagation
  Actions: 
    ScheduleEvent(event=DoRemainingWork)
  Continuation: ProcessEvents
  Diff between previous and next state:
checkpoint.errorState.propagating: 
    false
    true


 --- Transition of flow [31c2dd34-10c4-42ee-82f7-8b79293997f0] ---
  Timestamp: 2019-04-12T15:35:38.487Z
  Event: DoRemainingWork
  Actions: 
    PropagateErrors(errorMessages=[ErrorSessionMessage(flowException=net.corda.core.contracts.TransactionVerificationException$ContractRejection: Contract verification failed: Failed requirement: The IOU's value must be non-negative., contract: com.example.contract.IOUContract, transaction: 9F542D7003FC1A9F88CB21AC5A83551AE2F27988E623C3B76DAF58D2B1F566E4, errorId=8375987560087387920)], sessions=[], senderUUID=7c9d9f50-33eb-48a6-9ed1-1b6c045cc86c)
    CreateTransaction
    RemoveCheckpoint(id=[31c2dd34-10c4-42ee-82f7-8b79293997f0])
    PersistDeduplicationFacts(deduplicationHandlers=[])
    ReleaseSoftLocks(uuid=31c2dd34-10c4-42ee-82f7-8b79293997f0)
    CommitTransaction
    AcknowledgeMessages(deduplicationHandlers=[])
    RemoveSessionBindings(sessionIds=[])
    RemoveFlow(flowId=[31c2dd34-10c4-42ee-82f7-8b79293997f0], removalReason=ErrorFinish(flowErrors=[FlowError(errorId=8375987560087387920, exception=net.corda.core.contracts.TransactionVerificationException$ContractRejection: Contract verification failed: Failed requirement: The IOU's value must be non-negative., contract: com.example.contract.IOUContract, transaction: 9F542D7003FC1A9F88CB21AC5A83551AE2F27988E623C3B76DAF58D2B1F566E4)]), lastState=StateMachineState(checkpoint=Checkpoint(invocationContext=InvocationContext(origin=RPC(actor=Actor(id=Id(value=Only For Testing), serviceId=AuthServiceId(value=TEST), owningLegalIdentity=O=Mock Company 1, L=London, C=GB)), trace=Trace(invocationId=e9e2939f-c90b-499e-96d4-2c80050a1ee0, timestamp: 2019-04-12T15:35:37.848Z, entityType: Invocation, sessionId=e9e2939f-c90b-499e-96d4-2c80050a1ee0, timestamp: 2019-04-12T15:35:37.848Z, entityType: Session), actor=Actor(id=Id(value=Only For Testing), serviceId=AuthServiceId(value=TEST), owningLegalIdentity=O=Mock Company 1, L=London, C=GB), externalTrace=null, impersonatedActor=null), ourIdentity=O=Mock Company 1, L=London, C=GB, sessions={}, subFlowStack=[Initiating(flowClass=class com.example.flow.ExampleFlow$Initiator, classToInitiateWith=class com.example.flow.ExampleFlow$Initiator, flowInfo=FlowInfo(flowVersion=1, appName=<unknown>), subFlowVersion=CorDappFlow(platformVersion=4, corDappName=cordapp-example-workflows-0.1, corDappHash=E90C1A7BA6FC5ECA9256B2E17FBB77AED77A77E7C40DB26FBA81DB951F0FAB35), isEnabledTimedFlow=false)], flowState=Unstarted(flowStart=Explicit, frozenFlowLogic=047D28DA5742F57ED31D97154799F185BA7604DC8FA0C699CF04D6210183CAAD), errorState=Errored(errors=[FlowError(errorId=8375987560087387920, exception=net.corda.core.contracts.TransactionVerificationException$ContractRejection: Contract verification failed: Failed requirement: The IOU's value must be non-negative., contract: com.example.contract.IOUContract, transaction: 9F542D7003FC1A9F88CB21AC5A83551AE2F27988E623C3B76DAF58D2B1F566E4)], propagatedIndex=1, propagating=true), numberOfSuspends=0), flowLogic=com.example.flow.ExampleFlow$Initiator@66dc4b9d, pendingDeduplicationHandlers=[], isFlowResumed=false, isTransactionTracked=false, isAnyCheckpointPersisted=true, isStartIdempotent=false, isRemoved=true, senderUUID=7c9d9f50-33eb-48a6-9ed1-1b6c045cc86c))
  Continuation: Abort
  Diff between previous and next state:
checkpoint.errorState.propagatedIndex: 
    0
    1
isRemoved: 
    false
    true
 {actor_id=Only For Testing, actor_owning_identity=O=Mock Company 1, L=London, C=GB, actor_store_id=TEST, fiber-id=10000003, flow-id=31c2dd34-10c4-42ee-82f7-8b79293997f0, invocation_id=e9e2939f-c90b-499e-96d4-2c80050a1ee0, invocation_timestamp=2019-04-12T15:35:37.848Z, origin=Only For Testing, session_id=e9e2939f-c90b-499e-96d4-2c80050a1ee0, session_timestamp=2019-04-12T15:35:37.848Z, thread-id=800}
?[m?[31m[WARN] 12:35:38,492 [Mock network] interceptors.DumpHistoryOnErrorInterceptor. - Flow [31c2dd34-10c4-42ee-82f7-8b79293997f0] error [errorCode=w80ewk, moreInformationAt=https://errors.corda.net/OS/4.0/w80ewk] {actor_id=Only For Testing, actor_owning_identity=O=Mock Company 1, L=London, C=GB, actor_store_id=TEST, fiber-id=10000003, flow-id=31c2dd34-10c4-42ee-82f7-8b79293997f0, invocation_id=e9e2939f-c90b-499e-96d4-2c80050a1ee0, invocation_timestamp=2019-04-12T15:35:37.848Z, origin=Only For Testing, session_id=e9e2939f-c90b-499e-96d4-2c80050a1ee0, session_timestamp=2019-04-12T15:35:37.848Z, thread-id=800}
?[m net.corda.core.contracts.TransactionVerificationException$ContractRejection: Contract verification failed: Failed requirement: The IOU's value must be non-negative., contract: com.example.contract.IOUContract, transaction: 9F542D7003FC1A9F88CB21AC5A83551AE2F27988E623C3B76DAF58D2B1F566E4
	at net.corda.core.internal.Verifier.verifyContracts(TransactionVerifierServiceInternal.kt:380) ~[corda-core-4.0.jar:?]
	at net.corda.core.internal.Verifier.verify(TransactionVerifierServiceInternal.kt:71) ~[corda-core-4.0.jar:?]
	at net.corda.core.transactions.LedgerTransaction.verify(LedgerTransaction.kt:125) ~[corda-core-4.0.jar:?]
	at net.corda.core.transactions.TransactionBuilder.verify(TransactionBuilder.kt:459) ~[corda-core-4.0.jar:?]
	at com.example.flow.ExampleFlow$Initiator.call(ExampleFlow.kt:81) ~[main/:?]
	at com.example.flow.ExampleFlow$Initiator.call(ExampleFlow.kt:32) ~[main/:?]
	at net.corda.node.services.statemachine.FlowStateMachineImpl.run(FlowStateMachineImpl.kt:228) ~[corda-node-4.0.jar:?]
	at net.corda.node.services.statemachine.FlowStateMachineImpl.run(FlowStateMachineImpl.kt:45) ~[corda-node-4.0.jar:?]
	at co.paralleluniverse.fibers.Fiber.run1(Fiber.java:1092) ~[quasar-core-0.7.10-jdk8.jar:0.7.10]
	at co.paralleluniverse.fibers.Fiber.exec(Fiber.java:788) ~[quasar-core-0.7.10-jdk8.jar:0.7.10]
	at co.paralleluniverse.fibers.RunnableFiberTask.doExec(RunnableFiberTask.java:100) ~[quasar-core-0.7.10-jdk8.jar:0.7.10]
	at co.paralleluniverse.fibers.RunnableFiberTask.run(RunnableFiberTask.java:91) ~[quasar-core-0.7.10-jdk8.jar:0.7.10]
	at java.util.concurrent.Executors$RunnableAdapter.call(Executors.java:511) ~[?:1.8.0_191]
	at java.util.concurrent.FutureTask.run(FutureTask.java:266) ~[?:1.8.0_191]
	at java.util.concurrent.ScheduledThreadPoolExecutor$ScheduledFutureTask.access$201(ScheduledThreadPoolExecutor.java:180) ~[?:1.8.0_191]
	at java.util.concurrent.ScheduledThreadPoolExecutor$ScheduledFutureTask.run(ScheduledThreadPoolExecutor.java:293) ~[?:1.8.0_191]
	at java.util.concurrent.ThreadPoolExecutor.runWorker(ThreadPoolExecutor.java:1149) ~[?:1.8.0_191]
	at java.util.concurrent.ThreadPoolExecutor$Worker.run(ThreadPoolExecutor.java:624) ~[?:1.8.0_191]
	at net.corda.node.utilities.AffinityExecutor$ServiceAffinityExecutor$1$thread$1.run(AffinityExecutor.kt:63) ~[corda-node-4.0.jar:?]
Caused by: java.lang.IllegalArgumentException: Failed requirement: The IOU's value must be non-negative.
	at com.example.contract.IOUContract.verify(IOUContract.kt:70) ~[cordapp-example-contracts-0.1.jar:?]
	at net.corda.core.internal.Verifier.verifyContracts(TransactionVerifierServiceInternal.kt:377) ~[corda-core-4.0.jar:?]
	... 18 more
?[37m[INFO] 12:35:38,500 [Test worker] pool.HikariPool. - HikariPool-4 - Close initiated...
?[m?[37m[INFO] 12:35:38,503 [Test worker] pool.HikariPool. - HikariPool-4 - Closed.
?[m?[37m[INFO] 12:35:38,504 [Test worker] pool.HikariPool. - HikariPool-5 - Close initiated...
?[m?[37m[INFO] 12:35:38,507 [Test worker] pool.HikariPool. - HikariPool-5 - Closed.
?[m?[37m[INFO] 12:35:38,507 [Test worker] pool.HikariPool. - HikariPool-6 - Close initiated...
?[m?[37m[INFO] 12:35:38,509 [Test worker] pool.HikariPool. - HikariPool-6 - Closed.
?[m?[37m[INFO] 12:35:38,594 [Test worker] cordapp.JarScanningCordappLoader. - Looking for CorDapps in [build\mock-network\20190412-153538.509\nodes\0\cordapps]
?[m?[37m[INFO] 12:35:38,594 [Test worker] cordapp.JarScanningCordappLoader. - Loading CorDapps from RestrictedURL(url=file:/C:/Users/Daniel/OneDrive/Documents/tokensdk/samples3/cordapp-example/workflows-kotlin/build/mock-network/20190412-153538.509/nodes/0/cordapps/cordapp-example-contracts-0.1.jar, rootPackageName=null), RestrictedURL(url=file:/C:/Users/Daniel/OneDrive/Documents/tokensdk/samples3/cordapp-example/workflows-kotlin/build/mock-network/20190412-153538.509/nodes/0/cordapps/cordapp-example-workflows-0.1.jar, rootPackageName=null)
?[m?[37m[INFO] 12:35:38,594 [Test worker] cordapp.JarScanningCordappLoader. - Scanning CorDapp in file:/C:/Users/Daniel/OneDrive/Documents/tokensdk/samples3/cordapp-example/workflows-kotlin/build/mock-network/20190412-153538.509/nodes/0/cordapps/cordapp-example-contracts-0.1.jar
?[m?[37m[INFO] 12:35:38,669 [Test worker] cordapp.JarScanningCordappLoader. - Found notary service CorDapp implementations: 
?[m?[37m[INFO] 12:35:38,669 [Test worker] cordapp.JarScanningCordappLoader. - Scanning CorDapp in file:/C:/Users/Daniel/OneDrive/Documents/tokensdk/samples3/cordapp-example/workflows-kotlin/build/mock-network/20190412-153538.509/nodes/0/cordapps/cordapp-example-workflows-0.1.jar
?[m?[37m[INFO] 12:35:38,749 [Test worker] cordapp.JarScanningCordappLoader. - Found notary service CorDapp implementations: 
?[m?[37m[INFO] 12:35:38,759 [Test worker] internal.InternalMockNetwork$MockNode. - Node starting up ...
?[m?[37m[INFO] 12:35:38,769 [Test worker] internal.NodeFlowManager. - Registered com.example.flow.ExampleFlow$Initiator to initiate com.example.flow.ExampleFlow$Acceptor (version 1)
?[m?[37m[INFO] 12:35:38,773 [Test worker] internal.InternalMockNetwork$MockNode. - Loaded network parameters: NetworkParameters {
      minimumPlatformVersion=1
      notaries=[NotaryInfo(identity=O=Notary Service, L=Zurich, C=CH, validating=true)]
      maxMessageSize=10485760
      maxTransactionSize=524288000
      whitelistedContractImplementations {
        
      }
      eventHorizon=PT720H
      packageOwnership {
        
      }
      modifiedTime=2019-04-12T15:35:38.509Z
      epoch=1
  }
?[m?[37m[INFO] 12:35:38,774 [Test worker] hikari.HikariDataSource. - HikariPool-7 - Started.
?[m?[37m[INFO] 12:35:38,956 [Test worker] liquibase. - Creating database history table with name: PUBLIC.DATABASECHANGELOG
?[m?[37m[INFO] 12:35:38,958 [Test worker] liquibase. - Reading from PUBLIC.DATABASECHANGELOG
?[m?[37m[INFO] 12:35:38,960 [Test worker] liquibase. - master.changelog.json: migration/common.changelog-init.xml::1511451595465-1.3::R3.Corda: Skipping changeSet migration/common.changelog-init.xml::1511451595465-1.3::R3.Corda due to validation error(s): minValue is not allowed on h2
?[m?[37m[INFO] 12:35:38,965 [Test worker] liquibase. - master.changelog.json: migration/vault-schema.changelog-pkey.xml::non-clustered_pk-11::R3.Corda: Skipping changeSet migration/vault-schema.changelog-pkey.xml::non-clustered_pk-11::R3.Corda due to validation error(s): clustered is not allowed on h2
?[m?[37m[INFO] 12:35:38,965 [Test worker] liquibase. - master.changelog.json: migration/vault-schema.changelog-pkey.xml::non-clustered_pk-12::R3.Corda: Skipping changeSet migration/vault-schema.changelog-pkey.xml::non-clustered_pk-12::R3.Corda due to validation error(s): clustered is not allowed on h2
?[m?[37m[INFO] 12:35:38,966 [Test worker] liquibase. - master.changelog.json: migration/vault-schema.changelog-pkey.xml::non-clustered_pk-13::R3.Corda: Skipping changeSet migration/vault-schema.changelog-pkey.xml::non-clustered_pk-13::R3.Corda due to validation error(s): clustered is not allowed on h2
?[m?[37m[INFO] 12:35:38,974 [Test worker] liquibase. - master.changelog.json: migration/node-core.changelog-pkey.xml::non-clustered_pk-1::R3.Corda: Skipping changeSet migration/node-core.changelog-pkey.xml::non-clustered_pk-1::R3.Corda due to validation error(s): clustered is not allowed on h2
?[m?[37m[INFO] 12:35:38,974 [Test worker] liquibase. - master.changelog.json: migration/node-core.changelog-pkey.xml::non-clustered_pk-2::R3.Corda: Skipping changeSet migration/node-core.changelog-pkey.xml::non-clustered_pk-2::R3.Corda due to validation error(s): clustered is not allowed on h2
?[m?[37m[INFO] 12:35:38,974 [Test worker] liquibase. - master.changelog.json: migration/node-core.changelog-pkey.xml::non-clustered_pk-3::R3.Corda: Skipping changeSet migration/node-core.changelog-pkey.xml::non-clustered_pk-3::R3.Corda due to validation error(s): clustered is not allowed on h2
?[m?[37m[INFO] 12:35:38,975 [Test worker] liquibase. - master.changelog.json: migration/node-core.changelog-pkey.xml::non-clustered_pk-4::R3.Corda: Skipping changeSet migration/node-core.changelog-pkey.xml::non-clustered_pk-4::R3.Corda due to validation error(s): clustered is not allowed on h2
?[m?[37m[INFO] 12:35:38,975 [Test worker] liquibase. - master.changelog.json: migration/node-core.changelog-pkey.xml::non-clustered_pk-5::R3.Corda: Skipping changeSet migration/node-core.changelog-pkey.xml::non-clustered_pk-5::R3.Corda due to validation error(s): clustered is not allowed on h2
?[m?[37m[INFO] 12:35:38,975 [Test worker] liquibase. - master.changelog.json: migration/node-core.changelog-pkey.xml::non-clustered_pk-6::R3.Corda: Skipping changeSet migration/node-core.changelog-pkey.xml::non-clustered_pk-6::R3.Corda due to validation error(s): clustered is not allowed on h2
?[m?[37m[INFO] 12:35:38,975 [Test worker] liquibase. - master.changelog.json: migration/node-core.changelog-pkey.xml::non-clustered_pk-7::R3.Corda: Skipping changeSet migration/node-core.changelog-pkey.xml::non-clustered_pk-7::R3.Corda due to validation error(s): clustered is not allowed on h2
?[m?[37m[INFO] 12:35:38,980 [Test worker] liquibase. - master.changelog.json: migration/node-notary.changelog-pkey.xml::non-clustered_pk-notary_state::R3.Corda: Skipping changeSet migration/node-notary.changelog-pkey.xml::non-clustered_pk-notary_state::R3.Corda due to validation error(s): clustered is not allowed on h2
?[m?[37m[INFO] 12:35:38,982 [Test worker] liquibase. - Successfully acquired change log lock
?[m?[37m[INFO] 12:35:38,982 [Test worker] liquibase. - master.changelog.json: migration/common.changelog-init.xml::1511451595465-1.3::R3.Corda: Skipping changeSet migration/common.changelog-init.xml::1511451595465-1.3::R3.Corda due to validation error(s): minValue is not allowed on h2
?[m?[37m[INFO] 12:35:38,985 [Test worker] liquibase. - master.changelog.json: migration/vault-schema.changelog-pkey.xml::non-clustered_pk-11::R3.Corda: Skipping changeSet migration/vault-schema.changelog-pkey.xml::non-clustered_pk-11::R3.Corda due to validation error(s): clustered is not allowed on h2
?[m?[37m[INFO] 12:35:38,985 [Test worker] liquibase. - master.changelog.json: migration/vault-schema.changelog-pkey.xml::non-clustered_pk-12::R3.Corda: Skipping changeSet migration/vault-schema.changelog-pkey.xml::non-clustered_pk-12::R3.Corda due to validation error(s): clustered is not allowed on h2
?[m?[37m[INFO] 12:35:38,985 [Test worker] liquibase. - master.changelog.json: migration/vault-schema.changelog-pkey.xml::non-clustered_pk-13::R3.Corda: Skipping changeSet migration/vault-schema.changelog-pkey.xml::non-clustered_pk-13::R3.Corda due to validation error(s): clustered is not allowed on h2
?[m?[37m[INFO] 12:35:38,989 [Test worker] liquibase. - master.changelog.json: migration/node-core.changelog-pkey.xml::non-clustered_pk-1::R3.Corda: Skipping changeSet migration/node-core.changelog-pkey.xml::non-clustered_pk-1::R3.Corda due to validation error(s): clustered is not allowed on h2
?[m?[37m[INFO] 12:35:38,989 [Test worker] liquibase. - master.changelog.json: migration/node-core.changelog-pkey.xml::non-clustered_pk-2::R3.Corda: Skipping changeSet migration/node-core.changelog-pkey.xml::non-clustered_pk-2::R3.Corda due to validation error(s): clustered is not allowed on h2
?[m?[37m[INFO] 12:35:38,989 [Test worker] liquibase. - master.changelog.json: migration/node-core.changelog-pkey.xml::non-clustered_pk-3::R3.Corda: Skipping changeSet migration/node-core.changelog-pkey.xml::non-clustered_pk-3::R3.Corda due to validation error(s): clustered is not allowed on h2
?[m?[37m[INFO] 12:35:38,989 [Test worker] liquibase. - master.changelog.json: migration/node-core.changelog-pkey.xml::non-clustered_pk-4::R3.Corda: Skipping changeSet migration/node-core.changelog-pkey.xml::non-clustered_pk-4::R3.Corda due to validation error(s): clustered is not allowed on h2
?[m?[37m[INFO] 12:35:38,989 [Test worker] liquibase. - master.changelog.json: migration/node-core.changelog-pkey.xml::non-clustered_pk-5::R3.Corda: Skipping changeSet migration/node-core.changelog-pkey.xml::non-clustered_pk-5::R3.Corda due to validation error(s): clustered is not allowed on h2
?[m?[37m[INFO] 12:35:38,989 [Test worker] liquibase. - master.changelog.json: migration/node-core.changelog-pkey.xml::non-clustered_pk-6::R3.Corda: Skipping changeSet migration/node-core.changelog-pkey.xml::non-clustered_pk-6::R3.Corda due to validation error(s): clustered is not allowed on h2
?[m?[37m[INFO] 12:35:38,989 [Test worker] liquibase. - master.changelog.json: migration/node-core.changelog-pkey.xml::non-clustered_pk-7::R3.Corda: Skipping changeSet migration/node-core.changelog-pkey.xml::non-clustered_pk-7::R3.Corda due to validation error(s): clustered is not allowed on h2
?[m?[37m[INFO] 12:35:38,991 [Test worker] liquibase. - master.changelog.json: migration/node-notary.changelog-pkey.xml::non-clustered_pk-notary_state::R3.Corda: Skipping changeSet migration/node-notary.changelog-pkey.xml::non-clustered_pk-notary_state::R3.Corda due to validation error(s): clustered is not allowed on h2
?[m?[37m[INFO] 12:35:38,991 [Test worker] liquibase. - master.changelog.json: migration/common.changelog-init.xml::1511451595465-1.1::R3.Corda: Sequence hibernate_sequence created
?[m?[37m[INFO] 12:35:38,991 [Test worker] liquibase. - master.changelog.json: migration/common.changelog-init.xml::1511451595465-1.1::R3.Corda: ChangeSet migration/common.changelog-init.xml::1511451595465-1.1::R3.Corda ran successfully in 0ms
?[m?[37m[INFO] 12:35:38,995 [Test worker] liquibase. - master.changelog.json: migration/vault-schema.changelog-init.xml::1511451595465-22::R3.Corda: Table vault_fungible_states created
?[m?[37m[INFO] 12:35:38,995 [Test worker] liquibase. - master.changelog.json: migration/vault-schema.changelog-init.xml::1511451595465-22::R3.Corda: ChangeSet migration/vault-schema.changelog-init.xml::1511451595465-22::R3.Corda ran successfully in 1ms
?[m?[37m[INFO] 12:35:38,996 [Test worker] liquibase. - master.changelog.json: migration/vault-schema.changelog-init.xml::1511451595465-23::R3.Corda: Table vault_fungible_states_parts created
?[m?[37m[INFO] 12:35:38,996 [Test worker] liquibase. - master.changelog.json: migration/vault-schema.changelog-init.xml::1511451595465-23::R3.Corda: ChangeSet migration/vault-schema.changelog-init.xml::1511451595465-23::R3.Corda ran successfully in 0ms
?[m?[37m[INFO] 12:35:38,998 [Test worker] liquibase. - master.changelog.json: migration/vault-schema.changelog-init.xml::1511451595465-24::R3.Corda: Table vault_linear_states created
?[m?[37m[INFO] 12:35:38,998 [Test worker] liquibase. - master.changelog.json: migration/vault-schema.changelog-init.xml::1511451595465-24::R3.Corda: ChangeSet migration/vault-schema.changelog-init.xml::1511451595465-24::R3.Corda ran successfully in 1ms
?[m?[37m[INFO] 12:35:38,999 [Test worker] liquibase. - master.changelog.json: migration/vault-schema.changelog-init.xml::1511451595465-25::R3.Corda: Table vault_linear_states_parts created
?[m?[37m[INFO] 12:35:38,999 [Test worker] liquibase. - master.changelog.json: migration/vault-schema.changelog-init.xml::1511451595465-25::R3.Corda: ChangeSet migration/vault-schema.changelog-init.xml::1511451595465-25::R3.Corda ran successfully in 0ms
?[m?[37m[INFO] 12:35:39,001 [Test worker] liquibase. - master.changelog.json: migration/vault-schema.changelog-init.xml::1511451595465-26::R3.Corda: Table vault_states created
?[m?[37m[INFO] 12:35:39,001 [Test worker] liquibase. - master.changelog.json: migration/vault-schema.changelog-init.xml::1511451595465-26::R3.Corda: ChangeSet migration/vault-schema.changelog-init.xml::1511451595465-26::R3.Corda ran successfully in 1ms
?[m?[37m[INFO] 12:35:39,002 [Test worker] liquibase. - master.changelog.json: migration/vault-schema.changelog-init.xml::1511451595465-27::R3.Corda: Table vault_transaction_notes created
?[m?[37m[INFO] 12:35:39,002 [Test worker] liquibase. - master.changelog.json: migration/vault-schema.changelog-init.xml::1511451595465-27::R3.Corda: ChangeSet migration/vault-schema.changelog-init.xml::1511451595465-27::R3.Corda ran successfully in 0ms
?[m?[37m[INFO] 12:35:39,004 [Test worker] liquibase. - master.changelog.json: migration/vault-schema.changelog-init.xml::1511451595465-47::R3.Corda: Primary key added to vault_fungible_states (output_index, transaction_id)
?[m?[37m[INFO] 12:35:39,004 [Test worker] liquibase. - master.changelog.json: migration/vault-schema.changelog-init.xml::1511451595465-47::R3.Corda: ChangeSet migration/vault-schema.changelog-init.xml::1511451595465-47::R3.Corda ran successfully in 1ms
?[m?[37m[INFO] 12:35:39,005 [Test worker] liquibase. - master.changelog.json: migration/vault-schema.changelog-init.xml::1511451595465-48::R3.Corda: Primary key added to vault_linear_states (output_index, transaction_id)
?[m?[37m[INFO] 12:35:39,005 [Test worker] liquibase. - master.changelog.json: migration/vault-schema.changelog-init.xml::1511451595465-48::R3.Corda: ChangeSet migration/vault-schema.changelog-init.xml::1511451595465-48::R3.Corda ran successfully in 0ms
?[m?[37m[INFO] 12:35:39,006 [Test worker] liquibase. - master.changelog.json: migration/vault-schema.changelog-init.xml::1511451595465-49::R3.Corda: Primary key added to vault_states (output_index, transaction_id)
?[m?[37m[INFO] 12:35:39,006 [Test worker] liquibase. - master.changelog.json: migration/vault-schema.changelog-init.xml::1511451595465-49::R3.Corda: ChangeSet migration/vault-schema.changelog-init.xml::1511451595465-49::R3.Corda ran successfully in 0ms
?[m?[37m[INFO] 12:35:39,007 [Test worker] liquibase. - master.changelog.json: migration/vault-schema.changelog-init.xml::1511451595465-50::R3.Corda: Primary key added to vault_transaction_notes (seq_no)
?[m?[37m[INFO] 12:35:39,007 [Test worker] liquibase. - master.changelog.json: migration/vault-schema.changelog-init.xml::1511451595465-50::R3.Corda: ChangeSet migration/vault-schema.changelog-init.xml::1511451595465-50::R3.Corda ran successfully in 0ms
?[m?[37m[INFO] 12:35:39,008 [Test worker] liquibase. - master.changelog.json: migration/vault-schema.changelog-init.xml::1511451595465-53::R3.Corda: Index external_id_index created
?[m?[37m[INFO] 12:35:39,008 [Test worker] liquibase. - master.changelog.json: migration/vault-schema.changelog-init.xml::1511451595465-53::R3.Corda: ChangeSet migration/vault-schema.changelog-init.xml::1511451595465-53::R3.Corda ran successfully in 0ms
?[m?[37m[INFO] 12:35:39,009 [Test worker] liquibase. - master.changelog.json: migration/vault-schema.changelog-init.xml::1511451595465-55::R3.Corda: Index lock_id_idx created
?[m?[37m[INFO] 12:35:39,009 [Test worker] liquibase. - master.changelog.json: migration/vault-schema.changelog-init.xml::1511451595465-55::R3.Corda: ChangeSet migration/vault-schema.changelog-init.xml::1511451595465-55::R3.Corda ran successfully in 0ms
?[m?[37m[INFO] 12:35:39,010 [Test worker] liquibase. - master.changelog.json: migration/vault-schema.changelog-init.xml::1511451595465-58::R3.Corda: Index state_status_idx created
?[m?[37m[INFO] 12:35:39,010 [Test worker] liquibase. - master.changelog.json: migration/vault-schema.changelog-init.xml::1511451595465-58::R3.Corda: ChangeSet migration/vault-schema.changelog-init.xml::1511451595465-58::R3.Corda ran successfully in 0ms
?[m?[37m[INFO] 12:35:39,012 [Test worker] liquibase. - master.changelog.json: migration/vault-schema.changelog-init.xml::1511451595465-59::R3.Corda: Index transaction_id_index created
?[m?[37m[INFO] 12:35:39,012 [Test worker] liquibase. - master.changelog.json: migration/vault-schema.changelog-init.xml::1511451595465-59::R3.Corda: ChangeSet migration/vault-schema.changelog-init.xml::1511451595465-59::R3.Corda ran successfully in 1ms
?[m?[37m[INFO] 12:35:39,013 [Test worker] liquibase. - master.changelog.json: migration/vault-schema.changelog-init.xml::1511451595465-60::R3.Corda: Index uuid_index created
?[m?[37m[INFO] 12:35:39,013 [Test worker] liquibase. - master.changelog.json: migration/vault-schema.changelog-init.xml::1511451595465-60::R3.Corda: ChangeSet migration/vault-schema.changelog-init.xml::1511451595465-60::R3.Corda ran successfully in 1ms
?[m?[37m[INFO] 12:35:39,014 [Test worker] liquibase. - master.changelog.json: migration/vault-schema.changelog-init.xml::1511451595465-64::R3.Corda: Foreign key constraint added to vault_fungible_states_parts (output_index,transaction_id)
?[m?[37m[INFO] 12:35:39,014 [Test worker] liquibase. - master.changelog.json: migration/vault-schema.changelog-init.xml::1511451595465-64::R3.Corda: ChangeSet migration/vault-schema.changelog-init.xml::1511451595465-64::R3.Corda ran successfully in 1ms
?[m?[37m[INFO] 12:35:39,016 [Test worker] liquibase. - master.changelog.json: migration/vault-schema.changelog-init.xml::1511451595465-65::R3.Corda: Foreign key constraint added to vault_linear_states_parts (output_index,transaction_id)
?[m?[37m[INFO] 12:35:39,016 [Test worker] liquibase. - master.changelog.json: migration/vault-schema.changelog-init.xml::1511451595465-65::R3.Corda: ChangeSet migration/vault-schema.changelog-init.xml::1511451595465-65::R3.Corda ran successfully in 1ms
?[m?[37m[INFO] 12:35:39,017 [Test worker] liquibase. - master.changelog.json: migration/vault-schema.changelog-v3.xml::clean_vault::R3.Corda: Data deleted from vault_fungible_states_parts
?[m?[37m[INFO] 12:35:39,017 [Test worker] liquibase. - master.changelog.json: migration/vault-schema.changelog-v3.xml::clean_vault::R3.Corda: Data deleted from vault_fungible_states
?[m?[37m[INFO] 12:35:39,017 [Test worker] liquibase. - master.changelog.json: migration/vault-schema.changelog-v3.xml::clean_vault::R3.Corda: Data deleted from vault_linear_states_parts
?[m?[37m[INFO] 12:35:39,017 [Test worker] liquibase. - master.changelog.json: migration/vault-schema.changelog-v3.xml::clean_vault::R3.Corda: Data deleted from vault_linear_states
?[m?[37m[INFO] 12:35:39,017 [Test worker] liquibase. - master.changelog.json: migration/vault-schema.changelog-v3.xml::clean_vault::R3.Corda: Data deleted from vault_states
?[m?[37m[INFO] 12:35:39,017 [Test worker] liquibase. - master.changelog.json: migration/vault-schema.changelog-v3.xml::clean_vault::R3.Corda: Data deleted from vault_transaction_notes
?[m?[37m[INFO] 12:35:39,017 [Test worker] liquibase. - master.changelog.json: migration/vault-schema.changelog-v3.xml::clean_vault::R3.Corda: ChangeSet migration/vault-schema.changelog-v3.xml::clean_vault::R3.Corda ran successfully in 0ms
?[m?[37m[INFO] 12:35:39,018 [Test worker] liquibase. - master.changelog.json: migration/vault-schema.changelog-v4.xml::nullability::R3.Corda: Null constraint has been added to vault_fungible_states.quantity
?[m?[37m[INFO] 12:35:39,018 [Test worker] liquibase. - master.changelog.json: migration/vault-schema.changelog-v4.xml::nullability::R3.Corda: Null constraint has been added to vault_states.contract_state_class_name
?[m?[37m[INFO] 12:35:39,018 [Test worker] liquibase. - master.changelog.json: migration/vault-schema.changelog-v4.xml::nullability::R3.Corda: Null constraint has been added to vault_states.notary_name
?[m?[37m[INFO] 12:35:39,018 [Test worker] liquibase. - master.changelog.json: migration/vault-schema.changelog-v4.xml::nullability::R3.Corda: Null constraint has been added to vault_states.recorded_timestamp
?[m?[37m[INFO] 12:35:39,019 [Test worker] liquibase. - master.changelog.json: migration/vault-schema.changelog-v4.xml::nullability::R3.Corda: Index state_status_idx dropped from table vault_states
?[m?[37m[INFO] 12:35:39,019 [Test worker] liquibase. - master.changelog.json: migration/vault-schema.changelog-v4.xml::nullability::R3.Corda: Index lock_id_idx dropped from table vault_states
?[m?[37m[INFO] 12:35:39,019 [Test worker] liquibase. - master.changelog.json: migration/vault-schema.changelog-v4.xml::nullability::R3.Corda: Null constraint has been added to vault_states.state_status
?[m?[37m[INFO] 12:35:39,019 [Test worker] liquibase. - master.changelog.json: migration/vault-schema.changelog-v4.xml::nullability::R3.Corda: Index state_status_idx created
?[m?[37m[INFO] 12:35:39,019 [Test worker] liquibase. - master.changelog.json: migration/vault-schema.changelog-v4.xml::nullability::R3.Corda: Index lock_id_idx created
?[m?[37m[INFO] 12:35:39,020 [Test worker] liquibase. - master.changelog.json: migration/vault-schema.changelog-v4.xml::nullability::R3.Corda: Index transaction_id_index dropped from table vault_transaction_notes
?[m?[37m[INFO] 12:35:39,020 [Test worker] liquibase. - master.changelog.json: migration/vault-schema.changelog-v4.xml::nullability::R3.Corda: Null constraint has been added to vault_transaction_notes.note
?[m?[37m[INFO] 12:35:39,020 [Test worker] liquibase. - master.changelog.json: migration/vault-schema.changelog-v4.xml::nullability::R3.Corda: Null constraint has been added to vault_transaction_notes.transaction_id
?[m?[37m[INFO] 12:35:39,020 [Test worker] liquibase. - master.changelog.json: migration/vault-schema.changelog-v4.xml::nullability::R3.Corda: Index transaction_id_index created
?[m?[37m[INFO] 12:35:39,020 [Test worker] liquibase. - master.changelog.json: migration/vault-schema.changelog-v4.xml::nullability::R3.Corda: ChangeSet migration/vault-schema.changelog-v4.xml::nullability::R3.Corda ran successfully in 2ms
?[m?[37m[INFO] 12:35:39,027 [Test worker] liquibase. - master.changelog.json: migration/vault-schema.changelog-v5.xml::add_relevancy_status_column::R3.Corda: Columns relevancy_status(INT) added to vault_states
?[m?[37m[INFO] 12:35:39,027 [Test worker] liquibase. - master.changelog.json: migration/vault-schema.changelog-v5.xml::add_relevancy_status_column::R3.Corda: Data updated in vault_states
?[m?[37m[INFO] 12:35:39,027 [Test worker] liquibase. - master.changelog.json: migration/vault-schema.changelog-v5.xml::add_relevancy_status_column::R3.Corda: Null constraint has been added to vault_states.relevancy_status
?[m?[37m[INFO] 12:35:39,027 [Test worker] liquibase. - master.changelog.json: migration/vault-schema.changelog-v5.xml::add_relevancy_status_column::R3.Corda: ChangeSet migration/vault-schema.changelog-v5.xml::add_relevancy_status_column::R3.Corda ran successfully in 3ms
?[m?[37m[INFO] 12:35:39,030 [Test worker] liquibase. - master.changelog.json: migration/vault-schema.changelog-v6.xml::add_is_constraint_information_columns::R3.Corda: Columns constraint_type(INT) added to vault_states
?[m?[37m[INFO] 12:35:39,033 [Test worker] liquibase. - master.changelog.json: migration/vault-schema.changelog-v6.xml::add_is_constraint_information_columns::R3.Corda: Columns constraint_data(varbinary(563)) added to vault_states
?[m?[37m[INFO] 12:35:39,033 [Test worker] liquibase. - master.changelog.json: migration/vault-schema.changelog-v6.xml::add_is_constraint_information_columns::R3.Corda: ChangeSet migration/vault-schema.changelog-v6.xml::add_is_constraint_information_columns::R3.Corda ran successfully in 5ms
?[m?[37m[INFO] 12:35:39,034 [Test worker] liquibase. - master.changelog.json: migration/vault-schema.changelog-v7.xml::make_issuer_ref_nullable::R3.Corda: Null constraint dropped from vault_fungible_states.issuer_ref
?[m?[37m[INFO] 12:35:39,034 [Test worker] liquibase. - master.changelog.json: migration/vault-schema.changelog-v7.xml::make_issuer_ref_nullable::R3.Corda: ChangeSet migration/vault-schema.changelog-v7.xml::make_issuer_ref_nullable::R3.Corda ran successfully in 0ms
?[m?[37m[INFO] 12:35:39,035 [Test worker] liquibase. - master.changelog.json: migration/vault-schema.changelog-v8.xml::create-external-id-to-state-party-view::R3.Corda: Table state_party created
?[m?[37m[INFO] 12:35:39,035 [Test worker] liquibase. - master.changelog.json: migration/vault-schema.changelog-v8.xml::create-external-id-to-state-party-view::R3.Corda: Index state_pk_hash_idx created
?[m?[37m[INFO] 12:35:39,036 [Test worker] liquibase. - master.changelog.json: migration/vault-schema.changelog-v8.xml::create-external-id-to-state-party-view::R3.Corda: Table pk_hash_to_ext_id_map created
?[m?[37m[INFO] 12:35:39,036 [Test worker] liquibase. - master.changelog.json: migration/vault-schema.changelog-v8.xml::create-external-id-to-state-party-view::R3.Corda: Index pk_hash_to_xid_idx created
?[m?[37m[INFO] 12:35:39,037 [Test worker] liquibase. - master.changelog.json: migration/vault-schema.changelog-v8.xml::create-external-id-to-state-party-view::R3.Corda: View v_pkey_hash_ex_id_map created
?[m?[37m[INFO] 12:35:39,037 [Test worker] liquibase. - master.changelog.json: migration/vault-schema.changelog-v8.xml::create-external-id-to-state-party-view::R3.Corda: ChangeSet migration/vault-schema.changelog-v8.xml::create-external-id-to-state-party-view::R3.Corda ran successfully in 2ms
?[m?[37m[INFO] 12:35:39,039 [Test worker] liquibase. - master.changelog.json: migration/node-info.changelog-init.xml::1511451595465-4::R3.Corda: Table node_link_nodeinfo_party created
?[m?[37m[INFO] 12:35:39,039 [Test worker] liquibase. - master.changelog.json: migration/node-info.changelog-init.xml::1511451595465-4::R3.Corda: ChangeSet migration/node-info.changelog-init.xml::1511451595465-4::R3.Corda ran successfully in 1ms
?[m?[37m[INFO] 12:35:39,040 [Test worker] liquibase. - master.changelog.json: migration/node-info.changelog-init.xml::1511451595465-10::R3.Corda: Table node_info_hosts created
?[m?[37m[INFO] 12:35:39,040 [Test worker] liquibase. - master.changelog.json: migration/node-info.changelog-init.xml::1511451595465-10::R3.Corda: ChangeSet migration/node-info.changelog-init.xml::1511451595465-10::R3.Corda ran successfully in 1ms
?[m?[37m[INFO] 12:35:39,041 [Test worker] liquibase. - master.changelog.json: migration/node-info.changelog-init.xml::1511451595465-11::R3.Corda: Table node_info_party_cert created
?[m?[37m[INFO] 12:35:39,041 [Test worker] liquibase. - master.changelog.json: migration/node-info.changelog-init.xml::1511451595465-11::R3.Corda: ChangeSet migration/node-info.changelog-init.xml::1511451595465-11::R3.Corda ran successfully in 1ms
?[m?[37m[INFO] 12:35:39,042 [Test worker] liquibase. - master.changelog.json: migration/node-info.changelog-init.xml::1511451595465-12::R3.Corda: Table node_infos created
?[m?[37m[INFO] 12:35:39,042 [Test worker] liquibase. - master.changelog.json: migration/node-info.changelog-init.xml::1511451595465-12::R3.Corda: ChangeSet migration/node-info.changelog-init.xml::1511451595465-12::R3.Corda ran successfully in 1ms
?[m?[37m[INFO] 12:35:39,043 [Test worker] liquibase. - master.changelog.json: migration/node-info.changelog-init.xml::1511451595465-35::R3.Corda: Primary key added to node_info_hosts (host, port)
?[m?[37m[INFO] 12:35:39,043 [Test worker] liquibase. - master.changelog.json: migration/node-info.changelog-init.xml::1511451595465-35::R3.Corda: ChangeSet migration/node-info.changelog-init.xml::1511451595465-35::R3.Corda ran successfully in 0ms
?[m?[37m[INFO] 12:35:39,045 [Test worker] liquibase. - master.changelog.json: migration/node-info.changelog-init.xml::1511451595465-36::R3.Corda: Primary key added to node_info_party_cert (party_name)
?[m?[37m[INFO] 12:35:39,045 [Test worker] liquibase. - master.changelog.json: migration/node-info.changelog-init.xml::1511451595465-36::R3.Corda: ChangeSet migration/node-info.changelog-init.xml::1511451595465-36::R3.Corda ran successfully in 0ms
?[m?[37m[INFO] 12:35:39,046 [Test worker] liquibase. - master.changelog.json: migration/node-info.changelog-init.xml::1511451595465-37::R3.Corda: Primary key added to node_infos (node_info_id)
?[m?[37m[INFO] 12:35:39,046 [Test worker] liquibase. - master.changelog.json: migration/node-info.changelog-init.xml::1511451595465-37::R3.Corda: ChangeSet migration/node-info.changelog-init.xml::1511451595465-37::R3.Corda ran successfully in 0ms
?[m?[37m[INFO] 12:35:39,048 [Test worker] liquibase. - master.changelog.json: migration/node-info.changelog-init.xml::1511451595465-62::R3.Corda: Foreign key constraint added to node_link_nodeinfo_party (node_info_id)
?[m?[37m[INFO] 12:35:39,048 [Test worker] liquibase. - master.changelog.json: migration/node-info.changelog-init.xml::1511451595465-62::R3.Corda: ChangeSet migration/node-info.changelog-init.xml::1511451595465-62::R3.Corda ran successfully in 1ms
?[m?[37m[INFO] 12:35:39,050 [Test worker] liquibase. - master.changelog.json: migration/node-info.changelog-init.xml::1511451595465-63::R3.Corda: Foreign key constraint added to node_info_hosts (node_info_id)
?[m?[37m[INFO] 12:35:39,050 [Test worker] liquibase. - master.changelog.json: migration/node-info.changelog-init.xml::1511451595465-63::R3.Corda: ChangeSet migration/node-info.changelog-init.xml::1511451595465-63::R3.Corda ran successfully in 1ms
?[m?[37m[INFO] 12:35:39,051 [Test worker] liquibase. - master.changelog.json: migration/node-info.changelog-init.xml::remove_host_port_pk::R3.Corda: Data deleted from node_infos
?[m?[37m[INFO] 12:35:39,051 [Test worker] liquibase. - master.changelog.json: migration/node-info.changelog-init.xml::remove_host_port_pk::R3.Corda: Data deleted from node_link_nodeinfo_party
?[m?[37m[INFO] 12:35:39,051 [Test worker] liquibase. - master.changelog.json: migration/node-info.changelog-init.xml::remove_host_port_pk::R3.Corda: Data deleted from node_info_hosts
?[m?[37m[INFO] 12:35:39,051 [Test worker] liquibase. - master.changelog.json: migration/node-info.changelog-init.xml::remove_host_port_pk::R3.Corda: Data deleted from node_info_party_cert
?[m?[37m[INFO] 12:35:39,051 [Test worker] liquibase. - master.changelog.json: migration/node-info.changelog-init.xml::remove_host_port_pk::R3.Corda: Primary key dropped from node_info_hosts
?[m?[37m[INFO] 12:35:39,052 [Test worker] liquibase. - master.changelog.json: migration/node-info.changelog-init.xml::remove_host_port_pk::R3.Corda: Columns hosts_id(INT) added to node_info_hosts
?[m?[37m[INFO] 12:35:39,052 [Test worker] liquibase. - master.changelog.json: migration/node-info.changelog-init.xml::remove_host_port_pk::R3.Corda: Primary key added to node_info_hosts (hosts_id)
?[m?[37m[INFO] 12:35:39,052 [Test worker] liquibase. - master.changelog.json: migration/node-info.changelog-init.xml::remove_host_port_pk::R3.Corda: ChangeSet migration/node-info.changelog-init.xml::remove_host_port_pk::R3.Corda ran successfully in 1ms
?[m?[37m[INFO] 12:35:39,054 [Test worker] liquibase. - master.changelog.json: migration/node-info.changelog-v1.xml::key/value node properties table::R3.Corda: Table node_properties created
?[m?[37m[INFO] 12:35:39,054 [Test worker] liquibase. - master.changelog.json: migration/node-info.changelog-v1.xml::key/value node properties table::R3.Corda: ChangeSet migration/node-info.changelog-v1.xml::key/value node properties table::R3.Corda ran successfully in 0ms
?[m?[37m[INFO] 12:35:39,055 [Test worker] liquibase. - master.changelog.json: migration/node-info.changelog-v2.xml::1525962920::R3.Corda: Null constraint has been added to node_infos.node_info_hash
?[m?[37m[INFO] 12:35:39,055 [Test worker] liquibase. - master.changelog.json: migration/node-info.changelog-v2.xml::1525962920::R3.Corda: Null constraint has been added to node_infos.platform_version
?[m?[37m[INFO] 12:35:39,055 [Test worker] liquibase. - master.changelog.json: migration/node-info.changelog-v2.xml::1525962920::R3.Corda: Null constraint has been added to node_infos.serial
?[m?[37m[INFO] 12:35:39,055 [Test worker] liquibase. - master.changelog.json: migration/node-info.changelog-v2.xml::1525962920::R3.Corda: Null constraint dropped from node_info_hosts.host
?[m?[37m[INFO] 12:35:39,056 [Test worker] liquibase. - master.changelog.json: migration/node-info.changelog-v2.xml::1525962920::R3.Corda: Null constraint dropped from node_info_hosts.port
?[m?[37m[INFO] 12:35:39,056 [Test worker] liquibase. - master.changelog.json: migration/node-info.changelog-v2.xml::1525962920::R3.Corda: Null constraint has been added to node_info_party_cert.owning_key_hash
?[m?[37m[INFO] 12:35:39,056 [Test worker] liquibase. - master.changelog.json: migration/node-info.changelog-v2.xml::1525962920::R3.Corda: Null constraint has been added to node_info_party_cert.party_cert_binary
?[m?[37m[INFO] 12:35:39,056 [Test worker] liquibase. - master.changelog.json: migration/node-info.changelog-v2.xml::1525962920::R3.Corda: ChangeSet migration/node-info.changelog-v2.xml::1525962920::R3.Corda ran successfully in 1ms
?[m?[37m[INFO] 12:35:39,058 [Test worker] liquibase. - master.changelog.json: migration/node-info.changelog-v3.xml::column_host_name::R3.Corda: Column node_info_hosts.host renamed to host_name
?[m?[37m[INFO] 12:35:39,058 [Test worker] liquibase. - master.changelog.json: migration/node-info.changelog-v3.xml::column_host_name::R3.Corda: ChangeSet migration/node-info.changelog-v3.xml::column_host_name::R3.Corda ran successfully in 0ms
?[m?[37m[INFO] 12:35:39,060 [Test worker] liquibase. - master.changelog.json: migration/node-services.changelog-init.xml::1511451595465-5::R3.Corda: Table node_attachments created
?[m?[37m[INFO] 12:35:39,060 [Test worker] liquibase. - master.changelog.json: migration/node-services.changelog-init.xml::1511451595465-5::R3.Corda: ChangeSet migration/node-services.changelog-init.xml::1511451595465-5::R3.Corda ran successfully in 0ms
?[m?[37m[INFO] 12:35:39,062 [Test worker] liquibase. - master.changelog.json: migration/node-services.changelog-init.xml::1511451595465-7::R3.Corda: Table node_checkpoints created
?[m?[37m[INFO] 12:35:39,062 [Test worker] liquibase. - master.changelog.json: migration/node-services.changelog-init.xml::1511451595465-7::R3.Corda: ChangeSet migration/node-services.changelog-init.xml::1511451595465-7::R3.Corda ran successfully in 1ms
?[m?[37m[INFO] 12:35:39,064 [Test worker] liquibase. - master.changelog.json: migration/node-services.changelog-init.xml::1511451595465-8::R3.Corda: Table node_contract_upgrades created
?[m?[37m[INFO] 12:35:39,064 [Test worker] liquibase. - master.changelog.json: migration/node-services.changelog-init.xml::1511451595465-8::R3.Corda: ChangeSet migration/node-services.changelog-init.xml::1511451595465-8::R3.Corda ran successfully in 1ms
?[m?[37m[INFO] 12:35:39,065 [Test worker] liquibase. - master.changelog.json: migration/node-services.changelog-init.xml::1511451595465-9::R3.Corda: Table node_identities created
?[m?[37m[INFO] 12:35:39,065 [Test worker] liquibase. - master.changelog.json: migration/node-services.changelog-init.xml::1511451595465-9::R3.Corda: ChangeSet migration/node-services.changelog-init.xml::1511451595465-9::R3.Corda ran successfully in 0ms
?[m?[37m[INFO] 12:35:39,067 [Test worker] liquibase. - master.changelog.json: migration/node-services.changelog-init.xml::1511451595465-13::R3.Corda: Table node_message_ids created
?[m?[37m[INFO] 12:35:39,067 [Test worker] liquibase. - master.changelog.json: migration/node-services.changelog-init.xml::1511451595465-13::R3.Corda: ChangeSet migration/node-services.changelog-init.xml::1511451595465-13::R3.Corda ran successfully in 1ms
?[m?[37m[INFO] 12:35:39,069 [Test worker] liquibase. - master.changelog.json: migration/node-services.changelog-init.xml::1511451595465-14::R3.Corda: Table node_message_retry created
?[m?[37m[INFO] 12:35:39,069 [Test worker] liquibase. - master.changelog.json: migration/node-services.changelog-init.xml::1511451595465-14::R3.Corda: ChangeSet migration/node-services.changelog-init.xml::1511451595465-14::R3.Corda ran successfully in 1ms
?[m?[37m[INFO] 12:35:39,071 [Test worker] liquibase. - master.changelog.json: migration/node-services.changelog-init.xml::1511451595465-15::R3.Corda: Table node_named_identities created
?[m?[37m[INFO] 12:35:39,071 [Test worker] liquibase. - master.changelog.json: migration/node-services.changelog-init.xml::1511451595465-15::R3.Corda: ChangeSet migration/node-services.changelog-init.xml::1511451595465-15::R3.Corda ran successfully in 1ms
?[m?[37m[INFO] 12:35:39,073 [Test worker] liquibase. - master.changelog.json: migration/node-services.changelog-init.xml::1511451595465-17::R3.Corda: Table node_our_key_pairs created
?[m?[37m[INFO] 12:35:39,073 [Test worker] liquibase. - master.changelog.json: migration/node-services.changelog-init.xml::1511451595465-17::R3.Corda: ChangeSet migration/node-services.changelog-init.xml::1511451595465-17::R3.Corda ran successfully in 1ms
?[m?[37m[INFO] 12:35:39,075 [Test worker] liquibase. - master.changelog.json: migration/node-services.changelog-init.xml::1511451595465-19::R3.Corda: Table node_scheduled_states created
?[m?[37m[INFO] 12:35:39,075 [Test worker] liquibase. - master.changelog.json: migration/node-services.changelog-init.xml::1511451595465-19::R3.Corda: ChangeSet migration/node-services.changelog-init.xml::1511451595465-19::R3.Corda ran successfully in 1ms
?[m?[37m[INFO] 12:35:39,077 [Test worker] liquibase. - master.changelog.json: migration/node-services.changelog-init.xml::1511451595465-20::R3.Corda: Table node_transaction_mappings created
?[m?[37m[INFO] 12:35:39,077 [Test worker] liquibase. - master.changelog.json: migration/node-services.changelog-init.xml::1511451595465-20::R3.Corda: ChangeSet migration/node-services.changelog-init.xml::1511451595465-20::R3.Corda ran successfully in 1ms
?[m?[37m[INFO] 12:35:39,078 [Test worker] liquibase. - master.changelog.json: migration/node-services.changelog-init.xml::1511451595465-21::R3.Corda: Table node_transactions created
?[m?[37m[INFO] 12:35:39,078 [Test worker] liquibase. - master.changelog.json: migration/node-services.changelog-init.xml::1511451595465-21::R3.Corda: ChangeSet migration/node-services.changelog-init.xml::1511451595465-21::R3.Corda ran successfully in 0ms
?[m?[37m[INFO] 12:35:39,080 [Test worker] liquibase. - master.changelog.json: migration/node-services.changelog-init.xml::1511451595465-30::R3.Corda: Primary key added to node_attachments (att_id)
?[m?[37m[INFO] 12:35:39,080 [Test worker] liquibase. - master.changelog.json: migration/node-services.changelog-init.xml::1511451595465-30::R3.Corda: ChangeSet migration/node-services.changelog-init.xml::1511451595465-30::R3.Corda ran successfully in 1ms
?[m?[37m[INFO] 12:35:39,082 [Test worker] liquibase. - master.changelog.json: migration/node-services.changelog-init.xml::1511451595465-32::R3.Corda: Primary key added to node_checkpoints (checkpoint_id)
?[m?[37m[INFO] 12:35:39,082 [Test worker] liquibase. - master.changelog.json: migration/node-services.changelog-init.xml::1511451595465-32::R3.Corda: ChangeSet migration/node-services.changelog-init.xml::1511451595465-32::R3.Corda ran successfully in 1ms
?[m?[37m[INFO] 12:35:39,084 [Test worker] liquibase. - master.changelog.json: migration/node-services.changelog-init.xml::1511451595465-33::R3.Corda: Primary key added to node_contract_upgrades (state_ref)
?[m?[37m[INFO] 12:35:39,084 [Test worker] liquibase. - master.changelog.json: migration/node-services.changelog-init.xml::1511451595465-33::R3.Corda: ChangeSet migration/node-services.changelog-init.xml::1511451595465-33::R3.Corda ran successfully in 0ms
?[m?[37m[INFO] 12:35:39,086 [Test worker] liquibase. - master.changelog.json: migration/node-services.changelog-init.xml::1511451595465-34::R3.Corda: Primary key added to node_identities (pk_hash)
?[m?[37m[INFO] 12:35:39,086 [Test worker] liquibase. - master.changelog.json: migration/node-services.changelog-init.xml::1511451595465-34::R3.Corda: ChangeSet migration/node-services.changelog-init.xml::1511451595465-34::R3.Corda ran successfully in 1ms
?[m?[37m[INFO] 12:35:39,087 [Test worker] liquibase. - master.changelog.json: migration/node-services.changelog-init.xml::1511451595465-38::R3.Corda: Primary key added to node_message_ids (message_id)
?[m?[37m[INFO] 12:35:39,087 [Test worker] liquibase. - master.changelog.json: migration/node-services.changelog-init.xml::1511451595465-38::R3.Corda: ChangeSet migration/node-services.changelog-init.xml::1511451595465-38::R3.Corda ran successfully in 0ms
?[m?[37m[INFO] 12:35:39,088 [Test worker] liquibase. - master.changelog.json: migration/node-services.changelog-init.xml::1511451595465-39::R3.Corda: Primary key added to node_message_retry (message_id)
?[m?[37m[INFO] 12:35:39,088 [Test worker] liquibase. - master.changelog.json: migration/node-services.changelog-init.xml::1511451595465-39::R3.Corda: ChangeSet migration/node-services.changelog-init.xml::1511451595465-39::R3.Corda ran successfully in 0ms
?[m?[37m[INFO] 12:35:39,090 [Test worker] liquibase. - master.changelog.json: migration/node-services.changelog-init.xml::1511451595465-40::R3.Corda: Primary key added to node_named_identities (name)
?[m?[37m[INFO] 12:35:39,090 [Test worker] liquibase. - master.changelog.json: migration/node-services.changelog-init.xml::1511451595465-40::R3.Corda: ChangeSet migration/node-services.changelog-init.xml::1511451595465-40::R3.Corda ran successfully in 1ms
?[m?[37m[INFO] 12:35:39,091 [Test worker] liquibase. - master.changelog.json: migration/node-services.changelog-init.xml::1511451595465-42::R3.Corda: Primary key added to node_our_key_pairs (public_key_hash)
?[m?[37m[INFO] 12:35:39,091 [Test worker] liquibase. - master.changelog.json: migration/node-services.changelog-init.xml::1511451595465-42::R3.Corda: ChangeSet migration/node-services.changelog-init.xml::1511451595465-42::R3.Corda ran successfully in 0ms
?[m?[37m[INFO] 12:35:39,092 [Test worker] liquibase. - master.changelog.json: migration/node-services.changelog-init.xml::1511451595465-44::R3.Corda: Primary key added to node_scheduled_states (output_index, transaction_id)
?[m?[37m[INFO] 12:35:39,092 [Test worker] liquibase. - master.changelog.json: migration/node-services.changelog-init.xml::1511451595465-44::R3.Corda: ChangeSet migration/node-services.changelog-init.xml::1511451595465-44::R3.Corda ran successfully in 0ms
?[m?[37m[INFO] 12:35:39,094 [Test worker] liquibase. - master.changelog.json: migration/node-services.changelog-init.xml::1511451595465-45::R3.Corda: Primary key added to node_transaction_mappings (tx_id)
?[m?[37m[INFO] 12:35:39,094 [Test worker] liquibase. - master.changelog.json: migration/node-services.changelog-init.xml::1511451595465-45::R3.Corda: ChangeSet migration/node-services.changelog-init.xml::1511451595465-45::R3.Corda ran successfully in 1ms
?[m?[37m[INFO] 12:35:39,096 [Test worker] liquibase. - master.changelog.json: migration/node-services.changelog-init.xml::1511451595465-46::R3.Corda: Primary key added to node_transactions (tx_id)
?[m?[37m[INFO] 12:35:39,096 [Test worker] liquibase. - master.changelog.json: migration/node-services.changelog-init.xml::1511451595465-46::R3.Corda: ChangeSet migration/node-services.changelog-init.xml::1511451595465-46::R3.Corda ran successfully in 1ms
?[m?[37m[INFO] 12:35:39,098 [Test worker] liquibase. - master.changelog.json: migration/node-services.changelog-init.xml::1511451595465-61::R3.Corda: Foreign key constraint added to node_link_nodeinfo_party (party_name)
?[m?[37m[INFO] 12:35:39,098 [Test worker] liquibase. - master.changelog.json: migration/node-services.changelog-init.xml::1511451595465-61::R3.Corda: ChangeSet migration/node-services.changelog-init.xml::1511451595465-61::R3.Corda ran successfully in 1ms
?[m?[37m[INFO] 12:35:39,100 [Test worker] liquibase. - master.changelog.json: migration/node-services.changelog-init.xml::add index att_id::R3.Corda: Index att_id_idx created
?[m?[37m[INFO] 12:35:39,100 [Test worker] liquibase. - master.changelog.json: migration/node-services.changelog-init.xml::add index att_id::R3.Corda: ChangeSet migration/node-services.changelog-init.xml::add index att_id::R3.Corda ran successfully in 1ms
?[m?[37m[INFO] 12:35:39,102 [Test worker] liquibase. - master.changelog.json: migration/node-services.changelog-init.xml::add_contract_attachment::R3.Corda: Table node_attchments_contracts created
?[m?[37m[INFO] 12:35:39,102 [Test worker] liquibase. - master.changelog.json: migration/node-services.changelog-init.xml::add_contract_attachment::R3.Corda: Foreign key constraint added to node_attchments_contracts (att_id)
?[m?[37m[INFO] 12:35:39,103 [Test worker] liquibase. - master.changelog.json: migration/node-services.changelog-init.xml::add_contract_attachment::R3.Corda: Data deleted from node_attachments
?[m?[37m[INFO] 12:35:39,103 [Test worker] liquibase. - master.changelog.json: migration/node-services.changelog-init.xml::add_contract_attachment::R3.Corda: ChangeSet migration/node-services.changelog-init.xml::add_contract_attachment::R3.Corda ran successfully in 2ms
?[m?[37m[INFO] 12:35:39,107 [Test worker] liquibase. - master.changelog.json: migration/node-services.changelog-init.xml::add_dedup_columns::R3.Corda: Columns sender(NVARCHAR(64)),sequence_number(BIGINT) added to node_message_ids
?[m?[37m[INFO] 12:35:39,107 [Test worker] liquibase. - master.changelog.json: migration/node-services.changelog-init.xml::add_dedup_columns::R3.Corda: ChangeSet migration/node-services.changelog-init.xml::add_dedup_columns::R3.Corda ran successfully in 3ms
?[m?[37m[INFO] 12:35:39,109 [Test worker] liquibase. - master.changelog.json: migration/node-core.changelog-v4.xml::attchments_rename::R3.Corda: Table node_attchments_contracts renamed to node_attachments_contracts
?[m?[37m[INFO] 12:35:39,109 [Test worker] liquibase. - master.changelog.json: migration/node-core.changelog-v4.xml::attchments_rename::R3.Corda: ChangeSet migration/node-core.changelog-v4.xml::attchments_rename::R3.Corda ran successfully in 0ms
?[m?[37m[INFO] 12:35:39,111 [Test worker] liquibase. - master.changelog.json: migration/node-core.changelog-v4.xml::nullability::R3.Corda: Null constraint has been added to node_identities.identity_value
?[m?[37m[INFO] 12:35:39,111 [Test worker] liquibase. - master.changelog.json: migration/node-core.changelog-v4.xml::nullability::R3.Corda: Null constraint has been added to node_attachments.content
?[m?[37m[INFO] 12:35:39,111 [Test worker] liquibase. - master.changelog.json: migration/node-core.changelog-v4.xml::nullability::R3.Corda: Null constraint has been added to node_attachments_contracts.contract_class_name
?[m?[37m[INFO] 12:35:39,111 [Test worker] liquibase. - master.changelog.json: migration/node-core.changelog-v4.xml::nullability::R3.Corda: Null constraint has been added to node_checkpoints.checkpoint_value
?[m?[37m[INFO] 12:35:39,112 [Test worker] liquibase. - master.changelog.json: migration/node-core.changelog-v4.xml::nullability::R3.Corda: Null constraint has been added to node_contract_upgrades.contract_class_name
?[m?[37m[INFO] 12:35:39,112 [Test worker] liquibase. - master.changelog.json: migration/node-core.changelog-v4.xml::nullability::R3.Corda: Null constraint has been added to node_message_ids.insertion_time
?[m?[37m[INFO] 12:35:39,112 [Test worker] liquibase. - master.changelog.json: migration/node-core.changelog-v4.xml::nullability::R3.Corda: Null constraint has been added to node_message_retry.message
?[m?[37m[INFO] 12:35:39,112 [Test worker] liquibase. - master.changelog.json: migration/node-core.changelog-v4.xml::nullability::R3.Corda: Null constraint has been added to node_message_retry.recipients
?[m?[37m[INFO] 12:35:39,112 [Test worker] liquibase. - master.changelog.json: migration/node-core.changelog-v4.xml::nullability::R3.Corda: Null constraint has been added to node_named_identities.pk_hash
?[m?[37m[INFO] 12:35:39,112 [Test worker] liquibase. - master.changelog.json: migration/node-core.changelog-v4.xml::nullability::R3.Corda: Null constraint has been added to node_our_key_pairs.private_key
?[m?[37m[INFO] 12:35:39,112 [Test worker] liquibase. - master.changelog.json: migration/node-core.changelog-v4.xml::nullability::R3.Corda: Null constraint has been added to node_our_key_pairs.public_key
?[m?[37m[INFO] 12:35:39,113 [Test worker] liquibase. - master.changelog.json: migration/node-core.changelog-v4.xml::nullability::R3.Corda: Null constraint has been added to node_transaction_mappings.state_machine_run_id
?[m?[37m[INFO] 12:35:39,113 [Test worker] liquibase. - master.changelog.json: migration/node-core.changelog-v4.xml::nullability::R3.Corda: Null constraint has been added to node_transactions.transaction_value
?[m?[37m[INFO] 12:35:39,113 [Test worker] liquibase. - master.changelog.json: migration/node-core.changelog-v4.xml::nullability::R3.Corda: ChangeSet migration/node-core.changelog-v4.xml::nullability::R3.Corda ran successfully in 3ms
?[m?[37m[INFO] 12:35:39,115 [Test worker] liquibase. - master.changelog.json: migration/node-core.changelog-v5.xml::remove_unused_node_message_retry::R3.Corda: Table node_message_retry dropped
?[m?[37m[INFO] 12:35:39,115 [Test worker] liquibase. - master.changelog.json: migration/node-core.changelog-v5.xml::remove_unused_node_message_retry::R3.Corda: ChangeSet migration/node-core.changelog-v5.xml::remove_unused_node_message_retry::R3.Corda ran successfully in 0ms
?[m?[37m[INFO] 12:35:39,131 [Test worker] liquibase. - master.changelog.json: migration/node-core.changelog-v8.xml::conditional_attchments_rename::R3.Corda: Marking ChangeSet: migration/node-core.changelog-v8.xml::conditional_attchments_rename::R3.Corda ran despite precondition failure due to onFail='MARK_RAN': 
          master.changelog.json : Table PUBLIC.NODE_ATTCHMENTS_CONTRACTS does not exist

?[m?[37m[INFO] 12:35:39,139 [Test worker] liquibase. - master.changelog.json: migration/node-core.changelog-v8.xml::conditional_attchments_contracts::R3.Corda: Marking ChangeSet: migration/node-core.changelog-v8.xml::conditional_attchments_contracts::R3.Corda ran despite precondition failure due to onFail='MARK_RAN': 
          master.changelog.json : Table PUBLIC.NODE_ATTACHMENTS_CONTRACT_CLASS_NAME does not exist

?[m?[37m[INFO] 12:35:39,141 [Test worker] liquibase. - master.changelog.json: migration/node-core.changelog-v8.xml::add_signers::R3.Corda: Table node_attachments_signers created
?[m?[37m[INFO] 12:35:39,142 [Test worker] liquibase. - master.changelog.json: migration/node-core.changelog-v8.xml::add_signers::R3.Corda: Foreign key constraint added to node_attachments_signers (att_id)
?[m?[37m[INFO] 12:35:39,142 [Test worker] liquibase. - master.changelog.json: migration/node-core.changelog-v8.xml::add_signers::R3.Corda: ChangeSet migration/node-core.changelog-v8.xml::add_signers::R3.Corda ran successfully in 1ms
?[m?[37m[INFO] 12:35:39,145 [Test worker] liquibase. - master.changelog.json: migration/node-core.changelog-tx-mapping.xml::add_tx_mapping_column::R3.Corda: Columns state_machine_run_id(NVARCHAR(36)) added to node_transactions
?[m?[37m[INFO] 12:35:39,146 [Test worker] liquibase. - master.changelog.json: migration/node-core.changelog-tx-mapping.xml::add_tx_mapping_column::R3.Corda: Custom SQL executed
?[m?[37m[INFO] 12:35:39,146 [Test worker] liquibase. - master.changelog.json: migration/node-core.changelog-tx-mapping.xml::add_tx_mapping_column::R3.Corda: Table node_transaction_mappings dropped
?[m?[37m[INFO] 12:35:39,146 [Test worker] liquibase. - master.changelog.json: migration/node-core.changelog-tx-mapping.xml::add_tx_mapping_column::R3.Corda: ChangeSet migration/node-core.changelog-tx-mapping.xml::add_tx_mapping_column::R3.Corda ran successfully in 3ms
?[m?[37m[INFO] 12:35:39,148 [Test worker] liquibase. - master.changelog.json: migration/node-services.changelog-init.xml::add_network_parameters_storage::R3.Corda: Table node_network_parameters created
?[m?[37m[INFO] 12:35:39,148 [Test worker] liquibase. - master.changelog.json: migration/node-services.changelog-init.xml::add_network_parameters_storage::R3.Corda: ChangeSet migration/node-services.changelog-init.xml::add_network_parameters_storage::R3.Corda ran successfully in 0ms
?[m?[37m[INFO] 12:35:39,150 [Test worker] liquibase. - master.changelog.json: migration/node-services.changelog-init.xml::network_parameters_pk::R3.Corda: Primary key added to node_network_parameters (hash)
?[m?[37m[INFO] 12:35:39,150 [Test worker] liquibase. - master.changelog.json: migration/node-services.changelog-init.xml::network_parameters_pk::R3.Corda: ChangeSet migration/node-services.changelog-init.xml::network_parameters_pk::R3.Corda ran successfully in 1ms
?[m?[37m[INFO] 12:35:39,153 [Test worker] liquibase. - master.changelog.json: migration/node-services.changelog-init.xml::add_version_column::R3.Corda: Columns version(INT) added to node_attachments
?[m?[37m[INFO] 12:35:39,154 [Test worker] liquibase. - master.changelog.json: migration/node-services.changelog-init.xml::add_version_column::R3.Corda: Custom SQL executed
?[m?[37m[INFO] 12:35:39,154 [Test worker] liquibase. - master.changelog.json: migration/node-services.changelog-init.xml::add_version_column::R3.Corda: Null constraint has been added to node_attachments.version
?[m?[37m[INFO] 12:35:39,154 [Test worker] liquibase. - master.changelog.json: migration/node-services.changelog-init.xml::add_version_column::R3.Corda: ChangeSet migration/node-services.changelog-init.xml::add_version_column::R3.Corda ran successfully in 3ms
?[m?[37m[INFO] 12:35:39,155 [Test worker] persistence.AttachmentVersionNumberMigration. - Start executing...
?[m?[37m[INFO] 12:35:39,157 [Test worker] persistence.AttachmentVersionNumberMigration. - Attachment version creation from whitelisted JARs using network parameters from build\mock-network\20190412-153538.509\nodes\0\network-parameters, whitelistedContractImplementations: {}.
?[m?[37m[INFO] 12:35:39,157 [Test worker] persistence.AttachmentVersionNumberMigration. - Attachment version creation from whitelisted JARs skipped, no attachments not found.
?[m?[37m[INFO] 12:35:39,157 [Test worker] liquibase. - master.changelog.json: migration/node-services.changelog-init.xml::update-version-of-whitelisted-jars::R3.Corda: null
?[m?[37m[INFO] 12:35:39,157 [Test worker] liquibase. - master.changelog.json: migration/node-services.changelog-init.xml::update-version-of-whitelisted-jars::R3.Corda: ChangeSet migration/node-services.changelog-init.xml::update-version-of-whitelisted-jars::R3.Corda ran successfully in 2ms
?[m?[37m[INFO] 12:35:39,158 [Test worker] migration.VaultStateMigration. - Migrating vault state data to V4 tables
?[m?[37m[INFO] 12:35:39,160 [Test worker] persistence.HibernateConfiguration. - Init HibernateConfiguration for schemas: [VaultMigrationSchemaV1(name=net.corda.node.migration.VaultMigrationSchema, version=1), VaultSchemaV1(name=net.corda.node.services.vault.VaultSchema, version=1)]
?[m?[37m[INFO] 12:35:39,160 [Test worker] persistence.HibernateConfiguration. - Creating session factory for schemas: [VaultMigrationSchemaV1(name=net.corda.node.migration.VaultMigrationSchema, version=1), VaultSchemaV1(name=net.corda.node.services.vault.VaultSchema, version=1)]
?[m?[37m[INFO] 12:35:39,168 [Test worker] internal.ConnectionProviderInitiator. - HHH000130: Instantiating explicit connection provider: net.corda.nodeapi.internal.persistence.HibernateConfiguration$NodeDatabaseConnectionProvider
?[m?[37m[INFO] 12:35:39,168 [Test worker] dialect.Dialect. - HHH000400: Using dialect: org.hibernate.dialect.H2Dialect
?[m?[37m[INFO] 12:35:39,172 [Test worker] type.BasicTypeRegistry. - HHH000270: Type registration [materialized_blob] overrides previous : org.hibernate.type.MaterializedBlobType@61c329e6
?[m?[37m[INFO] 12:35:39,207 [Test worker] connections.access. - HHH10001501: Connection obtained from JdbcConnectionAccess [org.hibernate.engine.jdbc.env.internal.JdbcEnvironmentInitiator$ConnectionProviderJdbcConnectionAccess@d0e449a] for (non-JTA) DDL execution was not in auto-commit mode; the Connection 'local transaction' will be committed and the Connection will be set into auto-commit mode.
?[m?[37m[INFO] 12:35:39,234 [Test worker] persistence.HibernateConfiguration. - Created session factory for schemas: [VaultMigrationSchemaV1(name=net.corda.node.migration.VaultMigrationSchema, version=1), VaultSchemaV1(name=net.corda.node.services.vault.VaultSchema, version=1)]
?[m?[37m[INFO] 12:35:39,235 [Test worker] internal.QueryTranslatorFactoryInitiator. - HHH000397: Using ASTQueryTranslatorFactory
?[m?[37m[INFO] 12:35:39,242 [Test worker] migration.VaultStateMigration. - Finished performing vault state data migration for 0 states
?[m?[37m[INFO] 12:35:39,242 [Test worker] liquibase. - master.changelog.json: migration/vault-schema.changelog-v9.xml::update-vault-states::R3.Corda: null
?[m?[37m[INFO] 12:35:39,242 [Test worker] liquibase. - master.changelog.json: migration/vault-schema.changelog-v9.xml::update-vault-states::R3.Corda: ChangeSet migration/vault-schema.changelog-v9.xml::update-vault-states::R3.Corda ran successfully in 84ms
?[m?[37m[INFO] 12:35:39,244 [Test worker] liquibase. - master.changelog.json: migration/node-services.changelog-init.xml::1511451595465-16::R3.Corda: Table node_notary_committed_states created
?[m?[37m[INFO] 12:35:39,244 [Test worker] liquibase. - master.changelog.json: migration/node-services.changelog-init.xml::1511451595465-16::R3.Corda: ChangeSet migration/node-services.changelog-init.xml::1511451595465-16::R3.Corda ran successfully in 0ms
?[m?[37m[INFO] 12:35:39,246 [Test worker] liquibase. - master.changelog.json: migration/node-services.changelog-init.xml::1521131680317-17::R3.Corda: Table node_notary_request_log created
?[m?[37m[INFO] 12:35:39,246 [Test worker] liquibase. - master.changelog.json: migration/node-services.changelog-init.xml::1521131680317-17::R3.Corda: ChangeSet migration/node-services.changelog-init.xml::1521131680317-17::R3.Corda ran successfully in 1ms
?[m?[37m[INFO] 12:35:39,247 [Test worker] liquibase. - master.changelog.json: migration/node-services.changelog-init.xml::1511451595465-41::R3.Corda: Primary key added to node_notary_committed_states (output_index, transaction_id)
?[m?[37m[INFO] 12:35:39,247 [Test worker] liquibase. - master.changelog.json: migration/node-services.changelog-init.xml::1511451595465-41::R3.Corda: ChangeSet migration/node-services.changelog-init.xml::1511451595465-41::R3.Corda ran successfully in 0ms
?[m?[37m[INFO] 12:35:39,248 [Test worker] liquibase. - master.changelog.json: migration/node-services.changelog-init.xml::1521131680317-48::R3.Corda: Primary key added to node_notary_request_log (id)
?[m?[37m[INFO] 12:35:39,248 [Test worker] liquibase. - master.changelog.json: migration/node-services.changelog-init.xml::1521131680317-48::R3.Corda: ChangeSet migration/node-services.changelog-init.xml::1521131680317-48::R3.Corda ran successfully in 0ms
?[m?[37m[INFO] 12:35:39,250 [Test worker] liquibase. - master.changelog.json: migration/node-services.changelog-init.xml::nullability::R3.Corda: Null constraint has been added to node_notary_committed_states.consuming_transaction_id
?[m?[37m[INFO] 12:35:39,250 [Test worker] liquibase. - master.changelog.json: migration/node-services.changelog-init.xml::nullability::R3.Corda: ChangeSet migration/node-services.changelog-init.xml::nullability::R3.Corda ran successfully in 1ms
?[m?[37m[INFO] 12:35:39,260 [Test worker] liquibase. - master.changelog.json: migration/node-notary.changelog-v2.xml::rename-table-notary-commit-log::R3.Corda: Marking ChangeSet: migration/node-notary.changelog-v2.xml::rename-table-notary-commit-log::R3.Corda ran despite precondition failure due to onFail='MARK_RAN': 
          master.changelog.json : Table PUBLIC.node_notary_commit_log does not exist

?[m?[37m[INFO] 12:35:39,263 [Test worker] liquibase. - master.changelog.json: migration/node-notary.changelog-v2.xml::create-notary-request-log-table::R3.Corda: Marking ChangeSet: migration/node-notary.changelog-v2.xml::create-notary-request-log-table::R3.Corda ran despite precondition failure due to onFail='MARK_RAN': 
          master.changelog.json : Not precondition failed

?[m?[37m[INFO] 12:35:39,265 [Test worker] liquibase. - master.changelog.json: migration/node-notary.changelog-committed-transactions-table.xml::create-notary-committed-transactions-table::R3.Corda: Table node_notary_committed_txs created
?[m?[37m[INFO] 12:35:39,265 [Test worker] liquibase. - master.changelog.json: migration/node-notary.changelog-committed-transactions-table.xml::create-notary-committed-transactions-table::R3.Corda: Primary key added to node_notary_committed_txs (transaction_id)
?[m?[37m[INFO] 12:35:39,265 [Test worker] liquibase. - master.changelog.json: migration/node-notary.changelog-committed-transactions-table.xml::create-notary-committed-transactions-table::R3.Corda: ChangeSet migration/node-notary.changelog-committed-transactions-table.xml::create-notary-committed-transactions-table::R3.Corda ran successfully in 0ms
?[m?[37m[INFO] 12:35:39,267 [Test worker] liquibase. - Successfully released change log lock
?[m?[37m[INFO] 12:35:39,268 [Test worker] internal.InternalMockNetwork$MockNode. - Connected to H2 database.
?[m?[37m[INFO] 12:35:39,277 [Test worker] persistence.HibernateConfiguration. - Init HibernateConfiguration for schemas: [CommonSchemaV1(name=net.corda.core.schemas.CommonSchema, version=1), VaultSchemaV1(name=net.corda.node.services.vault.VaultSchema, version=1), NodeInfoSchemaV1(name=net.corda.node.internal.schemas.NodeInfoSchema, version=1), NodeCoreV1(name=net.corda.node.services.schema.NodeSchemaService$NodeCore, version=1), IOUSchemaV1(name=com.example.schema.IOUSchema, version=1), NodeNotarySchemaV1(name=net.corda.node.services.transactions.NodeNotarySchema, version=1)]
?[m?[37m[INFO] 12:35:39,277 [Test worker] persistence.HibernateConfiguration. - Creating session factory for schemas: [CommonSchemaV1(name=net.corda.core.schemas.CommonSchema, version=1), VaultSchemaV1(name=net.corda.node.services.vault.VaultSchema, version=1), NodeInfoSchemaV1(name=net.corda.node.internal.schemas.NodeInfoSchema, version=1), NodeCoreV1(name=net.corda.node.services.schema.NodeSchemaService$NodeCore, version=1), IOUSchemaV1(name=com.example.schema.IOUSchema, version=1), NodeNotarySchemaV1(name=net.corda.node.services.transactions.NodeNotarySchema, version=1)]
?[m?[37m[INFO] 12:35:39,284 [Test worker] internal.ConnectionProviderInitiator. - HHH000130: Instantiating explicit connection provider: net.corda.nodeapi.internal.persistence.HibernateConfiguration$NodeDatabaseConnectionProvider
?[m?[37m[INFO] 12:35:39,284 [Test worker] dialect.Dialect. - HHH000400: Using dialect: org.hibernate.dialect.H2Dialect
?[m?[37m[INFO] 12:35:39,287 [Test worker] type.BasicTypeRegistry. - HHH000270: Type registration [materialized_blob] overrides previous : org.hibernate.type.MaterializedBlobType@61c329e6
?[m?[37m[INFO] 12:35:39,353 [Test worker] connections.access. - HHH10001501: Connection obtained from JdbcConnectionAccess [org.hibernate.engine.jdbc.env.internal.JdbcEnvironmentInitiator$ConnectionProviderJdbcConnectionAccess@1abc77d9] for (non-JTA) DDL execution was not in auto-commit mode; the Connection 'local transaction' will be committed and the Connection will be set into auto-commit mode.
?[m?[37m[INFO] 12:35:39,407 [Test worker] persistence.HibernateConfiguration. - Created session factory for schemas: [CommonSchemaV1(name=net.corda.core.schemas.CommonSchema, version=1), VaultSchemaV1(name=net.corda.node.services.vault.VaultSchema, version=1), NodeInfoSchemaV1(name=net.corda.node.internal.schemas.NodeInfoSchema, version=1), NodeCoreV1(name=net.corda.node.services.schema.NodeSchemaService$NodeCore, version=1), IOUSchemaV1(name=com.example.schema.IOUSchema, version=1), NodeNotarySchemaV1(name=net.corda.node.services.transactions.NodeNotarySchema, version=1)]
?[m?[37m[INFO] 12:35:39,408 [Test worker] internal.QueryTranslatorFactoryInitiator. - HHH000397: Using ASTQueryTranslatorFactory
?[m?[37m[INFO] 12:35:39,411 [Test worker] internal.InternalMockNetwork$MockNode. - Node-info has changed so submitting update. Old node-info was null
?[m?[37m[INFO] 12:35:39,411 [Test worker] network.PersistentNetworkMapCache. - Adding node with info: NodeInfo(addresses=[mock.node:1000], legalIdentitiesAndCerts=[O=Notary Service, L=Zurich, C=CH], platformVersion=4, serial=1555083339411)
?[m?[37m[INFO] 12:35:39,413 [Test worker] network.PersistentNetworkMapCache. - No previous node found
?[m?[37m[INFO] 12:35:39,424 [Test worker] internal.InternalMockNetwork$MockNode. - New node-info: NodeInfo(addresses=[mock.node:1000], legalIdentitiesAndCerts=[O=Notary Service, L=Zurich, C=CH], platformVersion=4, serial=1555083339411)
?[m?[37m[INFO] 12:35:39,441 [Test worker] network.NetworkMapUpdater. - Auto-accept enabled for network parameter changes which modify only: [epoch, modifiedTime, packageOwnership, whitelistedContractImplementations]
?[m?[37m[INFO] 12:35:39,445 [MockNode-7-2] network.PersistentNetworkMapCache. - Adding node with info: NodeInfo(addresses=[mock.node:1000], legalIdentitiesAndCerts=[O=Notary Service, L=Zurich, C=CH], platformVersion=4, serial=1555083339411)
?[m?[37m[INFO] 12:35:39,450 [MockNode-7-2] network.PersistentNetworkMapCache. - Previous node was identical to incoming one - doing nothing
?[m?[37m[INFO] 12:35:39,551 [Test worker] ClassloaderUtils. - Contracts loading for 'C:\Users\Daniel\AppData\Local\Temp\attachment1623634949012160191.jar' took 20 msec
?[m?[37m[INFO] 12:35:39,559 [Test worker] persistence.NodeAttachmentService. - Stored new attachment: id=068D846C052E681003228A05005925CB3EC9DBFEDDFDA00048D0BB87F1ED69B0 uploader=app filename=null
?[m?[37m[INFO] 12:35:39,560 [Test worker] utilities.NotaryLoader. - Starting notary service: class net.corda.node.services.transactions.SimpleNotaryService
?[m?[37m[INFO] 12:35:39,560 [Test worker] notary.SinglePartyNotaryService. - Starting notary in validating mode
?[m?[37m[INFO] 12:35:39,564 [Test worker] statemachine.SingleThreadedStateMachineManager. - Node ready, info: NodeInfo(addresses=[mock.node:1000], legalIdentitiesAndCerts=[O=Notary Service, L=Zurich, C=CH], platformVersion=4, serial=1555083339411)
?[m?[37m[INFO] 12:35:39,566 [Test worker] network.PersistentNetworkMapCache. - Adding node with info: NodeInfo(addresses=[mock.node:1000], legalIdentitiesAndCerts=[O=Notary Service, L=Zurich, C=CH], platformVersion=4, serial=1555083339411)
?[m?[37m[INFO] 12:35:39,566 [Test worker] network.PersistentNetworkMapCache. - Previous node was identical to incoming one - doing nothing
?[m?[37m[INFO] 12:35:39,566 [Test worker] network.PersistentNetworkMapCache. - Adding node with info: NodeInfo(addresses=[mock.node:1000], legalIdentitiesAndCerts=[O=Notary Service, L=Zurich, C=CH], platformVersion=4, serial=1555083339411)
?[m?[37m[INFO] 12:35:39,566 [Test worker] network.PersistentNetworkMapCache. - Previous node was identical to incoming one - doing nothing
?[m?[37m[INFO] 12:35:39,576 [Test worker] cordapp.JarScanningCordappLoader. - Looking for CorDapps in [build\mock-network\20190412-153538.509\nodes\1\cordapps]
?[m?[37m[INFO] 12:35:39,576 [Test worker] cordapp.JarScanningCordappLoader. - Loading CorDapps from RestrictedURL(url=file:/C:/Users/Daniel/OneDrive/Documents/tokensdk/samples3/cordapp-example/workflows-kotlin/build/mock-network/20190412-153538.509/nodes/1/cordapps/cordapp-example-contracts-0.1.jar, rootPackageName=null), RestrictedURL(url=file:/C:/Users/Daniel/OneDrive/Documents/tokensdk/samples3/cordapp-example/workflows-kotlin/build/mock-network/20190412-153538.509/nodes/1/cordapps/cordapp-example-workflows-0.1.jar, rootPackageName=null)
?[m?[37m[INFO] 12:35:39,576 [Test worker] cordapp.JarScanningCordappLoader. - Scanning CorDapp in file:/C:/Users/Daniel/OneDrive/Documents/tokensdk/samples3/cordapp-example/workflows-kotlin/build/mock-network/20190412-153538.509/nodes/1/cordapps/cordapp-example-contracts-0.1.jar
?[m?[37m[INFO] 12:35:39,650 [Test worker] cordapp.JarScanningCordappLoader. - Found notary service CorDapp implementations: 
?[m?[37m[INFO] 12:35:39,650 [Test worker] cordapp.JarScanningCordappLoader. - Scanning CorDapp in file:/C:/Users/Daniel/OneDrive/Documents/tokensdk/samples3/cordapp-example/workflows-kotlin/build/mock-network/20190412-153538.509/nodes/1/cordapps/cordapp-example-workflows-0.1.jar
?[m?[37m[INFO] 12:35:39,747 [Test worker] cordapp.JarScanningCordappLoader. - Found notary service CorDapp implementations: 
?[m?[37m[INFO] 12:35:39,761 [Test worker] internal.InternalMockNetwork$MockNode. - Node starting up ...
?[m?[37m[INFO] 12:35:39,817 [Test worker] internal.NodeFlowManager. - Registered com.example.flow.ExampleFlow$Initiator to initiate com.example.flow.ExampleFlow$Acceptor (version 1)
?[m?[37m[INFO] 12:35:39,821 [Test worker] internal.InternalMockNetwork$MockNode. - Loaded network parameters: NetworkParameters {
      minimumPlatformVersion=1
      notaries=[NotaryInfo(identity=O=Notary Service, L=Zurich, C=CH, validating=true)]
      maxMessageSize=10485760
      maxTransactionSize=524288000
      whitelistedContractImplementations {
        
      }
      eventHorizon=PT720H
      packageOwnership {
        
      }
      modifiedTime=2019-04-12T15:35:38.509Z
      epoch=1
  }
?[m?[37m[INFO] 12:35:39,821 [Test worker] hikari.HikariDataSource. - HikariPool-8 - Started.
?[m?[37m[INFO] 12:35:39,974 [Test worker] liquibase. - Creating database history table with name: PUBLIC.DATABASECHANGELOG
?[m?[37m[INFO] 12:35:39,976 [Test worker] liquibase. - Reading from PUBLIC.DATABASECHANGELOG
?[m?[37m[INFO] 12:35:39,979 [Test worker] liquibase. - master.changelog.json: migration/common.changelog-init.xml::1511451595465-1.3::R3.Corda: Skipping changeSet migration/common.changelog-init.xml::1511451595465-1.3::R3.Corda due to validation error(s): minValue is not allowed on h2
?[m?[37m[INFO] 12:35:39,983 [Test worker] liquibase. - master.changelog.json: migration/vault-schema.changelog-pkey.xml::non-clustered_pk-11::R3.Corda: Skipping changeSet migration/vault-schema.changelog-pkey.xml::non-clustered_pk-11::R3.Corda due to validation error(s): clustered is not allowed on h2
?[m?[37m[INFO] 12:35:39,985 [Test worker] liquibase. - master.changelog.json: migration/vault-schema.changelog-pkey.xml::non-clustered_pk-12::R3.Corda: Skipping changeSet migration/vault-schema.changelog-pkey.xml::non-clustered_pk-12::R3.Corda due to validation error(s): clustered is not allowed on h2
?[m?[37m[INFO] 12:35:39,985 [Test worker] liquibase. - master.changelog.json: migration/vault-schema.changelog-pkey.xml::non-clustered_pk-13::R3.Corda: Skipping changeSet migration/vault-schema.changelog-pkey.xml::non-clustered_pk-13::R3.Corda due to validation error(s): clustered is not allowed on h2
?[m?[37m[INFO] 12:35:40,001 [Test worker] liquibase. - master.changelog.json: migration/node-core.changelog-pkey.xml::non-clustered_pk-1::R3.Corda: Skipping changeSet migration/node-core.changelog-pkey.xml::non-clustered_pk-1::R3.Corda due to validation error(s): clustered is not allowed on h2
?[m?[37m[INFO] 12:35:40,002 [Test worker] liquibase. - master.changelog.json: migration/node-core.changelog-pkey.xml::non-clustered_pk-2::R3.Corda: Skipping changeSet migration/node-core.changelog-pkey.xml::non-clustered_pk-2::R3.Corda due to validation error(s): clustered is not allowed on h2
?[m?[37m[INFO] 12:35:40,002 [Test worker] liquibase. - master.changelog.json: migration/node-core.changelog-pkey.xml::non-clustered_pk-3::R3.Corda: Skipping changeSet migration/node-core.changelog-pkey.xml::non-clustered_pk-3::R3.Corda due to validation error(s): clustered is not allowed on h2
?[m?[37m[INFO] 12:35:40,002 [Test worker] liquibase. - master.changelog.json: migration/node-core.changelog-pkey.xml::non-clustered_pk-4::R3.Corda: Skipping changeSet migration/node-core.changelog-pkey.xml::non-clustered_pk-4::R3.Corda due to validation error(s): clustered is not allowed on h2
?[m?[37m[INFO] 12:35:40,002 [Test worker] liquibase. - master.changelog.json: migration/node-core.changelog-pkey.xml::non-clustered_pk-5::R3.Corda: Skipping changeSet migration/node-core.changelog-pkey.xml::non-clustered_pk-5::R3.Corda due to validation error(s): clustered is not allowed on h2
?[m?[37m[INFO] 12:35:40,002 [Test worker] liquibase. - master.changelog.json: migration/node-core.changelog-pkey.xml::non-clustered_pk-6::R3.Corda: Skipping changeSet migration/node-core.changelog-pkey.xml::non-clustered_pk-6::R3.Corda due to validation error(s): clustered is not allowed on h2
?[m?[37m[INFO] 12:35:40,003 [Test worker] liquibase. - master.changelog.json: migration/node-core.changelog-pkey.xml::non-clustered_pk-7::R3.Corda: Skipping changeSet migration/node-core.changelog-pkey.xml::non-clustered_pk-7::R3.Corda due to validation error(s): clustered is not allowed on h2
?[m?[37m[INFO] 12:35:40,006 [Test worker] liquibase. - Successfully acquired change log lock
?[m?[37m[INFO] 12:35:40,006 [Test worker] liquibase. - master.changelog.json: migration/common.changelog-init.xml::1511451595465-1.3::R3.Corda: Skipping changeSet migration/common.changelog-init.xml::1511451595465-1.3::R3.Corda due to validation error(s): minValue is not allowed on h2
?[m?[37m[INFO] 12:35:40,007 [Test worker] liquibase. - master.changelog.json: migration/vault-schema.changelog-pkey.xml::non-clustered_pk-11::R3.Corda: Skipping changeSet migration/vault-schema.changelog-pkey.xml::non-clustered_pk-11::R3.Corda due to validation error(s): clustered is not allowed on h2
?[m?[37m[INFO] 12:35:40,008 [Test worker] liquibase. - master.changelog.json: migration/vault-schema.changelog-pkey.xml::non-clustered_pk-12::R3.Corda: Skipping changeSet migration/vault-schema.changelog-pkey.xml::non-clustered_pk-12::R3.Corda due to validation error(s): clustered is not allowed on h2
?[m?[37m[INFO] 12:35:40,008 [Test worker] liquibase. - master.changelog.json: migration/vault-schema.changelog-pkey.xml::non-clustered_pk-13::R3.Corda: Skipping changeSet migration/vault-schema.changelog-pkey.xml::non-clustered_pk-13::R3.Corda due to validation error(s): clustered is not allowed on h2
?[m?[37m[INFO] 12:35:40,010 [Test worker] liquibase. - master.changelog.json: migration/node-core.changelog-pkey.xml::non-clustered_pk-1::R3.Corda: Skipping changeSet migration/node-core.changelog-pkey.xml::non-clustered_pk-1::R3.Corda due to validation error(s): clustered is not allowed on h2
?[m?[37m[INFO] 12:35:40,010 [Test worker] liquibase. - master.changelog.json: migration/node-core.changelog-pkey.xml::non-clustered_pk-2::R3.Corda: Skipping changeSet migration/node-core.changelog-pkey.xml::non-clustered_pk-2::R3.Corda due to validation error(s): clustered is not allowed on h2
?[m?[37m[INFO] 12:35:40,010 [Test worker] liquibase. - master.changelog.json: migration/node-core.changelog-pkey.xml::non-clustered_pk-3::R3.Corda: Skipping changeSet migration/node-core.changelog-pkey.xml::non-clustered_pk-3::R3.Corda due to validation error(s): clustered is not allowed on h2
?[m?[37m[INFO] 12:35:40,011 [Test worker] liquibase. - master.changelog.json: migration/node-core.changelog-pkey.xml::non-clustered_pk-4::R3.Corda: Skipping changeSet migration/node-core.changelog-pkey.xml::non-clustered_pk-4::R3.Corda due to validation error(s): clustered is not allowed on h2
?[m?[37m[INFO] 12:35:40,011 [Test worker] liquibase. - master.changelog.json: migration/node-core.changelog-pkey.xml::non-clustered_pk-5::R3.Corda: Skipping changeSet migration/node-core.changelog-pkey.xml::non-clustered_pk-5::R3.Corda due to validation error(s): clustered is not allowed on h2
?[m?[37m[INFO] 12:35:40,011 [Test worker] liquibase. - master.changelog.json: migration/node-core.changelog-pkey.xml::non-clustered_pk-6::R3.Corda: Skipping changeSet migration/node-core.changelog-pkey.xml::non-clustered_pk-6::R3.Corda due to validation error(s): clustered is not allowed on h2
?[m?[37m[INFO] 12:35:40,011 [Test worker] liquibase. - master.changelog.json: migration/node-core.changelog-pkey.xml::non-clustered_pk-7::R3.Corda: Skipping changeSet migration/node-core.changelog-pkey.xml::non-clustered_pk-7::R3.Corda due to validation error(s): clustered is not allowed on h2
?[m?[37m[INFO] 12:35:40,011 [Test worker] liquibase. - master.changelog.json: migration/common.changelog-init.xml::1511451595465-1.1::R3.Corda: Sequence hibernate_sequence created
?[m?[37m[INFO] 12:35:40,011 [Test worker] liquibase. - master.changelog.json: migration/common.changelog-init.xml::1511451595465-1.1::R3.Corda: ChangeSet migration/common.changelog-init.xml::1511451595465-1.1::R3.Corda ran successfully in 0ms
?[m?[37m[INFO] 12:35:40,014 [Test worker] liquibase. - master.changelog.json: migration/vault-schema.changelog-init.xml::1511451595465-22::R3.Corda: Table vault_fungible_states created
?[m?[37m[INFO] 12:35:40,014 [Test worker] liquibase. - master.changelog.json: migration/vault-schema.changelog-init.xml::1511451595465-22::R3.Corda: ChangeSet migration/vault-schema.changelog-init.xml::1511451595465-22::R3.Corda ran successfully in 1ms
?[m?[37m[INFO] 12:35:40,016 [Test worker] liquibase. - master.changelog.json: migration/vault-schema.changelog-init.xml::1511451595465-23::R3.Corda: Table vault_fungible_states_parts created
?[m?[37m[INFO] 12:35:40,016 [Test worker] liquibase. - master.changelog.json: migration/vault-schema.changelog-init.xml::1511451595465-23::R3.Corda: ChangeSet migration/vault-schema.changelog-init.xml::1511451595465-23::R3.Corda ran successfully in 1ms
?[m?[37m[INFO] 12:35:40,017 [Test worker] liquibase. - master.changelog.json: migration/vault-schema.changelog-init.xml::1511451595465-24::R3.Corda: Table vault_linear_states created
?[m?[37m[INFO] 12:35:40,017 [Test worker] liquibase. - master.changelog.json: migration/vault-schema.changelog-init.xml::1511451595465-24::R3.Corda: ChangeSet migration/vault-schema.changelog-init.xml::1511451595465-24::R3.Corda ran successfully in 0ms
?[m?[37m[INFO] 12:35:40,018 [Test worker] liquibase. - master.changelog.json: migration/vault-schema.changelog-init.xml::1511451595465-25::R3.Corda: Table vault_linear_states_parts created
?[m?[37m[INFO] 12:35:40,018 [Test worker] liquibase. - master.changelog.json: migration/vault-schema.changelog-init.xml::1511451595465-25::R3.Corda: ChangeSet migration/vault-schema.changelog-init.xml::1511451595465-25::R3.Corda ran successfully in 0ms
?[m?[37m[INFO] 12:35:40,020 [Test worker] liquibase. - master.changelog.json: migration/vault-schema.changelog-init.xml::1511451595465-26::R3.Corda: Table vault_states created
?[m?[37m[INFO] 12:35:40,020 [Test worker] liquibase. - master.changelog.json: migration/vault-schema.changelog-init.xml::1511451595465-26::R3.Corda: ChangeSet migration/vault-schema.changelog-init.xml::1511451595465-26::R3.Corda ran successfully in 1ms
?[m?[37m[INFO] 12:35:40,021 [Test worker] liquibase. - master.changelog.json: migration/vault-schema.changelog-init.xml::1511451595465-27::R3.Corda: Table vault_transaction_notes created
?[m?[37m[INFO] 12:35:40,021 [Test worker] liquibase. - master.changelog.json: migration/vault-schema.changelog-init.xml::1511451595465-27::R3.Corda: ChangeSet migration/vault-schema.changelog-init.xml::1511451595465-27::R3.Corda ran successfully in 0ms
?[m?[37m[INFO] 12:35:40,023 [Test worker] liquibase. - master.changelog.json: migration/vault-schema.changelog-init.xml::1511451595465-47::R3.Corda: Primary key added to vault_fungible_states (output_index, transaction_id)
?[m?[37m[INFO] 12:35:40,023 [Test worker] liquibase. - master.changelog.json: migration/vault-schema.changelog-init.xml::1511451595465-47::R3.Corda: ChangeSet migration/vault-schema.changelog-init.xml::1511451595465-47::R3.Corda ran successfully in 1ms
?[m?[37m[INFO] 12:35:40,024 [Test worker] liquibase. - master.changelog.json: migration/vault-schema.changelog-init.xml::1511451595465-48::R3.Corda: Primary key added to vault_linear_states (output_index, transaction_id)
?[m?[37m[INFO] 12:35:40,024 [Test worker] liquibase. - master.changelog.json: migration/vault-schema.changelog-init.xml::1511451595465-48::R3.Corda: ChangeSet migration/vault-schema.changelog-init.xml::1511451595465-48::R3.Corda ran successfully in 1ms
?[m?[37m[INFO] 12:35:40,025 [Test worker] liquibase. - master.changelog.json: migration/vault-schema.changelog-init.xml::1511451595465-49::R3.Corda: Primary key added to vault_states (output_index, transaction_id)
?[m?[37m[INFO] 12:35:40,025 [Test worker] liquibase. - master.changelog.json: migration/vault-schema.changelog-init.xml::1511451595465-49::R3.Corda: ChangeSet migration/vault-schema.changelog-init.xml::1511451595465-49::R3.Corda ran successfully in 0ms
?[m?[37m[INFO] 12:35:40,026 [Test worker] liquibase. - master.changelog.json: migration/vault-schema.changelog-init.xml::1511451595465-50::R3.Corda: Primary key added to vault_transaction_notes (seq_no)
?[m?[37m[INFO] 12:35:40,026 [Test worker] liquibase. - master.changelog.json: migration/vault-schema.changelog-init.xml::1511451595465-50::R3.Corda: ChangeSet migration/vault-schema.changelog-init.xml::1511451595465-50::R3.Corda ran successfully in 0ms
?[m?[37m[INFO] 12:35:40,027 [Test worker] liquibase. - master.changelog.json: migration/vault-schema.changelog-init.xml::1511451595465-53::R3.Corda: Index external_id_index created
?[m?[37m[INFO] 12:35:40,027 [Test worker] liquibase. - master.changelog.json: migration/vault-schema.changelog-init.xml::1511451595465-53::R3.Corda: ChangeSet migration/vault-schema.changelog-init.xml::1511451595465-53::R3.Corda ran successfully in 0ms
?[m?[37m[INFO] 12:35:40,028 [Test worker] liquibase. - master.changelog.json: migration/vault-schema.changelog-init.xml::1511451595465-55::R3.Corda: Index lock_id_idx created
?[m?[37m[INFO] 12:35:40,028 [Test worker] liquibase. - master.changelog.json: migration/vault-schema.changelog-init.xml::1511451595465-55::R3.Corda: ChangeSet migration/vault-schema.changelog-init.xml::1511451595465-55::R3.Corda ran successfully in 0ms
?[m?[37m[INFO] 12:35:40,029 [Test worker] liquibase. - master.changelog.json: migration/vault-schema.changelog-init.xml::1511451595465-58::R3.Corda: Index state_status_idx created
?[m?[37m[INFO] 12:35:40,029 [Test worker] liquibase. - master.changelog.json: migration/vault-schema.changelog-init.xml::1511451595465-58::R3.Corda: ChangeSet migration/vault-schema.changelog-init.xml::1511451595465-58::R3.Corda ran successfully in 0ms
?[m?[37m[INFO] 12:35:40,030 [Test worker] liquibase. - master.changelog.json: migration/vault-schema.changelog-init.xml::1511451595465-59::R3.Corda: Index transaction_id_index created
?[m?[37m[INFO] 12:35:40,030 [Test worker] liquibase. - master.changelog.json: migration/vault-schema.changelog-init.xml::1511451595465-59::R3.Corda: ChangeSet migration/vault-schema.changelog-init.xml::1511451595465-59::R3.Corda ran successfully in 0ms
?[m?[37m[INFO] 12:35:40,031 [Test worker] liquibase. - master.changelog.json: migration/vault-schema.changelog-init.xml::1511451595465-60::R3.Corda: Index uuid_index created
?[m?[37m[INFO] 12:35:40,031 [Test worker] liquibase. - master.changelog.json: migration/vault-schema.changelog-init.xml::1511451595465-60::R3.Corda: ChangeSet migration/vault-schema.changelog-init.xml::1511451595465-60::R3.Corda ran successfully in 0ms
?[m?[37m[INFO] 12:35:40,033 [Test worker] liquibase. - master.changelog.json: migration/vault-schema.changelog-init.xml::1511451595465-64::R3.Corda: Foreign key constraint added to vault_fungible_states_parts (output_index,transaction_id)
?[m?[37m[INFO] 12:35:40,033 [Test worker] liquibase. - master.changelog.json: migration/vault-schema.changelog-init.xml::1511451595465-64::R3.Corda: ChangeSet migration/vault-schema.changelog-init.xml::1511451595465-64::R3.Corda ran successfully in 1ms
?[m?[37m[INFO] 12:35:40,034 [Test worker] liquibase. - master.changelog.json: migration/vault-schema.changelog-init.xml::1511451595465-65::R3.Corda: Foreign key constraint added to vault_linear_states_parts (output_index,transaction_id)
?[m?[37m[INFO] 12:35:40,034 [Test worker] liquibase. - master.changelog.json: migration/vault-schema.changelog-init.xml::1511451595465-65::R3.Corda: ChangeSet migration/vault-schema.changelog-init.xml::1511451595465-65::R3.Corda ran successfully in 0ms
?[m?[37m[INFO] 12:35:40,035 [Test worker] liquibase. - master.changelog.json: migration/vault-schema.changelog-v3.xml::clean_vault::R3.Corda: Data deleted from vault_fungible_states_parts
?[m?[37m[INFO] 12:35:40,035 [Test worker] liquibase. - master.changelog.json: migration/vault-schema.changelog-v3.xml::clean_vault::R3.Corda: Data deleted from vault_fungible_states
?[m?[37m[INFO] 12:35:40,035 [Test worker] liquibase. - master.changelog.json: migration/vault-schema.changelog-v3.xml::clean_vault::R3.Corda: Data deleted from vault_linear_states_parts
?[m?[37m[INFO] 12:35:40,035 [Test worker] liquibase. - master.changelog.json: migration/vault-schema.changelog-v3.xml::clean_vault::R3.Corda: Data deleted from vault_linear_states
?[m?[37m[INFO] 12:35:40,035 [Test worker] liquibase. - master.changelog.json: migration/vault-schema.changelog-v3.xml::clean_vault::R3.Corda: Data deleted from vault_states
?[m?[37m[INFO] 12:35:40,035 [Test worker] liquibase. - master.changelog.json: migration/vault-schema.changelog-v3.xml::clean_vault::R3.Corda: Data deleted from vault_transaction_notes
?[m?[37m[INFO] 12:35:40,035 [Test worker] liquibase. - master.changelog.json: migration/vault-schema.changelog-v3.xml::clean_vault::R3.Corda: ChangeSet migration/vault-schema.changelog-v3.xml::clean_vault::R3.Corda ran successfully in 0ms
?[m?[37m[INFO] 12:35:40,037 [Test worker] liquibase. - master.changelog.json: migration/vault-schema.changelog-v4.xml::nullability::R3.Corda: Null constraint has been added to vault_fungible_states.quantity
?[m?[37m[INFO] 12:35:40,037 [Test worker] liquibase. - master.changelog.json: migration/vault-schema.changelog-v4.xml::nullability::R3.Corda: Null constraint has been added to vault_states.contract_state_class_name
?[m?[37m[INFO] 12:35:40,037 [Test worker] liquibase. - master.changelog.json: migration/vault-schema.changelog-v4.xml::nullability::R3.Corda: Null constraint has been added to vault_states.notary_name
?[m?[37m[INFO] 12:35:40,037 [Test worker] liquibase. - master.changelog.json: migration/vault-schema.changelog-v4.xml::nullability::R3.Corda: Null constraint has been added to vault_states.recorded_timestamp
?[m?[37m[INFO] 12:35:40,037 [Test worker] liquibase. - master.changelog.json: migration/vault-schema.changelog-v4.xml::nullability::R3.Corda: Index state_status_idx dropped from table vault_states
?[m?[37m[INFO] 12:35:40,037 [Test worker] liquibase. - master.changelog.json: migration/vault-schema.changelog-v4.xml::nullability::R3.Corda: Index lock_id_idx dropped from table vault_states
?[m?[37m[INFO] 12:35:40,038 [Test worker] liquibase. - master.changelog.json: migration/vault-schema.changelog-v4.xml::nullability::R3.Corda: Null constraint has been added to vault_states.state_status
?[m?[37m[INFO] 12:35:40,038 [Test worker] liquibase. - master.changelog.json: migration/vault-schema.changelog-v4.xml::nullability::R3.Corda: Index state_status_idx created
?[m?[37m[INFO] 12:35:40,038 [Test worker] liquibase. - master.changelog.json: migration/vault-schema.changelog-v4.xml::nullability::R3.Corda: Index lock_id_idx created
?[m?[37m[INFO] 12:35:40,038 [Test worker] liquibase. - master.changelog.json: migration/vault-schema.changelog-v4.xml::nullability::R3.Corda: Index transaction_id_index dropped from table vault_transaction_notes
?[m?[37m[INFO] 12:35:40,038 [Test worker] liquibase. - master.changelog.json: migration/vault-schema.changelog-v4.xml::nullability::R3.Corda: Null constraint has been added to vault_transaction_notes.note
?[m?[37m[INFO] 12:35:40,038 [Test worker] liquibase. - master.changelog.json: migration/vault-schema.changelog-v4.xml::nullability::R3.Corda: Null constraint has been added to vault_transaction_notes.transaction_id
?[m?[37m[INFO] 12:35:40,039 [Test worker] liquibase. - master.changelog.json: migration/vault-schema.changelog-v4.xml::nullability::R3.Corda: Index transaction_id_index created
?[m?[37m[INFO] 12:35:40,039 [Test worker] liquibase. - master.changelog.json: migration/vault-schema.changelog-v4.xml::nullability::R3.Corda: ChangeSet migration/vault-schema.changelog-v4.xml::nullability::R3.Corda ran successfully in 3ms
?[m?[37m[INFO] 12:35:40,051 [Test worker] liquibase. - master.changelog.json: migration/vault-schema.changelog-v5.xml::add_relevancy_status_column::R3.Corda: Columns relevancy_status(INT) added to vault_states
?[m?[37m[INFO] 12:35:40,051 [Test worker] liquibase. - master.changelog.json: migration/vault-schema.changelog-v5.xml::add_relevancy_status_column::R3.Corda: Data updated in vault_states
?[m?[37m[INFO] 12:35:40,054 [Test worker] liquibase. - master.changelog.json: migration/vault-schema.changelog-v5.xml::add_relevancy_status_column::R3.Corda: Null constraint has been added to vault_states.relevancy_status
?[m?[37m[INFO] 12:35:40,054 [Test worker] liquibase. - master.changelog.json: migration/vault-schema.changelog-v5.xml::add_relevancy_status_column::R3.Corda: ChangeSet migration/vault-schema.changelog-v5.xml::add_relevancy_status_column::R3.Corda ran successfully in 6ms
?[m?[37m[INFO] 12:35:40,058 [Test worker] liquibase. - master.changelog.json: migration/vault-schema.changelog-v6.xml::add_is_constraint_information_columns::R3.Corda: Columns constraint_type(INT) added to vault_states
?[m?[37m[INFO] 12:35:40,060 [Test worker] liquibase. - master.changelog.json: migration/vault-schema.changelog-v6.xml::add_is_constraint_information_columns::R3.Corda: Columns constraint_data(varbinary(563)) added to vault_states
?[m?[37m[INFO] 12:35:40,060 [Test worker] liquibase. - master.changelog.json: migration/vault-schema.changelog-v6.xml::add_is_constraint_information_columns::R3.Corda: ChangeSet migration/vault-schema.changelog-v6.xml::add_is_constraint_information_columns::R3.Corda ran successfully in 4ms
?[m?[37m[INFO] 12:35:40,062 [Test worker] liquibase. - master.changelog.json: migration/vault-schema.changelog-v7.xml::make_issuer_ref_nullable::R3.Corda: Null constraint dropped from vault_fungible_states.issuer_ref
?[m?[37m[INFO] 12:35:40,062 [Test worker] liquibase. - master.changelog.json: migration/vault-schema.changelog-v7.xml::make_issuer_ref_nullable::R3.Corda: ChangeSet migration/vault-schema.changelog-v7.xml::make_issuer_ref_nullable::R3.Corda ran successfully in 0ms
?[m?[37m[INFO] 12:35:40,063 [Test worker] liquibase. - master.changelog.json: migration/vault-schema.changelog-v8.xml::create-external-id-to-state-party-view::R3.Corda: Table state_party created
?[m?[37m[INFO] 12:35:40,063 [Test worker] liquibase. - master.changelog.json: migration/vault-schema.changelog-v8.xml::create-external-id-to-state-party-view::R3.Corda: Index state_pk_hash_idx created
?[m?[37m[INFO] 12:35:40,064 [Test worker] liquibase. - master.changelog.json: migration/vault-schema.changelog-v8.xml::create-external-id-to-state-party-view::R3.Corda: Table pk_hash_to_ext_id_map created
?[m?[37m[INFO] 12:35:40,064 [Test worker] liquibase. - master.changelog.json: migration/vault-schema.changelog-v8.xml::create-external-id-to-state-party-view::R3.Corda: Index pk_hash_to_xid_idx created
?[m?[37m[INFO] 12:35:40,066 [Test worker] liquibase. - master.changelog.json: migration/vault-schema.changelog-v8.xml::create-external-id-to-state-party-view::R3.Corda: View v_pkey_hash_ex_id_map created
?[m?[37m[INFO] 12:35:40,066 [Test worker] liquibase. - master.changelog.json: migration/vault-schema.changelog-v8.xml::create-external-id-to-state-party-view::R3.Corda: ChangeSet migration/vault-schema.changelog-v8.xml::create-external-id-to-state-party-view::R3.Corda ran successfully in 3ms
?[m?[37m[INFO] 12:35:40,068 [Test worker] liquibase. - master.changelog.json: migration/node-info.changelog-init.xml::1511451595465-4::R3.Corda: Table node_link_nodeinfo_party created
?[m?[37m[INFO] 12:35:40,068 [Test worker] liquibase. - master.changelog.json: migration/node-info.changelog-init.xml::1511451595465-4::R3.Corda: ChangeSet migration/node-info.changelog-init.xml::1511451595465-4::R3.Corda ran successfully in 1ms
?[m?[37m[INFO] 12:35:40,070 [Test worker] liquibase. - master.changelog.json: migration/node-info.changelog-init.xml::1511451595465-10::R3.Corda: Table node_info_hosts created
?[m?[37m[INFO] 12:35:40,070 [Test worker] liquibase. - master.changelog.json: migration/node-info.changelog-init.xml::1511451595465-10::R3.Corda: ChangeSet migration/node-info.changelog-init.xml::1511451595465-10::R3.Corda ran successfully in 1ms
?[m?[37m[INFO] 12:35:40,071 [Test worker] liquibase. - master.changelog.json: migration/node-info.changelog-init.xml::1511451595465-11::R3.Corda: Table node_info_party_cert created
?[m?[37m[INFO] 12:35:40,071 [Test worker] liquibase. - master.changelog.json: migration/node-info.changelog-init.xml::1511451595465-11::R3.Corda: ChangeSet migration/node-info.changelog-init.xml::1511451595465-11::R3.Corda ran successfully in 0ms
?[m?[37m[INFO] 12:35:40,073 [Test worker] liquibase. - master.changelog.json: migration/node-info.changelog-init.xml::1511451595465-12::R3.Corda: Table node_infos created
?[m?[37m[INFO] 12:35:40,073 [Test worker] liquibase. - master.changelog.json: migration/node-info.changelog-init.xml::1511451595465-12::R3.Corda: ChangeSet migration/node-info.changelog-init.xml::1511451595465-12::R3.Corda ran successfully in 0ms
?[m?[37m[INFO] 12:35:40,075 [Test worker] liquibase. - master.changelog.json: migration/node-info.changelog-init.xml::1511451595465-35::R3.Corda: Primary key added to node_info_hosts (host, port)
?[m?[37m[INFO] 12:35:40,075 [Test worker] liquibase. - master.changelog.json: migration/node-info.changelog-init.xml::1511451595465-35::R3.Corda: ChangeSet migration/node-info.changelog-init.xml::1511451595465-35::R3.Corda ran successfully in 0ms
?[m?[37m[INFO] 12:35:40,077 [Test worker] liquibase. - master.changelog.json: migration/node-info.changelog-init.xml::1511451595465-36::R3.Corda: Primary key added to node_info_party_cert (party_name)
?[m?[37m[INFO] 12:35:40,077 [Test worker] liquibase. - master.changelog.json: migration/node-info.changelog-init.xml::1511451595465-36::R3.Corda: ChangeSet migration/node-info.changelog-init.xml::1511451595465-36::R3.Corda ran successfully in 1ms
?[m?[37m[INFO] 12:35:40,078 [Test worker] liquibase. - master.changelog.json: migration/node-info.changelog-init.xml::1511451595465-37::R3.Corda: Primary key added to node_infos (node_info_id)
?[m?[37m[INFO] 12:35:40,078 [Test worker] liquibase. - master.changelog.json: migration/node-info.changelog-init.xml::1511451595465-37::R3.Corda: ChangeSet migration/node-info.changelog-init.xml::1511451595465-37::R3.Corda ran successfully in 0ms
?[m?[37m[INFO] 12:35:40,079 [Test worker] liquibase. - master.changelog.json: migration/node-info.changelog-init.xml::1511451595465-62::R3.Corda: Foreign key constraint added to node_link_nodeinfo_party (node_info_id)
?[m?[37m[INFO] 12:35:40,079 [Test worker] liquibase. - master.changelog.json: migration/node-info.changelog-init.xml::1511451595465-62::R3.Corda: ChangeSet migration/node-info.changelog-init.xml::1511451595465-62::R3.Corda ran successfully in 0ms
?[m?[37m[INFO] 12:35:40,081 [Test worker] liquibase. - master.changelog.json: migration/node-info.changelog-init.xml::1511451595465-63::R3.Corda: Foreign key constraint added to node_info_hosts (node_info_id)
?[m?[37m[INFO] 12:35:40,081 [Test worker] liquibase. - master.changelog.json: migration/node-info.changelog-init.xml::1511451595465-63::R3.Corda: ChangeSet migration/node-info.changelog-init.xml::1511451595465-63::R3.Corda ran successfully in 0ms
?[m?[37m[INFO] 12:35:40,083 [Test worker] liquibase. - master.changelog.json: migration/node-info.changelog-init.xml::remove_host_port_pk::R3.Corda: Data deleted from node_infos
?[m?[37m[INFO] 12:35:40,083 [Test worker] liquibase. - master.changelog.json: migration/node-info.changelog-init.xml::remove_host_port_pk::R3.Corda: Data deleted from node_link_nodeinfo_party
?[m?[37m[INFO] 12:35:40,083 [Test worker] liquibase. - master.changelog.json: migration/node-info.changelog-init.xml::remove_host_port_pk::R3.Corda: Data deleted from node_info_hosts
?[m?[37m[INFO] 12:35:40,083 [Test worker] liquibase. - master.changelog.json: migration/node-info.changelog-init.xml::remove_host_port_pk::R3.Corda: Data deleted from node_info_party_cert
?[m?[37m[INFO] 12:35:40,083 [Test worker] liquibase. - master.changelog.json: migration/node-info.changelog-init.xml::remove_host_port_pk::R3.Corda: Primary key dropped from node_info_hosts
?[m?[37m[INFO] 12:35:40,085 [Test worker] liquibase. - master.changelog.json: migration/node-info.changelog-init.xml::remove_host_port_pk::R3.Corda: Columns hosts_id(INT) added to node_info_hosts
?[m?[37m[INFO] 12:35:40,085 [Test worker] liquibase. - master.changelog.json: migration/node-info.changelog-init.xml::remove_host_port_pk::R3.Corda: Primary key added to node_info_hosts (hosts_id)
?[m?[37m[INFO] 12:35:40,085 [Test worker] liquibase. - master.changelog.json: migration/node-info.changelog-init.xml::remove_host_port_pk::R3.Corda: ChangeSet migration/node-info.changelog-init.xml::remove_host_port_pk::R3.Corda ran successfully in 2ms
?[m?[37m[INFO] 12:35:40,087 [Test worker] liquibase. - master.changelog.json: migration/node-info.changelog-v1.xml::key/value node properties table::R3.Corda: Table node_properties created
?[m?[37m[INFO] 12:35:40,087 [Test worker] liquibase. - master.changelog.json: migration/node-info.changelog-v1.xml::key/value node properties table::R3.Corda: ChangeSet migration/node-info.changelog-v1.xml::key/value node properties table::R3.Corda ran successfully in 0ms
?[m?[37m[INFO] 12:35:40,089 [Test worker] liquibase. - master.changelog.json: migration/node-info.changelog-v2.xml::1525962920::R3.Corda: Null constraint has been added to node_infos.node_info_hash
?[m?[37m[INFO] 12:35:40,089 [Test worker] liquibase. - master.changelog.json: migration/node-info.changelog-v2.xml::1525962920::R3.Corda: Null constraint has been added to node_infos.platform_version
?[m?[37m[INFO] 12:35:40,089 [Test worker] liquibase. - master.changelog.json: migration/node-info.changelog-v2.xml::1525962920::R3.Corda: Null constraint has been added to node_infos.serial
?[m?[37m[INFO] 12:35:40,089 [Test worker] liquibase. - master.changelog.json: migration/node-info.changelog-v2.xml::1525962920::R3.Corda: Null constraint dropped from node_info_hosts.host
?[m?[37m[INFO] 12:35:40,089 [Test worker] liquibase. - master.changelog.json: migration/node-info.changelog-v2.xml::1525962920::R3.Corda: Null constraint dropped from node_info_hosts.port
?[m?[37m[INFO] 12:35:40,090 [Test worker] liquibase. - master.changelog.json: migration/node-info.changelog-v2.xml::1525962920::R3.Corda: Null constraint has been added to node_info_party_cert.owning_key_hash
?[m?[37m[INFO] 12:35:40,090 [Test worker] liquibase. - master.changelog.json: migration/node-info.changelog-v2.xml::1525962920::R3.Corda: Null constraint has been added to node_info_party_cert.party_cert_binary
?[m?[37m[INFO] 12:35:40,090 [Test worker] liquibase. - master.changelog.json: migration/node-info.changelog-v2.xml::1525962920::R3.Corda: ChangeSet migration/node-info.changelog-v2.xml::1525962920::R3.Corda ran successfully in 2ms
?[m?[37m[INFO] 12:35:40,092 [Test worker] liquibase. - master.changelog.json: migration/node-info.changelog-v3.xml::column_host_name::R3.Corda: Column node_info_hosts.host renamed to host_name
?[m?[37m[INFO] 12:35:40,092 [Test worker] liquibase. - master.changelog.json: migration/node-info.changelog-v3.xml::column_host_name::R3.Corda: ChangeSet migration/node-info.changelog-v3.xml::column_host_name::R3.Corda ran successfully in 1ms
?[m?[37m[INFO] 12:35:40,094 [Test worker] liquibase. - master.changelog.json: migration/node-services.changelog-init.xml::1511451595465-5::R3.Corda: Table node_attachments created
?[m?[37m[INFO] 12:35:40,094 [Test worker] liquibase. - master.changelog.json: migration/node-services.changelog-init.xml::1511451595465-5::R3.Corda: ChangeSet migration/node-services.changelog-init.xml::1511451595465-5::R3.Corda ran successfully in 1ms
?[m?[37m[INFO] 12:35:40,095 [Test worker] liquibase. - master.changelog.json: migration/node-services.changelog-init.xml::1511451595465-7::R3.Corda: Table node_checkpoints created
?[m?[37m[INFO] 12:35:40,095 [Test worker] liquibase. - master.changelog.json: migration/node-services.changelog-init.xml::1511451595465-7::R3.Corda: ChangeSet migration/node-services.changelog-init.xml::1511451595465-7::R3.Corda ran successfully in 0ms
?[m?[37m[INFO] 12:35:40,096 [Test worker] liquibase. - master.changelog.json: migration/node-services.changelog-init.xml::1511451595465-8::R3.Corda: Table node_contract_upgrades created
?[m?[37m[INFO] 12:35:40,096 [Test worker] liquibase. - master.changelog.json: migration/node-services.changelog-init.xml::1511451595465-8::R3.Corda: ChangeSet migration/node-services.changelog-init.xml::1511451595465-8::R3.Corda ran successfully in 0ms
?[m?[37m[INFO] 12:35:40,097 [Test worker] liquibase. - master.changelog.json: migration/node-services.changelog-init.xml::1511451595465-9::R3.Corda: Table node_identities created
?[m?[37m[INFO] 12:35:40,097 [Test worker] liquibase. - master.changelog.json: migration/node-services.changelog-init.xml::1511451595465-9::R3.Corda: ChangeSet migration/node-services.changelog-init.xml::1511451595465-9::R3.Corda ran successfully in 0ms
?[m?[37m[INFO] 12:35:40,099 [Test worker] liquibase. - master.changelog.json: migration/node-services.changelog-init.xml::1511451595465-13::R3.Corda: Table node_message_ids created
?[m?[37m[INFO] 12:35:40,099 [Test worker] liquibase. - master.changelog.json: migration/node-services.changelog-init.xml::1511451595465-13::R3.Corda: ChangeSet migration/node-services.changelog-init.xml::1511451595465-13::R3.Corda ran successfully in 0ms
?[m?[37m[INFO] 12:35:40,100 [Test worker] liquibase. - master.changelog.json: migration/node-services.changelog-init.xml::1511451595465-14::R3.Corda: Table node_message_retry created
?[m?[37m[INFO] 12:35:40,100 [Test worker] liquibase. - master.changelog.json: migration/node-services.changelog-init.xml::1511451595465-14::R3.Corda: ChangeSet migration/node-services.changelog-init.xml::1511451595465-14::R3.Corda ran successfully in 0ms
?[m?[37m[INFO] 12:35:40,101 [Test worker] liquibase. - master.changelog.json: migration/node-services.changelog-init.xml::1511451595465-15::R3.Corda: Table node_named_identities created
?[m?[37m[INFO] 12:35:40,101 [Test worker] liquibase. - master.changelog.json: migration/node-services.changelog-init.xml::1511451595465-15::R3.Corda: ChangeSet migration/node-services.changelog-init.xml::1511451595465-15::R3.Corda ran successfully in 0ms
?[m?[37m[INFO] 12:35:40,102 [Test worker] liquibase. - master.changelog.json: migration/node-services.changelog-init.xml::1511451595465-17::R3.Corda: Table node_our_key_pairs created
?[m?[37m[INFO] 12:35:40,102 [Test worker] liquibase. - master.changelog.json: migration/node-services.changelog-init.xml::1511451595465-17::R3.Corda: ChangeSet migration/node-services.changelog-init.xml::1511451595465-17::R3.Corda ran successfully in 0ms
?[m?[37m[INFO] 12:35:40,104 [Test worker] liquibase. - master.changelog.json: migration/node-services.changelog-init.xml::1511451595465-19::R3.Corda: Table node_scheduled_states created
?[m?[37m[INFO] 12:35:40,104 [Test worker] liquibase. - master.changelog.json: migration/node-services.changelog-init.xml::1511451595465-19::R3.Corda: ChangeSet migration/node-services.changelog-init.xml::1511451595465-19::R3.Corda ran successfully in 1ms
?[m?[37m[INFO] 12:35:40,105 [Test worker] liquibase. - master.changelog.json: migration/node-services.changelog-init.xml::1511451595465-20::R3.Corda: Table node_transaction_mappings created
?[m?[37m[INFO] 12:35:40,105 [Test worker] liquibase. - master.changelog.json: migration/node-services.changelog-init.xml::1511451595465-20::R3.Corda: ChangeSet migration/node-services.changelog-init.xml::1511451595465-20::R3.Corda ran successfully in 0ms
?[m?[37m[INFO] 12:35:40,106 [Test worker] liquibase. - master.changelog.json: migration/node-services.changelog-init.xml::1511451595465-21::R3.Corda: Table node_transactions created
?[m?[37m[INFO] 12:35:40,106 [Test worker] liquibase. - master.changelog.json: migration/node-services.changelog-init.xml::1511451595465-21::R3.Corda: ChangeSet migration/node-services.changelog-init.xml::1511451595465-21::R3.Corda ran successfully in 0ms
?[m?[37m[INFO] 12:35:40,107 [Test worker] liquibase. - master.changelog.json: migration/node-services.changelog-init.xml::1511451595465-30::R3.Corda: Primary key added to node_attachments (att_id)
?[m?[37m[INFO] 12:35:40,107 [Test worker] liquibase. - master.changelog.json: migration/node-services.changelog-init.xml::1511451595465-30::R3.Corda: ChangeSet migration/node-services.changelog-init.xml::1511451595465-30::R3.Corda ran successfully in 0ms
?[m?[37m[INFO] 12:35:40,108 [Test worker] liquibase. - master.changelog.json: migration/node-services.changelog-init.xml::1511451595465-32::R3.Corda: Primary key added to node_checkpoints (checkpoint_id)
?[m?[37m[INFO] 12:35:40,108 [Test worker] liquibase. - master.changelog.json: migration/node-services.changelog-init.xml::1511451595465-32::R3.Corda: ChangeSet migration/node-services.changelog-init.xml::1511451595465-32::R3.Corda ran successfully in 0ms
?[m?[37m[INFO] 12:35:40,110 [Test worker] liquibase. - master.changelog.json: migration/node-services.changelog-init.xml::1511451595465-33::R3.Corda: Primary key added to node_contract_upgrades (state_ref)
?[m?[37m[INFO] 12:35:40,110 [Test worker] liquibase. - master.changelog.json: migration/node-services.changelog-init.xml::1511451595465-33::R3.Corda: ChangeSet migration/node-services.changelog-init.xml::1511451595465-33::R3.Corda ran successfully in 0ms
?[m?[37m[INFO] 12:35:40,111 [Test worker] liquibase. - master.changelog.json: migration/node-services.changelog-init.xml::1511451595465-34::R3.Corda: Primary key added to node_identities (pk_hash)
?[m?[37m[INFO] 12:35:40,111 [Test worker] liquibase. - master.changelog.json: migration/node-services.changelog-init.xml::1511451595465-34::R3.Corda: ChangeSet migration/node-services.changelog-init.xml::1511451595465-34::R3.Corda ran successfully in 0ms
?[m?[37m[INFO] 12:35:40,113 [Test worker] liquibase. - master.changelog.json: migration/node-services.changelog-init.xml::1511451595465-38::R3.Corda: Primary key added to node_message_ids (message_id)
?[m?[37m[INFO] 12:35:40,113 [Test worker] liquibase. - master.changelog.json: migration/node-services.changelog-init.xml::1511451595465-38::R3.Corda: ChangeSet migration/node-services.changelog-init.xml::1511451595465-38::R3.Corda ran successfully in 1ms
?[m?[37m[INFO] 12:35:40,114 [Test worker] liquibase. - master.changelog.json: migration/node-services.changelog-init.xml::1511451595465-39::R3.Corda: Primary key added to node_message_retry (message_id)
?[m?[37m[INFO] 12:35:40,114 [Test worker] liquibase. - master.changelog.json: migration/node-services.changelog-init.xml::1511451595465-39::R3.Corda: ChangeSet migration/node-services.changelog-init.xml::1511451595465-39::R3.Corda ran successfully in 0ms
?[m?[37m[INFO] 12:35:40,115 [Test worker] liquibase. - master.changelog.json: migration/node-services.changelog-init.xml::1511451595465-40::R3.Corda: Primary key added to node_named_identities (name)
?[m?[37m[INFO] 12:35:40,115 [Test worker] liquibase. - master.changelog.json: migration/node-services.changelog-init.xml::1511451595465-40::R3.Corda: ChangeSet migration/node-services.changelog-init.xml::1511451595465-40::R3.Corda ran successfully in 0ms
?[m?[37m[INFO] 12:35:40,116 [Test worker] liquibase. - master.changelog.json: migration/node-services.changelog-init.xml::1511451595465-42::R3.Corda: Primary key added to node_our_key_pairs (public_key_hash)
?[m?[37m[INFO] 12:35:40,116 [Test worker] liquibase. - master.changelog.json: migration/node-services.changelog-init.xml::1511451595465-42::R3.Corda: ChangeSet migration/node-services.changelog-init.xml::1511451595465-42::R3.Corda ran successfully in 0ms
?[m?[37m[INFO] 12:35:40,117 [Test worker] liquibase. - master.changelog.json: migration/node-services.changelog-init.xml::1511451595465-44::R3.Corda: Primary key added to node_scheduled_states (output_index, transaction_id)
?[m?[37m[INFO] 12:35:40,117 [Test worker] liquibase. - master.changelog.json: migration/node-services.changelog-init.xml::1511451595465-44::R3.Corda: ChangeSet migration/node-services.changelog-init.xml::1511451595465-44::R3.Corda ran successfully in 0ms
?[m?[37m[INFO] 12:35:40,118 [Test worker] liquibase. - master.changelog.json: migration/node-services.changelog-init.xml::1511451595465-45::R3.Corda: Primary key added to node_transaction_mappings (tx_id)
?[m?[37m[INFO] 12:35:40,118 [Test worker] liquibase. - master.changelog.json: migration/node-services.changelog-init.xml::1511451595465-45::R3.Corda: ChangeSet migration/node-services.changelog-init.xml::1511451595465-45::R3.Corda ran successfully in 0ms
?[m?[37m[INFO] 12:35:40,119 [Test worker] liquibase. - master.changelog.json: migration/node-services.changelog-init.xml::1511451595465-46::R3.Corda: Primary key added to node_transactions (tx_id)
?[m?[37m[INFO] 12:35:40,119 [Test worker] liquibase. - master.changelog.json: migration/node-services.changelog-init.xml::1511451595465-46::R3.Corda: ChangeSet migration/node-services.changelog-init.xml::1511451595465-46::R3.Corda ran successfully in 0ms
?[m?[37m[INFO] 12:35:40,121 [Test worker] liquibase. - master.changelog.json: migration/node-services.changelog-init.xml::1511451595465-61::R3.Corda: Foreign key constraint added to node_link_nodeinfo_party (party_name)
?[m?[37m[INFO] 12:35:40,121 [Test worker] liquibase. - master.changelog.json: migration/node-services.changelog-init.xml::1511451595465-61::R3.Corda: ChangeSet migration/node-services.changelog-init.xml::1511451595465-61::R3.Corda ran successfully in 1ms
?[m?[37m[INFO] 12:35:40,122 [Test worker] liquibase. - master.changelog.json: migration/node-services.changelog-init.xml::add index att_id::R3.Corda: Index att_id_idx created
?[m?[37m[INFO] 12:35:40,122 [Test worker] liquibase. - master.changelog.json: migration/node-services.changelog-init.xml::add index att_id::R3.Corda: ChangeSet migration/node-services.changelog-init.xml::add index att_id::R3.Corda ran successfully in 0ms
?[m?[37m[INFO] 12:35:40,124 [Test worker] liquibase. - master.changelog.json: migration/node-services.changelog-init.xml::add_contract_attachment::R3.Corda: Table node_attchments_contracts created
?[m?[37m[INFO] 12:35:40,125 [Test worker] liquibase. - master.changelog.json: migration/node-services.changelog-init.xml::add_contract_attachment::R3.Corda: Foreign key constraint added to node_attchments_contracts (att_id)
?[m?[37m[INFO] 12:35:40,125 [Test worker] liquibase. - master.changelog.json: migration/node-services.changelog-init.xml::add_contract_attachment::R3.Corda: Data deleted from node_attachments
?[m?[37m[INFO] 12:35:40,125 [Test worker] liquibase. - master.changelog.json: migration/node-services.changelog-init.xml::add_contract_attachment::R3.Corda: ChangeSet migration/node-services.changelog-init.xml::add_contract_attachment::R3.Corda ran successfully in 1ms
?[m?[37m[INFO] 12:35:40,130 [Test worker] liquibase. - master.changelog.json: migration/node-services.changelog-init.xml::add_dedup_columns::R3.Corda: Columns sender(NVARCHAR(64)),sequence_number(BIGINT) added to node_message_ids
?[m?[37m[INFO] 12:35:40,130 [Test worker] liquibase. - master.changelog.json: migration/node-services.changelog-init.xml::add_dedup_columns::R3.Corda: ChangeSet migration/node-services.changelog-init.xml::add_dedup_columns::R3.Corda ran successfully in 3ms
?[m?[37m[INFO] 12:35:40,131 [Test worker] liquibase. - master.changelog.json: migration/node-core.changelog-v4.xml::attchments_rename::R3.Corda: Table node_attchments_contracts renamed to node_attachments_contracts
?[m?[37m[INFO] 12:35:40,131 [Test worker] liquibase. - master.changelog.json: migration/node-core.changelog-v4.xml::attchments_rename::R3.Corda: ChangeSet migration/node-core.changelog-v4.xml::attchments_rename::R3.Corda ran successfully in 0ms
?[m?[37m[INFO] 12:35:40,133 [Test worker] liquibase. - master.changelog.json: migration/node-core.changelog-v4.xml::nullability::R3.Corda: Null constraint has been added to node_identities.identity_value
?[m?[37m[INFO] 12:35:40,133 [Test worker] liquibase. - master.changelog.json: migration/node-core.changelog-v4.xml::nullability::R3.Corda: Null constraint has been added to node_attachments.content
?[m?[37m[INFO] 12:35:40,133 [Test worker] liquibase. - master.changelog.json: migration/node-core.changelog-v4.xml::nullability::R3.Corda: Null constraint has been added to node_attachments_contracts.contract_class_name
?[m?[37m[INFO] 12:35:40,134 [Test worker] liquibase. - master.changelog.json: migration/node-core.changelog-v4.xml::nullability::R3.Corda: Null constraint has been added to node_checkpoints.checkpoint_value
?[m?[37m[INFO] 12:35:40,134 [Test worker] liquibase. - master.changelog.json: migration/node-core.changelog-v4.xml::nullability::R3.Corda: Null constraint has been added to node_contract_upgrades.contract_class_name
?[m?[37m[INFO] 12:35:40,134 [Test worker] liquibase. - master.changelog.json: migration/node-core.changelog-v4.xml::nullability::R3.Corda: Null constraint has been added to node_message_ids.insertion_time
?[m?[37m[INFO] 12:35:40,134 [Test worker] liquibase. - master.changelog.json: migration/node-core.changelog-v4.xml::nullability::R3.Corda: Null constraint has been added to node_message_retry.message
?[m?[37m[INFO] 12:35:40,135 [Test worker] liquibase. - master.changelog.json: migration/node-core.changelog-v4.xml::nullability::R3.Corda: Null constraint has been added to node_message_retry.recipients
?[m?[37m[INFO] 12:35:40,135 [Test worker] liquibase. - master.changelog.json: migration/node-core.changelog-v4.xml::nullability::R3.Corda: Null constraint has been added to node_named_identities.pk_hash
?[m?[37m[INFO] 12:35:40,135 [Test worker] liquibase. - master.changelog.json: migration/node-core.changelog-v4.xml::nullability::R3.Corda: Null constraint has been added to node_our_key_pairs.private_key
?[m?[37m[INFO] 12:35:40,135 [Test worker] liquibase. - master.changelog.json: migration/node-core.changelog-v4.xml::nullability::R3.Corda: Null constraint has been added to node_our_key_pairs.public_key
?[m?[37m[INFO] 12:35:40,135 [Test worker] liquibase. - master.changelog.json: migration/node-core.changelog-v4.xml::nullability::R3.Corda: Null constraint has been added to node_transaction_mappings.state_machine_run_id
?[m?[37m[INFO] 12:35:40,136 [Test worker] liquibase. - master.changelog.json: migration/node-core.changelog-v4.xml::nullability::R3.Corda: Null constraint has been added to node_transactions.transaction_value
?[m?[37m[INFO] 12:35:40,136 [Test worker] liquibase. - master.changelog.json: migration/node-core.changelog-v4.xml::nullability::R3.Corda: ChangeSet migration/node-core.changelog-v4.xml::nullability::R3.Corda ran successfully in 3ms
?[m?[37m[INFO] 12:35:40,138 [Test worker] liquibase. - master.changelog.json: migration/node-core.changelog-v5.xml::remove_unused_node_message_retry::R3.Corda: Table node_message_retry dropped
?[m?[37m[INFO] 12:35:40,138 [Test worker] liquibase. - master.changelog.json: migration/node-core.changelog-v5.xml::remove_unused_node_message_retry::R3.Corda: ChangeSet migration/node-core.changelog-v5.xml::remove_unused_node_message_retry::R3.Corda ran successfully in 1ms
?[m?[37m[INFO] 12:35:40,153 [Test worker] liquibase. - master.changelog.json: migration/node-core.changelog-v8.xml::conditional_attchments_rename::R3.Corda: Marking ChangeSet: migration/node-core.changelog-v8.xml::conditional_attchments_rename::R3.Corda ran despite precondition failure due to onFail='MARK_RAN': 
          master.changelog.json : Table PUBLIC.NODE_ATTCHMENTS_CONTRACTS does not exist

?[m?[37m[INFO] 12:35:40,160 [Test worker] liquibase. - master.changelog.json: migration/node-core.changelog-v8.xml::conditional_attchments_contracts::R3.Corda: Marking ChangeSet: migration/node-core.changelog-v8.xml::conditional_attchments_contracts::R3.Corda ran despite precondition failure due to onFail='MARK_RAN': 
          master.changelog.json : Table PUBLIC.NODE_ATTACHMENTS_CONTRACT_CLASS_NAME does not exist

?[m?[37m[INFO] 12:35:40,162 [Test worker] liquibase. - master.changelog.json: migration/node-core.changelog-v8.xml::add_signers::R3.Corda: Table node_attachments_signers created
?[m?[37m[INFO] 12:35:40,162 [Test worker] liquibase. - master.changelog.json: migration/node-core.changelog-v8.xml::add_signers::R3.Corda: Foreign key constraint added to node_attachments_signers (att_id)
?[m?[37m[INFO] 12:35:40,162 [Test worker] liquibase. - master.changelog.json: migration/node-core.changelog-v8.xml::add_signers::R3.Corda: ChangeSet migration/node-core.changelog-v8.xml::add_signers::R3.Corda ran successfully in 1ms
?[m?[37m[INFO] 12:35:40,165 [Test worker] liquibase. - master.changelog.json: migration/node-core.changelog-tx-mapping.xml::add_tx_mapping_column::R3.Corda: Columns state_machine_run_id(NVARCHAR(36)) added to node_transactions
?[m?[37m[INFO] 12:35:40,166 [Test worker] liquibase. - master.changelog.json: migration/node-core.changelog-tx-mapping.xml::add_tx_mapping_column::R3.Corda: Custom SQL executed
?[m?[37m[INFO] 12:35:40,166 [Test worker] liquibase. - master.changelog.json: migration/node-core.changelog-tx-mapping.xml::add_tx_mapping_column::R3.Corda: Table node_transaction_mappings dropped
?[m?[37m[INFO] 12:35:40,166 [Test worker] liquibase. - master.changelog.json: migration/node-core.changelog-tx-mapping.xml::add_tx_mapping_column::R3.Corda: ChangeSet migration/node-core.changelog-tx-mapping.xml::add_tx_mapping_column::R3.Corda ran successfully in 2ms
?[m?[37m[INFO] 12:35:40,168 [Test worker] liquibase. - master.changelog.json: migration/node-services.changelog-init.xml::add_network_parameters_storage::R3.Corda: Table node_network_parameters created
?[m?[37m[INFO] 12:35:40,168 [Test worker] liquibase. - master.changelog.json: migration/node-services.changelog-init.xml::add_network_parameters_storage::R3.Corda: ChangeSet migration/node-services.changelog-init.xml::add_network_parameters_storage::R3.Corda ran successfully in 1ms
?[m?[37m[INFO] 12:35:40,170 [Test worker] liquibase. - master.changelog.json: migration/node-services.changelog-init.xml::network_parameters_pk::R3.Corda: Primary key added to node_network_parameters (hash)
?[m?[37m[INFO] 12:35:40,170 [Test worker] liquibase. - master.changelog.json: migration/node-services.changelog-init.xml::network_parameters_pk::R3.Corda: ChangeSet migration/node-services.changelog-init.xml::network_parameters_pk::R3.Corda ran successfully in 1ms
?[m?[37m[INFO] 12:35:40,173 [Test worker] liquibase. - master.changelog.json: migration/node-services.changelog-init.xml::add_version_column::R3.Corda: Columns version(INT) added to node_attachments
?[m?[37m[INFO] 12:35:40,173 [Test worker] liquibase. - master.changelog.json: migration/node-services.changelog-init.xml::add_version_column::R3.Corda: Custom SQL executed
?[m?[37m[INFO] 12:35:40,173 [Test worker] liquibase. - master.changelog.json: migration/node-services.changelog-init.xml::add_version_column::R3.Corda: Null constraint has been added to node_attachments.version
?[m?[37m[INFO] 12:35:40,173 [Test worker] liquibase. - master.changelog.json: migration/node-services.changelog-init.xml::add_version_column::R3.Corda: ChangeSet migration/node-services.changelog-init.xml::add_version_column::R3.Corda ran successfully in 2ms
?[m?[37m[INFO] 12:35:40,175 [Test worker] persistence.AttachmentVersionNumberMigration. - Start executing...
?[m?[37m[INFO] 12:35:40,177 [Test worker] persistence.AttachmentVersionNumberMigration. - Attachment version creation from whitelisted JARs using network parameters from build\mock-network\20190412-153538.509\nodes\1\network-parameters, whitelistedContractImplementations: {}.
?[m?[37m[INFO] 12:35:40,177 [Test worker] persistence.AttachmentVersionNumberMigration. - Attachment version creation from whitelisted JARs skipped, no attachments not found.
?[m?[37m[INFO] 12:35:40,177 [Test worker] liquibase. - master.changelog.json: migration/node-services.changelog-init.xml::update-version-of-whitelisted-jars::R3.Corda: null
?[m?[37m[INFO] 12:35:40,177 [Test worker] liquibase. - master.changelog.json: migration/node-services.changelog-init.xml::update-version-of-whitelisted-jars::R3.Corda: ChangeSet migration/node-services.changelog-init.xml::update-version-of-whitelisted-jars::R3.Corda ran successfully in 2ms
?[m?[37m[INFO] 12:35:40,178 [Test worker] migration.VaultStateMigration. - Migrating vault state data to V4 tables
?[m?[37m[INFO] 12:35:40,180 [Test worker] persistence.HibernateConfiguration. - Init HibernateConfiguration for schemas: [VaultMigrationSchemaV1(name=net.corda.node.migration.VaultMigrationSchema, version=1), VaultSchemaV1(name=net.corda.node.services.vault.VaultSchema, version=1)]
?[m?[37m[INFO] 12:35:40,180 [Test worker] persistence.HibernateConfiguration. - Creating session factory for schemas: [VaultMigrationSchemaV1(name=net.corda.node.migration.VaultMigrationSchema, version=1), VaultSchemaV1(name=net.corda.node.services.vault.VaultSchema, version=1)]
?[m?[37m[INFO] 12:35:40,187 [Test worker] internal.ConnectionProviderInitiator. - HHH000130: Instantiating explicit connection provider: net.corda.nodeapi.internal.persistence.HibernateConfiguration$NodeDatabaseConnectionProvider
?[m?[37m[INFO] 12:35:40,187 [Test worker] dialect.Dialect. - HHH000400: Using dialect: org.hibernate.dialect.H2Dialect
?[m?[37m[INFO] 12:35:40,190 [Test worker] type.BasicTypeRegistry. - HHH000270: Type registration [materialized_blob] overrides previous : org.hibernate.type.MaterializedBlobType@61c329e6
?[m?[37m[INFO] 12:35:40,226 [Test worker] connections.access. - HHH10001501: Connection obtained from JdbcConnectionAccess [org.hibernate.engine.jdbc.env.internal.JdbcEnvironmentInitiator$ConnectionProviderJdbcConnectionAccess@4694d2e3] for (non-JTA) DDL execution was not in auto-commit mode; the Connection 'local transaction' will be committed and the Connection will be set into auto-commit mode.
?[m?[37m[INFO] 12:35:40,254 [Test worker] persistence.HibernateConfiguration. - Created session factory for schemas: [VaultMigrationSchemaV1(name=net.corda.node.migration.VaultMigrationSchema, version=1), VaultSchemaV1(name=net.corda.node.services.vault.VaultSchema, version=1)]
?[m?[37m[INFO] 12:35:40,255 [Test worker] internal.QueryTranslatorFactoryInitiator. - HHH000397: Using ASTQueryTranslatorFactory
?[m?[37m[INFO] 12:35:40,264 [Test worker] migration.VaultStateMigration. - Finished performing vault state data migration for 0 states
?[m?[37m[INFO] 12:35:40,264 [Test worker] liquibase. - master.changelog.json: migration/vault-schema.changelog-v9.xml::update-vault-states::R3.Corda: null
?[m?[37m[INFO] 12:35:40,264 [Test worker] liquibase. - master.changelog.json: migration/vault-schema.changelog-v9.xml::update-vault-states::R3.Corda: ChangeSet migration/vault-schema.changelog-v9.xml::update-vault-states::R3.Corda ran successfully in 86ms
?[m?[37m[INFO] 12:35:40,265 [Test worker] liquibase. - Successfully released change log lock
?[m?[37m[INFO] 12:35:40,266 [Test worker] internal.InternalMockNetwork$MockNode. - Connected to H2 database.
?[m?[37m[INFO] 12:35:40,267 [Test worker] internal.InternalMockNetwork$MockNode. - identity-private-key not found in key store, generating fresh key!
?[m?[37m[INFO] 12:35:40,294 [Test worker] persistence.HibernateConfiguration. - Init HibernateConfiguration for schemas: [CommonSchemaV1(name=net.corda.core.schemas.CommonSchema, version=1), VaultSchemaV1(name=net.corda.node.services.vault.VaultSchema, version=1), NodeInfoSchemaV1(name=net.corda.node.internal.schemas.NodeInfoSchema, version=1), NodeCoreV1(name=net.corda.node.services.schema.NodeSchemaService$NodeCore, version=1), IOUSchemaV1(name=com.example.schema.IOUSchema, version=1)]
?[m?[37m[INFO] 12:35:40,294 [Test worker] persistence.HibernateConfiguration. - Creating session factory for schemas: [CommonSchemaV1(name=net.corda.core.schemas.CommonSchema, version=1), VaultSchemaV1(name=net.corda.node.services.vault.VaultSchema, version=1), NodeInfoSchemaV1(name=net.corda.node.internal.schemas.NodeInfoSchema, version=1), NodeCoreV1(name=net.corda.node.services.schema.NodeSchemaService$NodeCore, version=1), IOUSchemaV1(name=com.example.schema.IOUSchema, version=1)]
?[m?[37m[INFO] 12:35:40,300 [Test worker] internal.ConnectionProviderInitiator. - HHH000130: Instantiating explicit connection provider: net.corda.nodeapi.internal.persistence.HibernateConfiguration$NodeDatabaseConnectionProvider
?[m?[37m[INFO] 12:35:40,301 [Test worker] dialect.Dialect. - HHH000400: Using dialect: org.hibernate.dialect.H2Dialect
?[m?[37m[INFO] 12:35:40,312 [Test worker] type.BasicTypeRegistry. - HHH000270: Type registration [materialized_blob] overrides previous : org.hibernate.type.MaterializedBlobType@61c329e6
?[m?[37m[INFO] 12:35:40,611 [Test worker] connections.access. - HHH10001501: Connection obtained from JdbcConnectionAccess [org.hibernate.engine.jdbc.env.internal.JdbcEnvironmentInitiator$ConnectionProviderJdbcConnectionAccess@7d11cf2d] for (non-JTA) DDL execution was not in auto-commit mode; the Connection 'local transaction' will be committed and the Connection will be set into auto-commit mode.
?[m?[37m[INFO] 12:35:40,942 [Test worker] persistence.HibernateConfiguration. - Created session factory for schemas: [CommonSchemaV1(name=net.corda.core.schemas.CommonSchema, version=1), VaultSchemaV1(name=net.corda.node.services.vault.VaultSchema, version=1), NodeInfoSchemaV1(name=net.corda.node.internal.schemas.NodeInfoSchema, version=1), NodeCoreV1(name=net.corda.node.services.schema.NodeSchemaService$NodeCore, version=1), IOUSchemaV1(name=com.example.schema.IOUSchema, version=1)]
?[m?[37m[INFO] 12:35:40,959 [Test worker] internal.QueryTranslatorFactoryInitiator. - HHH000397: Using ASTQueryTranslatorFactory
?[m?[37m[INFO] 12:35:40,973 [Test worker] internal.InternalMockNetwork$MockNode. - Node-info has changed so submitting update. Old node-info was null
?[m?[37m[INFO] 12:35:40,973 [Test worker] network.PersistentNetworkMapCache. - Adding node with info: NodeInfo(addresses=[mock.node:1000], legalIdentitiesAndCerts=[O=Mock Company 1, L=London, C=GB], platformVersion=4, serial=1555083340973)
?[m?[37m[INFO] 12:35:40,975 [Test worker] network.PersistentNetworkMapCache. - No previous node found
?[m?[37m[INFO] 12:35:40,986 [Test worker] internal.InternalMockNetwork$MockNode. - New node-info: NodeInfo(addresses=[mock.node:1000], legalIdentitiesAndCerts=[O=Mock Company 1, L=London, C=GB], platformVersion=4, serial=1555083340973)
?[m?[37m[INFO] 12:35:41,008 [Test worker] network.NetworkMapUpdater. - Auto-accept enabled for network parameter changes which modify only: [epoch, modifiedTime, packageOwnership, whitelistedContractImplementations]
?[m?[37m[INFO] 12:35:41,046 [MockNode-8-2] network.PersistentNetworkMapCache. - Adding node with info: NodeInfo(addresses=[mock.node:1000], legalIdentitiesAndCerts=[O=Mock Company 1, L=London, C=GB], platformVersion=4, serial=1555083340973)
?[m?[37m[INFO] 12:35:41,055 [MockNode-8-2] network.PersistentNetworkMapCache. - Previous node was identical to incoming one - doing nothing
?[m?[37m[INFO] 12:35:41,280 [Test worker] ClassloaderUtils. - Contracts loading for 'C:\Users\Daniel\AppData\Local\Temp\attachment8658778800520279192.jar' took 41 msec
?[m?[37m[INFO] 12:35:41,321 [Test worker] persistence.NodeAttachmentService. - Stored new attachment: id=068D846C052E681003228A05005925CB3EC9DBFEDDFDA00048D0BB87F1ED69B0 uploader=app filename=null
?[m?[37m[INFO] 12:35:41,388 [Test worker] statemachine.SingleThreadedStateMachineManager. - Node ready, info: NodeInfo(addresses=[mock.node:1000], legalIdentitiesAndCerts=[O=Mock Company 1, L=London, C=GB], platformVersion=4, serial=1555083340973)
?[m?[37m[INFO] 12:35:41,402 [Test worker] network.PersistentNetworkMapCache. - Adding node with info: NodeInfo(addresses=[mock.node:1000], legalIdentitiesAndCerts=[O=Notary Service, L=Zurich, C=CH], platformVersion=4, serial=1555083339411)
?[m?[37m[INFO] 12:35:41,404 [Test worker] network.PersistentNetworkMapCache. - No previous node found
?[m?[37m[INFO] 12:35:41,443 [Test worker] network.PersistentNetworkMapCache. - Adding node with info: NodeInfo(addresses=[mock.node:1000], legalIdentitiesAndCerts=[O=Mock Company 1, L=London, C=GB], platformVersion=4, serial=1555083340973)
?[m?[37m[INFO] 12:35:41,444 [Test worker] network.PersistentNetworkMapCache. - No previous node found
?[m?[37m[INFO] 12:35:41,451 [Test worker] network.PersistentNetworkMapCache. - Adding node with info: NodeInfo(addresses=[mock.node:1000], legalIdentitiesAndCerts=[O=Mock Company 1, L=London, C=GB], platformVersion=4, serial=1555083340973)
?[m?[37m[INFO] 12:35:41,451 [Test worker] network.PersistentNetworkMapCache. - Previous node was identical to incoming one - doing nothing
?[m?[37m[INFO] 12:35:41,451 [Test worker] network.PersistentNetworkMapCache. - Adding node with info: NodeInfo(addresses=[mock.node:1000], legalIdentitiesAndCerts=[O=Mock Company 1, L=London, C=GB], platformVersion=4, serial=1555083340973)
?[m?[37m[INFO] 12:35:41,451 [Test worker] network.PersistentNetworkMapCache. - Previous node was identical to incoming one - doing nothing
?[m?[37m[INFO] 12:35:41,460 [Test worker] cordapp.JarScanningCordappLoader. - Looking for CorDapps in [build\mock-network\20190412-153538.509\nodes\2\cordapps]
?[m?[37m[INFO] 12:35:41,461 [Test worker] cordapp.JarScanningCordappLoader. - Loading CorDapps from RestrictedURL(url=file:/C:/Users/Daniel/OneDrive/Documents/tokensdk/samples3/cordapp-example/workflows-kotlin/build/mock-network/20190412-153538.509/nodes/2/cordapps/cordapp-example-contracts-0.1.jar, rootPackageName=null), RestrictedURL(url=file:/C:/Users/Daniel/OneDrive/Documents/tokensdk/samples3/cordapp-example/workflows-kotlin/build/mock-network/20190412-153538.509/nodes/2/cordapps/cordapp-example-workflows-0.1.jar, rootPackageName=null)
?[m?[37m[INFO] 12:35:41,461 [Test worker] cordapp.JarScanningCordappLoader. - Scanning CorDapp in file:/C:/Users/Daniel/OneDrive/Documents/tokensdk/samples3/cordapp-example/workflows-kotlin/build/mock-network/20190412-153538.509/nodes/2/cordapps/cordapp-example-contracts-0.1.jar
?[m?[37m[INFO] 12:35:41,542 [Test worker] cordapp.JarScanningCordappLoader. - Found notary service CorDapp implementations: 
?[m?[37m[INFO] 12:35:41,542 [Test worker] cordapp.JarScanningCordappLoader. - Scanning CorDapp in file:/C:/Users/Daniel/OneDrive/Documents/tokensdk/samples3/cordapp-example/workflows-kotlin/build/mock-network/20190412-153538.509/nodes/2/cordapps/cordapp-example-workflows-0.1.jar
?[m?[37m[INFO] 12:35:41,614 [Test worker] cordapp.JarScanningCordappLoader. - Found notary service CorDapp implementations: 
?[m?[37m[INFO] 12:35:41,624 [Test worker] internal.InternalMockNetwork$MockNode. - Node starting up ...
?[m?[37m[INFO] 12:35:41,672 [Test worker] internal.NodeFlowManager. - Registered com.example.flow.ExampleFlow$Initiator to initiate com.example.flow.ExampleFlow$Acceptor (version 1)
?[m?[37m[INFO] 12:35:41,676 [Test worker] internal.InternalMockNetwork$MockNode. - Loaded network parameters: NetworkParameters {
      minimumPlatformVersion=1
      notaries=[NotaryInfo(identity=O=Notary Service, L=Zurich, C=CH, validating=true)]
      maxMessageSize=10485760
      maxTransactionSize=524288000
      whitelistedContractImplementations {
        
      }
      eventHorizon=PT720H
      packageOwnership {
        
      }
      modifiedTime=2019-04-12T15:35:38.509Z
      epoch=1
  }
?[m?[37m[INFO] 12:35:41,677 [Test worker] hikari.HikariDataSource. - HikariPool-9 - Started.
?[m?[37m[INFO] 12:35:42,135 [Test worker] liquibase. - Creating database history table with name: PUBLIC.DATABASECHANGELOG
?[m?[37m[INFO] 12:35:42,144 [Test worker] liquibase. - Reading from PUBLIC.DATABASECHANGELOG
?[m?[37m[INFO] 12:35:42,149 [Test worker] liquibase. - master.changelog.json: migration/common.changelog-init.xml::1511451595465-1.3::R3.Corda: Skipping changeSet migration/common.changelog-init.xml::1511451595465-1.3::R3.Corda due to validation error(s): minValue is not allowed on h2
?[m?[37m[INFO] 12:35:42,181 [Test worker] liquibase. - master.changelog.json: migration/vault-schema.changelog-pkey.xml::non-clustered_pk-11::R3.Corda: Skipping changeSet migration/vault-schema.changelog-pkey.xml::non-clustered_pk-11::R3.Corda due to validation error(s): clustered is not allowed on h2
?[m?[37m[INFO] 12:35:42,182 [Test worker] liquibase. - master.changelog.json: migration/vault-schema.changelog-pkey.xml::non-clustered_pk-12::R3.Corda: Skipping changeSet migration/vault-schema.changelog-pkey.xml::non-clustered_pk-12::R3.Corda due to validation error(s): clustered is not allowed on h2
?[m?[37m[INFO] 12:35:42,182 [Test worker] liquibase. - master.changelog.json: migration/vault-schema.changelog-pkey.xml::non-clustered_pk-13::R3.Corda: Skipping changeSet migration/vault-schema.changelog-pkey.xml::non-clustered_pk-13::R3.Corda due to validation error(s): clustered is not allowed on h2
?[m?[37m[INFO] 12:35:42,215 [Test worker] liquibase. - master.changelog.json: migration/node-core.changelog-pkey.xml::non-clustered_pk-1::R3.Corda: Skipping changeSet migration/node-core.changelog-pkey.xml::non-clustered_pk-1::R3.Corda due to validation error(s): clustered is not allowed on h2
?[m?[37m[INFO] 12:35:42,216 [Test worker] liquibase. - master.changelog.json: migration/node-core.changelog-pkey.xml::non-clustered_pk-2::R3.Corda: Skipping changeSet migration/node-core.changelog-pkey.xml::non-clustered_pk-2::R3.Corda due to validation error(s): clustered is not allowed on h2
?[m?[37m[INFO] 12:35:42,217 [Test worker] liquibase. - master.changelog.json: migration/node-core.changelog-pkey.xml::non-clustered_pk-3::R3.Corda: Skipping changeSet migration/node-core.changelog-pkey.xml::non-clustered_pk-3::R3.Corda due to validation error(s): clustered is not allowed on h2
?[m?[37m[INFO] 12:35:42,217 [Test worker] liquibase. - master.changelog.json: migration/node-core.changelog-pkey.xml::non-clustered_pk-4::R3.Corda: Skipping changeSet migration/node-core.changelog-pkey.xml::non-clustered_pk-4::R3.Corda due to validation error(s): clustered is not allowed on h2
?[m?[37m[INFO] 12:35:42,217 [Test worker] liquibase. - master.changelog.json: migration/node-core.changelog-pkey.xml::non-clustered_pk-5::R3.Corda: Skipping changeSet migration/node-core.changelog-pkey.xml::non-clustered_pk-5::R3.Corda due to validation error(s): clustered is not allowed on h2
?[m?[37m[INFO] 12:35:42,217 [Test worker] liquibase. - master.changelog.json: migration/node-core.changelog-pkey.xml::non-clustered_pk-6::R3.Corda: Skipping changeSet migration/node-core.changelog-pkey.xml::non-clustered_pk-6::R3.Corda due to validation error(s): clustered is not allowed on h2
?[m?[37m[INFO] 12:35:42,218 [Test worker] liquibase. - master.changelog.json: migration/node-core.changelog-pkey.xml::non-clustered_pk-7::R3.Corda: Skipping changeSet migration/node-core.changelog-pkey.xml::non-clustered_pk-7::R3.Corda due to validation error(s): clustered is not allowed on h2
?[m?[37m[INFO] 12:35:42,238 [Test worker] liquibase. - Successfully acquired change log lock
?[m?[37m[INFO] 12:35:42,247 [Test worker] liquibase. - master.changelog.json: migration/common.changelog-init.xml::1511451595465-1.3::R3.Corda: Skipping changeSet migration/common.changelog-init.xml::1511451595465-1.3::R3.Corda due to validation error(s): minValue is not allowed on h2
?[m?[37m[INFO] 12:35:42,250 [Test worker] liquibase. - master.changelog.json: migration/vault-schema.changelog-pkey.xml::non-clustered_pk-11::R3.Corda: Skipping changeSet migration/vault-schema.changelog-pkey.xml::non-clustered_pk-11::R3.Corda due to validation error(s): clustered is not allowed on h2
?[m?[37m[INFO] 12:35:42,251 [Test worker] liquibase. - master.changelog.json: migration/vault-schema.changelog-pkey.xml::non-clustered_pk-12::R3.Corda: Skipping changeSet migration/vault-schema.changelog-pkey.xml::non-clustered_pk-12::R3.Corda due to validation error(s): clustered is not allowed on h2
?[m?[37m[INFO] 12:35:42,252 [Test worker] liquibase. - master.changelog.json: migration/vault-schema.changelog-pkey.xml::non-clustered_pk-13::R3.Corda: Skipping changeSet migration/vault-schema.changelog-pkey.xml::non-clustered_pk-13::R3.Corda due to validation error(s): clustered is not allowed on h2
?[m?[37m[INFO] 12:35:42,299 [Test worker] liquibase. - master.changelog.json: migration/node-core.changelog-pkey.xml::non-clustered_pk-1::R3.Corda: Skipping changeSet migration/node-core.changelog-pkey.xml::non-clustered_pk-1::R3.Corda due to validation error(s): clustered is not allowed on h2
?[m?[37m[INFO] 12:35:42,299 [Test worker] liquibase. - master.changelog.json: migration/node-core.changelog-pkey.xml::non-clustered_pk-2::R3.Corda: Skipping changeSet migration/node-core.changelog-pkey.xml::non-clustered_pk-2::R3.Corda due to validation error(s): clustered is not allowed on h2
?[m?[37m[INFO] 12:35:42,299 [Test worker] liquibase. - master.changelog.json: migration/node-core.changelog-pkey.xml::non-clustered_pk-3::R3.Corda: Skipping changeSet migration/node-core.changelog-pkey.xml::non-clustered_pk-3::R3.Corda due to validation error(s): clustered is not allowed on h2
?[m?[37m[INFO] 12:35:42,299 [Test worker] liquibase. - master.changelog.json: migration/node-core.changelog-pkey.xml::non-clustered_pk-4::R3.Corda: Skipping changeSet migration/node-core.changelog-pkey.xml::non-clustered_pk-4::R3.Corda due to validation error(s): clustered is not allowed on h2
?[m?[37m[INFO] 12:35:42,299 [Test worker] liquibase. - master.changelog.json: migration/node-core.changelog-pkey.xml::non-clustered_pk-5::R3.Corda: Skipping changeSet migration/node-core.changelog-pkey.xml::non-clustered_pk-5::R3.Corda due to validation error(s): clustered is not allowed on h2
?[m?[37m[INFO] 12:35:42,299 [Test worker] liquibase. - master.changelog.json: migration/node-core.changelog-pkey.xml::non-clustered_pk-6::R3.Corda: Skipping changeSet migration/node-core.changelog-pkey.xml::non-clustered_pk-6::R3.Corda due to validation error(s): clustered is not allowed on h2
?[m?[37m[INFO] 12:35:42,299 [Test worker] liquibase. - master.changelog.json: migration/node-core.changelog-pkey.xml::non-clustered_pk-7::R3.Corda: Skipping changeSet migration/node-core.changelog-pkey.xml::non-clustered_pk-7::R3.Corda due to validation error(s): clustered is not allowed on h2
?[m?[37m[INFO] 12:35:42,301 [Test worker] liquibase. - master.changelog.json: migration/common.changelog-init.xml::1511451595465-1.1::R3.Corda: Sequence hibernate_sequence created
?[m?[37m[INFO] 12:35:42,301 [Test worker] liquibase. - master.changelog.json: migration/common.changelog-init.xml::1511451595465-1.1::R3.Corda: ChangeSet migration/common.changelog-init.xml::1511451595465-1.1::R3.Corda ran successfully in 0ms
?[m?[37m[INFO] 12:35:42,304 [Test worker] liquibase. - master.changelog.json: migration/vault-schema.changelog-init.xml::1511451595465-22::R3.Corda: Table vault_fungible_states created
?[m?[37m[INFO] 12:35:42,304 [Test worker] liquibase. - master.changelog.json: migration/vault-schema.changelog-init.xml::1511451595465-22::R3.Corda: ChangeSet migration/vault-schema.changelog-init.xml::1511451595465-22::R3.Corda ran successfully in 1ms
?[m?[37m[INFO] 12:35:42,317 [Test worker] liquibase. - master.changelog.json: migration/vault-schema.changelog-init.xml::1511451595465-23::R3.Corda: Table vault_fungible_states_parts created
?[m?[37m[INFO] 12:35:42,317 [Test worker] liquibase. - master.changelog.json: migration/vault-schema.changelog-init.xml::1511451595465-23::R3.Corda: ChangeSet migration/vault-schema.changelog-init.xml::1511451595465-23::R3.Corda ran successfully in 1ms
?[m?[37m[INFO] 12:35:42,319 [Test worker] liquibase. - master.changelog.json: migration/vault-schema.changelog-init.xml::1511451595465-24::R3.Corda: Table vault_linear_states created
?[m?[37m[INFO] 12:35:42,319 [Test worker] liquibase. - master.changelog.json: migration/vault-schema.changelog-init.xml::1511451595465-24::R3.Corda: ChangeSet migration/vault-schema.changelog-init.xml::1511451595465-24::R3.Corda ran successfully in 1ms
?[m?[37m[INFO] 12:35:42,321 [Test worker] liquibase. - master.changelog.json: migration/vault-schema.changelog-init.xml::1511451595465-25::R3.Corda: Table vault_linear_states_parts created
?[m?[37m[INFO] 12:35:42,321 [Test worker] liquibase. - master.changelog.json: migration/vault-schema.changelog-init.xml::1511451595465-25::R3.Corda: ChangeSet migration/vault-schema.changelog-init.xml::1511451595465-25::R3.Corda ran successfully in 1ms
?[m?[37m[INFO] 12:35:42,324 [Test worker] liquibase. - master.changelog.json: migration/vault-schema.changelog-init.xml::1511451595465-26::R3.Corda: Table vault_states created
?[m?[37m[INFO] 12:35:42,324 [Test worker] liquibase. - master.changelog.json: migration/vault-schema.changelog-init.xml::1511451595465-26::R3.Corda: ChangeSet migration/vault-schema.changelog-init.xml::1511451595465-26::R3.Corda ran successfully in 2ms
?[m?[37m[INFO] 12:35:42,327 [Test worker] liquibase. - master.changelog.json: migration/vault-schema.changelog-init.xml::1511451595465-27::R3.Corda: Table vault_transaction_notes created
?[m?[37m[INFO] 12:35:42,327 [Test worker] liquibase. - master.changelog.json: migration/vault-schema.changelog-init.xml::1511451595465-27::R3.Corda: ChangeSet migration/vault-schema.changelog-init.xml::1511451595465-27::R3.Corda ran successfully in 0ms
?[m?[37m[INFO] 12:35:42,329 [Test worker] liquibase. - master.changelog.json: migration/vault-schema.changelog-init.xml::1511451595465-47::R3.Corda: Primary key added to vault_fungible_states (output_index, transaction_id)
?[m?[37m[INFO] 12:35:42,329 [Test worker] liquibase. - master.changelog.json: migration/vault-schema.changelog-init.xml::1511451595465-47::R3.Corda: ChangeSet migration/vault-schema.changelog-init.xml::1511451595465-47::R3.Corda ran successfully in 1ms
?[m?[37m[INFO] 12:35:42,331 [Test worker] liquibase. - master.changelog.json: migration/vault-schema.changelog-init.xml::1511451595465-48::R3.Corda: Primary key added to vault_linear_states (output_index, transaction_id)
?[m?[37m[INFO] 12:35:42,331 [Test worker] liquibase. - master.changelog.json: migration/vault-schema.changelog-init.xml::1511451595465-48::R3.Corda: ChangeSet migration/vault-schema.changelog-init.xml::1511451595465-48::R3.Corda ran successfully in 0ms
?[m?[37m[INFO] 12:35:42,333 [Test worker] liquibase. - master.changelog.json: migration/vault-schema.changelog-init.xml::1511451595465-49::R3.Corda: Primary key added to vault_states (output_index, transaction_id)
?[m?[37m[INFO] 12:35:42,333 [Test worker] liquibase. - master.changelog.json: migration/vault-schema.changelog-init.xml::1511451595465-49::R3.Corda: ChangeSet migration/vault-schema.changelog-init.xml::1511451595465-49::R3.Corda ran successfully in 1ms
?[m?[37m[INFO] 12:35:42,335 [Test worker] liquibase. - master.changelog.json: migration/vault-schema.changelog-init.xml::1511451595465-50::R3.Corda: Primary key added to vault_transaction_notes (seq_no)
?[m?[37m[INFO] 12:35:42,335 [Test worker] liquibase. - master.changelog.json: migration/vault-schema.changelog-init.xml::1511451595465-50::R3.Corda: ChangeSet migration/vault-schema.changelog-init.xml::1511451595465-50::R3.Corda ran successfully in 0ms
?[m?[37m[INFO] 12:35:42,352 [Test worker] liquibase. - master.changelog.json: migration/vault-schema.changelog-init.xml::1511451595465-53::R3.Corda: Index external_id_index created
?[m?[37m[INFO] 12:35:42,352 [Test worker] liquibase. - master.changelog.json: migration/vault-schema.changelog-init.xml::1511451595465-53::R3.Corda: ChangeSet migration/vault-schema.changelog-init.xml::1511451595465-53::R3.Corda ran successfully in 12ms
?[m?[37m[INFO] 12:35:42,364 [Test worker] liquibase. - master.changelog.json: migration/vault-schema.changelog-init.xml::1511451595465-55::R3.Corda: Index lock_id_idx created
?[m?[37m[INFO] 12:35:42,364 [Test worker] liquibase. - master.changelog.json: migration/vault-schema.changelog-init.xml::1511451595465-55::R3.Corda: ChangeSet migration/vault-schema.changelog-init.xml::1511451595465-55::R3.Corda ran successfully in 3ms
?[m?[37m[INFO] 12:35:42,366 [Test worker] liquibase. - master.changelog.json: migration/vault-schema.changelog-init.xml::1511451595465-58::R3.Corda: Index state_status_idx created
?[m?[37m[INFO] 12:35:42,366 [Test worker] liquibase. - master.changelog.json: migration/vault-schema.changelog-init.xml::1511451595465-58::R3.Corda: ChangeSet migration/vault-schema.changelog-init.xml::1511451595465-58::R3.Corda ran successfully in 1ms
?[m?[37m[INFO] 12:35:42,368 [Test worker] liquibase. - master.changelog.json: migration/vault-schema.changelog-init.xml::1511451595465-59::R3.Corda: Index transaction_id_index created
?[m?[37m[INFO] 12:35:42,368 [Test worker] liquibase. - master.changelog.json: migration/vault-schema.changelog-init.xml::1511451595465-59::R3.Corda: ChangeSet migration/vault-schema.changelog-init.xml::1511451595465-59::R3.Corda ran successfully in 1ms
?[m?[37m[INFO] 12:35:42,370 [Test worker] liquibase. - master.changelog.json: migration/vault-schema.changelog-init.xml::1511451595465-60::R3.Corda: Index uuid_index created
?[m?[37m[INFO] 12:35:42,370 [Test worker] liquibase. - master.changelog.json: migration/vault-schema.changelog-init.xml::1511451595465-60::R3.Corda: ChangeSet migration/vault-schema.changelog-init.xml::1511451595465-60::R3.Corda ran successfully in 1ms
?[m?[37m[INFO] 12:35:42,372 [Test worker] liquibase. - master.changelog.json: migration/vault-schema.changelog-init.xml::1511451595465-64::R3.Corda: Foreign key constraint added to vault_fungible_states_parts (output_index,transaction_id)
?[m?[37m[INFO] 12:35:42,372 [Test worker] liquibase. - master.changelog.json: migration/vault-schema.changelog-init.xml::1511451595465-64::R3.Corda: ChangeSet migration/vault-schema.changelog-init.xml::1511451595465-64::R3.Corda ran successfully in 1ms
?[m?[37m[INFO] 12:35:42,375 [Test worker] liquibase. - master.changelog.json: migration/vault-schema.changelog-init.xml::1511451595465-65::R3.Corda: Foreign key constraint added to vault_linear_states_parts (output_index,transaction_id)
?[m?[37m[INFO] 12:35:42,375 [Test worker] liquibase. - master.changelog.json: migration/vault-schema.changelog-init.xml::1511451595465-65::R3.Corda: ChangeSet migration/vault-schema.changelog-init.xml::1511451595465-65::R3.Corda ran successfully in 1ms
?[m?[37m[INFO] 12:35:42,382 [Test worker] liquibase. - master.changelog.json: migration/vault-schema.changelog-v3.xml::clean_vault::R3.Corda: Data deleted from vault_fungible_states_parts
?[m?[37m[INFO] 12:35:42,382 [Test worker] liquibase. - master.changelog.json: migration/vault-schema.changelog-v3.xml::clean_vault::R3.Corda: Data deleted from vault_fungible_states
?[m?[37m[INFO] 12:35:42,382 [Test worker] liquibase. - master.changelog.json: migration/vault-schema.changelog-v3.xml::clean_vault::R3.Corda: Data deleted from vault_linear_states_parts
?[m?[37m[INFO] 12:35:42,382 [Test worker] liquibase. - master.changelog.json: migration/vault-schema.changelog-v3.xml::clean_vault::R3.Corda: Data deleted from vault_linear_states
?[m?[37m[INFO] 12:35:42,383 [Test worker] liquibase. - master.changelog.json: migration/vault-schema.changelog-v3.xml::clean_vault::R3.Corda: Data deleted from vault_states
?[m?[37m[INFO] 12:35:42,383 [Test worker] liquibase. - master.changelog.json: migration/vault-schema.changelog-v3.xml::clean_vault::R3.Corda: Data deleted from vault_transaction_notes
?[m?[37m[INFO] 12:35:42,383 [Test worker] liquibase. - master.changelog.json: migration/vault-schema.changelog-v3.xml::clean_vault::R3.Corda: ChangeSet migration/vault-schema.changelog-v3.xml::clean_vault::R3.Corda ran successfully in 1ms
?[m?[37m[INFO] 12:35:42,384 [Test worker] liquibase. - master.changelog.json: migration/vault-schema.changelog-v4.xml::nullability::R3.Corda: Null constraint has been added to vault_fungible_states.quantity
?[m?[37m[INFO] 12:35:42,384 [Test worker] liquibase. - master.changelog.json: migration/vault-schema.changelog-v4.xml::nullability::R3.Corda: Null constraint has been added to vault_states.contract_state_class_name
?[m?[37m[INFO] 12:35:42,384 [Test worker] liquibase. - master.changelog.json: migration/vault-schema.changelog-v4.xml::nullability::R3.Corda: Null constraint has been added to vault_states.notary_name
?[m?[37m[INFO] 12:35:42,385 [Test worker] liquibase. - master.changelog.json: migration/vault-schema.changelog-v4.xml::nullability::R3.Corda: Null constraint has been added to vault_states.recorded_timestamp
?[m?[37m[INFO] 12:35:42,385 [Test worker] liquibase. - master.changelog.json: migration/vault-schema.changelog-v4.xml::nullability::R3.Corda: Index state_status_idx dropped from table vault_states
?[m?[37m[INFO] 12:35:42,385 [Test worker] liquibase. - master.changelog.json: migration/vault-schema.changelog-v4.xml::nullability::R3.Corda: Index lock_id_idx dropped from table vault_states
?[m?[37m[INFO] 12:35:42,385 [Test worker] liquibase. - master.changelog.json: migration/vault-schema.changelog-v4.xml::nullability::R3.Corda: Null constraint has been added to vault_states.state_status
?[m?[37m[INFO] 12:35:42,386 [Test worker] liquibase. - master.changelog.json: migration/vault-schema.changelog-v4.xml::nullability::R3.Corda: Index state_status_idx created
?[m?[37m[INFO] 12:35:42,386 [Test worker] liquibase. - master.changelog.json: migration/vault-schema.changelog-v4.xml::nullability::R3.Corda: Index lock_id_idx created
?[m?[37m[INFO] 12:35:42,387 [Test worker] liquibase. - master.changelog.json: migration/vault-schema.changelog-v4.xml::nullability::R3.Corda: Index transaction_id_index dropped from table vault_transaction_notes
?[m?[37m[INFO] 12:35:42,387 [Test worker] liquibase. - master.changelog.json: migration/vault-schema.changelog-v4.xml::nullability::R3.Corda: Null constraint has been added to vault_transaction_notes.note
?[m?[37m[INFO] 12:35:42,388 [Test worker] liquibase. - master.changelog.json: migration/vault-schema.changelog-v4.xml::nullability::R3.Corda: Null constraint has been added to vault_transaction_notes.transaction_id
?[m?[37m[INFO] 12:35:42,391 [Test worker] liquibase. - master.changelog.json: migration/vault-schema.changelog-v4.xml::nullability::R3.Corda: Index transaction_id_index created
?[m?[37m[INFO] 12:35:42,391 [Test worker] liquibase. - master.changelog.json: migration/vault-schema.changelog-v4.xml::nullability::R3.Corda: ChangeSet migration/vault-schema.changelog-v4.xml::nullability::R3.Corda ran successfully in 7ms
?[m?[37m[INFO] 12:35:42,410 [Test worker] liquibase. - master.changelog.json: migration/vault-schema.changelog-v5.xml::add_relevancy_status_column::R3.Corda: Columns relevancy_status(INT) added to vault_states
?[m?[37m[INFO] 12:35:42,413 [Test worker] liquibase. - master.changelog.json: migration/vault-schema.changelog-v5.xml::add_relevancy_status_column::R3.Corda: Data updated in vault_states
?[m?[37m[INFO] 12:35:42,417 [Test worker] liquibase. - master.changelog.json: migration/vault-schema.changelog-v5.xml::add_relevancy_status_column::R3.Corda: Null constraint has been added to vault_states.relevancy_status
?[m?[37m[INFO] 12:35:42,417 [Test worker] liquibase. - master.changelog.json: migration/vault-schema.changelog-v5.xml::add_relevancy_status_column::R3.Corda: ChangeSet migration/vault-schema.changelog-v5.xml::add_relevancy_status_column::R3.Corda ran successfully in 16ms
?[m?[37m[INFO] 12:35:42,423 [Test worker] liquibase. - master.changelog.json: migration/vault-schema.changelog-v6.xml::add_is_constraint_information_columns::R3.Corda: Columns constraint_type(INT) added to vault_states
?[m?[37m[INFO] 12:35:42,428 [Test worker] liquibase. - master.changelog.json: migration/vault-schema.changelog-v6.xml::add_is_constraint_information_columns::R3.Corda: Columns constraint_data(varbinary(563)) added to vault_states
?[m?[37m[INFO] 12:35:42,428 [Test worker] liquibase. - master.changelog.json: migration/vault-schema.changelog-v6.xml::add_is_constraint_information_columns::R3.Corda: ChangeSet migration/vault-schema.changelog-v6.xml::add_is_constraint_information_columns::R3.Corda ran successfully in 8ms
?[m?[37m[INFO] 12:35:42,430 [Test worker] liquibase. - master.changelog.json: migration/vault-schema.changelog-v7.xml::make_issuer_ref_nullable::R3.Corda: Null constraint dropped from vault_fungible_states.issuer_ref
?[m?[37m[INFO] 12:35:42,430 [Test worker] liquibase. - master.changelog.json: migration/vault-schema.changelog-v7.xml::make_issuer_ref_nullable::R3.Corda: ChangeSet migration/vault-schema.changelog-v7.xml::make_issuer_ref_nullable::R3.Corda ran successfully in 0ms
?[m?[37m[INFO] 12:35:42,439 [Test worker] liquibase. - master.changelog.json: migration/vault-schema.changelog-v8.xml::create-external-id-to-state-party-view::R3.Corda: Table state_party created
?[m?[37m[INFO] 12:35:42,439 [Test worker] liquibase. - master.changelog.json: migration/vault-schema.changelog-v8.xml::create-external-id-to-state-party-view::R3.Corda: Index state_pk_hash_idx created
?[m?[37m[INFO] 12:35:42,439 [Test worker] liquibase. - master.changelog.json: migration/vault-schema.changelog-v8.xml::create-external-id-to-state-party-view::R3.Corda: Table pk_hash_to_ext_id_map created
?[m?[37m[INFO] 12:35:42,440 [Test worker] liquibase. - master.changelog.json: migration/vault-schema.changelog-v8.xml::create-external-id-to-state-party-view::R3.Corda: Index pk_hash_to_xid_idx created
?[m?[37m[INFO] 12:35:42,442 [Test worker] liquibase. - master.changelog.json: migration/vault-schema.changelog-v8.xml::create-external-id-to-state-party-view::R3.Corda: View v_pkey_hash_ex_id_map created
?[m?[37m[INFO] 12:35:42,442 [Test worker] liquibase. - master.changelog.json: migration/vault-schema.changelog-v8.xml::create-external-id-to-state-party-view::R3.Corda: ChangeSet migration/vault-schema.changelog-v8.xml::create-external-id-to-state-party-view::R3.Corda ran successfully in 8ms
?[m?[37m[INFO] 12:35:42,444 [Test worker] liquibase. - master.changelog.json: migration/node-info.changelog-init.xml::1511451595465-4::R3.Corda: Table node_link_nodeinfo_party created
?[m?[37m[INFO] 12:35:42,444 [Test worker] liquibase. - master.changelog.json: migration/node-info.changelog-init.xml::1511451595465-4::R3.Corda: ChangeSet migration/node-info.changelog-init.xml::1511451595465-4::R3.Corda ran successfully in 1ms
?[m?[37m[INFO] 12:35:42,446 [Test worker] liquibase. - master.changelog.json: migration/node-info.changelog-init.xml::1511451595465-10::R3.Corda: Table node_info_hosts created
?[m?[37m[INFO] 12:35:42,446 [Test worker] liquibase. - master.changelog.json: migration/node-info.changelog-init.xml::1511451595465-10::R3.Corda: ChangeSet migration/node-info.changelog-init.xml::1511451595465-10::R3.Corda ran successfully in 1ms
?[m?[37m[INFO] 12:35:42,447 [Test worker] liquibase. - master.changelog.json: migration/node-info.changelog-init.xml::1511451595465-11::R3.Corda: Table node_info_party_cert created
?[m?[37m[INFO] 12:35:42,447 [Test worker] liquibase. - master.changelog.json: migration/node-info.changelog-init.xml::1511451595465-11::R3.Corda: ChangeSet migration/node-info.changelog-init.xml::1511451595465-11::R3.Corda ran successfully in 0ms
?[m?[37m[INFO] 12:35:42,455 [Test worker] liquibase. - master.changelog.json: migration/node-info.changelog-init.xml::1511451595465-12::R3.Corda: Table node_infos created
?[m?[37m[INFO] 12:35:42,455 [Test worker] liquibase. - master.changelog.json: migration/node-info.changelog-init.xml::1511451595465-12::R3.Corda: ChangeSet migration/node-info.changelog-init.xml::1511451595465-12::R3.Corda ran successfully in 6ms
?[m?[37m[INFO] 12:35:42,480 [Test worker] liquibase. - master.changelog.json: migration/node-info.changelog-init.xml::1511451595465-35::R3.Corda: Primary key added to node_info_hosts (host, port)
?[m?[37m[INFO] 12:35:42,480 [Test worker] liquibase. - master.changelog.json: migration/node-info.changelog-init.xml::1511451595465-35::R3.Corda: ChangeSet migration/node-info.changelog-init.xml::1511451595465-35::R3.Corda ran successfully in 0ms
?[m?[37m[INFO] 12:35:42,482 [Test worker] liquibase. - master.changelog.json: migration/node-info.changelog-init.xml::1511451595465-36::R3.Corda: Primary key added to node_info_party_cert (party_name)
?[m?[37m[INFO] 12:35:42,482 [Test worker] liquibase. - master.changelog.json: migration/node-info.changelog-init.xml::1511451595465-36::R3.Corda: ChangeSet migration/node-info.changelog-init.xml::1511451595465-36::R3.Corda ran successfully in 1ms
?[m?[37m[INFO] 12:35:42,483 [Test worker] liquibase. - master.changelog.json: migration/node-info.changelog-init.xml::1511451595465-37::R3.Corda: Primary key added to node_infos (node_info_id)
?[m?[37m[INFO] 12:35:42,483 [Test worker] liquibase. - master.changelog.json: migration/node-info.changelog-init.xml::1511451595465-37::R3.Corda: ChangeSet migration/node-info.changelog-init.xml::1511451595465-37::R3.Corda ran successfully in 0ms
?[m?[37m[INFO] 12:35:42,485 [Test worker] liquibase. - master.changelog.json: migration/node-info.changelog-init.xml::1511451595465-62::R3.Corda: Foreign key constraint added to node_link_nodeinfo_party (node_info_id)
?[m?[37m[INFO] 12:35:42,486 [Test worker] liquibase. - master.changelog.json: migration/node-info.changelog-init.xml::1511451595465-62::R3.Corda: ChangeSet migration/node-info.changelog-init.xml::1511451595465-62::R3.Corda ran successfully in 1ms
?[m?[37m[INFO] 12:35:42,519 [Test worker] liquibase. - master.changelog.json: migration/node-info.changelog-init.xml::1511451595465-63::R3.Corda: Foreign key constraint added to node_info_hosts (node_info_id)
?[m?[37m[INFO] 12:35:42,520 [Test worker] liquibase. - master.changelog.json: migration/node-info.changelog-init.xml::1511451595465-63::R3.Corda: ChangeSet migration/node-info.changelog-init.xml::1511451595465-63::R3.Corda ran successfully in 8ms
?[m?[37m[INFO] 12:35:42,522 [Test worker] liquibase. - master.changelog.json: migration/node-info.changelog-init.xml::remove_host_port_pk::R3.Corda: Data deleted from node_infos
?[m?[37m[INFO] 12:35:42,522 [Test worker] liquibase. - master.changelog.json: migration/node-info.changelog-init.xml::remove_host_port_pk::R3.Corda: Data deleted from node_link_nodeinfo_party
?[m?[37m[INFO] 12:35:42,522 [Test worker] liquibase. - master.changelog.json: migration/node-info.changelog-init.xml::remove_host_port_pk::R3.Corda: Data deleted from node_info_hosts
?[m?[37m[INFO] 12:35:42,522 [Test worker] liquibase. - master.changelog.json: migration/node-info.changelog-init.xml::remove_host_port_pk::R3.Corda: Data deleted from node_info_party_cert
?[m?[37m[INFO] 12:35:42,522 [Test worker] liquibase. - master.changelog.json: migration/node-info.changelog-init.xml::remove_host_port_pk::R3.Corda: Primary key dropped from node_info_hosts
?[m?[37m[INFO] 12:35:42,531 [Test worker] liquibase. - master.changelog.json: migration/node-info.changelog-init.xml::remove_host_port_pk::R3.Corda: Columns hosts_id(INT) added to node_info_hosts
?[m?[37m[INFO] 12:35:42,532 [Test worker] liquibase. - master.changelog.json: migration/node-info.changelog-init.xml::remove_host_port_pk::R3.Corda: Primary key added to node_info_hosts (hosts_id)
?[m?[37m[INFO] 12:35:42,532 [Test worker] liquibase. - master.changelog.json: migration/node-info.changelog-init.xml::remove_host_port_pk::R3.Corda: ChangeSet migration/node-info.changelog-init.xml::remove_host_port_pk::R3.Corda ran successfully in 11ms
?[m?[37m[INFO] 12:35:42,551 [Test worker] liquibase. - master.changelog.json: migration/node-info.changelog-v1.xml::key/value node properties table::R3.Corda: Table node_properties created
?[m?[37m[INFO] 12:35:42,551 [Test worker] liquibase. - master.changelog.json: migration/node-info.changelog-v1.xml::key/value node properties table::R3.Corda: ChangeSet migration/node-info.changelog-v1.xml::key/value node properties table::R3.Corda ran successfully in 9ms
?[m?[37m[INFO] 12:35:42,553 [Test worker] liquibase. - master.changelog.json: migration/node-info.changelog-v2.xml::1525962920::R3.Corda: Null constraint has been added to node_infos.node_info_hash
?[m?[37m[INFO] 12:35:42,553 [Test worker] liquibase. - master.changelog.json: migration/node-info.changelog-v2.xml::1525962920::R3.Corda: Null constraint has been added to node_infos.platform_version
?[m?[37m[INFO] 12:35:42,553 [Test worker] liquibase. - master.changelog.json: migration/node-info.changelog-v2.xml::1525962920::R3.Corda: Null constraint has been added to node_infos.serial
?[m?[37m[INFO] 12:35:42,553 [Test worker] liquibase. - master.changelog.json: migration/node-info.changelog-v2.xml::1525962920::R3.Corda: Null constraint dropped from node_info_hosts.host
?[m?[37m[INFO] 12:35:42,553 [Test worker] liquibase. - master.changelog.json: migration/node-info.changelog-v2.xml::1525962920::R3.Corda: Null constraint dropped from node_info_hosts.port
?[m?[37m[INFO] 12:35:42,553 [Test worker] liquibase. - master.changelog.json: migration/node-info.changelog-v2.xml::1525962920::R3.Corda: Null constraint has been added to node_info_party_cert.owning_key_hash
?[m?[37m[INFO] 12:35:42,553 [Test worker] liquibase. - master.changelog.json: migration/node-info.changelog-v2.xml::1525962920::R3.Corda: Null constraint has been added to node_info_party_cert.party_cert_binary
?[m?[37m[INFO] 12:35:42,553 [Test worker] liquibase. - master.changelog.json: migration/node-info.changelog-v2.xml::1525962920::R3.Corda: ChangeSet migration/node-info.changelog-v2.xml::1525962920::R3.Corda ran successfully in 1ms
?[m?[37m[INFO] 12:35:42,555 [Test worker] liquibase. - master.changelog.json: migration/node-info.changelog-v3.xml::column_host_name::R3.Corda: Column node_info_hosts.host renamed to host_name
?[m?[37m[INFO] 12:35:42,555 [Test worker] liquibase. - master.changelog.json: migration/node-info.changelog-v3.xml::column_host_name::R3.Corda: ChangeSet migration/node-info.changelog-v3.xml::column_host_name::R3.Corda ran successfully in 0ms
?[m?[37m[INFO] 12:35:42,557 [Test worker] liquibase. - master.changelog.json: migration/node-services.changelog-init.xml::1511451595465-5::R3.Corda: Table node_attachments created
?[m?[37m[INFO] 12:35:42,557 [Test worker] liquibase. - master.changelog.json: migration/node-services.changelog-init.xml::1511451595465-5::R3.Corda: ChangeSet migration/node-services.changelog-init.xml::1511451595465-5::R3.Corda ran successfully in 1ms
?[m?[37m[INFO] 12:35:42,559 [Test worker] liquibase. - master.changelog.json: migration/node-services.changelog-init.xml::1511451595465-7::R3.Corda: Table node_checkpoints created
?[m?[37m[INFO] 12:35:42,559 [Test worker] liquibase. - master.changelog.json: migration/node-services.changelog-init.xml::1511451595465-7::R3.Corda: ChangeSet migration/node-services.changelog-init.xml::1511451595465-7::R3.Corda ran successfully in 0ms
?[m?[37m[INFO] 12:35:42,561 [Test worker] liquibase. - master.changelog.json: migration/node-services.changelog-init.xml::1511451595465-8::R3.Corda: Table node_contract_upgrades created
?[m?[37m[INFO] 12:35:42,561 [Test worker] liquibase. - master.changelog.json: migration/node-services.changelog-init.xml::1511451595465-8::R3.Corda: ChangeSet migration/node-services.changelog-init.xml::1511451595465-8::R3.Corda ran successfully in 0ms
?[m?[37m[INFO] 12:35:42,606 [Test worker] liquibase. - master.changelog.json: migration/node-services.changelog-init.xml::1511451595465-9::R3.Corda: Table node_identities created
?[m?[37m[INFO] 12:35:42,606 [Test worker] liquibase. - master.changelog.json: migration/node-services.changelog-init.xml::1511451595465-9::R3.Corda: ChangeSet migration/node-services.changelog-init.xml::1511451595465-9::R3.Corda ran successfully in 44ms
?[m?[37m[INFO] 12:35:42,611 [Test worker] liquibase. - master.changelog.json: migration/node-services.changelog-init.xml::1511451595465-13::R3.Corda: Table node_message_ids created
?[m?[37m[INFO] 12:35:42,611 [Test worker] liquibase. - master.changelog.json: migration/node-services.changelog-init.xml::1511451595465-13::R3.Corda: ChangeSet migration/node-services.changelog-init.xml::1511451595465-13::R3.Corda ran successfully in 0ms
?[m?[37m[INFO] 12:35:42,629 [Test worker] liquibase. - master.changelog.json: migration/node-services.changelog-init.xml::1511451595465-14::R3.Corda: Table node_message_retry created
?[m?[37m[INFO] 12:35:42,629 [Test worker] liquibase. - master.changelog.json: migration/node-services.changelog-init.xml::1511451595465-14::R3.Corda: ChangeSet migration/node-services.changelog-init.xml::1511451595465-14::R3.Corda ran successfully in 4ms
?[m?[37m[INFO] 12:35:42,634 [Test worker] liquibase. - master.changelog.json: migration/node-services.changelog-init.xml::1511451595465-15::R3.Corda: Table node_named_identities created
?[m?[37m[INFO] 12:35:42,635 [Test worker] liquibase. - master.changelog.json: migration/node-services.changelog-init.xml::1511451595465-15::R3.Corda: ChangeSet migration/node-services.changelog-init.xml::1511451595465-15::R3.Corda ran successfully in 1ms
?[m?[37m[INFO] 12:35:42,636 [Test worker] liquibase. - master.changelog.json: migration/node-services.changelog-init.xml::1511451595465-17::R3.Corda: Table node_our_key_pairs created
?[m?[37m[INFO] 12:35:42,636 [Test worker] liquibase. - master.changelog.json: migration/node-services.changelog-init.xml::1511451595465-17::R3.Corda: ChangeSet migration/node-services.changelog-init.xml::1511451595465-17::R3.Corda ran successfully in 0ms
?[m?[37m[INFO] 12:35:42,641 [Test worker] liquibase. - master.changelog.json: migration/node-services.changelog-init.xml::1511451595465-19::R3.Corda: Table node_scheduled_states created
?[m?[37m[INFO] 12:35:42,641 [Test worker] liquibase. - master.changelog.json: migration/node-services.changelog-init.xml::1511451595465-19::R3.Corda: ChangeSet migration/node-services.changelog-init.xml::1511451595465-19::R3.Corda ran successfully in 3ms
?[m?[37m[INFO] 12:35:42,646 [Test worker] liquibase. - master.changelog.json: migration/node-services.changelog-init.xml::1511451595465-20::R3.Corda: Table node_transaction_mappings created
?[m?[37m[INFO] 12:35:42,646 [Test worker] liquibase. - master.changelog.json: migration/node-services.changelog-init.xml::1511451595465-20::R3.Corda: ChangeSet migration/node-services.changelog-init.xml::1511451595465-20::R3.Corda ran successfully in 1ms
?[m?[37m[INFO] 12:35:42,647 [Test worker] liquibase. - master.changelog.json: migration/node-services.changelog-init.xml::1511451595465-21::R3.Corda: Table node_transactions created
?[m?[37m[INFO] 12:35:42,647 [Test worker] liquibase. - master.changelog.json: migration/node-services.changelog-init.xml::1511451595465-21::R3.Corda: ChangeSet migration/node-services.changelog-init.xml::1511451595465-21::R3.Corda ran successfully in 0ms
?[m?[37m[INFO] 12:35:42,649 [Test worker] liquibase. - master.changelog.json: migration/node-services.changelog-init.xml::1511451595465-30::R3.Corda: Primary key added to node_attachments (att_id)
?[m?[37m[INFO] 12:35:42,649 [Test worker] liquibase. - master.changelog.json: migration/node-services.changelog-init.xml::1511451595465-30::R3.Corda: ChangeSet migration/node-services.changelog-init.xml::1511451595465-30::R3.Corda ran successfully in 1ms
?[m?[37m[INFO] 12:35:42,661 [Test worker] liquibase. - master.changelog.json: migration/node-services.changelog-init.xml::1511451595465-32::R3.Corda: Primary key added to node_checkpoints (checkpoint_id)
?[m?[37m[INFO] 12:35:42,663 [Test worker] liquibase. - master.changelog.json: migration/node-services.changelog-init.xml::1511451595465-32::R3.Corda: ChangeSet migration/node-services.changelog-init.xml::1511451595465-32::R3.Corda ran successfully in 2ms
?[m?[37m[INFO] 12:35:42,672 [Test worker] liquibase. - master.changelog.json: migration/node-services.changelog-init.xml::1511451595465-33::R3.Corda: Primary key added to node_contract_upgrades (state_ref)
?[m?[37m[INFO] 12:35:42,674 [Test worker] liquibase. - master.changelog.json: migration/node-services.changelog-init.xml::1511451595465-33::R3.Corda: ChangeSet migration/node-services.changelog-init.xml::1511451595465-33::R3.Corda ran successfully in 3ms
?[m?[37m[INFO] 12:35:42,685 [Test worker] liquibase. - master.changelog.json: migration/node-services.changelog-init.xml::1511451595465-34::R3.Corda: Primary key added to node_identities (pk_hash)
?[m?[37m[INFO] 12:35:42,685 [Test worker] liquibase. - master.changelog.json: migration/node-services.changelog-init.xml::1511451595465-34::R3.Corda: ChangeSet migration/node-services.changelog-init.xml::1511451595465-34::R3.Corda ran successfully in 1ms
?[m?[37m[INFO] 12:35:42,694 [Test worker] liquibase. - master.changelog.json: migration/node-services.changelog-init.xml::1511451595465-38::R3.Corda: Primary key added to node_message_ids (message_id)
?[m?[37m[INFO] 12:35:42,694 [Test worker] liquibase. - master.changelog.json: migration/node-services.changelog-init.xml::1511451595465-38::R3.Corda: ChangeSet migration/node-services.changelog-init.xml::1511451595465-38::R3.Corda ran successfully in 1ms
?[m?[37m[INFO] 12:35:42,714 [Test worker] liquibase. - master.changelog.json: migration/node-services.changelog-init.xml::1511451595465-39::R3.Corda: Primary key added to node_message_retry (message_id)
?[m?[37m[INFO] 12:35:42,714 [Test worker] liquibase. - master.changelog.json: migration/node-services.changelog-init.xml::1511451595465-39::R3.Corda: ChangeSet migration/node-services.changelog-init.xml::1511451595465-39::R3.Corda ran successfully in 1ms
?[m?[37m[INFO] 12:35:42,728 [Test worker] liquibase. - master.changelog.json: migration/node-services.changelog-init.xml::1511451595465-40::R3.Corda: Primary key added to node_named_identities (name)
?[m?[37m[INFO] 12:35:42,728 [Test worker] liquibase. - master.changelog.json: migration/node-services.changelog-init.xml::1511451595465-40::R3.Corda: ChangeSet migration/node-services.changelog-init.xml::1511451595465-40::R3.Corda ran successfully in 0ms
?[m?[37m[INFO] 12:35:42,730 [Test worker] liquibase. - master.changelog.json: migration/node-services.changelog-init.xml::1511451595465-42::R3.Corda: Primary key added to node_our_key_pairs (public_key_hash)
?[m?[37m[INFO] 12:35:42,730 [Test worker] liquibase. - master.changelog.json: migration/node-services.changelog-init.xml::1511451595465-42::R3.Corda: ChangeSet migration/node-services.changelog-init.xml::1511451595465-42::R3.Corda ran successfully in 0ms
?[m?[37m[INFO] 12:35:42,731 [Test worker] liquibase. - master.changelog.json: migration/node-services.changelog-init.xml::1511451595465-44::R3.Corda: Primary key added to node_scheduled_states (output_index, transaction_id)
?[m?[37m[INFO] 12:35:42,731 [Test worker] liquibase. - master.changelog.json: migration/node-services.changelog-init.xml::1511451595465-44::R3.Corda: ChangeSet migration/node-services.changelog-init.xml::1511451595465-44::R3.Corda ran successfully in 0ms
?[m?[37m[INFO] 12:35:42,740 [Test worker] liquibase. - master.changelog.json: migration/node-services.changelog-init.xml::1511451595465-45::R3.Corda: Primary key added to node_transaction_mappings (tx_id)
?[m?[37m[INFO] 12:35:42,740 [Test worker] liquibase. - master.changelog.json: migration/node-services.changelog-init.xml::1511451595465-45::R3.Corda: ChangeSet migration/node-services.changelog-init.xml::1511451595465-45::R3.Corda ran successfully in 1ms
?[m?[37m[INFO] 12:35:42,742 [Test worker] liquibase. - master.changelog.json: migration/node-services.changelog-init.xml::1511451595465-46::R3.Corda: Primary key added to node_transactions (tx_id)
?[m?[37m[INFO] 12:35:42,742 [Test worker] liquibase. - master.changelog.json: migration/node-services.changelog-init.xml::1511451595465-46::R3.Corda: ChangeSet migration/node-services.changelog-init.xml::1511451595465-46::R3.Corda ran successfully in 0ms
?[m?[37m[INFO] 12:35:42,746 [Test worker] liquibase. - master.changelog.json: migration/node-services.changelog-init.xml::1511451595465-61::R3.Corda: Foreign key constraint added to node_link_nodeinfo_party (party_name)
?[m?[37m[INFO] 12:35:42,746 [Test worker] liquibase. - master.changelog.json: migration/node-services.changelog-init.xml::1511451595465-61::R3.Corda: ChangeSet migration/node-services.changelog-init.xml::1511451595465-61::R3.Corda ran successfully in 2ms
?[m?[37m[INFO] 12:35:42,748 [Test worker] liquibase. - master.changelog.json: migration/node-services.changelog-init.xml::add index att_id::R3.Corda: Index att_id_idx created
?[m?[37m[INFO] 12:35:42,748 [Test worker] liquibase. - master.changelog.json: migration/node-services.changelog-init.xml::add index att_id::R3.Corda: ChangeSet migration/node-services.changelog-init.xml::add index att_id::R3.Corda ran successfully in 1ms
?[m?[37m[INFO] 12:35:42,750 [Test worker] liquibase. - master.changelog.json: migration/node-services.changelog-init.xml::add_contract_attachment::R3.Corda: Table node_attchments_contracts created
?[m?[37m[INFO] 12:35:42,759 [Test worker] liquibase. - master.changelog.json: migration/node-services.changelog-init.xml::add_contract_attachment::R3.Corda: Foreign key constraint added to node_attchments_contracts (att_id)
?[m?[37m[INFO] 12:35:42,759 [Test worker] liquibase. - master.changelog.json: migration/node-services.changelog-init.xml::add_contract_attachment::R3.Corda: Data deleted from node_attachments
?[m?[37m[INFO] 12:35:42,759 [Test worker] liquibase. - master.changelog.json: migration/node-services.changelog-init.xml::add_contract_attachment::R3.Corda: ChangeSet migration/node-services.changelog-init.xml::add_contract_attachment::R3.Corda ran successfully in 10ms
?[m?[37m[INFO] 12:35:42,773 [Test worker] liquibase. - master.changelog.json: migration/node-services.changelog-init.xml::add_dedup_columns::R3.Corda: Columns sender(NVARCHAR(64)),sequence_number(BIGINT) added to node_message_ids
?[m?[37m[INFO] 12:35:42,773 [Test worker] liquibase. - master.changelog.json: migration/node-services.changelog-init.xml::add_dedup_columns::R3.Corda: ChangeSet migration/node-services.changelog-init.xml::add_dedup_columns::R3.Corda ran successfully in 12ms
?[m?[37m[INFO] 12:35:42,783 [Test worker] liquibase. - master.changelog.json: migration/node-core.changelog-v4.xml::attchments_rename::R3.Corda: Table node_attchments_contracts renamed to node_attachments_contracts
?[m?[37m[INFO] 12:35:42,783 [Test worker] liquibase. - master.changelog.json: migration/node-core.changelog-v4.xml::attchments_rename::R3.Corda: ChangeSet migration/node-core.changelog-v4.xml::attchments_rename::R3.Corda ran successfully in 1ms
?[m?[37m[INFO] 12:35:42,785 [Test worker] liquibase. - master.changelog.json: migration/node-core.changelog-v4.xml::nullability::R3.Corda: Null constraint has been added to node_identities.identity_value
?[m?[37m[INFO] 12:35:42,785 [Test worker] liquibase. - master.changelog.json: migration/node-core.changelog-v4.xml::nullability::R3.Corda: Null constraint has been added to node_attachments.content
?[m?[37m[INFO] 12:35:42,786 [Test worker] liquibase. - master.changelog.json: migration/node-core.changelog-v4.xml::nullability::R3.Corda: Null constraint has been added to node_attachments_contracts.contract_class_name
?[m?[37m[INFO] 12:35:42,788 [Test worker] liquibase. - master.changelog.json: migration/node-core.changelog-v4.xml::nullability::R3.Corda: Null constraint has been added to node_checkpoints.checkpoint_value
?[m?[37m[INFO] 12:35:42,788 [Test worker] liquibase. - master.changelog.json: migration/node-core.changelog-v4.xml::nullability::R3.Corda: Null constraint has been added to node_contract_upgrades.contract_class_name
?[m?[37m[INFO] 12:35:42,788 [Test worker] liquibase. - master.changelog.json: migration/node-core.changelog-v4.xml::nullability::R3.Corda: Null constraint has been added to node_message_ids.insertion_time
?[m?[37m[INFO] 12:35:42,788 [Test worker] liquibase. - master.changelog.json: migration/node-core.changelog-v4.xml::nullability::R3.Corda: Null constraint has been added to node_message_retry.message
?[m?[37m[INFO] 12:35:42,791 [Test worker] liquibase. - master.changelog.json: migration/node-core.changelog-v4.xml::nullability::R3.Corda: Null constraint has been added to node_message_retry.recipients
?[m?[37m[INFO] 12:35:42,791 [Test worker] liquibase. - master.changelog.json: migration/node-core.changelog-v4.xml::nullability::R3.Corda: Null constraint has been added to node_named_identities.pk_hash
?[m?[37m[INFO] 12:35:42,791 [Test worker] liquibase. - master.changelog.json: migration/node-core.changelog-v4.xml::nullability::R3.Corda: Null constraint has been added to node_our_key_pairs.private_key
?[m?[37m[INFO] 12:35:42,791 [Test worker] liquibase. - master.changelog.json: migration/node-core.changelog-v4.xml::nullability::R3.Corda: Null constraint has been added to node_our_key_pairs.public_key
?[m?[37m[INFO] 12:35:42,791 [Test worker] liquibase. - master.changelog.json: migration/node-core.changelog-v4.xml::nullability::R3.Corda: Null constraint has been added to node_transaction_mappings.state_machine_run_id
?[m?[37m[INFO] 12:35:42,792 [Test worker] liquibase. - master.changelog.json: migration/node-core.changelog-v4.xml::nullability::R3.Corda: Null constraint has been added to node_transactions.transaction_value
?[m?[37m[INFO] 12:35:42,792 [Test worker] liquibase. - master.changelog.json: migration/node-core.changelog-v4.xml::nullability::R3.Corda: ChangeSet migration/node-core.changelog-v4.xml::nullability::R3.Corda ran successfully in 8ms
?[m?[37m[INFO] 12:35:42,794 [Test worker] liquibase. - master.changelog.json: migration/node-core.changelog-v5.xml::remove_unused_node_message_retry::R3.Corda: Table node_message_retry dropped
?[m?[37m[INFO] 12:35:42,794 [Test worker] liquibase. - master.changelog.json: migration/node-core.changelog-v5.xml::remove_unused_node_message_retry::R3.Corda: ChangeSet migration/node-core.changelog-v5.xml::remove_unused_node_message_retry::R3.Corda ran successfully in 0ms
?[m?[37m[INFO] 12:35:42,835 [Test worker] liquibase. - master.changelog.json: migration/node-core.changelog-v8.xml::conditional_attchments_rename::R3.Corda: Marking ChangeSet: migration/node-core.changelog-v8.xml::conditional_attchments_rename::R3.Corda ran despite precondition failure due to onFail='MARK_RAN': 
          master.changelog.json : Table PUBLIC.NODE_ATTCHMENTS_CONTRACTS does not exist

?[m?[37m[INFO] 12:35:42,853 [Test worker] liquibase. - master.changelog.json: migration/node-core.changelog-v8.xml::conditional_attchments_contracts::R3.Corda: Marking ChangeSet: migration/node-core.changelog-v8.xml::conditional_attchments_contracts::R3.Corda ran despite precondition failure due to onFail='MARK_RAN': 
          master.changelog.json : Table PUBLIC.NODE_ATTACHMENTS_CONTRACT_CLASS_NAME does not exist

?[m?[37m[INFO] 12:35:42,855 [Test worker] liquibase. - master.changelog.json: migration/node-core.changelog-v8.xml::add_signers::R3.Corda: Table node_attachments_signers created
?[m?[37m[INFO] 12:35:42,856 [Test worker] liquibase. - master.changelog.json: migration/node-core.changelog-v8.xml::add_signers::R3.Corda: Foreign key constraint added to node_attachments_signers (att_id)
?[m?[37m[INFO] 12:35:42,856 [Test worker] liquibase. - master.changelog.json: migration/node-core.changelog-v8.xml::add_signers::R3.Corda: ChangeSet migration/node-core.changelog-v8.xml::add_signers::R3.Corda ran successfully in 1ms
?[m?[37m[INFO] 12:35:42,865 [Test worker] liquibase. - master.changelog.json: migration/node-core.changelog-tx-mapping.xml::add_tx_mapping_column::R3.Corda: Columns state_machine_run_id(NVARCHAR(36)) added to node_transactions
?[m?[37m[INFO] 12:35:42,866 [Test worker] liquibase. - master.changelog.json: migration/node-core.changelog-tx-mapping.xml::add_tx_mapping_column::R3.Corda: Custom SQL executed
?[m?[37m[INFO] 12:35:42,867 [Test worker] liquibase. - master.changelog.json: migration/node-core.changelog-tx-mapping.xml::add_tx_mapping_column::R3.Corda: Table node_transaction_mappings dropped
?[m?[37m[INFO] 12:35:42,867 [Test worker] liquibase. - master.changelog.json: migration/node-core.changelog-tx-mapping.xml::add_tx_mapping_column::R3.Corda: ChangeSet migration/node-core.changelog-tx-mapping.xml::add_tx_mapping_column::R3.Corda ran successfully in 10ms
?[m?[37m[INFO] 12:35:42,881 [Test worker] liquibase. - master.changelog.json: migration/node-services.changelog-init.xml::add_network_parameters_storage::R3.Corda: Table node_network_parameters created
?[m?[37m[INFO] 12:35:42,882 [Test worker] liquibase. - master.changelog.json: migration/node-services.changelog-init.xml::add_network_parameters_storage::R3.Corda: ChangeSet migration/node-services.changelog-init.xml::add_network_parameters_storage::R3.Corda ran successfully in 1ms
?[m?[37m[INFO] 12:35:42,885 [Test worker] liquibase. - master.changelog.json: migration/node-services.changelog-init.xml::network_parameters_pk::R3.Corda: Primary key added to node_network_parameters (hash)
?[m?[37m[INFO] 12:35:42,885 [Test worker] liquibase. - master.changelog.json: migration/node-services.changelog-init.xml::network_parameters_pk::R3.Corda: ChangeSet migration/node-services.changelog-init.xml::network_parameters_pk::R3.Corda ran successfully in 0ms
?[m?[37m[INFO] 12:35:42,889 [Test worker] liquibase. - master.changelog.json: migration/node-services.changelog-init.xml::add_version_column::R3.Corda: Columns version(INT) added to node_attachments
?[m?[37m[INFO] 12:35:42,889 [Test worker] liquibase. - master.changelog.json: migration/node-services.changelog-init.xml::add_version_column::R3.Corda: Custom SQL executed
?[m?[37m[INFO] 12:35:42,889 [Test worker] liquibase. - master.changelog.json: migration/node-services.changelog-init.xml::add_version_column::R3.Corda: Null constraint has been added to node_attachments.version
?[m?[37m[INFO] 12:35:42,889 [Test worker] liquibase. - master.changelog.json: migration/node-services.changelog-init.xml::add_version_column::R3.Corda: ChangeSet migration/node-services.changelog-init.xml::add_version_column::R3.Corda ran successfully in 2ms
?[m?[37m[INFO] 12:35:42,890 [Test worker] persistence.AttachmentVersionNumberMigration. - Start executing...
?[m?[37m[INFO] 12:35:42,892 [Test worker] persistence.AttachmentVersionNumberMigration. - Attachment version creation from whitelisted JARs using network parameters from build\mock-network\20190412-153538.509\nodes\2\network-parameters, whitelistedContractImplementations: {}.
?[m?[37m[INFO] 12:35:42,892 [Test worker] persistence.AttachmentVersionNumberMigration. - Attachment version creation from whitelisted JARs skipped, no attachments not found.
?[m?[37m[INFO] 12:35:42,892 [Test worker] liquibase. - master.changelog.json: migration/node-services.changelog-init.xml::update-version-of-whitelisted-jars::R3.Corda: null
?[m?[37m[INFO] 12:35:42,892 [Test worker] liquibase. - master.changelog.json: migration/node-services.changelog-init.xml::update-version-of-whitelisted-jars::R3.Corda: ChangeSet migration/node-services.changelog-init.xml::update-version-of-whitelisted-jars::R3.Corda ran successfully in 2ms
?[m?[37m[INFO] 12:35:42,893 [Test worker] migration.VaultStateMigration. - Migrating vault state data to V4 tables
?[m?[37m[INFO] 12:35:42,895 [Test worker] persistence.HibernateConfiguration. - Init HibernateConfiguration for schemas: [VaultMigrationSchemaV1(name=net.corda.node.migration.VaultMigrationSchema, version=1), VaultSchemaV1(name=net.corda.node.services.vault.VaultSchema, version=1)]
?[m?[37m[INFO] 12:35:42,895 [Test worker] persistence.HibernateConfiguration. - Creating session factory for schemas: [VaultMigrationSchemaV1(name=net.corda.node.migration.VaultMigrationSchema, version=1), VaultSchemaV1(name=net.corda.node.services.vault.VaultSchema, version=1)]
?[m?[37m[INFO] 12:35:42,930 [Test worker] internal.ConnectionProviderInitiator. - HHH000130: Instantiating explicit connection provider: net.corda.nodeapi.internal.persistence.HibernateConfiguration$NodeDatabaseConnectionProvider
?[m?[37m[INFO] 12:35:42,930 [Test worker] dialect.Dialect. - HHH000400: Using dialect: org.hibernate.dialect.H2Dialect
?[m?[37m[INFO] 12:35:42,939 [Test worker] type.BasicTypeRegistry. - HHH000270: Type registration [materialized_blob] overrides previous : org.hibernate.type.MaterializedBlobType@61c329e6
?[m?[37m[INFO] 12:35:43,034 [Test worker] connections.access. - HHH10001501: Connection obtained from JdbcConnectionAccess [org.hibernate.engine.jdbc.env.internal.JdbcEnvironmentInitiator$ConnectionProviderJdbcConnectionAccess@2d8b7af7] for (non-JTA) DDL execution was not in auto-commit mode; the Connection 'local transaction' will be committed and the Connection will be set into auto-commit mode.
?[m?[37m[INFO] 12:35:43,120 [Test worker] persistence.HibernateConfiguration. - Created session factory for schemas: [VaultMigrationSchemaV1(name=net.corda.node.migration.VaultMigrationSchema, version=1), VaultSchemaV1(name=net.corda.node.services.vault.VaultSchema, version=1)]
?[m?[37m[INFO] 12:35:43,121 [Test worker] internal.QueryTranslatorFactoryInitiator. - HHH000397: Using ASTQueryTranslatorFactory
?[m?[37m[INFO] 12:35:43,136 [Test worker] migration.VaultStateMigration. - Finished performing vault state data migration for 0 states
?[m?[37m[INFO] 12:35:43,136 [Test worker] liquibase. - master.changelog.json: migration/vault-schema.changelog-v9.xml::update-vault-states::R3.Corda: null
?[m?[37m[INFO] 12:35:43,136 [Test worker] liquibase. - master.changelog.json: migration/vault-schema.changelog-v9.xml::update-vault-states::R3.Corda: ChangeSet migration/vault-schema.changelog-v9.xml::update-vault-states::R3.Corda ran successfully in 243ms
?[m?[37m[INFO] 12:35:43,137 [Test worker] liquibase. - Successfully released change log lock
?[m?[37m[INFO] 12:35:43,139 [Test worker] internal.InternalMockNetwork$MockNode. - Connected to H2 database.
?[m?[37m[INFO] 12:35:43,140 [Test worker] internal.InternalMockNetwork$MockNode. - identity-private-key not found in key store, generating fresh key!
?[m?[37m[INFO] 12:35:43,179 [Test worker] persistence.HibernateConfiguration. - Init HibernateConfiguration for schemas: [CommonSchemaV1(name=net.corda.core.schemas.CommonSchema, version=1), VaultSchemaV1(name=net.corda.node.services.vault.VaultSchema, version=1), NodeInfoSchemaV1(name=net.corda.node.internal.schemas.NodeInfoSchema, version=1), NodeCoreV1(name=net.corda.node.services.schema.NodeSchemaService$NodeCore, version=1), IOUSchemaV1(name=com.example.schema.IOUSchema, version=1)]
?[m?[37m[INFO] 12:35:43,179 [Test worker] persistence.HibernateConfiguration. - Creating session factory for schemas: [CommonSchemaV1(name=net.corda.core.schemas.CommonSchema, version=1), VaultSchemaV1(name=net.corda.node.services.vault.VaultSchema, version=1), NodeInfoSchemaV1(name=net.corda.node.internal.schemas.NodeInfoSchema, version=1), NodeCoreV1(name=net.corda.node.services.schema.NodeSchemaService$NodeCore, version=1), IOUSchemaV1(name=com.example.schema.IOUSchema, version=1)]
?[m?[37m[INFO] 12:35:43,191 [Test worker] internal.ConnectionProviderInitiator. - HHH000130: Instantiating explicit connection provider: net.corda.nodeapi.internal.persistence.HibernateConfiguration$NodeDatabaseConnectionProvider
?[m?[37m[INFO] 12:35:43,191 [Test worker] dialect.Dialect. - HHH000400: Using dialect: org.hibernate.dialect.H2Dialect
?[m?[37m[INFO] 12:35:43,195 [Test worker] type.BasicTypeRegistry. - HHH000270: Type registration [materialized_blob] overrides previous : org.hibernate.type.MaterializedBlobType@61c329e6
?[m?[37m[INFO] 12:35:43,279 [Test worker] connections.access. - HHH10001501: Connection obtained from JdbcConnectionAccess [org.hibernate.engine.jdbc.env.internal.JdbcEnvironmentInitiator$ConnectionProviderJdbcConnectionAccess@435cbf9a] for (non-JTA) DDL execution was not in auto-commit mode; the Connection 'local transaction' will be committed and the Connection will be set into auto-commit mode.
?[m?[37m[INFO] 12:35:43,334 [Test worker] persistence.HibernateConfiguration. - Created session factory for schemas: [CommonSchemaV1(name=net.corda.core.schemas.CommonSchema, version=1), VaultSchemaV1(name=net.corda.node.services.vault.VaultSchema, version=1), NodeInfoSchemaV1(name=net.corda.node.internal.schemas.NodeInfoSchema, version=1), NodeCoreV1(name=net.corda.node.services.schema.NodeSchemaService$NodeCore, version=1), IOUSchemaV1(name=com.example.schema.IOUSchema, version=1)]
?[m?[37m[INFO] 12:35:43,336 [Test worker] internal.QueryTranslatorFactoryInitiator. - HHH000397: Using ASTQueryTranslatorFactory
?[m?[37m[INFO] 12:35:43,340 [Test worker] internal.InternalMockNetwork$MockNode. - Node-info has changed so submitting update. Old node-info was null
?[m?[37m[INFO] 12:35:43,341 [Test worker] network.PersistentNetworkMapCache. - Adding node with info: NodeInfo(addresses=[mock.node:1000], legalIdentitiesAndCerts=[O=Mock Company 2, L=London, C=GB], platformVersion=4, serial=1555083343340)
?[m?[37m[INFO] 12:35:43,343 [Test worker] network.PersistentNetworkMapCache. - No previous node found
?[m?[37m[INFO] 12:35:43,349 [Test worker] internal.InternalMockNetwork$MockNode. - New node-info: NodeInfo(addresses=[mock.node:1000], legalIdentitiesAndCerts=[O=Mock Company 2, L=London, C=GB], platformVersion=4, serial=1555083343340)
?[m?[37m[INFO] 12:35:43,362 [Test worker] network.NetworkMapUpdater. - Auto-accept enabled for network parameter changes which modify only: [epoch, modifiedTime, packageOwnership, whitelistedContractImplementations]
?[m?[37m[INFO] 12:35:43,366 [MockNode-9-2] network.PersistentNetworkMapCache. - Adding node with info: NodeInfo(addresses=[mock.node:1000], legalIdentitiesAndCerts=[O=Mock Company 2, L=London, C=GB], platformVersion=4, serial=1555083343340)
?[m?[37m[INFO] 12:35:43,369 [MockNode-9-2] network.PersistentNetworkMapCache. - Previous node was identical to incoming one - doing nothing
?[m?[37m[INFO] 12:35:43,458 [Test worker] ClassloaderUtils. - Contracts loading for 'C:\Users\Daniel\AppData\Local\Temp\attachment5808433650635584074.jar' took 20 msec
?[m?[37m[INFO] 12:35:43,466 [Test worker] persistence.NodeAttachmentService. - Stored new attachment: id=068D846C052E681003228A05005925CB3EC9DBFEDDFDA00048D0BB87F1ED69B0 uploader=app filename=null
?[m?[37m[INFO] 12:35:43,472 [Test worker] statemachine.SingleThreadedStateMachineManager. - Node ready, info: NodeInfo(addresses=[mock.node:1000], legalIdentitiesAndCerts=[O=Mock Company 2, L=London, C=GB], platformVersion=4, serial=1555083343340)
?[m?[37m[INFO] 12:35:43,474 [Test worker] network.PersistentNetworkMapCache. - Adding node with info: NodeInfo(addresses=[mock.node:1000], legalIdentitiesAndCerts=[O=Notary Service, L=Zurich, C=CH], platformVersion=4, serial=1555083339411)
?[m?[37m[INFO] 12:35:43,475 [Test worker] network.PersistentNetworkMapCache. - No previous node found
?[m?[37m[INFO] 12:35:43,482 [Test worker] network.PersistentNetworkMapCache. - Adding node with info: NodeInfo(addresses=[mock.node:1000], legalIdentitiesAndCerts=[O=Mock Company 2, L=London, C=GB], platformVersion=4, serial=1555083343340)
?[m?[37m[INFO] 12:35:43,483 [Test worker] network.PersistentNetworkMapCache. - No previous node found
?[m?[37m[INFO] 12:35:43,489 [Test worker] network.PersistentNetworkMapCache. - Adding node with info: NodeInfo(addresses=[mock.node:1000], legalIdentitiesAndCerts=[O=Mock Company 1, L=London, C=GB], platformVersion=4, serial=1555083340973)
?[m?[37m[INFO] 12:35:43,490 [Test worker] network.PersistentNetworkMapCache. - No previous node found
?[m?[37m[INFO] 12:35:43,496 [Test worker] network.PersistentNetworkMapCache. - Adding node with info: NodeInfo(addresses=[mock.node:1000], legalIdentitiesAndCerts=[O=Mock Company 2, L=London, C=GB], platformVersion=4, serial=1555083343340)
?[m?[37m[INFO] 12:35:43,497 [Test worker] network.PersistentNetworkMapCache. - No previous node found
?[m?[37m[INFO] 12:35:43,506 [Test worker] network.PersistentNetworkMapCache. - Adding node with info: NodeInfo(addresses=[mock.node:1000], legalIdentitiesAndCerts=[O=Mock Company 2, L=London, C=GB], platformVersion=4, serial=1555083343340)
?[m?[37m[INFO] 12:35:43,506 [Test worker] network.PersistentNetworkMapCache. - Previous node was identical to incoming one - doing nothing
?[m?[37m[INFO] 12:35:43,506 [Test worker] network.PersistentNetworkMapCache. - Adding node with info: NodeInfo(addresses=[mock.node:1000], legalIdentitiesAndCerts=[O=Mock Company 2, L=London, C=GB], platformVersion=4, serial=1555083343340)
?[m?[37m[INFO] 12:35:43,506 [Test worker] network.PersistentNetworkMapCache. - Previous node was identical to incoming one - doing nothing
?[m?[31m[WARN] 12:35:43,506 [Test worker] internal.NodeFlowManager. - Multiple flows are registered for InitiatingFlow: class com.example.flow.ExampleFlow$Initiator, currently using: class com.example.flow.ExampleFlow$Acceptor
?[m?[37m[INFO] 12:35:43,506 [Test worker] internal.NodeFlowManager. - Registered com.example.flow.ExampleFlow$Initiator to initiate com.example.flow.ExampleFlow$Acceptor (version 1)
?[m?[31m[WARN] 12:35:43,506 [Test worker] internal.NodeFlowManager. - Multiple flows are registered for InitiatingFlow: class com.example.flow.ExampleFlow$Initiator, currently using: class com.example.flow.ExampleFlow$Acceptor
?[m?[37m[INFO] 12:35:43,506 [Test worker] internal.NodeFlowManager. - Registered com.example.flow.ExampleFlow$Initiator to initiate com.example.flow.ExampleFlow$Acceptor (version 1)
?[m?[31m[WARN] 12:35:44,134 [Mock network] corda.flow. - ProgressTracker has not been started {actor_id=Only For Testing, actor_owning_identity=O=Mock Company 1, L=London, C=GB, actor_store_id=TEST, fiber-id=10000004, flow-id=9149b65c-b295-46f8-92de-c208bb1c3fbd, invocation_id=64da31d4-cba9-431e-ad88-7233ad6564d9, invocation_timestamp=2019-04-12T15:35:43.508Z, origin=Only For Testing, session_id=64da31d4-cba9-431e-ad88-7233ad6564d9, session_timestamp=2019-04-12T15:35:43.508Z, thread-id=974}
?[m?[37m[INFO] 12:35:44,170 [Mock network] corda.flow. - Received transaction acknowledgement request from party O=Mock Company 1, L=London, C=GB. {fiber-id=10000005, flow-id=19a9a15a-e5ca-46af-a0ac-75ca9a7049f8, invocation_id=afa00e42-c419-48d4-b9ff-3244766ff1c7, invocation_timestamp=2019-04-12T15:35:44.154Z, origin=O=Mock Company 1, L=London, C=GB, session_id=afa00e42-c419-48d4-b9ff-3244766ff1c7, session_timestamp=2019-04-12T15:35:44.154Z, thread-id=974, tx_id=2DBB23C8ADC3BBA83E916005FAAE5B3DCD52566DB3A78AE2443A5F9BC3F0B208}
?[m?[31m[WARN] 12:35:44,170 [Mock network] corda.flow. - ProgressTracker has not been started {fiber-id=10000005, flow-id=19a9a15a-e5ca-46af-a0ac-75ca9a7049f8, invocation_id=afa00e42-c419-48d4-b9ff-3244766ff1c7, invocation_timestamp=2019-04-12T15:35:44.154Z, origin=O=Mock Company 1, L=London, C=GB, session_id=afa00e42-c419-48d4-b9ff-3244766ff1c7, session_timestamp=2019-04-12T15:35:44.154Z, thread-id=974, tx_id=2DBB23C8ADC3BBA83E916005FAAE5B3DCD52566DB3A78AE2443A5F9BC3F0B208}
?[m?[37m[INFO] 12:35:44,178 [Mock network] corda.flow. - Transaction dependencies resolution completed. {fiber-id=10000005, flow-id=19a9a15a-e5ca-46af-a0ac-75ca9a7049f8, invocation_id=afa00e42-c419-48d4-b9ff-3244766ff1c7, invocation_timestamp=2019-04-12T15:35:44.154Z, origin=O=Mock Company 1, L=London, C=GB, session_id=afa00e42-c419-48d4-b9ff-3244766ff1c7, session_timestamp=2019-04-12T15:35:44.154Z, thread-id=974, tx_id=2DBB23C8ADC3BBA83E916005FAAE5B3DCD52566DB3A78AE2443A5F9BC3F0B208}
?[m?[31m[WARN] 12:35:44,222 [Mock network] corda.flow. - ProgressTracker has not been started {fiber-id=10000005, flow-id=19a9a15a-e5ca-46af-a0ac-75ca9a7049f8, invocation_id=afa00e42-c419-48d4-b9ff-3244766ff1c7, invocation_timestamp=2019-04-12T15:35:44.154Z, origin=O=Mock Company 1, L=London, C=GB, session_id=afa00e42-c419-48d4-b9ff-3244766ff1c7, session_timestamp=2019-04-12T15:35:44.154Z, thread-id=974, tx_id=2DBB23C8ADC3BBA83E916005FAAE5B3DCD52566DB3A78AE2443A5F9BC3F0B208}
?[m?[37m[INFO] 12:35:44,238 [Mock network] corda.flow. - No need to notarise this transaction. {actor_id=Only For Testing, actor_owning_identity=O=Mock Company 1, L=London, C=GB, actor_store_id=TEST, fiber-id=10000004, flow-id=9149b65c-b295-46f8-92de-c208bb1c3fbd, invocation_id=64da31d4-cba9-431e-ad88-7233ad6564d9, invocation_timestamp=2019-04-12T15:35:43.508Z, origin=Only For Testing, session_id=64da31d4-cba9-431e-ad88-7233ad6564d9, session_timestamp=2019-04-12T15:35:43.508Z, thread-id=974, tx_id=2DBB23C8ADC3BBA83E916005FAAE5B3DCD52566DB3A78AE2443A5F9BC3F0B208}
?[m?[37m[INFO] 12:35:44,238 [Mock network] corda.flow. - Recording transaction locally. {actor_id=Only For Testing, actor_owning_identity=O=Mock Company 1, L=London, C=GB, actor_store_id=TEST, fiber-id=10000004, flow-id=9149b65c-b295-46f8-92de-c208bb1c3fbd, invocation_id=64da31d4-cba9-431e-ad88-7233ad6564d9, invocation_timestamp=2019-04-12T15:35:43.508Z, origin=Only For Testing, session_id=64da31d4-cba9-431e-ad88-7233ad6564d9, session_timestamp=2019-04-12T15:35:43.508Z, thread-id=974, tx_id=2DBB23C8ADC3BBA83E916005FAAE5B3DCD52566DB3A78AE2443A5F9BC3F0B208}
?[m?[37m[INFO] 12:35:44,250 [Mock network] corda.flow. - Recorded transaction locally successfully. {actor_id=Only For Testing, actor_owning_identity=O=Mock Company 1, L=London, C=GB, actor_store_id=TEST, fiber-id=10000004, flow-id=9149b65c-b295-46f8-92de-c208bb1c3fbd, invocation_id=64da31d4-cba9-431e-ad88-7233ad6564d9, invocation_timestamp=2019-04-12T15:35:43.508Z, origin=Only For Testing, session_id=64da31d4-cba9-431e-ad88-7233ad6564d9, session_timestamp=2019-04-12T15:35:43.508Z, thread-id=974, tx_id=2DBB23C8ADC3BBA83E916005FAAE5B3DCD52566DB3A78AE2443A5F9BC3F0B208}
?[m?[37m[INFO] 12:35:44,269 [Mock network] corda.flow. - Received transaction acknowledgement request from party O=Mock Company 1, L=London, C=GB. {fiber-id=10000005, flow-id=19a9a15a-e5ca-46af-a0ac-75ca9a7049f8, invocation_id=afa00e42-c419-48d4-b9ff-3244766ff1c7, invocation_timestamp=2019-04-12T15:35:44.154Z, origin=O=Mock Company 1, L=London, C=GB, session_id=afa00e42-c419-48d4-b9ff-3244766ff1c7, session_timestamp=2019-04-12T15:35:44.154Z, thread-id=974, tx_id=2DBB23C8ADC3BBA83E916005FAAE5B3DCD52566DB3A78AE2443A5F9BC3F0B208}
?[m?[31m[WARN] 12:35:44,269 [Mock network] corda.flow. - ProgressTracker has not been started {fiber-id=10000005, flow-id=19a9a15a-e5ca-46af-a0ac-75ca9a7049f8, invocation_id=afa00e42-c419-48d4-b9ff-3244766ff1c7, invocation_timestamp=2019-04-12T15:35:44.154Z, origin=O=Mock Company 1, L=London, C=GB, session_id=afa00e42-c419-48d4-b9ff-3244766ff1c7, session_timestamp=2019-04-12T15:35:44.154Z, thread-id=974, tx_id=2DBB23C8ADC3BBA83E916005FAAE5B3DCD52566DB3A78AE2443A5F9BC3F0B208}
?[m?[37m[INFO] 12:35:44,275 [Mock network] corda.flow. - Transaction dependencies resolution completed. {fiber-id=10000005, flow-id=19a9a15a-e5ca-46af-a0ac-75ca9a7049f8, invocation_id=afa00e42-c419-48d4-b9ff-3244766ff1c7, invocation_timestamp=2019-04-12T15:35:44.154Z, origin=O=Mock Company 1, L=London, C=GB, session_id=afa00e42-c419-48d4-b9ff-3244766ff1c7, session_timestamp=2019-04-12T15:35:44.154Z, thread-id=974, tx_id=2DBB23C8ADC3BBA83E916005FAAE5B3DCD52566DB3A78AE2443A5F9BC3F0B208}
?[m?[37m[INFO] 12:35:44,280 [Mock network] corda.flow. - Successfully received fully signed tx. Sending it to the vault for processing. {fiber-id=10000005, flow-id=19a9a15a-e5ca-46af-a0ac-75ca9a7049f8, invocation_id=afa00e42-c419-48d4-b9ff-3244766ff1c7, invocation_timestamp=2019-04-12T15:35:44.154Z, origin=O=Mock Company 1, L=London, C=GB, session_id=afa00e42-c419-48d4-b9ff-3244766ff1c7, session_timestamp=2019-04-12T15:35:44.154Z, thread-id=974, tx_id=2DBB23C8ADC3BBA83E916005FAAE5B3DCD52566DB3A78AE2443A5F9BC3F0B208}
?[m?[37m[INFO] 12:35:44,286 [Mock network] corda.flow. - Successfully recorded received transaction locally. {fiber-id=10000005, flow-id=19a9a15a-e5ca-46af-a0ac-75ca9a7049f8, invocation_id=afa00e42-c419-48d4-b9ff-3244766ff1c7, invocation_timestamp=2019-04-12T15:35:44.154Z, origin=O=Mock Company 1, L=London, C=GB, session_id=afa00e42-c419-48d4-b9ff-3244766ff1c7, session_timestamp=2019-04-12T15:35:44.154Z, thread-id=974, tx_id=2DBB23C8ADC3BBA83E916005FAAE5B3DCD52566DB3A78AE2443A5F9BC3F0B208}
?[m?[37m[INFO] 12:35:44,294 [Mock network] corda.flow. - Party O=Mock Company 2, L=London, C=GB received the transaction. {actor_id=Only For Testing, actor_owning_identity=O=Mock Company 1, L=London, C=GB, actor_store_id=TEST, fiber-id=10000004, flow-id=9149b65c-b295-46f8-92de-c208bb1c3fbd, invocation_id=64da31d4-cba9-431e-ad88-7233ad6564d9, invocation_timestamp=2019-04-12T15:35:43.508Z, origin=Only For Testing, session_id=64da31d4-cba9-431e-ad88-7233ad6564d9, session_timestamp=2019-04-12T15:35:43.508Z, thread-id=974, tx_id=2DBB23C8ADC3BBA83E916005FAAE5B3DCD52566DB3A78AE2443A5F9BC3F0B208}
?[m?[37m[INFO] 12:35:44,294 [Mock network] corda.flow. - All parties received the transaction successfully. {actor_id=Only For Testing, actor_owning_identity=O=Mock Company 1, L=London, C=GB, actor_store_id=TEST, fiber-id=10000004, flow-id=9149b65c-b295-46f8-92de-c208bb1c3fbd, invocation_id=64da31d4-cba9-431e-ad88-7233ad6564d9, invocation_timestamp=2019-04-12T15:35:43.508Z, origin=Only For Testing, session_id=64da31d4-cba9-431e-ad88-7233ad6564d9, session_timestamp=2019-04-12T15:35:43.508Z, thread-id=974, tx_id=2DBB23C8ADC3BBA83E916005FAAE5B3DCD52566DB3A78AE2443A5F9BC3F0B208}
?[m?[37m[INFO] 12:35:44,303 [Test worker] pool.HikariPool. - HikariPool-7 - Close initiated...
?[m?[37m[INFO] 12:35:44,304 [Test worker] pool.HikariPool. - HikariPool-7 - Closed.
?[m?[37m[INFO] 12:35:44,305 [Test worker] pool.HikariPool. - HikariPool-8 - Close initiated...
?[m?[37m[INFO] 12:35:44,306 [Test worker] pool.HikariPool. - HikariPool-8 - Closed.
?[m?[37m[INFO] 12:35:44,307 [Test worker] pool.HikariPool. - HikariPool-9 - Close initiated...
?[m?[37m[INFO] 12:35:44,308 [Test worker] pool.HikariPool. - HikariPool-9 - Closed.
?[m?[37m[INFO] 12:35:44,391 [Test worker] cordapp.JarScanningCordappLoader. - Looking for CorDapps in [build\mock-network\20190412-153544.309\nodes\0\cordapps]
?[m?[37m[INFO] 12:35:44,393 [Test worker] cordapp.JarScanningCordappLoader. - Loading CorDapps from RestrictedURL(url=file:/C:/Users/Daniel/OneDrive/Documents/tokensdk/samples3/cordapp-example/workflows-kotlin/build/mock-network/20190412-153544.309/nodes/0/cordapps/cordapp-example-contracts-0.1.jar, rootPackageName=null), RestrictedURL(url=file:/C:/Users/Daniel/OneDrive/Documents/tokensdk/samples3/cordapp-example/workflows-kotlin/build/mock-network/20190412-153544.309/nodes/0/cordapps/cordapp-example-workflows-0.1.jar, rootPackageName=null)
?[m?[37m[INFO] 12:35:44,393 [Test worker] cordapp.JarScanningCordappLoader. - Scanning CorDapp in file:/C:/Users/Daniel/OneDrive/Documents/tokensdk/samples3/cordapp-example/workflows-kotlin/build/mock-network/20190412-153544.309/nodes/0/cordapps/cordapp-example-contracts-0.1.jar
?[m?[37m[INFO] 12:35:44,502 [Test worker] cordapp.JarScanningCordappLoader. - Found notary service CorDapp implementations: 
?[m?[37m[INFO] 12:35:44,502 [Test worker] cordapp.JarScanningCordappLoader. - Scanning CorDapp in file:/C:/Users/Daniel/OneDrive/Documents/tokensdk/samples3/cordapp-example/workflows-kotlin/build/mock-network/20190412-153544.309/nodes/0/cordapps/cordapp-example-workflows-0.1.jar
?[m?[37m[INFO] 12:35:44,596 [Test worker] cordapp.JarScanningCordappLoader. - Found notary service CorDapp implementations: 
?[m?[37m[INFO] 12:35:44,608 [Test worker] internal.InternalMockNetwork$MockNode. - Node starting up ...
?[m?[37m[INFO] 12:35:44,622 [Test worker] internal.NodeFlowManager. - Registered com.example.flow.ExampleFlow$Initiator to initiate com.example.flow.ExampleFlow$Acceptor (version 1)
?[m?[37m[INFO] 12:35:44,628 [Test worker] internal.InternalMockNetwork$MockNode. - Loaded network parameters: NetworkParameters {
      minimumPlatformVersion=1
      notaries=[NotaryInfo(identity=O=Notary Service, L=Zurich, C=CH, validating=true)]
      maxMessageSize=10485760
      maxTransactionSize=524288000
      whitelistedContractImplementations {
        
      }
      eventHorizon=PT720H
      packageOwnership {
        
      }
      modifiedTime=2019-04-12T15:35:44.309Z
      epoch=1
  }
?[m?[37m[INFO] 12:35:44,628 [Test worker] hikari.HikariDataSource. - HikariPool-10 - Started.
?[m?[37m[INFO] 12:35:44,822 [Test worker] liquibase. - Creating database history table with name: PUBLIC.DATABASECHANGELOG
?[m?[37m[INFO] 12:35:44,824 [Test worker] liquibase. - Reading from PUBLIC.DATABASECHANGELOG
?[m?[37m[INFO] 12:35:44,826 [Test worker] liquibase. - master.changelog.json: migration/common.changelog-init.xml::1511451595465-1.3::R3.Corda: Skipping changeSet migration/common.changelog-init.xml::1511451595465-1.3::R3.Corda due to validation error(s): minValue is not allowed on h2
?[m?[37m[INFO] 12:35:44,833 [Test worker] liquibase. - master.changelog.json: migration/vault-schema.changelog-pkey.xml::non-clustered_pk-11::R3.Corda: Skipping changeSet migration/vault-schema.changelog-pkey.xml::non-clustered_pk-11::R3.Corda due to validation error(s): clustered is not allowed on h2
?[m?[37m[INFO] 12:35:44,833 [Test worker] liquibase. - master.changelog.json: migration/vault-schema.changelog-pkey.xml::non-clustered_pk-12::R3.Corda: Skipping changeSet migration/vault-schema.changelog-pkey.xml::non-clustered_pk-12::R3.Corda due to validation error(s): clustered is not allowed on h2
?[m?[37m[INFO] 12:35:44,834 [Test worker] liquibase. - master.changelog.json: migration/vault-schema.changelog-pkey.xml::non-clustered_pk-13::R3.Corda: Skipping changeSet migration/vault-schema.changelog-pkey.xml::non-clustered_pk-13::R3.Corda due to validation error(s): clustered is not allowed on h2
?[m?[37m[INFO] 12:35:44,846 [Test worker] liquibase. - master.changelog.json: migration/node-core.changelog-pkey.xml::non-clustered_pk-1::R3.Corda: Skipping changeSet migration/node-core.changelog-pkey.xml::non-clustered_pk-1::R3.Corda due to validation error(s): clustered is not allowed on h2
?[m?[37m[INFO] 12:35:44,846 [Test worker] liquibase. - master.changelog.json: migration/node-core.changelog-pkey.xml::non-clustered_pk-2::R3.Corda: Skipping changeSet migration/node-core.changelog-pkey.xml::non-clustered_pk-2::R3.Corda due to validation error(s): clustered is not allowed on h2
?[m?[37m[INFO] 12:35:44,846 [Test worker] liquibase. - master.changelog.json: migration/node-core.changelog-pkey.xml::non-clustered_pk-3::R3.Corda: Skipping changeSet migration/node-core.changelog-pkey.xml::non-clustered_pk-3::R3.Corda due to validation error(s): clustered is not allowed on h2
?[m?[37m[INFO] 12:35:44,846 [Test worker] liquibase. - master.changelog.json: migration/node-core.changelog-pkey.xml::non-clustered_pk-4::R3.Corda: Skipping changeSet migration/node-core.changelog-pkey.xml::non-clustered_pk-4::R3.Corda due to validation error(s): clustered is not allowed on h2
?[m?[37m[INFO] 12:35:44,846 [Test worker] liquibase. - master.changelog.json: migration/node-core.changelog-pkey.xml::non-clustered_pk-5::R3.Corda: Skipping changeSet migration/node-core.changelog-pkey.xml::non-clustered_pk-5::R3.Corda due to validation error(s): clustered is not allowed on h2
?[m?[37m[INFO] 12:35:44,847 [Test worker] liquibase. - master.changelog.json: migration/node-core.changelog-pkey.xml::non-clustered_pk-6::R3.Corda: Skipping changeSet migration/node-core.changelog-pkey.xml::non-clustered_pk-6::R3.Corda due to validation error(s): clustered is not allowed on h2
?[m?[37m[INFO] 12:35:44,847 [Test worker] liquibase. - master.changelog.json: migration/node-core.changelog-pkey.xml::non-clustered_pk-7::R3.Corda: Skipping changeSet migration/node-core.changelog-pkey.xml::non-clustered_pk-7::R3.Corda due to validation error(s): clustered is not allowed on h2
?[m?[37m[INFO] 12:35:44,850 [Test worker] liquibase. - master.changelog.json: migration/node-notary.changelog-pkey.xml::non-clustered_pk-notary_state::R3.Corda: Skipping changeSet migration/node-notary.changelog-pkey.xml::non-clustered_pk-notary_state::R3.Corda due to validation error(s): clustered is not allowed on h2
?[m?[37m[INFO] 12:35:44,852 [Test worker] liquibase. - Successfully acquired change log lock
?[m?[37m[INFO] 12:35:44,852 [Test worker] liquibase. - master.changelog.json: migration/common.changelog-init.xml::1511451595465-1.3::R3.Corda: Skipping changeSet migration/common.changelog-init.xml::1511451595465-1.3::R3.Corda due to validation error(s): minValue is not allowed on h2
?[m?[37m[INFO] 12:35:44,854 [Test worker] liquibase. - master.changelog.json: migration/vault-schema.changelog-pkey.xml::non-clustered_pk-11::R3.Corda: Skipping changeSet migration/vault-schema.changelog-pkey.xml::non-clustered_pk-11::R3.Corda due to validation error(s): clustered is not allowed on h2
?[m?[37m[INFO] 12:35:44,854 [Test worker] liquibase. - master.changelog.json: migration/vault-schema.changelog-pkey.xml::non-clustered_pk-12::R3.Corda: Skipping changeSet migration/vault-schema.changelog-pkey.xml::non-clustered_pk-12::R3.Corda due to validation error(s): clustered is not allowed on h2
?[m?[37m[INFO] 12:35:44,854 [Test worker] liquibase. - master.changelog.json: migration/vault-schema.changelog-pkey.xml::non-clustered_pk-13::R3.Corda: Skipping changeSet migration/vault-schema.changelog-pkey.xml::non-clustered_pk-13::R3.Corda due to validation error(s): clustered is not allowed on h2
?[m?[37m[INFO] 12:35:44,858 [Test worker] liquibase. - master.changelog.json: migration/node-core.changelog-pkey.xml::non-clustered_pk-1::R3.Corda: Skipping changeSet migration/node-core.changelog-pkey.xml::non-clustered_pk-1::R3.Corda due to validation error(s): clustered is not allowed on h2
?[m?[37m[INFO] 12:35:44,858 [Test worker] liquibase. - master.changelog.json: migration/node-core.changelog-pkey.xml::non-clustered_pk-2::R3.Corda: Skipping changeSet migration/node-core.changelog-pkey.xml::non-clustered_pk-2::R3.Corda due to validation error(s): clustered is not allowed on h2
?[m?[37m[INFO] 12:35:44,858 [Test worker] liquibase. - master.changelog.json: migration/node-core.changelog-pkey.xml::non-clustered_pk-3::R3.Corda: Skipping changeSet migration/node-core.changelog-pkey.xml::non-clustered_pk-3::R3.Corda due to validation error(s): clustered is not allowed on h2
?[m?[37m[INFO] 12:35:44,858 [Test worker] liquibase. - master.changelog.json: migration/node-core.changelog-pkey.xml::non-clustered_pk-4::R3.Corda: Skipping changeSet migration/node-core.changelog-pkey.xml::non-clustered_pk-4::R3.Corda due to validation error(s): clustered is not allowed on h2
?[m?[37m[INFO] 12:35:44,858 [Test worker] liquibase. - master.changelog.json: migration/node-core.changelog-pkey.xml::non-clustered_pk-5::R3.Corda: Skipping changeSet migration/node-core.changelog-pkey.xml::non-clustered_pk-5::R3.Corda due to validation error(s): clustered is not allowed on h2
?[m?[37m[INFO] 12:35:44,858 [Test worker] liquibase. - master.changelog.json: migration/node-core.changelog-pkey.xml::non-clustered_pk-6::R3.Corda: Skipping changeSet migration/node-core.changelog-pkey.xml::non-clustered_pk-6::R3.Corda due to validation error(s): clustered is not allowed on h2
?[m?[37m[INFO] 12:35:44,859 [Test worker] liquibase. - master.changelog.json: migration/node-core.changelog-pkey.xml::non-clustered_pk-7::R3.Corda: Skipping changeSet migration/node-core.changelog-pkey.xml::non-clustered_pk-7::R3.Corda due to validation error(s): clustered is not allowed on h2
?[m?[37m[INFO] 12:35:44,860 [Test worker] liquibase. - master.changelog.json: migration/node-notary.changelog-pkey.xml::non-clustered_pk-notary_state::R3.Corda: Skipping changeSet migration/node-notary.changelog-pkey.xml::non-clustered_pk-notary_state::R3.Corda due to validation error(s): clustered is not allowed on h2
?[m?[37m[INFO] 12:35:44,860 [Test worker] liquibase. - master.changelog.json: migration/common.changelog-init.xml::1511451595465-1.1::R3.Corda: Sequence hibernate_sequence created
?[m?[37m[INFO] 12:35:44,860 [Test worker] liquibase. - master.changelog.json: migration/common.changelog-init.xml::1511451595465-1.1::R3.Corda: ChangeSet migration/common.changelog-init.xml::1511451595465-1.1::R3.Corda ran successfully in 0ms
?[m?[37m[INFO] 12:35:44,863 [Test worker] liquibase. - master.changelog.json: migration/vault-schema.changelog-init.xml::1511451595465-22::R3.Corda: Table vault_fungible_states created
?[m?[37m[INFO] 12:35:44,863 [Test worker] liquibase. - master.changelog.json: migration/vault-schema.changelog-init.xml::1511451595465-22::R3.Corda: ChangeSet migration/vault-schema.changelog-init.xml::1511451595465-22::R3.Corda ran successfully in 1ms
?[m?[37m[INFO] 12:35:44,864 [Test worker] liquibase. - master.changelog.json: migration/vault-schema.changelog-init.xml::1511451595465-23::R3.Corda: Table vault_fungible_states_parts created
?[m?[37m[INFO] 12:35:44,864 [Test worker] liquibase. - master.changelog.json: migration/vault-schema.changelog-init.xml::1511451595465-23::R3.Corda: ChangeSet migration/vault-schema.changelog-init.xml::1511451595465-23::R3.Corda ran successfully in 0ms
?[m?[37m[INFO] 12:35:44,865 [Test worker] liquibase. - master.changelog.json: migration/vault-schema.changelog-init.xml::1511451595465-24::R3.Corda: Table vault_linear_states created
?[m?[37m[INFO] 12:35:44,865 [Test worker] liquibase. - master.changelog.json: migration/vault-schema.changelog-init.xml::1511451595465-24::R3.Corda: ChangeSet migration/vault-schema.changelog-init.xml::1511451595465-24::R3.Corda ran successfully in 0ms
?[m?[37m[INFO] 12:35:44,866 [Test worker] liquibase. - master.changelog.json: migration/vault-schema.changelog-init.xml::1511451595465-25::R3.Corda: Table vault_linear_states_parts created
?[m?[37m[INFO] 12:35:44,866 [Test worker] liquibase. - master.changelog.json: migration/vault-schema.changelog-init.xml::1511451595465-25::R3.Corda: ChangeSet migration/vault-schema.changelog-init.xml::1511451595465-25::R3.Corda ran successfully in 0ms
?[m?[37m[INFO] 12:35:44,868 [Test worker] liquibase. - master.changelog.json: migration/vault-schema.changelog-init.xml::1511451595465-26::R3.Corda: Table vault_states created
?[m?[37m[INFO] 12:35:44,868 [Test worker] liquibase. - master.changelog.json: migration/vault-schema.changelog-init.xml::1511451595465-26::R3.Corda: ChangeSet migration/vault-schema.changelog-init.xml::1511451595465-26::R3.Corda ran successfully in 1ms
?[m?[37m[INFO] 12:35:44,870 [Test worker] liquibase. - master.changelog.json: migration/vault-schema.changelog-init.xml::1511451595465-27::R3.Corda: Table vault_transaction_notes created
?[m?[37m[INFO] 12:35:44,870 [Test worker] liquibase. - master.changelog.json: migration/vault-schema.changelog-init.xml::1511451595465-27::R3.Corda: ChangeSet migration/vault-schema.changelog-init.xml::1511451595465-27::R3.Corda ran successfully in 1ms
?[m?[37m[INFO] 12:35:44,871 [Test worker] liquibase. - master.changelog.json: migration/vault-schema.changelog-init.xml::1511451595465-47::R3.Corda: Primary key added to vault_fungible_states (output_index, transaction_id)
?[m?[37m[INFO] 12:35:44,871 [Test worker] liquibase. - master.changelog.json: migration/vault-schema.changelog-init.xml::1511451595465-47::R3.Corda: ChangeSet migration/vault-schema.changelog-init.xml::1511451595465-47::R3.Corda ran successfully in 0ms
?[m?[37m[INFO] 12:35:44,872 [Test worker] liquibase. - master.changelog.json: migration/vault-schema.changelog-init.xml::1511451595465-48::R3.Corda: Primary key added to vault_linear_states (output_index, transaction_id)
?[m?[37m[INFO] 12:35:44,872 [Test worker] liquibase. - master.changelog.json: migration/vault-schema.changelog-init.xml::1511451595465-48::R3.Corda: ChangeSet migration/vault-schema.changelog-init.xml::1511451595465-48::R3.Corda ran successfully in 0ms
?[m?[37m[INFO] 12:35:44,874 [Test worker] liquibase. - master.changelog.json: migration/vault-schema.changelog-init.xml::1511451595465-49::R3.Corda: Primary key added to vault_states (output_index, transaction_id)
?[m?[37m[INFO] 12:35:44,874 [Test worker] liquibase. - master.changelog.json: migration/vault-schema.changelog-init.xml::1511451595465-49::R3.Corda: ChangeSet migration/vault-schema.changelog-init.xml::1511451595465-49::R3.Corda ran successfully in 0ms
?[m?[37m[INFO] 12:35:44,876 [Test worker] liquibase. - master.changelog.json: migration/vault-schema.changelog-init.xml::1511451595465-50::R3.Corda: Primary key added to vault_transaction_notes (seq_no)
?[m?[37m[INFO] 12:35:44,876 [Test worker] liquibase. - master.changelog.json: migration/vault-schema.changelog-init.xml::1511451595465-50::R3.Corda: ChangeSet migration/vault-schema.changelog-init.xml::1511451595465-50::R3.Corda ran successfully in 1ms
?[m?[37m[INFO] 12:35:44,877 [Test worker] liquibase. - master.changelog.json: migration/vault-schema.changelog-init.xml::1511451595465-53::R3.Corda: Index external_id_index created
?[m?[37m[INFO] 12:35:44,877 [Test worker] liquibase. - master.changelog.json: migration/vault-schema.changelog-init.xml::1511451595465-53::R3.Corda: ChangeSet migration/vault-schema.changelog-init.xml::1511451595465-53::R3.Corda ran successfully in 0ms
?[m?[37m[INFO] 12:35:44,878 [Test worker] liquibase. - master.changelog.json: migration/vault-schema.changelog-init.xml::1511451595465-55::R3.Corda: Index lock_id_idx created
?[m?[37m[INFO] 12:35:44,878 [Test worker] liquibase. - master.changelog.json: migration/vault-schema.changelog-init.xml::1511451595465-55::R3.Corda: ChangeSet migration/vault-schema.changelog-init.xml::1511451595465-55::R3.Corda ran successfully in 0ms
?[m?[37m[INFO] 12:35:44,880 [Test worker] liquibase. - master.changelog.json: migration/vault-schema.changelog-init.xml::1511451595465-58::R3.Corda: Index state_status_idx created
?[m?[37m[INFO] 12:35:44,880 [Test worker] liquibase. - master.changelog.json: migration/vault-schema.changelog-init.xml::1511451595465-58::R3.Corda: ChangeSet migration/vault-schema.changelog-init.xml::1511451595465-58::R3.Corda ran successfully in 1ms
?[m?[37m[INFO] 12:35:44,881 [Test worker] liquibase. - master.changelog.json: migration/vault-schema.changelog-init.xml::1511451595465-59::R3.Corda: Index transaction_id_index created
?[m?[37m[INFO] 12:35:44,881 [Test worker] liquibase. - master.changelog.json: migration/vault-schema.changelog-init.xml::1511451595465-59::R3.Corda: ChangeSet migration/vault-schema.changelog-init.xml::1511451595465-59::R3.Corda ran successfully in 0ms
?[m?[37m[INFO] 12:35:44,883 [Test worker] liquibase. - master.changelog.json: migration/vault-schema.changelog-init.xml::1511451595465-60::R3.Corda: Index uuid_index created
?[m?[37m[INFO] 12:35:44,883 [Test worker] liquibase. - master.changelog.json: migration/vault-schema.changelog-init.xml::1511451595465-60::R3.Corda: ChangeSet migration/vault-schema.changelog-init.xml::1511451595465-60::R3.Corda ran successfully in 1ms
?[m?[37m[INFO] 12:35:44,885 [Test worker] liquibase. - master.changelog.json: migration/vault-schema.changelog-init.xml::1511451595465-64::R3.Corda: Foreign key constraint added to vault_fungible_states_parts (output_index,transaction_id)
?[m?[37m[INFO] 12:35:44,885 [Test worker] liquibase. - master.changelog.json: migration/vault-schema.changelog-init.xml::1511451595465-64::R3.Corda: ChangeSet migration/vault-schema.changelog-init.xml::1511451595465-64::R3.Corda ran successfully in 2ms
?[m?[37m[INFO] 12:35:44,887 [Test worker] liquibase. - master.changelog.json: migration/vault-schema.changelog-init.xml::1511451595465-65::R3.Corda: Foreign key constraint added to vault_linear_states_parts (output_index,transaction_id)
?[m?[37m[INFO] 12:35:44,887 [Test worker] liquibase. - master.changelog.json: migration/vault-schema.changelog-init.xml::1511451595465-65::R3.Corda: ChangeSet migration/vault-schema.changelog-init.xml::1511451595465-65::R3.Corda ran successfully in 1ms
?[m?[37m[INFO] 12:35:44,888 [Test worker] liquibase. - master.changelog.json: migration/vault-schema.changelog-v3.xml::clean_vault::R3.Corda: Data deleted from vault_fungible_states_parts
?[m?[37m[INFO] 12:35:44,888 [Test worker] liquibase. - master.changelog.json: migration/vault-schema.changelog-v3.xml::clean_vault::R3.Corda: Data deleted from vault_fungible_states
?[m?[37m[INFO] 12:35:44,888 [Test worker] liquibase. - master.changelog.json: migration/vault-schema.changelog-v3.xml::clean_vault::R3.Corda: Data deleted from vault_linear_states_parts
?[m?[37m[INFO] 12:35:44,888 [Test worker] liquibase. - master.changelog.json: migration/vault-schema.changelog-v3.xml::clean_vault::R3.Corda: Data deleted from vault_linear_states
?[m?[37m[INFO] 12:35:44,888 [Test worker] liquibase. - master.changelog.json: migration/vault-schema.changelog-v3.xml::clean_vault::R3.Corda: Data deleted from vault_states
?[m?[37m[INFO] 12:35:44,888 [Test worker] liquibase. - master.changelog.json: migration/vault-schema.changelog-v3.xml::clean_vault::R3.Corda: Data deleted from vault_transaction_notes
?[m?[37m[INFO] 12:35:44,888 [Test worker] liquibase. - master.changelog.json: migration/vault-schema.changelog-v3.xml::clean_vault::R3.Corda: ChangeSet migration/vault-schema.changelog-v3.xml::clean_vault::R3.Corda ran successfully in 0ms
?[m?[37m[INFO] 12:35:44,889 [Test worker] liquibase. - master.changelog.json: migration/vault-schema.changelog-v4.xml::nullability::R3.Corda: Null constraint has been added to vault_fungible_states.quantity
?[m?[37m[INFO] 12:35:44,890 [Test worker] liquibase. - master.changelog.json: migration/vault-schema.changelog-v4.xml::nullability::R3.Corda: Null constraint has been added to vault_states.contract_state_class_name
?[m?[37m[INFO] 12:35:44,890 [Test worker] liquibase. - master.changelog.json: migration/vault-schema.changelog-v4.xml::nullability::R3.Corda: Null constraint has been added to vault_states.notary_name
?[m?[37m[INFO] 12:35:44,890 [Test worker] liquibase. - master.changelog.json: migration/vault-schema.changelog-v4.xml::nullability::R3.Corda: Null constraint has been added to vault_states.recorded_timestamp
?[m?[37m[INFO] 12:35:44,890 [Test worker] liquibase. - master.changelog.json: migration/vault-schema.changelog-v4.xml::nullability::R3.Corda: Index state_status_idx dropped from table vault_states
?[m?[37m[INFO] 12:35:44,890 [Test worker] liquibase. - master.changelog.json: migration/vault-schema.changelog-v4.xml::nullability::R3.Corda: Index lock_id_idx dropped from table vault_states
?[m?[37m[INFO] 12:35:44,890 [Test worker] liquibase. - master.changelog.json: migration/vault-schema.changelog-v4.xml::nullability::R3.Corda: Null constraint has been added to vault_states.state_status
?[m?[37m[INFO] 12:35:44,890 [Test worker] liquibase. - master.changelog.json: migration/vault-schema.changelog-v4.xml::nullability::R3.Corda: Index state_status_idx created
?[m?[37m[INFO] 12:35:44,891 [Test worker] liquibase. - master.changelog.json: migration/vault-schema.changelog-v4.xml::nullability::R3.Corda: Index lock_id_idx created
?[m?[37m[INFO] 12:35:44,891 [Test worker] liquibase. - master.changelog.json: migration/vault-schema.changelog-v4.xml::nullability::R3.Corda: Index transaction_id_index dropped from table vault_transaction_notes
?[m?[37m[INFO] 12:35:44,891 [Test worker] liquibase. - master.changelog.json: migration/vault-schema.changelog-v4.xml::nullability::R3.Corda: Null constraint has been added to vault_transaction_notes.note
?[m?[37m[INFO] 12:35:44,891 [Test worker] liquibase. - master.changelog.json: migration/vault-schema.changelog-v4.xml::nullability::R3.Corda: Null constraint has been added to vault_transaction_notes.transaction_id
?[m?[37m[INFO] 12:35:44,891 [Test worker] liquibase. - master.changelog.json: migration/vault-schema.changelog-v4.xml::nullability::R3.Corda: Index transaction_id_index created
?[m?[37m[INFO] 12:35:44,891 [Test worker] liquibase. - master.changelog.json: migration/vault-schema.changelog-v4.xml::nullability::R3.Corda: ChangeSet migration/vault-schema.changelog-v4.xml::nullability::R3.Corda ran successfully in 2ms
?[m?[37m[INFO] 12:35:44,897 [Test worker] liquibase. - master.changelog.json: migration/vault-schema.changelog-v5.xml::add_relevancy_status_column::R3.Corda: Columns relevancy_status(INT) added to vault_states
?[m?[37m[INFO] 12:35:44,897 [Test worker] liquibase. - master.changelog.json: migration/vault-schema.changelog-v5.xml::add_relevancy_status_column::R3.Corda: Data updated in vault_states
?[m?[37m[INFO] 12:35:44,898 [Test worker] liquibase. - master.changelog.json: migration/vault-schema.changelog-v5.xml::add_relevancy_status_column::R3.Corda: Null constraint has been added to vault_states.relevancy_status
?[m?[37m[INFO] 12:35:44,898 [Test worker] liquibase. - master.changelog.json: migration/vault-schema.changelog-v5.xml::add_relevancy_status_column::R3.Corda: ChangeSet migration/vault-schema.changelog-v5.xml::add_relevancy_status_column::R3.Corda ran successfully in 3ms
?[m?[37m[INFO] 12:35:44,901 [Test worker] liquibase. - master.changelog.json: migration/vault-schema.changelog-v6.xml::add_is_constraint_information_columns::R3.Corda: Columns constraint_type(INT) added to vault_states
?[m?[37m[INFO] 12:35:44,903 [Test worker] liquibase. - master.changelog.json: migration/vault-schema.changelog-v6.xml::add_is_constraint_information_columns::R3.Corda: Columns constraint_data(varbinary(563)) added to vault_states
?[m?[37m[INFO] 12:35:44,903 [Test worker] liquibase. - master.changelog.json: migration/vault-schema.changelog-v6.xml::add_is_constraint_information_columns::R3.Corda: ChangeSet migration/vault-schema.changelog-v6.xml::add_is_constraint_information_columns::R3.Corda ran successfully in 4ms
?[m?[37m[INFO] 12:35:44,905 [Test worker] liquibase. - master.changelog.json: migration/vault-schema.changelog-v7.xml::make_issuer_ref_nullable::R3.Corda: Null constraint dropped from vault_fungible_states.issuer_ref
?[m?[37m[INFO] 12:35:44,905 [Test worker] liquibase. - master.changelog.json: migration/vault-schema.changelog-v7.xml::make_issuer_ref_nullable::R3.Corda: ChangeSet migration/vault-schema.changelog-v7.xml::make_issuer_ref_nullable::R3.Corda ran successfully in 0ms
?[m?[37m[INFO] 12:35:44,907 [Test worker] liquibase. - master.changelog.json: migration/vault-schema.changelog-v8.xml::create-external-id-to-state-party-view::R3.Corda: Table state_party created
?[m?[37m[INFO] 12:35:44,907 [Test worker] liquibase. - master.changelog.json: migration/vault-schema.changelog-v8.xml::create-external-id-to-state-party-view::R3.Corda: Index state_pk_hash_idx created
?[m?[37m[INFO] 12:35:44,907 [Test worker] liquibase. - master.changelog.json: migration/vault-schema.changelog-v8.xml::create-external-id-to-state-party-view::R3.Corda: Table pk_hash_to_ext_id_map created
?[m?[37m[INFO] 12:35:44,907 [Test worker] liquibase. - master.changelog.json: migration/vault-schema.changelog-v8.xml::create-external-id-to-state-party-view::R3.Corda: Index pk_hash_to_xid_idx created
?[m?[37m[INFO] 12:35:44,909 [Test worker] liquibase. - master.changelog.json: migration/vault-schema.changelog-v8.xml::create-external-id-to-state-party-view::R3.Corda: View v_pkey_hash_ex_id_map created
?[m?[37m[INFO] 12:35:44,909 [Test worker] liquibase. - master.changelog.json: migration/vault-schema.changelog-v8.xml::create-external-id-to-state-party-view::R3.Corda: ChangeSet migration/vault-schema.changelog-v8.xml::create-external-id-to-state-party-view::R3.Corda ran successfully in 3ms
?[m?[37m[INFO] 12:35:44,911 [Test worker] liquibase. - master.changelog.json: migration/node-info.changelog-init.xml::1511451595465-4::R3.Corda: Table node_link_nodeinfo_party created
?[m?[37m[INFO] 12:35:44,911 [Test worker] liquibase. - master.changelog.json: migration/node-info.changelog-init.xml::1511451595465-4::R3.Corda: ChangeSet migration/node-info.changelog-init.xml::1511451595465-4::R3.Corda ran successfully in 0ms
?[m?[37m[INFO] 12:35:44,913 [Test worker] liquibase. - master.changelog.json: migration/node-info.changelog-init.xml::1511451595465-10::R3.Corda: Table node_info_hosts created
?[m?[37m[INFO] 12:35:44,913 [Test worker] liquibase. - master.changelog.json: migration/node-info.changelog-init.xml::1511451595465-10::R3.Corda: ChangeSet migration/node-info.changelog-init.xml::1511451595465-10::R3.Corda ran successfully in 1ms
?[m?[37m[INFO] 12:35:44,915 [Test worker] liquibase. - master.changelog.json: migration/node-info.changelog-init.xml::1511451595465-11::R3.Corda: Table node_info_party_cert created
?[m?[37m[INFO] 12:35:44,915 [Test worker] liquibase. - master.changelog.json: migration/node-info.changelog-init.xml::1511451595465-11::R3.Corda: ChangeSet migration/node-info.changelog-init.xml::1511451595465-11::R3.Corda ran successfully in 1ms
?[m?[37m[INFO] 12:35:44,916 [Test worker] liquibase. - master.changelog.json: migration/node-info.changelog-init.xml::1511451595465-12::R3.Corda: Table node_infos created
?[m?[37m[INFO] 12:35:44,916 [Test worker] liquibase. - master.changelog.json: migration/node-info.changelog-init.xml::1511451595465-12::R3.Corda: ChangeSet migration/node-info.changelog-init.xml::1511451595465-12::R3.Corda ran successfully in 0ms
?[m?[37m[INFO] 12:35:44,917 [Test worker] liquibase. - master.changelog.json: migration/node-info.changelog-init.xml::1511451595465-35::R3.Corda: Primary key added to node_info_hosts (host, port)
?[m?[37m[INFO] 12:35:44,917 [Test worker] liquibase. - master.changelog.json: migration/node-info.changelog-init.xml::1511451595465-35::R3.Corda: ChangeSet migration/node-info.changelog-init.xml::1511451595465-35::R3.Corda ran successfully in 0ms
?[m?[37m[INFO] 12:35:44,918 [Test worker] liquibase. - master.changelog.json: migration/node-info.changelog-init.xml::1511451595465-36::R3.Corda: Primary key added to node_info_party_cert (party_name)
?[m?[37m[INFO] 12:35:44,918 [Test worker] liquibase. - master.changelog.json: migration/node-info.changelog-init.xml::1511451595465-36::R3.Corda: ChangeSet migration/node-info.changelog-init.xml::1511451595465-36::R3.Corda ran successfully in 0ms
?[m?[37m[INFO] 12:35:44,919 [Test worker] liquibase. - master.changelog.json: migration/node-info.changelog-init.xml::1511451595465-37::R3.Corda: Primary key added to node_infos (node_info_id)
?[m?[37m[INFO] 12:35:44,919 [Test worker] liquibase. - master.changelog.json: migration/node-info.changelog-init.xml::1511451595465-37::R3.Corda: ChangeSet migration/node-info.changelog-init.xml::1511451595465-37::R3.Corda ran successfully in 0ms
?[m?[37m[INFO] 12:35:44,921 [Test worker] liquibase. - master.changelog.json: migration/node-info.changelog-init.xml::1511451595465-62::R3.Corda: Foreign key constraint added to node_link_nodeinfo_party (node_info_id)
?[m?[37m[INFO] 12:35:44,921 [Test worker] liquibase. - master.changelog.json: migration/node-info.changelog-init.xml::1511451595465-62::R3.Corda: ChangeSet migration/node-info.changelog-init.xml::1511451595465-62::R3.Corda ran successfully in 1ms
?[m?[37m[INFO] 12:35:44,922 [Test worker] liquibase. - master.changelog.json: migration/node-info.changelog-init.xml::1511451595465-63::R3.Corda: Foreign key constraint added to node_info_hosts (node_info_id)
?[m?[37m[INFO] 12:35:44,922 [Test worker] liquibase. - master.changelog.json: migration/node-info.changelog-init.xml::1511451595465-63::R3.Corda: ChangeSet migration/node-info.changelog-init.xml::1511451595465-63::R3.Corda ran successfully in 0ms
?[m?[37m[INFO] 12:35:44,923 [Test worker] liquibase. - master.changelog.json: migration/node-info.changelog-init.xml::remove_host_port_pk::R3.Corda: Data deleted from node_infos
?[m?[37m[INFO] 12:35:44,923 [Test worker] liquibase. - master.changelog.json: migration/node-info.changelog-init.xml::remove_host_port_pk::R3.Corda: Data deleted from node_link_nodeinfo_party
?[m?[37m[INFO] 12:35:44,924 [Test worker] liquibase. - master.changelog.json: migration/node-info.changelog-init.xml::remove_host_port_pk::R3.Corda: Data deleted from node_info_hosts
?[m?[37m[INFO] 12:35:44,924 [Test worker] liquibase. - master.changelog.json: migration/node-info.changelog-init.xml::remove_host_port_pk::R3.Corda: Data deleted from node_info_party_cert
?[m?[37m[INFO] 12:35:44,924 [Test worker] liquibase. - master.changelog.json: migration/node-info.changelog-init.xml::remove_host_port_pk::R3.Corda: Primary key dropped from node_info_hosts
?[m?[37m[INFO] 12:35:44,925 [Test worker] liquibase. - master.changelog.json: migration/node-info.changelog-init.xml::remove_host_port_pk::R3.Corda: Columns hosts_id(INT) added to node_info_hosts
?[m?[37m[INFO] 12:35:44,926 [Test worker] liquibase. - master.changelog.json: migration/node-info.changelog-init.xml::remove_host_port_pk::R3.Corda: Primary key added to node_info_hosts (hosts_id)
?[m?[37m[INFO] 12:35:44,926 [Test worker] liquibase. - master.changelog.json: migration/node-info.changelog-init.xml::remove_host_port_pk::R3.Corda: ChangeSet migration/node-info.changelog-init.xml::remove_host_port_pk::R3.Corda ran successfully in 3ms
?[m?[37m[INFO] 12:35:44,927 [Test worker] liquibase. - master.changelog.json: migration/node-info.changelog-v1.xml::key/value node properties table::R3.Corda: Table node_properties created
?[m?[37m[INFO] 12:35:44,927 [Test worker] liquibase. - master.changelog.json: migration/node-info.changelog-v1.xml::key/value node properties table::R3.Corda: ChangeSet migration/node-info.changelog-v1.xml::key/value node properties table::R3.Corda ran successfully in 0ms
?[m?[37m[INFO] 12:35:44,928 [Test worker] liquibase. - master.changelog.json: migration/node-info.changelog-v2.xml::1525962920::R3.Corda: Null constraint has been added to node_infos.node_info_hash
?[m?[37m[INFO] 12:35:44,928 [Test worker] liquibase. - master.changelog.json: migration/node-info.changelog-v2.xml::1525962920::R3.Corda: Null constraint has been added to node_infos.platform_version
?[m?[37m[INFO] 12:35:44,928 [Test worker] liquibase. - master.changelog.json: migration/node-info.changelog-v2.xml::1525962920::R3.Corda: Null constraint has been added to node_infos.serial
?[m?[37m[INFO] 12:35:44,929 [Test worker] liquibase. - master.changelog.json: migration/node-info.changelog-v2.xml::1525962920::R3.Corda: Null constraint dropped from node_info_hosts.host
?[m?[37m[INFO] 12:35:44,929 [Test worker] liquibase. - master.changelog.json: migration/node-info.changelog-v2.xml::1525962920::R3.Corda: Null constraint dropped from node_info_hosts.port
?[m?[37m[INFO] 12:35:44,929 [Test worker] liquibase. - master.changelog.json: migration/node-info.changelog-v2.xml::1525962920::R3.Corda: Null constraint has been added to node_info_party_cert.owning_key_hash
?[m?[37m[INFO] 12:35:44,929 [Test worker] liquibase. - master.changelog.json: migration/node-info.changelog-v2.xml::1525962920::R3.Corda: Null constraint has been added to node_info_party_cert.party_cert_binary
?[m?[37m[INFO] 12:35:44,929 [Test worker] liquibase. - master.changelog.json: migration/node-info.changelog-v2.xml::1525962920::R3.Corda: ChangeSet migration/node-info.changelog-v2.xml::1525962920::R3.Corda ran successfully in 1ms
?[m?[37m[INFO] 12:35:44,931 [Test worker] liquibase. - master.changelog.json: migration/node-info.changelog-v3.xml::column_host_name::R3.Corda: Column node_info_hosts.host renamed to host_name
?[m?[37m[INFO] 12:35:44,931 [Test worker] liquibase. - master.changelog.json: migration/node-info.changelog-v3.xml::column_host_name::R3.Corda: ChangeSet migration/node-info.changelog-v3.xml::column_host_name::R3.Corda ran successfully in 1ms
?[m?[37m[INFO] 12:35:44,932 [Test worker] liquibase. - master.changelog.json: migration/node-services.changelog-init.xml::1511451595465-5::R3.Corda: Table node_attachments created
?[m?[37m[INFO] 12:35:44,932 [Test worker] liquibase. - master.changelog.json: migration/node-services.changelog-init.xml::1511451595465-5::R3.Corda: ChangeSet migration/node-services.changelog-init.xml::1511451595465-5::R3.Corda ran successfully in 0ms
?[m?[37m[INFO] 12:35:44,933 [Test worker] liquibase. - master.changelog.json: migration/node-services.changelog-init.xml::1511451595465-7::R3.Corda: Table node_checkpoints created
?[m?[37m[INFO] 12:35:44,933 [Test worker] liquibase. - master.changelog.json: migration/node-services.changelog-init.xml::1511451595465-7::R3.Corda: ChangeSet migration/node-services.changelog-init.xml::1511451595465-7::R3.Corda ran successfully in 0ms
?[m?[37m[INFO] 12:35:44,935 [Test worker] liquibase. - master.changelog.json: migration/node-services.changelog-init.xml::1511451595465-8::R3.Corda: Table node_contract_upgrades created
?[m?[37m[INFO] 12:35:44,935 [Test worker] liquibase. - master.changelog.json: migration/node-services.changelog-init.xml::1511451595465-8::R3.Corda: ChangeSet migration/node-services.changelog-init.xml::1511451595465-8::R3.Corda ran successfully in 1ms
?[m?[37m[INFO] 12:35:44,936 [Test worker] liquibase. - master.changelog.json: migration/node-services.changelog-init.xml::1511451595465-9::R3.Corda: Table node_identities created
?[m?[37m[INFO] 12:35:44,936 [Test worker] liquibase. - master.changelog.json: migration/node-services.changelog-init.xml::1511451595465-9::R3.Corda: ChangeSet migration/node-services.changelog-init.xml::1511451595465-9::R3.Corda ran successfully in 1ms
?[m?[37m[INFO] 12:35:44,937 [Test worker] liquibase. - master.changelog.json: migration/node-services.changelog-init.xml::1511451595465-13::R3.Corda: Table node_message_ids created
?[m?[37m[INFO] 12:35:44,937 [Test worker] liquibase. - master.changelog.json: migration/node-services.changelog-init.xml::1511451595465-13::R3.Corda: ChangeSet migration/node-services.changelog-init.xml::1511451595465-13::R3.Corda ran successfully in 0ms
?[m?[37m[INFO] 12:35:44,939 [Test worker] liquibase. - master.changelog.json: migration/node-services.changelog-init.xml::1511451595465-14::R3.Corda: Table node_message_retry created
?[m?[37m[INFO] 12:35:44,939 [Test worker] liquibase. - master.changelog.json: migration/node-services.changelog-init.xml::1511451595465-14::R3.Corda: ChangeSet migration/node-services.changelog-init.xml::1511451595465-14::R3.Corda ran successfully in 1ms
?[m?[37m[INFO] 12:35:44,940 [Test worker] liquibase. - master.changelog.json: migration/node-services.changelog-init.xml::1511451595465-15::R3.Corda: Table node_named_identities created
?[m?[37m[INFO] 12:35:44,940 [Test worker] liquibase. - master.changelog.json: migration/node-services.changelog-init.xml::1511451595465-15::R3.Corda: ChangeSet migration/node-services.changelog-init.xml::1511451595465-15::R3.Corda ran successfully in 0ms
?[m?[37m[INFO] 12:35:44,942 [Test worker] liquibase. - master.changelog.json: migration/node-services.changelog-init.xml::1511451595465-17::R3.Corda: Table node_our_key_pairs created
?[m?[37m[INFO] 12:35:44,942 [Test worker] liquibase. - master.changelog.json: migration/node-services.changelog-init.xml::1511451595465-17::R3.Corda: ChangeSet migration/node-services.changelog-init.xml::1511451595465-17::R3.Corda ran successfully in 0ms
?[m?[37m[INFO] 12:35:44,943 [Test worker] liquibase. - master.changelog.json: migration/node-services.changelog-init.xml::1511451595465-19::R3.Corda: Table node_scheduled_states created
?[m?[37m[INFO] 12:35:44,943 [Test worker] liquibase. - master.changelog.json: migration/node-services.changelog-init.xml::1511451595465-19::R3.Corda: ChangeSet migration/node-services.changelog-init.xml::1511451595465-19::R3.Corda ran successfully in 0ms
?[m?[37m[INFO] 12:35:44,944 [Test worker] liquibase. - master.changelog.json: migration/node-services.changelog-init.xml::1511451595465-20::R3.Corda: Table node_transaction_mappings created
?[m?[37m[INFO] 12:35:44,944 [Test worker] liquibase. - master.changelog.json: migration/node-services.changelog-init.xml::1511451595465-20::R3.Corda: ChangeSet migration/node-services.changelog-init.xml::1511451595465-20::R3.Corda ran successfully in 0ms
?[m?[37m[INFO] 12:35:44,946 [Test worker] liquibase. - master.changelog.json: migration/node-services.changelog-init.xml::1511451595465-21::R3.Corda: Table node_transactions created
?[m?[37m[INFO] 12:35:44,946 [Test worker] liquibase. - master.changelog.json: migration/node-services.changelog-init.xml::1511451595465-21::R3.Corda: ChangeSet migration/node-services.changelog-init.xml::1511451595465-21::R3.Corda ran successfully in 0ms
?[m?[37m[INFO] 12:35:44,947 [Test worker] liquibase. - master.changelog.json: migration/node-services.changelog-init.xml::1511451595465-30::R3.Corda: Primary key added to node_attachments (att_id)
?[m?[37m[INFO] 12:35:44,947 [Test worker] liquibase. - master.changelog.json: migration/node-services.changelog-init.xml::1511451595465-30::R3.Corda: ChangeSet migration/node-services.changelog-init.xml::1511451595465-30::R3.Corda ran successfully in 0ms
?[m?[37m[INFO] 12:35:44,949 [Test worker] liquibase. - master.changelog.json: migration/node-services.changelog-init.xml::1511451595465-32::R3.Corda: Primary key added to node_checkpoints (checkpoint_id)
?[m?[37m[INFO] 12:35:44,949 [Test worker] liquibase. - master.changelog.json: migration/node-services.changelog-init.xml::1511451595465-32::R3.Corda: ChangeSet migration/node-services.changelog-init.xml::1511451595465-32::R3.Corda ran successfully in 1ms
?[m?[37m[INFO] 12:35:44,950 [Test worker] liquibase. - master.changelog.json: migration/node-services.changelog-init.xml::1511451595465-33::R3.Corda: Primary key added to node_contract_upgrades (state_ref)
?[m?[37m[INFO] 12:35:44,950 [Test worker] liquibase. - master.changelog.json: migration/node-services.changelog-init.xml::1511451595465-33::R3.Corda: ChangeSet migration/node-services.changelog-init.xml::1511451595465-33::R3.Corda ran successfully in 0ms
?[m?[37m[INFO] 12:35:44,951 [Test worker] liquibase. - master.changelog.json: migration/node-services.changelog-init.xml::1511451595465-34::R3.Corda: Primary key added to node_identities (pk_hash)
?[m?[37m[INFO] 12:35:44,951 [Test worker] liquibase. - master.changelog.json: migration/node-services.changelog-init.xml::1511451595465-34::R3.Corda: ChangeSet migration/node-services.changelog-init.xml::1511451595465-34::R3.Corda ran successfully in 0ms
?[m?[37m[INFO] 12:35:44,952 [Test worker] liquibase. - master.changelog.json: migration/node-services.changelog-init.xml::1511451595465-38::R3.Corda: Primary key added to node_message_ids (message_id)
?[m?[37m[INFO] 12:35:44,952 [Test worker] liquibase. - master.changelog.json: migration/node-services.changelog-init.xml::1511451595465-38::R3.Corda: ChangeSet migration/node-services.changelog-init.xml::1511451595465-38::R3.Corda ran successfully in 0ms
?[m?[37m[INFO] 12:35:44,954 [Test worker] liquibase. - master.changelog.json: migration/node-services.changelog-init.xml::1511451595465-39::R3.Corda: Primary key added to node_message_retry (message_id)
?[m?[37m[INFO] 12:35:44,954 [Test worker] liquibase. - master.changelog.json: migration/node-services.changelog-init.xml::1511451595465-39::R3.Corda: ChangeSet migration/node-services.changelog-init.xml::1511451595465-39::R3.Corda ran successfully in 0ms
?[m?[37m[INFO] 12:35:44,956 [Test worker] liquibase. - master.changelog.json: migration/node-services.changelog-init.xml::1511451595465-40::R3.Corda: Primary key added to node_named_identities (name)
?[m?[37m[INFO] 12:35:44,956 [Test worker] liquibase. - master.changelog.json: migration/node-services.changelog-init.xml::1511451595465-40::R3.Corda: ChangeSet migration/node-services.changelog-init.xml::1511451595465-40::R3.Corda ran successfully in 1ms
?[m?[37m[INFO] 12:35:44,956 [Test worker] liquibase. - master.changelog.json: migration/node-services.changelog-init.xml::1511451595465-42::R3.Corda: Primary key added to node_our_key_pairs (public_key_hash)
?[m?[37m[INFO] 12:35:44,957 [Test worker] liquibase. - master.changelog.json: migration/node-services.changelog-init.xml::1511451595465-42::R3.Corda: ChangeSet migration/node-services.changelog-init.xml::1511451595465-42::R3.Corda ran successfully in 1ms
?[m?[37m[INFO] 12:35:44,957 [Test worker] liquibase. - master.changelog.json: migration/node-services.changelog-init.xml::1511451595465-44::R3.Corda: Primary key added to node_scheduled_states (output_index, transaction_id)
?[m?[37m[INFO] 12:35:44,957 [Test worker] liquibase. - master.changelog.json: migration/node-services.changelog-init.xml::1511451595465-44::R3.Corda: ChangeSet migration/node-services.changelog-init.xml::1511451595465-44::R3.Corda ran successfully in 0ms
?[m?[37m[INFO] 12:35:44,958 [Test worker] liquibase. - master.changelog.json: migration/node-services.changelog-init.xml::1511451595465-45::R3.Corda: Primary key added to node_transaction_mappings (tx_id)
?[m?[37m[INFO] 12:35:44,958 [Test worker] liquibase. - master.changelog.json: migration/node-services.changelog-init.xml::1511451595465-45::R3.Corda: ChangeSet migration/node-services.changelog-init.xml::1511451595465-45::R3.Corda ran successfully in 0ms
?[m?[37m[INFO] 12:35:44,959 [Test worker] liquibase. - master.changelog.json: migration/node-services.changelog-init.xml::1511451595465-46::R3.Corda: Primary key added to node_transactions (tx_id)
?[m?[37m[INFO] 12:35:44,959 [Test worker] liquibase. - master.changelog.json: migration/node-services.changelog-init.xml::1511451595465-46::R3.Corda: ChangeSet migration/node-services.changelog-init.xml::1511451595465-46::R3.Corda ran successfully in 0ms
?[m?[37m[INFO] 12:35:44,961 [Test worker] liquibase. - master.changelog.json: migration/node-services.changelog-init.xml::1511451595465-61::R3.Corda: Foreign key constraint added to node_link_nodeinfo_party (party_name)
?[m?[37m[INFO] 12:35:44,961 [Test worker] liquibase. - master.changelog.json: migration/node-services.changelog-init.xml::1511451595465-61::R3.Corda: ChangeSet migration/node-services.changelog-init.xml::1511451595465-61::R3.Corda ran successfully in 1ms
?[m?[37m[INFO] 12:35:44,962 [Test worker] liquibase. - master.changelog.json: migration/node-services.changelog-init.xml::add index att_id::R3.Corda: Index att_id_idx created
?[m?[37m[INFO] 12:35:44,962 [Test worker] liquibase. - master.changelog.json: migration/node-services.changelog-init.xml::add index att_id::R3.Corda: ChangeSet migration/node-services.changelog-init.xml::add index att_id::R3.Corda ran successfully in 0ms
?[m?[37m[INFO] 12:35:44,963 [Test worker] liquibase. - master.changelog.json: migration/node-services.changelog-init.xml::add_contract_attachment::R3.Corda: Table node_attchments_contracts created
?[m?[37m[INFO] 12:35:44,963 [Test worker] liquibase. - master.changelog.json: migration/node-services.changelog-init.xml::add_contract_attachment::R3.Corda: Foreign key constraint added to node_attchments_contracts (att_id)
?[m?[37m[INFO] 12:35:44,964 [Test worker] liquibase. - master.changelog.json: migration/node-services.changelog-init.xml::add_contract_attachment::R3.Corda: Data deleted from node_attachments
?[m?[37m[INFO] 12:35:44,964 [Test worker] liquibase. - master.changelog.json: migration/node-services.changelog-init.xml::add_contract_attachment::R3.Corda: ChangeSet migration/node-services.changelog-init.xml::add_contract_attachment::R3.Corda ran successfully in 1ms
?[m?[37m[INFO] 12:35:44,966 [Test worker] liquibase. - master.changelog.json: migration/node-services.changelog-init.xml::add_dedup_columns::R3.Corda: Columns sender(NVARCHAR(64)),sequence_number(BIGINT) added to node_message_ids
?[m?[37m[INFO] 12:35:44,967 [Test worker] liquibase. - master.changelog.json: migration/node-services.changelog-init.xml::add_dedup_columns::R3.Corda: ChangeSet migration/node-services.changelog-init.xml::add_dedup_columns::R3.Corda ran successfully in 2ms
?[m?[37m[INFO] 12:35:44,968 [Test worker] liquibase. - master.changelog.json: migration/node-core.changelog-v4.xml::attchments_rename::R3.Corda: Table node_attchments_contracts renamed to node_attachments_contracts
?[m?[37m[INFO] 12:35:44,968 [Test worker] liquibase. - master.changelog.json: migration/node-core.changelog-v4.xml::attchments_rename::R3.Corda: ChangeSet migration/node-core.changelog-v4.xml::attchments_rename::R3.Corda ran successfully in 0ms
?[m?[37m[INFO] 12:35:44,969 [Test worker] liquibase. - master.changelog.json: migration/node-core.changelog-v4.xml::nullability::R3.Corda: Null constraint has been added to node_identities.identity_value
?[m?[37m[INFO] 12:35:44,970 [Test worker] liquibase. - master.changelog.json: migration/node-core.changelog-v4.xml::nullability::R3.Corda: Null constraint has been added to node_attachments.content
?[m?[37m[INFO] 12:35:44,970 [Test worker] liquibase. - master.changelog.json: migration/node-core.changelog-v4.xml::nullability::R3.Corda: Null constraint has been added to node_attachments_contracts.contract_class_name
?[m?[37m[INFO] 12:35:44,970 [Test worker] liquibase. - master.changelog.json: migration/node-core.changelog-v4.xml::nullability::R3.Corda: Null constraint has been added to node_checkpoints.checkpoint_value
?[m?[37m[INFO] 12:35:44,970 [Test worker] liquibase. - master.changelog.json: migration/node-core.changelog-v4.xml::nullability::R3.Corda: Null constraint has been added to node_contract_upgrades.contract_class_name
?[m?[37m[INFO] 12:35:44,970 [Test worker] liquibase. - master.changelog.json: migration/node-core.changelog-v4.xml::nullability::R3.Corda: Null constraint has been added to node_message_ids.insertion_time
?[m?[37m[INFO] 12:35:44,970 [Test worker] liquibase. - master.changelog.json: migration/node-core.changelog-v4.xml::nullability::R3.Corda: Null constraint has been added to node_message_retry.message
?[m?[37m[INFO] 12:35:44,970 [Test worker] liquibase. - master.changelog.json: migration/node-core.changelog-v4.xml::nullability::R3.Corda: Null constraint has been added to node_message_retry.recipients
?[m?[37m[INFO] 12:35:44,970 [Test worker] liquibase. - master.changelog.json: migration/node-core.changelog-v4.xml::nullability::R3.Corda: Null constraint has been added to node_named_identities.pk_hash
?[m?[37m[INFO] 12:35:44,970 [Test worker] liquibase. - master.changelog.json: migration/node-core.changelog-v4.xml::nullability::R3.Corda: Null constraint has been added to node_our_key_pairs.private_key
?[m?[37m[INFO] 12:35:44,970 [Test worker] liquibase. - master.changelog.json: migration/node-core.changelog-v4.xml::nullability::R3.Corda: Null constraint has been added to node_our_key_pairs.public_key
?[m?[37m[INFO] 12:35:44,971 [Test worker] liquibase. - master.changelog.json: migration/node-core.changelog-v4.xml::nullability::R3.Corda: Null constraint has been added to node_transaction_mappings.state_machine_run_id
?[m?[37m[INFO] 12:35:44,971 [Test worker] liquibase. - master.changelog.json: migration/node-core.changelog-v4.xml::nullability::R3.Corda: Null constraint has been added to node_transactions.transaction_value
?[m?[37m[INFO] 12:35:44,971 [Test worker] liquibase. - master.changelog.json: migration/node-core.changelog-v4.xml::nullability::R3.Corda: ChangeSet migration/node-core.changelog-v4.xml::nullability::R3.Corda ran successfully in 2ms
?[m?[37m[INFO] 12:35:44,973 [Test worker] liquibase. - master.changelog.json: migration/node-core.changelog-v5.xml::remove_unused_node_message_retry::R3.Corda: Table node_message_retry dropped
?[m?[37m[INFO] 12:35:44,973 [Test worker] liquibase. - master.changelog.json: migration/node-core.changelog-v5.xml::remove_unused_node_message_retry::R3.Corda: ChangeSet migration/node-core.changelog-v5.xml::remove_unused_node_message_retry::R3.Corda ran successfully in 1ms
?[m?[37m[INFO] 12:35:44,986 [Test worker] liquibase. - master.changelog.json: migration/node-core.changelog-v8.xml::conditional_attchments_rename::R3.Corda: Marking ChangeSet: migration/node-core.changelog-v8.xml::conditional_attchments_rename::R3.Corda ran despite precondition failure due to onFail='MARK_RAN': 
          master.changelog.json : Table PUBLIC.NODE_ATTCHMENTS_CONTRACTS does not exist

?[m?[37m[INFO] 12:35:44,992 [Test worker] liquibase. - master.changelog.json: migration/node-core.changelog-v8.xml::conditional_attchments_contracts::R3.Corda: Marking ChangeSet: migration/node-core.changelog-v8.xml::conditional_attchments_contracts::R3.Corda ran despite precondition failure due to onFail='MARK_RAN': 
          master.changelog.json : Table PUBLIC.NODE_ATTACHMENTS_CONTRACT_CLASS_NAME does not exist

?[m?[37m[INFO] 12:35:44,993 [Test worker] liquibase. - master.changelog.json: migration/node-core.changelog-v8.xml::add_signers::R3.Corda: Table node_attachments_signers created
?[m?[37m[INFO] 12:35:44,994 [Test worker] liquibase. - master.changelog.json: migration/node-core.changelog-v8.xml::add_signers::R3.Corda: Foreign key constraint added to node_attachments_signers (att_id)
?[m?[37m[INFO] 12:35:44,994 [Test worker] liquibase. - master.changelog.json: migration/node-core.changelog-v8.xml::add_signers::R3.Corda: ChangeSet migration/node-core.changelog-v8.xml::add_signers::R3.Corda ran successfully in 1ms
?[m?[37m[INFO] 12:35:44,996 [Test worker] liquibase. - master.changelog.json: migration/node-core.changelog-tx-mapping.xml::add_tx_mapping_column::R3.Corda: Columns state_machine_run_id(NVARCHAR(36)) added to node_transactions
?[m?[37m[INFO] 12:35:44,997 [Test worker] liquibase. - master.changelog.json: migration/node-core.changelog-tx-mapping.xml::add_tx_mapping_column::R3.Corda: Custom SQL executed
?[m?[37m[INFO] 12:35:44,997 [Test worker] liquibase. - master.changelog.json: migration/node-core.changelog-tx-mapping.xml::add_tx_mapping_column::R3.Corda: Table node_transaction_mappings dropped
?[m?[37m[INFO] 12:35:44,997 [Test worker] liquibase. - master.changelog.json: migration/node-core.changelog-tx-mapping.xml::add_tx_mapping_column::R3.Corda: ChangeSet migration/node-core.changelog-tx-mapping.xml::add_tx_mapping_column::R3.Corda ran successfully in 2ms
?[m?[37m[INFO] 12:35:44,999 [Test worker] liquibase. - master.changelog.json: migration/node-services.changelog-init.xml::add_network_parameters_storage::R3.Corda: Table node_network_parameters created
?[m?[37m[INFO] 12:35:44,999 [Test worker] liquibase. - master.changelog.json: migration/node-services.changelog-init.xml::add_network_parameters_storage::R3.Corda: ChangeSet migration/node-services.changelog-init.xml::add_network_parameters_storage::R3.Corda ran successfully in 0ms
?[m?[37m[INFO] 12:35:45,000 [Test worker] liquibase. - master.changelog.json: migration/node-services.changelog-init.xml::network_parameters_pk::R3.Corda: Primary key added to node_network_parameters (hash)
?[m?[37m[INFO] 12:35:45,000 [Test worker] liquibase. - master.changelog.json: migration/node-services.changelog-init.xml::network_parameters_pk::R3.Corda: ChangeSet migration/node-services.changelog-init.xml::network_parameters_pk::R3.Corda ran successfully in 0ms
?[m?[37m[INFO] 12:35:45,003 [Test worker] liquibase. - master.changelog.json: migration/node-services.changelog-init.xml::add_version_column::R3.Corda: Columns version(INT) added to node_attachments
?[m?[37m[INFO] 12:35:45,003 [Test worker] liquibase. - master.changelog.json: migration/node-services.changelog-init.xml::add_version_column::R3.Corda: Custom SQL executed
?[m?[37m[INFO] 12:35:45,003 [Test worker] liquibase. - master.changelog.json: migration/node-services.changelog-init.xml::add_version_column::R3.Corda: Null constraint has been added to node_attachments.version
?[m?[37m[INFO] 12:35:45,003 [Test worker] liquibase. - master.changelog.json: migration/node-services.changelog-init.xml::add_version_column::R3.Corda: ChangeSet migration/node-services.changelog-init.xml::add_version_column::R3.Corda ran successfully in 1ms
?[m?[37m[INFO] 12:35:45,005 [Test worker] persistence.AttachmentVersionNumberMigration. - Start executing...
?[m?[37m[INFO] 12:35:45,007 [Test worker] persistence.AttachmentVersionNumberMigration. - Attachment version creation from whitelisted JARs using network parameters from build\mock-network\20190412-153544.309\nodes\0\network-parameters, whitelistedContractImplementations: {}.
?[m?[37m[INFO] 12:35:45,007 [Test worker] persistence.AttachmentVersionNumberMigration. - Attachment version creation from whitelisted JARs skipped, no attachments not found.
?[m?[37m[INFO] 12:35:45,007 [Test worker] liquibase. - master.changelog.json: migration/node-services.changelog-init.xml::update-version-of-whitelisted-jars::R3.Corda: null
?[m?[37m[INFO] 12:35:45,007 [Test worker] liquibase. - master.changelog.json: migration/node-services.changelog-init.xml::update-version-of-whitelisted-jars::R3.Corda: ChangeSet migration/node-services.changelog-init.xml::update-version-of-whitelisted-jars::R3.Corda ran successfully in 2ms
?[m?[37m[INFO] 12:35:45,008 [Test worker] migration.VaultStateMigration. - Migrating vault state data to V4 tables
?[m?[37m[INFO] 12:35:45,010 [Test worker] persistence.HibernateConfiguration. - Init HibernateConfiguration for schemas: [VaultMigrationSchemaV1(name=net.corda.node.migration.VaultMigrationSchema, version=1), VaultSchemaV1(name=net.corda.node.services.vault.VaultSchema, version=1)]
?[m?[37m[INFO] 12:35:45,010 [Test worker] persistence.HibernateConfiguration. - Creating session factory for schemas: [VaultMigrationSchemaV1(name=net.corda.node.migration.VaultMigrationSchema, version=1), VaultSchemaV1(name=net.corda.node.services.vault.VaultSchema, version=1)]
?[m?[37m[INFO] 12:35:45,015 [Test worker] internal.ConnectionProviderInitiator. - HHH000130: Instantiating explicit connection provider: net.corda.nodeapi.internal.persistence.HibernateConfiguration$NodeDatabaseConnectionProvider
?[m?[37m[INFO] 12:35:45,016 [Test worker] dialect.Dialect. - HHH000400: Using dialect: org.hibernate.dialect.H2Dialect
?[m?[37m[INFO] 12:35:45,018 [Test worker] type.BasicTypeRegistry. - HHH000270: Type registration [materialized_blob] overrides previous : org.hibernate.type.MaterializedBlobType@61c329e6
?[m?[37m[INFO] 12:35:45,050 [Test worker] connections.access. - HHH10001501: Connection obtained from JdbcConnectionAccess [org.hibernate.engine.jdbc.env.internal.JdbcEnvironmentInitiator$ConnectionProviderJdbcConnectionAccess@2e8a9bc7] for (non-JTA) DDL execution was not in auto-commit mode; the Connection 'local transaction' will be committed and the Connection will be set into auto-commit mode.
?[m?[37m[INFO] 12:35:45,078 [Test worker] persistence.HibernateConfiguration. - Created session factory for schemas: [VaultMigrationSchemaV1(name=net.corda.node.migration.VaultMigrationSchema, version=1), VaultSchemaV1(name=net.corda.node.services.vault.VaultSchema, version=1)]
?[m?[37m[INFO] 12:35:45,079 [Test worker] internal.QueryTranslatorFactoryInitiator. - HHH000397: Using ASTQueryTranslatorFactory
?[m?[37m[INFO] 12:35:45,086 [Test worker] migration.VaultStateMigration. - Finished performing vault state data migration for 0 states
?[m?[37m[INFO] 12:35:45,086 [Test worker] liquibase. - master.changelog.json: migration/vault-schema.changelog-v9.xml::update-vault-states::R3.Corda: null
?[m?[37m[INFO] 12:35:45,086 [Test worker] liquibase. - master.changelog.json: migration/vault-schema.changelog-v9.xml::update-vault-states::R3.Corda: ChangeSet migration/vault-schema.changelog-v9.xml::update-vault-states::R3.Corda ran successfully in 78ms
?[m?[37m[INFO] 12:35:45,088 [Test worker] liquibase. - master.changelog.json: migration/node-services.changelog-init.xml::1511451595465-16::R3.Corda: Table node_notary_committed_states created
?[m?[37m[INFO] 12:35:45,088 [Test worker] liquibase. - master.changelog.json: migration/node-services.changelog-init.xml::1511451595465-16::R3.Corda: ChangeSet migration/node-services.changelog-init.xml::1511451595465-16::R3.Corda ran successfully in 1ms
?[m?[37m[INFO] 12:35:45,090 [Test worker] liquibase. - master.changelog.json: migration/node-services.changelog-init.xml::1521131680317-17::R3.Corda: Table node_notary_request_log created
?[m?[37m[INFO] 12:35:45,090 [Test worker] liquibase. - master.changelog.json: migration/node-services.changelog-init.xml::1521131680317-17::R3.Corda: ChangeSet migration/node-services.changelog-init.xml::1521131680317-17::R3.Corda ran successfully in 1ms
?[m?[37m[INFO] 12:35:45,091 [Test worker] liquibase. - master.changelog.json: migration/node-services.changelog-init.xml::1511451595465-41::R3.Corda: Primary key added to node_notary_committed_states (output_index, transaction_id)
?[m?[37m[INFO] 12:35:45,091 [Test worker] liquibase. - master.changelog.json: migration/node-services.changelog-init.xml::1511451595465-41::R3.Corda: ChangeSet migration/node-services.changelog-init.xml::1511451595465-41::R3.Corda ran successfully in 0ms
?[m?[37m[INFO] 12:35:45,093 [Test worker] liquibase. - master.changelog.json: migration/node-services.changelog-init.xml::1521131680317-48::R3.Corda: Primary key added to node_notary_request_log (id)
?[m?[37m[INFO] 12:35:45,093 [Test worker] liquibase. - master.changelog.json: migration/node-services.changelog-init.xml::1521131680317-48::R3.Corda: ChangeSet migration/node-services.changelog-init.xml::1521131680317-48::R3.Corda ran successfully in 1ms
?[m?[37m[INFO] 12:35:45,094 [Test worker] liquibase. - master.changelog.json: migration/node-services.changelog-init.xml::nullability::R3.Corda: Null constraint has been added to node_notary_committed_states.consuming_transaction_id
?[m?[37m[INFO] 12:35:45,094 [Test worker] liquibase. - master.changelog.json: migration/node-services.changelog-init.xml::nullability::R3.Corda: ChangeSet migration/node-services.changelog-init.xml::nullability::R3.Corda ran successfully in 0ms
?[m?[37m[INFO] 12:35:45,102 [Test worker] liquibase. - master.changelog.json: migration/node-notary.changelog-v2.xml::rename-table-notary-commit-log::R3.Corda: Marking ChangeSet: migration/node-notary.changelog-v2.xml::rename-table-notary-commit-log::R3.Corda ran despite precondition failure due to onFail='MARK_RAN': 
          master.changelog.json : Table PUBLIC.node_notary_commit_log does not exist

?[m?[37m[INFO] 12:35:45,105 [Test worker] liquibase. - master.changelog.json: migration/node-notary.changelog-v2.xml::create-notary-request-log-table::R3.Corda: Marking ChangeSet: migration/node-notary.changelog-v2.xml::create-notary-request-log-table::R3.Corda ran despite precondition failure due to onFail='MARK_RAN': 
          master.changelog.json : Not precondition failed

?[m?[37m[INFO] 12:35:45,107 [Test worker] liquibase. - master.changelog.json: migration/node-notary.changelog-committed-transactions-table.xml::create-notary-committed-transactions-table::R3.Corda: Table node_notary_committed_txs created
?[m?[37m[INFO] 12:35:45,107 [Test worker] liquibase. - master.changelog.json: migration/node-notary.changelog-committed-transactions-table.xml::create-notary-committed-transactions-table::R3.Corda: Primary key added to node_notary_committed_txs (transaction_id)
?[m?[37m[INFO] 12:35:45,107 [Test worker] liquibase. - master.changelog.json: migration/node-notary.changelog-committed-transactions-table.xml::create-notary-committed-transactions-table::R3.Corda: ChangeSet migration/node-notary.changelog-committed-transactions-table.xml::create-notary-committed-transactions-table::R3.Corda ran successfully in 0ms
?[m?[37m[INFO] 12:35:45,109 [Test worker] liquibase. - Successfully released change log lock
?[m?[37m[INFO] 12:35:45,109 [Test worker] internal.InternalMockNetwork$MockNode. - Connected to H2 database.
?[m?[37m[INFO] 12:35:45,118 [Test worker] persistence.HibernateConfiguration. - Init HibernateConfiguration for schemas: [CommonSchemaV1(name=net.corda.core.schemas.CommonSchema, version=1), VaultSchemaV1(name=net.corda.node.services.vault.VaultSchema, version=1), NodeInfoSchemaV1(name=net.corda.node.internal.schemas.NodeInfoSchema, version=1), NodeCoreV1(name=net.corda.node.services.schema.NodeSchemaService$NodeCore, version=1), IOUSchemaV1(name=com.example.schema.IOUSchema, version=1), NodeNotarySchemaV1(name=net.corda.node.services.transactions.NodeNotarySchema, version=1)]
?[m?[37m[INFO] 12:35:45,118 [Test worker] persistence.HibernateConfiguration. - Creating session factory for schemas: [CommonSchemaV1(name=net.corda.core.schemas.CommonSchema, version=1), VaultSchemaV1(name=net.corda.node.services.vault.VaultSchema, version=1), NodeInfoSchemaV1(name=net.corda.node.internal.schemas.NodeInfoSchema, version=1), NodeCoreV1(name=net.corda.node.services.schema.NodeSchemaService$NodeCore, version=1), IOUSchemaV1(name=com.example.schema.IOUSchema, version=1), NodeNotarySchemaV1(name=net.corda.node.services.transactions.NodeNotarySchema, version=1)]
?[m?[37m[INFO] 12:35:45,124 [Test worker] internal.ConnectionProviderInitiator. - HHH000130: Instantiating explicit connection provider: net.corda.nodeapi.internal.persistence.HibernateConfiguration$NodeDatabaseConnectionProvider
?[m?[37m[INFO] 12:35:45,125 [Test worker] dialect.Dialect. - HHH000400: Using dialect: org.hibernate.dialect.H2Dialect
?[m?[37m[INFO] 12:35:45,127 [Test worker] type.BasicTypeRegistry. - HHH000270: Type registration [materialized_blob] overrides previous : org.hibernate.type.MaterializedBlobType@61c329e6
?[m?[37m[INFO] 12:35:45,189 [Test worker] connections.access. - HHH10001501: Connection obtained from JdbcConnectionAccess [org.hibernate.engine.jdbc.env.internal.JdbcEnvironmentInitiator$ConnectionProviderJdbcConnectionAccess@7ce4462b] for (non-JTA) DDL execution was not in auto-commit mode; the Connection 'local transaction' will be committed and the Connection will be set into auto-commit mode.
?[m?[37m[INFO] 12:35:45,238 [Test worker] persistence.HibernateConfiguration. - Created session factory for schemas: [CommonSchemaV1(name=net.corda.core.schemas.CommonSchema, version=1), VaultSchemaV1(name=net.corda.node.services.vault.VaultSchema, version=1), NodeInfoSchemaV1(name=net.corda.node.internal.schemas.NodeInfoSchema, version=1), NodeCoreV1(name=net.corda.node.services.schema.NodeSchemaService$NodeCore, version=1), IOUSchemaV1(name=com.example.schema.IOUSchema, version=1), NodeNotarySchemaV1(name=net.corda.node.services.transactions.NodeNotarySchema, version=1)]
?[m?[37m[INFO] 12:35:45,239 [Test worker] internal.QueryTranslatorFactoryInitiator. - HHH000397: Using ASTQueryTranslatorFactory
?[m?[37m[INFO] 12:35:45,241 [Test worker] internal.InternalMockNetwork$MockNode. - Node-info has changed so submitting update. Old node-info was null
?[m?[37m[INFO] 12:35:45,241 [Test worker] network.PersistentNetworkMapCache. - Adding node with info: NodeInfo(addresses=[mock.node:1000], legalIdentitiesAndCerts=[O=Notary Service, L=Zurich, C=CH], platformVersion=4, serial=1555083345241)
?[m?[37m[INFO] 12:35:45,243 [Test worker] network.PersistentNetworkMapCache. - No previous node found
?[m?[37m[INFO] 12:35:45,252 [Test worker] internal.InternalMockNetwork$MockNode. - New node-info: NodeInfo(addresses=[mock.node:1000], legalIdentitiesAndCerts=[O=Notary Service, L=Zurich, C=CH], platformVersion=4, serial=1555083345241)
?[m?[37m[INFO] 12:35:45,262 [Test worker] network.NetworkMapUpdater. - Auto-accept enabled for network parameter changes which modify only: [epoch, modifiedTime, packageOwnership, whitelistedContractImplementations]
?[m?[37m[INFO] 12:35:45,266 [MockNode-10-2] network.PersistentNetworkMapCache. - Adding node with info: NodeInfo(addresses=[mock.node:1000], legalIdentitiesAndCerts=[O=Notary Service, L=Zurich, C=CH], platformVersion=4, serial=1555083345241)
?[m?[37m[INFO] 12:35:45,269 [MockNode-10-2] network.PersistentNetworkMapCache. - Previous node was identical to incoming one - doing nothing
?[m?[37m[INFO] 12:35:45,348 [Test worker] ClassloaderUtils. - Contracts loading for 'C:\Users\Daniel\AppData\Local\Temp\attachment1749092622247599588.jar' took 19 msec
?[m?[37m[INFO] 12:35:45,355 [Test worker] persistence.NodeAttachmentService. - Stored new attachment: id=068D846C052E681003228A05005925CB3EC9DBFEDDFDA00048D0BB87F1ED69B0 uploader=app filename=null
?[m?[37m[INFO] 12:35:45,357 [Test worker] utilities.NotaryLoader. - Starting notary service: class net.corda.node.services.transactions.SimpleNotaryService
?[m?[37m[INFO] 12:35:45,357 [Test worker] notary.SinglePartyNotaryService. - Starting notary in validating mode
?[m?[37m[INFO] 12:35:45,361 [Test worker] statemachine.SingleThreadedStateMachineManager. - Node ready, info: NodeInfo(addresses=[mock.node:1000], legalIdentitiesAndCerts=[O=Notary Service, L=Zurich, C=CH], platformVersion=4, serial=1555083345241)
?[m?[37m[INFO] 12:35:45,362 [Test worker] network.PersistentNetworkMapCache. - Adding node with info: NodeInfo(addresses=[mock.node:1000], legalIdentitiesAndCerts=[O=Notary Service, L=Zurich, C=CH], platformVersion=4, serial=1555083345241)
?[m?[37m[INFO] 12:35:45,362 [Test worker] network.PersistentNetworkMapCache. - Previous node was identical to incoming one - doing nothing
?[m?[37m[INFO] 12:35:45,362 [Test worker] network.PersistentNetworkMapCache. - Adding node with info: NodeInfo(addresses=[mock.node:1000], legalIdentitiesAndCerts=[O=Notary Service, L=Zurich, C=CH], platformVersion=4, serial=1555083345241)
?[m?[37m[INFO] 12:35:45,362 [Test worker] network.PersistentNetworkMapCache. - Previous node was identical to incoming one - doing nothing
?[m?[37m[INFO] 12:35:45,370 [Test worker] cordapp.JarScanningCordappLoader. - Looking for CorDapps in [build\mock-network\20190412-153544.309\nodes\1\cordapps]
?[m?[37m[INFO] 12:35:45,371 [Test worker] cordapp.JarScanningCordappLoader. - Loading CorDapps from RestrictedURL(url=file:/C:/Users/Daniel/OneDrive/Documents/tokensdk/samples3/cordapp-example/workflows-kotlin/build/mock-network/20190412-153544.309/nodes/1/cordapps/cordapp-example-contracts-0.1.jar, rootPackageName=null), RestrictedURL(url=file:/C:/Users/Daniel/OneDrive/Documents/tokensdk/samples3/cordapp-example/workflows-kotlin/build/mock-network/20190412-153544.309/nodes/1/cordapps/cordapp-example-workflows-0.1.jar, rootPackageName=null)
?[m?[37m[INFO] 12:35:45,371 [Test worker] cordapp.JarScanningCordappLoader. - Scanning CorDapp in file:/C:/Users/Daniel/OneDrive/Documents/tokensdk/samples3/cordapp-example/workflows-kotlin/build/mock-network/20190412-153544.309/nodes/1/cordapps/cordapp-example-contracts-0.1.jar
?[m?[37m[INFO] 12:35:45,445 [Test worker] cordapp.JarScanningCordappLoader. - Found notary service CorDapp implementations: 
?[m?[37m[INFO] 12:35:45,445 [Test worker] cordapp.JarScanningCordappLoader. - Scanning CorDapp in file:/C:/Users/Daniel/OneDrive/Documents/tokensdk/samples3/cordapp-example/workflows-kotlin/build/mock-network/20190412-153544.309/nodes/1/cordapps/cordapp-example-workflows-0.1.jar
?[m?[37m[INFO] 12:35:45,517 [Test worker] cordapp.JarScanningCordappLoader. - Found notary service CorDapp implementations: 
?[m?[37m[INFO] 12:35:45,525 [Test worker] internal.InternalMockNetwork$MockNode. - Node starting up ...
?[m?[37m[INFO] 12:35:45,561 [Test worker] internal.NodeFlowManager. - Registered com.example.flow.ExampleFlow$Initiator to initiate com.example.flow.ExampleFlow$Acceptor (version 1)
?[m?[37m[INFO] 12:35:45,562 [Test worker] internal.InternalMockNetwork$MockNode. - Loaded network parameters: NetworkParameters {
      minimumPlatformVersion=1
      notaries=[NotaryInfo(identity=O=Notary Service, L=Zurich, C=CH, validating=true)]
      maxMessageSize=10485760
      maxTransactionSize=524288000
      whitelistedContractImplementations {
        
      }
      eventHorizon=PT720H
      packageOwnership {
        
      }
      modifiedTime=2019-04-12T15:35:44.309Z
      epoch=1
  }
?[m?[37m[INFO] 12:35:45,563 [Test worker] hikari.HikariDataSource. - HikariPool-11 - Started.
?[m?[37m[INFO] 12:35:45,704 [Test worker] liquibase. - Creating database history table with name: PUBLIC.DATABASECHANGELOG
?[m?[37m[INFO] 12:35:45,706 [Test worker] liquibase. - Reading from PUBLIC.DATABASECHANGELOG
?[m?[37m[INFO] 12:35:45,708 [Test worker] liquibase. - master.changelog.json: migration/common.changelog-init.xml::1511451595465-1.3::R3.Corda: Skipping changeSet migration/common.changelog-init.xml::1511451595465-1.3::R3.Corda due to validation error(s): minValue is not allowed on h2
?[m?[37m[INFO] 12:35:45,711 [Test worker] liquibase. - master.changelog.json: migration/vault-schema.changelog-pkey.xml::non-clustered_pk-11::R3.Corda: Skipping changeSet migration/vault-schema.changelog-pkey.xml::non-clustered_pk-11::R3.Corda due to validation error(s): clustered is not allowed on h2
?[m?[37m[INFO] 12:35:45,712 [Test worker] liquibase. - master.changelog.json: migration/vault-schema.changelog-pkey.xml::non-clustered_pk-12::R3.Corda: Skipping changeSet migration/vault-schema.changelog-pkey.xml::non-clustered_pk-12::R3.Corda due to validation error(s): clustered is not allowed on h2
?[m?[37m[INFO] 12:35:45,712 [Test worker] liquibase. - master.changelog.json: migration/vault-schema.changelog-pkey.xml::non-clustered_pk-13::R3.Corda: Skipping changeSet migration/vault-schema.changelog-pkey.xml::non-clustered_pk-13::R3.Corda due to validation error(s): clustered is not allowed on h2
?[m?[37m[INFO] 12:35:45,720 [Test worker] liquibase. - master.changelog.json: migration/node-core.changelog-pkey.xml::non-clustered_pk-1::R3.Corda: Skipping changeSet migration/node-core.changelog-pkey.xml::non-clustered_pk-1::R3.Corda due to validation error(s): clustered is not allowed on h2
?[m?[37m[INFO] 12:35:45,720 [Test worker] liquibase. - master.changelog.json: migration/node-core.changelog-pkey.xml::non-clustered_pk-2::R3.Corda: Skipping changeSet migration/node-core.changelog-pkey.xml::non-clustered_pk-2::R3.Corda due to validation error(s): clustered is not allowed on h2
?[m?[37m[INFO] 12:35:45,720 [Test worker] liquibase. - master.changelog.json: migration/node-core.changelog-pkey.xml::non-clustered_pk-3::R3.Corda: Skipping changeSet migration/node-core.changelog-pkey.xml::non-clustered_pk-3::R3.Corda due to validation error(s): clustered is not allowed on h2
?[m?[37m[INFO] 12:35:45,721 [Test worker] liquibase. - master.changelog.json: migration/node-core.changelog-pkey.xml::non-clustered_pk-4::R3.Corda: Skipping changeSet migration/node-core.changelog-pkey.xml::non-clustered_pk-4::R3.Corda due to validation error(s): clustered is not allowed on h2
?[m?[37m[INFO] 12:35:45,721 [Test worker] liquibase. - master.changelog.json: migration/node-core.changelog-pkey.xml::non-clustered_pk-5::R3.Corda: Skipping changeSet migration/node-core.changelog-pkey.xml::non-clustered_pk-5::R3.Corda due to validation error(s): clustered is not allowed on h2
?[m?[37m[INFO] 12:35:45,721 [Test worker] liquibase. - master.changelog.json: migration/node-core.changelog-pkey.xml::non-clustered_pk-6::R3.Corda: Skipping changeSet migration/node-core.changelog-pkey.xml::non-clustered_pk-6::R3.Corda due to validation error(s): clustered is not allowed on h2
?[m?[37m[INFO] 12:35:45,721 [Test worker] liquibase. - master.changelog.json: migration/node-core.changelog-pkey.xml::non-clustered_pk-7::R3.Corda: Skipping changeSet migration/node-core.changelog-pkey.xml::non-clustered_pk-7::R3.Corda due to validation error(s): clustered is not allowed on h2
?[m?[37m[INFO] 12:35:45,725 [Test worker] liquibase. - Successfully acquired change log lock
?[m?[37m[INFO] 12:35:45,725 [Test worker] liquibase. - master.changelog.json: migration/common.changelog-init.xml::1511451595465-1.3::R3.Corda: Skipping changeSet migration/common.changelog-init.xml::1511451595465-1.3::R3.Corda due to validation error(s): minValue is not allowed on h2
?[m?[37m[INFO] 12:35:45,726 [Test worker] liquibase. - master.changelog.json: migration/vault-schema.changelog-pkey.xml::non-clustered_pk-11::R3.Corda: Skipping changeSet migration/vault-schema.changelog-pkey.xml::non-clustered_pk-11::R3.Corda due to validation error(s): clustered is not allowed on h2
?[m?[37m[INFO] 12:35:45,726 [Test worker] liquibase. - master.changelog.json: migration/vault-schema.changelog-pkey.xml::non-clustered_pk-12::R3.Corda: Skipping changeSet migration/vault-schema.changelog-pkey.xml::non-clustered_pk-12::R3.Corda due to validation error(s): clustered is not allowed on h2
?[m?[37m[INFO] 12:35:45,726 [Test worker] liquibase. - master.changelog.json: migration/vault-schema.changelog-pkey.xml::non-clustered_pk-13::R3.Corda: Skipping changeSet migration/vault-schema.changelog-pkey.xml::non-clustered_pk-13::R3.Corda due to validation error(s): clustered is not allowed on h2
?[m?[37m[INFO] 12:35:45,729 [Test worker] liquibase. - master.changelog.json: migration/node-core.changelog-pkey.xml::non-clustered_pk-1::R3.Corda: Skipping changeSet migration/node-core.changelog-pkey.xml::non-clustered_pk-1::R3.Corda due to validation error(s): clustered is not allowed on h2
?[m?[37m[INFO] 12:35:45,729 [Test worker] liquibase. - master.changelog.json: migration/node-core.changelog-pkey.xml::non-clustered_pk-2::R3.Corda: Skipping changeSet migration/node-core.changelog-pkey.xml::non-clustered_pk-2::R3.Corda due to validation error(s): clustered is not allowed on h2
?[m?[37m[INFO] 12:35:45,729 [Test worker] liquibase. - master.changelog.json: migration/node-core.changelog-pkey.xml::non-clustered_pk-3::R3.Corda: Skipping changeSet migration/node-core.changelog-pkey.xml::non-clustered_pk-3::R3.Corda due to validation error(s): clustered is not allowed on h2
?[m?[37m[INFO] 12:35:45,729 [Test worker] liquibase. - master.changelog.json: migration/node-core.changelog-pkey.xml::non-clustered_pk-4::R3.Corda: Skipping changeSet migration/node-core.changelog-pkey.xml::non-clustered_pk-4::R3.Corda due to validation error(s): clustered is not allowed on h2
?[m?[37m[INFO] 12:35:45,729 [Test worker] liquibase. - master.changelog.json: migration/node-core.changelog-pkey.xml::non-clustered_pk-5::R3.Corda: Skipping changeSet migration/node-core.changelog-pkey.xml::non-clustered_pk-5::R3.Corda due to validation error(s): clustered is not allowed on h2
?[m?[37m[INFO] 12:35:45,729 [Test worker] liquibase. - master.changelog.json: migration/node-core.changelog-pkey.xml::non-clustered_pk-6::R3.Corda: Skipping changeSet migration/node-core.changelog-pkey.xml::non-clustered_pk-6::R3.Corda due to validation error(s): clustered is not allowed on h2
?[m?[37m[INFO] 12:35:45,729 [Test worker] liquibase. - master.changelog.json: migration/node-core.changelog-pkey.xml::non-clustered_pk-7::R3.Corda: Skipping changeSet migration/node-core.changelog-pkey.xml::non-clustered_pk-7::R3.Corda due to validation error(s): clustered is not allowed on h2
?[m?[37m[INFO] 12:35:45,729 [Test worker] liquibase. - master.changelog.json: migration/common.changelog-init.xml::1511451595465-1.1::R3.Corda: Sequence hibernate_sequence created
?[m?[37m[INFO] 12:35:45,729 [Test worker] liquibase. - master.changelog.json: migration/common.changelog-init.xml::1511451595465-1.1::R3.Corda: ChangeSet migration/common.changelog-init.xml::1511451595465-1.1::R3.Corda ran successfully in 0ms
?[m?[37m[INFO] 12:35:45,731 [Test worker] liquibase. - master.changelog.json: migration/vault-schema.changelog-init.xml::1511451595465-22::R3.Corda: Table vault_fungible_states created
?[m?[37m[INFO] 12:35:45,731 [Test worker] liquibase. - master.changelog.json: migration/vault-schema.changelog-init.xml::1511451595465-22::R3.Corda: ChangeSet migration/vault-schema.changelog-init.xml::1511451595465-22::R3.Corda ran successfully in 0ms
?[m?[37m[INFO] 12:35:45,732 [Test worker] liquibase. - master.changelog.json: migration/vault-schema.changelog-init.xml::1511451595465-23::R3.Corda: Table vault_fungible_states_parts created
?[m?[37m[INFO] 12:35:45,732 [Test worker] liquibase. - master.changelog.json: migration/vault-schema.changelog-init.xml::1511451595465-23::R3.Corda: ChangeSet migration/vault-schema.changelog-init.xml::1511451595465-23::R3.Corda ran successfully in 0ms
?[m?[37m[INFO] 12:35:45,733 [Test worker] liquibase. - master.changelog.json: migration/vault-schema.changelog-init.xml::1511451595465-24::R3.Corda: Table vault_linear_states created
?[m?[37m[INFO] 12:35:45,733 [Test worker] liquibase. - master.changelog.json: migration/vault-schema.changelog-init.xml::1511451595465-24::R3.Corda: ChangeSet migration/vault-schema.changelog-init.xml::1511451595465-24::R3.Corda ran successfully in 0ms
?[m?[37m[INFO] 12:35:45,734 [Test worker] liquibase. - master.changelog.json: migration/vault-schema.changelog-init.xml::1511451595465-25::R3.Corda: Table vault_linear_states_parts created
?[m?[37m[INFO] 12:35:45,734 [Test worker] liquibase. - master.changelog.json: migration/vault-schema.changelog-init.xml::1511451595465-25::R3.Corda: ChangeSet migration/vault-schema.changelog-init.xml::1511451595465-25::R3.Corda ran successfully in 0ms
?[m?[37m[INFO] 12:35:45,735 [Test worker] liquibase. - master.changelog.json: migration/vault-schema.changelog-init.xml::1511451595465-26::R3.Corda: Table vault_states created
?[m?[37m[INFO] 12:35:45,735 [Test worker] liquibase. - master.changelog.json: migration/vault-schema.changelog-init.xml::1511451595465-26::R3.Corda: ChangeSet migration/vault-schema.changelog-init.xml::1511451595465-26::R3.Corda ran successfully in 0ms
?[m?[37m[INFO] 12:35:45,736 [Test worker] liquibase. - master.changelog.json: migration/vault-schema.changelog-init.xml::1511451595465-27::R3.Corda: Table vault_transaction_notes created
?[m?[37m[INFO] 12:35:45,736 [Test worker] liquibase. - master.changelog.json: migration/vault-schema.changelog-init.xml::1511451595465-27::R3.Corda: ChangeSet migration/vault-schema.changelog-init.xml::1511451595465-27::R3.Corda ran successfully in 0ms
?[m?[37m[INFO] 12:35:45,737 [Test worker] liquibase. - master.changelog.json: migration/vault-schema.changelog-init.xml::1511451595465-47::R3.Corda: Primary key added to vault_fungible_states (output_index, transaction_id)
?[m?[37m[INFO] 12:35:45,737 [Test worker] liquibase. - master.changelog.json: migration/vault-schema.changelog-init.xml::1511451595465-47::R3.Corda: ChangeSet migration/vault-schema.changelog-init.xml::1511451595465-47::R3.Corda ran successfully in 1ms
?[m?[37m[INFO] 12:35:45,738 [Test worker] liquibase. - master.changelog.json: migration/vault-schema.changelog-init.xml::1511451595465-48::R3.Corda: Primary key added to vault_linear_states (output_index, transaction_id)
?[m?[37m[INFO] 12:35:45,738 [Test worker] liquibase. - master.changelog.json: migration/vault-schema.changelog-init.xml::1511451595465-48::R3.Corda: ChangeSet migration/vault-schema.changelog-init.xml::1511451595465-48::R3.Corda ran successfully in 1ms
?[m?[37m[INFO] 12:35:45,739 [Test worker] liquibase. - master.changelog.json: migration/vault-schema.changelog-init.xml::1511451595465-49::R3.Corda: Primary key added to vault_states (output_index, transaction_id)
?[m?[37m[INFO] 12:35:45,739 [Test worker] liquibase. - master.changelog.json: migration/vault-schema.changelog-init.xml::1511451595465-49::R3.Corda: ChangeSet migration/vault-schema.changelog-init.xml::1511451595465-49::R3.Corda ran successfully in 0ms
?[m?[37m[INFO] 12:35:45,740 [Test worker] liquibase. - master.changelog.json: migration/vault-schema.changelog-init.xml::1511451595465-50::R3.Corda: Primary key added to vault_transaction_notes (seq_no)
?[m?[37m[INFO] 12:35:45,740 [Test worker] liquibase. - master.changelog.json: migration/vault-schema.changelog-init.xml::1511451595465-50::R3.Corda: ChangeSet migration/vault-schema.changelog-init.xml::1511451595465-50::R3.Corda ran successfully in 0ms
?[m?[37m[INFO] 12:35:45,741 [Test worker] liquibase. - master.changelog.json: migration/vault-schema.changelog-init.xml::1511451595465-53::R3.Corda: Index external_id_index created
?[m?[37m[INFO] 12:35:45,741 [Test worker] liquibase. - master.changelog.json: migration/vault-schema.changelog-init.xml::1511451595465-53::R3.Corda: ChangeSet migration/vault-schema.changelog-init.xml::1511451595465-53::R3.Corda ran successfully in 0ms
?[m?[37m[INFO] 12:35:45,742 [Test worker] liquibase. - master.changelog.json: migration/vault-schema.changelog-init.xml::1511451595465-55::R3.Corda: Index lock_id_idx created
?[m?[37m[INFO] 12:35:45,742 [Test worker] liquibase. - master.changelog.json: migration/vault-schema.changelog-init.xml::1511451595465-55::R3.Corda: ChangeSet migration/vault-schema.changelog-init.xml::1511451595465-55::R3.Corda ran successfully in 0ms
?[m?[37m[INFO] 12:35:45,744 [Test worker] liquibase. - master.changelog.json: migration/vault-schema.changelog-init.xml::1511451595465-58::R3.Corda: Index state_status_idx created
?[m?[37m[INFO] 12:35:45,744 [Test worker] liquibase. - master.changelog.json: migration/vault-schema.changelog-init.xml::1511451595465-58::R3.Corda: ChangeSet migration/vault-schema.changelog-init.xml::1511451595465-58::R3.Corda ran successfully in 1ms
?[m?[37m[INFO] 12:35:45,745 [Test worker] liquibase. - master.changelog.json: migration/vault-schema.changelog-init.xml::1511451595465-59::R3.Corda: Index transaction_id_index created
?[m?[37m[INFO] 12:35:45,745 [Test worker] liquibase. - master.changelog.json: migration/vault-schema.changelog-init.xml::1511451595465-59::R3.Corda: ChangeSet migration/vault-schema.changelog-init.xml::1511451595465-59::R3.Corda ran successfully in 0ms
?[m?[37m[INFO] 12:35:45,746 [Test worker] liquibase. - master.changelog.json: migration/vault-schema.changelog-init.xml::1511451595465-60::R3.Corda: Index uuid_index created
?[m?[37m[INFO] 12:35:45,746 [Test worker] liquibase. - master.changelog.json: migration/vault-schema.changelog-init.xml::1511451595465-60::R3.Corda: ChangeSet migration/vault-schema.changelog-init.xml::1511451595465-60::R3.Corda ran successfully in 0ms
?[m?[37m[INFO] 12:35:45,748 [Test worker] liquibase. - master.changelog.json: migration/vault-schema.changelog-init.xml::1511451595465-64::R3.Corda: Foreign key constraint added to vault_fungible_states_parts (output_index,transaction_id)
?[m?[37m[INFO] 12:35:45,748 [Test worker] liquibase. - master.changelog.json: migration/vault-schema.changelog-init.xml::1511451595465-64::R3.Corda: ChangeSet migration/vault-schema.changelog-init.xml::1511451595465-64::R3.Corda ran successfully in 1ms
?[m?[37m[INFO] 12:35:45,750 [Test worker] liquibase. - master.changelog.json: migration/vault-schema.changelog-init.xml::1511451595465-65::R3.Corda: Foreign key constraint added to vault_linear_states_parts (output_index,transaction_id)
?[m?[37m[INFO] 12:35:45,750 [Test worker] liquibase. - master.changelog.json: migration/vault-schema.changelog-init.xml::1511451595465-65::R3.Corda: ChangeSet migration/vault-schema.changelog-init.xml::1511451595465-65::R3.Corda ran successfully in 1ms
?[m?[37m[INFO] 12:35:45,751 [Test worker] liquibase. - master.changelog.json: migration/vault-schema.changelog-v3.xml::clean_vault::R3.Corda: Data deleted from vault_fungible_states_parts
?[m?[37m[INFO] 12:35:45,751 [Test worker] liquibase. - master.changelog.json: migration/vault-schema.changelog-v3.xml::clean_vault::R3.Corda: Data deleted from vault_fungible_states
?[m?[37m[INFO] 12:35:45,751 [Test worker] liquibase. - master.changelog.json: migration/vault-schema.changelog-v3.xml::clean_vault::R3.Corda: Data deleted from vault_linear_states_parts
?[m?[37m[INFO] 12:35:45,751 [Test worker] liquibase. - master.changelog.json: migration/vault-schema.changelog-v3.xml::clean_vault::R3.Corda: Data deleted from vault_linear_states
?[m?[37m[INFO] 12:35:45,751 [Test worker] liquibase. - master.changelog.json: migration/vault-schema.changelog-v3.xml::clean_vault::R3.Corda: Data deleted from vault_states
?[m?[37m[INFO] 12:35:45,751 [Test worker] liquibase. - master.changelog.json: migration/vault-schema.changelog-v3.xml::clean_vault::R3.Corda: Data deleted from vault_transaction_notes
?[m?[37m[INFO] 12:35:45,752 [Test worker] liquibase. - master.changelog.json: migration/vault-schema.changelog-v3.xml::clean_vault::R3.Corda: ChangeSet migration/vault-schema.changelog-v3.xml::clean_vault::R3.Corda ran successfully in 1ms
?[m?[37m[INFO] 12:35:45,753 [Test worker] liquibase. - master.changelog.json: migration/vault-schema.changelog-v4.xml::nullability::R3.Corda: Null constraint has been added to vault_fungible_states.quantity
?[m?[37m[INFO] 12:35:45,753 [Test worker] liquibase. - master.changelog.json: migration/vault-schema.changelog-v4.xml::nullability::R3.Corda: Null constraint has been added to vault_states.contract_state_class_name
?[m?[37m[INFO] 12:35:45,753 [Test worker] liquibase. - master.changelog.json: migration/vault-schema.changelog-v4.xml::nullability::R3.Corda: Null constraint has been added to vault_states.notary_name
?[m?[37m[INFO] 12:35:45,753 [Test worker] liquibase. - master.changelog.json: migration/vault-schema.changelog-v4.xml::nullability::R3.Corda: Null constraint has been added to vault_states.recorded_timestamp
?[m?[37m[INFO] 12:35:45,753 [Test worker] liquibase. - master.changelog.json: migration/vault-schema.changelog-v4.xml::nullability::R3.Corda: Index state_status_idx dropped from table vault_states
?[m?[37m[INFO] 12:35:45,753 [Test worker] liquibase. - master.changelog.json: migration/vault-schema.changelog-v4.xml::nullability::R3.Corda: Index lock_id_idx dropped from table vault_states
?[m?[37m[INFO] 12:35:45,753 [Test worker] liquibase. - master.changelog.json: migration/vault-schema.changelog-v4.xml::nullability::R3.Corda: Null constraint has been added to vault_states.state_status
?[m?[37m[INFO] 12:35:45,754 [Test worker] liquibase. - master.changelog.json: migration/vault-schema.changelog-v4.xml::nullability::R3.Corda: Index state_status_idx created
?[m?[37m[INFO] 12:35:45,754 [Test worker] liquibase. - master.changelog.json: migration/vault-schema.changelog-v4.xml::nullability::R3.Corda: Index lock_id_idx created
?[m?[37m[INFO] 12:35:45,754 [Test worker] liquibase. - master.changelog.json: migration/vault-schema.changelog-v4.xml::nullability::R3.Corda: Index transaction_id_index dropped from table vault_transaction_notes
?[m?[37m[INFO] 12:35:45,754 [Test worker] liquibase. - master.changelog.json: migration/vault-schema.changelog-v4.xml::nullability::R3.Corda: Null constraint has been added to vault_transaction_notes.note
?[m?[37m[INFO] 12:35:45,754 [Test worker] liquibase. - master.changelog.json: migration/vault-schema.changelog-v4.xml::nullability::R3.Corda: Null constraint has been added to vault_transaction_notes.transaction_id
?[m?[37m[INFO] 12:35:45,754 [Test worker] liquibase. - master.changelog.json: migration/vault-schema.changelog-v4.xml::nullability::R3.Corda: Index transaction_id_index created
?[m?[37m[INFO] 12:35:45,754 [Test worker] liquibase. - master.changelog.json: migration/vault-schema.changelog-v4.xml::nullability::R3.Corda: ChangeSet migration/vault-schema.changelog-v4.xml::nullability::R3.Corda ran successfully in 1ms
?[m?[37m[INFO] 12:35:45,759 [Test worker] liquibase. - master.changelog.json: migration/vault-schema.changelog-v5.xml::add_relevancy_status_column::R3.Corda: Columns relevancy_status(INT) added to vault_states
?[m?[37m[INFO] 12:35:45,759 [Test worker] liquibase. - master.changelog.json: migration/vault-schema.changelog-v5.xml::add_relevancy_status_column::R3.Corda: Data updated in vault_states
?[m?[37m[INFO] 12:35:45,759 [Test worker] liquibase. - master.changelog.json: migration/vault-schema.changelog-v5.xml::add_relevancy_status_column::R3.Corda: Null constraint has been added to vault_states.relevancy_status
?[m?[37m[INFO] 12:35:45,759 [Test worker] liquibase. - master.changelog.json: migration/vault-schema.changelog-v5.xml::add_relevancy_status_column::R3.Corda: ChangeSet migration/vault-schema.changelog-v5.xml::add_relevancy_status_column::R3.Corda ran successfully in 1ms
?[m?[37m[INFO] 12:35:45,761 [Test worker] liquibase. - master.changelog.json: migration/vault-schema.changelog-v6.xml::add_is_constraint_information_columns::R3.Corda: Columns constraint_type(INT) added to vault_states
?[m?[37m[INFO] 12:35:45,762 [Test worker] liquibase. - master.changelog.json: migration/vault-schema.changelog-v6.xml::add_is_constraint_information_columns::R3.Corda: Columns constraint_data(varbinary(563)) added to vault_states
?[m?[37m[INFO] 12:35:45,762 [Test worker] liquibase. - master.changelog.json: migration/vault-schema.changelog-v6.xml::add_is_constraint_information_columns::R3.Corda: ChangeSet migration/vault-schema.changelog-v6.xml::add_is_constraint_information_columns::R3.Corda ran successfully in 2ms
?[m?[37m[INFO] 12:35:45,763 [Test worker] liquibase. - master.changelog.json: migration/vault-schema.changelog-v7.xml::make_issuer_ref_nullable::R3.Corda: Null constraint dropped from vault_fungible_states.issuer_ref
?[m?[37m[INFO] 12:35:45,763 [Test worker] liquibase. - master.changelog.json: migration/vault-schema.changelog-v7.xml::make_issuer_ref_nullable::R3.Corda: ChangeSet migration/vault-schema.changelog-v7.xml::make_issuer_ref_nullable::R3.Corda ran successfully in 0ms
?[m?[37m[INFO] 12:35:45,764 [Test worker] liquibase. - master.changelog.json: migration/vault-schema.changelog-v8.xml::create-external-id-to-state-party-view::R3.Corda: Table state_party created
?[m?[37m[INFO] 12:35:45,764 [Test worker] liquibase. - master.changelog.json: migration/vault-schema.changelog-v8.xml::create-external-id-to-state-party-view::R3.Corda: Index state_pk_hash_idx created
?[m?[37m[INFO] 12:35:45,765 [Test worker] liquibase. - master.changelog.json: migration/vault-schema.changelog-v8.xml::create-external-id-to-state-party-view::R3.Corda: Table pk_hash_to_ext_id_map created
?[m?[37m[INFO] 12:35:45,765 [Test worker] liquibase. - master.changelog.json: migration/vault-schema.changelog-v8.xml::create-external-id-to-state-party-view::R3.Corda: Index pk_hash_to_xid_idx created
?[m?[37m[INFO] 12:35:45,766 [Test worker] liquibase. - master.changelog.json: migration/vault-schema.changelog-v8.xml::create-external-id-to-state-party-view::R3.Corda: View v_pkey_hash_ex_id_map created
?[m?[37m[INFO] 12:35:45,766 [Test worker] liquibase. - master.changelog.json: migration/vault-schema.changelog-v8.xml::create-external-id-to-state-party-view::R3.Corda: ChangeSet migration/vault-schema.changelog-v8.xml::create-external-id-to-state-party-view::R3.Corda ran successfully in 2ms
?[m?[37m[INFO] 12:35:45,767 [Test worker] liquibase. - master.changelog.json: migration/node-info.changelog-init.xml::1511451595465-4::R3.Corda: Table node_link_nodeinfo_party created
?[m?[37m[INFO] 12:35:45,767 [Test worker] liquibase. - master.changelog.json: migration/node-info.changelog-init.xml::1511451595465-4::R3.Corda: ChangeSet migration/node-info.changelog-init.xml::1511451595465-4::R3.Corda ran successfully in 0ms
?[m?[37m[INFO] 12:35:45,768 [Test worker] liquibase. - master.changelog.json: migration/node-info.changelog-init.xml::1511451595465-10::R3.Corda: Table node_info_hosts created
?[m?[37m[INFO] 12:35:45,768 [Test worker] liquibase. - master.changelog.json: migration/node-info.changelog-init.xml::1511451595465-10::R3.Corda: ChangeSet migration/node-info.changelog-init.xml::1511451595465-10::R3.Corda ran successfully in 0ms
?[m?[37m[INFO] 12:35:45,769 [Test worker] liquibase. - master.changelog.json: migration/node-info.changelog-init.xml::1511451595465-11::R3.Corda: Table node_info_party_cert created
?[m?[37m[INFO] 12:35:45,769 [Test worker] liquibase. - master.changelog.json: migration/node-info.changelog-init.xml::1511451595465-11::R3.Corda: ChangeSet migration/node-info.changelog-init.xml::1511451595465-11::R3.Corda ran successfully in 0ms
?[m?[37m[INFO] 12:35:45,770 [Test worker] liquibase. - master.changelog.json: migration/node-info.changelog-init.xml::1511451595465-12::R3.Corda: Table node_infos created
?[m?[37m[INFO] 12:35:45,770 [Test worker] liquibase. - master.changelog.json: migration/node-info.changelog-init.xml::1511451595465-12::R3.Corda: ChangeSet migration/node-info.changelog-init.xml::1511451595465-12::R3.Corda ran successfully in 0ms
?[m?[37m[INFO] 12:35:45,771 [Test worker] liquibase. - master.changelog.json: migration/node-info.changelog-init.xml::1511451595465-35::R3.Corda: Primary key added to node_info_hosts (host, port)
?[m?[37m[INFO] 12:35:45,771 [Test worker] liquibase. - master.changelog.json: migration/node-info.changelog-init.xml::1511451595465-35::R3.Corda: ChangeSet migration/node-info.changelog-init.xml::1511451595465-35::R3.Corda ran successfully in 0ms
?[m?[37m[INFO] 12:35:45,772 [Test worker] liquibase. - master.changelog.json: migration/node-info.changelog-init.xml::1511451595465-36::R3.Corda: Primary key added to node_info_party_cert (party_name)
?[m?[37m[INFO] 12:35:45,772 [Test worker] liquibase. - master.changelog.json: migration/node-info.changelog-init.xml::1511451595465-36::R3.Corda: ChangeSet migration/node-info.changelog-init.xml::1511451595465-36::R3.Corda ran successfully in 0ms
?[m?[37m[INFO] 12:35:45,773 [Test worker] liquibase. - master.changelog.json: migration/node-info.changelog-init.xml::1511451595465-37::R3.Corda: Primary key added to node_infos (node_info_id)
?[m?[37m[INFO] 12:35:45,773 [Test worker] liquibase. - master.changelog.json: migration/node-info.changelog-init.xml::1511451595465-37::R3.Corda: ChangeSet migration/node-info.changelog-init.xml::1511451595465-37::R3.Corda ran successfully in 0ms
?[m?[37m[INFO] 12:35:45,774 [Test worker] liquibase. - master.changelog.json: migration/node-info.changelog-init.xml::1511451595465-62::R3.Corda: Foreign key constraint added to node_link_nodeinfo_party (node_info_id)
?[m?[37m[INFO] 12:35:45,774 [Test worker] liquibase. - master.changelog.json: migration/node-info.changelog-init.xml::1511451595465-62::R3.Corda: ChangeSet migration/node-info.changelog-init.xml::1511451595465-62::R3.Corda ran successfully in 0ms
?[m?[37m[INFO] 12:35:45,775 [Test worker] liquibase. - master.changelog.json: migration/node-info.changelog-init.xml::1511451595465-63::R3.Corda: Foreign key constraint added to node_info_hosts (node_info_id)
?[m?[37m[INFO] 12:35:45,775 [Test worker] liquibase. - master.changelog.json: migration/node-info.changelog-init.xml::1511451595465-63::R3.Corda: ChangeSet migration/node-info.changelog-init.xml::1511451595465-63::R3.Corda ran successfully in 0ms
?[m?[37m[INFO] 12:35:45,776 [Test worker] liquibase. - master.changelog.json: migration/node-info.changelog-init.xml::remove_host_port_pk::R3.Corda: Data deleted from node_infos
?[m?[37m[INFO] 12:35:45,777 [Test worker] liquibase. - master.changelog.json: migration/node-info.changelog-init.xml::remove_host_port_pk::R3.Corda: Data deleted from node_link_nodeinfo_party
?[m?[37m[INFO] 12:35:45,777 [Test worker] liquibase. - master.changelog.json: migration/node-info.changelog-init.xml::remove_host_port_pk::R3.Corda: Data deleted from node_info_hosts
?[m?[37m[INFO] 12:35:45,777 [Test worker] liquibase. - master.changelog.json: migration/node-info.changelog-init.xml::remove_host_port_pk::R3.Corda: Data deleted from node_info_party_cert
?[m?[37m[INFO] 12:35:45,777 [Test worker] liquibase. - master.changelog.json: migration/node-info.changelog-init.xml::remove_host_port_pk::R3.Corda: Primary key dropped from node_info_hosts
?[m?[37m[INFO] 12:35:45,778 [Test worker] liquibase. - master.changelog.json: migration/node-info.changelog-init.xml::remove_host_port_pk::R3.Corda: Columns hosts_id(INT) added to node_info_hosts
?[m?[37m[INFO] 12:35:45,778 [Test worker] liquibase. - master.changelog.json: migration/node-info.changelog-init.xml::remove_host_port_pk::R3.Corda: Primary key added to node_info_hosts (hosts_id)
?[m?[37m[INFO] 12:35:45,778 [Test worker] liquibase. - master.changelog.json: migration/node-info.changelog-init.xml::remove_host_port_pk::R3.Corda: ChangeSet migration/node-info.changelog-init.xml::remove_host_port_pk::R3.Corda ran successfully in 2ms
?[m?[37m[INFO] 12:35:45,780 [Test worker] liquibase. - master.changelog.json: migration/node-info.changelog-v1.xml::key/value node properties table::R3.Corda: Table node_properties created
?[m?[37m[INFO] 12:35:45,780 [Test worker] liquibase. - master.changelog.json: migration/node-info.changelog-v1.xml::key/value node properties table::R3.Corda: ChangeSet migration/node-info.changelog-v1.xml::key/value node properties table::R3.Corda ran successfully in 0ms
?[m?[37m[INFO] 12:35:45,781 [Test worker] liquibase. - master.changelog.json: migration/node-info.changelog-v2.xml::1525962920::R3.Corda: Null constraint has been added to node_infos.node_info_hash
?[m?[37m[INFO] 12:35:45,781 [Test worker] liquibase. - master.changelog.json: migration/node-info.changelog-v2.xml::1525962920::R3.Corda: Null constraint has been added to node_infos.platform_version
?[m?[37m[INFO] 12:35:45,781 [Test worker] liquibase. - master.changelog.json: migration/node-info.changelog-v2.xml::1525962920::R3.Corda: Null constraint has been added to node_infos.serial
?[m?[37m[INFO] 12:35:45,781 [Test worker] liquibase. - master.changelog.json: migration/node-info.changelog-v2.xml::1525962920::R3.Corda: Null constraint dropped from node_info_hosts.host
?[m?[37m[INFO] 12:35:45,781 [Test worker] liquibase. - master.changelog.json: migration/node-info.changelog-v2.xml::1525962920::R3.Corda: Null constraint dropped from node_info_hosts.port
?[m?[37m[INFO] 12:35:45,781 [Test worker] liquibase. - master.changelog.json: migration/node-info.changelog-v2.xml::1525962920::R3.Corda: Null constraint has been added to node_info_party_cert.owning_key_hash
?[m?[37m[INFO] 12:35:45,781 [Test worker] liquibase. - master.changelog.json: migration/node-info.changelog-v2.xml::1525962920::R3.Corda: Null constraint has been added to node_info_party_cert.party_cert_binary
?[m?[37m[INFO] 12:35:45,781 [Test worker] liquibase. - master.changelog.json: migration/node-info.changelog-v2.xml::1525962920::R3.Corda: ChangeSet migration/node-info.changelog-v2.xml::1525962920::R3.Corda ran successfully in 0ms
?[m?[37m[INFO] 12:35:45,783 [Test worker] liquibase. - master.changelog.json: migration/node-info.changelog-v3.xml::column_host_name::R3.Corda: Column node_info_hosts.host renamed to host_name
?[m?[37m[INFO] 12:35:45,783 [Test worker] liquibase. - master.changelog.json: migration/node-info.changelog-v3.xml::column_host_name::R3.Corda: ChangeSet migration/node-info.changelog-v3.xml::column_host_name::R3.Corda ran successfully in 1ms
?[m?[37m[INFO] 12:35:45,784 [Test worker] liquibase. - master.changelog.json: migration/node-services.changelog-init.xml::1511451595465-5::R3.Corda: Table node_attachments created
?[m?[37m[INFO] 12:35:45,784 [Test worker] liquibase. - master.changelog.json: migration/node-services.changelog-init.xml::1511451595465-5::R3.Corda: ChangeSet migration/node-services.changelog-init.xml::1511451595465-5::R3.Corda ran successfully in 1ms
?[m?[37m[INFO] 12:35:45,785 [Test worker] liquibase. - master.changelog.json: migration/node-services.changelog-init.xml::1511451595465-7::R3.Corda: Table node_checkpoints created
?[m?[37m[INFO] 12:35:45,785 [Test worker] liquibase. - master.changelog.json: migration/node-services.changelog-init.xml::1511451595465-7::R3.Corda: ChangeSet migration/node-services.changelog-init.xml::1511451595465-7::R3.Corda ran successfully in 0ms
?[m?[37m[INFO] 12:35:45,786 [Test worker] liquibase. - master.changelog.json: migration/node-services.changelog-init.xml::1511451595465-8::R3.Corda: Table node_contract_upgrades created
?[m?[37m[INFO] 12:35:45,786 [Test worker] liquibase. - master.changelog.json: migration/node-services.changelog-init.xml::1511451595465-8::R3.Corda: ChangeSet migration/node-services.changelog-init.xml::1511451595465-8::R3.Corda ran successfully in 0ms
?[m?[37m[INFO] 12:35:45,787 [Test worker] liquibase. - master.changelog.json: migration/node-services.changelog-init.xml::1511451595465-9::R3.Corda: Table node_identities created
?[m?[37m[INFO] 12:35:45,787 [Test worker] liquibase. - master.changelog.json: migration/node-services.changelog-init.xml::1511451595465-9::R3.Corda: ChangeSet migration/node-services.changelog-init.xml::1511451595465-9::R3.Corda ran successfully in 0ms
?[m?[37m[INFO] 12:35:45,788 [Test worker] liquibase. - master.changelog.json: migration/node-services.changelog-init.xml::1511451595465-13::R3.Corda: Table node_message_ids created
?[m?[37m[INFO] 12:35:45,788 [Test worker] liquibase. - master.changelog.json: migration/node-services.changelog-init.xml::1511451595465-13::R3.Corda: ChangeSet migration/node-services.changelog-init.xml::1511451595465-13::R3.Corda ran successfully in 0ms
?[m?[37m[INFO] 12:35:45,789 [Test worker] liquibase. - master.changelog.json: migration/node-services.changelog-init.xml::1511451595465-14::R3.Corda: Table node_message_retry created
?[m?[37m[INFO] 12:35:45,789 [Test worker] liquibase. - master.changelog.json: migration/node-services.changelog-init.xml::1511451595465-14::R3.Corda: ChangeSet migration/node-services.changelog-init.xml::1511451595465-14::R3.Corda ran successfully in 0ms
?[m?[37m[INFO] 12:35:45,790 [Test worker] liquibase. - master.changelog.json: migration/node-services.changelog-init.xml::1511451595465-15::R3.Corda: Table node_named_identities created
?[m?[37m[INFO] 12:35:45,790 [Test worker] liquibase. - master.changelog.json: migration/node-services.changelog-init.xml::1511451595465-15::R3.Corda: ChangeSet migration/node-services.changelog-init.xml::1511451595465-15::R3.Corda ran successfully in 0ms
?[m?[37m[INFO] 12:35:45,791 [Test worker] liquibase. - master.changelog.json: migration/node-services.changelog-init.xml::1511451595465-17::R3.Corda: Table node_our_key_pairs created
?[m?[37m[INFO] 12:35:45,791 [Test worker] liquibase. - master.changelog.json: migration/node-services.changelog-init.xml::1511451595465-17::R3.Corda: ChangeSet migration/node-services.changelog-init.xml::1511451595465-17::R3.Corda ran successfully in 0ms
?[m?[37m[INFO] 12:35:45,792 [Test worker] liquibase. - master.changelog.json: migration/node-services.changelog-init.xml::1511451595465-19::R3.Corda: Table node_scheduled_states created
?[m?[37m[INFO] 12:35:45,792 [Test worker] liquibase. - master.changelog.json: migration/node-services.changelog-init.xml::1511451595465-19::R3.Corda: ChangeSet migration/node-services.changelog-init.xml::1511451595465-19::R3.Corda ran successfully in 0ms
?[m?[37m[INFO] 12:35:45,793 [Test worker] liquibase. - master.changelog.json: migration/node-services.changelog-init.xml::1511451595465-20::R3.Corda: Table node_transaction_mappings created
?[m?[37m[INFO] 12:35:45,793 [Test worker] liquibase. - master.changelog.json: migration/node-services.changelog-init.xml::1511451595465-20::R3.Corda: ChangeSet migration/node-services.changelog-init.xml::1511451595465-20::R3.Corda ran successfully in 0ms
?[m?[37m[INFO] 12:35:45,794 [Test worker] liquibase. - master.changelog.json: migration/node-services.changelog-init.xml::1511451595465-21::R3.Corda: Table node_transactions created
?[m?[37m[INFO] 12:35:45,794 [Test worker] liquibase. - master.changelog.json: migration/node-services.changelog-init.xml::1511451595465-21::R3.Corda: ChangeSet migration/node-services.changelog-init.xml::1511451595465-21::R3.Corda ran successfully in 0ms
?[m?[37m[INFO] 12:35:45,795 [Test worker] liquibase. - master.changelog.json: migration/node-services.changelog-init.xml::1511451595465-30::R3.Corda: Primary key added to node_attachments (att_id)
?[m?[37m[INFO] 12:35:45,795 [Test worker] liquibase. - master.changelog.json: migration/node-services.changelog-init.xml::1511451595465-30::R3.Corda: ChangeSet migration/node-services.changelog-init.xml::1511451595465-30::R3.Corda ran successfully in 1ms
?[m?[37m[INFO] 12:35:45,796 [Test worker] liquibase. - master.changelog.json: migration/node-services.changelog-init.xml::1511451595465-32::R3.Corda: Primary key added to node_checkpoints (checkpoint_id)
?[m?[37m[INFO] 12:35:45,796 [Test worker] liquibase. - master.changelog.json: migration/node-services.changelog-init.xml::1511451595465-32::R3.Corda: ChangeSet migration/node-services.changelog-init.xml::1511451595465-32::R3.Corda ran successfully in 1ms
?[m?[37m[INFO] 12:35:45,797 [Test worker] liquibase. - master.changelog.json: migration/node-services.changelog-init.xml::1511451595465-33::R3.Corda: Primary key added to node_contract_upgrades (state_ref)
?[m?[37m[INFO] 12:35:45,797 [Test worker] liquibase. - master.changelog.json: migration/node-services.changelog-init.xml::1511451595465-33::R3.Corda: ChangeSet migration/node-services.changelog-init.xml::1511451595465-33::R3.Corda ran successfully in 1ms
?[m?[37m[INFO] 12:35:45,798 [Test worker] liquibase. - master.changelog.json: migration/node-services.changelog-init.xml::1511451595465-34::R3.Corda: Primary key added to node_identities (pk_hash)
?[m?[37m[INFO] 12:35:45,798 [Test worker] liquibase. - master.changelog.json: migration/node-services.changelog-init.xml::1511451595465-34::R3.Corda: ChangeSet migration/node-services.changelog-init.xml::1511451595465-34::R3.Corda ran successfully in 0ms
?[m?[37m[INFO] 12:35:45,799 [Test worker] liquibase. - master.changelog.json: migration/node-services.changelog-init.xml::1511451595465-38::R3.Corda: Primary key added to node_message_ids (message_id)
?[m?[37m[INFO] 12:35:45,799 [Test worker] liquibase. - master.changelog.json: migration/node-services.changelog-init.xml::1511451595465-38::R3.Corda: ChangeSet migration/node-services.changelog-init.xml::1511451595465-38::R3.Corda ran successfully in 0ms
?[m?[37m[INFO] 12:35:45,800 [Test worker] liquibase. - master.changelog.json: migration/node-services.changelog-init.xml::1511451595465-39::R3.Corda: Primary key added to node_message_retry (message_id)
?[m?[37m[INFO] 12:35:45,800 [Test worker] liquibase. - master.changelog.json: migration/node-services.changelog-init.xml::1511451595465-39::R3.Corda: ChangeSet migration/node-services.changelog-init.xml::1511451595465-39::R3.Corda ran successfully in 0ms
?[m?[37m[INFO] 12:35:45,801 [Test worker] liquibase. - master.changelog.json: migration/node-services.changelog-init.xml::1511451595465-40::R3.Corda: Primary key added to node_named_identities (name)
?[m?[37m[INFO] 12:35:45,801 [Test worker] liquibase. - master.changelog.json: migration/node-services.changelog-init.xml::1511451595465-40::R3.Corda: ChangeSet migration/node-services.changelog-init.xml::1511451595465-40::R3.Corda ran successfully in 0ms
?[m?[37m[INFO] 12:35:45,802 [Test worker] liquibase. - master.changelog.json: migration/node-services.changelog-init.xml::1511451595465-42::R3.Corda: Primary key added to node_our_key_pairs (public_key_hash)
?[m?[37m[INFO] 12:35:45,802 [Test worker] liquibase. - master.changelog.json: migration/node-services.changelog-init.xml::1511451595465-42::R3.Corda: ChangeSet migration/node-services.changelog-init.xml::1511451595465-42::R3.Corda ran successfully in 0ms
?[m?[37m[INFO] 12:35:45,803 [Test worker] liquibase. - master.changelog.json: migration/node-services.changelog-init.xml::1511451595465-44::R3.Corda: Primary key added to node_scheduled_states (output_index, transaction_id)
?[m?[37m[INFO] 12:35:45,803 [Test worker] liquibase. - master.changelog.json: migration/node-services.changelog-init.xml::1511451595465-44::R3.Corda: ChangeSet migration/node-services.changelog-init.xml::1511451595465-44::R3.Corda ran successfully in 0ms
?[m?[37m[INFO] 12:35:45,804 [Test worker] liquibase. - master.changelog.json: migration/node-services.changelog-init.xml::1511451595465-45::R3.Corda: Primary key added to node_transaction_mappings (tx_id)
?[m?[37m[INFO] 12:35:45,804 [Test worker] liquibase. - master.changelog.json: migration/node-services.changelog-init.xml::1511451595465-45::R3.Corda: ChangeSet migration/node-services.changelog-init.xml::1511451595465-45::R3.Corda ran successfully in 0ms
?[m?[37m[INFO] 12:35:45,805 [Test worker] liquibase. - master.changelog.json: migration/node-services.changelog-init.xml::1511451595465-46::R3.Corda: Primary key added to node_transactions (tx_id)
?[m?[37m[INFO] 12:35:45,805 [Test worker] liquibase. - master.changelog.json: migration/node-services.changelog-init.xml::1511451595465-46::R3.Corda: ChangeSet migration/node-services.changelog-init.xml::1511451595465-46::R3.Corda ran successfully in 0ms
?[m?[37m[INFO] 12:35:45,807 [Test worker] liquibase. - master.changelog.json: migration/node-services.changelog-init.xml::1511451595465-61::R3.Corda: Foreign key constraint added to node_link_nodeinfo_party (party_name)
?[m?[37m[INFO] 12:35:45,807 [Test worker] liquibase. - master.changelog.json: migration/node-services.changelog-init.xml::1511451595465-61::R3.Corda: ChangeSet migration/node-services.changelog-init.xml::1511451595465-61::R3.Corda ran successfully in 1ms
?[m?[37m[INFO] 12:35:45,808 [Test worker] liquibase. - master.changelog.json: migration/node-services.changelog-init.xml::add index att_id::R3.Corda: Index att_id_idx created
?[m?[37m[INFO] 12:35:45,808 [Test worker] liquibase. - master.changelog.json: migration/node-services.changelog-init.xml::add index att_id::R3.Corda: ChangeSet migration/node-services.changelog-init.xml::add index att_id::R3.Corda ran successfully in 0ms
?[m?[37m[INFO] 12:35:45,809 [Test worker] liquibase. - master.changelog.json: migration/node-services.changelog-init.xml::add_contract_attachment::R3.Corda: Table node_attchments_contracts created
?[m?[37m[INFO] 12:35:45,809 [Test worker] liquibase. - master.changelog.json: migration/node-services.changelog-init.xml::add_contract_attachment::R3.Corda: Foreign key constraint added to node_attchments_contracts (att_id)
?[m?[37m[INFO] 12:35:45,809 [Test worker] liquibase. - master.changelog.json: migration/node-services.changelog-init.xml::add_contract_attachment::R3.Corda: Data deleted from node_attachments
?[m?[37m[INFO] 12:35:45,809 [Test worker] liquibase. - master.changelog.json: migration/node-services.changelog-init.xml::add_contract_attachment::R3.Corda: ChangeSet migration/node-services.changelog-init.xml::add_contract_attachment::R3.Corda ran successfully in 0ms
?[m?[37m[INFO] 12:35:45,812 [Test worker] liquibase. - master.changelog.json: migration/node-services.changelog-init.xml::add_dedup_columns::R3.Corda: Columns sender(NVARCHAR(64)),sequence_number(BIGINT) added to node_message_ids
?[m?[37m[INFO] 12:35:45,812 [Test worker] liquibase. - master.changelog.json: migration/node-services.changelog-init.xml::add_dedup_columns::R3.Corda: ChangeSet migration/node-services.changelog-init.xml::add_dedup_columns::R3.Corda ran successfully in 2ms
?[m?[37m[INFO] 12:35:45,813 [Test worker] liquibase. - master.changelog.json: migration/node-core.changelog-v4.xml::attchments_rename::R3.Corda: Table node_attchments_contracts renamed to node_attachments_contracts
?[m?[37m[INFO] 12:35:45,813 [Test worker] liquibase. - master.changelog.json: migration/node-core.changelog-v4.xml::attchments_rename::R3.Corda: ChangeSet migration/node-core.changelog-v4.xml::attchments_rename::R3.Corda ran successfully in 0ms
?[m?[37m[INFO] 12:35:45,815 [Test worker] liquibase. - master.changelog.json: migration/node-core.changelog-v4.xml::nullability::R3.Corda: Null constraint has been added to node_identities.identity_value
?[m?[37m[INFO] 12:35:45,815 [Test worker] liquibase. - master.changelog.json: migration/node-core.changelog-v4.xml::nullability::R3.Corda: Null constraint has been added to node_attachments.content
?[m?[37m[INFO] 12:35:45,815 [Test worker] liquibase. - master.changelog.json: migration/node-core.changelog-v4.xml::nullability::R3.Corda: Null constraint has been added to node_attachments_contracts.contract_class_name
?[m?[37m[INFO] 12:35:45,815 [Test worker] liquibase. - master.changelog.json: migration/node-core.changelog-v4.xml::nullability::R3.Corda: Null constraint has been added to node_checkpoints.checkpoint_value
?[m?[37m[INFO] 12:35:45,815 [Test worker] liquibase. - master.changelog.json: migration/node-core.changelog-v4.xml::nullability::R3.Corda: Null constraint has been added to node_contract_upgrades.contract_class_name
?[m?[37m[INFO] 12:35:45,815 [Test worker] liquibase. - master.changelog.json: migration/node-core.changelog-v4.xml::nullability::R3.Corda: Null constraint has been added to node_message_ids.insertion_time
?[m?[37m[INFO] 12:35:45,815 [Test worker] liquibase. - master.changelog.json: migration/node-core.changelog-v4.xml::nullability::R3.Corda: Null constraint has been added to node_message_retry.message
?[m?[37m[INFO] 12:35:45,816 [Test worker] liquibase. - master.changelog.json: migration/node-core.changelog-v4.xml::nullability::R3.Corda: Null constraint has been added to node_message_retry.recipients
?[m?[37m[INFO] 12:35:45,816 [Test worker] liquibase. - master.changelog.json: migration/node-core.changelog-v4.xml::nullability::R3.Corda: Null constraint has been added to node_named_identities.pk_hash
?[m?[37m[INFO] 12:35:45,816 [Test worker] liquibase. - master.changelog.json: migration/node-core.changelog-v4.xml::nullability::R3.Corda: Null constraint has been added to node_our_key_pairs.private_key
?[m?[37m[INFO] 12:35:45,816 [Test worker] liquibase. - master.changelog.json: migration/node-core.changelog-v4.xml::nullability::R3.Corda: Null constraint has been added to node_our_key_pairs.public_key
?[m?[37m[INFO] 12:35:45,816 [Test worker] liquibase. - master.changelog.json: migration/node-core.changelog-v4.xml::nullability::R3.Corda: Null constraint has been added to node_transaction_mappings.state_machine_run_id
?[m?[37m[INFO] 12:35:45,816 [Test worker] liquibase. - master.changelog.json: migration/node-core.changelog-v4.xml::nullability::R3.Corda: Null constraint has been added to node_transactions.transaction_value
?[m?[37m[INFO] 12:35:45,816 [Test worker] liquibase. - master.changelog.json: migration/node-core.changelog-v4.xml::nullability::R3.Corda: ChangeSet migration/node-core.changelog-v4.xml::nullability::R3.Corda ran successfully in 2ms
?[m?[37m[INFO] 12:35:45,819 [Test worker] liquibase. - master.changelog.json: migration/node-core.changelog-v5.xml::remove_unused_node_message_retry::R3.Corda: Table node_message_retry dropped
?[m?[37m[INFO] 12:35:45,819 [Test worker] liquibase. - master.changelog.json: migration/node-core.changelog-v5.xml::remove_unused_node_message_retry::R3.Corda: ChangeSet migration/node-core.changelog-v5.xml::remove_unused_node_message_retry::R3.Corda ran successfully in 1ms
?[m?[37m[INFO] 12:35:45,833 [Test worker] liquibase. - master.changelog.json: migration/node-core.changelog-v8.xml::conditional_attchments_rename::R3.Corda: Marking ChangeSet: migration/node-core.changelog-v8.xml::conditional_attchments_rename::R3.Corda ran despite precondition failure due to onFail='MARK_RAN': 
          master.changelog.json : Table PUBLIC.NODE_ATTCHMENTS_CONTRACTS does not exist

?[m?[37m[INFO] 12:35:45,842 [Test worker] liquibase. - master.changelog.json: migration/node-core.changelog-v8.xml::conditional_attchments_contracts::R3.Corda: Marking ChangeSet: migration/node-core.changelog-v8.xml::conditional_attchments_contracts::R3.Corda ran despite precondition failure due to onFail='MARK_RAN': 
          master.changelog.json : Table PUBLIC.NODE_ATTACHMENTS_CONTRACT_CLASS_NAME does not exist

?[m?[37m[INFO] 12:35:45,844 [Test worker] liquibase. - master.changelog.json: migration/node-core.changelog-v8.xml::add_signers::R3.Corda: Table node_attachments_signers created
?[m?[37m[INFO] 12:35:45,844 [Test worker] liquibase. - master.changelog.json: migration/node-core.changelog-v8.xml::add_signers::R3.Corda: Foreign key constraint added to node_attachments_signers (att_id)
?[m?[37m[INFO] 12:35:45,844 [Test worker] liquibase. - master.changelog.json: migration/node-core.changelog-v8.xml::add_signers::R3.Corda: ChangeSet migration/node-core.changelog-v8.xml::add_signers::R3.Corda ran successfully in 1ms
?[m?[37m[INFO] 12:35:45,847 [Test worker] liquibase. - master.changelog.json: migration/node-core.changelog-tx-mapping.xml::add_tx_mapping_column::R3.Corda: Columns state_machine_run_id(NVARCHAR(36)) added to node_transactions
?[m?[37m[INFO] 12:35:45,848 [Test worker] liquibase. - master.changelog.json: migration/node-core.changelog-tx-mapping.xml::add_tx_mapping_column::R3.Corda: Custom SQL executed
?[m?[37m[INFO] 12:35:45,848 [Test worker] liquibase. - master.changelog.json: migration/node-core.changelog-tx-mapping.xml::add_tx_mapping_column::R3.Corda: Table node_transaction_mappings dropped
?[m?[37m[INFO] 12:35:45,848 [Test worker] liquibase. - master.changelog.json: migration/node-core.changelog-tx-mapping.xml::add_tx_mapping_column::R3.Corda: ChangeSet migration/node-core.changelog-tx-mapping.xml::add_tx_mapping_column::R3.Corda ran successfully in 2ms
?[m?[37m[INFO] 12:35:45,850 [Test worker] liquibase. - master.changelog.json: migration/node-services.changelog-init.xml::add_network_parameters_storage::R3.Corda: Table node_network_parameters created
?[m?[37m[INFO] 12:35:45,850 [Test worker] liquibase. - master.changelog.json: migration/node-services.changelog-init.xml::add_network_parameters_storage::R3.Corda: ChangeSet migration/node-services.changelog-init.xml::add_network_parameters_storage::R3.Corda ran successfully in 1ms
?[m?[37m[INFO] 12:35:45,851 [Test worker] liquibase. - master.changelog.json: migration/node-services.changelog-init.xml::network_parameters_pk::R3.Corda: Primary key added to node_network_parameters (hash)
?[m?[37m[INFO] 12:35:45,851 [Test worker] liquibase. - master.changelog.json: migration/node-services.changelog-init.xml::network_parameters_pk::R3.Corda: ChangeSet migration/node-services.changelog-init.xml::network_parameters_pk::R3.Corda ran successfully in 0ms
?[m?[37m[INFO] 12:35:45,854 [Test worker] liquibase. - master.changelog.json: migration/node-services.changelog-init.xml::add_version_column::R3.Corda: Columns version(INT) added to node_attachments
?[m?[37m[INFO] 12:35:45,854 [Test worker] liquibase. - master.changelog.json: migration/node-services.changelog-init.xml::add_version_column::R3.Corda: Custom SQL executed
?[m?[37m[INFO] 12:35:45,854 [Test worker] liquibase. - master.changelog.json: migration/node-services.changelog-init.xml::add_version_column::R3.Corda: Null constraint has been added to node_attachments.version
?[m?[37m[INFO] 12:35:45,854 [Test worker] liquibase. - master.changelog.json: migration/node-services.changelog-init.xml::add_version_column::R3.Corda: ChangeSet migration/node-services.changelog-init.xml::add_version_column::R3.Corda ran successfully in 2ms
?[m?[37m[INFO] 12:35:45,856 [Test worker] persistence.AttachmentVersionNumberMigration. - Start executing...
?[m?[37m[INFO] 12:35:45,857 [Test worker] persistence.AttachmentVersionNumberMigration. - Attachment version creation from whitelisted JARs using network parameters from build\mock-network\20190412-153544.309\nodes\1\network-parameters, whitelistedContractImplementations: {}.
?[m?[37m[INFO] 12:35:45,857 [Test worker] persistence.AttachmentVersionNumberMigration. - Attachment version creation from whitelisted JARs skipped, no attachments not found.
?[m?[37m[INFO] 12:35:45,857 [Test worker] liquibase. - master.changelog.json: migration/node-services.changelog-init.xml::update-version-of-whitelisted-jars::R3.Corda: null
?[m?[37m[INFO] 12:35:45,857 [Test worker] liquibase. - master.changelog.json: migration/node-services.changelog-init.xml::update-version-of-whitelisted-jars::R3.Corda: ChangeSet migration/node-services.changelog-init.xml::update-version-of-whitelisted-jars::R3.Corda ran successfully in 1ms
?[m?[37m[INFO] 12:35:45,858 [Test worker] migration.VaultStateMigration. - Migrating vault state data to V4 tables
?[m?[37m[INFO] 12:35:45,860 [Test worker] persistence.HibernateConfiguration. - Init HibernateConfiguration for schemas: [VaultMigrationSchemaV1(name=net.corda.node.migration.VaultMigrationSchema, version=1), VaultSchemaV1(name=net.corda.node.services.vault.VaultSchema, version=1)]
?[m?[37m[INFO] 12:35:45,860 [Test worker] persistence.HibernateConfiguration. - Creating session factory for schemas: [VaultMigrationSchemaV1(name=net.corda.node.migration.VaultMigrationSchema, version=1), VaultSchemaV1(name=net.corda.node.services.vault.VaultSchema, version=1)]
?[m?[37m[INFO] 12:35:45,867 [Test worker] internal.ConnectionProviderInitiator. - HHH000130: Instantiating explicit connection provider: net.corda.nodeapi.internal.persistence.HibernateConfiguration$NodeDatabaseConnectionProvider
?[m?[37m[INFO] 12:35:45,867 [Test worker] dialect.Dialect. - HHH000400: Using dialect: org.hibernate.dialect.H2Dialect
?[m?[37m[INFO] 12:35:45,869 [Test worker] type.BasicTypeRegistry. - HHH000270: Type registration [materialized_blob] overrides previous : org.hibernate.type.MaterializedBlobType@61c329e6
?[m?[37m[INFO] 12:35:45,897 [Test worker] connections.access. - HHH10001501: Connection obtained from JdbcConnectionAccess [org.hibernate.engine.jdbc.env.internal.JdbcEnvironmentInitiator$ConnectionProviderJdbcConnectionAccess@33945330] for (non-JTA) DDL execution was not in auto-commit mode; the Connection 'local transaction' will be committed and the Connection will be set into auto-commit mode.
?[m?[37m[INFO] 12:35:45,920 [Test worker] persistence.HibernateConfiguration. - Created session factory for schemas: [VaultMigrationSchemaV1(name=net.corda.node.migration.VaultMigrationSchema, version=1), VaultSchemaV1(name=net.corda.node.services.vault.VaultSchema, version=1)]
?[m?[37m[INFO] 12:35:45,920 [Test worker] internal.QueryTranslatorFactoryInitiator. - HHH000397: Using ASTQueryTranslatorFactory
?[m?[37m[INFO] 12:35:45,925 [Test worker] migration.VaultStateMigration. - Finished performing vault state data migration for 0 states
?[m?[37m[INFO] 12:35:45,925 [Test worker] liquibase. - master.changelog.json: migration/vault-schema.changelog-v9.xml::update-vault-states::R3.Corda: null
?[m?[37m[INFO] 12:35:45,925 [Test worker] liquibase. - master.changelog.json: migration/vault-schema.changelog-v9.xml::update-vault-states::R3.Corda: ChangeSet migration/vault-schema.changelog-v9.xml::update-vault-states::R3.Corda ran successfully in 67ms
?[m?[37m[INFO] 12:35:45,926 [Test worker] liquibase. - Successfully released change log lock
?[m?[37m[INFO] 12:35:45,927 [Test worker] internal.InternalMockNetwork$MockNode. - Connected to H2 database.
?[m?[37m[INFO] 12:35:45,928 [Test worker] internal.InternalMockNetwork$MockNode. - identity-private-key not found in key store, generating fresh key!
?[m?[37m[INFO] 12:35:46,279 [Test worker] persistence.HibernateConfiguration. - Init HibernateConfiguration for schemas: [CommonSchemaV1(name=net.corda.core.schemas.CommonSchema, version=1), VaultSchemaV1(name=net.corda.node.services.vault.VaultSchema, version=1), NodeInfoSchemaV1(name=net.corda.node.internal.schemas.NodeInfoSchema, version=1), NodeCoreV1(name=net.corda.node.services.schema.NodeSchemaService$NodeCore, version=1), IOUSchemaV1(name=com.example.schema.IOUSchema, version=1)]
?[m?[37m[INFO] 12:35:46,279 [Test worker] persistence.HibernateConfiguration. - Creating session factory for schemas: [CommonSchemaV1(name=net.corda.core.schemas.CommonSchema, version=1), VaultSchemaV1(name=net.corda.node.services.vault.VaultSchema, version=1), NodeInfoSchemaV1(name=net.corda.node.internal.schemas.NodeInfoSchema, version=1), NodeCoreV1(name=net.corda.node.services.schema.NodeSchemaService$NodeCore, version=1), IOUSchemaV1(name=com.example.schema.IOUSchema, version=1)]
?[m?[37m[INFO] 12:35:46,284 [Test worker] internal.ConnectionProviderInitiator. - HHH000130: Instantiating explicit connection provider: net.corda.nodeapi.internal.persistence.HibernateConfiguration$NodeDatabaseConnectionProvider
?[m?[37m[INFO] 12:35:46,285 [Test worker] dialect.Dialect. - HHH000400: Using dialect: org.hibernate.dialect.H2Dialect
?[m?[37m[INFO] 12:35:46,288 [Test worker] type.BasicTypeRegistry. - HHH000270: Type registration [materialized_blob] overrides previous : org.hibernate.type.MaterializedBlobType@61c329e6
?[m?[37m[INFO] 12:35:46,335 [Test worker] connections.access. - HHH10001501: Connection obtained from JdbcConnectionAccess [org.hibernate.engine.jdbc.env.internal.JdbcEnvironmentInitiator$ConnectionProviderJdbcConnectionAccess@78d26497] for (non-JTA) DDL execution was not in auto-commit mode; the Connection 'local transaction' will be committed and the Connection will be set into auto-commit mode.
?[m?[37m[INFO] 12:35:46,370 [Test worker] persistence.HibernateConfiguration. - Created session factory for schemas: [CommonSchemaV1(name=net.corda.core.schemas.CommonSchema, version=1), VaultSchemaV1(name=net.corda.node.services.vault.VaultSchema, version=1), NodeInfoSchemaV1(name=net.corda.node.internal.schemas.NodeInfoSchema, version=1), NodeCoreV1(name=net.corda.node.services.schema.NodeSchemaService$NodeCore, version=1), IOUSchemaV1(name=com.example.schema.IOUSchema, version=1)]
?[m?[37m[INFO] 12:35:46,372 [Test worker] internal.QueryTranslatorFactoryInitiator. - HHH000397: Using ASTQueryTranslatorFactory
?[m?[37m[INFO] 12:35:46,374 [Test worker] internal.InternalMockNetwork$MockNode. - Node-info has changed so submitting update. Old node-info was null
?[m?[37m[INFO] 12:35:46,374 [Test worker] network.PersistentNetworkMapCache. - Adding node with info: NodeInfo(addresses=[mock.node:1000], legalIdentitiesAndCerts=[O=Mock Company 1, L=London, C=GB], platformVersion=4, serial=1555083346374)
?[m?[37m[INFO] 12:35:46,376 [Test worker] network.PersistentNetworkMapCache. - No previous node found
?[m?[37m[INFO] 12:35:46,380 [Test worker] internal.InternalMockNetwork$MockNode. - New node-info: NodeInfo(addresses=[mock.node:1000], legalIdentitiesAndCerts=[O=Mock Company 1, L=London, C=GB], platformVersion=4, serial=1555083346374)
?[m?[37m[INFO] 12:35:46,390 [Test worker] network.NetworkMapUpdater. - Auto-accept enabled for network parameter changes which modify only: [epoch, modifiedTime, packageOwnership, whitelistedContractImplementations]
?[m?[37m[INFO] 12:35:46,393 [MockNode-11-2] network.PersistentNetworkMapCache. - Adding node with info: NodeInfo(addresses=[mock.node:1000], legalIdentitiesAndCerts=[O=Mock Company 1, L=London, C=GB], platformVersion=4, serial=1555083346374)
?[m?[37m[INFO] 12:35:46,397 [MockNode-11-2] network.PersistentNetworkMapCache. - Previous node was identical to incoming one - doing nothing
?[m?[37m[INFO] 12:35:46,468 [Test worker] ClassloaderUtils. - Contracts loading for 'C:\Users\Daniel\AppData\Local\Temp\attachment5875476168702686238.jar' took 18 msec
?[m?[37m[INFO] 12:35:46,476 [Test worker] persistence.NodeAttachmentService. - Stored new attachment: id=068D846C052E681003228A05005925CB3EC9DBFEDDFDA00048D0BB87F1ED69B0 uploader=app filename=null
?[m?[37m[INFO] 12:35:46,481 [Test worker] statemachine.SingleThreadedStateMachineManager. - Node ready, info: NodeInfo(addresses=[mock.node:1000], legalIdentitiesAndCerts=[O=Mock Company 1, L=London, C=GB], platformVersion=4, serial=1555083346374)
?[m?[37m[INFO] 12:35:46,483 [Test worker] network.PersistentNetworkMapCache. - Adding node with info: NodeInfo(addresses=[mock.node:1000], legalIdentitiesAndCerts=[O=Notary Service, L=Zurich, C=CH], platformVersion=4, serial=1555083345241)
?[m?[37m[INFO] 12:35:46,484 [Test worker] network.PersistentNetworkMapCache. - No previous node found
?[m?[37m[INFO] 12:35:46,489 [Test worker] network.PersistentNetworkMapCache. - Adding node with info: NodeInfo(addresses=[mock.node:1000], legalIdentitiesAndCerts=[O=Mock Company 1, L=London, C=GB], platformVersion=4, serial=1555083346374)
?[m?[37m[INFO] 12:35:46,490 [Test worker] network.PersistentNetworkMapCache. - No previous node found
?[m?[37m[INFO] 12:35:46,495 [Test worker] network.PersistentNetworkMapCache. - Adding node with info: NodeInfo(addresses=[mock.node:1000], legalIdentitiesAndCerts=[O=Mock Company 1, L=London, C=GB], platformVersion=4, serial=1555083346374)
?[m?[37m[INFO] 12:35:46,496 [Test worker] network.PersistentNetworkMapCache. - Previous node was identical to incoming one - doing nothing
?[m?[37m[INFO] 12:35:46,496 [Test worker] network.PersistentNetworkMapCache. - Adding node with info: NodeInfo(addresses=[mock.node:1000], legalIdentitiesAndCerts=[O=Mock Company 1, L=London, C=GB], platformVersion=4, serial=1555083346374)
?[m?[37m[INFO] 12:35:46,496 [Test worker] network.PersistentNetworkMapCache. - Previous node was identical to incoming one - doing nothing
?[m?[37m[INFO] 12:35:46,506 [Test worker] cordapp.JarScanningCordappLoader. - Looking for CorDapps in [build\mock-network\20190412-153544.309\nodes\2\cordapps]
?[m?[37m[INFO] 12:35:46,507 [Test worker] cordapp.JarScanningCordappLoader. - Loading CorDapps from RestrictedURL(url=file:/C:/Users/Daniel/OneDrive/Documents/tokensdk/samples3/cordapp-example/workflows-kotlin/build/mock-network/20190412-153544.309/nodes/2/cordapps/cordapp-example-contracts-0.1.jar, rootPackageName=null), RestrictedURL(url=file:/C:/Users/Daniel/OneDrive/Documents/tokensdk/samples3/cordapp-example/workflows-kotlin/build/mock-network/20190412-153544.309/nodes/2/cordapps/cordapp-example-workflows-0.1.jar, rootPackageName=null)
?[m?[37m[INFO] 12:35:46,507 [Test worker] cordapp.JarScanningCordappLoader. - Scanning CorDapp in file:/C:/Users/Daniel/OneDrive/Documents/tokensdk/samples3/cordapp-example/workflows-kotlin/build/mock-network/20190412-153544.309/nodes/2/cordapps/cordapp-example-contracts-0.1.jar
?[m?[37m[INFO] 12:35:46,588 [Test worker] cordapp.JarScanningCordappLoader. - Found notary service CorDapp implementations: 
?[m?[37m[INFO] 12:35:46,588 [Test worker] cordapp.JarScanningCordappLoader. - Scanning CorDapp in file:/C:/Users/Daniel/OneDrive/Documents/tokensdk/samples3/cordapp-example/workflows-kotlin/build/mock-network/20190412-153544.309/nodes/2/cordapps/cordapp-example-workflows-0.1.jar
?[m?[37m[INFO] 12:35:46,667 [Test worker] cordapp.JarScanningCordappLoader. - Found notary service CorDapp implementations: 
?[m?[37m[INFO] 12:35:46,675 [Test worker] internal.InternalMockNetwork$MockNode. - Node starting up ...
?[m?[37m[INFO] 12:35:46,716 [Test worker] internal.NodeFlowManager. - Registered com.example.flow.ExampleFlow$Initiator to initiate com.example.flow.ExampleFlow$Acceptor (version 1)
?[m?[37m[INFO] 12:35:46,718 [Test worker] internal.InternalMockNetwork$MockNode. - Loaded network parameters: NetworkParameters {
      minimumPlatformVersion=1
      notaries=[NotaryInfo(identity=O=Notary Service, L=Zurich, C=CH, validating=true)]
      maxMessageSize=10485760
      maxTransactionSize=524288000
      whitelistedContractImplementations {
        
      }
      eventHorizon=PT720H
      packageOwnership {
        
      }
      modifiedTime=2019-04-12T15:35:44.309Z
      epoch=1
  }
?[m?[37m[INFO] 12:35:46,718 [Test worker] hikari.HikariDataSource. - HikariPool-12 - Started.
?[m?[37m[INFO] 12:35:46,858 [Test worker] liquibase. - Creating database history table with name: PUBLIC.DATABASECHANGELOG
?[m?[37m[INFO] 12:35:46,860 [Test worker] liquibase. - Reading from PUBLIC.DATABASECHANGELOG
?[m?[37m[INFO] 12:35:46,861 [Test worker] liquibase. - master.changelog.json: migration/common.changelog-init.xml::1511451595465-1.3::R3.Corda: Skipping changeSet migration/common.changelog-init.xml::1511451595465-1.3::R3.Corda due to validation error(s): minValue is not allowed on h2
?[m?[37m[INFO] 12:35:46,865 [Test worker] liquibase. - master.changelog.json: migration/vault-schema.changelog-pkey.xml::non-clustered_pk-11::R3.Corda: Skipping changeSet migration/vault-schema.changelog-pkey.xml::non-clustered_pk-11::R3.Corda due to validation error(s): clustered is not allowed on h2
?[m?[37m[INFO] 12:35:46,866 [Test worker] liquibase. - master.changelog.json: migration/vault-schema.changelog-pkey.xml::non-clustered_pk-12::R3.Corda: Skipping changeSet migration/vault-schema.changelog-pkey.xml::non-clustered_pk-12::R3.Corda due to validation error(s): clustered is not allowed on h2
?[m?[37m[INFO] 12:35:46,866 [Test worker] liquibase. - master.changelog.json: migration/vault-schema.changelog-pkey.xml::non-clustered_pk-13::R3.Corda: Skipping changeSet migration/vault-schema.changelog-pkey.xml::non-clustered_pk-13::R3.Corda due to validation error(s): clustered is not allowed on h2
?[m?[37m[INFO] 12:35:46,874 [Test worker] liquibase. - master.changelog.json: migration/node-core.changelog-pkey.xml::non-clustered_pk-1::R3.Corda: Skipping changeSet migration/node-core.changelog-pkey.xml::non-clustered_pk-1::R3.Corda due to validation error(s): clustered is not allowed on h2
?[m?[37m[INFO] 12:35:46,874 [Test worker] liquibase. - master.changelog.json: migration/node-core.changelog-pkey.xml::non-clustered_pk-2::R3.Corda: Skipping changeSet migration/node-core.changelog-pkey.xml::non-clustered_pk-2::R3.Corda due to validation error(s): clustered is not allowed on h2
?[m?[37m[INFO] 12:35:46,874 [Test worker] liquibase. - master.changelog.json: migration/node-core.changelog-pkey.xml::non-clustered_pk-3::R3.Corda: Skipping changeSet migration/node-core.changelog-pkey.xml::non-clustered_pk-3::R3.Corda due to validation error(s): clustered is not allowed on h2
?[m?[37m[INFO] 12:35:46,874 [Test worker] liquibase. - master.changelog.json: migration/node-core.changelog-pkey.xml::non-clustered_pk-4::R3.Corda: Skipping changeSet migration/node-core.changelog-pkey.xml::non-clustered_pk-4::R3.Corda due to validation error(s): clustered is not allowed on h2
?[m?[37m[INFO] 12:35:46,874 [Test worker] liquibase. - master.changelog.json: migration/node-core.changelog-pkey.xml::non-clustered_pk-5::R3.Corda: Skipping changeSet migration/node-core.changelog-pkey.xml::non-clustered_pk-5::R3.Corda due to validation error(s): clustered is not allowed on h2
?[m?[37m[INFO] 12:35:46,875 [Test worker] liquibase. - master.changelog.json: migration/node-core.changelog-pkey.xml::non-clustered_pk-6::R3.Corda: Skipping changeSet migration/node-core.changelog-pkey.xml::non-clustered_pk-6::R3.Corda due to validation error(s): clustered is not allowed on h2
?[m?[37m[INFO] 12:35:46,875 [Test worker] liquibase. - master.changelog.json: migration/node-core.changelog-pkey.xml::non-clustered_pk-7::R3.Corda: Skipping changeSet migration/node-core.changelog-pkey.xml::non-clustered_pk-7::R3.Corda due to validation error(s): clustered is not allowed on h2
?[m?[37m[INFO] 12:35:46,878 [Test worker] liquibase. - Successfully acquired change log lock
?[m?[37m[INFO] 12:35:46,878 [Test worker] liquibase. - master.changelog.json: migration/common.changelog-init.xml::1511451595465-1.3::R3.Corda: Skipping changeSet migration/common.changelog-init.xml::1511451595465-1.3::R3.Corda due to validation error(s): minValue is not allowed on h2
?[m?[37m[INFO] 12:35:46,880 [Test worker] liquibase. - master.changelog.json: migration/vault-schema.changelog-pkey.xml::non-clustered_pk-11::R3.Corda: Skipping changeSet migration/vault-schema.changelog-pkey.xml::non-clustered_pk-11::R3.Corda due to validation error(s): clustered is not allowed on h2
?[m?[37m[INFO] 12:35:46,880 [Test worker] liquibase. - master.changelog.json: migration/vault-schema.changelog-pkey.xml::non-clustered_pk-12::R3.Corda: Skipping changeSet migration/vault-schema.changelog-pkey.xml::non-clustered_pk-12::R3.Corda due to validation error(s): clustered is not allowed on h2
?[m?[37m[INFO] 12:35:46,880 [Test worker] liquibase. - master.changelog.json: migration/vault-schema.changelog-pkey.xml::non-clustered_pk-13::R3.Corda: Skipping changeSet migration/vault-schema.changelog-pkey.xml::non-clustered_pk-13::R3.Corda due to validation error(s): clustered is not allowed on h2
?[m?[37m[INFO] 12:35:46,884 [Test worker] liquibase. - master.changelog.json: migration/node-core.changelog-pkey.xml::non-clustered_pk-1::R3.Corda: Skipping changeSet migration/node-core.changelog-pkey.xml::non-clustered_pk-1::R3.Corda due to validation error(s): clustered is not allowed on h2
?[m?[37m[INFO] 12:35:46,884 [Test worker] liquibase. - master.changelog.json: migration/node-core.changelog-pkey.xml::non-clustered_pk-2::R3.Corda: Skipping changeSet migration/node-core.changelog-pkey.xml::non-clustered_pk-2::R3.Corda due to validation error(s): clustered is not allowed on h2
?[m?[37m[INFO] 12:35:46,884 [Test worker] liquibase. - master.changelog.json: migration/node-core.changelog-pkey.xml::non-clustered_pk-3::R3.Corda: Skipping changeSet migration/node-core.changelog-pkey.xml::non-clustered_pk-3::R3.Corda due to validation error(s): clustered is not allowed on h2
?[m?[37m[INFO] 12:35:46,884 [Test worker] liquibase. - master.changelog.json: migration/node-core.changelog-pkey.xml::non-clustered_pk-4::R3.Corda: Skipping changeSet migration/node-core.changelog-pkey.xml::non-clustered_pk-4::R3.Corda due to validation error(s): clustered is not allowed on h2
?[m?[37m[INFO] 12:35:46,884 [Test worker] liquibase. - master.changelog.json: migration/node-core.changelog-pkey.xml::non-clustered_pk-5::R3.Corda: Skipping changeSet migration/node-core.changelog-pkey.xml::non-clustered_pk-5::R3.Corda due to validation error(s): clustered is not allowed on h2
?[m?[37m[INFO] 12:35:46,884 [Test worker] liquibase. - master.changelog.json: migration/node-core.changelog-pkey.xml::non-clustered_pk-6::R3.Corda: Skipping changeSet migration/node-core.changelog-pkey.xml::non-clustered_pk-6::R3.Corda due to validation error(s): clustered is not allowed on h2
?[m?[37m[INFO] 12:35:46,885 [Test worker] liquibase. - master.changelog.json: migration/node-core.changelog-pkey.xml::non-clustered_pk-7::R3.Corda: Skipping changeSet migration/node-core.changelog-pkey.xml::non-clustered_pk-7::R3.Corda due to validation error(s): clustered is not allowed on h2
?[m?[37m[INFO] 12:35:46,885 [Test worker] liquibase. - master.changelog.json: migration/common.changelog-init.xml::1511451595465-1.1::R3.Corda: Sequence hibernate_sequence created
?[m?[37m[INFO] 12:35:46,886 [Test worker] liquibase. - master.changelog.json: migration/common.changelog-init.xml::1511451595465-1.1::R3.Corda: ChangeSet migration/common.changelog-init.xml::1511451595465-1.1::R3.Corda ran successfully in 1ms
?[m?[37m[INFO] 12:35:46,888 [Test worker] liquibase. - master.changelog.json: migration/vault-schema.changelog-init.xml::1511451595465-22::R3.Corda: Table vault_fungible_states created
?[m?[37m[INFO] 12:35:46,888 [Test worker] liquibase. - master.changelog.json: migration/vault-schema.changelog-init.xml::1511451595465-22::R3.Corda: ChangeSet migration/vault-schema.changelog-init.xml::1511451595465-22::R3.Corda ran successfully in 0ms
?[m?[37m[INFO] 12:35:46,889 [Test worker] liquibase. - master.changelog.json: migration/vault-schema.changelog-init.xml::1511451595465-23::R3.Corda: Table vault_fungible_states_parts created
?[m?[37m[INFO] 12:35:46,889 [Test worker] liquibase. - master.changelog.json: migration/vault-schema.changelog-init.xml::1511451595465-23::R3.Corda: ChangeSet migration/vault-schema.changelog-init.xml::1511451595465-23::R3.Corda ran successfully in 0ms
?[m?[37m[INFO] 12:35:46,890 [Test worker] liquibase. - master.changelog.json: migration/vault-schema.changelog-init.xml::1511451595465-24::R3.Corda: Table vault_linear_states created
?[m?[37m[INFO] 12:35:46,890 [Test worker] liquibase. - master.changelog.json: migration/vault-schema.changelog-init.xml::1511451595465-24::R3.Corda: ChangeSet migration/vault-schema.changelog-init.xml::1511451595465-24::R3.Corda ran successfully in 0ms
?[m?[37m[INFO] 12:35:46,892 [Test worker] liquibase. - master.changelog.json: migration/vault-schema.changelog-init.xml::1511451595465-25::R3.Corda: Table vault_linear_states_parts created
?[m?[37m[INFO] 12:35:46,892 [Test worker] liquibase. - master.changelog.json: migration/vault-schema.changelog-init.xml::1511451595465-25::R3.Corda: ChangeSet migration/vault-schema.changelog-init.xml::1511451595465-25::R3.Corda ran successfully in 1ms
?[m?[37m[INFO] 12:35:46,893 [Test worker] liquibase. - master.changelog.json: migration/vault-schema.changelog-init.xml::1511451595465-26::R3.Corda: Table vault_states created
?[m?[37m[INFO] 12:35:46,893 [Test worker] liquibase. - master.changelog.json: migration/vault-schema.changelog-init.xml::1511451595465-26::R3.Corda: ChangeSet migration/vault-schema.changelog-init.xml::1511451595465-26::R3.Corda ran successfully in 1ms
?[m?[37m[INFO] 12:35:46,894 [Test worker] liquibase. - master.changelog.json: migration/vault-schema.changelog-init.xml::1511451595465-27::R3.Corda: Table vault_transaction_notes created
?[m?[37m[INFO] 12:35:46,894 [Test worker] liquibase. - master.changelog.json: migration/vault-schema.changelog-init.xml::1511451595465-27::R3.Corda: ChangeSet migration/vault-schema.changelog-init.xml::1511451595465-27::R3.Corda ran successfully in 0ms
?[m?[37m[INFO] 12:35:46,895 [Test worker] liquibase. - master.changelog.json: migration/vault-schema.changelog-init.xml::1511451595465-47::R3.Corda: Primary key added to vault_fungible_states (output_index, transaction_id)
?[m?[37m[INFO] 12:35:46,895 [Test worker] liquibase. - master.changelog.json: migration/vault-schema.changelog-init.xml::1511451595465-47::R3.Corda: ChangeSet migration/vault-schema.changelog-init.xml::1511451595465-47::R3.Corda ran successfully in 0ms
?[m?[37m[INFO] 12:35:46,896 [Test worker] liquibase. - master.changelog.json: migration/vault-schema.changelog-init.xml::1511451595465-48::R3.Corda: Primary key added to vault_linear_states (output_index, transaction_id)
?[m?[37m[INFO] 12:35:46,896 [Test worker] liquibase. - master.changelog.json: migration/vault-schema.changelog-init.xml::1511451595465-48::R3.Corda: ChangeSet migration/vault-schema.changelog-init.xml::1511451595465-48::R3.Corda ran successfully in 0ms
?[m?[37m[INFO] 12:35:46,897 [Test worker] liquibase. - master.changelog.json: migration/vault-schema.changelog-init.xml::1511451595465-49::R3.Corda: Primary key added to vault_states (output_index, transaction_id)
?[m?[37m[INFO] 12:35:46,897 [Test worker] liquibase. - master.changelog.json: migration/vault-schema.changelog-init.xml::1511451595465-49::R3.Corda: ChangeSet migration/vault-schema.changelog-init.xml::1511451595465-49::R3.Corda ran successfully in 0ms
?[m?[37m[INFO] 12:35:46,898 [Test worker] liquibase. - master.changelog.json: migration/vault-schema.changelog-init.xml::1511451595465-50::R3.Corda: Primary key added to vault_transaction_notes (seq_no)
?[m?[37m[INFO] 12:35:46,898 [Test worker] liquibase. - master.changelog.json: migration/vault-schema.changelog-init.xml::1511451595465-50::R3.Corda: ChangeSet migration/vault-schema.changelog-init.xml::1511451595465-50::R3.Corda ran successfully in 0ms
?[m?[37m[INFO] 12:35:46,899 [Test worker] liquibase. - master.changelog.json: migration/vault-schema.changelog-init.xml::1511451595465-53::R3.Corda: Index external_id_index created
?[m?[37m[INFO] 12:35:46,899 [Test worker] liquibase. - master.changelog.json: migration/vault-schema.changelog-init.xml::1511451595465-53::R3.Corda: ChangeSet migration/vault-schema.changelog-init.xml::1511451595465-53::R3.Corda ran successfully in 0ms
?[m?[37m[INFO] 12:35:46,900 [Test worker] liquibase. - master.changelog.json: migration/vault-schema.changelog-init.xml::1511451595465-55::R3.Corda: Index lock_id_idx created
?[m?[37m[INFO] 12:35:46,900 [Test worker] liquibase. - master.changelog.json: migration/vault-schema.changelog-init.xml::1511451595465-55::R3.Corda: ChangeSet migration/vault-schema.changelog-init.xml::1511451595465-55::R3.Corda ran successfully in 0ms
?[m?[37m[INFO] 12:35:46,901 [Test worker] liquibase. - master.changelog.json: migration/vault-schema.changelog-init.xml::1511451595465-58::R3.Corda: Index state_status_idx created
?[m?[37m[INFO] 12:35:46,901 [Test worker] liquibase. - master.changelog.json: migration/vault-schema.changelog-init.xml::1511451595465-58::R3.Corda: ChangeSet migration/vault-schema.changelog-init.xml::1511451595465-58::R3.Corda ran successfully in 0ms
?[m?[37m[INFO] 12:35:46,902 [Test worker] liquibase. - master.changelog.json: migration/vault-schema.changelog-init.xml::1511451595465-59::R3.Corda: Index transaction_id_index created
?[m?[37m[INFO] 12:35:46,902 [Test worker] liquibase. - master.changelog.json: migration/vault-schema.changelog-init.xml::1511451595465-59::R3.Corda: ChangeSet migration/vault-schema.changelog-init.xml::1511451595465-59::R3.Corda ran successfully in 0ms
?[m?[37m[INFO] 12:35:46,903 [Test worker] liquibase. - master.changelog.json: migration/vault-schema.changelog-init.xml::1511451595465-60::R3.Corda: Index uuid_index created
?[m?[37m[INFO] 12:35:46,903 [Test worker] liquibase. - master.changelog.json: migration/vault-schema.changelog-init.xml::1511451595465-60::R3.Corda: ChangeSet migration/vault-schema.changelog-init.xml::1511451595465-60::R3.Corda ran successfully in 0ms
?[m?[37m[INFO] 12:35:46,905 [Test worker] liquibase. - master.changelog.json: migration/vault-schema.changelog-init.xml::1511451595465-64::R3.Corda: Foreign key constraint added to vault_fungible_states_parts (output_index,transaction_id)
?[m?[37m[INFO] 12:35:46,905 [Test worker] liquibase. - master.changelog.json: migration/vault-schema.changelog-init.xml::1511451595465-64::R3.Corda: ChangeSet migration/vault-schema.changelog-init.xml::1511451595465-64::R3.Corda ran successfully in 1ms
?[m?[37m[INFO] 12:35:46,907 [Test worker] liquibase. - master.changelog.json: migration/vault-schema.changelog-init.xml::1511451595465-65::R3.Corda: Foreign key constraint added to vault_linear_states_parts (output_index,transaction_id)
?[m?[37m[INFO] 12:35:46,907 [Test worker] liquibase. - master.changelog.json: migration/vault-schema.changelog-init.xml::1511451595465-65::R3.Corda: ChangeSet migration/vault-schema.changelog-init.xml::1511451595465-65::R3.Corda ran successfully in 1ms
?[m?[37m[INFO] 12:35:46,908 [Test worker] liquibase. - master.changelog.json: migration/vault-schema.changelog-v3.xml::clean_vault::R3.Corda: Data deleted from vault_fungible_states_parts
?[m?[37m[INFO] 12:35:46,908 [Test worker] liquibase. - master.changelog.json: migration/vault-schema.changelog-v3.xml::clean_vault::R3.Corda: Data deleted from vault_fungible_states
?[m?[37m[INFO] 12:35:46,908 [Test worker] liquibase. - master.changelog.json: migration/vault-schema.changelog-v3.xml::clean_vault::R3.Corda: Data deleted from vault_linear_states_parts
?[m?[37m[INFO] 12:35:46,908 [Test worker] liquibase. - master.changelog.json: migration/vault-schema.changelog-v3.xml::clean_vault::R3.Corda: Data deleted from vault_linear_states
?[m?[37m[INFO] 12:35:46,908 [Test worker] liquibase. - master.changelog.json: migration/vault-schema.changelog-v3.xml::clean_vault::R3.Corda: Data deleted from vault_states
?[m?[37m[INFO] 12:35:46,908 [Test worker] liquibase. - master.changelog.json: migration/vault-schema.changelog-v3.xml::clean_vault::R3.Corda: Data deleted from vault_transaction_notes
?[m?[37m[INFO] 12:35:46,908 [Test worker] liquibase. - master.changelog.json: migration/vault-schema.changelog-v3.xml::clean_vault::R3.Corda: ChangeSet migration/vault-schema.changelog-v3.xml::clean_vault::R3.Corda ran successfully in 0ms
?[m?[37m[INFO] 12:35:46,909 [Test worker] liquibase. - master.changelog.json: migration/vault-schema.changelog-v4.xml::nullability::R3.Corda: Null constraint has been added to vault_fungible_states.quantity
?[m?[37m[INFO] 12:35:46,909 [Test worker] liquibase. - master.changelog.json: migration/vault-schema.changelog-v4.xml::nullability::R3.Corda: Null constraint has been added to vault_states.contract_state_class_name
?[m?[37m[INFO] 12:35:46,909 [Test worker] liquibase. - master.changelog.json: migration/vault-schema.changelog-v4.xml::nullability::R3.Corda: Null constraint has been added to vault_states.notary_name
?[m?[37m[INFO] 12:35:46,909 [Test worker] liquibase. - master.changelog.json: migration/vault-schema.changelog-v4.xml::nullability::R3.Corda: Null constraint has been added to vault_states.recorded_timestamp
?[m?[37m[INFO] 12:35:46,909 [Test worker] liquibase. - master.changelog.json: migration/vault-schema.changelog-v4.xml::nullability::R3.Corda: Index state_status_idx dropped from table vault_states
?[m?[37m[INFO] 12:35:46,910 [Test worker] liquibase. - master.changelog.json: migration/vault-schema.changelog-v4.xml::nullability::R3.Corda: Index lock_id_idx dropped from table vault_states
?[m?[37m[INFO] 12:35:46,910 [Test worker] liquibase. - master.changelog.json: migration/vault-schema.changelog-v4.xml::nullability::R3.Corda: Null constraint has been added to vault_states.state_status
?[m?[37m[INFO] 12:35:46,910 [Test worker] liquibase. - master.changelog.json: migration/vault-schema.changelog-v4.xml::nullability::R3.Corda: Index state_status_idx created
?[m?[37m[INFO] 12:35:46,910 [Test worker] liquibase. - master.changelog.json: migration/vault-schema.changelog-v4.xml::nullability::R3.Corda: Index lock_id_idx created
?[m?[37m[INFO] 12:35:46,910 [Test worker] liquibase. - master.changelog.json: migration/vault-schema.changelog-v4.xml::nullability::R3.Corda: Index transaction_id_index dropped from table vault_transaction_notes
?[m?[37m[INFO] 12:35:46,910 [Test worker] liquibase. - master.changelog.json: migration/vault-schema.changelog-v4.xml::nullability::R3.Corda: Null constraint has been added to vault_transaction_notes.note
?[m?[37m[INFO] 12:35:46,910 [Test worker] liquibase. - master.changelog.json: migration/vault-schema.changelog-v4.xml::nullability::R3.Corda: Null constraint has been added to vault_transaction_notes.transaction_id
?[m?[37m[INFO] 12:35:46,910 [Test worker] liquibase. - master.changelog.json: migration/vault-schema.changelog-v4.xml::nullability::R3.Corda: Index transaction_id_index created
?[m?[37m[INFO] 12:35:46,910 [Test worker] liquibase. - master.changelog.json: migration/vault-schema.changelog-v4.xml::nullability::R3.Corda: ChangeSet migration/vault-schema.changelog-v4.xml::nullability::R3.Corda ran successfully in 1ms
?[m?[37m[INFO] 12:35:46,917 [Test worker] liquibase. - master.changelog.json: migration/vault-schema.changelog-v5.xml::add_relevancy_status_column::R3.Corda: Columns relevancy_status(INT) added to vault_states
?[m?[37m[INFO] 12:35:46,917 [Test worker] liquibase. - master.changelog.json: migration/vault-schema.changelog-v5.xml::add_relevancy_status_column::R3.Corda: Data updated in vault_states
?[m?[37m[INFO] 12:35:46,918 [Test worker] liquibase. - master.changelog.json: migration/vault-schema.changelog-v5.xml::add_relevancy_status_column::R3.Corda: Null constraint has been added to vault_states.relevancy_status
?[m?[37m[INFO] 12:35:46,918 [Test worker] liquibase. - master.changelog.json: migration/vault-schema.changelog-v5.xml::add_relevancy_status_column::R3.Corda: ChangeSet migration/vault-schema.changelog-v5.xml::add_relevancy_status_column::R3.Corda ran successfully in 3ms
?[m?[37m[INFO] 12:35:46,920 [Test worker] liquibase. - master.changelog.json: migration/vault-schema.changelog-v6.xml::add_is_constraint_information_columns::R3.Corda: Columns constraint_type(INT) added to vault_states
?[m?[37m[INFO] 12:35:46,922 [Test worker] liquibase. - master.changelog.json: migration/vault-schema.changelog-v6.xml::add_is_constraint_information_columns::R3.Corda: Columns constraint_data(varbinary(563)) added to vault_states
?[m?[37m[INFO] 12:35:46,922 [Test worker] liquibase. - master.changelog.json: migration/vault-schema.changelog-v6.xml::add_is_constraint_information_columns::R3.Corda: ChangeSet migration/vault-schema.changelog-v6.xml::add_is_constraint_information_columns::R3.Corda ran successfully in 3ms
?[m?[37m[INFO] 12:35:46,923 [Test worker] liquibase. - master.changelog.json: migration/vault-schema.changelog-v7.xml::make_issuer_ref_nullable::R3.Corda: Null constraint dropped from vault_fungible_states.issuer_ref
?[m?[37m[INFO] 12:35:46,923 [Test worker] liquibase. - master.changelog.json: migration/vault-schema.changelog-v7.xml::make_issuer_ref_nullable::R3.Corda: ChangeSet migration/vault-schema.changelog-v7.xml::make_issuer_ref_nullable::R3.Corda ran successfully in 0ms
?[m?[37m[INFO] 12:35:46,925 [Test worker] liquibase. - master.changelog.json: migration/vault-schema.changelog-v8.xml::create-external-id-to-state-party-view::R3.Corda: Table state_party created
?[m?[37m[INFO] 12:35:46,925 [Test worker] liquibase. - master.changelog.json: migration/vault-schema.changelog-v8.xml::create-external-id-to-state-party-view::R3.Corda: Index state_pk_hash_idx created
?[m?[37m[INFO] 12:35:46,925 [Test worker] liquibase. - master.changelog.json: migration/vault-schema.changelog-v8.xml::create-external-id-to-state-party-view::R3.Corda: Table pk_hash_to_ext_id_map created
?[m?[37m[INFO] 12:35:46,925 [Test worker] liquibase. - master.changelog.json: migration/vault-schema.changelog-v8.xml::create-external-id-to-state-party-view::R3.Corda: Index pk_hash_to_xid_idx created
?[m?[37m[INFO] 12:35:46,927 [Test worker] liquibase. - master.changelog.json: migration/vault-schema.changelog-v8.xml::create-external-id-to-state-party-view::R3.Corda: View v_pkey_hash_ex_id_map created
?[m?[37m[INFO] 12:35:46,927 [Test worker] liquibase. - master.changelog.json: migration/vault-schema.changelog-v8.xml::create-external-id-to-state-party-view::R3.Corda: ChangeSet migration/vault-schema.changelog-v8.xml::create-external-id-to-state-party-view::R3.Corda ran successfully in 3ms
?[m?[37m[INFO] 12:35:46,928 [Test worker] liquibase. - master.changelog.json: migration/node-info.changelog-init.xml::1511451595465-4::R3.Corda: Table node_link_nodeinfo_party created
?[m?[37m[INFO] 12:35:46,928 [Test worker] liquibase. - master.changelog.json: migration/node-info.changelog-init.xml::1511451595465-4::R3.Corda: ChangeSet migration/node-info.changelog-init.xml::1511451595465-4::R3.Corda ran successfully in 0ms
?[m?[37m[INFO] 12:35:46,930 [Test worker] liquibase. - master.changelog.json: migration/node-info.changelog-init.xml::1511451595465-10::R3.Corda: Table node_info_hosts created
?[m?[37m[INFO] 12:35:46,930 [Test worker] liquibase. - master.changelog.json: migration/node-info.changelog-init.xml::1511451595465-10::R3.Corda: ChangeSet migration/node-info.changelog-init.xml::1511451595465-10::R3.Corda ran successfully in 1ms
?[m?[37m[INFO] 12:35:46,931 [Test worker] liquibase. - master.changelog.json: migration/node-info.changelog-init.xml::1511451595465-11::R3.Corda: Table node_info_party_cert created
?[m?[37m[INFO] 12:35:46,931 [Test worker] liquibase. - master.changelog.json: migration/node-info.changelog-init.xml::1511451595465-11::R3.Corda: ChangeSet migration/node-info.changelog-init.xml::1511451595465-11::R3.Corda ran successfully in 0ms
?[m?[37m[INFO] 12:35:46,933 [Test worker] liquibase. - master.changelog.json: migration/node-info.changelog-init.xml::1511451595465-12::R3.Corda: Table node_infos created
?[m?[37m[INFO] 12:35:46,933 [Test worker] liquibase. - master.changelog.json: migration/node-info.changelog-init.xml::1511451595465-12::R3.Corda: ChangeSet migration/node-info.changelog-init.xml::1511451595465-12::R3.Corda ran successfully in 1ms
?[m?[37m[INFO] 12:35:46,934 [Test worker] liquibase. - master.changelog.json: migration/node-info.changelog-init.xml::1511451595465-35::R3.Corda: Primary key added to node_info_hosts (host, port)
?[m?[37m[INFO] 12:35:46,934 [Test worker] liquibase. - master.changelog.json: migration/node-info.changelog-init.xml::1511451595465-35::R3.Corda: ChangeSet migration/node-info.changelog-init.xml::1511451595465-35::R3.Corda ran successfully in 0ms
?[m?[37m[INFO] 12:35:46,936 [Test worker] liquibase. - master.changelog.json: migration/node-info.changelog-init.xml::1511451595465-36::R3.Corda: Primary key added to node_info_party_cert (party_name)
?[m?[37m[INFO] 12:35:46,936 [Test worker] liquibase. - master.changelog.json: migration/node-info.changelog-init.xml::1511451595465-36::R3.Corda: ChangeSet migration/node-info.changelog-init.xml::1511451595465-36::R3.Corda ran successfully in 1ms
?[m?[37m[INFO] 12:35:46,937 [Test worker] liquibase. - master.changelog.json: migration/node-info.changelog-init.xml::1511451595465-37::R3.Corda: Primary key added to node_infos (node_info_id)
?[m?[37m[INFO] 12:35:46,937 [Test worker] liquibase. - master.changelog.json: migration/node-info.changelog-init.xml::1511451595465-37::R3.Corda: ChangeSet migration/node-info.changelog-init.xml::1511451595465-37::R3.Corda ran successfully in 0ms
?[m?[37m[INFO] 12:35:46,939 [Test worker] liquibase. - master.changelog.json: migration/node-info.changelog-init.xml::1511451595465-62::R3.Corda: Foreign key constraint added to node_link_nodeinfo_party (node_info_id)
?[m?[37m[INFO] 12:35:46,939 [Test worker] liquibase. - master.changelog.json: migration/node-info.changelog-init.xml::1511451595465-62::R3.Corda: ChangeSet migration/node-info.changelog-init.xml::1511451595465-62::R3.Corda ran successfully in 1ms
?[m?[37m[INFO] 12:35:46,940 [Test worker] liquibase. - master.changelog.json: migration/node-info.changelog-init.xml::1511451595465-63::R3.Corda: Foreign key constraint added to node_info_hosts (node_info_id)
?[m?[37m[INFO] 12:35:46,941 [Test worker] liquibase. - master.changelog.json: migration/node-info.changelog-init.xml::1511451595465-63::R3.Corda: ChangeSet migration/node-info.changelog-init.xml::1511451595465-63::R3.Corda ran successfully in 0ms
?[m?[37m[INFO] 12:35:46,942 [Test worker] liquibase. - master.changelog.json: migration/node-info.changelog-init.xml::remove_host_port_pk::R3.Corda: Data deleted from node_infos
?[m?[37m[INFO] 12:35:46,942 [Test worker] liquibase. - master.changelog.json: migration/node-info.changelog-init.xml::remove_host_port_pk::R3.Corda: Data deleted from node_link_nodeinfo_party
?[m?[37m[INFO] 12:35:46,942 [Test worker] liquibase. - master.changelog.json: migration/node-info.changelog-init.xml::remove_host_port_pk::R3.Corda: Data deleted from node_info_hosts
?[m?[37m[INFO] 12:35:46,942 [Test worker] liquibase. - master.changelog.json: migration/node-info.changelog-init.xml::remove_host_port_pk::R3.Corda: Data deleted from node_info_party_cert
?[m?[37m[INFO] 12:35:46,942 [Test worker] liquibase. - master.changelog.json: migration/node-info.changelog-init.xml::remove_host_port_pk::R3.Corda: Primary key dropped from node_info_hosts
?[m?[37m[INFO] 12:35:46,943 [Test worker] liquibase. - master.changelog.json: migration/node-info.changelog-init.xml::remove_host_port_pk::R3.Corda: Columns hosts_id(INT) added to node_info_hosts
?[m?[37m[INFO] 12:35:46,943 [Test worker] liquibase. - master.changelog.json: migration/node-info.changelog-init.xml::remove_host_port_pk::R3.Corda: Primary key added to node_info_hosts (hosts_id)
?[m?[37m[INFO] 12:35:46,943 [Test worker] liquibase. - master.changelog.json: migration/node-info.changelog-init.xml::remove_host_port_pk::R3.Corda: ChangeSet migration/node-info.changelog-init.xml::remove_host_port_pk::R3.Corda ran successfully in 1ms
?[m?[37m[INFO] 12:35:46,945 [Test worker] liquibase. - master.changelog.json: migration/node-info.changelog-v1.xml::key/value node properties table::R3.Corda: Table node_properties created
?[m?[37m[INFO] 12:35:46,945 [Test worker] liquibase. - master.changelog.json: migration/node-info.changelog-v1.xml::key/value node properties table::R3.Corda: ChangeSet migration/node-info.changelog-v1.xml::key/value node properties table::R3.Corda ran successfully in 0ms
?[m?[37m[INFO] 12:35:46,946 [Test worker] liquibase. - master.changelog.json: migration/node-info.changelog-v2.xml::1525962920::R3.Corda: Null constraint has been added to node_infos.node_info_hash
?[m?[37m[INFO] 12:35:46,946 [Test worker] liquibase. - master.changelog.json: migration/node-info.changelog-v2.xml::1525962920::R3.Corda: Null constraint has been added to node_infos.platform_version
?[m?[37m[INFO] 12:35:46,946 [Test worker] liquibase. - master.changelog.json: migration/node-info.changelog-v2.xml::1525962920::R3.Corda: Null constraint has been added to node_infos.serial
?[m?[37m[INFO] 12:35:46,946 [Test worker] liquibase. - master.changelog.json: migration/node-info.changelog-v2.xml::1525962920::R3.Corda: Null constraint dropped from node_info_hosts.host
?[m?[37m[INFO] 12:35:46,946 [Test worker] liquibase. - master.changelog.json: migration/node-info.changelog-v2.xml::1525962920::R3.Corda: Null constraint dropped from node_info_hosts.port
?[m?[37m[INFO] 12:35:46,946 [Test worker] liquibase. - master.changelog.json: migration/node-info.changelog-v2.xml::1525962920::R3.Corda: Null constraint has been added to node_info_party_cert.owning_key_hash
?[m?[37m[INFO] 12:35:46,946 [Test worker] liquibase. - master.changelog.json: migration/node-info.changelog-v2.xml::1525962920::R3.Corda: Null constraint has been added to node_info_party_cert.party_cert_binary
?[m?[37m[INFO] 12:35:46,946 [Test worker] liquibase. - master.changelog.json: migration/node-info.changelog-v2.xml::1525962920::R3.Corda: ChangeSet migration/node-info.changelog-v2.xml::1525962920::R3.Corda ran successfully in 0ms
?[m?[37m[INFO] 12:35:46,947 [Test worker] liquibase. - master.changelog.json: migration/node-info.changelog-v3.xml::column_host_name::R3.Corda: Column node_info_hosts.host renamed to host_name
?[m?[37m[INFO] 12:35:46,947 [Test worker] liquibase. - master.changelog.json: migration/node-info.changelog-v3.xml::column_host_name::R3.Corda: ChangeSet migration/node-info.changelog-v3.xml::column_host_name::R3.Corda ran successfully in 0ms
?[m?[37m[INFO] 12:35:46,948 [Test worker] liquibase. - master.changelog.json: migration/node-services.changelog-init.xml::1511451595465-5::R3.Corda: Table node_attachments created
?[m?[37m[INFO] 12:35:46,948 [Test worker] liquibase. - master.changelog.json: migration/node-services.changelog-init.xml::1511451595465-5::R3.Corda: ChangeSet migration/node-services.changelog-init.xml::1511451595465-5::R3.Corda ran successfully in 0ms
?[m?[37m[INFO] 12:35:46,950 [Test worker] liquibase. - master.changelog.json: migration/node-services.changelog-init.xml::1511451595465-7::R3.Corda: Table node_checkpoints created
?[m?[37m[INFO] 12:35:46,950 [Test worker] liquibase. - master.changelog.json: migration/node-services.changelog-init.xml::1511451595465-7::R3.Corda: ChangeSet migration/node-services.changelog-init.xml::1511451595465-7::R3.Corda ran successfully in 1ms
?[m?[37m[INFO] 12:35:46,950 [Test worker] liquibase. - master.changelog.json: migration/node-services.changelog-init.xml::1511451595465-8::R3.Corda: Table node_contract_upgrades created
?[m?[37m[INFO] 12:35:46,950 [Test worker] liquibase. - master.changelog.json: migration/node-services.changelog-init.xml::1511451595465-8::R3.Corda: ChangeSet migration/node-services.changelog-init.xml::1511451595465-8::R3.Corda ran successfully in 0ms
?[m?[37m[INFO] 12:35:46,951 [Test worker] liquibase. - master.changelog.json: migration/node-services.changelog-init.xml::1511451595465-9::R3.Corda: Table node_identities created
?[m?[37m[INFO] 12:35:46,951 [Test worker] liquibase. - master.changelog.json: migration/node-services.changelog-init.xml::1511451595465-9::R3.Corda: ChangeSet migration/node-services.changelog-init.xml::1511451595465-9::R3.Corda ran successfully in 0ms
?[m?[37m[INFO] 12:35:46,952 [Test worker] liquibase. - master.changelog.json: migration/node-services.changelog-init.xml::1511451595465-13::R3.Corda: Table node_message_ids created
?[m?[37m[INFO] 12:35:46,952 [Test worker] liquibase. - master.changelog.json: migration/node-services.changelog-init.xml::1511451595465-13::R3.Corda: ChangeSet migration/node-services.changelog-init.xml::1511451595465-13::R3.Corda ran successfully in 0ms
?[m?[37m[INFO] 12:35:46,953 [Test worker] liquibase. - master.changelog.json: migration/node-services.changelog-init.xml::1511451595465-14::R3.Corda: Table node_message_retry created
?[m?[37m[INFO] 12:35:46,953 [Test worker] liquibase. - master.changelog.json: migration/node-services.changelog-init.xml::1511451595465-14::R3.Corda: ChangeSet migration/node-services.changelog-init.xml::1511451595465-14::R3.Corda ran successfully in 0ms
?[m?[37m[INFO] 12:35:46,954 [Test worker] liquibase. - master.changelog.json: migration/node-services.changelog-init.xml::1511451595465-15::R3.Corda: Table node_named_identities created
?[m?[37m[INFO] 12:35:46,954 [Test worker] liquibase. - master.changelog.json: migration/node-services.changelog-init.xml::1511451595465-15::R3.Corda: ChangeSet migration/node-services.changelog-init.xml::1511451595465-15::R3.Corda ran successfully in 0ms
?[m?[37m[INFO] 12:35:46,956 [Test worker] liquibase. - master.changelog.json: migration/node-services.changelog-init.xml::1511451595465-17::R3.Corda: Table node_our_key_pairs created
?[m?[37m[INFO] 12:35:46,956 [Test worker] liquibase. - master.changelog.json: migration/node-services.changelog-init.xml::1511451595465-17::R3.Corda: ChangeSet migration/node-services.changelog-init.xml::1511451595465-17::R3.Corda ran successfully in 1ms
?[m?[37m[INFO] 12:35:46,957 [Test worker] liquibase. - master.changelog.json: migration/node-services.changelog-init.xml::1511451595465-19::R3.Corda: Table node_scheduled_states created
?[m?[37m[INFO] 12:35:46,957 [Test worker] liquibase. - master.changelog.json: migration/node-services.changelog-init.xml::1511451595465-19::R3.Corda: ChangeSet migration/node-services.changelog-init.xml::1511451595465-19::R3.Corda ran successfully in 0ms
?[m?[37m[INFO] 12:35:46,958 [Test worker] liquibase. - master.changelog.json: migration/node-services.changelog-init.xml::1511451595465-20::R3.Corda: Table node_transaction_mappings created
?[m?[37m[INFO] 12:35:46,958 [Test worker] liquibase. - master.changelog.json: migration/node-services.changelog-init.xml::1511451595465-20::R3.Corda: ChangeSet migration/node-services.changelog-init.xml::1511451595465-20::R3.Corda ran successfully in 0ms
?[m?[37m[INFO] 12:35:46,960 [Test worker] liquibase. - master.changelog.json: migration/node-services.changelog-init.xml::1511451595465-21::R3.Corda: Table node_transactions created
?[m?[37m[INFO] 12:35:46,960 [Test worker] liquibase. - master.changelog.json: migration/node-services.changelog-init.xml::1511451595465-21::R3.Corda: ChangeSet migration/node-services.changelog-init.xml::1511451595465-21::R3.Corda ran successfully in 1ms
?[m?[37m[INFO] 12:35:46,961 [Test worker] liquibase. - master.changelog.json: migration/node-services.changelog-init.xml::1511451595465-30::R3.Corda: Primary key added to node_attachments (att_id)
?[m?[37m[INFO] 12:35:46,961 [Test worker] liquibase. - master.changelog.json: migration/node-services.changelog-init.xml::1511451595465-30::R3.Corda: ChangeSet migration/node-services.changelog-init.xml::1511451595465-30::R3.Corda ran successfully in 0ms
?[m?[37m[INFO] 12:35:46,963 [Test worker] liquibase. - master.changelog.json: migration/node-services.changelog-init.xml::1511451595465-32::R3.Corda: Primary key added to node_checkpoints (checkpoint_id)
?[m?[37m[INFO] 12:35:46,963 [Test worker] liquibase. - master.changelog.json: migration/node-services.changelog-init.xml::1511451595465-32::R3.Corda: ChangeSet migration/node-services.changelog-init.xml::1511451595465-32::R3.Corda ran successfully in 1ms
?[m?[37m[INFO] 12:35:46,964 [Test worker] liquibase. - master.changelog.json: migration/node-services.changelog-init.xml::1511451595465-33::R3.Corda: Primary key added to node_contract_upgrades (state_ref)
?[m?[37m[INFO] 12:35:46,964 [Test worker] liquibase. - master.changelog.json: migration/node-services.changelog-init.xml::1511451595465-33::R3.Corda: ChangeSet migration/node-services.changelog-init.xml::1511451595465-33::R3.Corda ran successfully in 0ms
?[m?[37m[INFO] 12:35:46,966 [Test worker] liquibase. - master.changelog.json: migration/node-services.changelog-init.xml::1511451595465-34::R3.Corda: Primary key added to node_identities (pk_hash)
?[m?[37m[INFO] 12:35:46,966 [Test worker] liquibase. - master.changelog.json: migration/node-services.changelog-init.xml::1511451595465-34::R3.Corda: ChangeSet migration/node-services.changelog-init.xml::1511451595465-34::R3.Corda ran successfully in 0ms
?[m?[37m[INFO] 12:35:46,968 [Test worker] liquibase. - master.changelog.json: migration/node-services.changelog-init.xml::1511451595465-38::R3.Corda: Primary key added to node_message_ids (message_id)
?[m?[37m[INFO] 12:35:46,968 [Test worker] liquibase. - master.changelog.json: migration/node-services.changelog-init.xml::1511451595465-38::R3.Corda: ChangeSet migration/node-services.changelog-init.xml::1511451595465-38::R3.Corda ran successfully in 1ms
?[m?[37m[INFO] 12:35:46,969 [Test worker] liquibase. - master.changelog.json: migration/node-services.changelog-init.xml::1511451595465-39::R3.Corda: Primary key added to node_message_retry (message_id)
?[m?[37m[INFO] 12:35:46,969 [Test worker] liquibase. - master.changelog.json: migration/node-services.changelog-init.xml::1511451595465-39::R3.Corda: ChangeSet migration/node-services.changelog-init.xml::1511451595465-39::R3.Corda ran successfully in 0ms
?[m?[37m[INFO] 12:35:46,971 [Test worker] liquibase. - master.changelog.json: migration/node-services.changelog-init.xml::1511451595465-40::R3.Corda: Primary key added to node_named_identities (name)
?[m?[37m[INFO] 12:35:46,971 [Test worker] liquibase. - master.changelog.json: migration/node-services.changelog-init.xml::1511451595465-40::R3.Corda: ChangeSet migration/node-services.changelog-init.xml::1511451595465-40::R3.Corda ran successfully in 0ms
?[m?[37m[INFO] 12:35:46,972 [Test worker] liquibase. - master.changelog.json: migration/node-services.changelog-init.xml::1511451595465-42::R3.Corda: Primary key added to node_our_key_pairs (public_key_hash)
?[m?[37m[INFO] 12:35:46,972 [Test worker] liquibase. - master.changelog.json: migration/node-services.changelog-init.xml::1511451595465-42::R3.Corda: ChangeSet migration/node-services.changelog-init.xml::1511451595465-42::R3.Corda ran successfully in 0ms
?[m?[37m[INFO] 12:35:46,974 [Test worker] liquibase. - master.changelog.json: migration/node-services.changelog-init.xml::1511451595465-44::R3.Corda: Primary key added to node_scheduled_states (output_index, transaction_id)
?[m?[37m[INFO] 12:35:46,974 [Test worker] liquibase. - master.changelog.json: migration/node-services.changelog-init.xml::1511451595465-44::R3.Corda: ChangeSet migration/node-services.changelog-init.xml::1511451595465-44::R3.Corda ran successfully in 1ms
?[m?[37m[INFO] 12:35:46,975 [Test worker] liquibase. - master.changelog.json: migration/node-services.changelog-init.xml::1511451595465-45::R3.Corda: Primary key added to node_transaction_mappings (tx_id)
?[m?[37m[INFO] 12:35:46,975 [Test worker] liquibase. - master.changelog.json: migration/node-services.changelog-init.xml::1511451595465-45::R3.Corda: ChangeSet migration/node-services.changelog-init.xml::1511451595465-45::R3.Corda ran successfully in 0ms
?[m?[37m[INFO] 12:35:46,976 [Test worker] liquibase. - master.changelog.json: migration/node-services.changelog-init.xml::1511451595465-46::R3.Corda: Primary key added to node_transactions (tx_id)
?[m?[37m[INFO] 12:35:46,976 [Test worker] liquibase. - master.changelog.json: migration/node-services.changelog-init.xml::1511451595465-46::R3.Corda: ChangeSet migration/node-services.changelog-init.xml::1511451595465-46::R3.Corda ran successfully in 0ms
?[m?[37m[INFO] 12:35:46,978 [Test worker] liquibase. - master.changelog.json: migration/node-services.changelog-init.xml::1511451595465-61::R3.Corda: Foreign key constraint added to node_link_nodeinfo_party (party_name)
?[m?[37m[INFO] 12:35:46,978 [Test worker] liquibase. - master.changelog.json: migration/node-services.changelog-init.xml::1511451595465-61::R3.Corda: ChangeSet migration/node-services.changelog-init.xml::1511451595465-61::R3.Corda ran successfully in 1ms
?[m?[37m[INFO] 12:35:46,979 [Test worker] liquibase. - master.changelog.json: migration/node-services.changelog-init.xml::add index att_id::R3.Corda: Index att_id_idx created
?[m?[37m[INFO] 12:35:46,980 [Test worker] liquibase. - master.changelog.json: migration/node-services.changelog-init.xml::add index att_id::R3.Corda: ChangeSet migration/node-services.changelog-init.xml::add index att_id::R3.Corda ran successfully in 1ms
?[m?[37m[INFO] 12:35:46,981 [Test worker] liquibase. - master.changelog.json: migration/node-services.changelog-init.xml::add_contract_attachment::R3.Corda: Table node_attchments_contracts created
?[m?[37m[INFO] 12:35:46,981 [Test worker] liquibase. - master.changelog.json: migration/node-services.changelog-init.xml::add_contract_attachment::R3.Corda: Foreign key constraint added to node_attchments_contracts (att_id)
?[m?[37m[INFO] 12:35:46,982 [Test worker] liquibase. - master.changelog.json: migration/node-services.changelog-init.xml::add_contract_attachment::R3.Corda: Data deleted from node_attachments
?[m?[37m[INFO] 12:35:46,982 [Test worker] liquibase. - master.changelog.json: migration/node-services.changelog-init.xml::add_contract_attachment::R3.Corda: ChangeSet migration/node-services.changelog-init.xml::add_contract_attachment::R3.Corda ran successfully in 1ms
?[m?[37m[INFO] 12:35:46,984 [Test worker] liquibase. - master.changelog.json: migration/node-services.changelog-init.xml::add_dedup_columns::R3.Corda: Columns sender(NVARCHAR(64)),sequence_number(BIGINT) added to node_message_ids
?[m?[37m[INFO] 12:35:46,984 [Test worker] liquibase. - master.changelog.json: migration/node-services.changelog-init.xml::add_dedup_columns::R3.Corda: ChangeSet migration/node-services.changelog-init.xml::add_dedup_columns::R3.Corda ran successfully in 1ms
?[m?[37m[INFO] 12:35:46,985 [Test worker] liquibase. - master.changelog.json: migration/node-core.changelog-v4.xml::attchments_rename::R3.Corda: Table node_attchments_contracts renamed to node_attachments_contracts
?[m?[37m[INFO] 12:35:46,985 [Test worker] liquibase. - master.changelog.json: migration/node-core.changelog-v4.xml::attchments_rename::R3.Corda: ChangeSet migration/node-core.changelog-v4.xml::attchments_rename::R3.Corda ran successfully in 0ms
?[m?[37m[INFO] 12:35:46,987 [Test worker] liquibase. - master.changelog.json: migration/node-core.changelog-v4.xml::nullability::R3.Corda: Null constraint has been added to node_identities.identity_value
?[m?[37m[INFO] 12:35:46,987 [Test worker] liquibase. - master.changelog.json: migration/node-core.changelog-v4.xml::nullability::R3.Corda: Null constraint has been added to node_attachments.content
?[m?[37m[INFO] 12:35:46,987 [Test worker] liquibase. - master.changelog.json: migration/node-core.changelog-v4.xml::nullability::R3.Corda: Null constraint has been added to node_attachments_contracts.contract_class_name
?[m?[37m[INFO] 12:35:46,987 [Test worker] liquibase. - master.changelog.json: migration/node-core.changelog-v4.xml::nullability::R3.Corda: Null constraint has been added to node_checkpoints.checkpoint_value
?[m?[37m[INFO] 12:35:46,987 [Test worker] liquibase. - master.changelog.json: migration/node-core.changelog-v4.xml::nullability::R3.Corda: Null constraint has been added to node_contract_upgrades.contract_class_name
?[m?[37m[INFO] 12:35:46,987 [Test worker] liquibase. - master.changelog.json: migration/node-core.changelog-v4.xml::nullability::R3.Corda: Null constraint has been added to node_message_ids.insertion_time
?[m?[37m[INFO] 12:35:46,987 [Test worker] liquibase. - master.changelog.json: migration/node-core.changelog-v4.xml::nullability::R3.Corda: Null constraint has been added to node_message_retry.message
?[m?[37m[INFO] 12:35:46,987 [Test worker] liquibase. - master.changelog.json: migration/node-core.changelog-v4.xml::nullability::R3.Corda: Null constraint has been added to node_message_retry.recipients
?[m?[37m[INFO] 12:35:46,988 [Test worker] liquibase. - master.changelog.json: migration/node-core.changelog-v4.xml::nullability::R3.Corda: Null constraint has been added to node_named_identities.pk_hash
?[m?[37m[INFO] 12:35:46,988 [Test worker] liquibase. - master.changelog.json: migration/node-core.changelog-v4.xml::nullability::R3.Corda: Null constraint has been added to node_our_key_pairs.private_key
?[m?[37m[INFO] 12:35:46,988 [Test worker] liquibase. - master.changelog.json: migration/node-core.changelog-v4.xml::nullability::R3.Corda: Null constraint has been added to node_our_key_pairs.public_key
?[m?[37m[INFO] 12:35:46,988 [Test worker] liquibase. - master.changelog.json: migration/node-core.changelog-v4.xml::nullability::R3.Corda: Null constraint has been added to node_transaction_mappings.state_machine_run_id
?[m?[37m[INFO] 12:35:46,988 [Test worker] liquibase. - master.changelog.json: migration/node-core.changelog-v4.xml::nullability::R3.Corda: Null constraint has been added to node_transactions.transaction_value
?[m?[37m[INFO] 12:35:46,988 [Test worker] liquibase. - master.changelog.json: migration/node-core.changelog-v4.xml::nullability::R3.Corda: ChangeSet migration/node-core.changelog-v4.xml::nullability::R3.Corda ran successfully in 2ms
?[m?[37m[INFO] 12:35:46,990 [Test worker] liquibase. - master.changelog.json: migration/node-core.changelog-v5.xml::remove_unused_node_message_retry::R3.Corda: Table node_message_retry dropped
?[m?[37m[INFO] 12:35:46,990 [Test worker] liquibase. - master.changelog.json: migration/node-core.changelog-v5.xml::remove_unused_node_message_retry::R3.Corda: ChangeSet migration/node-core.changelog-v5.xml::remove_unused_node_message_retry::R3.Corda ran successfully in 0ms
?[m?[37m[INFO] 12:35:47,000 [Test worker] liquibase. - master.changelog.json: migration/node-core.changelog-v8.xml::conditional_attchments_rename::R3.Corda: Marking ChangeSet: migration/node-core.changelog-v8.xml::conditional_attchments_rename::R3.Corda ran despite precondition failure due to onFail='MARK_RAN': 
          master.changelog.json : Table PUBLIC.NODE_ATTCHMENTS_CONTRACTS does not exist

?[m?[37m[INFO] 12:35:47,008 [Test worker] liquibase. - master.changelog.json: migration/node-core.changelog-v8.xml::conditional_attchments_contracts::R3.Corda: Marking ChangeSet: migration/node-core.changelog-v8.xml::conditional_attchments_contracts::R3.Corda ran despite precondition failure due to onFail='MARK_RAN': 
          master.changelog.json : Table PUBLIC.NODE_ATTACHMENTS_CONTRACT_CLASS_NAME does not exist

?[m?[37m[INFO] 12:35:47,009 [Test worker] liquibase. - master.changelog.json: migration/node-core.changelog-v8.xml::add_signers::R3.Corda: Table node_attachments_signers created
?[m?[37m[INFO] 12:35:47,010 [Test worker] liquibase. - master.changelog.json: migration/node-core.changelog-v8.xml::add_signers::R3.Corda: Foreign key constraint added to node_attachments_signers (att_id)
?[m?[37m[INFO] 12:35:47,010 [Test worker] liquibase. - master.changelog.json: migration/node-core.changelog-v8.xml::add_signers::R3.Corda: ChangeSet migration/node-core.changelog-v8.xml::add_signers::R3.Corda ran successfully in 1ms
?[m?[37m[INFO] 12:35:47,012 [Test worker] liquibase. - master.changelog.json: migration/node-core.changelog-tx-mapping.xml::add_tx_mapping_column::R3.Corda: Columns state_machine_run_id(NVARCHAR(36)) added to node_transactions
?[m?[37m[INFO] 12:35:47,013 [Test worker] liquibase. - master.changelog.json: migration/node-core.changelog-tx-mapping.xml::add_tx_mapping_column::R3.Corda: Custom SQL executed
?[m?[37m[INFO] 12:35:47,013 [Test worker] liquibase. - master.changelog.json: migration/node-core.changelog-tx-mapping.xml::add_tx_mapping_column::R3.Corda: Table node_transaction_mappings dropped
?[m?[37m[INFO] 12:35:47,013 [Test worker] liquibase. - master.changelog.json: migration/node-core.changelog-tx-mapping.xml::add_tx_mapping_column::R3.Corda: ChangeSet migration/node-core.changelog-tx-mapping.xml::add_tx_mapping_column::R3.Corda ran successfully in 2ms
?[m?[37m[INFO] 12:35:47,015 [Test worker] liquibase. - master.changelog.json: migration/node-services.changelog-init.xml::add_network_parameters_storage::R3.Corda: Table node_network_parameters created
?[m?[37m[INFO] 12:35:47,015 [Test worker] liquibase. - master.changelog.json: migration/node-services.changelog-init.xml::add_network_parameters_storage::R3.Corda: ChangeSet migration/node-services.changelog-init.xml::add_network_parameters_storage::R3.Corda ran successfully in 1ms
?[m?[37m[INFO] 12:35:47,016 [Test worker] liquibase. - master.changelog.json: migration/node-services.changelog-init.xml::network_parameters_pk::R3.Corda: Primary key added to node_network_parameters (hash)
?[m?[37m[INFO] 12:35:47,016 [Test worker] liquibase. - master.changelog.json: migration/node-services.changelog-init.xml::network_parameters_pk::R3.Corda: ChangeSet migration/node-services.changelog-init.xml::network_parameters_pk::R3.Corda ran successfully in 0ms
?[m?[37m[INFO] 12:35:47,018 [Test worker] liquibase. - master.changelog.json: migration/node-services.changelog-init.xml::add_version_column::R3.Corda: Columns version(INT) added to node_attachments
?[m?[37m[INFO] 12:35:47,019 [Test worker] liquibase. - master.changelog.json: migration/node-services.changelog-init.xml::add_version_column::R3.Corda: Custom SQL executed
?[m?[37m[INFO] 12:35:47,019 [Test worker] liquibase. - master.changelog.json: migration/node-services.changelog-init.xml::add_version_column::R3.Corda: Null constraint has been added to node_attachments.version
?[m?[37m[INFO] 12:35:47,019 [Test worker] liquibase. - master.changelog.json: migration/node-services.changelog-init.xml::add_version_column::R3.Corda: ChangeSet migration/node-services.changelog-init.xml::add_version_column::R3.Corda ran successfully in 2ms
?[m?[37m[INFO] 12:35:47,020 [Test worker] persistence.AttachmentVersionNumberMigration. - Start executing...
?[m?[37m[INFO] 12:35:47,022 [Test worker] persistence.AttachmentVersionNumberMigration. - Attachment version creation from whitelisted JARs using network parameters from build\mock-network\20190412-153544.309\nodes\2\network-parameters, whitelistedContractImplementations: {}.
?[m?[37m[INFO] 12:35:47,022 [Test worker] persistence.AttachmentVersionNumberMigration. - Attachment version creation from whitelisted JARs skipped, no attachments not found.
?[m?[37m[INFO] 12:35:47,022 [Test worker] liquibase. - master.changelog.json: migration/node-services.changelog-init.xml::update-version-of-whitelisted-jars::R3.Corda: null
?[m?[37m[INFO] 12:35:47,022 [Test worker] liquibase. - master.changelog.json: migration/node-services.changelog-init.xml::update-version-of-whitelisted-jars::R3.Corda: ChangeSet migration/node-services.changelog-init.xml::update-version-of-whitelisted-jars::R3.Corda ran successfully in 2ms
?[m?[37m[INFO] 12:35:47,023 [Test worker] migration.VaultStateMigration. - Migrating vault state data to V4 tables
?[m?[37m[INFO] 12:35:47,025 [Test worker] persistence.HibernateConfiguration. - Init HibernateConfiguration for schemas: [VaultMigrationSchemaV1(name=net.corda.node.migration.VaultMigrationSchema, version=1), VaultSchemaV1(name=net.corda.node.services.vault.VaultSchema, version=1)]
?[m?[37m[INFO] 12:35:47,025 [Test worker] persistence.HibernateConfiguration. - Creating session factory for schemas: [VaultMigrationSchemaV1(name=net.corda.node.migration.VaultMigrationSchema, version=1), VaultSchemaV1(name=net.corda.node.services.vault.VaultSchema, version=1)]
?[m?[37m[INFO] 12:35:47,032 [Test worker] internal.ConnectionProviderInitiator. - HHH000130: Instantiating explicit connection provider: net.corda.nodeapi.internal.persistence.HibernateConfiguration$NodeDatabaseConnectionProvider
?[m?[37m[INFO] 12:35:47,033 [Test worker] dialect.Dialect. - HHH000400: Using dialect: org.hibernate.dialect.H2Dialect
?[m?[37m[INFO] 12:35:47,035 [Test worker] type.BasicTypeRegistry. - HHH000270: Type registration [materialized_blob] overrides previous : org.hibernate.type.MaterializedBlobType@61c329e6
?[m?[37m[INFO] 12:35:47,063 [Test worker] connections.access. - HHH10001501: Connection obtained from JdbcConnectionAccess [org.hibernate.engine.jdbc.env.internal.JdbcEnvironmentInitiator$ConnectionProviderJdbcConnectionAccess@733b5e06] for (non-JTA) DDL execution was not in auto-commit mode; the Connection 'local transaction' will be committed and the Connection will be set into auto-commit mode.
?[m?[37m[INFO] 12:35:47,084 [Test worker] persistence.HibernateConfiguration. - Created session factory for schemas: [VaultMigrationSchemaV1(name=net.corda.node.migration.VaultMigrationSchema, version=1), VaultSchemaV1(name=net.corda.node.services.vault.VaultSchema, version=1)]
?[m?[37m[INFO] 12:35:47,084 [Test worker] internal.QueryTranslatorFactoryInitiator. - HHH000397: Using ASTQueryTranslatorFactory
?[m?[37m[INFO] 12:35:47,090 [Test worker] migration.VaultStateMigration. - Finished performing vault state data migration for 0 states
?[m?[37m[INFO] 12:35:47,090 [Test worker] liquibase. - master.changelog.json: migration/vault-schema.changelog-v9.xml::update-vault-states::R3.Corda: null
?[m?[37m[INFO] 12:35:47,090 [Test worker] liquibase. - master.changelog.json: migration/vault-schema.changelog-v9.xml::update-vault-states::R3.Corda: ChangeSet migration/vault-schema.changelog-v9.xml::update-vault-states::R3.Corda ran successfully in 67ms
?[m?[37m[INFO] 12:35:47,091 [Test worker] liquibase. - Successfully released change log lock
?[m?[37m[INFO] 12:35:47,092 [Test worker] internal.InternalMockNetwork$MockNode. - Connected to H2 database.
?[m?[37m[INFO] 12:35:47,092 [Test worker] internal.InternalMockNetwork$MockNode. - identity-private-key not found in key store, generating fresh key!
?[m?[37m[INFO] 12:35:47,116 [Test worker] persistence.HibernateConfiguration. - Init HibernateConfiguration for schemas: [CommonSchemaV1(name=net.corda.core.schemas.CommonSchema, version=1), VaultSchemaV1(name=net.corda.node.services.vault.VaultSchema, version=1), NodeInfoSchemaV1(name=net.corda.node.internal.schemas.NodeInfoSchema, version=1), NodeCoreV1(name=net.corda.node.services.schema.NodeSchemaService$NodeCore, version=1), IOUSchemaV1(name=com.example.schema.IOUSchema, version=1)]
?[m?[37m[INFO] 12:35:47,116 [Test worker] persistence.HibernateConfiguration. - Creating session factory for schemas: [CommonSchemaV1(name=net.corda.core.schemas.CommonSchema, version=1), VaultSchemaV1(name=net.corda.node.services.vault.VaultSchema, version=1), NodeInfoSchemaV1(name=net.corda.node.internal.schemas.NodeInfoSchema, version=1), NodeCoreV1(name=net.corda.node.services.schema.NodeSchemaService$NodeCore, version=1), IOUSchemaV1(name=com.example.schema.IOUSchema, version=1)]
?[m?[37m[INFO] 12:35:47,123 [Test worker] internal.ConnectionProviderInitiator. - HHH000130: Instantiating explicit connection provider: net.corda.nodeapi.internal.persistence.HibernateConfiguration$NodeDatabaseConnectionProvider
?[m?[37m[INFO] 12:35:47,124 [Test worker] dialect.Dialect. - HHH000400: Using dialect: org.hibernate.dialect.H2Dialect
?[m?[37m[INFO] 12:35:47,126 [Test worker] type.BasicTypeRegistry. - HHH000270: Type registration [materialized_blob] overrides previous : org.hibernate.type.MaterializedBlobType@61c329e6
?[m?[37m[INFO] 12:35:47,164 [Test worker] connections.access. - HHH10001501: Connection obtained from JdbcConnectionAccess [org.hibernate.engine.jdbc.env.internal.JdbcEnvironmentInitiator$ConnectionProviderJdbcConnectionAccess@5d28af84] for (non-JTA) DDL execution was not in auto-commit mode; the Connection 'local transaction' will be committed and the Connection will be set into auto-commit mode.
?[m?[37m[INFO] 12:35:47,199 [Test worker] persistence.HibernateConfiguration. - Created session factory for schemas: [CommonSchemaV1(name=net.corda.core.schemas.CommonSchema, version=1), VaultSchemaV1(name=net.corda.node.services.vault.VaultSchema, version=1), NodeInfoSchemaV1(name=net.corda.node.internal.schemas.NodeInfoSchema, version=1), NodeCoreV1(name=net.corda.node.services.schema.NodeSchemaService$NodeCore, version=1), IOUSchemaV1(name=com.example.schema.IOUSchema, version=1)]
?[m?[37m[INFO] 12:35:47,200 [Test worker] internal.QueryTranslatorFactoryInitiator. - HHH000397: Using ASTQueryTranslatorFactory
?[m?[37m[INFO] 12:35:47,203 [Test worker] internal.InternalMockNetwork$MockNode. - Node-info has changed so submitting update. Old node-info was null
?[m?[37m[INFO] 12:35:47,203 [Test worker] network.PersistentNetworkMapCache. - Adding node with info: NodeInfo(addresses=[mock.node:1000], legalIdentitiesAndCerts=[O=Mock Company 2, L=London, C=GB], platformVersion=4, serial=1555083347203)
?[m?[37m[INFO] 12:35:47,204 [Test worker] network.PersistentNetworkMapCache. - No previous node found
?[m?[37m[INFO] 12:35:47,209 [Test worker] internal.InternalMockNetwork$MockNode. - New node-info: NodeInfo(addresses=[mock.node:1000], legalIdentitiesAndCerts=[O=Mock Company 2, L=London, C=GB], platformVersion=4, serial=1555083347203)
?[m?[37m[INFO] 12:35:47,218 [Test worker] network.NetworkMapUpdater. - Auto-accept enabled for network parameter changes which modify only: [epoch, modifiedTime, packageOwnership, whitelistedContractImplementations]
?[m?[37m[INFO] 12:35:47,222 [MockNode-12-2] network.PersistentNetworkMapCache. - Adding node with info: NodeInfo(addresses=[mock.node:1000], legalIdentitiesAndCerts=[O=Mock Company 2, L=London, C=GB], platformVersion=4, serial=1555083347203)
?[m?[37m[INFO] 12:35:47,225 [MockNode-12-2] network.PersistentNetworkMapCache. - Previous node was identical to incoming one - doing nothing
?[m?[37m[INFO] 12:35:47,318 [Test worker] ClassloaderUtils. - Contracts loading for 'C:\Users\Daniel\AppData\Local\Temp\attachment5711514878746930693.jar' took 21 msec
?[m?[37m[INFO] 12:35:47,326 [Test worker] persistence.NodeAttachmentService. - Stored new attachment: id=068D846C052E681003228A05005925CB3EC9DBFEDDFDA00048D0BB87F1ED69B0 uploader=app filename=null
?[m?[37m[INFO] 12:35:47,330 [Test worker] statemachine.SingleThreadedStateMachineManager. - Node ready, info: NodeInfo(addresses=[mock.node:1000], legalIdentitiesAndCerts=[O=Mock Company 2, L=London, C=GB], platformVersion=4, serial=1555083347203)
?[m?[37m[INFO] 12:35:47,332 [Test worker] network.PersistentNetworkMapCache. - Adding node with info: NodeInfo(addresses=[mock.node:1000], legalIdentitiesAndCerts=[O=Notary Service, L=Zurich, C=CH], platformVersion=4, serial=1555083345241)
?[m?[37m[INFO] 12:35:47,333 [Test worker] network.PersistentNetworkMapCache. - No previous node found
?[m?[37m[INFO] 12:35:47,338 [Test worker] network.PersistentNetworkMapCache. - Adding node with info: NodeInfo(addresses=[mock.node:1000], legalIdentitiesAndCerts=[O=Mock Company 2, L=London, C=GB], platformVersion=4, serial=1555083347203)
?[m?[37m[INFO] 12:35:47,339 [Test worker] network.PersistentNetworkMapCache. - No previous node found
?[m?[37m[INFO] 12:35:47,345 [Test worker] network.PersistentNetworkMapCache. - Adding node with info: NodeInfo(addresses=[mock.node:1000], legalIdentitiesAndCerts=[O=Mock Company 1, L=London, C=GB], platformVersion=4, serial=1555083346374)
?[m?[37m[INFO] 12:35:47,346 [Test worker] network.PersistentNetworkMapCache. - No previous node found
?[m?[37m[INFO] 12:35:47,353 [Test worker] network.PersistentNetworkMapCache. - Adding node with info: NodeInfo(addresses=[mock.node:1000], legalIdentitiesAndCerts=[O=Mock Company 2, L=London, C=GB], platformVersion=4, serial=1555083347203)
?[m?[37m[INFO] 12:35:47,355 [Test worker] network.PersistentNetworkMapCache. - No previous node found
?[m?[37m[INFO] 12:35:47,361 [Test worker] network.PersistentNetworkMapCache. - Adding node with info: NodeInfo(addresses=[mock.node:1000], legalIdentitiesAndCerts=[O=Mock Company 2, L=London, C=GB], platformVersion=4, serial=1555083347203)
?[m?[37m[INFO] 12:35:47,361 [Test worker] network.PersistentNetworkMapCache. - Previous node was identical to incoming one - doing nothing
?[m?[37m[INFO] 12:35:47,361 [Test worker] network.PersistentNetworkMapCache. - Adding node with info: NodeInfo(addresses=[mock.node:1000], legalIdentitiesAndCerts=[O=Mock Company 2, L=London, C=GB], platformVersion=4, serial=1555083347203)
?[m?[37m[INFO] 12:35:47,361 [Test worker] network.PersistentNetworkMapCache. - Previous node was identical to incoming one - doing nothing
?[m?[31m[WARN] 12:35:47,361 [Test worker] internal.NodeFlowManager. - Multiple flows are registered for InitiatingFlow: class com.example.flow.ExampleFlow$Initiator, currently using: class com.example.flow.ExampleFlow$Acceptor
?[m?[37m[INFO] 12:35:47,361 [Test worker] internal.NodeFlowManager. - Registered com.example.flow.ExampleFlow$Initiator to initiate com.example.flow.ExampleFlow$Acceptor (version 1)
?[m?[31m[WARN] 12:35:47,361 [Test worker] internal.NodeFlowManager. - Multiple flows are registered for InitiatingFlow: class com.example.flow.ExampleFlow$Initiator, currently using: class com.example.flow.ExampleFlow$Acceptor
?[m?[37m[INFO] 12:35:47,361 [Test worker] internal.NodeFlowManager. - Registered com.example.flow.ExampleFlow$Initiator to initiate com.example.flow.ExampleFlow$Acceptor (version 1)
?[m?[31m[WARN] 12:35:48,007 [Mock network] corda.flow. - ProgressTracker has not been started {actor_id=Only For Testing, actor_owning_identity=O=Mock Company 1, L=London, C=GB, actor_store_id=TEST, fiber-id=10000006, flow-id=18dd2a17-d17b-4daa-a474-4794d37907dc, invocation_id=e92f5753-1406-48a8-b496-c45c28978269, invocation_timestamp=2019-04-12T15:35:47.362Z, origin=Only For Testing, session_id=e92f5753-1406-48a8-b496-c45c28978269, session_timestamp=2019-04-12T15:35:47.362Z, thread-id=1147}
?[m?[37m[INFO] 12:35:48,041 [Mock network] corda.flow. - Received transaction acknowledgement request from party O=Mock Company 1, L=London, C=GB. {fiber-id=10000007, flow-id=5161f3c7-e007-4799-99b8-c758cae232a5, invocation_id=eebaef0d-bc5c-47ae-ad5d-cb08eac1b16c, invocation_timestamp=2019-04-12T15:35:48.024Z, origin=O=Mock Company 1, L=London, C=GB, session_id=eebaef0d-bc5c-47ae-ad5d-cb08eac1b16c, session_timestamp=2019-04-12T15:35:48.024Z, thread-id=1147, tx_id=40B4FC8915B8116699AF952D2C5F073C748C838F94448B8455739769C393D49D}
?[m?[31m[WARN] 12:35:48,041 [Mock network] corda.flow. - ProgressTracker has not been started {fiber-id=10000007, flow-id=5161f3c7-e007-4799-99b8-c758cae232a5, invocation_id=eebaef0d-bc5c-47ae-ad5d-cb08eac1b16c, invocation_timestamp=2019-04-12T15:35:48.024Z, origin=O=Mock Company 1, L=London, C=GB, session_id=eebaef0d-bc5c-47ae-ad5d-cb08eac1b16c, session_timestamp=2019-04-12T15:35:48.024Z, thread-id=1147, tx_id=40B4FC8915B8116699AF952D2C5F073C748C838F94448B8455739769C393D49D}
?[m?[37m[INFO] 12:35:48,050 [Mock network] corda.flow. - Transaction dependencies resolution completed. {fiber-id=10000007, flow-id=5161f3c7-e007-4799-99b8-c758cae232a5, invocation_id=eebaef0d-bc5c-47ae-ad5d-cb08eac1b16c, invocation_timestamp=2019-04-12T15:35:48.024Z, origin=O=Mock Company 1, L=London, C=GB, session_id=eebaef0d-bc5c-47ae-ad5d-cb08eac1b16c, session_timestamp=2019-04-12T15:35:48.024Z, thread-id=1147, tx_id=40B4FC8915B8116699AF952D2C5F073C748C838F94448B8455739769C393D49D}
?[m?[31m[WARN] 12:35:48,084 [Mock network] corda.flow. - ProgressTracker has not been started {fiber-id=10000007, flow-id=5161f3c7-e007-4799-99b8-c758cae232a5, invocation_id=eebaef0d-bc5c-47ae-ad5d-cb08eac1b16c, invocation_timestamp=2019-04-12T15:35:48.024Z, origin=O=Mock Company 1, L=London, C=GB, session_id=eebaef0d-bc5c-47ae-ad5d-cb08eac1b16c, session_timestamp=2019-04-12T15:35:48.024Z, thread-id=1147, tx_id=40B4FC8915B8116699AF952D2C5F073C748C838F94448B8455739769C393D49D}
?[m?[37m[INFO] 12:35:48,096 [Mock network] corda.flow. - No need to notarise this transaction. {actor_id=Only For Testing, actor_owning_identity=O=Mock Company 1, L=London, C=GB, actor_store_id=TEST, fiber-id=10000006, flow-id=18dd2a17-d17b-4daa-a474-4794d37907dc, invocation_id=e92f5753-1406-48a8-b496-c45c28978269, invocation_timestamp=2019-04-12T15:35:47.362Z, origin=Only For Testing, session_id=e92f5753-1406-48a8-b496-c45c28978269, session_timestamp=2019-04-12T15:35:47.362Z, thread-id=1147, tx_id=40B4FC8915B8116699AF952D2C5F073C748C838F94448B8455739769C393D49D}
?[m?[37m[INFO] 12:35:48,096 [Mock network] corda.flow. - Recording transaction locally. {actor_id=Only For Testing, actor_owning_identity=O=Mock Company 1, L=London, C=GB, actor_store_id=TEST, fiber-id=10000006, flow-id=18dd2a17-d17b-4daa-a474-4794d37907dc, invocation_id=e92f5753-1406-48a8-b496-c45c28978269, invocation_timestamp=2019-04-12T15:35:47.362Z, origin=Only For Testing, session_id=e92f5753-1406-48a8-b496-c45c28978269, session_timestamp=2019-04-12T15:35:47.362Z, thread-id=1147, tx_id=40B4FC8915B8116699AF952D2C5F073C748C838F94448B8455739769C393D49D}
?[m?[37m[INFO] 12:35:48,107 [Mock network] corda.flow. - Recorded transaction locally successfully. {actor_id=Only For Testing, actor_owning_identity=O=Mock Company 1, L=London, C=GB, actor_store_id=TEST, fiber-id=10000006, flow-id=18dd2a17-d17b-4daa-a474-4794d37907dc, invocation_id=e92f5753-1406-48a8-b496-c45c28978269, invocation_timestamp=2019-04-12T15:35:47.362Z, origin=Only For Testing, session_id=e92f5753-1406-48a8-b496-c45c28978269, session_timestamp=2019-04-12T15:35:47.362Z, thread-id=1147, tx_id=40B4FC8915B8116699AF952D2C5F073C748C838F94448B8455739769C393D49D}
?[m?[37m[INFO] 12:35:48,116 [Mock network] corda.flow. - Received transaction acknowledgement request from party O=Mock Company 1, L=London, C=GB. {fiber-id=10000007, flow-id=5161f3c7-e007-4799-99b8-c758cae232a5, invocation_id=eebaef0d-bc5c-47ae-ad5d-cb08eac1b16c, invocation_timestamp=2019-04-12T15:35:48.024Z, origin=O=Mock Company 1, L=London, C=GB, session_id=eebaef0d-bc5c-47ae-ad5d-cb08eac1b16c, session_timestamp=2019-04-12T15:35:48.024Z, thread-id=1147, tx_id=40B4FC8915B8116699AF952D2C5F073C748C838F94448B8455739769C393D49D}
?[m?[31m[WARN] 12:35:48,117 [Mock network] corda.flow. - ProgressTracker has not been started {fiber-id=10000007, flow-id=5161f3c7-e007-4799-99b8-c758cae232a5, invocation_id=eebaef0d-bc5c-47ae-ad5d-cb08eac1b16c, invocation_timestamp=2019-04-12T15:35:48.024Z, origin=O=Mock Company 1, L=London, C=GB, session_id=eebaef0d-bc5c-47ae-ad5d-cb08eac1b16c, session_timestamp=2019-04-12T15:35:48.024Z, thread-id=1147, tx_id=40B4FC8915B8116699AF952D2C5F073C748C838F94448B8455739769C393D49D}
?[m?[37m[INFO] 12:35:48,121 [Mock network] corda.flow. - Transaction dependencies resolution completed. {fiber-id=10000007, flow-id=5161f3c7-e007-4799-99b8-c758cae232a5, invocation_id=eebaef0d-bc5c-47ae-ad5d-cb08eac1b16c, invocation_timestamp=2019-04-12T15:35:48.024Z, origin=O=Mock Company 1, L=London, C=GB, session_id=eebaef0d-bc5c-47ae-ad5d-cb08eac1b16c, session_timestamp=2019-04-12T15:35:48.024Z, thread-id=1147, tx_id=40B4FC8915B8116699AF952D2C5F073C748C838F94448B8455739769C393D49D}
?[m?[37m[INFO] 12:35:48,125 [Mock network] corda.flow. - Successfully received fully signed tx. Sending it to the vault for processing. {fiber-id=10000007, flow-id=5161f3c7-e007-4799-99b8-c758cae232a5, invocation_id=eebaef0d-bc5c-47ae-ad5d-cb08eac1b16c, invocation_timestamp=2019-04-12T15:35:48.024Z, origin=O=Mock Company 1, L=London, C=GB, session_id=eebaef0d-bc5c-47ae-ad5d-cb08eac1b16c, session_timestamp=2019-04-12T15:35:48.024Z, thread-id=1147, tx_id=40B4FC8915B8116699AF952D2C5F073C748C838F94448B8455739769C393D49D}
?[m?[37m[INFO] 12:35:48,128 [Mock network] corda.flow. - Successfully recorded received transaction locally. {fiber-id=10000007, flow-id=5161f3c7-e007-4799-99b8-c758cae232a5, invocation_id=eebaef0d-bc5c-47ae-ad5d-cb08eac1b16c, invocation_timestamp=2019-04-12T15:35:48.024Z, origin=O=Mock Company 1, L=London, C=GB, session_id=eebaef0d-bc5c-47ae-ad5d-cb08eac1b16c, session_timestamp=2019-04-12T15:35:48.024Z, thread-id=1147, tx_id=40B4FC8915B8116699AF952D2C5F073C748C838F94448B8455739769C393D49D}
?[m?[37m[INFO] 12:35:48,134 [Mock network] corda.flow. - Party O=Mock Company 2, L=London, C=GB received the transaction. {actor_id=Only For Testing, actor_owning_identity=O=Mock Company 1, L=London, C=GB, actor_store_id=TEST, fiber-id=10000006, flow-id=18dd2a17-d17b-4daa-a474-4794d37907dc, invocation_id=e92f5753-1406-48a8-b496-c45c28978269, invocation_timestamp=2019-04-12T15:35:47.362Z, origin=Only For Testing, session_id=e92f5753-1406-48a8-b496-c45c28978269, session_timestamp=2019-04-12T15:35:47.362Z, thread-id=1147, tx_id=40B4FC8915B8116699AF952D2C5F073C748C838F94448B8455739769C393D49D}
?[m?[37m[INFO] 12:35:48,134 [Mock network] corda.flow. - All parties received the transaction successfully. {actor_id=Only For Testing, actor_owning_identity=O=Mock Company 1, L=London, C=GB, actor_store_id=TEST, fiber-id=10000006, flow-id=18dd2a17-d17b-4daa-a474-4794d37907dc, invocation_id=e92f5753-1406-48a8-b496-c45c28978269, invocation_timestamp=2019-04-12T15:35:47.362Z, origin=Only For Testing, session_id=e92f5753-1406-48a8-b496-c45c28978269, session_timestamp=2019-04-12T15:35:47.362Z, thread-id=1147, tx_id=40B4FC8915B8116699AF952D2C5F073C748C838F94448B8455739769C393D49D}
?[m?[37m[INFO] 12:35:48,153 [Test worker] pool.HikariPool. - HikariPool-10 - Close initiated...
?[m?[37m[INFO] 12:35:48,154 [Test worker] pool.HikariPool. - HikariPool-10 - Closed.
?[m?[37m[INFO] 12:35:48,155 [Test worker] pool.HikariPool. - HikariPool-11 - Close initiated...
?[m?[37m[INFO] 12:35:48,156 [Test worker] pool.HikariPool. - HikariPool-11 - Closed.
?[m?[37m[INFO] 12:35:48,157 [Test worker] pool.HikariPool. - HikariPool-12 - Close initiated...
?[m?[37m[INFO] 12:35:48,158 [Test worker] pool.HikariPool. - HikariPool-12 - Closed.
?[m?[37m[INFO] 12:35:48,228 [Test worker] cordapp.JarScanningCordappLoader. - Looking for CorDapps in [build\mock-network\20190412-153548.159\nodes\0\cordapps]
?[m?[37m[INFO] 12:35:48,229 [Test worker] cordapp.JarScanningCordappLoader. - Loading CorDapps from RestrictedURL(url=file:/C:/Users/Daniel/OneDrive/Documents/tokensdk/samples3/cordapp-example/workflows-kotlin/build/mock-network/20190412-153548.159/nodes/0/cordapps/cordapp-example-contracts-0.1.jar, rootPackageName=null), RestrictedURL(url=file:/C:/Users/Daniel/OneDrive/Documents/tokensdk/samples3/cordapp-example/workflows-kotlin/build/mock-network/20190412-153548.159/nodes/0/cordapps/cordapp-example-workflows-0.1.jar, rootPackageName=null)
?[m?[37m[INFO] 12:35:48,229 [Test worker] cordapp.JarScanningCordappLoader. - Scanning CorDapp in file:/C:/Users/Daniel/OneDrive/Documents/tokensdk/samples3/cordapp-example/workflows-kotlin/build/mock-network/20190412-153548.159/nodes/0/cordapps/cordapp-example-contracts-0.1.jar
?[m?[37m[INFO] 12:35:48,303 [Test worker] cordapp.JarScanningCordappLoader. - Found notary service CorDapp implementations: 
?[m?[37m[INFO] 12:35:48,303 [Test worker] cordapp.JarScanningCordappLoader. - Scanning CorDapp in file:/C:/Users/Daniel/OneDrive/Documents/tokensdk/samples3/cordapp-example/workflows-kotlin/build/mock-network/20190412-153548.159/nodes/0/cordapps/cordapp-example-workflows-0.1.jar
?[m?[37m[INFO] 12:35:48,376 [Test worker] cordapp.JarScanningCordappLoader. - Found notary service CorDapp implementations: 
?[m?[37m[INFO] 12:35:48,386 [Test worker] internal.InternalMockNetwork$MockNode. - Node starting up ...
?[m?[37m[INFO] 12:35:48,396 [Test worker] internal.NodeFlowManager. - Registered com.example.flow.ExampleFlow$Initiator to initiate com.example.flow.ExampleFlow$Acceptor (version 1)
?[m?[37m[INFO] 12:35:48,400 [Test worker] internal.InternalMockNetwork$MockNode. - Loaded network parameters: NetworkParameters {
      minimumPlatformVersion=1
      notaries=[NotaryInfo(identity=O=Notary Service, L=Zurich, C=CH, validating=true)]
      maxMessageSize=10485760
      maxTransactionSize=524288000
      whitelistedContractImplementations {
        
      }
      eventHorizon=PT720H
      packageOwnership {
        
      }
      modifiedTime=2019-04-12T15:35:48.158Z
      epoch=1
  }
?[m?[37m[INFO] 12:35:48,400 [Test worker] hikari.HikariDataSource. - HikariPool-13 - Started.
?[m?[37m[INFO] 12:35:48,543 [Test worker] liquibase. - Creating database history table with name: PUBLIC.DATABASECHANGELOG
?[m?[37m[INFO] 12:35:48,544 [Test worker] liquibase. - Reading from PUBLIC.DATABASECHANGELOG
?[m?[37m[INFO] 12:35:48,545 [Test worker] liquibase. - master.changelog.json: migration/common.changelog-init.xml::1511451595465-1.3::R3.Corda: Skipping changeSet migration/common.changelog-init.xml::1511451595465-1.3::R3.Corda due to validation error(s): minValue is not allowed on h2
?[m?[37m[INFO] 12:35:48,549 [Test worker] liquibase. - master.changelog.json: migration/vault-schema.changelog-pkey.xml::non-clustered_pk-11::R3.Corda: Skipping changeSet migration/vault-schema.changelog-pkey.xml::non-clustered_pk-11::R3.Corda due to validation error(s): clustered is not allowed on h2
?[m?[37m[INFO] 12:35:48,549 [Test worker] liquibase. - master.changelog.json: migration/vault-schema.changelog-pkey.xml::non-clustered_pk-12::R3.Corda: Skipping changeSet migration/vault-schema.changelog-pkey.xml::non-clustered_pk-12::R3.Corda due to validation error(s): clustered is not allowed on h2
?[m?[37m[INFO] 12:35:48,549 [Test worker] liquibase. - master.changelog.json: migration/vault-schema.changelog-pkey.xml::non-clustered_pk-13::R3.Corda: Skipping changeSet migration/vault-schema.changelog-pkey.xml::non-clustered_pk-13::R3.Corda due to validation error(s): clustered is not allowed on h2
?[m?[37m[INFO] 12:35:48,556 [Test worker] liquibase. - master.changelog.json: migration/node-core.changelog-pkey.xml::non-clustered_pk-1::R3.Corda: Skipping changeSet migration/node-core.changelog-pkey.xml::non-clustered_pk-1::R3.Corda due to validation error(s): clustered is not allowed on h2
?[m?[37m[INFO] 12:35:48,556 [Test worker] liquibase. - master.changelog.json: migration/node-core.changelog-pkey.xml::non-clustered_pk-2::R3.Corda: Skipping changeSet migration/node-core.changelog-pkey.xml::non-clustered_pk-2::R3.Corda due to validation error(s): clustered is not allowed on h2
?[m?[37m[INFO] 12:35:48,557 [Test worker] liquibase. - master.changelog.json: migration/node-core.changelog-pkey.xml::non-clustered_pk-3::R3.Corda: Skipping changeSet migration/node-core.changelog-pkey.xml::non-clustered_pk-3::R3.Corda due to validation error(s): clustered is not allowed on h2
?[m?[37m[INFO] 12:35:48,557 [Test worker] liquibase. - master.changelog.json: migration/node-core.changelog-pkey.xml::non-clustered_pk-4::R3.Corda: Skipping changeSet migration/node-core.changelog-pkey.xml::non-clustered_pk-4::R3.Corda due to validation error(s): clustered is not allowed on h2
?[m?[37m[INFO] 12:35:48,557 [Test worker] liquibase. - master.changelog.json: migration/node-core.changelog-pkey.xml::non-clustered_pk-5::R3.Corda: Skipping changeSet migration/node-core.changelog-pkey.xml::non-clustered_pk-5::R3.Corda due to validation error(s): clustered is not allowed on h2
?[m?[37m[INFO] 12:35:48,557 [Test worker] liquibase. - master.changelog.json: migration/node-core.changelog-pkey.xml::non-clustered_pk-6::R3.Corda: Skipping changeSet migration/node-core.changelog-pkey.xml::non-clustered_pk-6::R3.Corda due to validation error(s): clustered is not allowed on h2
?[m?[37m[INFO] 12:35:48,557 [Test worker] liquibase. - master.changelog.json: migration/node-core.changelog-pkey.xml::non-clustered_pk-7::R3.Corda: Skipping changeSet migration/node-core.changelog-pkey.xml::non-clustered_pk-7::R3.Corda due to validation error(s): clustered is not allowed on h2
?[m?[37m[INFO] 12:35:48,559 [Test worker] liquibase. - master.changelog.json: migration/node-notary.changelog-pkey.xml::non-clustered_pk-notary_state::R3.Corda: Skipping changeSet migration/node-notary.changelog-pkey.xml::non-clustered_pk-notary_state::R3.Corda due to validation error(s): clustered is not allowed on h2
?[m?[37m[INFO] 12:35:48,561 [Test worker] liquibase. - Successfully acquired change log lock
?[m?[37m[INFO] 12:35:48,561 [Test worker] liquibase. - master.changelog.json: migration/common.changelog-init.xml::1511451595465-1.3::R3.Corda: Skipping changeSet migration/common.changelog-init.xml::1511451595465-1.3::R3.Corda due to validation error(s): minValue is not allowed on h2
?[m?[37m[INFO] 12:35:48,562 [Test worker] liquibase. - master.changelog.json: migration/vault-schema.changelog-pkey.xml::non-clustered_pk-11::R3.Corda: Skipping changeSet migration/vault-schema.changelog-pkey.xml::non-clustered_pk-11::R3.Corda due to validation error(s): clustered is not allowed on h2
?[m?[37m[INFO] 12:35:48,562 [Test worker] liquibase. - master.changelog.json: migration/vault-schema.changelog-pkey.xml::non-clustered_pk-12::R3.Corda: Skipping changeSet migration/vault-schema.changelog-pkey.xml::non-clustered_pk-12::R3.Corda due to validation error(s): clustered is not allowed on h2
?[m?[37m[INFO] 12:35:48,562 [Test worker] liquibase. - master.changelog.json: migration/vault-schema.changelog-pkey.xml::non-clustered_pk-13::R3.Corda: Skipping changeSet migration/vault-schema.changelog-pkey.xml::non-clustered_pk-13::R3.Corda due to validation error(s): clustered is not allowed on h2
?[m?[37m[INFO] 12:35:48,565 [Test worker] liquibase. - master.changelog.json: migration/node-core.changelog-pkey.xml::non-clustered_pk-1::R3.Corda: Skipping changeSet migration/node-core.changelog-pkey.xml::non-clustered_pk-1::R3.Corda due to validation error(s): clustered is not allowed on h2
?[m?[37m[INFO] 12:35:48,565 [Test worker] liquibase. - master.changelog.json: migration/node-core.changelog-pkey.xml::non-clustered_pk-2::R3.Corda: Skipping changeSet migration/node-core.changelog-pkey.xml::non-clustered_pk-2::R3.Corda due to validation error(s): clustered is not allowed on h2
?[m?[37m[INFO] 12:35:48,565 [Test worker] liquibase. - master.changelog.json: migration/node-core.changelog-pkey.xml::non-clustered_pk-3::R3.Corda: Skipping changeSet migration/node-core.changelog-pkey.xml::non-clustered_pk-3::R3.Corda due to validation error(s): clustered is not allowed on h2
?[m?[37m[INFO] 12:35:48,565 [Test worker] liquibase. - master.changelog.json: migration/node-core.changelog-pkey.xml::non-clustered_pk-4::R3.Corda: Skipping changeSet migration/node-core.changelog-pkey.xml::non-clustered_pk-4::R3.Corda due to validation error(s): clustered is not allowed on h2
?[m?[37m[INFO] 12:35:48,565 [Test worker] liquibase. - master.changelog.json: migration/node-core.changelog-pkey.xml::non-clustered_pk-5::R3.Corda: Skipping changeSet migration/node-core.changelog-pkey.xml::non-clustered_pk-5::R3.Corda due to validation error(s): clustered is not allowed on h2
?[m?[37m[INFO] 12:35:48,565 [Test worker] liquibase. - master.changelog.json: migration/node-core.changelog-pkey.xml::non-clustered_pk-6::R3.Corda: Skipping changeSet migration/node-core.changelog-pkey.xml::non-clustered_pk-6::R3.Corda due to validation error(s): clustered is not allowed on h2
?[m?[37m[INFO] 12:35:48,565 [Test worker] liquibase. - master.changelog.json: migration/node-core.changelog-pkey.xml::non-clustered_pk-7::R3.Corda: Skipping changeSet migration/node-core.changelog-pkey.xml::non-clustered_pk-7::R3.Corda due to validation error(s): clustered is not allowed on h2
?[m?[37m[INFO] 12:35:48,566 [Test worker] liquibase. - master.changelog.json: migration/node-notary.changelog-pkey.xml::non-clustered_pk-notary_state::R3.Corda: Skipping changeSet migration/node-notary.changelog-pkey.xml::non-clustered_pk-notary_state::R3.Corda due to validation error(s): clustered is not allowed on h2
?[m?[37m[INFO] 12:35:48,566 [Test worker] liquibase. - master.changelog.json: migration/common.changelog-init.xml::1511451595465-1.1::R3.Corda: Sequence hibernate_sequence created
?[m?[37m[INFO] 12:35:48,566 [Test worker] liquibase. - master.changelog.json: migration/common.changelog-init.xml::1511451595465-1.1::R3.Corda: ChangeSet migration/common.changelog-init.xml::1511451595465-1.1::R3.Corda ran successfully in 0ms
?[m?[37m[INFO] 12:35:48,568 [Test worker] liquibase. - master.changelog.json: migration/vault-schema.changelog-init.xml::1511451595465-22::R3.Corda: Table vault_fungible_states created
?[m?[37m[INFO] 12:35:48,568 [Test worker] liquibase. - master.changelog.json: migration/vault-schema.changelog-init.xml::1511451595465-22::R3.Corda: ChangeSet migration/vault-schema.changelog-init.xml::1511451595465-22::R3.Corda ran successfully in 1ms
?[m?[37m[INFO] 12:35:48,568 [Test worker] liquibase. - master.changelog.json: migration/vault-schema.changelog-init.xml::1511451595465-23::R3.Corda: Table vault_fungible_states_parts created
?[m?[37m[INFO] 12:35:48,568 [Test worker] liquibase. - master.changelog.json: migration/vault-schema.changelog-init.xml::1511451595465-23::R3.Corda: ChangeSet migration/vault-schema.changelog-init.xml::1511451595465-23::R3.Corda ran successfully in 0ms
?[m?[37m[INFO] 12:35:48,569 [Test worker] liquibase. - master.changelog.json: migration/vault-schema.changelog-init.xml::1511451595465-24::R3.Corda: Table vault_linear_states created
?[m?[37m[INFO] 12:35:48,569 [Test worker] liquibase. - master.changelog.json: migration/vault-schema.changelog-init.xml::1511451595465-24::R3.Corda: ChangeSet migration/vault-schema.changelog-init.xml::1511451595465-24::R3.Corda ran successfully in 0ms
?[m?[37m[INFO] 12:35:48,570 [Test worker] liquibase. - master.changelog.json: migration/vault-schema.changelog-init.xml::1511451595465-25::R3.Corda: Table vault_linear_states_parts created
?[m?[37m[INFO] 12:35:48,570 [Test worker] liquibase. - master.changelog.json: migration/vault-schema.changelog-init.xml::1511451595465-25::R3.Corda: ChangeSet migration/vault-schema.changelog-init.xml::1511451595465-25::R3.Corda ran successfully in 0ms
?[m?[37m[INFO] 12:35:48,571 [Test worker] liquibase. - master.changelog.json: migration/vault-schema.changelog-init.xml::1511451595465-26::R3.Corda: Table vault_states created
?[m?[37m[INFO] 12:35:48,571 [Test worker] liquibase. - master.changelog.json: migration/vault-schema.changelog-init.xml::1511451595465-26::R3.Corda: ChangeSet migration/vault-schema.changelog-init.xml::1511451595465-26::R3.Corda ran successfully in 0ms
?[m?[37m[INFO] 12:35:48,572 [Test worker] liquibase. - master.changelog.json: migration/vault-schema.changelog-init.xml::1511451595465-27::R3.Corda: Table vault_transaction_notes created
?[m?[37m[INFO] 12:35:48,572 [Test worker] liquibase. - master.changelog.json: migration/vault-schema.changelog-init.xml::1511451595465-27::R3.Corda: ChangeSet migration/vault-schema.changelog-init.xml::1511451595465-27::R3.Corda ran successfully in 0ms
?[m?[37m[INFO] 12:35:48,573 [Test worker] liquibase. - master.changelog.json: migration/vault-schema.changelog-init.xml::1511451595465-47::R3.Corda: Primary key added to vault_fungible_states (output_index, transaction_id)
?[m?[37m[INFO] 12:35:48,573 [Test worker] liquibase. - master.changelog.json: migration/vault-schema.changelog-init.xml::1511451595465-47::R3.Corda: ChangeSet migration/vault-schema.changelog-init.xml::1511451595465-47::R3.Corda ran successfully in 0ms
?[m?[37m[INFO] 12:35:48,574 [Test worker] liquibase. - master.changelog.json: migration/vault-schema.changelog-init.xml::1511451595465-48::R3.Corda: Primary key added to vault_linear_states (output_index, transaction_id)
?[m?[37m[INFO] 12:35:48,574 [Test worker] liquibase. - master.changelog.json: migration/vault-schema.changelog-init.xml::1511451595465-48::R3.Corda: ChangeSet migration/vault-schema.changelog-init.xml::1511451595465-48::R3.Corda ran successfully in 0ms
?[m?[37m[INFO] 12:35:48,575 [Test worker] liquibase. - master.changelog.json: migration/vault-schema.changelog-init.xml::1511451595465-49::R3.Corda: Primary key added to vault_states (output_index, transaction_id)
?[m?[37m[INFO] 12:35:48,575 [Test worker] liquibase. - master.changelog.json: migration/vault-schema.changelog-init.xml::1511451595465-49::R3.Corda: ChangeSet migration/vault-schema.changelog-init.xml::1511451595465-49::R3.Corda ran successfully in 0ms
?[m?[37m[INFO] 12:35:48,576 [Test worker] liquibase. - master.changelog.json: migration/vault-schema.changelog-init.xml::1511451595465-50::R3.Corda: Primary key added to vault_transaction_notes (seq_no)
?[m?[37m[INFO] 12:35:48,576 [Test worker] liquibase. - master.changelog.json: migration/vault-schema.changelog-init.xml::1511451595465-50::R3.Corda: ChangeSet migration/vault-schema.changelog-init.xml::1511451595465-50::R3.Corda ran successfully in 0ms
?[m?[37m[INFO] 12:35:48,577 [Test worker] liquibase. - master.changelog.json: migration/vault-schema.changelog-init.xml::1511451595465-53::R3.Corda: Index external_id_index created
?[m?[37m[INFO] 12:35:48,577 [Test worker] liquibase. - master.changelog.json: migration/vault-schema.changelog-init.xml::1511451595465-53::R3.Corda: ChangeSet migration/vault-schema.changelog-init.xml::1511451595465-53::R3.Corda ran successfully in 0ms
?[m?[37m[INFO] 12:35:48,578 [Test worker] liquibase. - master.changelog.json: migration/vault-schema.changelog-init.xml::1511451595465-55::R3.Corda: Index lock_id_idx created
?[m?[37m[INFO] 12:35:48,578 [Test worker] liquibase. - master.changelog.json: migration/vault-schema.changelog-init.xml::1511451595465-55::R3.Corda: ChangeSet migration/vault-schema.changelog-init.xml::1511451595465-55::R3.Corda ran successfully in 0ms
?[m?[37m[INFO] 12:35:48,579 [Test worker] liquibase. - master.changelog.json: migration/vault-schema.changelog-init.xml::1511451595465-58::R3.Corda: Index state_status_idx created
?[m?[37m[INFO] 12:35:48,579 [Test worker] liquibase. - master.changelog.json: migration/vault-schema.changelog-init.xml::1511451595465-58::R3.Corda: ChangeSet migration/vault-schema.changelog-init.xml::1511451595465-58::R3.Corda ran successfully in 0ms
?[m?[37m[INFO] 12:35:48,580 [Test worker] liquibase. - master.changelog.json: migration/vault-schema.changelog-init.xml::1511451595465-59::R3.Corda: Index transaction_id_index created
?[m?[37m[INFO] 12:35:48,580 [Test worker] liquibase. - master.changelog.json: migration/vault-schema.changelog-init.xml::1511451595465-59::R3.Corda: ChangeSet migration/vault-schema.changelog-init.xml::1511451595465-59::R3.Corda ran successfully in 0ms
?[m?[37m[INFO] 12:35:48,581 [Test worker] liquibase. - master.changelog.json: migration/vault-schema.changelog-init.xml::1511451595465-60::R3.Corda: Index uuid_index created
?[m?[37m[INFO] 12:35:48,581 [Test worker] liquibase. - master.changelog.json: migration/vault-schema.changelog-init.xml::1511451595465-60::R3.Corda: ChangeSet migration/vault-schema.changelog-init.xml::1511451595465-60::R3.Corda ran successfully in 0ms
?[m?[37m[INFO] 12:35:48,582 [Test worker] liquibase. - master.changelog.json: migration/vault-schema.changelog-init.xml::1511451595465-64::R3.Corda: Foreign key constraint added to vault_fungible_states_parts (output_index,transaction_id)
?[m?[37m[INFO] 12:35:48,582 [Test worker] liquibase. - master.changelog.json: migration/vault-schema.changelog-init.xml::1511451595465-64::R3.Corda: ChangeSet migration/vault-schema.changelog-init.xml::1511451595465-64::R3.Corda ran successfully in 1ms
?[m?[37m[INFO] 12:35:48,583 [Test worker] liquibase. - master.changelog.json: migration/vault-schema.changelog-init.xml::1511451595465-65::R3.Corda: Foreign key constraint added to vault_linear_states_parts (output_index,transaction_id)
?[m?[37m[INFO] 12:35:48,583 [Test worker] liquibase. - master.changelog.json: migration/vault-schema.changelog-init.xml::1511451595465-65::R3.Corda: ChangeSet migration/vault-schema.changelog-init.xml::1511451595465-65::R3.Corda ran successfully in 0ms
?[m?[37m[INFO] 12:35:48,584 [Test worker] liquibase. - master.changelog.json: migration/vault-schema.changelog-v3.xml::clean_vault::R3.Corda: Data deleted from vault_fungible_states_parts
?[m?[37m[INFO] 12:35:48,584 [Test worker] liquibase. - master.changelog.json: migration/vault-schema.changelog-v3.xml::clean_vault::R3.Corda: Data deleted from vault_fungible_states
?[m?[37m[INFO] 12:35:48,584 [Test worker] liquibase. - master.changelog.json: migration/vault-schema.changelog-v3.xml::clean_vault::R3.Corda: Data deleted from vault_linear_states_parts
?[m?[37m[INFO] 12:35:48,584 [Test worker] liquibase. - master.changelog.json: migration/vault-schema.changelog-v3.xml::clean_vault::R3.Corda: Data deleted from vault_linear_states
?[m?[37m[INFO] 12:35:48,584 [Test worker] liquibase. - master.changelog.json: migration/vault-schema.changelog-v3.xml::clean_vault::R3.Corda: Data deleted from vault_states
?[m?[37m[INFO] 12:35:48,584 [Test worker] liquibase. - master.changelog.json: migration/vault-schema.changelog-v3.xml::clean_vault::R3.Corda: Data deleted from vault_transaction_notes
?[m?[37m[INFO] 12:35:48,584 [Test worker] liquibase. - master.changelog.json: migration/vault-schema.changelog-v3.xml::clean_vault::R3.Corda: ChangeSet migration/vault-schema.changelog-v3.xml::clean_vault::R3.Corda ran successfully in 0ms
?[m?[37m[INFO] 12:35:48,585 [Test worker] liquibase. - master.changelog.json: migration/vault-schema.changelog-v4.xml::nullability::R3.Corda: Null constraint has been added to vault_fungible_states.quantity
?[m?[37m[INFO] 12:35:48,586 [Test worker] liquibase. - master.changelog.json: migration/vault-schema.changelog-v4.xml::nullability::R3.Corda: Null constraint has been added to vault_states.contract_state_class_name
?[m?[37m[INFO] 12:35:48,586 [Test worker] liquibase. - master.changelog.json: migration/vault-schema.changelog-v4.xml::nullability::R3.Corda: Null constraint has been added to vault_states.notary_name
?[m?[37m[INFO] 12:35:48,586 [Test worker] liquibase. - master.changelog.json: migration/vault-schema.changelog-v4.xml::nullability::R3.Corda: Null constraint has been added to vault_states.recorded_timestamp
?[m?[37m[INFO] 12:35:48,586 [Test worker] liquibase. - master.changelog.json: migration/vault-schema.changelog-v4.xml::nullability::R3.Corda: Index state_status_idx dropped from table vault_states
?[m?[37m[INFO] 12:35:48,586 [Test worker] liquibase. - master.changelog.json: migration/vault-schema.changelog-v4.xml::nullability::R3.Corda: Index lock_id_idx dropped from table vault_states
?[m?[37m[INFO] 12:35:48,586 [Test worker] liquibase. - master.changelog.json: migration/vault-schema.changelog-v4.xml::nullability::R3.Corda: Null constraint has been added to vault_states.state_status
?[m?[37m[INFO] 12:35:48,586 [Test worker] liquibase. - master.changelog.json: migration/vault-schema.changelog-v4.xml::nullability::R3.Corda: Index state_status_idx created
?[m?[37m[INFO] 12:35:48,586 [Test worker] liquibase. - master.changelog.json: migration/vault-schema.changelog-v4.xml::nullability::R3.Corda: Index lock_id_idx created
?[m?[37m[INFO] 12:35:48,587 [Test worker] liquibase. - master.changelog.json: migration/vault-schema.changelog-v4.xml::nullability::R3.Corda: Index transaction_id_index dropped from table vault_transaction_notes
?[m?[37m[INFO] 12:35:48,587 [Test worker] liquibase. - master.changelog.json: migration/vault-schema.changelog-v4.xml::nullability::R3.Corda: Null constraint has been added to vault_transaction_notes.note
?[m?[37m[INFO] 12:35:48,587 [Test worker] liquibase. - master.changelog.json: migration/vault-schema.changelog-v4.xml::nullability::R3.Corda: Null constraint has been added to vault_transaction_notes.transaction_id
?[m?[37m[INFO] 12:35:48,587 [Test worker] liquibase. - master.changelog.json: migration/vault-schema.changelog-v4.xml::nullability::R3.Corda: Index transaction_id_index created
?[m?[37m[INFO] 12:35:48,587 [Test worker] liquibase. - master.changelog.json: migration/vault-schema.changelog-v4.xml::nullability::R3.Corda: ChangeSet migration/vault-schema.changelog-v4.xml::nullability::R3.Corda ran successfully in 2ms
?[m?[37m[INFO] 12:35:48,592 [Test worker] liquibase. - master.changelog.json: migration/vault-schema.changelog-v5.xml::add_relevancy_status_column::R3.Corda: Columns relevancy_status(INT) added to vault_states
?[m?[37m[INFO] 12:35:48,592 [Test worker] liquibase. - master.changelog.json: migration/vault-schema.changelog-v5.xml::add_relevancy_status_column::R3.Corda: Data updated in vault_states
?[m?[37m[INFO] 12:35:48,592 [Test worker] liquibase. - master.changelog.json: migration/vault-schema.changelog-v5.xml::add_relevancy_status_column::R3.Corda: Null constraint has been added to vault_states.relevancy_status
?[m?[37m[INFO] 12:35:48,592 [Test worker] liquibase. - master.changelog.json: migration/vault-schema.changelog-v5.xml::add_relevancy_status_column::R3.Corda: ChangeSet migration/vault-schema.changelog-v5.xml::add_relevancy_status_column::R3.Corda ran successfully in 1ms
?[m?[37m[INFO] 12:35:48,594 [Test worker] liquibase. - master.changelog.json: migration/vault-schema.changelog-v6.xml::add_is_constraint_information_columns::R3.Corda: Columns constraint_type(INT) added to vault_states
?[m?[37m[INFO] 12:35:48,595 [Test worker] liquibase. - master.changelog.json: migration/vault-schema.changelog-v6.xml::add_is_constraint_information_columns::R3.Corda: Columns constraint_data(varbinary(563)) added to vault_states
?[m?[37m[INFO] 12:35:48,595 [Test worker] liquibase. - master.changelog.json: migration/vault-schema.changelog-v6.xml::add_is_constraint_information_columns::R3.Corda: ChangeSet migration/vault-schema.changelog-v6.xml::add_is_constraint_information_columns::R3.Corda ran successfully in 2ms
?[m?[37m[INFO] 12:35:48,596 [Test worker] liquibase. - master.changelog.json: migration/vault-schema.changelog-v7.xml::make_issuer_ref_nullable::R3.Corda: Null constraint dropped from vault_fungible_states.issuer_ref
?[m?[37m[INFO] 12:35:48,596 [Test worker] liquibase. - master.changelog.json: migration/vault-schema.changelog-v7.xml::make_issuer_ref_nullable::R3.Corda: ChangeSet migration/vault-schema.changelog-v7.xml::make_issuer_ref_nullable::R3.Corda ran successfully in 0ms
?[m?[37m[INFO] 12:35:48,597 [Test worker] liquibase. - master.changelog.json: migration/vault-schema.changelog-v8.xml::create-external-id-to-state-party-view::R3.Corda: Table state_party created
?[m?[37m[INFO] 12:35:48,597 [Test worker] liquibase. - master.changelog.json: migration/vault-schema.changelog-v8.xml::create-external-id-to-state-party-view::R3.Corda: Index state_pk_hash_idx created
?[m?[37m[INFO] 12:35:48,597 [Test worker] liquibase. - master.changelog.json: migration/vault-schema.changelog-v8.xml::create-external-id-to-state-party-view::R3.Corda: Table pk_hash_to_ext_id_map created
?[m?[37m[INFO] 12:35:48,597 [Test worker] liquibase. - master.changelog.json: migration/vault-schema.changelog-v8.xml::create-external-id-to-state-party-view::R3.Corda: Index pk_hash_to_xid_idx created
?[m?[37m[INFO] 12:35:48,598 [Test worker] liquibase. - master.changelog.json: migration/vault-schema.changelog-v8.xml::create-external-id-to-state-party-view::R3.Corda: View v_pkey_hash_ex_id_map created
?[m?[37m[INFO] 12:35:48,598 [Test worker] liquibase. - master.changelog.json: migration/vault-schema.changelog-v8.xml::create-external-id-to-state-party-view::R3.Corda: ChangeSet migration/vault-schema.changelog-v8.xml::create-external-id-to-state-party-view::R3.Corda ran successfully in 1ms
?[m?[37m[INFO] 12:35:48,600 [Test worker] liquibase. - master.changelog.json: migration/node-info.changelog-init.xml::1511451595465-4::R3.Corda: Table node_link_nodeinfo_party created
?[m?[37m[INFO] 12:35:48,600 [Test worker] liquibase. - master.changelog.json: migration/node-info.changelog-init.xml::1511451595465-4::R3.Corda: ChangeSet migration/node-info.changelog-init.xml::1511451595465-4::R3.Corda ran successfully in 1ms
?[m?[37m[INFO] 12:35:48,601 [Test worker] liquibase. - master.changelog.json: migration/node-info.changelog-init.xml::1511451595465-10::R3.Corda: Table node_info_hosts created
?[m?[37m[INFO] 12:35:48,601 [Test worker] liquibase. - master.changelog.json: migration/node-info.changelog-init.xml::1511451595465-10::R3.Corda: ChangeSet migration/node-info.changelog-init.xml::1511451595465-10::R3.Corda ran successfully in 1ms
?[m?[37m[INFO] 12:35:48,601 [Test worker] liquibase. - master.changelog.json: migration/node-info.changelog-init.xml::1511451595465-11::R3.Corda: Table node_info_party_cert created
?[m?[37m[INFO] 12:35:48,601 [Test worker] liquibase. - master.changelog.json: migration/node-info.changelog-init.xml::1511451595465-11::R3.Corda: ChangeSet migration/node-info.changelog-init.xml::1511451595465-11::R3.Corda ran successfully in 0ms
?[m?[37m[INFO] 12:35:48,602 [Test worker] liquibase. - master.changelog.json: migration/node-info.changelog-init.xml::1511451595465-12::R3.Corda: Table node_infos created
?[m?[37m[INFO] 12:35:48,602 [Test worker] liquibase. - master.changelog.json: migration/node-info.changelog-init.xml::1511451595465-12::R3.Corda: ChangeSet migration/node-info.changelog-init.xml::1511451595465-12::R3.Corda ran successfully in 0ms
?[m?[37m[INFO] 12:35:48,603 [Test worker] liquibase. - master.changelog.json: migration/node-info.changelog-init.xml::1511451595465-35::R3.Corda: Primary key added to node_info_hosts (host, port)
?[m?[37m[INFO] 12:35:48,603 [Test worker] liquibase. - master.changelog.json: migration/node-info.changelog-init.xml::1511451595465-35::R3.Corda: ChangeSet migration/node-info.changelog-init.xml::1511451595465-35::R3.Corda ran successfully in 0ms
?[m?[37m[INFO] 12:35:48,604 [Test worker] liquibase. - master.changelog.json: migration/node-info.changelog-init.xml::1511451595465-36::R3.Corda: Primary key added to node_info_party_cert (party_name)
?[m?[37m[INFO] 12:35:48,604 [Test worker] liquibase. - master.changelog.json: migration/node-info.changelog-init.xml::1511451595465-36::R3.Corda: ChangeSet migration/node-info.changelog-init.xml::1511451595465-36::R3.Corda ran successfully in 0ms
?[m?[37m[INFO] 12:35:48,605 [Test worker] liquibase. - master.changelog.json: migration/node-info.changelog-init.xml::1511451595465-37::R3.Corda: Primary key added to node_infos (node_info_id)
?[m?[37m[INFO] 12:35:48,605 [Test worker] liquibase. - master.changelog.json: migration/node-info.changelog-init.xml::1511451595465-37::R3.Corda: ChangeSet migration/node-info.changelog-init.xml::1511451595465-37::R3.Corda ran successfully in 0ms
?[m?[37m[INFO] 12:35:48,606 [Test worker] liquibase. - master.changelog.json: migration/node-info.changelog-init.xml::1511451595465-62::R3.Corda: Foreign key constraint added to node_link_nodeinfo_party (node_info_id)
?[m?[37m[INFO] 12:35:48,606 [Test worker] liquibase. - master.changelog.json: migration/node-info.changelog-init.xml::1511451595465-62::R3.Corda: ChangeSet migration/node-info.changelog-init.xml::1511451595465-62::R3.Corda ran successfully in 1ms
?[m?[37m[INFO] 12:35:48,607 [Test worker] liquibase. - master.changelog.json: migration/node-info.changelog-init.xml::1511451595465-63::R3.Corda: Foreign key constraint added to node_info_hosts (node_info_id)
?[m?[37m[INFO] 12:35:48,607 [Test worker] liquibase. - master.changelog.json: migration/node-info.changelog-init.xml::1511451595465-63::R3.Corda: ChangeSet migration/node-info.changelog-init.xml::1511451595465-63::R3.Corda ran successfully in 0ms
?[m?[37m[INFO] 12:35:48,608 [Test worker] liquibase. - master.changelog.json: migration/node-info.changelog-init.xml::remove_host_port_pk::R3.Corda: Data deleted from node_infos
?[m?[37m[INFO] 12:35:48,608 [Test worker] liquibase. - master.changelog.json: migration/node-info.changelog-init.xml::remove_host_port_pk::R3.Corda: Data deleted from node_link_nodeinfo_party
?[m?[37m[INFO] 12:35:48,608 [Test worker] liquibase. - master.changelog.json: migration/node-info.changelog-init.xml::remove_host_port_pk::R3.Corda: Data deleted from node_info_hosts
?[m?[37m[INFO] 12:35:48,608 [Test worker] liquibase. - master.changelog.json: migration/node-info.changelog-init.xml::remove_host_port_pk::R3.Corda: Data deleted from node_info_party_cert
?[m?[37m[INFO] 12:35:48,608 [Test worker] liquibase. - master.changelog.json: migration/node-info.changelog-init.xml::remove_host_port_pk::R3.Corda: Primary key dropped from node_info_hosts
?[m?[37m[INFO] 12:35:48,609 [Test worker] liquibase. - master.changelog.json: migration/node-info.changelog-init.xml::remove_host_port_pk::R3.Corda: Columns hosts_id(INT) added to node_info_hosts
?[m?[37m[INFO] 12:35:48,609 [Test worker] liquibase. - master.changelog.json: migration/node-info.changelog-init.xml::remove_host_port_pk::R3.Corda: Primary key added to node_info_hosts (hosts_id)
?[m?[37m[INFO] 12:35:48,609 [Test worker] liquibase. - master.changelog.json: migration/node-info.changelog-init.xml::remove_host_port_pk::R3.Corda: ChangeSet migration/node-info.changelog-init.xml::remove_host_port_pk::R3.Corda ran successfully in 1ms
?[m?[37m[INFO] 12:35:48,610 [Test worker] liquibase. - master.changelog.json: migration/node-info.changelog-v1.xml::key/value node properties table::R3.Corda: Table node_properties created
?[m?[37m[INFO] 12:35:48,610 [Test worker] liquibase. - master.changelog.json: migration/node-info.changelog-v1.xml::key/value node properties table::R3.Corda: ChangeSet migration/node-info.changelog-v1.xml::key/value node properties table::R3.Corda ran successfully in 1ms
?[m?[37m[INFO] 12:35:48,610 [Test worker] liquibase. - master.changelog.json: migration/node-info.changelog-v2.xml::1525962920::R3.Corda: Null constraint has been added to node_infos.node_info_hash
?[m?[37m[INFO] 12:35:48,611 [Test worker] liquibase. - master.changelog.json: migration/node-info.changelog-v2.xml::1525962920::R3.Corda: Null constraint has been added to node_infos.platform_version
?[m?[37m[INFO] 12:35:48,611 [Test worker] liquibase. - master.changelog.json: migration/node-info.changelog-v2.xml::1525962920::R3.Corda: Null constraint has been added to node_infos.serial
?[m?[37m[INFO] 12:35:48,611 [Test worker] liquibase. - master.changelog.json: migration/node-info.changelog-v2.xml::1525962920::R3.Corda: Null constraint dropped from node_info_hosts.host
?[m?[37m[INFO] 12:35:48,611 [Test worker] liquibase. - master.changelog.json: migration/node-info.changelog-v2.xml::1525962920::R3.Corda: Null constraint dropped from node_info_hosts.port
?[m?[37m[INFO] 12:35:48,611 [Test worker] liquibase. - master.changelog.json: migration/node-info.changelog-v2.xml::1525962920::R3.Corda: Null constraint has been added to node_info_party_cert.owning_key_hash
?[m?[37m[INFO] 12:35:48,611 [Test worker] liquibase. - master.changelog.json: migration/node-info.changelog-v2.xml::1525962920::R3.Corda: Null constraint has been added to node_info_party_cert.party_cert_binary
?[m?[37m[INFO] 12:35:48,611 [Test worker] liquibase. - master.changelog.json: migration/node-info.changelog-v2.xml::1525962920::R3.Corda: ChangeSet migration/node-info.changelog-v2.xml::1525962920::R3.Corda ran successfully in 1ms
?[m?[37m[INFO] 12:35:48,612 [Test worker] liquibase. - master.changelog.json: migration/node-info.changelog-v3.xml::column_host_name::R3.Corda: Column node_info_hosts.host renamed to host_name
?[m?[37m[INFO] 12:35:48,612 [Test worker] liquibase. - master.changelog.json: migration/node-info.changelog-v3.xml::column_host_name::R3.Corda: ChangeSet migration/node-info.changelog-v3.xml::column_host_name::R3.Corda ran successfully in 0ms
?[m?[37m[INFO] 12:35:48,613 [Test worker] liquibase. - master.changelog.json: migration/node-services.changelog-init.xml::1511451595465-5::R3.Corda: Table node_attachments created
?[m?[37m[INFO] 12:35:48,613 [Test worker] liquibase. - master.changelog.json: migration/node-services.changelog-init.xml::1511451595465-5::R3.Corda: ChangeSet migration/node-services.changelog-init.xml::1511451595465-5::R3.Corda ran successfully in 0ms
?[m?[37m[INFO] 12:35:48,614 [Test worker] liquibase. - master.changelog.json: migration/node-services.changelog-init.xml::1511451595465-7::R3.Corda: Table node_checkpoints created
?[m?[37m[INFO] 12:35:48,614 [Test worker] liquibase. - master.changelog.json: migration/node-services.changelog-init.xml::1511451595465-7::R3.Corda: ChangeSet migration/node-services.changelog-init.xml::1511451595465-7::R3.Corda ran successfully in 0ms
?[m?[37m[INFO] 12:35:48,615 [Test worker] liquibase. - master.changelog.json: migration/node-services.changelog-init.xml::1511451595465-8::R3.Corda: Table node_contract_upgrades created
?[m?[37m[INFO] 12:35:48,615 [Test worker] liquibase. - master.changelog.json: migration/node-services.changelog-init.xml::1511451595465-8::R3.Corda: ChangeSet migration/node-services.changelog-init.xml::1511451595465-8::R3.Corda ran successfully in 0ms
?[m?[37m[INFO] 12:35:48,615 [Test worker] liquibase. - master.changelog.json: migration/node-services.changelog-init.xml::1511451595465-9::R3.Corda: Table node_identities created
?[m?[37m[INFO] 12:35:48,615 [Test worker] liquibase. - master.changelog.json: migration/node-services.changelog-init.xml::1511451595465-9::R3.Corda: ChangeSet migration/node-services.changelog-init.xml::1511451595465-9::R3.Corda ran successfully in 0ms
?[m?[37m[INFO] 12:35:48,616 [Test worker] liquibase. - master.changelog.json: migration/node-services.changelog-init.xml::1511451595465-13::R3.Corda: Table node_message_ids created
?[m?[37m[INFO] 12:35:48,616 [Test worker] liquibase. - master.changelog.json: migration/node-services.changelog-init.xml::1511451595465-13::R3.Corda: ChangeSet migration/node-services.changelog-init.xml::1511451595465-13::R3.Corda ran successfully in 0ms
?[m?[37m[INFO] 12:35:48,617 [Test worker] liquibase. - master.changelog.json: migration/node-services.changelog-init.xml::1511451595465-14::R3.Corda: Table node_message_retry created
?[m?[37m[INFO] 12:35:48,617 [Test worker] liquibase. - master.changelog.json: migration/node-services.changelog-init.xml::1511451595465-14::R3.Corda: ChangeSet migration/node-services.changelog-init.xml::1511451595465-14::R3.Corda ran successfully in 0ms
?[m?[37m[INFO] 12:35:48,618 [Test worker] liquibase. - master.changelog.json: migration/node-services.changelog-init.xml::1511451595465-15::R3.Corda: Table node_named_identities created
?[m?[37m[INFO] 12:35:48,618 [Test worker] liquibase. - master.changelog.json: migration/node-services.changelog-init.xml::1511451595465-15::R3.Corda: ChangeSet migration/node-services.changelog-init.xml::1511451595465-15::R3.Corda ran successfully in 0ms
?[m?[37m[INFO] 12:35:48,619 [Test worker] liquibase. - master.changelog.json: migration/node-services.changelog-init.xml::1511451595465-17::R3.Corda: Table node_our_key_pairs created
?[m?[37m[INFO] 12:35:48,619 [Test worker] liquibase. - master.changelog.json: migration/node-services.changelog-init.xml::1511451595465-17::R3.Corda: ChangeSet migration/node-services.changelog-init.xml::1511451595465-17::R3.Corda ran successfully in 0ms
?[m?[37m[INFO] 12:35:48,620 [Test worker] liquibase. - master.changelog.json: migration/node-services.changelog-init.xml::1511451595465-19::R3.Corda: Table node_scheduled_states created
?[m?[37m[INFO] 12:35:48,620 [Test worker] liquibase. - master.changelog.json: migration/node-services.changelog-init.xml::1511451595465-19::R3.Corda: ChangeSet migration/node-services.changelog-init.xml::1511451595465-19::R3.Corda ran successfully in 1ms
?[m?[37m[INFO] 12:35:48,620 [Test worker] liquibase. - master.changelog.json: migration/node-services.changelog-init.xml::1511451595465-20::R3.Corda: Table node_transaction_mappings created
?[m?[37m[INFO] 12:35:48,620 [Test worker] liquibase. - master.changelog.json: migration/node-services.changelog-init.xml::1511451595465-20::R3.Corda: ChangeSet migration/node-services.changelog-init.xml::1511451595465-20::R3.Corda ran successfully in 0ms
?[m?[37m[INFO] 12:35:48,621 [Test worker] liquibase. - master.changelog.json: migration/node-services.changelog-init.xml::1511451595465-21::R3.Corda: Table node_transactions created
?[m?[37m[INFO] 12:35:48,621 [Test worker] liquibase. - master.changelog.json: migration/node-services.changelog-init.xml::1511451595465-21::R3.Corda: ChangeSet migration/node-services.changelog-init.xml::1511451595465-21::R3.Corda ran successfully in 0ms
?[m?[37m[INFO] 12:35:48,622 [Test worker] liquibase. - master.changelog.json: migration/node-services.changelog-init.xml::1511451595465-30::R3.Corda: Primary key added to node_attachments (att_id)
?[m?[37m[INFO] 12:35:48,622 [Test worker] liquibase. - master.changelog.json: migration/node-services.changelog-init.xml::1511451595465-30::R3.Corda: ChangeSet migration/node-services.changelog-init.xml::1511451595465-30::R3.Corda ran successfully in 0ms
?[m?[37m[INFO] 12:35:48,623 [Test worker] liquibase. - master.changelog.json: migration/node-services.changelog-init.xml::1511451595465-32::R3.Corda: Primary key added to node_checkpoints (checkpoint_id)
?[m?[37m[INFO] 12:35:48,623 [Test worker] liquibase. - master.changelog.json: migration/node-services.changelog-init.xml::1511451595465-32::R3.Corda: ChangeSet migration/node-services.changelog-init.xml::1511451595465-32::R3.Corda ran successfully in 0ms
?[m?[37m[INFO] 12:35:48,624 [Test worker] liquibase. - master.changelog.json: migration/node-services.changelog-init.xml::1511451595465-33::R3.Corda: Primary key added to node_contract_upgrades (state_ref)
?[m?[37m[INFO] 12:35:48,624 [Test worker] liquibase. - master.changelog.json: migration/node-services.changelog-init.xml::1511451595465-33::R3.Corda: ChangeSet migration/node-services.changelog-init.xml::1511451595465-33::R3.Corda ran successfully in 1ms
?[m?[37m[INFO] 12:35:48,624 [Test worker] liquibase. - master.changelog.json: migration/node-services.changelog-init.xml::1511451595465-34::R3.Corda: Primary key added to node_identities (pk_hash)
?[m?[37m[INFO] 12:35:48,624 [Test worker] liquibase. - master.changelog.json: migration/node-services.changelog-init.xml::1511451595465-34::R3.Corda: ChangeSet migration/node-services.changelog-init.xml::1511451595465-34::R3.Corda ran successfully in 0ms
?[m?[37m[INFO] 12:35:48,625 [Test worker] liquibase. - master.changelog.json: migration/node-services.changelog-init.xml::1511451595465-38::R3.Corda: Primary key added to node_message_ids (message_id)
?[m?[37m[INFO] 12:35:48,625 [Test worker] liquibase. - master.changelog.json: migration/node-services.changelog-init.xml::1511451595465-38::R3.Corda: ChangeSet migration/node-services.changelog-init.xml::1511451595465-38::R3.Corda ran successfully in 0ms
?[m?[37m[INFO] 12:35:48,626 [Test worker] liquibase. - master.changelog.json: migration/node-services.changelog-init.xml::1511451595465-39::R3.Corda: Primary key added to node_message_retry (message_id)
?[m?[37m[INFO] 12:35:48,626 [Test worker] liquibase. - master.changelog.json: migration/node-services.changelog-init.xml::1511451595465-39::R3.Corda: ChangeSet migration/node-services.changelog-init.xml::1511451595465-39::R3.Corda ran successfully in 0ms
?[m?[37m[INFO] 12:35:48,627 [Test worker] liquibase. - master.changelog.json: migration/node-services.changelog-init.xml::1511451595465-40::R3.Corda: Primary key added to node_named_identities (name)
?[m?[37m[INFO] 12:35:48,627 [Test worker] liquibase. - master.changelog.json: migration/node-services.changelog-init.xml::1511451595465-40::R3.Corda: ChangeSet migration/node-services.changelog-init.xml::1511451595465-40::R3.Corda ran successfully in 0ms
?[m?[37m[INFO] 12:35:48,627 [Test worker] liquibase. - master.changelog.json: migration/node-services.changelog-init.xml::1511451595465-42::R3.Corda: Primary key added to node_our_key_pairs (public_key_hash)
?[m?[37m[INFO] 12:35:48,628 [Test worker] liquibase. - master.changelog.json: migration/node-services.changelog-init.xml::1511451595465-42::R3.Corda: ChangeSet migration/node-services.changelog-init.xml::1511451595465-42::R3.Corda ran successfully in 0ms
?[m?[37m[INFO] 12:35:48,628 [Test worker] liquibase. - master.changelog.json: migration/node-services.changelog-init.xml::1511451595465-44::R3.Corda: Primary key added to node_scheduled_states (output_index, transaction_id)
?[m?[37m[INFO] 12:35:48,628 [Test worker] liquibase. - master.changelog.json: migration/node-services.changelog-init.xml::1511451595465-44::R3.Corda: ChangeSet migration/node-services.changelog-init.xml::1511451595465-44::R3.Corda ran successfully in 0ms
?[m?[37m[INFO] 12:35:48,629 [Test worker] liquibase. - master.changelog.json: migration/node-services.changelog-init.xml::1511451595465-45::R3.Corda: Primary key added to node_transaction_mappings (tx_id)
?[m?[37m[INFO] 12:35:48,629 [Test worker] liquibase. - master.changelog.json: migration/node-services.changelog-init.xml::1511451595465-45::R3.Corda: ChangeSet migration/node-services.changelog-init.xml::1511451595465-45::R3.Corda ran successfully in 0ms
?[m?[37m[INFO] 12:35:48,630 [Test worker] liquibase. - master.changelog.json: migration/node-services.changelog-init.xml::1511451595465-46::R3.Corda: Primary key added to node_transactions (tx_id)
?[m?[37m[INFO] 12:35:48,630 [Test worker] liquibase. - master.changelog.json: migration/node-services.changelog-init.xml::1511451595465-46::R3.Corda: ChangeSet migration/node-services.changelog-init.xml::1511451595465-46::R3.Corda ran successfully in 0ms
?[m?[37m[INFO] 12:35:48,631 [Test worker] liquibase. - master.changelog.json: migration/node-services.changelog-init.xml::1511451595465-61::R3.Corda: Foreign key constraint added to node_link_nodeinfo_party (party_name)
?[m?[37m[INFO] 12:35:48,631 [Test worker] liquibase. - master.changelog.json: migration/node-services.changelog-init.xml::1511451595465-61::R3.Corda: ChangeSet migration/node-services.changelog-init.xml::1511451595465-61::R3.Corda ran successfully in 0ms
?[m?[37m[INFO] 12:35:48,632 [Test worker] liquibase. - master.changelog.json: migration/node-services.changelog-init.xml::add index att_id::R3.Corda: Index att_id_idx created
?[m?[37m[INFO] 12:35:48,632 [Test worker] liquibase. - master.changelog.json: migration/node-services.changelog-init.xml::add index att_id::R3.Corda: ChangeSet migration/node-services.changelog-init.xml::add index att_id::R3.Corda ran successfully in 0ms
?[m?[37m[INFO] 12:35:48,633 [Test worker] liquibase. - master.changelog.json: migration/node-services.changelog-init.xml::add_contract_attachment::R3.Corda: Table node_attchments_contracts created
?[m?[37m[INFO] 12:35:48,634 [Test worker] liquibase. - master.changelog.json: migration/node-services.changelog-init.xml::add_contract_attachment::R3.Corda: Foreign key constraint added to node_attchments_contracts (att_id)
?[m?[37m[INFO] 12:35:48,634 [Test worker] liquibase. - master.changelog.json: migration/node-services.changelog-init.xml::add_contract_attachment::R3.Corda: Data deleted from node_attachments
?[m?[37m[INFO] 12:35:48,634 [Test worker] liquibase. - master.changelog.json: migration/node-services.changelog-init.xml::add_contract_attachment::R3.Corda: ChangeSet migration/node-services.changelog-init.xml::add_contract_attachment::R3.Corda ran successfully in 1ms
?[m?[37m[INFO] 12:35:48,636 [Test worker] liquibase. - master.changelog.json: migration/node-services.changelog-init.xml::add_dedup_columns::R3.Corda: Columns sender(NVARCHAR(64)),sequence_number(BIGINT) added to node_message_ids
?[m?[37m[INFO] 12:35:48,636 [Test worker] liquibase. - master.changelog.json: migration/node-services.changelog-init.xml::add_dedup_columns::R3.Corda: ChangeSet migration/node-services.changelog-init.xml::add_dedup_columns::R3.Corda ran successfully in 1ms
?[m?[37m[INFO] 12:35:48,637 [Test worker] liquibase. - master.changelog.json: migration/node-core.changelog-v4.xml::attchments_rename::R3.Corda: Table node_attchments_contracts renamed to node_attachments_contracts
?[m?[37m[INFO] 12:35:48,637 [Test worker] liquibase. - master.changelog.json: migration/node-core.changelog-v4.xml::attchments_rename::R3.Corda: ChangeSet migration/node-core.changelog-v4.xml::attchments_rename::R3.Corda ran successfully in 0ms
?[m?[37m[INFO] 12:35:48,638 [Test worker] liquibase. - master.changelog.json: migration/node-core.changelog-v4.xml::nullability::R3.Corda: Null constraint has been added to node_identities.identity_value
?[m?[37m[INFO] 12:35:48,638 [Test worker] liquibase. - master.changelog.json: migration/node-core.changelog-v4.xml::nullability::R3.Corda: Null constraint has been added to node_attachments.content
?[m?[37m[INFO] 12:35:48,638 [Test worker] liquibase. - master.changelog.json: migration/node-core.changelog-v4.xml::nullability::R3.Corda: Null constraint has been added to node_attachments_contracts.contract_class_name
?[m?[37m[INFO] 12:35:48,638 [Test worker] liquibase. - master.changelog.json: migration/node-core.changelog-v4.xml::nullability::R3.Corda: Null constraint has been added to node_checkpoints.checkpoint_value
?[m?[37m[INFO] 12:35:48,638 [Test worker] liquibase. - master.changelog.json: migration/node-core.changelog-v4.xml::nullability::R3.Corda: Null constraint has been added to node_contract_upgrades.contract_class_name
?[m?[37m[INFO] 12:35:48,638 [Test worker] liquibase. - master.changelog.json: migration/node-core.changelog-v4.xml::nullability::R3.Corda: Null constraint has been added to node_message_ids.insertion_time
?[m?[37m[INFO] 12:35:48,638 [Test worker] liquibase. - master.changelog.json: migration/node-core.changelog-v4.xml::nullability::R3.Corda: Null constraint has been added to node_message_retry.message
?[m?[37m[INFO] 12:35:48,638 [Test worker] liquibase. - master.changelog.json: migration/node-core.changelog-v4.xml::nullability::R3.Corda: Null constraint has been added to node_message_retry.recipients
?[m?[37m[INFO] 12:35:48,638 [Test worker] liquibase. - master.changelog.json: migration/node-core.changelog-v4.xml::nullability::R3.Corda: Null constraint has been added to node_named_identities.pk_hash
?[m?[37m[INFO] 12:35:48,638 [Test worker] liquibase. - master.changelog.json: migration/node-core.changelog-v4.xml::nullability::R3.Corda: Null constraint has been added to node_our_key_pairs.private_key
?[m?[37m[INFO] 12:35:48,638 [Test worker] liquibase. - master.changelog.json: migration/node-core.changelog-v4.xml::nullability::R3.Corda: Null constraint has been added to node_our_key_pairs.public_key
?[m?[37m[INFO] 12:35:48,638 [Test worker] liquibase. - master.changelog.json: migration/node-core.changelog-v4.xml::nullability::R3.Corda: Null constraint has been added to node_transaction_mappings.state_machine_run_id
?[m?[37m[INFO] 12:35:48,638 [Test worker] liquibase. - master.changelog.json: migration/node-core.changelog-v4.xml::nullability::R3.Corda: Null constraint has been added to node_transactions.transaction_value
?[m?[37m[INFO] 12:35:48,638 [Test worker] liquibase. - master.changelog.json: migration/node-core.changelog-v4.xml::nullability::R3.Corda: ChangeSet migration/node-core.changelog-v4.xml::nullability::R3.Corda ran successfully in 1ms
?[m?[37m[INFO] 12:35:48,640 [Test worker] liquibase. - master.changelog.json: migration/node-core.changelog-v5.xml::remove_unused_node_message_retry::R3.Corda: Table node_message_retry dropped
?[m?[37m[INFO] 12:35:48,640 [Test worker] liquibase. - master.changelog.json: migration/node-core.changelog-v5.xml::remove_unused_node_message_retry::R3.Corda: ChangeSet migration/node-core.changelog-v5.xml::remove_unused_node_message_retry::R3.Corda ran successfully in 0ms
?[m?[37m[INFO] 12:35:48,651 [Test worker] liquibase. - master.changelog.json: migration/node-core.changelog-v8.xml::conditional_attchments_rename::R3.Corda: Marking ChangeSet: migration/node-core.changelog-v8.xml::conditional_attchments_rename::R3.Corda ran despite precondition failure due to onFail='MARK_RAN': 
          master.changelog.json : Table PUBLIC.NODE_ATTCHMENTS_CONTRACTS does not exist

?[m?[37m[INFO] 12:35:48,655 [Test worker] liquibase. - master.changelog.json: migration/node-core.changelog-v8.xml::conditional_attchments_contracts::R3.Corda: Marking ChangeSet: migration/node-core.changelog-v8.xml::conditional_attchments_contracts::R3.Corda ran despite precondition failure due to onFail='MARK_RAN': 
          master.changelog.json : Table PUBLIC.NODE_ATTACHMENTS_CONTRACT_CLASS_NAME does not exist

?[m?[37m[INFO] 12:35:48,656 [Test worker] liquibase. - master.changelog.json: migration/node-core.changelog-v8.xml::add_signers::R3.Corda: Table node_attachments_signers created
?[m?[37m[INFO] 12:35:48,656 [Test worker] liquibase. - master.changelog.json: migration/node-core.changelog-v8.xml::add_signers::R3.Corda: Foreign key constraint added to node_attachments_signers (att_id)
?[m?[37m[INFO] 12:35:48,656 [Test worker] liquibase. - master.changelog.json: migration/node-core.changelog-v8.xml::add_signers::R3.Corda: ChangeSet migration/node-core.changelog-v8.xml::add_signers::R3.Corda ran successfully in 0ms
?[m?[37m[INFO] 12:35:48,658 [Test worker] liquibase. - master.changelog.json: migration/node-core.changelog-tx-mapping.xml::add_tx_mapping_column::R3.Corda: Columns state_machine_run_id(NVARCHAR(36)) added to node_transactions
?[m?[37m[INFO] 12:35:48,659 [Test worker] liquibase. - master.changelog.json: migration/node-core.changelog-tx-mapping.xml::add_tx_mapping_column::R3.Corda: Custom SQL executed
?[m?[37m[INFO] 12:35:48,659 [Test worker] liquibase. - master.changelog.json: migration/node-core.changelog-tx-mapping.xml::add_tx_mapping_column::R3.Corda: Table node_transaction_mappings dropped
?[m?[37m[INFO] 12:35:48,659 [Test worker] liquibase. - master.changelog.json: migration/node-core.changelog-tx-mapping.xml::add_tx_mapping_column::R3.Corda: ChangeSet migration/node-core.changelog-tx-mapping.xml::add_tx_mapping_column::R3.Corda ran successfully in 2ms
?[m?[37m[INFO] 12:35:48,660 [Test worker] liquibase. - master.changelog.json: migration/node-services.changelog-init.xml::add_network_parameters_storage::R3.Corda: Table node_network_parameters created
?[m?[37m[INFO] 12:35:48,660 [Test worker] liquibase. - master.changelog.json: migration/node-services.changelog-init.xml::add_network_parameters_storage::R3.Corda: ChangeSet migration/node-services.changelog-init.xml::add_network_parameters_storage::R3.Corda ran successfully in 0ms
?[m?[37m[INFO] 12:35:48,661 [Test worker] liquibase. - master.changelog.json: migration/node-services.changelog-init.xml::network_parameters_pk::R3.Corda: Primary key added to node_network_parameters (hash)
?[m?[37m[INFO] 12:35:48,661 [Test worker] liquibase. - master.changelog.json: migration/node-services.changelog-init.xml::network_parameters_pk::R3.Corda: ChangeSet migration/node-services.changelog-init.xml::network_parameters_pk::R3.Corda ran successfully in 0ms
?[m?[37m[INFO] 12:35:48,663 [Test worker] liquibase. - master.changelog.json: migration/node-services.changelog-init.xml::add_version_column::R3.Corda: Columns version(INT) added to node_attachments
?[m?[37m[INFO] 12:35:48,663 [Test worker] liquibase. - master.changelog.json: migration/node-services.changelog-init.xml::add_version_column::R3.Corda: Custom SQL executed
?[m?[37m[INFO] 12:35:48,663 [Test worker] liquibase. - master.changelog.json: migration/node-services.changelog-init.xml::add_version_column::R3.Corda: Null constraint has been added to node_attachments.version
?[m?[37m[INFO] 12:35:48,663 [Test worker] liquibase. - master.changelog.json: migration/node-services.changelog-init.xml::add_version_column::R3.Corda: ChangeSet migration/node-services.changelog-init.xml::add_version_column::R3.Corda ran successfully in 1ms
?[m?[37m[INFO] 12:35:48,664 [Test worker] persistence.AttachmentVersionNumberMigration. - Start executing...
?[m?[37m[INFO] 12:35:48,665 [Test worker] persistence.AttachmentVersionNumberMigration. - Attachment version creation from whitelisted JARs using network parameters from build\mock-network\20190412-153548.159\nodes\0\network-parameters, whitelistedContractImplementations: {}.
?[m?[37m[INFO] 12:35:48,665 [Test worker] persistence.AttachmentVersionNumberMigration. - Attachment version creation from whitelisted JARs skipped, no attachments not found.
?[m?[37m[INFO] 12:35:48,665 [Test worker] liquibase. - master.changelog.json: migration/node-services.changelog-init.xml::update-version-of-whitelisted-jars::R3.Corda: null
?[m?[37m[INFO] 12:35:48,665 [Test worker] liquibase. - master.changelog.json: migration/node-services.changelog-init.xml::update-version-of-whitelisted-jars::R3.Corda: ChangeSet migration/node-services.changelog-init.xml::update-version-of-whitelisted-jars::R3.Corda ran successfully in 1ms
?[m?[37m[INFO] 12:35:48,666 [Test worker] migration.VaultStateMigration. - Migrating vault state data to V4 tables
?[m?[37m[INFO] 12:35:48,668 [Test worker] persistence.HibernateConfiguration. - Init HibernateConfiguration for schemas: [VaultMigrationSchemaV1(name=net.corda.node.migration.VaultMigrationSchema, version=1), VaultSchemaV1(name=net.corda.node.services.vault.VaultSchema, version=1)]
?[m?[37m[INFO] 12:35:48,668 [Test worker] persistence.HibernateConfiguration. - Creating session factory for schemas: [VaultMigrationSchemaV1(name=net.corda.node.migration.VaultMigrationSchema, version=1), VaultSchemaV1(name=net.corda.node.services.vault.VaultSchema, version=1)]
?[m?[37m[INFO] 12:35:48,674 [Test worker] internal.ConnectionProviderInitiator. - HHH000130: Instantiating explicit connection provider: net.corda.nodeapi.internal.persistence.HibernateConfiguration$NodeDatabaseConnectionProvider
?[m?[37m[INFO] 12:35:48,674 [Test worker] dialect.Dialect. - HHH000400: Using dialect: org.hibernate.dialect.H2Dialect
?[m?[37m[INFO] 12:35:48,675 [Test worker] type.BasicTypeRegistry. - HHH000270: Type registration [materialized_blob] overrides previous : org.hibernate.type.MaterializedBlobType@61c329e6
?[m?[37m[INFO] 12:35:48,696 [Test worker] connections.access. - HHH10001501: Connection obtained from JdbcConnectionAccess [org.hibernate.engine.jdbc.env.internal.JdbcEnvironmentInitiator$ConnectionProviderJdbcConnectionAccess@3b0743eb] for (non-JTA) DDL execution was not in auto-commit mode; the Connection 'local transaction' will be committed and the Connection will be set into auto-commit mode.
?[m?[37m[INFO] 12:35:48,717 [Test worker] persistence.HibernateConfiguration. - Created session factory for schemas: [VaultMigrationSchemaV1(name=net.corda.node.migration.VaultMigrationSchema, version=1), VaultSchemaV1(name=net.corda.node.services.vault.VaultSchema, version=1)]
?[m?[37m[INFO] 12:35:48,717 [Test worker] internal.QueryTranslatorFactoryInitiator. - HHH000397: Using ASTQueryTranslatorFactory
?[m?[37m[INFO] 12:35:48,722 [Test worker] migration.VaultStateMigration. - Finished performing vault state data migration for 0 states
?[m?[37m[INFO] 12:35:48,722 [Test worker] liquibase. - master.changelog.json: migration/vault-schema.changelog-v9.xml::update-vault-states::R3.Corda: null
?[m?[37m[INFO] 12:35:48,722 [Test worker] liquibase. - master.changelog.json: migration/vault-schema.changelog-v9.xml::update-vault-states::R3.Corda: ChangeSet migration/vault-schema.changelog-v9.xml::update-vault-states::R3.Corda ran successfully in 56ms
?[m?[37m[INFO] 12:35:48,723 [Test worker] liquibase. - master.changelog.json: migration/node-services.changelog-init.xml::1511451595465-16::R3.Corda: Table node_notary_committed_states created
?[m?[37m[INFO] 12:35:48,723 [Test worker] liquibase. - master.changelog.json: migration/node-services.changelog-init.xml::1511451595465-16::R3.Corda: ChangeSet migration/node-services.changelog-init.xml::1511451595465-16::R3.Corda ran successfully in 0ms
?[m?[37m[INFO] 12:35:48,724 [Test worker] liquibase. - master.changelog.json: migration/node-services.changelog-init.xml::1521131680317-17::R3.Corda: Table node_notary_request_log created
?[m?[37m[INFO] 12:35:48,724 [Test worker] liquibase. - master.changelog.json: migration/node-services.changelog-init.xml::1521131680317-17::R3.Corda: ChangeSet migration/node-services.changelog-init.xml::1521131680317-17::R3.Corda ran successfully in 0ms
?[m?[37m[INFO] 12:35:48,725 [Test worker] liquibase. - master.changelog.json: migration/node-services.changelog-init.xml::1511451595465-41::R3.Corda: Primary key added to node_notary_committed_states (output_index, transaction_id)
?[m?[37m[INFO] 12:35:48,725 [Test worker] liquibase. - master.changelog.json: migration/node-services.changelog-init.xml::1511451595465-41::R3.Corda: ChangeSet migration/node-services.changelog-init.xml::1511451595465-41::R3.Corda ran successfully in 0ms
?[m?[37m[INFO] 12:35:48,726 [Test worker] liquibase. - master.changelog.json: migration/node-services.changelog-init.xml::1521131680317-48::R3.Corda: Primary key added to node_notary_request_log (id)
?[m?[37m[INFO] 12:35:48,726 [Test worker] liquibase. - master.changelog.json: migration/node-services.changelog-init.xml::1521131680317-48::R3.Corda: ChangeSet migration/node-services.changelog-init.xml::1521131680317-48::R3.Corda ran successfully in 0ms
?[m?[37m[INFO] 12:35:48,727 [Test worker] liquibase. - master.changelog.json: migration/node-services.changelog-init.xml::nullability::R3.Corda: Null constraint has been added to node_notary_committed_states.consuming_transaction_id
?[m?[37m[INFO] 12:35:48,727 [Test worker] liquibase. - master.changelog.json: migration/node-services.changelog-init.xml::nullability::R3.Corda: ChangeSet migration/node-services.changelog-init.xml::nullability::R3.Corda ran successfully in 0ms
?[m?[37m[INFO] 12:35:48,732 [Test worker] liquibase. - master.changelog.json: migration/node-notary.changelog-v2.xml::rename-table-notary-commit-log::R3.Corda: Marking ChangeSet: migration/node-notary.changelog-v2.xml::rename-table-notary-commit-log::R3.Corda ran despite precondition failure due to onFail='MARK_RAN': 
          master.changelog.json : Table PUBLIC.node_notary_commit_log does not exist

?[m?[37m[INFO] 12:35:48,734 [Test worker] liquibase. - master.changelog.json: migration/node-notary.changelog-v2.xml::create-notary-request-log-table::R3.Corda: Marking ChangeSet: migration/node-notary.changelog-v2.xml::create-notary-request-log-table::R3.Corda ran despite precondition failure due to onFail='MARK_RAN': 
          master.changelog.json : Not precondition failed

?[m?[37m[INFO] 12:35:48,735 [Test worker] liquibase. - master.changelog.json: migration/node-notary.changelog-committed-transactions-table.xml::create-notary-committed-transactions-table::R3.Corda: Table node_notary_committed_txs created
?[m?[37m[INFO] 12:35:48,736 [Test worker] liquibase. - master.changelog.json: migration/node-notary.changelog-committed-transactions-table.xml::create-notary-committed-transactions-table::R3.Corda: Primary key added to node_notary_committed_txs (transaction_id)
?[m?[37m[INFO] 12:35:48,736 [Test worker] liquibase. - master.changelog.json: migration/node-notary.changelog-committed-transactions-table.xml::create-notary-committed-transactions-table::R3.Corda: ChangeSet migration/node-notary.changelog-committed-transactions-table.xml::create-notary-committed-transactions-table::R3.Corda ran successfully in 1ms
?[m?[37m[INFO] 12:35:48,737 [Test worker] liquibase. - Successfully released change log lock
?[m?[37m[INFO] 12:35:48,737 [Test worker] internal.InternalMockNetwork$MockNode. - Connected to H2 database.
?[m?[37m[INFO] 12:35:48,743 [Test worker] persistence.HibernateConfiguration. - Init HibernateConfiguration for schemas: [CommonSchemaV1(name=net.corda.core.schemas.CommonSchema, version=1), VaultSchemaV1(name=net.corda.node.services.vault.VaultSchema, version=1), NodeInfoSchemaV1(name=net.corda.node.internal.schemas.NodeInfoSchema, version=1), NodeCoreV1(name=net.corda.node.services.schema.NodeSchemaService$NodeCore, version=1), IOUSchemaV1(name=com.example.schema.IOUSchema, version=1), NodeNotarySchemaV1(name=net.corda.node.services.transactions.NodeNotarySchema, version=1)]
?[m?[37m[INFO] 12:35:48,744 [Test worker] persistence.HibernateConfiguration. - Creating session factory for schemas: [CommonSchemaV1(name=net.corda.core.schemas.CommonSchema, version=1), VaultSchemaV1(name=net.corda.node.services.vault.VaultSchema, version=1), NodeInfoSchemaV1(name=net.corda.node.internal.schemas.NodeInfoSchema, version=1), NodeCoreV1(name=net.corda.node.services.schema.NodeSchemaService$NodeCore, version=1), IOUSchemaV1(name=com.example.schema.IOUSchema, version=1), NodeNotarySchemaV1(name=net.corda.node.services.transactions.NodeNotarySchema, version=1)]
?[m?[37m[INFO] 12:35:48,750 [Test worker] internal.ConnectionProviderInitiator. - HHH000130: Instantiating explicit connection provider: net.corda.nodeapi.internal.persistence.HibernateConfiguration$NodeDatabaseConnectionProvider
?[m?[37m[INFO] 12:35:48,750 [Test worker] dialect.Dialect. - HHH000400: Using dialect: org.hibernate.dialect.H2Dialect
?[m?[37m[INFO] 12:35:48,753 [Test worker] type.BasicTypeRegistry. - HHH000270: Type registration [materialized_blob] overrides previous : org.hibernate.type.MaterializedBlobType@61c329e6
?[m?[37m[INFO] 12:35:48,801 [Test worker] connections.access. - HHH10001501: Connection obtained from JdbcConnectionAccess [org.hibernate.engine.jdbc.env.internal.JdbcEnvironmentInitiator$ConnectionProviderJdbcConnectionAccess@7680016c] for (non-JTA) DDL execution was not in auto-commit mode; the Connection 'local transaction' will be committed and the Connection will be set into auto-commit mode.
?[m?[37m[INFO] 12:35:48,837 [Test worker] persistence.HibernateConfiguration. - Created session factory for schemas: [CommonSchemaV1(name=net.corda.core.schemas.CommonSchema, version=1), VaultSchemaV1(name=net.corda.node.services.vault.VaultSchema, version=1), NodeInfoSchemaV1(name=net.corda.node.internal.schemas.NodeInfoSchema, version=1), NodeCoreV1(name=net.corda.node.services.schema.NodeSchemaService$NodeCore, version=1), IOUSchemaV1(name=com.example.schema.IOUSchema, version=1), NodeNotarySchemaV1(name=net.corda.node.services.transactions.NodeNotarySchema, version=1)]
?[m?[37m[INFO] 12:35:48,838 [Test worker] internal.QueryTranslatorFactoryInitiator. - HHH000397: Using ASTQueryTranslatorFactory
?[m?[37m[INFO] 12:35:48,841 [Test worker] internal.InternalMockNetwork$MockNode. - Node-info has changed so submitting update. Old node-info was null
?[m?[37m[INFO] 12:35:48,841 [Test worker] network.PersistentNetworkMapCache. - Adding node with info: NodeInfo(addresses=[mock.node:1000], legalIdentitiesAndCerts=[O=Notary Service, L=Zurich, C=CH], platformVersion=4, serial=1555083348841)
?[m?[37m[INFO] 12:35:48,843 [Test worker] network.PersistentNetworkMapCache. - No previous node found
?[m?[37m[INFO] 12:35:48,852 [Test worker] internal.InternalMockNetwork$MockNode. - New node-info: NodeInfo(addresses=[mock.node:1000], legalIdentitiesAndCerts=[O=Notary Service, L=Zurich, C=CH], platformVersion=4, serial=1555083348841)
?[m?[37m[INFO] 12:35:48,865 [Test worker] network.NetworkMapUpdater. - Auto-accept enabled for network parameter changes which modify only: [epoch, modifiedTime, packageOwnership, whitelistedContractImplementations]
?[m?[37m[INFO] 12:35:48,868 [MockNode-13-2] network.PersistentNetworkMapCache. - Adding node with info: NodeInfo(addresses=[mock.node:1000], legalIdentitiesAndCerts=[O=Notary Service, L=Zurich, C=CH], platformVersion=4, serial=1555083348841)
?[m?[37m[INFO] 12:35:48,872 [MockNode-13-2] network.PersistentNetworkMapCache. - Previous node was identical to incoming one - doing nothing
?[m?[37m[INFO] 12:35:48,946 [Test worker] ClassloaderUtils. - Contracts loading for 'C:\Users\Daniel\AppData\Local\Temp\attachment17483413043541391.jar' took 19 msec
?[m?[37m[INFO] 12:35:48,953 [Test worker] persistence.NodeAttachmentService. - Stored new attachment: id=068D846C052E681003228A05005925CB3EC9DBFEDDFDA00048D0BB87F1ED69B0 uploader=app filename=null
?[m?[37m[INFO] 12:35:48,955 [Test worker] utilities.NotaryLoader. - Starting notary service: class net.corda.node.services.transactions.SimpleNotaryService
?[m?[37m[INFO] 12:35:48,955 [Test worker] notary.SinglePartyNotaryService. - Starting notary in validating mode
?[m?[37m[INFO] 12:35:48,958 [Test worker] statemachine.SingleThreadedStateMachineManager. - Node ready, info: NodeInfo(addresses=[mock.node:1000], legalIdentitiesAndCerts=[O=Notary Service, L=Zurich, C=CH], platformVersion=4, serial=1555083348841)
?[m?[37m[INFO] 12:35:48,959 [Test worker] network.PersistentNetworkMapCache. - Adding node with info: NodeInfo(addresses=[mock.node:1000], legalIdentitiesAndCerts=[O=Notary Service, L=Zurich, C=CH], platformVersion=4, serial=1555083348841)
?[m?[37m[INFO] 12:35:48,959 [Test worker] network.PersistentNetworkMapCache. - Previous node was identical to incoming one - doing nothing
?[m?[37m[INFO] 12:35:48,959 [Test worker] network.PersistentNetworkMapCache. - Adding node with info: NodeInfo(addresses=[mock.node:1000], legalIdentitiesAndCerts=[O=Notary Service, L=Zurich, C=CH], platformVersion=4, serial=1555083348841)
?[m?[37m[INFO] 12:35:48,959 [Test worker] network.PersistentNetworkMapCache. - Previous node was identical to incoming one - doing nothing
?[m?[37m[INFO] 12:35:48,967 [Test worker] cordapp.JarScanningCordappLoader. - Looking for CorDapps in [build\mock-network\20190412-153548.159\nodes\1\cordapps]
?[m?[37m[INFO] 12:35:48,968 [Test worker] cordapp.JarScanningCordappLoader. - Loading CorDapps from RestrictedURL(url=file:/C:/Users/Daniel/OneDrive/Documents/tokensdk/samples3/cordapp-example/workflows-kotlin/build/mock-network/20190412-153548.159/nodes/1/cordapps/cordapp-example-contracts-0.1.jar, rootPackageName=null), RestrictedURL(url=file:/C:/Users/Daniel/OneDrive/Documents/tokensdk/samples3/cordapp-example/workflows-kotlin/build/mock-network/20190412-153548.159/nodes/1/cordapps/cordapp-example-workflows-0.1.jar, rootPackageName=null)
?[m?[37m[INFO] 12:35:48,968 [Test worker] cordapp.JarScanningCordappLoader. - Scanning CorDapp in file:/C:/Users/Daniel/OneDrive/Documents/tokensdk/samples3/cordapp-example/workflows-kotlin/build/mock-network/20190412-153548.159/nodes/1/cordapps/cordapp-example-contracts-0.1.jar
?[m?[37m[INFO] 12:35:49,043 [Test worker] cordapp.JarScanningCordappLoader. - Found notary service CorDapp implementations: 
?[m?[37m[INFO] 12:35:49,043 [Test worker] cordapp.JarScanningCordappLoader. - Scanning CorDapp in file:/C:/Users/Daniel/OneDrive/Documents/tokensdk/samples3/cordapp-example/workflows-kotlin/build/mock-network/20190412-153548.159/nodes/1/cordapps/cordapp-example-workflows-0.1.jar
?[m?[37m[INFO] 12:35:49,132 [Test worker] cordapp.JarScanningCordappLoader. - Found notary service CorDapp implementations: 
?[m?[37m[INFO] 12:35:49,140 [Test worker] internal.InternalMockNetwork$MockNode. - Node starting up ...
?[m?[37m[INFO] 12:35:49,174 [Test worker] internal.NodeFlowManager. - Registered com.example.flow.ExampleFlow$Initiator to initiate com.example.flow.ExampleFlow$Acceptor (version 1)
?[m?[37m[INFO] 12:35:49,175 [Test worker] internal.InternalMockNetwork$MockNode. - Loaded network parameters: NetworkParameters {
      minimumPlatformVersion=1
      notaries=[NotaryInfo(identity=O=Notary Service, L=Zurich, C=CH, validating=true)]
      maxMessageSize=10485760
      maxTransactionSize=524288000
      whitelistedContractImplementations {
        
      }
      eventHorizon=PT720H
      packageOwnership {
        
      }
      modifiedTime=2019-04-12T15:35:48.158Z
      epoch=1
  }
?[m?[37m[INFO] 12:35:49,175 [Test worker] hikari.HikariDataSource. - HikariPool-14 - Started.
?[m?[37m[INFO] 12:35:49,287 [Test worker] liquibase. - Creating database history table with name: PUBLIC.DATABASECHANGELOG
?[m?[37m[INFO] 12:35:49,288 [Test worker] liquibase. - Reading from PUBLIC.DATABASECHANGELOG
?[m?[37m[INFO] 12:35:49,289 [Test worker] liquibase. - master.changelog.json: migration/common.changelog-init.xml::1511451595465-1.3::R3.Corda: Skipping changeSet migration/common.changelog-init.xml::1511451595465-1.3::R3.Corda due to validation error(s): minValue is not allowed on h2
?[m?[37m[INFO] 12:35:49,292 [Test worker] liquibase. - master.changelog.json: migration/vault-schema.changelog-pkey.xml::non-clustered_pk-11::R3.Corda: Skipping changeSet migration/vault-schema.changelog-pkey.xml::non-clustered_pk-11::R3.Corda due to validation error(s): clustered is not allowed on h2
?[m?[37m[INFO] 12:35:49,293 [Test worker] liquibase. - master.changelog.json: migration/vault-schema.changelog-pkey.xml::non-clustered_pk-12::R3.Corda: Skipping changeSet migration/vault-schema.changelog-pkey.xml::non-clustered_pk-12::R3.Corda due to validation error(s): clustered is not allowed on h2
?[m?[37m[INFO] 12:35:49,293 [Test worker] liquibase. - master.changelog.json: migration/vault-schema.changelog-pkey.xml::non-clustered_pk-13::R3.Corda: Skipping changeSet migration/vault-schema.changelog-pkey.xml::non-clustered_pk-13::R3.Corda due to validation error(s): clustered is not allowed on h2
?[m?[37m[INFO] 12:35:49,300 [Test worker] liquibase. - master.changelog.json: migration/node-core.changelog-pkey.xml::non-clustered_pk-1::R3.Corda: Skipping changeSet migration/node-core.changelog-pkey.xml::non-clustered_pk-1::R3.Corda due to validation error(s): clustered is not allowed on h2
?[m?[37m[INFO] 12:35:49,300 [Test worker] liquibase. - master.changelog.json: migration/node-core.changelog-pkey.xml::non-clustered_pk-2::R3.Corda: Skipping changeSet migration/node-core.changelog-pkey.xml::non-clustered_pk-2::R3.Corda due to validation error(s): clustered is not allowed on h2
?[m?[37m[INFO] 12:35:49,300 [Test worker] liquibase. - master.changelog.json: migration/node-core.changelog-pkey.xml::non-clustered_pk-3::R3.Corda: Skipping changeSet migration/node-core.changelog-pkey.xml::non-clustered_pk-3::R3.Corda due to validation error(s): clustered is not allowed on h2
?[m?[37m[INFO] 12:35:49,300 [Test worker] liquibase. - master.changelog.json: migration/node-core.changelog-pkey.xml::non-clustered_pk-4::R3.Corda: Skipping changeSet migration/node-core.changelog-pkey.xml::non-clustered_pk-4::R3.Corda due to validation error(s): clustered is not allowed on h2
?[m?[37m[INFO] 12:35:49,300 [Test worker] liquibase. - master.changelog.json: migration/node-core.changelog-pkey.xml::non-clustered_pk-5::R3.Corda: Skipping changeSet migration/node-core.changelog-pkey.xml::non-clustered_pk-5::R3.Corda due to validation error(s): clustered is not allowed on h2
?[m?[37m[INFO] 12:35:49,300 [Test worker] liquibase. - master.changelog.json: migration/node-core.changelog-pkey.xml::non-clustered_pk-6::R3.Corda: Skipping changeSet migration/node-core.changelog-pkey.xml::non-clustered_pk-6::R3.Corda due to validation error(s): clustered is not allowed on h2
?[m?[37m[INFO] 12:35:49,300 [Test worker] liquibase. - master.changelog.json: migration/node-core.changelog-pkey.xml::non-clustered_pk-7::R3.Corda: Skipping changeSet migration/node-core.changelog-pkey.xml::non-clustered_pk-7::R3.Corda due to validation error(s): clustered is not allowed on h2
?[m?[37m[INFO] 12:35:49,303 [Test worker] liquibase. - Successfully acquired change log lock
?[m?[37m[INFO] 12:35:49,303 [Test worker] liquibase. - master.changelog.json: migration/common.changelog-init.xml::1511451595465-1.3::R3.Corda: Skipping changeSet migration/common.changelog-init.xml::1511451595465-1.3::R3.Corda due to validation error(s): minValue is not allowed on h2
?[m?[37m[INFO] 12:35:49,304 [Test worker] liquibase. - master.changelog.json: migration/vault-schema.changelog-pkey.xml::non-clustered_pk-11::R3.Corda: Skipping changeSet migration/vault-schema.changelog-pkey.xml::non-clustered_pk-11::R3.Corda due to validation error(s): clustered is not allowed on h2
?[m?[37m[INFO] 12:35:49,305 [Test worker] liquibase. - master.changelog.json: migration/vault-schema.changelog-pkey.xml::non-clustered_pk-12::R3.Corda: Skipping changeSet migration/vault-schema.changelog-pkey.xml::non-clustered_pk-12::R3.Corda due to validation error(s): clustered is not allowed on h2
?[m?[37m[INFO] 12:35:49,305 [Test worker] liquibase. - master.changelog.json: migration/vault-schema.changelog-pkey.xml::non-clustered_pk-13::R3.Corda: Skipping changeSet migration/vault-schema.changelog-pkey.xml::non-clustered_pk-13::R3.Corda due to validation error(s): clustered is not allowed on h2
?[m?[37m[INFO] 12:35:49,307 [Test worker] liquibase. - master.changelog.json: migration/node-core.changelog-pkey.xml::non-clustered_pk-1::R3.Corda: Skipping changeSet migration/node-core.changelog-pkey.xml::non-clustered_pk-1::R3.Corda due to validation error(s): clustered is not allowed on h2
?[m?[37m[INFO] 12:35:49,307 [Test worker] liquibase. - master.changelog.json: migration/node-core.changelog-pkey.xml::non-clustered_pk-2::R3.Corda: Skipping changeSet migration/node-core.changelog-pkey.xml::non-clustered_pk-2::R3.Corda due to validation error(s): clustered is not allowed on h2
?[m?[37m[INFO] 12:35:49,307 [Test worker] liquibase. - master.changelog.json: migration/node-core.changelog-pkey.xml::non-clustered_pk-3::R3.Corda: Skipping changeSet migration/node-core.changelog-pkey.xml::non-clustered_pk-3::R3.Corda due to validation error(s): clustered is not allowed on h2
?[m?[37m[INFO] 12:35:49,307 [Test worker] liquibase. - master.changelog.json: migration/node-core.changelog-pkey.xml::non-clustered_pk-4::R3.Corda: Skipping changeSet migration/node-core.changelog-pkey.xml::non-clustered_pk-4::R3.Corda due to validation error(s): clustered is not allowed on h2
?[m?[37m[INFO] 12:35:49,307 [Test worker] liquibase. - master.changelog.json: migration/node-core.changelog-pkey.xml::non-clustered_pk-5::R3.Corda: Skipping changeSet migration/node-core.changelog-pkey.xml::non-clustered_pk-5::R3.Corda due to validation error(s): clustered is not allowed on h2
?[m?[37m[INFO] 12:35:49,307 [Test worker] liquibase. - master.changelog.json: migration/node-core.changelog-pkey.xml::non-clustered_pk-6::R3.Corda: Skipping changeSet migration/node-core.changelog-pkey.xml::non-clustered_pk-6::R3.Corda due to validation error(s): clustered is not allowed on h2
?[m?[37m[INFO] 12:35:49,307 [Test worker] liquibase. - master.changelog.json: migration/node-core.changelog-pkey.xml::non-clustered_pk-7::R3.Corda: Skipping changeSet migration/node-core.changelog-pkey.xml::non-clustered_pk-7::R3.Corda due to validation error(s): clustered is not allowed on h2
?[m?[37m[INFO] 12:35:49,308 [Test worker] liquibase. - master.changelog.json: migration/common.changelog-init.xml::1511451595465-1.1::R3.Corda: Sequence hibernate_sequence created
?[m?[37m[INFO] 12:35:49,308 [Test worker] liquibase. - master.changelog.json: migration/common.changelog-init.xml::1511451595465-1.1::R3.Corda: ChangeSet migration/common.changelog-init.xml::1511451595465-1.1::R3.Corda ran successfully in 0ms
?[m?[37m[INFO] 12:35:49,310 [Test worker] liquibase. - master.changelog.json: migration/vault-schema.changelog-init.xml::1511451595465-22::R3.Corda: Table vault_fungible_states created
?[m?[37m[INFO] 12:35:49,310 [Test worker] liquibase. - master.changelog.json: migration/vault-schema.changelog-init.xml::1511451595465-22::R3.Corda: ChangeSet migration/vault-schema.changelog-init.xml::1511451595465-22::R3.Corda ran successfully in 0ms
?[m?[37m[INFO] 12:35:49,311 [Test worker] liquibase. - master.changelog.json: migration/vault-schema.changelog-init.xml::1511451595465-23::R3.Corda: Table vault_fungible_states_parts created
?[m?[37m[INFO] 12:35:49,311 [Test worker] liquibase. - master.changelog.json: migration/vault-schema.changelog-init.xml::1511451595465-23::R3.Corda: ChangeSet migration/vault-schema.changelog-init.xml::1511451595465-23::R3.Corda ran successfully in 0ms
?[m?[37m[INFO] 12:35:49,312 [Test worker] liquibase. - master.changelog.json: migration/vault-schema.changelog-init.xml::1511451595465-24::R3.Corda: Table vault_linear_states created
?[m?[37m[INFO] 12:35:49,312 [Test worker] liquibase. - master.changelog.json: migration/vault-schema.changelog-init.xml::1511451595465-24::R3.Corda: ChangeSet migration/vault-schema.changelog-init.xml::1511451595465-24::R3.Corda ran successfully in 0ms
?[m?[37m[INFO] 12:35:49,313 [Test worker] liquibase. - master.changelog.json: migration/vault-schema.changelog-init.xml::1511451595465-25::R3.Corda: Table vault_linear_states_parts created
?[m?[37m[INFO] 12:35:49,313 [Test worker] liquibase. - master.changelog.json: migration/vault-schema.changelog-init.xml::1511451595465-25::R3.Corda: ChangeSet migration/vault-schema.changelog-init.xml::1511451595465-25::R3.Corda ran successfully in 0ms
?[m?[37m[INFO] 12:35:49,314 [Test worker] liquibase. - master.changelog.json: migration/vault-schema.changelog-init.xml::1511451595465-26::R3.Corda: Table vault_states created
?[m?[37m[INFO] 12:35:49,314 [Test worker] liquibase. - master.changelog.json: migration/vault-schema.changelog-init.xml::1511451595465-26::R3.Corda: ChangeSet migration/vault-schema.changelog-init.xml::1511451595465-26::R3.Corda ran successfully in 0ms
?[m?[37m[INFO] 12:35:49,315 [Test worker] liquibase. - master.changelog.json: migration/vault-schema.changelog-init.xml::1511451595465-27::R3.Corda: Table vault_transaction_notes created
?[m?[37m[INFO] 12:35:49,315 [Test worker] liquibase. - master.changelog.json: migration/vault-schema.changelog-init.xml::1511451595465-27::R3.Corda: ChangeSet migration/vault-schema.changelog-init.xml::1511451595465-27::R3.Corda ran successfully in 0ms
?[m?[37m[INFO] 12:35:49,316 [Test worker] liquibase. - master.changelog.json: migration/vault-schema.changelog-init.xml::1511451595465-47::R3.Corda: Primary key added to vault_fungible_states (output_index, transaction_id)
?[m?[37m[INFO] 12:35:49,316 [Test worker] liquibase. - master.changelog.json: migration/vault-schema.changelog-init.xml::1511451595465-47::R3.Corda: ChangeSet migration/vault-schema.changelog-init.xml::1511451595465-47::R3.Corda ran successfully in 1ms
?[m?[37m[INFO] 12:35:49,316 [Test worker] liquibase. - master.changelog.json: migration/vault-schema.changelog-init.xml::1511451595465-48::R3.Corda: Primary key added to vault_linear_states (output_index, transaction_id)
?[m?[37m[INFO] 12:35:49,316 [Test worker] liquibase. - master.changelog.json: migration/vault-schema.changelog-init.xml::1511451595465-48::R3.Corda: ChangeSet migration/vault-schema.changelog-init.xml::1511451595465-48::R3.Corda ran successfully in 0ms
?[m?[37m[INFO] 12:35:49,317 [Test worker] liquibase. - master.changelog.json: migration/vault-schema.changelog-init.xml::1511451595465-49::R3.Corda: Primary key added to vault_states (output_index, transaction_id)
?[m?[37m[INFO] 12:35:49,317 [Test worker] liquibase. - master.changelog.json: migration/vault-schema.changelog-init.xml::1511451595465-49::R3.Corda: ChangeSet migration/vault-schema.changelog-init.xml::1511451595465-49::R3.Corda ran successfully in 0ms
?[m?[37m[INFO] 12:35:49,318 [Test worker] liquibase. - master.changelog.json: migration/vault-schema.changelog-init.xml::1511451595465-50::R3.Corda: Primary key added to vault_transaction_notes (seq_no)
?[m?[37m[INFO] 12:35:49,318 [Test worker] liquibase. - master.changelog.json: migration/vault-schema.changelog-init.xml::1511451595465-50::R3.Corda: ChangeSet migration/vault-schema.changelog-init.xml::1511451595465-50::R3.Corda ran successfully in 0ms
?[m?[37m[INFO] 12:35:49,319 [Test worker] liquibase. - master.changelog.json: migration/vault-schema.changelog-init.xml::1511451595465-53::R3.Corda: Index external_id_index created
?[m?[37m[INFO] 12:35:49,319 [Test worker] liquibase. - master.changelog.json: migration/vault-schema.changelog-init.xml::1511451595465-53::R3.Corda: ChangeSet migration/vault-schema.changelog-init.xml::1511451595465-53::R3.Corda ran successfully in 0ms
?[m?[37m[INFO] 12:35:49,320 [Test worker] liquibase. - master.changelog.json: migration/vault-schema.changelog-init.xml::1511451595465-55::R3.Corda: Index lock_id_idx created
?[m?[37m[INFO] 12:35:49,320 [Test worker] liquibase. - master.changelog.json: migration/vault-schema.changelog-init.xml::1511451595465-55::R3.Corda: ChangeSet migration/vault-schema.changelog-init.xml::1511451595465-55::R3.Corda ran successfully in 0ms
?[m?[37m[INFO] 12:35:49,321 [Test worker] liquibase. - master.changelog.json: migration/vault-schema.changelog-init.xml::1511451595465-58::R3.Corda: Index state_status_idx created
?[m?[37m[INFO] 12:35:49,321 [Test worker] liquibase. - master.changelog.json: migration/vault-schema.changelog-init.xml::1511451595465-58::R3.Corda: ChangeSet migration/vault-schema.changelog-init.xml::1511451595465-58::R3.Corda ran successfully in 0ms
?[m?[37m[INFO] 12:35:49,322 [Test worker] liquibase. - master.changelog.json: migration/vault-schema.changelog-init.xml::1511451595465-59::R3.Corda: Index transaction_id_index created
?[m?[37m[INFO] 12:35:49,322 [Test worker] liquibase. - master.changelog.json: migration/vault-schema.changelog-init.xml::1511451595465-59::R3.Corda: ChangeSet migration/vault-schema.changelog-init.xml::1511451595465-59::R3.Corda ran successfully in 0ms
?[m?[37m[INFO] 12:35:49,323 [Test worker] liquibase. - master.changelog.json: migration/vault-schema.changelog-init.xml::1511451595465-60::R3.Corda: Index uuid_index created
?[m?[37m[INFO] 12:35:49,323 [Test worker] liquibase. - master.changelog.json: migration/vault-schema.changelog-init.xml::1511451595465-60::R3.Corda: ChangeSet migration/vault-schema.changelog-init.xml::1511451595465-60::R3.Corda ran successfully in 0ms
?[m?[37m[INFO] 12:35:49,324 [Test worker] liquibase. - master.changelog.json: migration/vault-schema.changelog-init.xml::1511451595465-64::R3.Corda: Foreign key constraint added to vault_fungible_states_parts (output_index,transaction_id)
?[m?[37m[INFO] 12:35:49,324 [Test worker] liquibase. - master.changelog.json: migration/vault-schema.changelog-init.xml::1511451595465-64::R3.Corda: ChangeSet migration/vault-schema.changelog-init.xml::1511451595465-64::R3.Corda ran successfully in 0ms
?[m?[37m[INFO] 12:35:49,326 [Test worker] liquibase. - master.changelog.json: migration/vault-schema.changelog-init.xml::1511451595465-65::R3.Corda: Foreign key constraint added to vault_linear_states_parts (output_index,transaction_id)
?[m?[37m[INFO] 12:35:49,326 [Test worker] liquibase. - master.changelog.json: migration/vault-schema.changelog-init.xml::1511451595465-65::R3.Corda: ChangeSet migration/vault-schema.changelog-init.xml::1511451595465-65::R3.Corda ran successfully in 1ms
?[m?[37m[INFO] 12:35:49,327 [Test worker] liquibase. - master.changelog.json: migration/vault-schema.changelog-v3.xml::clean_vault::R3.Corda: Data deleted from vault_fungible_states_parts
?[m?[37m[INFO] 12:35:49,327 [Test worker] liquibase. - master.changelog.json: migration/vault-schema.changelog-v3.xml::clean_vault::R3.Corda: Data deleted from vault_fungible_states
?[m?[37m[INFO] 12:35:49,327 [Test worker] liquibase. - master.changelog.json: migration/vault-schema.changelog-v3.xml::clean_vault::R3.Corda: Data deleted from vault_linear_states_parts
?[m?[37m[INFO] 12:35:49,327 [Test worker] liquibase. - master.changelog.json: migration/vault-schema.changelog-v3.xml::clean_vault::R3.Corda: Data deleted from vault_linear_states
?[m?[37m[INFO] 12:35:49,327 [Test worker] liquibase. - master.changelog.json: migration/vault-schema.changelog-v3.xml::clean_vault::R3.Corda: Data deleted from vault_states
?[m?[37m[INFO] 12:35:49,327 [Test worker] liquibase. - master.changelog.json: migration/vault-schema.changelog-v3.xml::clean_vault::R3.Corda: Data deleted from vault_transaction_notes
?[m?[37m[INFO] 12:35:49,327 [Test worker] liquibase. - master.changelog.json: migration/vault-schema.changelog-v3.xml::clean_vault::R3.Corda: ChangeSet migration/vault-schema.changelog-v3.xml::clean_vault::R3.Corda ran successfully in 0ms
?[m?[37m[INFO] 12:35:49,328 [Test worker] liquibase. - master.changelog.json: migration/vault-schema.changelog-v4.xml::nullability::R3.Corda: Null constraint has been added to vault_fungible_states.quantity
?[m?[37m[INFO] 12:35:49,328 [Test worker] liquibase. - master.changelog.json: migration/vault-schema.changelog-v4.xml::nullability::R3.Corda: Null constraint has been added to vault_states.contract_state_class_name
?[m?[37m[INFO] 12:35:49,328 [Test worker] liquibase. - master.changelog.json: migration/vault-schema.changelog-v4.xml::nullability::R3.Corda: Null constraint has been added to vault_states.notary_name
?[m?[37m[INFO] 12:35:49,328 [Test worker] liquibase. - master.changelog.json: migration/vault-schema.changelog-v4.xml::nullability::R3.Corda: Null constraint has been added to vault_states.recorded_timestamp
?[m?[37m[INFO] 12:35:49,328 [Test worker] liquibase. - master.changelog.json: migration/vault-schema.changelog-v4.xml::nullability::R3.Corda: Index state_status_idx dropped from table vault_states
?[m?[37m[INFO] 12:35:49,328 [Test worker] liquibase. - master.changelog.json: migration/vault-schema.changelog-v4.xml::nullability::R3.Corda: Index lock_id_idx dropped from table vault_states
?[m?[37m[INFO] 12:35:49,329 [Test worker] liquibase. - master.changelog.json: migration/vault-schema.changelog-v4.xml::nullability::R3.Corda: Null constraint has been added to vault_states.state_status
?[m?[37m[INFO] 12:35:49,329 [Test worker] liquibase. - master.changelog.json: migration/vault-schema.changelog-v4.xml::nullability::R3.Corda: Index state_status_idx created
?[m?[37m[INFO] 12:35:49,329 [Test worker] liquibase. - master.changelog.json: migration/vault-schema.changelog-v4.xml::nullability::R3.Corda: Index lock_id_idx created
?[m?[37m[INFO] 12:35:49,329 [Test worker] liquibase. - master.changelog.json: migration/vault-schema.changelog-v4.xml::nullability::R3.Corda: Index transaction_id_index dropped from table vault_transaction_notes
?[m?[37m[INFO] 12:35:49,329 [Test worker] liquibase. - master.changelog.json: migration/vault-schema.changelog-v4.xml::nullability::R3.Corda: Null constraint has been added to vault_transaction_notes.note
?[m?[37m[INFO] 12:35:49,329 [Test worker] liquibase. - master.changelog.json: migration/vault-schema.changelog-v4.xml::nullability::R3.Corda: Null constraint has been added to vault_transaction_notes.transaction_id
?[m?[37m[INFO] 12:35:49,329 [Test worker] liquibase. - master.changelog.json: migration/vault-schema.changelog-v4.xml::nullability::R3.Corda: Index transaction_id_index created
?[m?[37m[INFO] 12:35:49,329 [Test worker] liquibase. - master.changelog.json: migration/vault-schema.changelog-v4.xml::nullability::R3.Corda: ChangeSet migration/vault-schema.changelog-v4.xml::nullability::R3.Corda ran successfully in 1ms
?[m?[37m[INFO] 12:35:49,334 [Test worker] liquibase. - master.changelog.json: migration/vault-schema.changelog-v5.xml::add_relevancy_status_column::R3.Corda: Columns relevancy_status(INT) added to vault_states
?[m?[37m[INFO] 12:35:49,335 [Test worker] liquibase. - master.changelog.json: migration/vault-schema.changelog-v5.xml::add_relevancy_status_column::R3.Corda: Data updated in vault_states
?[m?[37m[INFO] 12:35:49,335 [Test worker] liquibase. - master.changelog.json: migration/vault-schema.changelog-v5.xml::add_relevancy_status_column::R3.Corda: Null constraint has been added to vault_states.relevancy_status
?[m?[37m[INFO] 12:35:49,335 [Test worker] liquibase. - master.changelog.json: migration/vault-schema.changelog-v5.xml::add_relevancy_status_column::R3.Corda: ChangeSet migration/vault-schema.changelog-v5.xml::add_relevancy_status_column::R3.Corda ran successfully in 2ms
?[m?[37m[INFO] 12:35:49,337 [Test worker] liquibase. - master.changelog.json: migration/vault-schema.changelog-v6.xml::add_is_constraint_information_columns::R3.Corda: Columns constraint_type(INT) added to vault_states
?[m?[37m[INFO] 12:35:49,338 [Test worker] liquibase. - master.changelog.json: migration/vault-schema.changelog-v6.xml::add_is_constraint_information_columns::R3.Corda: Columns constraint_data(varbinary(563)) added to vault_states
?[m?[37m[INFO] 12:35:49,338 [Test worker] liquibase. - master.changelog.json: migration/vault-schema.changelog-v6.xml::add_is_constraint_information_columns::R3.Corda: ChangeSet migration/vault-schema.changelog-v6.xml::add_is_constraint_information_columns::R3.Corda ran successfully in 2ms
?[m?[37m[INFO] 12:35:49,339 [Test worker] liquibase. - master.changelog.json: migration/vault-schema.changelog-v7.xml::make_issuer_ref_nullable::R3.Corda: Null constraint dropped from vault_fungible_states.issuer_ref
?[m?[37m[INFO] 12:35:49,339 [Test worker] liquibase. - master.changelog.json: migration/vault-schema.changelog-v7.xml::make_issuer_ref_nullable::R3.Corda: ChangeSet migration/vault-schema.changelog-v7.xml::make_issuer_ref_nullable::R3.Corda ran successfully in 0ms
?[m?[37m[INFO] 12:35:49,341 [Test worker] liquibase. - master.changelog.json: migration/vault-schema.changelog-v8.xml::create-external-id-to-state-party-view::R3.Corda: Table state_party created
?[m?[37m[INFO] 12:35:49,341 [Test worker] liquibase. - master.changelog.json: migration/vault-schema.changelog-v8.xml::create-external-id-to-state-party-view::R3.Corda: Index state_pk_hash_idx created
?[m?[37m[INFO] 12:35:49,341 [Test worker] liquibase. - master.changelog.json: migration/vault-schema.changelog-v8.xml::create-external-id-to-state-party-view::R3.Corda: Table pk_hash_to_ext_id_map created
?[m?[37m[INFO] 12:35:49,341 [Test worker] liquibase. - master.changelog.json: migration/vault-schema.changelog-v8.xml::create-external-id-to-state-party-view::R3.Corda: Index pk_hash_to_xid_idx created
?[m?[37m[INFO] 12:35:49,343 [Test worker] liquibase. - master.changelog.json: migration/vault-schema.changelog-v8.xml::create-external-id-to-state-party-view::R3.Corda: View v_pkey_hash_ex_id_map created
?[m?[37m[INFO] 12:35:49,343 [Test worker] liquibase. - master.changelog.json: migration/vault-schema.changelog-v8.xml::create-external-id-to-state-party-view::R3.Corda: ChangeSet migration/vault-schema.changelog-v8.xml::create-external-id-to-state-party-view::R3.Corda ran successfully in 3ms
?[m?[37m[INFO] 12:35:49,345 [Test worker] liquibase. - master.changelog.json: migration/node-info.changelog-init.xml::1511451595465-4::R3.Corda: Table node_link_nodeinfo_party created
?[m?[37m[INFO] 12:35:49,345 [Test worker] liquibase. - master.changelog.json: migration/node-info.changelog-init.xml::1511451595465-4::R3.Corda: ChangeSet migration/node-info.changelog-init.xml::1511451595465-4::R3.Corda ran successfully in 1ms
?[m?[37m[INFO] 12:35:49,346 [Test worker] liquibase. - master.changelog.json: migration/node-info.changelog-init.xml::1511451595465-10::R3.Corda: Table node_info_hosts created
?[m?[37m[INFO] 12:35:49,346 [Test worker] liquibase. - master.changelog.json: migration/node-info.changelog-init.xml::1511451595465-10::R3.Corda: ChangeSet migration/node-info.changelog-init.xml::1511451595465-10::R3.Corda ran successfully in 1ms
?[m?[37m[INFO] 12:35:49,347 [Test worker] liquibase. - master.changelog.json: migration/node-info.changelog-init.xml::1511451595465-11::R3.Corda: Table node_info_party_cert created
?[m?[37m[INFO] 12:35:49,347 [Test worker] liquibase. - master.changelog.json: migration/node-info.changelog-init.xml::1511451595465-11::R3.Corda: ChangeSet migration/node-info.changelog-init.xml::1511451595465-11::R3.Corda ran successfully in 0ms
?[m?[37m[INFO] 12:35:49,348 [Test worker] liquibase. - master.changelog.json: migration/node-info.changelog-init.xml::1511451595465-12::R3.Corda: Table node_infos created
?[m?[37m[INFO] 12:35:49,348 [Test worker] liquibase. - master.changelog.json: migration/node-info.changelog-init.xml::1511451595465-12::R3.Corda: ChangeSet migration/node-info.changelog-init.xml::1511451595465-12::R3.Corda ran successfully in 0ms
?[m?[37m[INFO] 12:35:49,349 [Test worker] liquibase. - master.changelog.json: migration/node-info.changelog-init.xml::1511451595465-35::R3.Corda: Primary key added to node_info_hosts (host, port)
?[m?[37m[INFO] 12:35:49,349 [Test worker] liquibase. - master.changelog.json: migration/node-info.changelog-init.xml::1511451595465-35::R3.Corda: ChangeSet migration/node-info.changelog-init.xml::1511451595465-35::R3.Corda ran successfully in 0ms
?[m?[37m[INFO] 12:35:49,350 [Test worker] liquibase. - master.changelog.json: migration/node-info.changelog-init.xml::1511451595465-36::R3.Corda: Primary key added to node_info_party_cert (party_name)
?[m?[37m[INFO] 12:35:49,350 [Test worker] liquibase. - master.changelog.json: migration/node-info.changelog-init.xml::1511451595465-36::R3.Corda: ChangeSet migration/node-info.changelog-init.xml::1511451595465-36::R3.Corda ran successfully in 0ms
?[m?[37m[INFO] 12:35:49,351 [Test worker] liquibase. - master.changelog.json: migration/node-info.changelog-init.xml::1511451595465-37::R3.Corda: Primary key added to node_infos (node_info_id)
?[m?[37m[INFO] 12:35:49,351 [Test worker] liquibase. - master.changelog.json: migration/node-info.changelog-init.xml::1511451595465-37::R3.Corda: ChangeSet migration/node-info.changelog-init.xml::1511451595465-37::R3.Corda ran successfully in 0ms
?[m?[37m[INFO] 12:35:49,352 [Test worker] liquibase. - master.changelog.json: migration/node-info.changelog-init.xml::1511451595465-62::R3.Corda: Foreign key constraint added to node_link_nodeinfo_party (node_info_id)
?[m?[37m[INFO] 12:35:49,352 [Test worker] liquibase. - master.changelog.json: migration/node-info.changelog-init.xml::1511451595465-62::R3.Corda: ChangeSet migration/node-info.changelog-init.xml::1511451595465-62::R3.Corda ran successfully in 1ms
?[m?[37m[INFO] 12:35:49,353 [Test worker] liquibase. - master.changelog.json: migration/node-info.changelog-init.xml::1511451595465-63::R3.Corda: Foreign key constraint added to node_info_hosts (node_info_id)
?[m?[37m[INFO] 12:35:49,353 [Test worker] liquibase. - master.changelog.json: migration/node-info.changelog-init.xml::1511451595465-63::R3.Corda: ChangeSet migration/node-info.changelog-init.xml::1511451595465-63::R3.Corda ran successfully in 0ms
?[m?[37m[INFO] 12:35:49,354 [Test worker] liquibase. - master.changelog.json: migration/node-info.changelog-init.xml::remove_host_port_pk::R3.Corda: Data deleted from node_infos
?[m?[37m[INFO] 12:35:49,354 [Test worker] liquibase. - master.changelog.json: migration/node-info.changelog-init.xml::remove_host_port_pk::R3.Corda: Data deleted from node_link_nodeinfo_party
?[m?[37m[INFO] 12:35:49,354 [Test worker] liquibase. - master.changelog.json: migration/node-info.changelog-init.xml::remove_host_port_pk::R3.Corda: Data deleted from node_info_hosts
?[m?[37m[INFO] 12:35:49,354 [Test worker] liquibase. - master.changelog.json: migration/node-info.changelog-init.xml::remove_host_port_pk::R3.Corda: Data deleted from node_info_party_cert
?[m?[37m[INFO] 12:35:49,354 [Test worker] liquibase. - master.changelog.json: migration/node-info.changelog-init.xml::remove_host_port_pk::R3.Corda: Primary key dropped from node_info_hosts
?[m?[37m[INFO] 12:35:49,355 [Test worker] liquibase. - master.changelog.json: migration/node-info.changelog-init.xml::remove_host_port_pk::R3.Corda: Columns hosts_id(INT) added to node_info_hosts
?[m?[37m[INFO] 12:35:49,355 [Test worker] liquibase. - master.changelog.json: migration/node-info.changelog-init.xml::remove_host_port_pk::R3.Corda: Primary key added to node_info_hosts (hosts_id)
?[m?[37m[INFO] 12:35:49,355 [Test worker] liquibase. - master.changelog.json: migration/node-info.changelog-init.xml::remove_host_port_pk::R3.Corda: ChangeSet migration/node-info.changelog-init.xml::remove_host_port_pk::R3.Corda ran successfully in 1ms
?[m?[37m[INFO] 12:35:49,356 [Test worker] liquibase. - master.changelog.json: migration/node-info.changelog-v1.xml::key/value node properties table::R3.Corda: Table node_properties created
?[m?[37m[INFO] 12:35:49,356 [Test worker] liquibase. - master.changelog.json: migration/node-info.changelog-v1.xml::key/value node properties table::R3.Corda: ChangeSet migration/node-info.changelog-v1.xml::key/value node properties table::R3.Corda ran successfully in 0ms
?[m?[37m[INFO] 12:35:49,357 [Test worker] liquibase. - master.changelog.json: migration/node-info.changelog-v2.xml::1525962920::R3.Corda: Null constraint has been added to node_infos.node_info_hash
?[m?[37m[INFO] 12:35:49,358 [Test worker] liquibase. - master.changelog.json: migration/node-info.changelog-v2.xml::1525962920::R3.Corda: Null constraint has been added to node_infos.platform_version
?[m?[37m[INFO] 12:35:49,358 [Test worker] liquibase. - master.changelog.json: migration/node-info.changelog-v2.xml::1525962920::R3.Corda: Null constraint has been added to node_infos.serial
?[m?[37m[INFO] 12:35:49,358 [Test worker] liquibase. - master.changelog.json: migration/node-info.changelog-v2.xml::1525962920::R3.Corda: Null constraint dropped from node_info_hosts.host
?[m?[37m[INFO] 12:35:49,358 [Test worker] liquibase. - master.changelog.json: migration/node-info.changelog-v2.xml::1525962920::R3.Corda: Null constraint dropped from node_info_hosts.port
?[m?[37m[INFO] 12:35:49,358 [Test worker] liquibase. - master.changelog.json: migration/node-info.changelog-v2.xml::1525962920::R3.Corda: Null constraint has been added to node_info_party_cert.owning_key_hash
?[m?[37m[INFO] 12:35:49,358 [Test worker] liquibase. - master.changelog.json: migration/node-info.changelog-v2.xml::1525962920::R3.Corda: Null constraint has been added to node_info_party_cert.party_cert_binary
?[m?[37m[INFO] 12:35:49,358 [Test worker] liquibase. - master.changelog.json: migration/node-info.changelog-v2.xml::1525962920::R3.Corda: ChangeSet migration/node-info.changelog-v2.xml::1525962920::R3.Corda ran successfully in 1ms
?[m?[37m[INFO] 12:35:49,360 [Test worker] liquibase. - master.changelog.json: migration/node-info.changelog-v3.xml::column_host_name::R3.Corda: Column node_info_hosts.host renamed to host_name
?[m?[37m[INFO] 12:35:49,360 [Test worker] liquibase. - master.changelog.json: migration/node-info.changelog-v3.xml::column_host_name::R3.Corda: ChangeSet migration/node-info.changelog-v3.xml::column_host_name::R3.Corda ran successfully in 1ms
?[m?[37m[INFO] 12:35:49,361 [Test worker] liquibase. - master.changelog.json: migration/node-services.changelog-init.xml::1511451595465-5::R3.Corda: Table node_attachments created
?[m?[37m[INFO] 12:35:49,361 [Test worker] liquibase. - master.changelog.json: migration/node-services.changelog-init.xml::1511451595465-5::R3.Corda: ChangeSet migration/node-services.changelog-init.xml::1511451595465-5::R3.Corda ran successfully in 0ms
?[m?[37m[INFO] 12:35:49,362 [Test worker] liquibase. - master.changelog.json: migration/node-services.changelog-init.xml::1511451595465-7::R3.Corda: Table node_checkpoints created
?[m?[37m[INFO] 12:35:49,362 [Test worker] liquibase. - master.changelog.json: migration/node-services.changelog-init.xml::1511451595465-7::R3.Corda: ChangeSet migration/node-services.changelog-init.xml::1511451595465-7::R3.Corda ran successfully in 0ms
?[m?[37m[INFO] 12:35:49,364 [Test worker] liquibase. - master.changelog.json: migration/node-services.changelog-init.xml::1511451595465-8::R3.Corda: Table node_contract_upgrades created
?[m?[37m[INFO] 12:35:49,364 [Test worker] liquibase. - master.changelog.json: migration/node-services.changelog-init.xml::1511451595465-8::R3.Corda: ChangeSet migration/node-services.changelog-init.xml::1511451595465-8::R3.Corda ran successfully in 1ms
?[m?[37m[INFO] 12:35:49,365 [Test worker] liquibase. - master.changelog.json: migration/node-services.changelog-init.xml::1511451595465-9::R3.Corda: Table node_identities created
?[m?[37m[INFO] 12:35:49,365 [Test worker] liquibase. - master.changelog.json: migration/node-services.changelog-init.xml::1511451595465-9::R3.Corda: ChangeSet migration/node-services.changelog-init.xml::1511451595465-9::R3.Corda ran successfully in 1ms
?[m?[37m[INFO] 12:35:49,365 [Test worker] liquibase. - master.changelog.json: migration/node-services.changelog-init.xml::1511451595465-13::R3.Corda: Table node_message_ids created
?[m?[37m[INFO] 12:35:49,365 [Test worker] liquibase. - master.changelog.json: migration/node-services.changelog-init.xml::1511451595465-13::R3.Corda: ChangeSet migration/node-services.changelog-init.xml::1511451595465-13::R3.Corda ran successfully in 0ms
?[m?[37m[INFO] 12:35:49,366 [Test worker] liquibase. - master.changelog.json: migration/node-services.changelog-init.xml::1511451595465-14::R3.Corda: Table node_message_retry created
?[m?[37m[INFO] 12:35:49,366 [Test worker] liquibase. - master.changelog.json: migration/node-services.changelog-init.xml::1511451595465-14::R3.Corda: ChangeSet migration/node-services.changelog-init.xml::1511451595465-14::R3.Corda ran successfully in 0ms
?[m?[37m[INFO] 12:35:49,367 [Test worker] liquibase. - master.changelog.json: migration/node-services.changelog-init.xml::1511451595465-15::R3.Corda: Table node_named_identities created
?[m?[37m[INFO] 12:35:49,367 [Test worker] liquibase. - master.changelog.json: migration/node-services.changelog-init.xml::1511451595465-15::R3.Corda: ChangeSet migration/node-services.changelog-init.xml::1511451595465-15::R3.Corda ran successfully in 0ms
?[m?[37m[INFO] 12:35:49,368 [Test worker] liquibase. - master.changelog.json: migration/node-services.changelog-init.xml::1511451595465-17::R3.Corda: Table node_our_key_pairs created
?[m?[37m[INFO] 12:35:49,368 [Test worker] liquibase. - master.changelog.json: migration/node-services.changelog-init.xml::1511451595465-17::R3.Corda: ChangeSet migration/node-services.changelog-init.xml::1511451595465-17::R3.Corda ran successfully in 0ms
?[m?[37m[INFO] 12:35:49,369 [Test worker] liquibase. - master.changelog.json: migration/node-services.changelog-init.xml::1511451595465-19::R3.Corda: Table node_scheduled_states created
?[m?[37m[INFO] 12:35:49,369 [Test worker] liquibase. - master.changelog.json: migration/node-services.changelog-init.xml::1511451595465-19::R3.Corda: ChangeSet migration/node-services.changelog-init.xml::1511451595465-19::R3.Corda ran successfully in 0ms
?[m?[37m[INFO] 12:35:49,370 [Test worker] liquibase. - master.changelog.json: migration/node-services.changelog-init.xml::1511451595465-20::R3.Corda: Table node_transaction_mappings created
?[m?[37m[INFO] 12:35:49,370 [Test worker] liquibase. - master.changelog.json: migration/node-services.changelog-init.xml::1511451595465-20::R3.Corda: ChangeSet migration/node-services.changelog-init.xml::1511451595465-20::R3.Corda ran successfully in 0ms
?[m?[37m[INFO] 12:35:49,372 [Test worker] liquibase. - master.changelog.json: migration/node-services.changelog-init.xml::1511451595465-21::R3.Corda: Table node_transactions created
?[m?[37m[INFO] 12:35:49,372 [Test worker] liquibase. - master.changelog.json: migration/node-services.changelog-init.xml::1511451595465-21::R3.Corda: ChangeSet migration/node-services.changelog-init.xml::1511451595465-21::R3.Corda ran successfully in 1ms
?[m?[37m[INFO] 12:35:49,373 [Test worker] liquibase. - master.changelog.json: migration/node-services.changelog-init.xml::1511451595465-30::R3.Corda: Primary key added to node_attachments (att_id)
?[m?[37m[INFO] 12:35:49,373 [Test worker] liquibase. - master.changelog.json: migration/node-services.changelog-init.xml::1511451595465-30::R3.Corda: ChangeSet migration/node-services.changelog-init.xml::1511451595465-30::R3.Corda ran successfully in 1ms
?[m?[37m[INFO] 12:35:49,374 [Test worker] liquibase. - master.changelog.json: migration/node-services.changelog-init.xml::1511451595465-32::R3.Corda: Primary key added to node_checkpoints (checkpoint_id)
?[m?[37m[INFO] 12:35:49,374 [Test worker] liquibase. - master.changelog.json: migration/node-services.changelog-init.xml::1511451595465-32::R3.Corda: ChangeSet migration/node-services.changelog-init.xml::1511451595465-32::R3.Corda ran successfully in 0ms
?[m?[37m[INFO] 12:35:49,375 [Test worker] liquibase. - master.changelog.json: migration/node-services.changelog-init.xml::1511451595465-33::R3.Corda: Primary key added to node_contract_upgrades (state_ref)
?[m?[37m[INFO] 12:35:49,375 [Test worker] liquibase. - master.changelog.json: migration/node-services.changelog-init.xml::1511451595465-33::R3.Corda: ChangeSet migration/node-services.changelog-init.xml::1511451595465-33::R3.Corda ran successfully in 0ms
?[m?[37m[INFO] 12:35:49,376 [Test worker] liquibase. - master.changelog.json: migration/node-services.changelog-init.xml::1511451595465-34::R3.Corda: Primary key added to node_identities (pk_hash)
?[m?[37m[INFO] 12:35:49,377 [Test worker] liquibase. - master.changelog.json: migration/node-services.changelog-init.xml::1511451595465-34::R3.Corda: ChangeSet migration/node-services.changelog-init.xml::1511451595465-34::R3.Corda ran successfully in 0ms
?[m?[37m[INFO] 12:35:49,378 [Test worker] liquibase. - master.changelog.json: migration/node-services.changelog-init.xml::1511451595465-38::R3.Corda: Primary key added to node_message_ids (message_id)
?[m?[37m[INFO] 12:35:49,378 [Test worker] liquibase. - master.changelog.json: migration/node-services.changelog-init.xml::1511451595465-38::R3.Corda: ChangeSet migration/node-services.changelog-init.xml::1511451595465-38::R3.Corda ran successfully in 1ms
?[m?[37m[INFO] 12:35:49,379 [Test worker] liquibase. - master.changelog.json: migration/node-services.changelog-init.xml::1511451595465-39::R3.Corda: Primary key added to node_message_retry (message_id)
?[m?[37m[INFO] 12:35:49,379 [Test worker] liquibase. - master.changelog.json: migration/node-services.changelog-init.xml::1511451595465-39::R3.Corda: ChangeSet migration/node-services.changelog-init.xml::1511451595465-39::R3.Corda ran successfully in 1ms
?[m?[37m[INFO] 12:35:49,380 [Test worker] liquibase. - master.changelog.json: migration/node-services.changelog-init.xml::1511451595465-40::R3.Corda: Primary key added to node_named_identities (name)
?[m?[37m[INFO] 12:35:49,380 [Test worker] liquibase. - master.changelog.json: migration/node-services.changelog-init.xml::1511451595465-40::R3.Corda: ChangeSet migration/node-services.changelog-init.xml::1511451595465-40::R3.Corda ran successfully in 1ms
?[m?[37m[INFO] 12:35:49,381 [Test worker] liquibase. - master.changelog.json: migration/node-services.changelog-init.xml::1511451595465-42::R3.Corda: Primary key added to node_our_key_pairs (public_key_hash)
?[m?[37m[INFO] 12:35:49,381 [Test worker] liquibase. - master.changelog.json: migration/node-services.changelog-init.xml::1511451595465-42::R3.Corda: ChangeSet migration/node-services.changelog-init.xml::1511451595465-42::R3.Corda ran successfully in 0ms
?[m?[37m[INFO] 12:35:49,382 [Test worker] liquibase. - master.changelog.json: migration/node-services.changelog-init.xml::1511451595465-44::R3.Corda: Primary key added to node_scheduled_states (output_index, transaction_id)
?[m?[37m[INFO] 12:35:49,382 [Test worker] liquibase. - master.changelog.json: migration/node-services.changelog-init.xml::1511451595465-44::R3.Corda: ChangeSet migration/node-services.changelog-init.xml::1511451595465-44::R3.Corda ran successfully in 0ms
?[m?[37m[INFO] 12:35:49,383 [Test worker] liquibase. - master.changelog.json: migration/node-services.changelog-init.xml::1511451595465-45::R3.Corda: Primary key added to node_transaction_mappings (tx_id)
?[m?[37m[INFO] 12:35:49,383 [Test worker] liquibase. - master.changelog.json: migration/node-services.changelog-init.xml::1511451595465-45::R3.Corda: ChangeSet migration/node-services.changelog-init.xml::1511451595465-45::R3.Corda ran successfully in 0ms
?[m?[37m[INFO] 12:35:49,384 [Test worker] liquibase. - master.changelog.json: migration/node-services.changelog-init.xml::1511451595465-46::R3.Corda: Primary key added to node_transactions (tx_id)
?[m?[37m[INFO] 12:35:49,384 [Test worker] liquibase. - master.changelog.json: migration/node-services.changelog-init.xml::1511451595465-46::R3.Corda: ChangeSet migration/node-services.changelog-init.xml::1511451595465-46::R3.Corda ran successfully in 0ms
?[m?[37m[INFO] 12:35:49,386 [Test worker] liquibase. - master.changelog.json: migration/node-services.changelog-init.xml::1511451595465-61::R3.Corda: Foreign key constraint added to node_link_nodeinfo_party (party_name)
?[m?[37m[INFO] 12:35:49,386 [Test worker] liquibase. - master.changelog.json: migration/node-services.changelog-init.xml::1511451595465-61::R3.Corda: ChangeSet migration/node-services.changelog-init.xml::1511451595465-61::R3.Corda ran successfully in 1ms
?[m?[37m[INFO] 12:35:49,387 [Test worker] liquibase. - master.changelog.json: migration/node-services.changelog-init.xml::add index att_id::R3.Corda: Index att_id_idx created
?[m?[37m[INFO] 12:35:49,387 [Test worker] liquibase. - master.changelog.json: migration/node-services.changelog-init.xml::add index att_id::R3.Corda: ChangeSet migration/node-services.changelog-init.xml::add index att_id::R3.Corda ran successfully in 0ms
?[m?[37m[INFO] 12:35:49,388 [Test worker] liquibase. - master.changelog.json: migration/node-services.changelog-init.xml::add_contract_attachment::R3.Corda: Table node_attchments_contracts created
?[m?[37m[INFO] 12:35:49,389 [Test worker] liquibase. - master.changelog.json: migration/node-services.changelog-init.xml::add_contract_attachment::R3.Corda: Foreign key constraint added to node_attchments_contracts (att_id)
?[m?[37m[INFO] 12:35:49,389 [Test worker] liquibase. - master.changelog.json: migration/node-services.changelog-init.xml::add_contract_attachment::R3.Corda: Data deleted from node_attachments
?[m?[37m[INFO] 12:35:49,389 [Test worker] liquibase. - master.changelog.json: migration/node-services.changelog-init.xml::add_contract_attachment::R3.Corda: ChangeSet migration/node-services.changelog-init.xml::add_contract_attachment::R3.Corda ran successfully in 1ms
?[m?[37m[INFO] 12:35:49,391 [Test worker] liquibase. - master.changelog.json: migration/node-services.changelog-init.xml::add_dedup_columns::R3.Corda: Columns sender(NVARCHAR(64)),sequence_number(BIGINT) added to node_message_ids
?[m?[37m[INFO] 12:35:49,391 [Test worker] liquibase. - master.changelog.json: migration/node-services.changelog-init.xml::add_dedup_columns::R3.Corda: ChangeSet migration/node-services.changelog-init.xml::add_dedup_columns::R3.Corda ran successfully in 1ms
?[m?[37m[INFO] 12:35:49,393 [Test worker] liquibase. - master.changelog.json: migration/node-core.changelog-v4.xml::attchments_rename::R3.Corda: Table node_attchments_contracts renamed to node_attachments_contracts
?[m?[37m[INFO] 12:35:49,393 [Test worker] liquibase. - master.changelog.json: migration/node-core.changelog-v4.xml::attchments_rename::R3.Corda: ChangeSet migration/node-core.changelog-v4.xml::attchments_rename::R3.Corda ran successfully in 1ms
?[m?[37m[INFO] 12:35:49,394 [Test worker] liquibase. - master.changelog.json: migration/node-core.changelog-v4.xml::nullability::R3.Corda: Null constraint has been added to node_identities.identity_value
?[m?[37m[INFO] 12:35:49,394 [Test worker] liquibase. - master.changelog.json: migration/node-core.changelog-v4.xml::nullability::R3.Corda: Null constraint has been added to node_attachments.content
?[m?[37m[INFO] 12:35:49,394 [Test worker] liquibase. - master.changelog.json: migration/node-core.changelog-v4.xml::nullability::R3.Corda: Null constraint has been added to node_attachments_contracts.contract_class_name
?[m?[37m[INFO] 12:35:49,394 [Test worker] liquibase. - master.changelog.json: migration/node-core.changelog-v4.xml::nullability::R3.Corda: Null constraint has been added to node_checkpoints.checkpoint_value
?[m?[37m[INFO] 12:35:49,394 [Test worker] liquibase. - master.changelog.json: migration/node-core.changelog-v4.xml::nullability::R3.Corda: Null constraint has been added to node_contract_upgrades.contract_class_name
?[m?[37m[INFO] 12:35:49,394 [Test worker] liquibase. - master.changelog.json: migration/node-core.changelog-v4.xml::nullability::R3.Corda: Null constraint has been added to node_message_ids.insertion_time
?[m?[37m[INFO] 12:35:49,394 [Test worker] liquibase. - master.changelog.json: migration/node-core.changelog-v4.xml::nullability::R3.Corda: Null constraint has been added to node_message_retry.message
?[m?[37m[INFO] 12:35:49,394 [Test worker] liquibase. - master.changelog.json: migration/node-core.changelog-v4.xml::nullability::R3.Corda: Null constraint has been added to node_message_retry.recipients
?[m?[37m[INFO] 12:35:49,395 [Test worker] liquibase. - master.changelog.json: migration/node-core.changelog-v4.xml::nullability::R3.Corda: Null constraint has been added to node_named_identities.pk_hash
?[m?[37m[INFO] 12:35:49,395 [Test worker] liquibase. - master.changelog.json: migration/node-core.changelog-v4.xml::nullability::R3.Corda: Null constraint has been added to node_our_key_pairs.private_key
?[m?[37m[INFO] 12:35:49,395 [Test worker] liquibase. - master.changelog.json: migration/node-core.changelog-v4.xml::nullability::R3.Corda: Null constraint has been added to node_our_key_pairs.public_key
?[m?[37m[INFO] 12:35:49,395 [Test worker] liquibase. - master.changelog.json: migration/node-core.changelog-v4.xml::nullability::R3.Corda: Null constraint has been added to node_transaction_mappings.state_machine_run_id
?[m?[37m[INFO] 12:35:49,395 [Test worker] liquibase. - master.changelog.json: migration/node-core.changelog-v4.xml::nullability::R3.Corda: Null constraint has been added to node_transactions.transaction_value
?[m?[37m[INFO] 12:35:49,395 [Test worker] liquibase. - master.changelog.json: migration/node-core.changelog-v4.xml::nullability::R3.Corda: ChangeSet migration/node-core.changelog-v4.xml::nullability::R3.Corda ran successfully in 1ms
?[m?[37m[INFO] 12:35:49,397 [Test worker] liquibase. - master.changelog.json: migration/node-core.changelog-v5.xml::remove_unused_node_message_retry::R3.Corda: Table node_message_retry dropped
?[m?[37m[INFO] 12:35:49,397 [Test worker] liquibase. - master.changelog.json: migration/node-core.changelog-v5.xml::remove_unused_node_message_retry::R3.Corda: ChangeSet migration/node-core.changelog-v5.xml::remove_unused_node_message_retry::R3.Corda ran successfully in 1ms
?[m?[37m[INFO] 12:35:49,412 [Test worker] liquibase. - master.changelog.json: migration/node-core.changelog-v8.xml::conditional_attchments_rename::R3.Corda: Marking ChangeSet: migration/node-core.changelog-v8.xml::conditional_attchments_rename::R3.Corda ran despite precondition failure due to onFail='MARK_RAN': 
          master.changelog.json : Table PUBLIC.NODE_ATTCHMENTS_CONTRACTS does not exist

?[m?[37m[INFO] 12:35:49,418 [Test worker] liquibase. - master.changelog.json: migration/node-core.changelog-v8.xml::conditional_attchments_contracts::R3.Corda: Marking ChangeSet: migration/node-core.changelog-v8.xml::conditional_attchments_contracts::R3.Corda ran despite precondition failure due to onFail='MARK_RAN': 
          master.changelog.json : Table PUBLIC.NODE_ATTACHMENTS_CONTRACT_CLASS_NAME does not exist

?[m?[37m[INFO] 12:35:49,419 [Test worker] liquibase. - master.changelog.json: migration/node-core.changelog-v8.xml::add_signers::R3.Corda: Table node_attachments_signers created
?[m?[37m[INFO] 12:35:49,420 [Test worker] liquibase. - master.changelog.json: migration/node-core.changelog-v8.xml::add_signers::R3.Corda: Foreign key constraint added to node_attachments_signers (att_id)
?[m?[37m[INFO] 12:35:49,420 [Test worker] liquibase. - master.changelog.json: migration/node-core.changelog-v8.xml::add_signers::R3.Corda: ChangeSet migration/node-core.changelog-v8.xml::add_signers::R3.Corda ran successfully in 1ms
?[m?[37m[INFO] 12:35:49,422 [Test worker] liquibase. - master.changelog.json: migration/node-core.changelog-tx-mapping.xml::add_tx_mapping_column::R3.Corda: Columns state_machine_run_id(NVARCHAR(36)) added to node_transactions
?[m?[37m[INFO] 12:35:49,422 [Test worker] liquibase. - master.changelog.json: migration/node-core.changelog-tx-mapping.xml::add_tx_mapping_column::R3.Corda: Custom SQL executed
?[m?[37m[INFO] 12:35:49,423 [Test worker] liquibase. - master.changelog.json: migration/node-core.changelog-tx-mapping.xml::add_tx_mapping_column::R3.Corda: Table node_transaction_mappings dropped
?[m?[37m[INFO] 12:35:49,423 [Test worker] liquibase. - master.changelog.json: migration/node-core.changelog-tx-mapping.xml::add_tx_mapping_column::R3.Corda: ChangeSet migration/node-core.changelog-tx-mapping.xml::add_tx_mapping_column::R3.Corda ran successfully in 2ms
?[m?[37m[INFO] 12:35:49,424 [Test worker] liquibase. - master.changelog.json: migration/node-services.changelog-init.xml::add_network_parameters_storage::R3.Corda: Table node_network_parameters created
?[m?[37m[INFO] 12:35:49,424 [Test worker] liquibase. - master.changelog.json: migration/node-services.changelog-init.xml::add_network_parameters_storage::R3.Corda: ChangeSet migration/node-services.changelog-init.xml::add_network_parameters_storage::R3.Corda ran successfully in 0ms
?[m?[37m[INFO] 12:35:49,426 [Test worker] liquibase. - master.changelog.json: migration/node-services.changelog-init.xml::network_parameters_pk::R3.Corda: Primary key added to node_network_parameters (hash)
?[m?[37m[INFO] 12:35:49,426 [Test worker] liquibase. - master.changelog.json: migration/node-services.changelog-init.xml::network_parameters_pk::R3.Corda: ChangeSet migration/node-services.changelog-init.xml::network_parameters_pk::R3.Corda ran successfully in 1ms
?[m?[37m[INFO] 12:35:49,429 [Test worker] liquibase. - master.changelog.json: migration/node-services.changelog-init.xml::add_version_column::R3.Corda: Columns version(INT) added to node_attachments
?[m?[37m[INFO] 12:35:49,429 [Test worker] liquibase. - master.changelog.json: migration/node-services.changelog-init.xml::add_version_column::R3.Corda: Custom SQL executed
?[m?[37m[INFO] 12:35:49,429 [Test worker] liquibase. - master.changelog.json: migration/node-services.changelog-init.xml::add_version_column::R3.Corda: Null constraint has been added to node_attachments.version
?[m?[37m[INFO] 12:35:49,429 [Test worker] liquibase. - master.changelog.json: migration/node-services.changelog-init.xml::add_version_column::R3.Corda: ChangeSet migration/node-services.changelog-init.xml::add_version_column::R3.Corda ran successfully in 2ms
?[m?[37m[INFO] 12:35:49,430 [Test worker] persistence.AttachmentVersionNumberMigration. - Start executing...
?[m?[37m[INFO] 12:35:49,432 [Test worker] persistence.AttachmentVersionNumberMigration. - Attachment version creation from whitelisted JARs using network parameters from build\mock-network\20190412-153548.159\nodes\1\network-parameters, whitelistedContractImplementations: {}.
?[m?[37m[INFO] 12:35:49,432 [Test worker] persistence.AttachmentVersionNumberMigration. - Attachment version creation from whitelisted JARs skipped, no attachments not found.
?[m?[37m[INFO] 12:35:49,432 [Test worker] liquibase. - master.changelog.json: migration/node-services.changelog-init.xml::update-version-of-whitelisted-jars::R3.Corda: null
?[m?[37m[INFO] 12:35:49,432 [Test worker] liquibase. - master.changelog.json: migration/node-services.changelog-init.xml::update-version-of-whitelisted-jars::R3.Corda: ChangeSet migration/node-services.changelog-init.xml::update-version-of-whitelisted-jars::R3.Corda ran successfully in 2ms
?[m?[37m[INFO] 12:35:49,433 [Test worker] migration.VaultStateMigration. - Migrating vault state data to V4 tables
?[m?[37m[INFO] 12:35:49,435 [Test worker] persistence.HibernateConfiguration. - Init HibernateConfiguration for schemas: [VaultMigrationSchemaV1(name=net.corda.node.migration.VaultMigrationSchema, version=1), VaultSchemaV1(name=net.corda.node.services.vault.VaultSchema, version=1)]
?[m?[37m[INFO] 12:35:49,435 [Test worker] persistence.HibernateConfiguration. - Creating session factory for schemas: [VaultMigrationSchemaV1(name=net.corda.node.migration.VaultMigrationSchema, version=1), VaultSchemaV1(name=net.corda.node.services.vault.VaultSchema, version=1)]
?[m?[37m[INFO] 12:35:49,443 [Test worker] internal.ConnectionProviderInitiator. - HHH000130: Instantiating explicit connection provider: net.corda.nodeapi.internal.persistence.HibernateConfiguration$NodeDatabaseConnectionProvider
?[m?[37m[INFO] 12:35:49,444 [Test worker] dialect.Dialect. - HHH000400: Using dialect: org.hibernate.dialect.H2Dialect
?[m?[37m[INFO] 12:35:49,446 [Test worker] type.BasicTypeRegistry. - HHH000270: Type registration [materialized_blob] overrides previous : org.hibernate.type.MaterializedBlobType@61c329e6
?[m?[37m[INFO] 12:35:49,471 [Test worker] connections.access. - HHH10001501: Connection obtained from JdbcConnectionAccess [org.hibernate.engine.jdbc.env.internal.JdbcEnvironmentInitiator$ConnectionProviderJdbcConnectionAccess@685be9ed] for (non-JTA) DDL execution was not in auto-commit mode; the Connection 'local transaction' will be committed and the Connection will be set into auto-commit mode.
?[m?[37m[INFO] 12:35:49,491 [Test worker] persistence.HibernateConfiguration. - Created session factory for schemas: [VaultMigrationSchemaV1(name=net.corda.node.migration.VaultMigrationSchema, version=1), VaultSchemaV1(name=net.corda.node.services.vault.VaultSchema, version=1)]
?[m?[37m[INFO] 12:35:49,492 [Test worker] internal.QueryTranslatorFactoryInitiator. - HHH000397: Using ASTQueryTranslatorFactory
?[m?[37m[INFO] 12:35:49,497 [Test worker] migration.VaultStateMigration. - Finished performing vault state data migration for 0 states
?[m?[37m[INFO] 12:35:49,497 [Test worker] liquibase. - master.changelog.json: migration/vault-schema.changelog-v9.xml::update-vault-states::R3.Corda: null
?[m?[37m[INFO] 12:35:49,497 [Test worker] liquibase. - master.changelog.json: migration/vault-schema.changelog-v9.xml::update-vault-states::R3.Corda: ChangeSet migration/vault-schema.changelog-v9.xml::update-vault-states::R3.Corda ran successfully in 64ms
?[m?[37m[INFO] 12:35:49,498 [Test worker] liquibase. - Successfully released change log lock
?[m?[37m[INFO] 12:35:49,499 [Test worker] internal.InternalMockNetwork$MockNode. - Connected to H2 database.
?[m?[37m[INFO] 12:35:49,499 [Test worker] internal.InternalMockNetwork$MockNode. - identity-private-key not found in key store, generating fresh key!
?[m?[37m[INFO] 12:35:49,519 [Test worker] persistence.HibernateConfiguration. - Init HibernateConfiguration for schemas: [CommonSchemaV1(name=net.corda.core.schemas.CommonSchema, version=1), VaultSchemaV1(name=net.corda.node.services.vault.VaultSchema, version=1), NodeInfoSchemaV1(name=net.corda.node.internal.schemas.NodeInfoSchema, version=1), NodeCoreV1(name=net.corda.node.services.schema.NodeSchemaService$NodeCore, version=1), IOUSchemaV1(name=com.example.schema.IOUSchema, version=1)]
?[m?[37m[INFO] 12:35:49,519 [Test worker] persistence.HibernateConfiguration. - Creating session factory for schemas: [CommonSchemaV1(name=net.corda.core.schemas.CommonSchema, version=1), VaultSchemaV1(name=net.corda.node.services.vault.VaultSchema, version=1), NodeInfoSchemaV1(name=net.corda.node.internal.schemas.NodeInfoSchema, version=1), NodeCoreV1(name=net.corda.node.services.schema.NodeSchemaService$NodeCore, version=1), IOUSchemaV1(name=com.example.schema.IOUSchema, version=1)]
?[m?[37m[INFO] 12:35:49,524 [Test worker] internal.ConnectionProviderInitiator. - HHH000130: Instantiating explicit connection provider: net.corda.nodeapi.internal.persistence.HibernateConfiguration$NodeDatabaseConnectionProvider
?[m?[37m[INFO] 12:35:49,524 [Test worker] dialect.Dialect. - HHH000400: Using dialect: org.hibernate.dialect.H2Dialect
?[m?[37m[INFO] 12:35:49,526 [Test worker] type.BasicTypeRegistry. - HHH000270: Type registration [materialized_blob] overrides previous : org.hibernate.type.MaterializedBlobType@61c329e6
?[m?[37m[INFO] 12:35:49,561 [Test worker] connections.access. - HHH10001501: Connection obtained from JdbcConnectionAccess [org.hibernate.engine.jdbc.env.internal.JdbcEnvironmentInitiator$ConnectionProviderJdbcConnectionAccess@760c02e7] for (non-JTA) DDL execution was not in auto-commit mode; the Connection 'local transaction' will be committed and the Connection will be set into auto-commit mode.
?[m?[37m[INFO] 12:35:49,602 [Test worker] persistence.HibernateConfiguration. - Created session factory for schemas: [CommonSchemaV1(name=net.corda.core.schemas.CommonSchema, version=1), VaultSchemaV1(name=net.corda.node.services.vault.VaultSchema, version=1), NodeInfoSchemaV1(name=net.corda.node.internal.schemas.NodeInfoSchema, version=1), NodeCoreV1(name=net.corda.node.services.schema.NodeSchemaService$NodeCore, version=1), IOUSchemaV1(name=com.example.schema.IOUSchema, version=1)]
?[m?[37m[INFO] 12:35:49,604 [Test worker] internal.QueryTranslatorFactoryInitiator. - HHH000397: Using ASTQueryTranslatorFactory
?[m?[37m[INFO] 12:35:49,607 [Test worker] internal.InternalMockNetwork$MockNode. - Node-info has changed so submitting update. Old node-info was null
?[m?[37m[INFO] 12:35:49,607 [Test worker] network.PersistentNetworkMapCache. - Adding node with info: NodeInfo(addresses=[mock.node:1000], legalIdentitiesAndCerts=[O=Mock Company 1, L=London, C=GB], platformVersion=4, serial=1555083349607)
?[m?[37m[INFO] 12:35:49,609 [Test worker] network.PersistentNetworkMapCache. - No previous node found
?[m?[37m[INFO] 12:35:49,613 [Test worker] internal.InternalMockNetwork$MockNode. - New node-info: NodeInfo(addresses=[mock.node:1000], legalIdentitiesAndCerts=[O=Mock Company 1, L=London, C=GB], platformVersion=4, serial=1555083349607)
?[m?[37m[INFO] 12:35:49,623 [Test worker] network.NetworkMapUpdater. - Auto-accept enabled for network parameter changes which modify only: [epoch, modifiedTime, packageOwnership, whitelistedContractImplementations]
?[m?[37m[INFO] 12:35:49,626 [MockNode-14-2] network.PersistentNetworkMapCache. - Adding node with info: NodeInfo(addresses=[mock.node:1000], legalIdentitiesAndCerts=[O=Mock Company 1, L=London, C=GB], platformVersion=4, serial=1555083349607)
?[m?[37m[INFO] 12:35:49,630 [MockNode-14-2] network.PersistentNetworkMapCache. - Previous node was identical to incoming one - doing nothing
?[m?[37m[INFO] 12:35:49,718 [Test worker] ClassloaderUtils. - Contracts loading for 'C:\Users\Daniel\AppData\Local\Temp\attachment2950430171319152776.jar' took 20 msec
?[m?[37m[INFO] 12:35:49,726 [Test worker] persistence.NodeAttachmentService. - Stored new attachment: id=068D846C052E681003228A05005925CB3EC9DBFEDDFDA00048D0BB87F1ED69B0 uploader=app filename=null
?[m?[37m[INFO] 12:35:49,730 [Test worker] statemachine.SingleThreadedStateMachineManager. - Node ready, info: NodeInfo(addresses=[mock.node:1000], legalIdentitiesAndCerts=[O=Mock Company 1, L=London, C=GB], platformVersion=4, serial=1555083349607)
?[m?[37m[INFO] 12:35:49,732 [Test worker] network.PersistentNetworkMapCache. - Adding node with info: NodeInfo(addresses=[mock.node:1000], legalIdentitiesAndCerts=[O=Notary Service, L=Zurich, C=CH], platformVersion=4, serial=1555083348841)
?[m?[37m[INFO] 12:35:49,733 [Test worker] network.PersistentNetworkMapCache. - No previous node found
?[m?[37m[INFO] 12:35:49,738 [Test worker] network.PersistentNetworkMapCache. - Adding node with info: NodeInfo(addresses=[mock.node:1000], legalIdentitiesAndCerts=[O=Mock Company 1, L=London, C=GB], platformVersion=4, serial=1555083349607)
?[m?[37m[INFO] 12:35:49,739 [Test worker] network.PersistentNetworkMapCache. - No previous node found
?[m?[37m[INFO] 12:35:49,744 [Test worker] network.PersistentNetworkMapCache. - Adding node with info: NodeInfo(addresses=[mock.node:1000], legalIdentitiesAndCerts=[O=Mock Company 1, L=London, C=GB], platformVersion=4, serial=1555083349607)
?[m?[37m[INFO] 12:35:49,744 [Test worker] network.PersistentNetworkMapCache. - Previous node was identical to incoming one - doing nothing
?[m?[37m[INFO] 12:35:49,744 [Test worker] network.PersistentNetworkMapCache. - Adding node with info: NodeInfo(addresses=[mock.node:1000], legalIdentitiesAndCerts=[O=Mock Company 1, L=London, C=GB], platformVersion=4, serial=1555083349607)
?[m?[37m[INFO] 12:35:49,744 [Test worker] network.PersistentNetworkMapCache. - Previous node was identical to incoming one - doing nothing
?[m?[37m[INFO] 12:35:49,753 [Test worker] cordapp.JarScanningCordappLoader. - Looking for CorDapps in [build\mock-network\20190412-153548.159\nodes\2\cordapps]
?[m?[37m[INFO] 12:35:49,754 [Test worker] cordapp.JarScanningCordappLoader. - Loading CorDapps from RestrictedURL(url=file:/C:/Users/Daniel/OneDrive/Documents/tokensdk/samples3/cordapp-example/workflows-kotlin/build/mock-network/20190412-153548.159/nodes/2/cordapps/cordapp-example-contracts-0.1.jar, rootPackageName=null), RestrictedURL(url=file:/C:/Users/Daniel/OneDrive/Documents/tokensdk/samples3/cordapp-example/workflows-kotlin/build/mock-network/20190412-153548.159/nodes/2/cordapps/cordapp-example-workflows-0.1.jar, rootPackageName=null)
?[m?[37m[INFO] 12:35:49,754 [Test worker] cordapp.JarScanningCordappLoader. - Scanning CorDapp in file:/C:/Users/Daniel/OneDrive/Documents/tokensdk/samples3/cordapp-example/workflows-kotlin/build/mock-network/20190412-153548.159/nodes/2/cordapps/cordapp-example-contracts-0.1.jar
?[m?[37m[INFO] 12:35:49,827 [Test worker] cordapp.JarScanningCordappLoader. - Found notary service CorDapp implementations: 
?[m?[37m[INFO] 12:35:49,827 [Test worker] cordapp.JarScanningCordappLoader. - Scanning CorDapp in file:/C:/Users/Daniel/OneDrive/Documents/tokensdk/samples3/cordapp-example/workflows-kotlin/build/mock-network/20190412-153548.159/nodes/2/cordapps/cordapp-example-workflows-0.1.jar
?[m?[37m[INFO] 12:35:49,902 [Test worker] cordapp.JarScanningCordappLoader. - Found notary service CorDapp implementations: 
?[m?[37m[INFO] 12:35:49,910 [Test worker] internal.InternalMockNetwork$MockNode. - Node starting up ...
?[m?[37m[INFO] 12:35:49,945 [Test worker] internal.NodeFlowManager. - Registered com.example.flow.ExampleFlow$Initiator to initiate com.example.flow.ExampleFlow$Acceptor (version 1)
?[m?[37m[INFO] 12:35:49,947 [Test worker] internal.InternalMockNetwork$MockNode. - Loaded network parameters: NetworkParameters {
      minimumPlatformVersion=1
      notaries=[NotaryInfo(identity=O=Notary Service, L=Zurich, C=CH, validating=true)]
      maxMessageSize=10485760
      maxTransactionSize=524288000
      whitelistedContractImplementations {
        
      }
      eventHorizon=PT720H
      packageOwnership {
        
      }
      modifiedTime=2019-04-12T15:35:48.158Z
      epoch=1
  }
?[m?[37m[INFO] 12:35:49,947 [Test worker] hikari.HikariDataSource. - HikariPool-15 - Started.
?[m?[37m[INFO] 12:35:50,082 [Test worker] liquibase. - Creating database history table with name: PUBLIC.DATABASECHANGELOG
?[m?[37m[INFO] 12:35:50,083 [Test worker] liquibase. - Reading from PUBLIC.DATABASECHANGELOG
?[m?[37m[INFO] 12:35:50,084 [Test worker] liquibase. - master.changelog.json: migration/common.changelog-init.xml::1511451595465-1.3::R3.Corda: Skipping changeSet migration/common.changelog-init.xml::1511451595465-1.3::R3.Corda due to validation error(s): minValue is not allowed on h2
?[m?[37m[INFO] 12:35:50,088 [Test worker] liquibase. - master.changelog.json: migration/vault-schema.changelog-pkey.xml::non-clustered_pk-11::R3.Corda: Skipping changeSet migration/vault-schema.changelog-pkey.xml::non-clustered_pk-11::R3.Corda due to validation error(s): clustered is not allowed on h2
?[m?[37m[INFO] 12:35:50,088 [Test worker] liquibase. - master.changelog.json: migration/vault-schema.changelog-pkey.xml::non-clustered_pk-12::R3.Corda: Skipping changeSet migration/vault-schema.changelog-pkey.xml::non-clustered_pk-12::R3.Corda due to validation error(s): clustered is not allowed on h2
?[m?[37m[INFO] 12:35:50,089 [Test worker] liquibase. - master.changelog.json: migration/vault-schema.changelog-pkey.xml::non-clustered_pk-13::R3.Corda: Skipping changeSet migration/vault-schema.changelog-pkey.xml::non-clustered_pk-13::R3.Corda due to validation error(s): clustered is not allowed on h2
?[m?[37m[INFO] 12:35:50,100 [Test worker] liquibase. - master.changelog.json: migration/node-core.changelog-pkey.xml::non-clustered_pk-1::R3.Corda: Skipping changeSet migration/node-core.changelog-pkey.xml::non-clustered_pk-1::R3.Corda due to validation error(s): clustered is not allowed on h2
?[m?[37m[INFO] 12:35:50,100 [Test worker] liquibase. - master.changelog.json: migration/node-core.changelog-pkey.xml::non-clustered_pk-2::R3.Corda: Skipping changeSet migration/node-core.changelog-pkey.xml::non-clustered_pk-2::R3.Corda due to validation error(s): clustered is not allowed on h2
?[m?[37m[INFO] 12:35:50,100 [Test worker] liquibase. - master.changelog.json: migration/node-core.changelog-pkey.xml::non-clustered_pk-3::R3.Corda: Skipping changeSet migration/node-core.changelog-pkey.xml::non-clustered_pk-3::R3.Corda due to validation error(s): clustered is not allowed on h2
?[m?[37m[INFO] 12:35:50,101 [Test worker] liquibase. - master.changelog.json: migration/node-core.changelog-pkey.xml::non-clustered_pk-4::R3.Corda: Skipping changeSet migration/node-core.changelog-pkey.xml::non-clustered_pk-4::R3.Corda due to validation error(s): clustered is not allowed on h2
?[m?[37m[INFO] 12:35:50,101 [Test worker] liquibase. - master.changelog.json: migration/node-core.changelog-pkey.xml::non-clustered_pk-5::R3.Corda: Skipping changeSet migration/node-core.changelog-pkey.xml::non-clustered_pk-5::R3.Corda due to validation error(s): clustered is not allowed on h2
?[m?[37m[INFO] 12:35:50,101 [Test worker] liquibase. - master.changelog.json: migration/node-core.changelog-pkey.xml::non-clustered_pk-6::R3.Corda: Skipping changeSet migration/node-core.changelog-pkey.xml::non-clustered_pk-6::R3.Corda due to validation error(s): clustered is not allowed on h2
?[m?[37m[INFO] 12:35:50,101 [Test worker] liquibase. - master.changelog.json: migration/node-core.changelog-pkey.xml::non-clustered_pk-7::R3.Corda: Skipping changeSet migration/node-core.changelog-pkey.xml::non-clustered_pk-7::R3.Corda due to validation error(s): clustered is not allowed on h2
?[m?[37m[INFO] 12:35:50,104 [Test worker] liquibase. - Successfully acquired change log lock
?[m?[37m[INFO] 12:35:50,104 [Test worker] liquibase. - master.changelog.json: migration/common.changelog-init.xml::1511451595465-1.3::R3.Corda: Skipping changeSet migration/common.changelog-init.xml::1511451595465-1.3::R3.Corda due to validation error(s): minValue is not allowed on h2
?[m?[37m[INFO] 12:35:50,106 [Test worker] liquibase. - master.changelog.json: migration/vault-schema.changelog-pkey.xml::non-clustered_pk-11::R3.Corda: Skipping changeSet migration/vault-schema.changelog-pkey.xml::non-clustered_pk-11::R3.Corda due to validation error(s): clustered is not allowed on h2
?[m?[37m[INFO] 12:35:50,106 [Test worker] liquibase. - master.changelog.json: migration/vault-schema.changelog-pkey.xml::non-clustered_pk-12::R3.Corda: Skipping changeSet migration/vault-schema.changelog-pkey.xml::non-clustered_pk-12::R3.Corda due to validation error(s): clustered is not allowed on h2
?[m?[37m[INFO] 12:35:50,106 [Test worker] liquibase. - master.changelog.json: migration/vault-schema.changelog-pkey.xml::non-clustered_pk-13::R3.Corda: Skipping changeSet migration/vault-schema.changelog-pkey.xml::non-clustered_pk-13::R3.Corda due to validation error(s): clustered is not allowed on h2
?[m?[37m[INFO] 12:35:50,109 [Test worker] liquibase. - master.changelog.json: migration/node-core.changelog-pkey.xml::non-clustered_pk-1::R3.Corda: Skipping changeSet migration/node-core.changelog-pkey.xml::non-clustered_pk-1::R3.Corda due to validation error(s): clustered is not allowed on h2
?[m?[37m[INFO] 12:35:50,109 [Test worker] liquibase. - master.changelog.json: migration/node-core.changelog-pkey.xml::non-clustered_pk-2::R3.Corda: Skipping changeSet migration/node-core.changelog-pkey.xml::non-clustered_pk-2::R3.Corda due to validation error(s): clustered is not allowed on h2
?[m?[37m[INFO] 12:35:50,109 [Test worker] liquibase. - master.changelog.json: migration/node-core.changelog-pkey.xml::non-clustered_pk-3::R3.Corda: Skipping changeSet migration/node-core.changelog-pkey.xml::non-clustered_pk-3::R3.Corda due to validation error(s): clustered is not allowed on h2
?[m?[37m[INFO] 12:35:50,109 [Test worker] liquibase. - master.changelog.json: migration/node-core.changelog-pkey.xml::non-clustered_pk-4::R3.Corda: Skipping changeSet migration/node-core.changelog-pkey.xml::non-clustered_pk-4::R3.Corda due to validation error(s): clustered is not allowed on h2
?[m?[37m[INFO] 12:35:50,109 [Test worker] liquibase. - master.changelog.json: migration/node-core.changelog-pkey.xml::non-clustered_pk-5::R3.Corda: Skipping changeSet migration/node-core.changelog-pkey.xml::non-clustered_pk-5::R3.Corda due to validation error(s): clustered is not allowed on h2
?[m?[37m[INFO] 12:35:50,109 [Test worker] liquibase. - master.changelog.json: migration/node-core.changelog-pkey.xml::non-clustered_pk-6::R3.Corda: Skipping changeSet migration/node-core.changelog-pkey.xml::non-clustered_pk-6::R3.Corda due to validation error(s): clustered is not allowed on h2
?[m?[37m[INFO] 12:35:50,109 [Test worker] liquibase. - master.changelog.json: migration/node-core.changelog-pkey.xml::non-clustered_pk-7::R3.Corda: Skipping changeSet migration/node-core.changelog-pkey.xml::non-clustered_pk-7::R3.Corda due to validation error(s): clustered is not allowed on h2
?[m?[37m[INFO] 12:35:50,110 [Test worker] liquibase. - master.changelog.json: migration/common.changelog-init.xml::1511451595465-1.1::R3.Corda: Sequence hibernate_sequence created
?[m?[37m[INFO] 12:35:50,110 [Test worker] liquibase. - master.changelog.json: migration/common.changelog-init.xml::1511451595465-1.1::R3.Corda: ChangeSet migration/common.changelog-init.xml::1511451595465-1.1::R3.Corda ran successfully in 0ms
?[m?[37m[INFO] 12:35:50,112 [Test worker] liquibase. - master.changelog.json: migration/vault-schema.changelog-init.xml::1511451595465-22::R3.Corda: Table vault_fungible_states created
?[m?[37m[INFO] 12:35:50,112 [Test worker] liquibase. - master.changelog.json: migration/vault-schema.changelog-init.xml::1511451595465-22::R3.Corda: ChangeSet migration/vault-schema.changelog-init.xml::1511451595465-22::R3.Corda ran successfully in 0ms
?[m?[37m[INFO] 12:35:50,113 [Test worker] liquibase. - master.changelog.json: migration/vault-schema.changelog-init.xml::1511451595465-23::R3.Corda: Table vault_fungible_states_parts created
?[m?[37m[INFO] 12:35:50,113 [Test worker] liquibase. - master.changelog.json: migration/vault-schema.changelog-init.xml::1511451595465-23::R3.Corda: ChangeSet migration/vault-schema.changelog-init.xml::1511451595465-23::R3.Corda ran successfully in 0ms
?[m?[37m[INFO] 12:35:50,114 [Test worker] liquibase. - master.changelog.json: migration/vault-schema.changelog-init.xml::1511451595465-24::R3.Corda: Table vault_linear_states created
?[m?[37m[INFO] 12:35:50,114 [Test worker] liquibase. - master.changelog.json: migration/vault-schema.changelog-init.xml::1511451595465-24::R3.Corda: ChangeSet migration/vault-schema.changelog-init.xml::1511451595465-24::R3.Corda ran successfully in 0ms
?[m?[37m[INFO] 12:35:50,116 [Test worker] liquibase. - master.changelog.json: migration/vault-schema.changelog-init.xml::1511451595465-25::R3.Corda: Table vault_linear_states_parts created
?[m?[37m[INFO] 12:35:50,116 [Test worker] liquibase. - master.changelog.json: migration/vault-schema.changelog-init.xml::1511451595465-25::R3.Corda: ChangeSet migration/vault-schema.changelog-init.xml::1511451595465-25::R3.Corda ran successfully in 1ms
?[m?[37m[INFO] 12:35:50,117 [Test worker] liquibase. - master.changelog.json: migration/vault-schema.changelog-init.xml::1511451595465-26::R3.Corda: Table vault_states created
?[m?[37m[INFO] 12:35:50,117 [Test worker] liquibase. - master.changelog.json: migration/vault-schema.changelog-init.xml::1511451595465-26::R3.Corda: ChangeSet migration/vault-schema.changelog-init.xml::1511451595465-26::R3.Corda ran successfully in 0ms
?[m?[37m[INFO] 12:35:50,118 [Test worker] liquibase. - master.changelog.json: migration/vault-schema.changelog-init.xml::1511451595465-27::R3.Corda: Table vault_transaction_notes created
?[m?[37m[INFO] 12:35:50,118 [Test worker] liquibase. - master.changelog.json: migration/vault-schema.changelog-init.xml::1511451595465-27::R3.Corda: ChangeSet migration/vault-schema.changelog-init.xml::1511451595465-27::R3.Corda ran successfully in 0ms
?[m?[37m[INFO] 12:35:50,119 [Test worker] liquibase. - master.changelog.json: migration/vault-schema.changelog-init.xml::1511451595465-47::R3.Corda: Primary key added to vault_fungible_states (output_index, transaction_id)
?[m?[37m[INFO] 12:35:50,119 [Test worker] liquibase. - master.changelog.json: migration/vault-schema.changelog-init.xml::1511451595465-47::R3.Corda: ChangeSet migration/vault-schema.changelog-init.xml::1511451595465-47::R3.Corda ran successfully in 0ms
?[m?[37m[INFO] 12:35:50,121 [Test worker] liquibase. - master.changelog.json: migration/vault-schema.changelog-init.xml::1511451595465-48::R3.Corda: Primary key added to vault_linear_states (output_index, transaction_id)
?[m?[37m[INFO] 12:35:50,121 [Test worker] liquibase. - master.changelog.json: migration/vault-schema.changelog-init.xml::1511451595465-48::R3.Corda: ChangeSet migration/vault-schema.changelog-init.xml::1511451595465-48::R3.Corda ran successfully in 1ms
?[m?[37m[INFO] 12:35:50,122 [Test worker] liquibase. - master.changelog.json: migration/vault-schema.changelog-init.xml::1511451595465-49::R3.Corda: Primary key added to vault_states (output_index, transaction_id)
?[m?[37m[INFO] 12:35:50,122 [Test worker] liquibase. - master.changelog.json: migration/vault-schema.changelog-init.xml::1511451595465-49::R3.Corda: ChangeSet migration/vault-schema.changelog-init.xml::1511451595465-49::R3.Corda ran successfully in 0ms
?[m?[37m[INFO] 12:35:50,123 [Test worker] liquibase. - master.changelog.json: migration/vault-schema.changelog-init.xml::1511451595465-50::R3.Corda: Primary key added to vault_transaction_notes (seq_no)
?[m?[37m[INFO] 12:35:50,123 [Test worker] liquibase. - master.changelog.json: migration/vault-schema.changelog-init.xml::1511451595465-50::R3.Corda: ChangeSet migration/vault-schema.changelog-init.xml::1511451595465-50::R3.Corda ran successfully in 0ms
?[m?[37m[INFO] 12:35:50,124 [Test worker] liquibase. - master.changelog.json: migration/vault-schema.changelog-init.xml::1511451595465-53::R3.Corda: Index external_id_index created
?[m?[37m[INFO] 12:35:50,124 [Test worker] liquibase. - master.changelog.json: migration/vault-schema.changelog-init.xml::1511451595465-53::R3.Corda: ChangeSet migration/vault-schema.changelog-init.xml::1511451595465-53::R3.Corda ran successfully in 0ms
?[m?[37m[INFO] 12:35:50,126 [Test worker] liquibase. - master.changelog.json: migration/vault-schema.changelog-init.xml::1511451595465-55::R3.Corda: Index lock_id_idx created
?[m?[37m[INFO] 12:35:50,126 [Test worker] liquibase. - master.changelog.json: migration/vault-schema.changelog-init.xml::1511451595465-55::R3.Corda: ChangeSet migration/vault-schema.changelog-init.xml::1511451595465-55::R3.Corda ran successfully in 0ms
?[m?[37m[INFO] 12:35:50,128 [Test worker] liquibase. - master.changelog.json: migration/vault-schema.changelog-init.xml::1511451595465-58::R3.Corda: Index state_status_idx created
?[m?[37m[INFO] 12:35:50,128 [Test worker] liquibase. - master.changelog.json: migration/vault-schema.changelog-init.xml::1511451595465-58::R3.Corda: ChangeSet migration/vault-schema.changelog-init.xml::1511451595465-58::R3.Corda ran successfully in 1ms
?[m?[37m[INFO] 12:35:50,129 [Test worker] liquibase. - master.changelog.json: migration/vault-schema.changelog-init.xml::1511451595465-59::R3.Corda: Index transaction_id_index created
?[m?[37m[INFO] 12:35:50,129 [Test worker] liquibase. - master.changelog.json: migration/vault-schema.changelog-init.xml::1511451595465-59::R3.Corda: ChangeSet migration/vault-schema.changelog-init.xml::1511451595465-59::R3.Corda ran successfully in 0ms
?[m?[37m[INFO] 12:35:50,130 [Test worker] liquibase. - master.changelog.json: migration/vault-schema.changelog-init.xml::1511451595465-60::R3.Corda: Index uuid_index created
?[m?[37m[INFO] 12:35:50,130 [Test worker] liquibase. - master.changelog.json: migration/vault-schema.changelog-init.xml::1511451595465-60::R3.Corda: ChangeSet migration/vault-schema.changelog-init.xml::1511451595465-60::R3.Corda ran successfully in 0ms
?[m?[37m[INFO] 12:35:50,131 [Test worker] liquibase. - master.changelog.json: migration/vault-schema.changelog-init.xml::1511451595465-64::R3.Corda: Foreign key constraint added to vault_fungible_states_parts (output_index,transaction_id)
?[m?[37m[INFO] 12:35:50,131 [Test worker] liquibase. - master.changelog.json: migration/vault-schema.changelog-init.xml::1511451595465-64::R3.Corda: ChangeSet migration/vault-schema.changelog-init.xml::1511451595465-64::R3.Corda ran successfully in 0ms
?[m?[37m[INFO] 12:35:50,133 [Test worker] liquibase. - master.changelog.json: migration/vault-schema.changelog-init.xml::1511451595465-65::R3.Corda: Foreign key constraint added to vault_linear_states_parts (output_index,transaction_id)
?[m?[37m[INFO] 12:35:50,133 [Test worker] liquibase. - master.changelog.json: migration/vault-schema.changelog-init.xml::1511451595465-65::R3.Corda: ChangeSet migration/vault-schema.changelog-init.xml::1511451595465-65::R3.Corda ran successfully in 1ms
?[m?[37m[INFO] 12:35:50,133 [Test worker] liquibase. - master.changelog.json: migration/vault-schema.changelog-v3.xml::clean_vault::R3.Corda: Data deleted from vault_fungible_states_parts
?[m?[37m[INFO] 12:35:50,134 [Test worker] liquibase. - master.changelog.json: migration/vault-schema.changelog-v3.xml::clean_vault::R3.Corda: Data deleted from vault_fungible_states
?[m?[37m[INFO] 12:35:50,134 [Test worker] liquibase. - master.changelog.json: migration/vault-schema.changelog-v3.xml::clean_vault::R3.Corda: Data deleted from vault_linear_states_parts
?[m?[37m[INFO] 12:35:50,134 [Test worker] liquibase. - master.changelog.json: migration/vault-schema.changelog-v3.xml::clean_vault::R3.Corda: Data deleted from vault_linear_states
?[m?[37m[INFO] 12:35:50,134 [Test worker] liquibase. - master.changelog.json: migration/vault-schema.changelog-v3.xml::clean_vault::R3.Corda: Data deleted from vault_states
?[m?[37m[INFO] 12:35:50,134 [Test worker] liquibase. - master.changelog.json: migration/vault-schema.changelog-v3.xml::clean_vault::R3.Corda: Data deleted from vault_transaction_notes
?[m?[37m[INFO] 12:35:50,134 [Test worker] liquibase. - master.changelog.json: migration/vault-schema.changelog-v3.xml::clean_vault::R3.Corda: ChangeSet migration/vault-schema.changelog-v3.xml::clean_vault::R3.Corda ran successfully in 1ms
?[m?[37m[INFO] 12:35:50,135 [Test worker] liquibase. - master.changelog.json: migration/vault-schema.changelog-v4.xml::nullability::R3.Corda: Null constraint has been added to vault_fungible_states.quantity
?[m?[37m[INFO] 12:35:50,135 [Test worker] liquibase. - master.changelog.json: migration/vault-schema.changelog-v4.xml::nullability::R3.Corda: Null constraint has been added to vault_states.contract_state_class_name
?[m?[37m[INFO] 12:35:50,135 [Test worker] liquibase. - master.changelog.json: migration/vault-schema.changelog-v4.xml::nullability::R3.Corda: Null constraint has been added to vault_states.notary_name
?[m?[37m[INFO] 12:35:50,135 [Test worker] liquibase. - master.changelog.json: migration/vault-schema.changelog-v4.xml::nullability::R3.Corda: Null constraint has been added to vault_states.recorded_timestamp
?[m?[37m[INFO] 12:35:50,135 [Test worker] liquibase. - master.changelog.json: migration/vault-schema.changelog-v4.xml::nullability::R3.Corda: Index state_status_idx dropped from table vault_states
?[m?[37m[INFO] 12:35:50,135 [Test worker] liquibase. - master.changelog.json: migration/vault-schema.changelog-v4.xml::nullability::R3.Corda: Index lock_id_idx dropped from table vault_states
?[m?[37m[INFO] 12:35:50,135 [Test worker] liquibase. - master.changelog.json: migration/vault-schema.changelog-v4.xml::nullability::R3.Corda: Null constraint has been added to vault_states.state_status
?[m?[37m[INFO] 12:35:50,135 [Test worker] liquibase. - master.changelog.json: migration/vault-schema.changelog-v4.xml::nullability::R3.Corda: Index state_status_idx created
?[m?[37m[INFO] 12:35:50,136 [Test worker] liquibase. - master.changelog.json: migration/vault-schema.changelog-v4.xml::nullability::R3.Corda: Index lock_id_idx created
?[m?[37m[INFO] 12:35:50,136 [Test worker] liquibase. - master.changelog.json: migration/vault-schema.changelog-v4.xml::nullability::R3.Corda: Index transaction_id_index dropped from table vault_transaction_notes
?[m?[37m[INFO] 12:35:50,136 [Test worker] liquibase. - master.changelog.json: migration/vault-schema.changelog-v4.xml::nullability::R3.Corda: Null constraint has been added to vault_transaction_notes.note
?[m?[37m[INFO] 12:35:50,136 [Test worker] liquibase. - master.changelog.json: migration/vault-schema.changelog-v4.xml::nullability::R3.Corda: Null constraint has been added to vault_transaction_notes.transaction_id
?[m?[37m[INFO] 12:35:50,136 [Test worker] liquibase. - master.changelog.json: migration/vault-schema.changelog-v4.xml::nullability::R3.Corda: Index transaction_id_index created
?[m?[37m[INFO] 12:35:50,136 [Test worker] liquibase. - master.changelog.json: migration/vault-schema.changelog-v4.xml::nullability::R3.Corda: ChangeSet migration/vault-schema.changelog-v4.xml::nullability::R3.Corda ran successfully in 2ms
?[m?[37m[INFO] 12:35:50,143 [Test worker] liquibase. - master.changelog.json: migration/vault-schema.changelog-v5.xml::add_relevancy_status_column::R3.Corda: Columns relevancy_status(INT) added to vault_states
?[m?[37m[INFO] 12:35:50,143 [Test worker] liquibase. - master.changelog.json: migration/vault-schema.changelog-v5.xml::add_relevancy_status_column::R3.Corda: Data updated in vault_states
?[m?[37m[INFO] 12:35:50,144 [Test worker] liquibase. - master.changelog.json: migration/vault-schema.changelog-v5.xml::add_relevancy_status_column::R3.Corda: Null constraint has been added to vault_states.relevancy_status
?[m?[37m[INFO] 12:35:50,144 [Test worker] liquibase. - master.changelog.json: migration/vault-schema.changelog-v5.xml::add_relevancy_status_column::R3.Corda: ChangeSet migration/vault-schema.changelog-v5.xml::add_relevancy_status_column::R3.Corda ran successfully in 2ms
?[m?[37m[INFO] 12:35:50,146 [Test worker] liquibase. - master.changelog.json: migration/vault-schema.changelog-v6.xml::add_is_constraint_information_columns::R3.Corda: Columns constraint_type(INT) added to vault_states
?[m?[37m[INFO] 12:35:50,147 [Test worker] liquibase. - master.changelog.json: migration/vault-schema.changelog-v6.xml::add_is_constraint_information_columns::R3.Corda: Columns constraint_data(varbinary(563)) added to vault_states
?[m?[37m[INFO] 12:35:50,147 [Test worker] liquibase. - master.changelog.json: migration/vault-schema.changelog-v6.xml::add_is_constraint_information_columns::R3.Corda: ChangeSet migration/vault-schema.changelog-v6.xml::add_is_constraint_information_columns::R3.Corda ran successfully in 2ms
?[m?[37m[INFO] 12:35:50,148 [Test worker] liquibase. - master.changelog.json: migration/vault-schema.changelog-v7.xml::make_issuer_ref_nullable::R3.Corda: Null constraint dropped from vault_fungible_states.issuer_ref
?[m?[37m[INFO] 12:35:50,148 [Test worker] liquibase. - master.changelog.json: migration/vault-schema.changelog-v7.xml::make_issuer_ref_nullable::R3.Corda: ChangeSet migration/vault-schema.changelog-v7.xml::make_issuer_ref_nullable::R3.Corda ran successfully in 0ms
?[m?[37m[INFO] 12:35:50,149 [Test worker] liquibase. - master.changelog.json: migration/vault-schema.changelog-v8.xml::create-external-id-to-state-party-view::R3.Corda: Table state_party created
?[m?[37m[INFO] 12:35:50,149 [Test worker] liquibase. - master.changelog.json: migration/vault-schema.changelog-v8.xml::create-external-id-to-state-party-view::R3.Corda: Index state_pk_hash_idx created
?[m?[37m[INFO] 12:35:50,149 [Test worker] liquibase. - master.changelog.json: migration/vault-schema.changelog-v8.xml::create-external-id-to-state-party-view::R3.Corda: Table pk_hash_to_ext_id_map created
?[m?[37m[INFO] 12:35:50,149 [Test worker] liquibase. - master.changelog.json: migration/vault-schema.changelog-v8.xml::create-external-id-to-state-party-view::R3.Corda: Index pk_hash_to_xid_idx created
?[m?[37m[INFO] 12:35:50,151 [Test worker] liquibase. - master.changelog.json: migration/vault-schema.changelog-v8.xml::create-external-id-to-state-party-view::R3.Corda: View v_pkey_hash_ex_id_map created
?[m?[37m[INFO] 12:35:50,151 [Test worker] liquibase. - master.changelog.json: migration/vault-schema.changelog-v8.xml::create-external-id-to-state-party-view::R3.Corda: ChangeSet migration/vault-schema.changelog-v8.xml::create-external-id-to-state-party-view::R3.Corda ran successfully in 2ms
?[m?[37m[INFO] 12:35:50,152 [Test worker] liquibase. - master.changelog.json: migration/node-info.changelog-init.xml::1511451595465-4::R3.Corda: Table node_link_nodeinfo_party created
?[m?[37m[INFO] 12:35:50,152 [Test worker] liquibase. - master.changelog.json: migration/node-info.changelog-init.xml::1511451595465-4::R3.Corda: ChangeSet migration/node-info.changelog-init.xml::1511451595465-4::R3.Corda ran successfully in 0ms
?[m?[37m[INFO] 12:35:50,153 [Test worker] liquibase. - master.changelog.json: migration/node-info.changelog-init.xml::1511451595465-10::R3.Corda: Table node_info_hosts created
?[m?[37m[INFO] 12:35:50,153 [Test worker] liquibase. - master.changelog.json: migration/node-info.changelog-init.xml::1511451595465-10::R3.Corda: ChangeSet migration/node-info.changelog-init.xml::1511451595465-10::R3.Corda ran successfully in 0ms
?[m?[37m[INFO] 12:35:50,155 [Test worker] liquibase. - master.changelog.json: migration/node-info.changelog-init.xml::1511451595465-11::R3.Corda: Table node_info_party_cert created
?[m?[37m[INFO] 12:35:50,155 [Test worker] liquibase. - master.changelog.json: migration/node-info.changelog-init.xml::1511451595465-11::R3.Corda: ChangeSet migration/node-info.changelog-init.xml::1511451595465-11::R3.Corda ran successfully in 1ms
?[m?[37m[INFO] 12:35:50,156 [Test worker] liquibase. - master.changelog.json: migration/node-info.changelog-init.xml::1511451595465-12::R3.Corda: Table node_infos created
?[m?[37m[INFO] 12:35:50,156 [Test worker] liquibase. - master.changelog.json: migration/node-info.changelog-init.xml::1511451595465-12::R3.Corda: ChangeSet migration/node-info.changelog-init.xml::1511451595465-12::R3.Corda ran successfully in 0ms
?[m?[37m[INFO] 12:35:50,157 [Test worker] liquibase. - master.changelog.json: migration/node-info.changelog-init.xml::1511451595465-35::R3.Corda: Primary key added to node_info_hosts (host, port)
?[m?[37m[INFO] 12:35:50,157 [Test worker] liquibase. - master.changelog.json: migration/node-info.changelog-init.xml::1511451595465-35::R3.Corda: ChangeSet migration/node-info.changelog-init.xml::1511451595465-35::R3.Corda ran successfully in 0ms
?[m?[37m[INFO] 12:35:50,159 [Test worker] liquibase. - master.changelog.json: migration/node-info.changelog-init.xml::1511451595465-36::R3.Corda: Primary key added to node_info_party_cert (party_name)
?[m?[37m[INFO] 12:35:50,159 [Test worker] liquibase. - master.changelog.json: migration/node-info.changelog-init.xml::1511451595465-36::R3.Corda: ChangeSet migration/node-info.changelog-init.xml::1511451595465-36::R3.Corda ran successfully in 1ms
?[m?[37m[INFO] 12:35:50,160 [Test worker] liquibase. - master.changelog.json: migration/node-info.changelog-init.xml::1511451595465-37::R3.Corda: Primary key added to node_infos (node_info_id)
?[m?[37m[INFO] 12:35:50,160 [Test worker] liquibase. - master.changelog.json: migration/node-info.changelog-init.xml::1511451595465-37::R3.Corda: ChangeSet migration/node-info.changelog-init.xml::1511451595465-37::R3.Corda ran successfully in 0ms
?[m?[37m[INFO] 12:35:50,162 [Test worker] liquibase. - master.changelog.json: migration/node-info.changelog-init.xml::1511451595465-62::R3.Corda: Foreign key constraint added to node_link_nodeinfo_party (node_info_id)
?[m?[37m[INFO] 12:35:50,162 [Test worker] liquibase. - master.changelog.json: migration/node-info.changelog-init.xml::1511451595465-62::R3.Corda: ChangeSet migration/node-info.changelog-init.xml::1511451595465-62::R3.Corda ran successfully in 1ms
?[m?[37m[INFO] 12:35:50,163 [Test worker] liquibase. - master.changelog.json: migration/node-info.changelog-init.xml::1511451595465-63::R3.Corda: Foreign key constraint added to node_info_hosts (node_info_id)
?[m?[37m[INFO] 12:35:50,163 [Test worker] liquibase. - master.changelog.json: migration/node-info.changelog-init.xml::1511451595465-63::R3.Corda: ChangeSet migration/node-info.changelog-init.xml::1511451595465-63::R3.Corda ran successfully in 0ms
?[m?[37m[INFO] 12:35:50,165 [Test worker] liquibase. - master.changelog.json: migration/node-info.changelog-init.xml::remove_host_port_pk::R3.Corda: Data deleted from node_infos
?[m?[37m[INFO] 12:35:50,165 [Test worker] liquibase. - master.changelog.json: migration/node-info.changelog-init.xml::remove_host_port_pk::R3.Corda: Data deleted from node_link_nodeinfo_party
?[m?[37m[INFO] 12:35:50,165 [Test worker] liquibase. - master.changelog.json: migration/node-info.changelog-init.xml::remove_host_port_pk::R3.Corda: Data deleted from node_info_hosts
?[m?[37m[INFO] 12:35:50,165 [Test worker] liquibase. - master.changelog.json: migration/node-info.changelog-init.xml::remove_host_port_pk::R3.Corda: Data deleted from node_info_party_cert
?[m?[37m[INFO] 12:35:50,165 [Test worker] liquibase. - master.changelog.json: migration/node-info.changelog-init.xml::remove_host_port_pk::R3.Corda: Primary key dropped from node_info_hosts
?[m?[37m[INFO] 12:35:50,166 [Test worker] liquibase. - master.changelog.json: migration/node-info.changelog-init.xml::remove_host_port_pk::R3.Corda: Columns hosts_id(INT) added to node_info_hosts
?[m?[37m[INFO] 12:35:50,166 [Test worker] liquibase. - master.changelog.json: migration/node-info.changelog-init.xml::remove_host_port_pk::R3.Corda: Primary key added to node_info_hosts (hosts_id)
?[m?[37m[INFO] 12:35:50,166 [Test worker] liquibase. - master.changelog.json: migration/node-info.changelog-init.xml::remove_host_port_pk::R3.Corda: ChangeSet migration/node-info.changelog-init.xml::remove_host_port_pk::R3.Corda ran successfully in 1ms
?[m?[37m[INFO] 12:35:50,168 [Test worker] liquibase. - master.changelog.json: migration/node-info.changelog-v1.xml::key/value node properties table::R3.Corda: Table node_properties created
?[m?[37m[INFO] 12:35:50,168 [Test worker] liquibase. - master.changelog.json: migration/node-info.changelog-v1.xml::key/value node properties table::R3.Corda: ChangeSet migration/node-info.changelog-v1.xml::key/value node properties table::R3.Corda ran successfully in 0ms
?[m?[37m[INFO] 12:35:50,169 [Test worker] liquibase. - master.changelog.json: migration/node-info.changelog-v2.xml::1525962920::R3.Corda: Null constraint has been added to node_infos.node_info_hash
?[m?[37m[INFO] 12:35:50,169 [Test worker] liquibase. - master.changelog.json: migration/node-info.changelog-v2.xml::1525962920::R3.Corda: Null constraint has been added to node_infos.platform_version
?[m?[37m[INFO] 12:35:50,170 [Test worker] liquibase. - master.changelog.json: migration/node-info.changelog-v2.xml::1525962920::R3.Corda: Null constraint has been added to node_infos.serial
?[m?[37m[INFO] 12:35:50,170 [Test worker] liquibase. - master.changelog.json: migration/node-info.changelog-v2.xml::1525962920::R3.Corda: Null constraint dropped from node_info_hosts.host
?[m?[37m[INFO] 12:35:50,170 [Test worker] liquibase. - master.changelog.json: migration/node-info.changelog-v2.xml::1525962920::R3.Corda: Null constraint dropped from node_info_hosts.port
?[m?[37m[INFO] 12:35:50,170 [Test worker] liquibase. - master.changelog.json: migration/node-info.changelog-v2.xml::1525962920::R3.Corda: Null constraint has been added to node_info_party_cert.owning_key_hash
?[m?[37m[INFO] 12:35:50,170 [Test worker] liquibase. - master.changelog.json: migration/node-info.changelog-v2.xml::1525962920::R3.Corda: Null constraint has been added to node_info_party_cert.party_cert_binary
?[m?[37m[INFO] 12:35:50,170 [Test worker] liquibase. - master.changelog.json: migration/node-info.changelog-v2.xml::1525962920::R3.Corda: ChangeSet migration/node-info.changelog-v2.xml::1525962920::R3.Corda ran successfully in 1ms
?[m?[37m[INFO] 12:35:50,171 [Test worker] liquibase. - master.changelog.json: migration/node-info.changelog-v3.xml::column_host_name::R3.Corda: Column node_info_hosts.host renamed to host_name
?[m?[37m[INFO] 12:35:50,171 [Test worker] liquibase. - master.changelog.json: migration/node-info.changelog-v3.xml::column_host_name::R3.Corda: ChangeSet migration/node-info.changelog-v3.xml::column_host_name::R3.Corda ran successfully in 0ms
?[m?[37m[INFO] 12:35:50,173 [Test worker] liquibase. - master.changelog.json: migration/node-services.changelog-init.xml::1511451595465-5::R3.Corda: Table node_attachments created
?[m?[37m[INFO] 12:35:50,173 [Test worker] liquibase. - master.changelog.json: migration/node-services.changelog-init.xml::1511451595465-5::R3.Corda: ChangeSet migration/node-services.changelog-init.xml::1511451595465-5::R3.Corda ran successfully in 0ms
?[m?[37m[INFO] 12:35:50,174 [Test worker] liquibase. - master.changelog.json: migration/node-services.changelog-init.xml::1511451595465-7::R3.Corda: Table node_checkpoints created
?[m?[37m[INFO] 12:35:50,174 [Test worker] liquibase. - master.changelog.json: migration/node-services.changelog-init.xml::1511451595465-7::R3.Corda: ChangeSet migration/node-services.changelog-init.xml::1511451595465-7::R3.Corda ran successfully in 0ms
?[m?[37m[INFO] 12:35:50,176 [Test worker] liquibase. - master.changelog.json: migration/node-services.changelog-init.xml::1511451595465-8::R3.Corda: Table node_contract_upgrades created
?[m?[37m[INFO] 12:35:50,176 [Test worker] liquibase. - master.changelog.json: migration/node-services.changelog-init.xml::1511451595465-8::R3.Corda: ChangeSet migration/node-services.changelog-init.xml::1511451595465-8::R3.Corda ran successfully in 1ms
?[m?[37m[INFO] 12:35:50,177 [Test worker] liquibase. - master.changelog.json: migration/node-services.changelog-init.xml::1511451595465-9::R3.Corda: Table node_identities created
?[m?[37m[INFO] 12:35:50,177 [Test worker] liquibase. - master.changelog.json: migration/node-services.changelog-init.xml::1511451595465-9::R3.Corda: ChangeSet migration/node-services.changelog-init.xml::1511451595465-9::R3.Corda ran successfully in 0ms
?[m?[37m[INFO] 12:35:50,178 [Test worker] liquibase. - master.changelog.json: migration/node-services.changelog-init.xml::1511451595465-13::R3.Corda: Table node_message_ids created
?[m?[37m[INFO] 12:35:50,178 [Test worker] liquibase. - master.changelog.json: migration/node-services.changelog-init.xml::1511451595465-13::R3.Corda: ChangeSet migration/node-services.changelog-init.xml::1511451595465-13::R3.Corda ran successfully in 0ms
?[m?[37m[INFO] 12:35:50,180 [Test worker] liquibase. - master.changelog.json: migration/node-services.changelog-init.xml::1511451595465-14::R3.Corda: Table node_message_retry created
?[m?[37m[INFO] 12:35:50,180 [Test worker] liquibase. - master.changelog.json: migration/node-services.changelog-init.xml::1511451595465-14::R3.Corda: ChangeSet migration/node-services.changelog-init.xml::1511451595465-14::R3.Corda ran successfully in 0ms
?[m?[37m[INFO] 12:35:50,181 [Test worker] liquibase. - master.changelog.json: migration/node-services.changelog-init.xml::1511451595465-15::R3.Corda: Table node_named_identities created
?[m?[37m[INFO] 12:35:50,181 [Test worker] liquibase. - master.changelog.json: migration/node-services.changelog-init.xml::1511451595465-15::R3.Corda: ChangeSet migration/node-services.changelog-init.xml::1511451595465-15::R3.Corda ran successfully in 0ms
?[m?[37m[INFO] 12:35:50,183 [Test worker] liquibase. - master.changelog.json: migration/node-services.changelog-init.xml::1511451595465-17::R3.Corda: Table node_our_key_pairs created
?[m?[37m[INFO] 12:35:50,183 [Test worker] liquibase. - master.changelog.json: migration/node-services.changelog-init.xml::1511451595465-17::R3.Corda: ChangeSet migration/node-services.changelog-init.xml::1511451595465-17::R3.Corda ran successfully in 1ms
?[m?[37m[INFO] 12:35:50,184 [Test worker] liquibase. - master.changelog.json: migration/node-services.changelog-init.xml::1511451595465-19::R3.Corda: Table node_scheduled_states created
?[m?[37m[INFO] 12:35:50,184 [Test worker] liquibase. - master.changelog.json: migration/node-services.changelog-init.xml::1511451595465-19::R3.Corda: ChangeSet migration/node-services.changelog-init.xml::1511451595465-19::R3.Corda ran successfully in 0ms
?[m?[37m[INFO] 12:35:50,185 [Test worker] liquibase. - master.changelog.json: migration/node-services.changelog-init.xml::1511451595465-20::R3.Corda: Table node_transaction_mappings created
?[m?[37m[INFO] 12:35:50,185 [Test worker] liquibase. - master.changelog.json: migration/node-services.changelog-init.xml::1511451595465-20::R3.Corda: ChangeSet migration/node-services.changelog-init.xml::1511451595465-20::R3.Corda ran successfully in 0ms
?[m?[37m[INFO] 12:35:50,186 [Test worker] liquibase. - master.changelog.json: migration/node-services.changelog-init.xml::1511451595465-21::R3.Corda: Table node_transactions created
?[m?[37m[INFO] 12:35:50,186 [Test worker] liquibase. - master.changelog.json: migration/node-services.changelog-init.xml::1511451595465-21::R3.Corda: ChangeSet migration/node-services.changelog-init.xml::1511451595465-21::R3.Corda ran successfully in 0ms
?[m?[37m[INFO] 12:35:50,187 [Test worker] liquibase. - master.changelog.json: migration/node-services.changelog-init.xml::1511451595465-30::R3.Corda: Primary key added to node_attachments (att_id)
?[m?[37m[INFO] 12:35:50,187 [Test worker] liquibase. - master.changelog.json: migration/node-services.changelog-init.xml::1511451595465-30::R3.Corda: ChangeSet migration/node-services.changelog-init.xml::1511451595465-30::R3.Corda ran successfully in 0ms
?[m?[37m[INFO] 12:35:50,189 [Test worker] liquibase. - master.changelog.json: migration/node-services.changelog-init.xml::1511451595465-32::R3.Corda: Primary key added to node_checkpoints (checkpoint_id)
?[m?[37m[INFO] 12:35:50,189 [Test worker] liquibase. - master.changelog.json: migration/node-services.changelog-init.xml::1511451595465-32::R3.Corda: ChangeSet migration/node-services.changelog-init.xml::1511451595465-32::R3.Corda ran successfully in 1ms
?[m?[37m[INFO] 12:35:50,190 [Test worker] liquibase. - master.changelog.json: migration/node-services.changelog-init.xml::1511451595465-33::R3.Corda: Primary key added to node_contract_upgrades (state_ref)
?[m?[37m[INFO] 12:35:50,190 [Test worker] liquibase. - master.changelog.json: migration/node-services.changelog-init.xml::1511451595465-33::R3.Corda: ChangeSet migration/node-services.changelog-init.xml::1511451595465-33::R3.Corda ran successfully in 1ms
?[m?[37m[INFO] 12:35:50,191 [Test worker] liquibase. - master.changelog.json: migration/node-services.changelog-init.xml::1511451595465-34::R3.Corda: Primary key added to node_identities (pk_hash)
?[m?[37m[INFO] 12:35:50,191 [Test worker] liquibase. - master.changelog.json: migration/node-services.changelog-init.xml::1511451595465-34::R3.Corda: ChangeSet migration/node-services.changelog-init.xml::1511451595465-34::R3.Corda ran successfully in 0ms
?[m?[37m[INFO] 12:35:50,192 [Test worker] liquibase. - master.changelog.json: migration/node-services.changelog-init.xml::1511451595465-38::R3.Corda: Primary key added to node_message_ids (message_id)
?[m?[37m[INFO] 12:35:50,192 [Test worker] liquibase. - master.changelog.json: migration/node-services.changelog-init.xml::1511451595465-38::R3.Corda: ChangeSet migration/node-services.changelog-init.xml::1511451595465-38::R3.Corda ran successfully in 0ms
?[m?[37m[INFO] 12:35:50,193 [Test worker] liquibase. - master.changelog.json: migration/node-services.changelog-init.xml::1511451595465-39::R3.Corda: Primary key added to node_message_retry (message_id)
?[m?[37m[INFO] 12:35:50,193 [Test worker] liquibase. - master.changelog.json: migration/node-services.changelog-init.xml::1511451595465-39::R3.Corda: ChangeSet migration/node-services.changelog-init.xml::1511451595465-39::R3.Corda ran successfully in 0ms
?[m?[37m[INFO] 12:35:50,195 [Test worker] liquibase. - master.changelog.json: migration/node-services.changelog-init.xml::1511451595465-40::R3.Corda: Primary key added to node_named_identities (name)
?[m?[37m[INFO] 12:35:50,195 [Test worker] liquibase. - master.changelog.json: migration/node-services.changelog-init.xml::1511451595465-40::R3.Corda: ChangeSet migration/node-services.changelog-init.xml::1511451595465-40::R3.Corda ran successfully in 0ms
?[m?[37m[INFO] 12:35:50,196 [Test worker] liquibase. - master.changelog.json: migration/node-services.changelog-init.xml::1511451595465-42::R3.Corda: Primary key added to node_our_key_pairs (public_key_hash)
?[m?[37m[INFO] 12:35:50,196 [Test worker] liquibase. - master.changelog.json: migration/node-services.changelog-init.xml::1511451595465-42::R3.Corda: ChangeSet migration/node-services.changelog-init.xml::1511451595465-42::R3.Corda ran successfully in 0ms
?[m?[37m[INFO] 12:35:50,198 [Test worker] liquibase. - master.changelog.json: migration/node-services.changelog-init.xml::1511451595465-44::R3.Corda: Primary key added to node_scheduled_states (output_index, transaction_id)
?[m?[37m[INFO] 12:35:50,198 [Test worker] liquibase. - master.changelog.json: migration/node-services.changelog-init.xml::1511451595465-44::R3.Corda: ChangeSet migration/node-services.changelog-init.xml::1511451595465-44::R3.Corda ran successfully in 1ms
?[m?[37m[INFO] 12:35:50,199 [Test worker] liquibase. - master.changelog.json: migration/node-services.changelog-init.xml::1511451595465-45::R3.Corda: Primary key added to node_transaction_mappings (tx_id)
?[m?[37m[INFO] 12:35:50,199 [Test worker] liquibase. - master.changelog.json: migration/node-services.changelog-init.xml::1511451595465-45::R3.Corda: ChangeSet migration/node-services.changelog-init.xml::1511451595465-45::R3.Corda ran successfully in 0ms
?[m?[37m[INFO] 12:35:50,200 [Test worker] liquibase. - master.changelog.json: migration/node-services.changelog-init.xml::1511451595465-46::R3.Corda: Primary key added to node_transactions (tx_id)
?[m?[37m[INFO] 12:35:50,200 [Test worker] liquibase. - master.changelog.json: migration/node-services.changelog-init.xml::1511451595465-46::R3.Corda: ChangeSet migration/node-services.changelog-init.xml::1511451595465-46::R3.Corda ran successfully in 0ms
?[m?[37m[INFO] 12:35:50,202 [Test worker] liquibase. - master.changelog.json: migration/node-services.changelog-init.xml::1511451595465-61::R3.Corda: Foreign key constraint added to node_link_nodeinfo_party (party_name)
?[m?[37m[INFO] 12:35:50,202 [Test worker] liquibase. - master.changelog.json: migration/node-services.changelog-init.xml::1511451595465-61::R3.Corda: ChangeSet migration/node-services.changelog-init.xml::1511451595465-61::R3.Corda ran successfully in 1ms
?[m?[37m[INFO] 12:35:50,203 [Test worker] liquibase. - master.changelog.json: migration/node-services.changelog-init.xml::add index att_id::R3.Corda: Index att_id_idx created
?[m?[37m[INFO] 12:35:50,203 [Test worker] liquibase. - master.changelog.json: migration/node-services.changelog-init.xml::add index att_id::R3.Corda: ChangeSet migration/node-services.changelog-init.xml::add index att_id::R3.Corda ran successfully in 0ms
?[m?[37m[INFO] 12:35:50,204 [Test worker] liquibase. - master.changelog.json: migration/node-services.changelog-init.xml::add_contract_attachment::R3.Corda: Table node_attchments_contracts created
?[m?[37m[INFO] 12:35:50,205 [Test worker] liquibase. - master.changelog.json: migration/node-services.changelog-init.xml::add_contract_attachment::R3.Corda: Foreign key constraint added to node_attchments_contracts (att_id)
?[m?[37m[INFO] 12:35:50,205 [Test worker] liquibase. - master.changelog.json: migration/node-services.changelog-init.xml::add_contract_attachment::R3.Corda: Data deleted from node_attachments
?[m?[37m[INFO] 12:35:50,205 [Test worker] liquibase. - master.changelog.json: migration/node-services.changelog-init.xml::add_contract_attachment::R3.Corda: ChangeSet migration/node-services.changelog-init.xml::add_contract_attachment::R3.Corda ran successfully in 1ms
?[m?[37m[INFO] 12:35:50,207 [Test worker] liquibase. - master.changelog.json: migration/node-services.changelog-init.xml::add_dedup_columns::R3.Corda: Columns sender(NVARCHAR(64)),sequence_number(BIGINT) added to node_message_ids
?[m?[37m[INFO] 12:35:50,207 [Test worker] liquibase. - master.changelog.json: migration/node-services.changelog-init.xml::add_dedup_columns::R3.Corda: ChangeSet migration/node-services.changelog-init.xml::add_dedup_columns::R3.Corda ran successfully in 1ms
?[m?[37m[INFO] 12:35:50,209 [Test worker] liquibase. - master.changelog.json: migration/node-core.changelog-v4.xml::attchments_rename::R3.Corda: Table node_attchments_contracts renamed to node_attachments_contracts
?[m?[37m[INFO] 12:35:50,209 [Test worker] liquibase. - master.changelog.json: migration/node-core.changelog-v4.xml::attchments_rename::R3.Corda: ChangeSet migration/node-core.changelog-v4.xml::attchments_rename::R3.Corda ran successfully in 1ms
?[m?[37m[INFO] 12:35:50,210 [Test worker] liquibase. - master.changelog.json: migration/node-core.changelog-v4.xml::nullability::R3.Corda: Null constraint has been added to node_identities.identity_value
?[m?[37m[INFO] 12:35:50,210 [Test worker] liquibase. - master.changelog.json: migration/node-core.changelog-v4.xml::nullability::R3.Corda: Null constraint has been added to node_attachments.content
?[m?[37m[INFO] 12:35:50,210 [Test worker] liquibase. - master.changelog.json: migration/node-core.changelog-v4.xml::nullability::R3.Corda: Null constraint has been added to node_attachments_contracts.contract_class_name
?[m?[37m[INFO] 12:35:50,210 [Test worker] liquibase. - master.changelog.json: migration/node-core.changelog-v4.xml::nullability::R3.Corda: Null constraint has been added to node_checkpoints.checkpoint_value
?[m?[37m[INFO] 12:35:50,210 [Test worker] liquibase. - master.changelog.json: migration/node-core.changelog-v4.xml::nullability::R3.Corda: Null constraint has been added to node_contract_upgrades.contract_class_name
?[m?[37m[INFO] 12:35:50,210 [Test worker] liquibase. - master.changelog.json: migration/node-core.changelog-v4.xml::nullability::R3.Corda: Null constraint has been added to node_message_ids.insertion_time
?[m?[37m[INFO] 12:35:50,210 [Test worker] liquibase. - master.changelog.json: migration/node-core.changelog-v4.xml::nullability::R3.Corda: Null constraint has been added to node_message_retry.message
?[m?[37m[INFO] 12:35:50,210 [Test worker] liquibase. - master.changelog.json: migration/node-core.changelog-v4.xml::nullability::R3.Corda: Null constraint has been added to node_message_retry.recipients
?[m?[37m[INFO] 12:35:50,210 [Test worker] liquibase. - master.changelog.json: migration/node-core.changelog-v4.xml::nullability::R3.Corda: Null constraint has been added to node_named_identities.pk_hash
?[m?[37m[INFO] 12:35:50,211 [Test worker] liquibase. - master.changelog.json: migration/node-core.changelog-v4.xml::nullability::R3.Corda: Null constraint has been added to node_our_key_pairs.private_key
?[m?[37m[INFO] 12:35:50,211 [Test worker] liquibase. - master.changelog.json: migration/node-core.changelog-v4.xml::nullability::R3.Corda: Null constraint has been added to node_our_key_pairs.public_key
?[m?[37m[INFO] 12:35:50,211 [Test worker] liquibase. - master.changelog.json: migration/node-core.changelog-v4.xml::nullability::R3.Corda: Null constraint has been added to node_transaction_mappings.state_machine_run_id
?[m?[37m[INFO] 12:35:50,211 [Test worker] liquibase. - master.changelog.json: migration/node-core.changelog-v4.xml::nullability::R3.Corda: Null constraint has been added to node_transactions.transaction_value
?[m?[37m[INFO] 12:35:50,211 [Test worker] liquibase. - master.changelog.json: migration/node-core.changelog-v4.xml::nullability::R3.Corda: ChangeSet migration/node-core.changelog-v4.xml::nullability::R3.Corda ran successfully in 1ms
?[m?[37m[INFO] 12:35:50,213 [Test worker] liquibase. - master.changelog.json: migration/node-core.changelog-v5.xml::remove_unused_node_message_retry::R3.Corda: Table node_message_retry dropped
?[m?[37m[INFO] 12:35:50,213 [Test worker] liquibase. - master.changelog.json: migration/node-core.changelog-v5.xml::remove_unused_node_message_retry::R3.Corda: ChangeSet migration/node-core.changelog-v5.xml::remove_unused_node_message_retry::R3.Corda ran successfully in 1ms
?[m?[37m[INFO] 12:35:50,224 [Test worker] liquibase. - master.changelog.json: migration/node-core.changelog-v8.xml::conditional_attchments_rename::R3.Corda: Marking ChangeSet: migration/node-core.changelog-v8.xml::conditional_attchments_rename::R3.Corda ran despite precondition failure due to onFail='MARK_RAN': 
          master.changelog.json : Table PUBLIC.NODE_ATTCHMENTS_CONTRACTS does not exist

?[m?[37m[INFO] 12:35:50,229 [Test worker] liquibase. - master.changelog.json: migration/node-core.changelog-v8.xml::conditional_attchments_contracts::R3.Corda: Marking ChangeSet: migration/node-core.changelog-v8.xml::conditional_attchments_contracts::R3.Corda ran despite precondition failure due to onFail='MARK_RAN': 
          master.changelog.json : Table PUBLIC.NODE_ATTACHMENTS_CONTRACT_CLASS_NAME does not exist

?[m?[37m[INFO] 12:35:50,231 [Test worker] liquibase. - master.changelog.json: migration/node-core.changelog-v8.xml::add_signers::R3.Corda: Table node_attachments_signers created
?[m?[37m[INFO] 12:35:50,231 [Test worker] liquibase. - master.changelog.json: migration/node-core.changelog-v8.xml::add_signers::R3.Corda: Foreign key constraint added to node_attachments_signers (att_id)
?[m?[37m[INFO] 12:35:50,231 [Test worker] liquibase. - master.changelog.json: migration/node-core.changelog-v8.xml::add_signers::R3.Corda: ChangeSet migration/node-core.changelog-v8.xml::add_signers::R3.Corda ran successfully in 1ms
?[m?[37m[INFO] 12:35:50,234 [Test worker] liquibase. - master.changelog.json: migration/node-core.changelog-tx-mapping.xml::add_tx_mapping_column::R3.Corda: Columns state_machine_run_id(NVARCHAR(36)) added to node_transactions
?[m?[37m[INFO] 12:35:50,234 [Test worker] liquibase. - master.changelog.json: migration/node-core.changelog-tx-mapping.xml::add_tx_mapping_column::R3.Corda: Custom SQL executed
?[m?[37m[INFO] 12:35:50,234 [Test worker] liquibase. - master.changelog.json: migration/node-core.changelog-tx-mapping.xml::add_tx_mapping_column::R3.Corda: Table node_transaction_mappings dropped
?[m?[37m[INFO] 12:35:50,234 [Test worker] liquibase. - master.changelog.json: migration/node-core.changelog-tx-mapping.xml::add_tx_mapping_column::R3.Corda: ChangeSet migration/node-core.changelog-tx-mapping.xml::add_tx_mapping_column::R3.Corda ran successfully in 2ms
?[m?[37m[INFO] 12:35:50,235 [Test worker] liquibase. - master.changelog.json: migration/node-services.changelog-init.xml::add_network_parameters_storage::R3.Corda: Table node_network_parameters created
?[m?[37m[INFO] 12:35:50,235 [Test worker] liquibase. - master.changelog.json: migration/node-services.changelog-init.xml::add_network_parameters_storage::R3.Corda: ChangeSet migration/node-services.changelog-init.xml::add_network_parameters_storage::R3.Corda ran successfully in 0ms
?[m?[37m[INFO] 12:35:50,236 [Test worker] liquibase. - master.changelog.json: migration/node-services.changelog-init.xml::network_parameters_pk::R3.Corda: Primary key added to node_network_parameters (hash)
?[m?[37m[INFO] 12:35:50,236 [Test worker] liquibase. - master.changelog.json: migration/node-services.changelog-init.xml::network_parameters_pk::R3.Corda: ChangeSet migration/node-services.changelog-init.xml::network_parameters_pk::R3.Corda ran successfully in 0ms
?[m?[37m[INFO] 12:35:50,238 [Test worker] liquibase. - master.changelog.json: migration/node-services.changelog-init.xml::add_version_column::R3.Corda: Columns version(INT) added to node_attachments
?[m?[37m[INFO] 12:35:50,238 [Test worker] liquibase. - master.changelog.json: migration/node-services.changelog-init.xml::add_version_column::R3.Corda: Custom SQL executed
?[m?[37m[INFO] 12:35:50,238 [Test worker] liquibase. - master.changelog.json: migration/node-services.changelog-init.xml::add_version_column::R3.Corda: Null constraint has been added to node_attachments.version
?[m?[37m[INFO] 12:35:50,238 [Test worker] liquibase. - master.changelog.json: migration/node-services.changelog-init.xml::add_version_column::R3.Corda: ChangeSet migration/node-services.changelog-init.xml::add_version_column::R3.Corda ran successfully in 1ms
?[m?[37m[INFO] 12:35:50,239 [Test worker] persistence.AttachmentVersionNumberMigration. - Start executing...
?[m?[37m[INFO] 12:35:50,240 [Test worker] persistence.AttachmentVersionNumberMigration. - Attachment version creation from whitelisted JARs using network parameters from build\mock-network\20190412-153548.159\nodes\2\network-parameters, whitelistedContractImplementations: {}.
?[m?[37m[INFO] 12:35:50,240 [Test worker] persistence.AttachmentVersionNumberMigration. - Attachment version creation from whitelisted JARs skipped, no attachments not found.
?[m?[37m[INFO] 12:35:50,240 [Test worker] liquibase. - master.changelog.json: migration/node-services.changelog-init.xml::update-version-of-whitelisted-jars::R3.Corda: null
?[m?[37m[INFO] 12:35:50,240 [Test worker] liquibase. - master.changelog.json: migration/node-services.changelog-init.xml::update-version-of-whitelisted-jars::R3.Corda: ChangeSet migration/node-services.changelog-init.xml::update-version-of-whitelisted-jars::R3.Corda ran successfully in 1ms
?[m?[37m[INFO] 12:35:50,241 [Test worker] migration.VaultStateMigration. - Migrating vault state data to V4 tables
?[m?[37m[INFO] 12:35:50,243 [Test worker] persistence.HibernateConfiguration. - Init HibernateConfiguration for schemas: [VaultMigrationSchemaV1(name=net.corda.node.migration.VaultMigrationSchema, version=1), VaultSchemaV1(name=net.corda.node.services.vault.VaultSchema, version=1)]
?[m?[37m[INFO] 12:35:50,243 [Test worker] persistence.HibernateConfiguration. - Creating session factory for schemas: [VaultMigrationSchemaV1(name=net.corda.node.migration.VaultMigrationSchema, version=1), VaultSchemaV1(name=net.corda.node.services.vault.VaultSchema, version=1)]
?[m?[37m[INFO] 12:35:50,248 [Test worker] internal.ConnectionProviderInitiator. - HHH000130: Instantiating explicit connection provider: net.corda.nodeapi.internal.persistence.HibernateConfiguration$NodeDatabaseConnectionProvider
?[m?[37m[INFO] 12:35:50,248 [Test worker] dialect.Dialect. - HHH000400: Using dialect: org.hibernate.dialect.H2Dialect
?[m?[37m[INFO] 12:35:50,250 [Test worker] type.BasicTypeRegistry. - HHH000270: Type registration [materialized_blob] overrides previous : org.hibernate.type.MaterializedBlobType@61c329e6
?[m?[37m[INFO] 12:35:50,273 [Test worker] connections.access. - HHH10001501: Connection obtained from JdbcConnectionAccess [org.hibernate.engine.jdbc.env.internal.JdbcEnvironmentInitiator$ConnectionProviderJdbcConnectionAccess@20b7f545] for (non-JTA) DDL execution was not in auto-commit mode; the Connection 'local transaction' will be committed and the Connection will be set into auto-commit mode.
?[m?[37m[INFO] 12:35:50,294 [Test worker] persistence.HibernateConfiguration. - Created session factory for schemas: [VaultMigrationSchemaV1(name=net.corda.node.migration.VaultMigrationSchema, version=1), VaultSchemaV1(name=net.corda.node.services.vault.VaultSchema, version=1)]
?[m?[37m[INFO] 12:35:50,294 [Test worker] internal.QueryTranslatorFactoryInitiator. - HHH000397: Using ASTQueryTranslatorFactory
?[m?[37m[INFO] 12:35:50,299 [Test worker] migration.VaultStateMigration. - Finished performing vault state data migration for 0 states
?[m?[37m[INFO] 12:35:50,299 [Test worker] liquibase. - master.changelog.json: migration/vault-schema.changelog-v9.xml::update-vault-states::R3.Corda: null
?[m?[37m[INFO] 12:35:50,299 [Test worker] liquibase. - master.changelog.json: migration/vault-schema.changelog-v9.xml::update-vault-states::R3.Corda: ChangeSet migration/vault-schema.changelog-v9.xml::update-vault-states::R3.Corda ran successfully in 58ms
?[m?[37m[INFO] 12:35:50,300 [Test worker] liquibase. - Successfully released change log lock
?[m?[37m[INFO] 12:35:50,300 [Test worker] internal.InternalMockNetwork$MockNode. - Connected to H2 database.
?[m?[37m[INFO] 12:35:50,301 [Test worker] internal.InternalMockNetwork$MockNode. - identity-private-key not found in key store, generating fresh key!
?[m?[37m[INFO] 12:35:50,318 [Test worker] persistence.HibernateConfiguration. - Init HibernateConfiguration for schemas: [CommonSchemaV1(name=net.corda.core.schemas.CommonSchema, version=1), VaultSchemaV1(name=net.corda.node.services.vault.VaultSchema, version=1), NodeInfoSchemaV1(name=net.corda.node.internal.schemas.NodeInfoSchema, version=1), NodeCoreV1(name=net.corda.node.services.schema.NodeSchemaService$NodeCore, version=1), IOUSchemaV1(name=com.example.schema.IOUSchema, version=1)]
?[m?[37m[INFO] 12:35:50,318 [Test worker] persistence.HibernateConfiguration. - Creating session factory for schemas: [CommonSchemaV1(name=net.corda.core.schemas.CommonSchema, version=1), VaultSchemaV1(name=net.corda.node.services.vault.VaultSchema, version=1), NodeInfoSchemaV1(name=net.corda.node.internal.schemas.NodeInfoSchema, version=1), NodeCoreV1(name=net.corda.node.services.schema.NodeSchemaService$NodeCore, version=1), IOUSchemaV1(name=com.example.schema.IOUSchema, version=1)]
?[m?[37m[INFO] 12:35:50,323 [Test worker] internal.ConnectionProviderInitiator. - HHH000130: Instantiating explicit connection provider: net.corda.nodeapi.internal.persistence.HibernateConfiguration$NodeDatabaseConnectionProvider
?[m?[37m[INFO] 12:35:50,324 [Test worker] dialect.Dialect. - HHH000400: Using dialect: org.hibernate.dialect.H2Dialect
?[m?[37m[INFO] 12:35:50,325 [Test worker] type.BasicTypeRegistry. - HHH000270: Type registration [materialized_blob] overrides previous : org.hibernate.type.MaterializedBlobType@61c329e6
?[m?[37m[INFO] 12:35:50,360 [Test worker] connections.access. - HHH10001501: Connection obtained from JdbcConnectionAccess [org.hibernate.engine.jdbc.env.internal.JdbcEnvironmentInitiator$ConnectionProviderJdbcConnectionAccess@6213966c] for (non-JTA) DDL execution was not in auto-commit mode; the Connection 'local transaction' will be committed and the Connection will be set into auto-commit mode.
?[m?[37m[INFO] 12:35:50,399 [Test worker] persistence.HibernateConfiguration. - Created session factory for schemas: [CommonSchemaV1(name=net.corda.core.schemas.CommonSchema, version=1), VaultSchemaV1(name=net.corda.node.services.vault.VaultSchema, version=1), NodeInfoSchemaV1(name=net.corda.node.internal.schemas.NodeInfoSchema, version=1), NodeCoreV1(name=net.corda.node.services.schema.NodeSchemaService$NodeCore, version=1), IOUSchemaV1(name=com.example.schema.IOUSchema, version=1)]
?[m?[37m[INFO] 12:35:50,401 [Test worker] internal.QueryTranslatorFactoryInitiator. - HHH000397: Using ASTQueryTranslatorFactory
?[m?[37m[INFO] 12:35:50,404 [Test worker] internal.InternalMockNetwork$MockNode. - Node-info has changed so submitting update. Old node-info was null
?[m?[37m[INFO] 12:35:50,405 [Test worker] network.PersistentNetworkMapCache. - Adding node with info: NodeInfo(addresses=[mock.node:1000], legalIdentitiesAndCerts=[O=Mock Company 2, L=London, C=GB], platformVersion=4, serial=1555083350405)
?[m?[37m[INFO] 12:35:50,406 [Test worker] network.PersistentNetworkMapCache. - No previous node found
?[m?[37m[INFO] 12:35:50,410 [Test worker] internal.InternalMockNetwork$MockNode. - New node-info: NodeInfo(addresses=[mock.node:1000], legalIdentitiesAndCerts=[O=Mock Company 2, L=London, C=GB], platformVersion=4, serial=1555083350405)
?[m?[37m[INFO] 12:35:50,421 [Test worker] network.NetworkMapUpdater. - Auto-accept enabled for network parameter changes which modify only: [epoch, modifiedTime, packageOwnership, whitelistedContractImplementations]
?[m?[37m[INFO] 12:35:50,424 [MockNode-15-2] network.PersistentNetworkMapCache. - Adding node with info: NodeInfo(addresses=[mock.node:1000], legalIdentitiesAndCerts=[O=Mock Company 2, L=London, C=GB], platformVersion=4, serial=1555083350405)
?[m?[37m[INFO] 12:35:50,428 [MockNode-15-2] network.PersistentNetworkMapCache. - Previous node was identical to incoming one - doing nothing
?[m?[37m[INFO] 12:35:50,504 [Test worker] ClassloaderUtils. - Contracts loading for 'C:\Users\Daniel\AppData\Local\Temp\attachment690975795863058835.jar' took 21 msec
?[m?[37m[INFO] 12:35:50,513 [Test worker] persistence.NodeAttachmentService. - Stored new attachment: id=068D846C052E681003228A05005925CB3EC9DBFEDDFDA00048D0BB87F1ED69B0 uploader=app filename=null
?[m?[37m[INFO] 12:35:50,517 [Test worker] statemachine.SingleThreadedStateMachineManager. - Node ready, info: NodeInfo(addresses=[mock.node:1000], legalIdentitiesAndCerts=[O=Mock Company 2, L=London, C=GB], platformVersion=4, serial=1555083350405)
?[m?[37m[INFO] 12:35:50,519 [Test worker] network.PersistentNetworkMapCache. - Adding node with info: NodeInfo(addresses=[mock.node:1000], legalIdentitiesAndCerts=[O=Notary Service, L=Zurich, C=CH], platformVersion=4, serial=1555083348841)
?[m?[37m[INFO] 12:35:50,520 [Test worker] network.PersistentNetworkMapCache. - No previous node found
?[m?[37m[INFO] 12:35:50,526 [Test worker] network.PersistentNetworkMapCache. - Adding node with info: NodeInfo(addresses=[mock.node:1000], legalIdentitiesAndCerts=[O=Mock Company 2, L=London, C=GB], platformVersion=4, serial=1555083350405)
?[m?[37m[INFO] 12:35:50,527 [Test worker] network.PersistentNetworkMapCache. - No previous node found
?[m?[37m[INFO] 12:35:50,533 [Test worker] network.PersistentNetworkMapCache. - Adding node with info: NodeInfo(addresses=[mock.node:1000], legalIdentitiesAndCerts=[O=Mock Company 1, L=London, C=GB], platformVersion=4, serial=1555083349607)
?[m?[37m[INFO] 12:35:50,534 [Test worker] network.PersistentNetworkMapCache. - No previous node found
?[m?[37m[INFO] 12:35:50,540 [Test worker] network.PersistentNetworkMapCache. - Adding node with info: NodeInfo(addresses=[mock.node:1000], legalIdentitiesAndCerts=[O=Mock Company 2, L=London, C=GB], platformVersion=4, serial=1555083350405)
?[m?[37m[INFO] 12:35:50,541 [Test worker] network.PersistentNetworkMapCache. - No previous node found
?[m?[37m[INFO] 12:35:50,545 [Test worker] network.PersistentNetworkMapCache. - Adding node with info: NodeInfo(addresses=[mock.node:1000], legalIdentitiesAndCerts=[O=Mock Company 2, L=London, C=GB], platformVersion=4, serial=1555083350405)
?[m?[37m[INFO] 12:35:50,545 [Test worker] network.PersistentNetworkMapCache. - Previous node was identical to incoming one - doing nothing
?[m?[37m[INFO] 12:35:50,545 [Test worker] network.PersistentNetworkMapCache. - Adding node with info: NodeInfo(addresses=[mock.node:1000], legalIdentitiesAndCerts=[O=Mock Company 2, L=London, C=GB], platformVersion=4, serial=1555083350405)
?[m?[37m[INFO] 12:35:50,545 [Test worker] network.PersistentNetworkMapCache. - Previous node was identical to incoming one - doing nothing
?[m?[31m[WARN] 12:35:50,546 [Test worker] internal.NodeFlowManager. - Multiple flows are registered for InitiatingFlow: class com.example.flow.ExampleFlow$Initiator, currently using: class com.example.flow.ExampleFlow$Acceptor
?[m?[37m[INFO] 12:35:50,546 [Test worker] internal.NodeFlowManager. - Registered com.example.flow.ExampleFlow$Initiator to initiate com.example.flow.ExampleFlow$Acceptor (version 1)
?[m?[31m[WARN] 12:35:50,546 [Test worker] internal.NodeFlowManager. - Multiple flows are registered for InitiatingFlow: class com.example.flow.ExampleFlow$Initiator, currently using: class com.example.flow.ExampleFlow$Acceptor
?[m?[37m[INFO] 12:35:50,546 [Test worker] internal.NodeFlowManager. - Registered com.example.flow.ExampleFlow$Initiator to initiate com.example.flow.ExampleFlow$Acceptor (version 1)
?[m?[31m[WARN] 12:35:51,207 [Mock network] corda.flow. - ProgressTracker has not been started {actor_id=Only For Testing, actor_owning_identity=O=Mock Company 1, L=London, C=GB, actor_store_id=TEST, fiber-id=10000008, flow-id=cecd21e3-27cc-47c7-b1b5-0fee5fa0e16b, invocation_id=08698197-8727-4ec9-b0f3-36f973880f30, invocation_timestamp=2019-04-12T15:35:50.547Z, origin=Only For Testing, session_id=08698197-8727-4ec9-b0f3-36f973880f30, session_timestamp=2019-04-12T15:35:50.547Z, thread-id=1320}
?[m?[37m[INFO] 12:35:51,236 [Mock network] corda.flow. - Received transaction acknowledgement request from party O=Mock Company 1, L=London, C=GB. {fiber-id=10000009, flow-id=5a2d88a2-71a9-487b-a30b-6888867c81db, invocation_id=e47ef5bd-5f23-4c87-bb53-d4303e512580, invocation_timestamp=2019-04-12T15:35:51.224Z, origin=O=Mock Company 1, L=London, C=GB, session_id=e47ef5bd-5f23-4c87-bb53-d4303e512580, session_timestamp=2019-04-12T15:35:51.224Z, thread-id=1320, tx_id=E4D1A19E72AB2F25F6BDF66F32289DBF5B065D06DD635F0B8042AD9E165884BA}
?[m?[31m[WARN] 12:35:51,236 [Mock network] corda.flow. - ProgressTracker has not been started {fiber-id=10000009, flow-id=5a2d88a2-71a9-487b-a30b-6888867c81db, invocation_id=e47ef5bd-5f23-4c87-bb53-d4303e512580, invocation_timestamp=2019-04-12T15:35:51.224Z, origin=O=Mock Company 1, L=London, C=GB, session_id=e47ef5bd-5f23-4c87-bb53-d4303e512580, session_timestamp=2019-04-12T15:35:51.224Z, thread-id=1320, tx_id=E4D1A19E72AB2F25F6BDF66F32289DBF5B065D06DD635F0B8042AD9E165884BA}
?[m?[37m[INFO] 12:35:51,244 [Mock network] corda.flow. - Transaction dependencies resolution completed. {fiber-id=10000009, flow-id=5a2d88a2-71a9-487b-a30b-6888867c81db, invocation_id=e47ef5bd-5f23-4c87-bb53-d4303e512580, invocation_timestamp=2019-04-12T15:35:51.224Z, origin=O=Mock Company 1, L=London, C=GB, session_id=e47ef5bd-5f23-4c87-bb53-d4303e512580, session_timestamp=2019-04-12T15:35:51.224Z, thread-id=1320, tx_id=E4D1A19E72AB2F25F6BDF66F32289DBF5B065D06DD635F0B8042AD9E165884BA}
?[m?[31m[WARN] 12:35:51,280 [Mock network] corda.flow. - ProgressTracker has not been started {fiber-id=10000009, flow-id=5a2d88a2-71a9-487b-a30b-6888867c81db, invocation_id=e47ef5bd-5f23-4c87-bb53-d4303e512580, invocation_timestamp=2019-04-12T15:35:51.224Z, origin=O=Mock Company 1, L=London, C=GB, session_id=e47ef5bd-5f23-4c87-bb53-d4303e512580, session_timestamp=2019-04-12T15:35:51.224Z, thread-id=1320, tx_id=E4D1A19E72AB2F25F6BDF66F32289DBF5B065D06DD635F0B8042AD9E165884BA}
?[m?[37m[INFO] 12:35:51,295 [Mock network] corda.flow. - No need to notarise this transaction. {actor_id=Only For Testing, actor_owning_identity=O=Mock Company 1, L=London, C=GB, actor_store_id=TEST, fiber-id=10000008, flow-id=cecd21e3-27cc-47c7-b1b5-0fee5fa0e16b, invocation_id=08698197-8727-4ec9-b0f3-36f973880f30, invocation_timestamp=2019-04-12T15:35:50.547Z, origin=Only For Testing, session_id=08698197-8727-4ec9-b0f3-36f973880f30, session_timestamp=2019-04-12T15:35:50.547Z, thread-id=1320, tx_id=E4D1A19E72AB2F25F6BDF66F32289DBF5B065D06DD635F0B8042AD9E165884BA}
?[m?[37m[INFO] 12:35:51,295 [Mock network] corda.flow. - Recording transaction locally. {actor_id=Only For Testing, actor_owning_identity=O=Mock Company 1, L=London, C=GB, actor_store_id=TEST, fiber-id=10000008, flow-id=cecd21e3-27cc-47c7-b1b5-0fee5fa0e16b, invocation_id=08698197-8727-4ec9-b0f3-36f973880f30, invocation_timestamp=2019-04-12T15:35:50.547Z, origin=Only For Testing, session_id=08698197-8727-4ec9-b0f3-36f973880f30, session_timestamp=2019-04-12T15:35:50.547Z, thread-id=1320, tx_id=E4D1A19E72AB2F25F6BDF66F32289DBF5B065D06DD635F0B8042AD9E165884BA}
?[m?[37m[INFO] 12:35:51,304 [Mock network] corda.flow. - Recorded transaction locally successfully. {actor_id=Only For Testing, actor_owning_identity=O=Mock Company 1, L=London, C=GB, actor_store_id=TEST, fiber-id=10000008, flow-id=cecd21e3-27cc-47c7-b1b5-0fee5fa0e16b, invocation_id=08698197-8727-4ec9-b0f3-36f973880f30, invocation_timestamp=2019-04-12T15:35:50.547Z, origin=Only For Testing, session_id=08698197-8727-4ec9-b0f3-36f973880f30, session_timestamp=2019-04-12T15:35:50.547Z, thread-id=1320, tx_id=E4D1A19E72AB2F25F6BDF66F32289DBF5B065D06DD635F0B8042AD9E165884BA}
?[m?[37m[INFO] 12:35:51,312 [Mock network] corda.flow. - Received transaction acknowledgement request from party O=Mock Company 1, L=London, C=GB. {fiber-id=10000009, flow-id=5a2d88a2-71a9-487b-a30b-6888867c81db, invocation_id=e47ef5bd-5f23-4c87-bb53-d4303e512580, invocation_timestamp=2019-04-12T15:35:51.224Z, origin=O=Mock Company 1, L=London, C=GB, session_id=e47ef5bd-5f23-4c87-bb53-d4303e512580, session_timestamp=2019-04-12T15:35:51.224Z, thread-id=1320, tx_id=E4D1A19E72AB2F25F6BDF66F32289DBF5B065D06DD635F0B8042AD9E165884BA}
?[m?[31m[WARN] 12:35:51,312 [Mock network] corda.flow. - ProgressTracker has not been started {fiber-id=10000009, flow-id=5a2d88a2-71a9-487b-a30b-6888867c81db, invocation_id=e47ef5bd-5f23-4c87-bb53-d4303e512580, invocation_timestamp=2019-04-12T15:35:51.224Z, origin=O=Mock Company 1, L=London, C=GB, session_id=e47ef5bd-5f23-4c87-bb53-d4303e512580, session_timestamp=2019-04-12T15:35:51.224Z, thread-id=1320, tx_id=E4D1A19E72AB2F25F6BDF66F32289DBF5B065D06DD635F0B8042AD9E165884BA}
?[m?[37m[INFO] 12:35:51,316 [Mock network] corda.flow. - Transaction dependencies resolution completed. {fiber-id=10000009, flow-id=5a2d88a2-71a9-487b-a30b-6888867c81db, invocation_id=e47ef5bd-5f23-4c87-bb53-d4303e512580, invocation_timestamp=2019-04-12T15:35:51.224Z, origin=O=Mock Company 1, L=London, C=GB, session_id=e47ef5bd-5f23-4c87-bb53-d4303e512580, session_timestamp=2019-04-12T15:35:51.224Z, thread-id=1320, tx_id=E4D1A19E72AB2F25F6BDF66F32289DBF5B065D06DD635F0B8042AD9E165884BA}
?[m?[37m[INFO] 12:35:51,320 [Mock network] corda.flow. - Successfully received fully signed tx. Sending it to the vault for processing. {fiber-id=10000009, flow-id=5a2d88a2-71a9-487b-a30b-6888867c81db, invocation_id=e47ef5bd-5f23-4c87-bb53-d4303e512580, invocation_timestamp=2019-04-12T15:35:51.224Z, origin=O=Mock Company 1, L=London, C=GB, session_id=e47ef5bd-5f23-4c87-bb53-d4303e512580, session_timestamp=2019-04-12T15:35:51.224Z, thread-id=1320, tx_id=E4D1A19E72AB2F25F6BDF66F32289DBF5B065D06DD635F0B8042AD9E165884BA}
?[m?[37m[INFO] 12:35:51,323 [Mock network] corda.flow. - Successfully recorded received transaction locally. {fiber-id=10000009, flow-id=5a2d88a2-71a9-487b-a30b-6888867c81db, invocation_id=e47ef5bd-5f23-4c87-bb53-d4303e512580, invocation_timestamp=2019-04-12T15:35:51.224Z, origin=O=Mock Company 1, L=London, C=GB, session_id=e47ef5bd-5f23-4c87-bb53-d4303e512580, session_timestamp=2019-04-12T15:35:51.224Z, thread-id=1320, tx_id=E4D1A19E72AB2F25F6BDF66F32289DBF5B065D06DD635F0B8042AD9E165884BA}
?[m?[37m[INFO] 12:35:51,329 [Mock network] corda.flow. - Party O=Mock Company 2, L=London, C=GB received the transaction. {actor_id=Only For Testing, actor_owning_identity=O=Mock Company 1, L=London, C=GB, actor_store_id=TEST, fiber-id=10000008, flow-id=cecd21e3-27cc-47c7-b1b5-0fee5fa0e16b, invocation_id=08698197-8727-4ec9-b0f3-36f973880f30, invocation_timestamp=2019-04-12T15:35:50.547Z, origin=Only For Testing, session_id=08698197-8727-4ec9-b0f3-36f973880f30, session_timestamp=2019-04-12T15:35:50.547Z, thread-id=1320, tx_id=E4D1A19E72AB2F25F6BDF66F32289DBF5B065D06DD635F0B8042AD9E165884BA}
?[m?[37m[INFO] 12:35:51,329 [Mock network] corda.flow. - All parties received the transaction successfully. {actor_id=Only For Testing, actor_owning_identity=O=Mock Company 1, L=London, C=GB, actor_store_id=TEST, fiber-id=10000008, flow-id=cecd21e3-27cc-47c7-b1b5-0fee5fa0e16b, invocation_id=08698197-8727-4ec9-b0f3-36f973880f30, invocation_timestamp=2019-04-12T15:35:50.547Z, origin=Only For Testing, session_id=08698197-8727-4ec9-b0f3-36f973880f30, session_timestamp=2019-04-12T15:35:50.547Z, thread-id=1320, tx_id=E4D1A19E72AB2F25F6BDF66F32289DBF5B065D06DD635F0B8042AD9E165884BA}
?[m?[37m[INFO] 12:35:51,335 [Test worker] pool.HikariPool. - HikariPool-13 - Close initiated...
?[m?[37m[INFO] 12:35:51,336 [Test worker] pool.HikariPool. - HikariPool-13 - Closed.
?[m?[37m[INFO] 12:35:51,337 [Test worker] pool.HikariPool. - HikariPool-14 - Close initiated...
?[m?[37m[INFO] 12:35:51,338 [Test worker] pool.HikariPool. - HikariPool-14 - Closed.
?[m?[37m[INFO] 12:35:51,339 [Test worker] pool.HikariPool. - HikariPool-15 - Close initiated...
?[m?[37m[INFO] 12:35:51,340 [Test worker] pool.HikariPool. - HikariPool-15 - Closed.
?[m?[37m[INFO] 12:35:51,412 [Test worker] cordapp.JarScanningCordappLoader. - Looking for CorDapps in [build\mock-network\20190412-153551.341\nodes\0\cordapps]
?[m?[37m[INFO] 12:35:51,413 [Test worker] cordapp.JarScanningCordappLoader. - Loading CorDapps from RestrictedURL(url=file:/C:/Users/Daniel/OneDrive/Documents/tokensdk/samples3/cordapp-example/workflows-kotlin/build/mock-network/20190412-153551.341/nodes/0/cordapps/cordapp-example-contracts-0.1.jar, rootPackageName=null), RestrictedURL(url=file:/C:/Users/Daniel/OneDrive/Documents/tokensdk/samples3/cordapp-example/workflows-kotlin/build/mock-network/20190412-153551.341/nodes/0/cordapps/cordapp-example-workflows-0.1.jar, rootPackageName=null)
?[m?[37m[INFO] 12:35:51,413 [Test worker] cordapp.JarScanningCordappLoader. - Scanning CorDapp in file:/C:/Users/Daniel/OneDrive/Documents/tokensdk/samples3/cordapp-example/workflows-kotlin/build/mock-network/20190412-153551.341/nodes/0/cordapps/cordapp-example-contracts-0.1.jar
?[m?[37m[INFO] 12:35:51,507 [Test worker] cordapp.JarScanningCordappLoader. - Found notary service CorDapp implementations: 
?[m?[37m[INFO] 12:35:51,507 [Test worker] cordapp.JarScanningCordappLoader. - Scanning CorDapp in file:/C:/Users/Daniel/OneDrive/Documents/tokensdk/samples3/cordapp-example/workflows-kotlin/build/mock-network/20190412-153551.341/nodes/0/cordapps/cordapp-example-workflows-0.1.jar
?[m?[37m[INFO] 12:35:51,587 [Test worker] cordapp.JarScanningCordappLoader. - Found notary service CorDapp implementations: 
?[m?[37m[INFO] 12:35:51,596 [Test worker] internal.InternalMockNetwork$MockNode. - Node starting up ...
?[m?[37m[INFO] 12:35:51,605 [Test worker] internal.NodeFlowManager. - Registered com.example.flow.ExampleFlow$Initiator to initiate com.example.flow.ExampleFlow$Acceptor (version 1)
?[m?[37m[INFO] 12:35:51,609 [Test worker] internal.InternalMockNetwork$MockNode. - Loaded network parameters: NetworkParameters {
      minimumPlatformVersion=1
      notaries=[NotaryInfo(identity=O=Notary Service, L=Zurich, C=CH, validating=true)]
      maxMessageSize=10485760
      maxTransactionSize=524288000
      whitelistedContractImplementations {
        
      }
      eventHorizon=PT720H
      packageOwnership {
        
      }
      modifiedTime=2019-04-12T15:35:51.341Z
      epoch=1
  }
?[m?[37m[INFO] 12:35:51,610 [Test worker] hikari.HikariDataSource. - HikariPool-16 - Started.
?[m?[37m[INFO] 12:35:51,755 [Test worker] liquibase. - Creating database history table with name: PUBLIC.DATABASECHANGELOG
?[m?[37m[INFO] 12:35:51,756 [Test worker] liquibase. - Reading from PUBLIC.DATABASECHANGELOG
?[m?[37m[INFO] 12:35:51,758 [Test worker] liquibase. - master.changelog.json: migration/common.changelog-init.xml::1511451595465-1.3::R3.Corda: Skipping changeSet migration/common.changelog-init.xml::1511451595465-1.3::R3.Corda due to validation error(s): minValue is not allowed on h2
?[m?[37m[INFO] 12:35:51,762 [Test worker] liquibase. - master.changelog.json: migration/vault-schema.changelog-pkey.xml::non-clustered_pk-11::R3.Corda: Skipping changeSet migration/vault-schema.changelog-pkey.xml::non-clustered_pk-11::R3.Corda due to validation error(s): clustered is not allowed on h2
?[m?[37m[INFO] 12:35:51,762 [Test worker] liquibase. - master.changelog.json: migration/vault-schema.changelog-pkey.xml::non-clustered_pk-12::R3.Corda: Skipping changeSet migration/vault-schema.changelog-pkey.xml::non-clustered_pk-12::R3.Corda due to validation error(s): clustered is not allowed on h2
?[m?[37m[INFO] 12:35:51,762 [Test worker] liquibase. - master.changelog.json: migration/vault-schema.changelog-pkey.xml::non-clustered_pk-13::R3.Corda: Skipping changeSet migration/vault-schema.changelog-pkey.xml::non-clustered_pk-13::R3.Corda due to validation error(s): clustered is not allowed on h2
?[m?[37m[INFO] 12:35:51,770 [Test worker] liquibase. - master.changelog.json: migration/node-core.changelog-pkey.xml::non-clustered_pk-1::R3.Corda: Skipping changeSet migration/node-core.changelog-pkey.xml::non-clustered_pk-1::R3.Corda due to validation error(s): clustered is not allowed on h2
?[m?[37m[INFO] 12:35:51,770 [Test worker] liquibase. - master.changelog.json: migration/node-core.changelog-pkey.xml::non-clustered_pk-2::R3.Corda: Skipping changeSet migration/node-core.changelog-pkey.xml::non-clustered_pk-2::R3.Corda due to validation error(s): clustered is not allowed on h2
?[m?[37m[INFO] 12:35:51,771 [Test worker] liquibase. - master.changelog.json: migration/node-core.changelog-pkey.xml::non-clustered_pk-3::R3.Corda: Skipping changeSet migration/node-core.changelog-pkey.xml::non-clustered_pk-3::R3.Corda due to validation error(s): clustered is not allowed on h2
?[m?[37m[INFO] 12:35:51,771 [Test worker] liquibase. - master.changelog.json: migration/node-core.changelog-pkey.xml::non-clustered_pk-4::R3.Corda: Skipping changeSet migration/node-core.changelog-pkey.xml::non-clustered_pk-4::R3.Corda due to validation error(s): clustered is not allowed on h2
?[m?[37m[INFO] 12:35:51,771 [Test worker] liquibase. - master.changelog.json: migration/node-core.changelog-pkey.xml::non-clustered_pk-5::R3.Corda: Skipping changeSet migration/node-core.changelog-pkey.xml::non-clustered_pk-5::R3.Corda due to validation error(s): clustered is not allowed on h2
?[m?[37m[INFO] 12:35:51,771 [Test worker] liquibase. - master.changelog.json: migration/node-core.changelog-pkey.xml::non-clustered_pk-6::R3.Corda: Skipping changeSet migration/node-core.changelog-pkey.xml::non-clustered_pk-6::R3.Corda due to validation error(s): clustered is not allowed on h2
?[m?[37m[INFO] 12:35:51,771 [Test worker] liquibase. - master.changelog.json: migration/node-core.changelog-pkey.xml::non-clustered_pk-7::R3.Corda: Skipping changeSet migration/node-core.changelog-pkey.xml::non-clustered_pk-7::R3.Corda due to validation error(s): clustered is not allowed on h2
?[m?[37m[INFO] 12:35:51,773 [Test worker] liquibase. - master.changelog.json: migration/node-notary.changelog-pkey.xml::non-clustered_pk-notary_state::R3.Corda: Skipping changeSet migration/node-notary.changelog-pkey.xml::non-clustered_pk-notary_state::R3.Corda due to validation error(s): clustered is not allowed on h2
?[m?[37m[INFO] 12:35:51,775 [Test worker] liquibase. - Successfully acquired change log lock
?[m?[37m[INFO] 12:35:51,775 [Test worker] liquibase. - master.changelog.json: migration/common.changelog-init.xml::1511451595465-1.3::R3.Corda: Skipping changeSet migration/common.changelog-init.xml::1511451595465-1.3::R3.Corda due to validation error(s): minValue is not allowed on h2
?[m?[37m[INFO] 12:35:51,776 [Test worker] liquibase. - master.changelog.json: migration/vault-schema.changelog-pkey.xml::non-clustered_pk-11::R3.Corda: Skipping changeSet migration/vault-schema.changelog-pkey.xml::non-clustered_pk-11::R3.Corda due to validation error(s): clustered is not allowed on h2
?[m?[37m[INFO] 12:35:51,776 [Test worker] liquibase. - master.changelog.json: migration/vault-schema.changelog-pkey.xml::non-clustered_pk-12::R3.Corda: Skipping changeSet migration/vault-schema.changelog-pkey.xml::non-clustered_pk-12::R3.Corda due to validation error(s): clustered is not allowed on h2
?[m?[37m[INFO] 12:35:51,776 [Test worker] liquibase. - master.changelog.json: migration/vault-schema.changelog-pkey.xml::non-clustered_pk-13::R3.Corda: Skipping changeSet migration/vault-schema.changelog-pkey.xml::non-clustered_pk-13::R3.Corda due to validation error(s): clustered is not allowed on h2
?[m?[37m[INFO] 12:35:51,779 [Test worker] liquibase. - master.changelog.json: migration/node-core.changelog-pkey.xml::non-clustered_pk-1::R3.Corda: Skipping changeSet migration/node-core.changelog-pkey.xml::non-clustered_pk-1::R3.Corda due to validation error(s): clustered is not allowed on h2
?[m?[37m[INFO] 12:35:51,779 [Test worker] liquibase. - master.changelog.json: migration/node-core.changelog-pkey.xml::non-clustered_pk-2::R3.Corda: Skipping changeSet migration/node-core.changelog-pkey.xml::non-clustered_pk-2::R3.Corda due to validation error(s): clustered is not allowed on h2
?[m?[37m[INFO] 12:35:51,779 [Test worker] liquibase. - master.changelog.json: migration/node-core.changelog-pkey.xml::non-clustered_pk-3::R3.Corda: Skipping changeSet migration/node-core.changelog-pkey.xml::non-clustered_pk-3::R3.Corda due to validation error(s): clustered is not allowed on h2
?[m?[37m[INFO] 12:35:51,779 [Test worker] liquibase. - master.changelog.json: migration/node-core.changelog-pkey.xml::non-clustered_pk-4::R3.Corda: Skipping changeSet migration/node-core.changelog-pkey.xml::non-clustered_pk-4::R3.Corda due to validation error(s): clustered is not allowed on h2
?[m?[37m[INFO] 12:35:51,779 [Test worker] liquibase. - master.changelog.json: migration/node-core.changelog-pkey.xml::non-clustered_pk-5::R3.Corda: Skipping changeSet migration/node-core.changelog-pkey.xml::non-clustered_pk-5::R3.Corda due to validation error(s): clustered is not allowed on h2
?[m?[37m[INFO] 12:35:51,779 [Test worker] liquibase. - master.changelog.json: migration/node-core.changelog-pkey.xml::non-clustered_pk-6::R3.Corda: Skipping changeSet migration/node-core.changelog-pkey.xml::non-clustered_pk-6::R3.Corda due to validation error(s): clustered is not allowed on h2
?[m?[37m[INFO] 12:35:51,779 [Test worker] liquibase. - master.changelog.json: migration/node-core.changelog-pkey.xml::non-clustered_pk-7::R3.Corda: Skipping changeSet migration/node-core.changelog-pkey.xml::non-clustered_pk-7::R3.Corda due to validation error(s): clustered is not allowed on h2
?[m?[37m[INFO] 12:35:51,780 [Test worker] liquibase. - master.changelog.json: migration/node-notary.changelog-pkey.xml::non-clustered_pk-notary_state::R3.Corda: Skipping changeSet migration/node-notary.changelog-pkey.xml::non-clustered_pk-notary_state::R3.Corda due to validation error(s): clustered is not allowed on h2
?[m?[37m[INFO] 12:35:51,780 [Test worker] liquibase. - master.changelog.json: migration/common.changelog-init.xml::1511451595465-1.1::R3.Corda: Sequence hibernate_sequence created
?[m?[37m[INFO] 12:35:51,780 [Test worker] liquibase. - master.changelog.json: migration/common.changelog-init.xml::1511451595465-1.1::R3.Corda: ChangeSet migration/common.changelog-init.xml::1511451595465-1.1::R3.Corda ran successfully in 0ms
?[m?[37m[INFO] 12:35:51,782 [Test worker] liquibase. - master.changelog.json: migration/vault-schema.changelog-init.xml::1511451595465-22::R3.Corda: Table vault_fungible_states created
?[m?[37m[INFO] 12:35:51,782 [Test worker] liquibase. - master.changelog.json: migration/vault-schema.changelog-init.xml::1511451595465-22::R3.Corda: ChangeSet migration/vault-schema.changelog-init.xml::1511451595465-22::R3.Corda ran successfully in 1ms
?[m?[37m[INFO] 12:35:51,782 [Test worker] liquibase. - master.changelog.json: migration/vault-schema.changelog-init.xml::1511451595465-23::R3.Corda: Table vault_fungible_states_parts created
?[m?[37m[INFO] 12:35:51,782 [Test worker] liquibase. - master.changelog.json: migration/vault-schema.changelog-init.xml::1511451595465-23::R3.Corda: ChangeSet migration/vault-schema.changelog-init.xml::1511451595465-23::R3.Corda ran successfully in 0ms
?[m?[37m[INFO] 12:35:51,783 [Test worker] liquibase. - master.changelog.json: migration/vault-schema.changelog-init.xml::1511451595465-24::R3.Corda: Table vault_linear_states created
?[m?[37m[INFO] 12:35:51,783 [Test worker] liquibase. - master.changelog.json: migration/vault-schema.changelog-init.xml::1511451595465-24::R3.Corda: ChangeSet migration/vault-schema.changelog-init.xml::1511451595465-24::R3.Corda ran successfully in 0ms
?[m?[37m[INFO] 12:35:51,784 [Test worker] liquibase. - master.changelog.json: migration/vault-schema.changelog-init.xml::1511451595465-25::R3.Corda: Table vault_linear_states_parts created
?[m?[37m[INFO] 12:35:51,784 [Test worker] liquibase. - master.changelog.json: migration/vault-schema.changelog-init.xml::1511451595465-25::R3.Corda: ChangeSet migration/vault-schema.changelog-init.xml::1511451595465-25::R3.Corda ran successfully in 0ms
?[m?[37m[INFO] 12:35:51,785 [Test worker] liquibase. - master.changelog.json: migration/vault-schema.changelog-init.xml::1511451595465-26::R3.Corda: Table vault_states created
?[m?[37m[INFO] 12:35:51,785 [Test worker] liquibase. - master.changelog.json: migration/vault-schema.changelog-init.xml::1511451595465-26::R3.Corda: ChangeSet migration/vault-schema.changelog-init.xml::1511451595465-26::R3.Corda ran successfully in 0ms
?[m?[37m[INFO] 12:35:51,786 [Test worker] liquibase. - master.changelog.json: migration/vault-schema.changelog-init.xml::1511451595465-27::R3.Corda: Table vault_transaction_notes created
?[m?[37m[INFO] 12:35:51,786 [Test worker] liquibase. - master.changelog.json: migration/vault-schema.changelog-init.xml::1511451595465-27::R3.Corda: ChangeSet migration/vault-schema.changelog-init.xml::1511451595465-27::R3.Corda ran successfully in 1ms
?[m?[37m[INFO] 12:35:51,786 [Test worker] liquibase. - master.changelog.json: migration/vault-schema.changelog-init.xml::1511451595465-47::R3.Corda: Primary key added to vault_fungible_states (output_index, transaction_id)
?[m?[37m[INFO] 12:35:51,786 [Test worker] liquibase. - master.changelog.json: migration/vault-schema.changelog-init.xml::1511451595465-47::R3.Corda: ChangeSet migration/vault-schema.changelog-init.xml::1511451595465-47::R3.Corda ran successfully in 0ms
?[m?[37m[INFO] 12:35:51,787 [Test worker] liquibase. - master.changelog.json: migration/vault-schema.changelog-init.xml::1511451595465-48::R3.Corda: Primary key added to vault_linear_states (output_index, transaction_id)
?[m?[37m[INFO] 12:35:51,787 [Test worker] liquibase. - master.changelog.json: migration/vault-schema.changelog-init.xml::1511451595465-48::R3.Corda: ChangeSet migration/vault-schema.changelog-init.xml::1511451595465-48::R3.Corda ran successfully in 0ms
?[m?[37m[INFO] 12:35:51,788 [Test worker] liquibase. - master.changelog.json: migration/vault-schema.changelog-init.xml::1511451595465-49::R3.Corda: Primary key added to vault_states (output_index, transaction_id)
?[m?[37m[INFO] 12:35:51,788 [Test worker] liquibase. - master.changelog.json: migration/vault-schema.changelog-init.xml::1511451595465-49::R3.Corda: ChangeSet migration/vault-schema.changelog-init.xml::1511451595465-49::R3.Corda ran successfully in 0ms
?[m?[37m[INFO] 12:35:51,789 [Test worker] liquibase. - master.changelog.json: migration/vault-schema.changelog-init.xml::1511451595465-50::R3.Corda: Primary key added to vault_transaction_notes (seq_no)
?[m?[37m[INFO] 12:35:51,789 [Test worker] liquibase. - master.changelog.json: migration/vault-schema.changelog-init.xml::1511451595465-50::R3.Corda: ChangeSet migration/vault-schema.changelog-init.xml::1511451595465-50::R3.Corda ran successfully in 0ms
?[m?[37m[INFO] 12:35:51,790 [Test worker] liquibase. - master.changelog.json: migration/vault-schema.changelog-init.xml::1511451595465-53::R3.Corda: Index external_id_index created
?[m?[37m[INFO] 12:35:51,790 [Test worker] liquibase. - master.changelog.json: migration/vault-schema.changelog-init.xml::1511451595465-53::R3.Corda: ChangeSet migration/vault-schema.changelog-init.xml::1511451595465-53::R3.Corda ran successfully in 0ms
?[m?[37m[INFO] 12:35:51,791 [Test worker] liquibase. - master.changelog.json: migration/vault-schema.changelog-init.xml::1511451595465-55::R3.Corda: Index lock_id_idx created
?[m?[37m[INFO] 12:35:51,791 [Test worker] liquibase. - master.changelog.json: migration/vault-schema.changelog-init.xml::1511451595465-55::R3.Corda: ChangeSet migration/vault-schema.changelog-init.xml::1511451595465-55::R3.Corda ran successfully in 0ms
?[m?[37m[INFO] 12:35:51,792 [Test worker] liquibase. - master.changelog.json: migration/vault-schema.changelog-init.xml::1511451595465-58::R3.Corda: Index state_status_idx created
?[m?[37m[INFO] 12:35:51,792 [Test worker] liquibase. - master.changelog.json: migration/vault-schema.changelog-init.xml::1511451595465-58::R3.Corda: ChangeSet migration/vault-schema.changelog-init.xml::1511451595465-58::R3.Corda ran successfully in 0ms
?[m?[37m[INFO] 12:35:51,793 [Test worker] liquibase. - master.changelog.json: migration/vault-schema.changelog-init.xml::1511451595465-59::R3.Corda: Index transaction_id_index created
?[m?[37m[INFO] 12:35:51,793 [Test worker] liquibase. - master.changelog.json: migration/vault-schema.changelog-init.xml::1511451595465-59::R3.Corda: ChangeSet migration/vault-schema.changelog-init.xml::1511451595465-59::R3.Corda ran successfully in 0ms
?[m?[37m[INFO] 12:35:51,794 [Test worker] liquibase. - master.changelog.json: migration/vault-schema.changelog-init.xml::1511451595465-60::R3.Corda: Index uuid_index created
?[m?[37m[INFO] 12:35:51,794 [Test worker] liquibase. - master.changelog.json: migration/vault-schema.changelog-init.xml::1511451595465-60::R3.Corda: ChangeSet migration/vault-schema.changelog-init.xml::1511451595465-60::R3.Corda ran successfully in 0ms
?[m?[37m[INFO] 12:35:51,795 [Test worker] liquibase. - master.changelog.json: migration/vault-schema.changelog-init.xml::1511451595465-64::R3.Corda: Foreign key constraint added to vault_fungible_states_parts (output_index,transaction_id)
?[m?[37m[INFO] 12:35:51,795 [Test worker] liquibase. - master.changelog.json: migration/vault-schema.changelog-init.xml::1511451595465-64::R3.Corda: ChangeSet migration/vault-schema.changelog-init.xml::1511451595465-64::R3.Corda ran successfully in 1ms
?[m?[37m[INFO] 12:35:51,796 [Test worker] liquibase. - master.changelog.json: migration/vault-schema.changelog-init.xml::1511451595465-65::R3.Corda: Foreign key constraint added to vault_linear_states_parts (output_index,transaction_id)
?[m?[37m[INFO] 12:35:51,796 [Test worker] liquibase. - master.changelog.json: migration/vault-schema.changelog-init.xml::1511451595465-65::R3.Corda: ChangeSet migration/vault-schema.changelog-init.xml::1511451595465-65::R3.Corda ran successfully in 0ms
?[m?[37m[INFO] 12:35:51,797 [Test worker] liquibase. - master.changelog.json: migration/vault-schema.changelog-v3.xml::clean_vault::R3.Corda: Data deleted from vault_fungible_states_parts
?[m?[37m[INFO] 12:35:51,797 [Test worker] liquibase. - master.changelog.json: migration/vault-schema.changelog-v3.xml::clean_vault::R3.Corda: Data deleted from vault_fungible_states
?[m?[37m[INFO] 12:35:51,797 [Test worker] liquibase. - master.changelog.json: migration/vault-schema.changelog-v3.xml::clean_vault::R3.Corda: Data deleted from vault_linear_states_parts
?[m?[37m[INFO] 12:35:51,797 [Test worker] liquibase. - master.changelog.json: migration/vault-schema.changelog-v3.xml::clean_vault::R3.Corda: Data deleted from vault_linear_states
?[m?[37m[INFO] 12:35:51,797 [Test worker] liquibase. - master.changelog.json: migration/vault-schema.changelog-v3.xml::clean_vault::R3.Corda: Data deleted from vault_states
?[m?[37m[INFO] 12:35:51,797 [Test worker] liquibase. - master.changelog.json: migration/vault-schema.changelog-v3.xml::clean_vault::R3.Corda: Data deleted from vault_transaction_notes
?[m?[37m[INFO] 12:35:51,797 [Test worker] liquibase. - master.changelog.json: migration/vault-schema.changelog-v3.xml::clean_vault::R3.Corda: ChangeSet migration/vault-schema.changelog-v3.xml::clean_vault::R3.Corda ran successfully in 0ms
?[m?[37m[INFO] 12:35:51,798 [Test worker] liquibase. - master.changelog.json: migration/vault-schema.changelog-v4.xml::nullability::R3.Corda: Null constraint has been added to vault_fungible_states.quantity
?[m?[37m[INFO] 12:35:51,799 [Test worker] liquibase. - master.changelog.json: migration/vault-schema.changelog-v4.xml::nullability::R3.Corda: Null constraint has been added to vault_states.contract_state_class_name
?[m?[37m[INFO] 12:35:51,799 [Test worker] liquibase. - master.changelog.json: migration/vault-schema.changelog-v4.xml::nullability::R3.Corda: Null constraint has been added to vault_states.notary_name
?[m?[37m[INFO] 12:35:51,799 [Test worker] liquibase. - master.changelog.json: migration/vault-schema.changelog-v4.xml::nullability::R3.Corda: Null constraint has been added to vault_states.recorded_timestamp
?[m?[37m[INFO] 12:35:51,799 [Test worker] liquibase. - master.changelog.json: migration/vault-schema.changelog-v4.xml::nullability::R3.Corda: Index state_status_idx dropped from table vault_states
?[m?[37m[INFO] 12:35:51,799 [Test worker] liquibase. - master.changelog.json: migration/vault-schema.changelog-v4.xml::nullability::R3.Corda: Index lock_id_idx dropped from table vault_states
?[m?[37m[INFO] 12:35:51,799 [Test worker] liquibase. - master.changelog.json: migration/vault-schema.changelog-v4.xml::nullability::R3.Corda: Null constraint has been added to vault_states.state_status
?[m?[37m[INFO] 12:35:51,799 [Test worker] liquibase. - master.changelog.json: migration/vault-schema.changelog-v4.xml::nullability::R3.Corda: Index state_status_idx created
?[m?[37m[INFO] 12:35:51,799 [Test worker] liquibase. - master.changelog.json: migration/vault-schema.changelog-v4.xml::nullability::R3.Corda: Index lock_id_idx created
?[m?[37m[INFO] 12:35:51,799 [Test worker] liquibase. - master.changelog.json: migration/vault-schema.changelog-v4.xml::nullability::R3.Corda: Index transaction_id_index dropped from table vault_transaction_notes
?[m?[37m[INFO] 12:35:51,799 [Test worker] liquibase. - master.changelog.json: migration/vault-schema.changelog-v4.xml::nullability::R3.Corda: Null constraint has been added to vault_transaction_notes.note
?[m?[37m[INFO] 12:35:51,800 [Test worker] liquibase. - master.changelog.json: migration/vault-schema.changelog-v4.xml::nullability::R3.Corda: Null constraint has been added to vault_transaction_notes.transaction_id
?[m?[37m[INFO] 12:35:51,800 [Test worker] liquibase. - master.changelog.json: migration/vault-schema.changelog-v4.xml::nullability::R3.Corda: Index transaction_id_index created
?[m?[37m[INFO] 12:35:51,800 [Test worker] liquibase. - master.changelog.json: migration/vault-schema.changelog-v4.xml::nullability::R3.Corda: ChangeSet migration/vault-schema.changelog-v4.xml::nullability::R3.Corda ran successfully in 2ms
?[m?[37m[INFO] 12:35:51,806 [Test worker] liquibase. - master.changelog.json: migration/vault-schema.changelog-v5.xml::add_relevancy_status_column::R3.Corda: Columns relevancy_status(INT) added to vault_states
?[m?[37m[INFO] 12:35:51,806 [Test worker] liquibase. - master.changelog.json: migration/vault-schema.changelog-v5.xml::add_relevancy_status_column::R3.Corda: Data updated in vault_states
?[m?[37m[INFO] 12:35:51,806 [Test worker] liquibase. - master.changelog.json: migration/vault-schema.changelog-v5.xml::add_relevancy_status_column::R3.Corda: Null constraint has been added to vault_states.relevancy_status
?[m?[37m[INFO] 12:35:51,806 [Test worker] liquibase. - master.changelog.json: migration/vault-schema.changelog-v5.xml::add_relevancy_status_column::R3.Corda: ChangeSet migration/vault-schema.changelog-v5.xml::add_relevancy_status_column::R3.Corda ran successfully in 2ms
?[m?[37m[INFO] 12:35:51,808 [Test worker] liquibase. - master.changelog.json: migration/vault-schema.changelog-v6.xml::add_is_constraint_information_columns::R3.Corda: Columns constraint_type(INT) added to vault_states
?[m?[37m[INFO] 12:35:51,808 [Test worker] liquibase. - master.changelog.json: migration/vault-schema.changelog-v6.xml::add_is_constraint_information_columns::R3.Corda: Columns constraint_data(varbinary(563)) added to vault_states
?[m?[37m[INFO] 12:35:51,808 [Test worker] liquibase. - master.changelog.json: migration/vault-schema.changelog-v6.xml::add_is_constraint_information_columns::R3.Corda: ChangeSet migration/vault-schema.changelog-v6.xml::add_is_constraint_information_columns::R3.Corda ran successfully in 1ms
?[m?[37m[INFO] 12:35:51,809 [Test worker] liquibase. - master.changelog.json: migration/vault-schema.changelog-v7.xml::make_issuer_ref_nullable::R3.Corda: Null constraint dropped from vault_fungible_states.issuer_ref
?[m?[37m[INFO] 12:35:51,809 [Test worker] liquibase. - master.changelog.json: migration/vault-schema.changelog-v7.xml::make_issuer_ref_nullable::R3.Corda: ChangeSet migration/vault-schema.changelog-v7.xml::make_issuer_ref_nullable::R3.Corda ran successfully in 0ms
?[m?[37m[INFO] 12:35:51,810 [Test worker] liquibase. - master.changelog.json: migration/vault-schema.changelog-v8.xml::create-external-id-to-state-party-view::R3.Corda: Table state_party created
?[m?[37m[INFO] 12:35:51,810 [Test worker] liquibase. - master.changelog.json: migration/vault-schema.changelog-v8.xml::create-external-id-to-state-party-view::R3.Corda: Index state_pk_hash_idx created
?[m?[37m[INFO] 12:35:51,811 [Test worker] liquibase. - master.changelog.json: migration/vault-schema.changelog-v8.xml::create-external-id-to-state-party-view::R3.Corda: Table pk_hash_to_ext_id_map created
?[m?[37m[INFO] 12:35:51,811 [Test worker] liquibase. - master.changelog.json: migration/vault-schema.changelog-v8.xml::create-external-id-to-state-party-view::R3.Corda: Index pk_hash_to_xid_idx created
?[m?[37m[INFO] 12:35:51,812 [Test worker] liquibase. - master.changelog.json: migration/vault-schema.changelog-v8.xml::create-external-id-to-state-party-view::R3.Corda: View v_pkey_hash_ex_id_map created
?[m?[37m[INFO] 12:35:51,812 [Test worker] liquibase. - master.changelog.json: migration/vault-schema.changelog-v8.xml::create-external-id-to-state-party-view::R3.Corda: ChangeSet migration/vault-schema.changelog-v8.xml::create-external-id-to-state-party-view::R3.Corda ran successfully in 2ms
?[m?[37m[INFO] 12:35:51,813 [Test worker] liquibase. - master.changelog.json: migration/node-info.changelog-init.xml::1511451595465-4::R3.Corda: Table node_link_nodeinfo_party created
?[m?[37m[INFO] 12:35:51,813 [Test worker] liquibase. - master.changelog.json: migration/node-info.changelog-init.xml::1511451595465-4::R3.Corda: ChangeSet migration/node-info.changelog-init.xml::1511451595465-4::R3.Corda ran successfully in 0ms
?[m?[37m[INFO] 12:35:51,814 [Test worker] liquibase. - master.changelog.json: migration/node-info.changelog-init.xml::1511451595465-10::R3.Corda: Table node_info_hosts created
?[m?[37m[INFO] 12:35:51,814 [Test worker] liquibase. - master.changelog.json: migration/node-info.changelog-init.xml::1511451595465-10::R3.Corda: ChangeSet migration/node-info.changelog-init.xml::1511451595465-10::R3.Corda ran successfully in 0ms
?[m?[37m[INFO] 12:35:51,815 [Test worker] liquibase. - master.changelog.json: migration/node-info.changelog-init.xml::1511451595465-11::R3.Corda: Table node_info_party_cert created
?[m?[37m[INFO] 12:35:51,815 [Test worker] liquibase. - master.changelog.json: migration/node-info.changelog-init.xml::1511451595465-11::R3.Corda: ChangeSet migration/node-info.changelog-init.xml::1511451595465-11::R3.Corda ran successfully in 0ms
?[m?[37m[INFO] 12:35:51,816 [Test worker] liquibase. - master.changelog.json: migration/node-info.changelog-init.xml::1511451595465-12::R3.Corda: Table node_infos created
?[m?[37m[INFO] 12:35:51,816 [Test worker] liquibase. - master.changelog.json: migration/node-info.changelog-init.xml::1511451595465-12::R3.Corda: ChangeSet migration/node-info.changelog-init.xml::1511451595465-12::R3.Corda ran successfully in 0ms
?[m?[37m[INFO] 12:35:51,817 [Test worker] liquibase. - master.changelog.json: migration/node-info.changelog-init.xml::1511451595465-35::R3.Corda: Primary key added to node_info_hosts (host, port)
?[m?[37m[INFO] 12:35:51,817 [Test worker] liquibase. - master.changelog.json: migration/node-info.changelog-init.xml::1511451595465-35::R3.Corda: ChangeSet migration/node-info.changelog-init.xml::1511451595465-35::R3.Corda ran successfully in 0ms
?[m?[37m[INFO] 12:35:51,818 [Test worker] liquibase. - master.changelog.json: migration/node-info.changelog-init.xml::1511451595465-36::R3.Corda: Primary key added to node_info_party_cert (party_name)
?[m?[37m[INFO] 12:35:51,818 [Test worker] liquibase. - master.changelog.json: migration/node-info.changelog-init.xml::1511451595465-36::R3.Corda: ChangeSet migration/node-info.changelog-init.xml::1511451595465-36::R3.Corda ran successfully in 0ms
?[m?[37m[INFO] 12:35:51,819 [Test worker] liquibase. - master.changelog.json: migration/node-info.changelog-init.xml::1511451595465-37::R3.Corda: Primary key added to node_infos (node_info_id)
?[m?[37m[INFO] 12:35:51,819 [Test worker] liquibase. - master.changelog.json: migration/node-info.changelog-init.xml::1511451595465-37::R3.Corda: ChangeSet migration/node-info.changelog-init.xml::1511451595465-37::R3.Corda ran successfully in 1ms
?[m?[37m[INFO] 12:35:51,820 [Test worker] liquibase. - master.changelog.json: migration/node-info.changelog-init.xml::1511451595465-62::R3.Corda: Foreign key constraint added to node_link_nodeinfo_party (node_info_id)
?[m?[37m[INFO] 12:35:51,820 [Test worker] liquibase. - master.changelog.json: migration/node-info.changelog-init.xml::1511451595465-62::R3.Corda: ChangeSet migration/node-info.changelog-init.xml::1511451595465-62::R3.Corda ran successfully in 1ms
?[m?[37m[INFO] 12:35:51,821 [Test worker] liquibase. - master.changelog.json: migration/node-info.changelog-init.xml::1511451595465-63::R3.Corda: Foreign key constraint added to node_info_hosts (node_info_id)
?[m?[37m[INFO] 12:35:51,821 [Test worker] liquibase. - master.changelog.json: migration/node-info.changelog-init.xml::1511451595465-63::R3.Corda: ChangeSet migration/node-info.changelog-init.xml::1511451595465-63::R3.Corda ran successfully in 0ms
?[m?[37m[INFO] 12:35:51,822 [Test worker] liquibase. - master.changelog.json: migration/node-info.changelog-init.xml::remove_host_port_pk::R3.Corda: Data deleted from node_infos
?[m?[37m[INFO] 12:35:51,822 [Test worker] liquibase. - master.changelog.json: migration/node-info.changelog-init.xml::remove_host_port_pk::R3.Corda: Data deleted from node_link_nodeinfo_party
?[m?[37m[INFO] 12:35:51,822 [Test worker] liquibase. - master.changelog.json: migration/node-info.changelog-init.xml::remove_host_port_pk::R3.Corda: Data deleted from node_info_hosts
?[m?[37m[INFO] 12:35:51,823 [Test worker] liquibase. - master.changelog.json: migration/node-info.changelog-init.xml::remove_host_port_pk::R3.Corda: Data deleted from node_info_party_cert
?[m?[37m[INFO] 12:35:51,823 [Test worker] liquibase. - master.changelog.json: migration/node-info.changelog-init.xml::remove_host_port_pk::R3.Corda: Primary key dropped from node_info_hosts
?[m?[37m[INFO] 12:35:51,823 [Test worker] liquibase. - master.changelog.json: migration/node-info.changelog-init.xml::remove_host_port_pk::R3.Corda: Columns hosts_id(INT) added to node_info_hosts
?[m?[37m[INFO] 12:35:51,824 [Test worker] liquibase. - master.changelog.json: migration/node-info.changelog-init.xml::remove_host_port_pk::R3.Corda: Primary key added to node_info_hosts (hosts_id)
?[m?[37m[INFO] 12:35:51,824 [Test worker] liquibase. - master.changelog.json: migration/node-info.changelog-init.xml::remove_host_port_pk::R3.Corda: ChangeSet migration/node-info.changelog-init.xml::remove_host_port_pk::R3.Corda ran successfully in 2ms
?[m?[37m[INFO] 12:35:51,825 [Test worker] liquibase. - master.changelog.json: migration/node-info.changelog-v1.xml::key/value node properties table::R3.Corda: Table node_properties created
?[m?[37m[INFO] 12:35:51,825 [Test worker] liquibase. - master.changelog.json: migration/node-info.changelog-v1.xml::key/value node properties table::R3.Corda: ChangeSet migration/node-info.changelog-v1.xml::key/value node properties table::R3.Corda ran successfully in 1ms
?[m?[37m[INFO] 12:35:51,826 [Test worker] liquibase. - master.changelog.json: migration/node-info.changelog-v2.xml::1525962920::R3.Corda: Null constraint has been added to node_infos.node_info_hash
?[m?[37m[INFO] 12:35:51,826 [Test worker] liquibase. - master.changelog.json: migration/node-info.changelog-v2.xml::1525962920::R3.Corda: Null constraint has been added to node_infos.platform_version
?[m?[37m[INFO] 12:35:51,826 [Test worker] liquibase. - master.changelog.json: migration/node-info.changelog-v2.xml::1525962920::R3.Corda: Null constraint has been added to node_infos.serial
?[m?[37m[INFO] 12:35:51,826 [Test worker] liquibase. - master.changelog.json: migration/node-info.changelog-v2.xml::1525962920::R3.Corda: Null constraint dropped from node_info_hosts.host
?[m?[37m[INFO] 12:35:51,826 [Test worker] liquibase. - master.changelog.json: migration/node-info.changelog-v2.xml::1525962920::R3.Corda: Null constraint dropped from node_info_hosts.port
?[m?[37m[INFO] 12:35:51,826 [Test worker] liquibase. - master.changelog.json: migration/node-info.changelog-v2.xml::1525962920::R3.Corda: Null constraint has been added to node_info_party_cert.owning_key_hash
?[m?[37m[INFO] 12:35:51,826 [Test worker] liquibase. - master.changelog.json: migration/node-info.changelog-v2.xml::1525962920::R3.Corda: Null constraint has been added to node_info_party_cert.party_cert_binary
?[m?[37m[INFO] 12:35:51,826 [Test worker] liquibase. - master.changelog.json: migration/node-info.changelog-v2.xml::1525962920::R3.Corda: ChangeSet migration/node-info.changelog-v2.xml::1525962920::R3.Corda ran successfully in 1ms
?[m?[37m[INFO] 12:35:51,827 [Test worker] liquibase. - master.changelog.json: migration/node-info.changelog-v3.xml::column_host_name::R3.Corda: Column node_info_hosts.host renamed to host_name
?[m?[37m[INFO] 12:35:51,827 [Test worker] liquibase. - master.changelog.json: migration/node-info.changelog-v3.xml::column_host_name::R3.Corda: ChangeSet migration/node-info.changelog-v3.xml::column_host_name::R3.Corda ran successfully in 0ms
?[m?[37m[INFO] 12:35:51,828 [Test worker] liquibase. - master.changelog.json: migration/node-services.changelog-init.xml::1511451595465-5::R3.Corda: Table node_attachments created
?[m?[37m[INFO] 12:35:51,828 [Test worker] liquibase. - master.changelog.json: migration/node-services.changelog-init.xml::1511451595465-5::R3.Corda: ChangeSet migration/node-services.changelog-init.xml::1511451595465-5::R3.Corda ran successfully in 0ms
?[m?[37m[INFO] 12:35:51,829 [Test worker] liquibase. - master.changelog.json: migration/node-services.changelog-init.xml::1511451595465-7::R3.Corda: Table node_checkpoints created
?[m?[37m[INFO] 12:35:51,829 [Test worker] liquibase. - master.changelog.json: migration/node-services.changelog-init.xml::1511451595465-7::R3.Corda: ChangeSet migration/node-services.changelog-init.xml::1511451595465-7::R3.Corda ran successfully in 0ms
?[m?[37m[INFO] 12:35:51,830 [Test worker] liquibase. - master.changelog.json: migration/node-services.changelog-init.xml::1511451595465-8::R3.Corda: Table node_contract_upgrades created
?[m?[37m[INFO] 12:35:51,830 [Test worker] liquibase. - master.changelog.json: migration/node-services.changelog-init.xml::1511451595465-8::R3.Corda: ChangeSet migration/node-services.changelog-init.xml::1511451595465-8::R3.Corda ran successfully in 0ms
?[m?[37m[INFO] 12:35:51,831 [Test worker] liquibase. - master.changelog.json: migration/node-services.changelog-init.xml::1511451595465-9::R3.Corda: Table node_identities created
?[m?[37m[INFO] 12:35:51,831 [Test worker] liquibase. - master.changelog.json: migration/node-services.changelog-init.xml::1511451595465-9::R3.Corda: ChangeSet migration/node-services.changelog-init.xml::1511451595465-9::R3.Corda ran successfully in 0ms
?[m?[37m[INFO] 12:35:51,832 [Test worker] liquibase. - master.changelog.json: migration/node-services.changelog-init.xml::1511451595465-13::R3.Corda: Table node_message_ids created
?[m?[37m[INFO] 12:35:51,832 [Test worker] liquibase. - master.changelog.json: migration/node-services.changelog-init.xml::1511451595465-13::R3.Corda: ChangeSet migration/node-services.changelog-init.xml::1511451595465-13::R3.Corda ran successfully in 0ms
?[m?[37m[INFO] 12:35:51,833 [Test worker] liquibase. - master.changelog.json: migration/node-services.changelog-init.xml::1511451595465-14::R3.Corda: Table node_message_retry created
?[m?[37m[INFO] 12:35:51,833 [Test worker] liquibase. - master.changelog.json: migration/node-services.changelog-init.xml::1511451595465-14::R3.Corda: ChangeSet migration/node-services.changelog-init.xml::1511451595465-14::R3.Corda ran successfully in 0ms
?[m?[37m[INFO] 12:35:51,834 [Test worker] liquibase. - master.changelog.json: migration/node-services.changelog-init.xml::1511451595465-15::R3.Corda: Table node_named_identities created
?[m?[37m[INFO] 12:35:51,834 [Test worker] liquibase. - master.changelog.json: migration/node-services.changelog-init.xml::1511451595465-15::R3.Corda: ChangeSet migration/node-services.changelog-init.xml::1511451595465-15::R3.Corda ran successfully in 0ms
?[m?[37m[INFO] 12:35:51,836 [Test worker] liquibase. - master.changelog.json: migration/node-services.changelog-init.xml::1511451595465-17::R3.Corda: Table node_our_key_pairs created
?[m?[37m[INFO] 12:35:51,836 [Test worker] liquibase. - master.changelog.json: migration/node-services.changelog-init.xml::1511451595465-17::R3.Corda: ChangeSet migration/node-services.changelog-init.xml::1511451595465-17::R3.Corda ran successfully in 1ms
?[m?[37m[INFO] 12:35:51,837 [Test worker] liquibase. - master.changelog.json: migration/node-services.changelog-init.xml::1511451595465-19::R3.Corda: Table node_scheduled_states created
?[m?[37m[INFO] 12:35:51,837 [Test worker] liquibase. - master.changelog.json: migration/node-services.changelog-init.xml::1511451595465-19::R3.Corda: ChangeSet migration/node-services.changelog-init.xml::1511451595465-19::R3.Corda ran successfully in 0ms
?[m?[37m[INFO] 12:35:51,839 [Test worker] liquibase. - master.changelog.json: migration/node-services.changelog-init.xml::1511451595465-20::R3.Corda: Table node_transaction_mappings created
?[m?[37m[INFO] 12:35:51,839 [Test worker] liquibase. - master.changelog.json: migration/node-services.changelog-init.xml::1511451595465-20::R3.Corda: ChangeSet migration/node-services.changelog-init.xml::1511451595465-20::R3.Corda ran successfully in 1ms
?[m?[37m[INFO] 12:35:51,840 [Test worker] liquibase. - master.changelog.json: migration/node-services.changelog-init.xml::1511451595465-21::R3.Corda: Table node_transactions created
?[m?[37m[INFO] 12:35:51,840 [Test worker] liquibase. - master.changelog.json: migration/node-services.changelog-init.xml::1511451595465-21::R3.Corda: ChangeSet migration/node-services.changelog-init.xml::1511451595465-21::R3.Corda ran successfully in 0ms
?[m?[37m[INFO] 12:35:51,841 [Test worker] liquibase. - master.changelog.json: migration/node-services.changelog-init.xml::1511451595465-30::R3.Corda: Primary key added to node_attachments (att_id)
?[m?[37m[INFO] 12:35:51,841 [Test worker] liquibase. - master.changelog.json: migration/node-services.changelog-init.xml::1511451595465-30::R3.Corda: ChangeSet migration/node-services.changelog-init.xml::1511451595465-30::R3.Corda ran successfully in 0ms
?[m?[37m[INFO] 12:35:51,842 [Test worker] liquibase. - master.changelog.json: migration/node-services.changelog-init.xml::1511451595465-32::R3.Corda: Primary key added to node_checkpoints (checkpoint_id)
?[m?[37m[INFO] 12:35:51,842 [Test worker] liquibase. - master.changelog.json: migration/node-services.changelog-init.xml::1511451595465-32::R3.Corda: ChangeSet migration/node-services.changelog-init.xml::1511451595465-32::R3.Corda ran successfully in 0ms
?[m?[37m[INFO] 12:35:51,843 [Test worker] liquibase. - master.changelog.json: migration/node-services.changelog-init.xml::1511451595465-33::R3.Corda: Primary key added to node_contract_upgrades (state_ref)
?[m?[37m[INFO] 12:35:51,843 [Test worker] liquibase. - master.changelog.json: migration/node-services.changelog-init.xml::1511451595465-33::R3.Corda: ChangeSet migration/node-services.changelog-init.xml::1511451595465-33::R3.Corda ran successfully in 0ms
?[m?[37m[INFO] 12:35:51,844 [Test worker] liquibase. - master.changelog.json: migration/node-services.changelog-init.xml::1511451595465-34::R3.Corda: Primary key added to node_identities (pk_hash)
?[m?[37m[INFO] 12:35:51,844 [Test worker] liquibase. - master.changelog.json: migration/node-services.changelog-init.xml::1511451595465-34::R3.Corda: ChangeSet migration/node-services.changelog-init.xml::1511451595465-34::R3.Corda ran successfully in 0ms
?[m?[37m[INFO] 12:35:51,845 [Test worker] liquibase. - master.changelog.json: migration/node-services.changelog-init.xml::1511451595465-38::R3.Corda: Primary key added to node_message_ids (message_id)
?[m?[37m[INFO] 12:35:51,845 [Test worker] liquibase. - master.changelog.json: migration/node-services.changelog-init.xml::1511451595465-38::R3.Corda: ChangeSet migration/node-services.changelog-init.xml::1511451595465-38::R3.Corda ran successfully in 0ms
?[m?[37m[INFO] 12:35:51,846 [Test worker] liquibase. - master.changelog.json: migration/node-services.changelog-init.xml::1511451595465-39::R3.Corda: Primary key added to node_message_retry (message_id)
?[m?[37m[INFO] 12:35:51,846 [Test worker] liquibase. - master.changelog.json: migration/node-services.changelog-init.xml::1511451595465-39::R3.Corda: ChangeSet migration/node-services.changelog-init.xml::1511451595465-39::R3.Corda ran successfully in 1ms
?[m?[37m[INFO] 12:35:51,846 [Test worker] liquibase. - master.changelog.json: migration/node-services.changelog-init.xml::1511451595465-40::R3.Corda: Primary key added to node_named_identities (name)
?[m?[37m[INFO] 12:35:51,847 [Test worker] liquibase. - master.changelog.json: migration/node-services.changelog-init.xml::1511451595465-40::R3.Corda: ChangeSet migration/node-services.changelog-init.xml::1511451595465-40::R3.Corda ran successfully in 0ms
?[m?[37m[INFO] 12:35:51,847 [Test worker] liquibase. - master.changelog.json: migration/node-services.changelog-init.xml::1511451595465-42::R3.Corda: Primary key added to node_our_key_pairs (public_key_hash)
?[m?[37m[INFO] 12:35:51,847 [Test worker] liquibase. - master.changelog.json: migration/node-services.changelog-init.xml::1511451595465-42::R3.Corda: ChangeSet migration/node-services.changelog-init.xml::1511451595465-42::R3.Corda ran successfully in 0ms
?[m?[37m[INFO] 12:35:51,848 [Test worker] liquibase. - master.changelog.json: migration/node-services.changelog-init.xml::1511451595465-44::R3.Corda: Primary key added to node_scheduled_states (output_index, transaction_id)
?[m?[37m[INFO] 12:35:51,848 [Test worker] liquibase. - master.changelog.json: migration/node-services.changelog-init.xml::1511451595465-44::R3.Corda: ChangeSet migration/node-services.changelog-init.xml::1511451595465-44::R3.Corda ran successfully in 0ms
?[m?[37m[INFO] 12:35:51,849 [Test worker] liquibase. - master.changelog.json: migration/node-services.changelog-init.xml::1511451595465-45::R3.Corda: Primary key added to node_transaction_mappings (tx_id)
?[m?[37m[INFO] 12:35:51,849 [Test worker] liquibase. - master.changelog.json: migration/node-services.changelog-init.xml::1511451595465-45::R3.Corda: ChangeSet migration/node-services.changelog-init.xml::1511451595465-45::R3.Corda ran successfully in 0ms
?[m?[37m[INFO] 12:35:51,850 [Test worker] liquibase. - master.changelog.json: migration/node-services.changelog-init.xml::1511451595465-46::R3.Corda: Primary key added to node_transactions (tx_id)
?[m?[37m[INFO] 12:35:51,850 [Test worker] liquibase. - master.changelog.json: migration/node-services.changelog-init.xml::1511451595465-46::R3.Corda: ChangeSet migration/node-services.changelog-init.xml::1511451595465-46::R3.Corda ran successfully in 0ms
?[m?[37m[INFO] 12:35:51,852 [Test worker] liquibase. - master.changelog.json: migration/node-services.changelog-init.xml::1511451595465-61::R3.Corda: Foreign key constraint added to node_link_nodeinfo_party (party_name)
?[m?[37m[INFO] 12:35:51,852 [Test worker] liquibase. - master.changelog.json: migration/node-services.changelog-init.xml::1511451595465-61::R3.Corda: ChangeSet migration/node-services.changelog-init.xml::1511451595465-61::R3.Corda ran successfully in 1ms
?[m?[37m[INFO] 12:35:51,853 [Test worker] liquibase. - master.changelog.json: migration/node-services.changelog-init.xml::add index att_id::R3.Corda: Index att_id_idx created
?[m?[37m[INFO] 12:35:51,853 [Test worker] liquibase. - master.changelog.json: migration/node-services.changelog-init.xml::add index att_id::R3.Corda: ChangeSet migration/node-services.changelog-init.xml::add index att_id::R3.Corda ran successfully in 0ms
?[m?[37m[INFO] 12:35:51,854 [Test worker] liquibase. - master.changelog.json: migration/node-services.changelog-init.xml::add_contract_attachment::R3.Corda: Table node_attchments_contracts created
?[m?[37m[INFO] 12:35:51,854 [Test worker] liquibase. - master.changelog.json: migration/node-services.changelog-init.xml::add_contract_attachment::R3.Corda: Foreign key constraint added to node_attchments_contracts (att_id)
?[m?[37m[INFO] 12:35:51,854 [Test worker] liquibase. - master.changelog.json: migration/node-services.changelog-init.xml::add_contract_attachment::R3.Corda: Data deleted from node_attachments
?[m?[37m[INFO] 12:35:51,854 [Test worker] liquibase. - master.changelog.json: migration/node-services.changelog-init.xml::add_contract_attachment::R3.Corda: ChangeSet migration/node-services.changelog-init.xml::add_contract_attachment::R3.Corda ran successfully in 0ms
?[m?[37m[INFO] 12:35:51,856 [Test worker] liquibase. - master.changelog.json: migration/node-services.changelog-init.xml::add_dedup_columns::R3.Corda: Columns sender(NVARCHAR(64)),sequence_number(BIGINT) added to node_message_ids
?[m?[37m[INFO] 12:35:51,856 [Test worker] liquibase. - master.changelog.json: migration/node-services.changelog-init.xml::add_dedup_columns::R3.Corda: ChangeSet migration/node-services.changelog-init.xml::add_dedup_columns::R3.Corda ran successfully in 1ms
?[m?[37m[INFO] 12:35:51,857 [Test worker] liquibase. - master.changelog.json: migration/node-core.changelog-v4.xml::attchments_rename::R3.Corda: Table node_attchments_contracts renamed to node_attachments_contracts
?[m?[37m[INFO] 12:35:51,857 [Test worker] liquibase. - master.changelog.json: migration/node-core.changelog-v4.xml::attchments_rename::R3.Corda: ChangeSet migration/node-core.changelog-v4.xml::attchments_rename::R3.Corda ran successfully in 0ms
?[m?[37m[INFO] 12:35:51,858 [Test worker] liquibase. - master.changelog.json: migration/node-core.changelog-v4.xml::nullability::R3.Corda: Null constraint has been added to node_identities.identity_value
?[m?[37m[INFO] 12:35:51,858 [Test worker] liquibase. - master.changelog.json: migration/node-core.changelog-v4.xml::nullability::R3.Corda: Null constraint has been added to node_attachments.content
?[m?[37m[INFO] 12:35:51,859 [Test worker] liquibase. - master.changelog.json: migration/node-core.changelog-v4.xml::nullability::R3.Corda: Null constraint has been added to node_attachments_contracts.contract_class_name
?[m?[37m[INFO] 12:35:51,859 [Test worker] liquibase. - master.changelog.json: migration/node-core.changelog-v4.xml::nullability::R3.Corda: Null constraint has been added to node_checkpoints.checkpoint_value
?[m?[37m[INFO] 12:35:51,859 [Test worker] liquibase. - master.changelog.json: migration/node-core.changelog-v4.xml::nullability::R3.Corda: Null constraint has been added to node_contract_upgrades.contract_class_name
?[m?[37m[INFO] 12:35:51,859 [Test worker] liquibase. - master.changelog.json: migration/node-core.changelog-v4.xml::nullability::R3.Corda: Null constraint has been added to node_message_ids.insertion_time
?[m?[37m[INFO] 12:35:51,859 [Test worker] liquibase. - master.changelog.json: migration/node-core.changelog-v4.xml::nullability::R3.Corda: Null constraint has been added to node_message_retry.message
?[m?[37m[INFO] 12:35:51,859 [Test worker] liquibase. - master.changelog.json: migration/node-core.changelog-v4.xml::nullability::R3.Corda: Null constraint has been added to node_message_retry.recipients
?[m?[37m[INFO] 12:35:51,859 [Test worker] liquibase. - master.changelog.json: migration/node-core.changelog-v4.xml::nullability::R3.Corda: Null constraint has been added to node_named_identities.pk_hash
?[m?[37m[INFO] 12:35:51,859 [Test worker] liquibase. - master.changelog.json: migration/node-core.changelog-v4.xml::nullability::R3.Corda: Null constraint has been added to node_our_key_pairs.private_key
?[m?[37m[INFO] 12:35:51,859 [Test worker] liquibase. - master.changelog.json: migration/node-core.changelog-v4.xml::nullability::R3.Corda: Null constraint has been added to node_our_key_pairs.public_key
?[m?[37m[INFO] 12:35:51,859 [Test worker] liquibase. - master.changelog.json: migration/node-core.changelog-v4.xml::nullability::R3.Corda: Null constraint has been added to node_transaction_mappings.state_machine_run_id
?[m?[37m[INFO] 12:35:51,859 [Test worker] liquibase. - master.changelog.json: migration/node-core.changelog-v4.xml::nullability::R3.Corda: Null constraint has been added to node_transactions.transaction_value
?[m?[37m[INFO] 12:35:51,859 [Test worker] liquibase. - master.changelog.json: migration/node-core.changelog-v4.xml::nullability::R3.Corda: ChangeSet migration/node-core.changelog-v4.xml::nullability::R3.Corda ran successfully in 1ms
?[m?[37m[INFO] 12:35:51,861 [Test worker] liquibase. - master.changelog.json: migration/node-core.changelog-v5.xml::remove_unused_node_message_retry::R3.Corda: Table node_message_retry dropped
?[m?[37m[INFO] 12:35:51,861 [Test worker] liquibase. - master.changelog.json: migration/node-core.changelog-v5.xml::remove_unused_node_message_retry::R3.Corda: ChangeSet migration/node-core.changelog-v5.xml::remove_unused_node_message_retry::R3.Corda ran successfully in 1ms
?[m?[37m[INFO] 12:35:51,872 [Test worker] liquibase. - master.changelog.json: migration/node-core.changelog-v8.xml::conditional_attchments_rename::R3.Corda: Marking ChangeSet: migration/node-core.changelog-v8.xml::conditional_attchments_rename::R3.Corda ran despite precondition failure due to onFail='MARK_RAN': 
          master.changelog.json : Table PUBLIC.NODE_ATTCHMENTS_CONTRACTS does not exist

?[m?[37m[INFO] 12:35:51,878 [Test worker] liquibase. - master.changelog.json: migration/node-core.changelog-v8.xml::conditional_attchments_contracts::R3.Corda: Marking ChangeSet: migration/node-core.changelog-v8.xml::conditional_attchments_contracts::R3.Corda ran despite precondition failure due to onFail='MARK_RAN': 
          master.changelog.json : Table PUBLIC.NODE_ATTACHMENTS_CONTRACT_CLASS_NAME does not exist

?[m?[37m[INFO] 12:35:51,880 [Test worker] liquibase. - master.changelog.json: migration/node-core.changelog-v8.xml::add_signers::R3.Corda: Table node_attachments_signers created
?[m?[37m[INFO] 12:35:51,880 [Test worker] liquibase. - master.changelog.json: migration/node-core.changelog-v8.xml::add_signers::R3.Corda: Foreign key constraint added to node_attachments_signers (att_id)
?[m?[37m[INFO] 12:35:51,880 [Test worker] liquibase. - master.changelog.json: migration/node-core.changelog-v8.xml::add_signers::R3.Corda: ChangeSet migration/node-core.changelog-v8.xml::add_signers::R3.Corda ran successfully in 1ms
?[m?[37m[INFO] 12:35:51,882 [Test worker] liquibase. - master.changelog.json: migration/node-core.changelog-tx-mapping.xml::add_tx_mapping_column::R3.Corda: Columns state_machine_run_id(NVARCHAR(36)) added to node_transactions
?[m?[37m[INFO] 12:35:51,883 [Test worker] liquibase. - master.changelog.json: migration/node-core.changelog-tx-mapping.xml::add_tx_mapping_column::R3.Corda: Custom SQL executed
?[m?[37m[INFO] 12:35:51,883 [Test worker] liquibase. - master.changelog.json: migration/node-core.changelog-tx-mapping.xml::add_tx_mapping_column::R3.Corda: Table node_transaction_mappings dropped
?[m?[37m[INFO] 12:35:51,883 [Test worker] liquibase. - master.changelog.json: migration/node-core.changelog-tx-mapping.xml::add_tx_mapping_column::R3.Corda: ChangeSet migration/node-core.changelog-tx-mapping.xml::add_tx_mapping_column::R3.Corda ran successfully in 2ms
?[m?[37m[INFO] 12:35:51,885 [Test worker] liquibase. - master.changelog.json: migration/node-services.changelog-init.xml::add_network_parameters_storage::R3.Corda: Table node_network_parameters created
?[m?[37m[INFO] 12:35:51,885 [Test worker] liquibase. - master.changelog.json: migration/node-services.changelog-init.xml::add_network_parameters_storage::R3.Corda: ChangeSet migration/node-services.changelog-init.xml::add_network_parameters_storage::R3.Corda ran successfully in 1ms
?[m?[37m[INFO] 12:35:51,886 [Test worker] liquibase. - master.changelog.json: migration/node-services.changelog-init.xml::network_parameters_pk::R3.Corda: Primary key added to node_network_parameters (hash)
?[m?[37m[INFO] 12:35:51,886 [Test worker] liquibase. - master.changelog.json: migration/node-services.changelog-init.xml::network_parameters_pk::R3.Corda: ChangeSet migration/node-services.changelog-init.xml::network_parameters_pk::R3.Corda ran successfully in 0ms
?[m?[37m[INFO] 12:35:51,889 [Test worker] liquibase. - master.changelog.json: migration/node-services.changelog-init.xml::add_version_column::R3.Corda: Columns version(INT) added to node_attachments
?[m?[37m[INFO] 12:35:51,889 [Test worker] liquibase. - master.changelog.json: migration/node-services.changelog-init.xml::add_version_column::R3.Corda: Custom SQL executed
?[m?[37m[INFO] 12:35:51,890 [Test worker] liquibase. - master.changelog.json: migration/node-services.changelog-init.xml::add_version_column::R3.Corda: Null constraint has been added to node_attachments.version
?[m?[37m[INFO] 12:35:51,890 [Test worker] liquibase. - master.changelog.json: migration/node-services.changelog-init.xml::add_version_column::R3.Corda: ChangeSet migration/node-services.changelog-init.xml::add_version_column::R3.Corda ran successfully in 3ms
?[m?[37m[INFO] 12:35:51,891 [Test worker] persistence.AttachmentVersionNumberMigration. - Start executing...
?[m?[37m[INFO] 12:35:51,892 [Test worker] persistence.AttachmentVersionNumberMigration. - Attachment version creation from whitelisted JARs using network parameters from build\mock-network\20190412-153551.341\nodes\0\network-parameters, whitelistedContractImplementations: {}.
?[m?[37m[INFO] 12:35:51,892 [Test worker] persistence.AttachmentVersionNumberMigration. - Attachment version creation from whitelisted JARs skipped, no attachments not found.
?[m?[37m[INFO] 12:35:51,892 [Test worker] liquibase. - master.changelog.json: migration/node-services.changelog-init.xml::update-version-of-whitelisted-jars::R3.Corda: null
?[m?[37m[INFO] 12:35:51,892 [Test worker] liquibase. - master.changelog.json: migration/node-services.changelog-init.xml::update-version-of-whitelisted-jars::R3.Corda: ChangeSet migration/node-services.changelog-init.xml::update-version-of-whitelisted-jars::R3.Corda ran successfully in 2ms
?[m?[37m[INFO] 12:35:51,893 [Test worker] migration.VaultStateMigration. - Migrating vault state data to V4 tables
?[m?[37m[INFO] 12:35:51,894 [Test worker] persistence.HibernateConfiguration. - Init HibernateConfiguration for schemas: [VaultMigrationSchemaV1(name=net.corda.node.migration.VaultMigrationSchema, version=1), VaultSchemaV1(name=net.corda.node.services.vault.VaultSchema, version=1)]
?[m?[37m[INFO] 12:35:51,894 [Test worker] persistence.HibernateConfiguration. - Creating session factory for schemas: [VaultMigrationSchemaV1(name=net.corda.node.migration.VaultMigrationSchema, version=1), VaultSchemaV1(name=net.corda.node.services.vault.VaultSchema, version=1)]
?[m?[37m[INFO] 12:35:51,899 [Test worker] internal.ConnectionProviderInitiator. - HHH000130: Instantiating explicit connection provider: net.corda.nodeapi.internal.persistence.HibernateConfiguration$NodeDatabaseConnectionProvider
?[m?[37m[INFO] 12:35:51,899 [Test worker] dialect.Dialect. - HHH000400: Using dialect: org.hibernate.dialect.H2Dialect
?[m?[37m[INFO] 12:35:51,901 [Test worker] type.BasicTypeRegistry. - HHH000270: Type registration [materialized_blob] overrides previous : org.hibernate.type.MaterializedBlobType@61c329e6
?[m?[37m[INFO] 12:35:51,921 [Test worker] connections.access. - HHH10001501: Connection obtained from JdbcConnectionAccess [org.hibernate.engine.jdbc.env.internal.JdbcEnvironmentInitiator$ConnectionProviderJdbcConnectionAccess@41171b28] for (non-JTA) DDL execution was not in auto-commit mode; the Connection 'local transaction' will be committed and the Connection will be set into auto-commit mode.
?[m?[37m[INFO] 12:35:51,943 [Test worker] persistence.HibernateConfiguration. - Created session factory for schemas: [VaultMigrationSchemaV1(name=net.corda.node.migration.VaultMigrationSchema, version=1), VaultSchemaV1(name=net.corda.node.services.vault.VaultSchema, version=1)]
?[m?[37m[INFO] 12:35:51,944 [Test worker] internal.QueryTranslatorFactoryInitiator. - HHH000397: Using ASTQueryTranslatorFactory
?[m?[37m[INFO] 12:35:51,949 [Test worker] migration.VaultStateMigration. - Finished performing vault state data migration for 0 states
?[m?[37m[INFO] 12:35:51,949 [Test worker] liquibase. - master.changelog.json: migration/vault-schema.changelog-v9.xml::update-vault-states::R3.Corda: null
?[m?[37m[INFO] 12:35:51,949 [Test worker] liquibase. - master.changelog.json: migration/vault-schema.changelog-v9.xml::update-vault-states::R3.Corda: ChangeSet migration/vault-schema.changelog-v9.xml::update-vault-states::R3.Corda ran successfully in 57ms
?[m?[37m[INFO] 12:35:51,951 [Test worker] liquibase. - master.changelog.json: migration/node-services.changelog-init.xml::1511451595465-16::R3.Corda: Table node_notary_committed_states created
?[m?[37m[INFO] 12:35:51,951 [Test worker] liquibase. - master.changelog.json: migration/node-services.changelog-init.xml::1511451595465-16::R3.Corda: ChangeSet migration/node-services.changelog-init.xml::1511451595465-16::R3.Corda ran successfully in 1ms
?[m?[37m[INFO] 12:35:51,952 [Test worker] liquibase. - master.changelog.json: migration/node-services.changelog-init.xml::1521131680317-17::R3.Corda: Table node_notary_request_log created
?[m?[37m[INFO] 12:35:51,952 [Test worker] liquibase. - master.changelog.json: migration/node-services.changelog-init.xml::1521131680317-17::R3.Corda: ChangeSet migration/node-services.changelog-init.xml::1521131680317-17::R3.Corda ran successfully in 1ms
?[m?[37m[INFO] 12:35:51,953 [Test worker] liquibase. - master.changelog.json: migration/node-services.changelog-init.xml::1511451595465-41::R3.Corda: Primary key added to node_notary_committed_states (output_index, transaction_id)
?[m?[37m[INFO] 12:35:51,953 [Test worker] liquibase. - master.changelog.json: migration/node-services.changelog-init.xml::1511451595465-41::R3.Corda: ChangeSet migration/node-services.changelog-init.xml::1511451595465-41::R3.Corda ran successfully in 0ms
?[m?[37m[INFO] 12:35:51,954 [Test worker] liquibase. - master.changelog.json: migration/node-services.changelog-init.xml::1521131680317-48::R3.Corda: Primary key added to node_notary_request_log (id)
?[m?[37m[INFO] 12:35:51,954 [Test worker] liquibase. - master.changelog.json: migration/node-services.changelog-init.xml::1521131680317-48::R3.Corda: ChangeSet migration/node-services.changelog-init.xml::1521131680317-48::R3.Corda ran successfully in 0ms
?[m?[37m[INFO] 12:35:51,955 [Test worker] liquibase. - master.changelog.json: migration/node-services.changelog-init.xml::nullability::R3.Corda: Null constraint has been added to node_notary_committed_states.consuming_transaction_id
?[m?[37m[INFO] 12:35:51,955 [Test worker] liquibase. - master.changelog.json: migration/node-services.changelog-init.xml::nullability::R3.Corda: ChangeSet migration/node-services.changelog-init.xml::nullability::R3.Corda ran successfully in 0ms
?[m?[37m[INFO] 12:35:51,960 [Test worker] liquibase. - master.changelog.json: migration/node-notary.changelog-v2.xml::rename-table-notary-commit-log::R3.Corda: Marking ChangeSet: migration/node-notary.changelog-v2.xml::rename-table-notary-commit-log::R3.Corda ran despite precondition failure due to onFail='MARK_RAN': 
          master.changelog.json : Table PUBLIC.node_notary_commit_log does not exist

?[m?[37m[INFO] 12:35:51,962 [Test worker] liquibase. - master.changelog.json: migration/node-notary.changelog-v2.xml::create-notary-request-log-table::R3.Corda: Marking ChangeSet: migration/node-notary.changelog-v2.xml::create-notary-request-log-table::R3.Corda ran despite precondition failure due to onFail='MARK_RAN': 
          master.changelog.json : Not precondition failed

?[m?[37m[INFO] 12:35:51,963 [Test worker] liquibase. - master.changelog.json: migration/node-notary.changelog-committed-transactions-table.xml::create-notary-committed-transactions-table::R3.Corda: Table node_notary_committed_txs created
?[m?[37m[INFO] 12:35:51,963 [Test worker] liquibase. - master.changelog.json: migration/node-notary.changelog-committed-transactions-table.xml::create-notary-committed-transactions-table::R3.Corda: Primary key added to node_notary_committed_txs (transaction_id)
?[m?[37m[INFO] 12:35:51,963 [Test worker] liquibase. - master.changelog.json: migration/node-notary.changelog-committed-transactions-table.xml::create-notary-committed-transactions-table::R3.Corda: ChangeSet migration/node-notary.changelog-committed-transactions-table.xml::create-notary-committed-transactions-table::R3.Corda ran successfully in 0ms
?[m?[37m[INFO] 12:35:51,964 [Test worker] liquibase. - Successfully released change log lock
?[m?[37m[INFO] 12:35:51,965 [Test worker] internal.InternalMockNetwork$MockNode. - Connected to H2 database.
?[m?[37m[INFO] 12:35:51,970 [Test worker] persistence.HibernateConfiguration. - Init HibernateConfiguration for schemas: [CommonSchemaV1(name=net.corda.core.schemas.CommonSchema, version=1), VaultSchemaV1(name=net.corda.node.services.vault.VaultSchema, version=1), NodeInfoSchemaV1(name=net.corda.node.internal.schemas.NodeInfoSchema, version=1), NodeCoreV1(name=net.corda.node.services.schema.NodeSchemaService$NodeCore, version=1), IOUSchemaV1(name=com.example.schema.IOUSchema, version=1), NodeNotarySchemaV1(name=net.corda.node.services.transactions.NodeNotarySchema, version=1)]
?[m?[37m[INFO] 12:35:51,970 [Test worker] persistence.HibernateConfiguration. - Creating session factory for schemas: [CommonSchemaV1(name=net.corda.core.schemas.CommonSchema, version=1), VaultSchemaV1(name=net.corda.node.services.vault.VaultSchema, version=1), NodeInfoSchemaV1(name=net.corda.node.internal.schemas.NodeInfoSchema, version=1), NodeCoreV1(name=net.corda.node.services.schema.NodeSchemaService$NodeCore, version=1), IOUSchemaV1(name=com.example.schema.IOUSchema, version=1), NodeNotarySchemaV1(name=net.corda.node.services.transactions.NodeNotarySchema, version=1)]
?[m?[37m[INFO] 12:35:51,976 [Test worker] internal.ConnectionProviderInitiator. - HHH000130: Instantiating explicit connection provider: net.corda.nodeapi.internal.persistence.HibernateConfiguration$NodeDatabaseConnectionProvider
?[m?[37m[INFO] 12:35:51,976 [Test worker] dialect.Dialect. - HHH000400: Using dialect: org.hibernate.dialect.H2Dialect
?[m?[37m[INFO] 12:35:51,978 [Test worker] type.BasicTypeRegistry. - HHH000270: Type registration [materialized_blob] overrides previous : org.hibernate.type.MaterializedBlobType@61c329e6
?[m?[37m[INFO] 12:35:52,023 [Test worker] connections.access. - HHH10001501: Connection obtained from JdbcConnectionAccess [org.hibernate.engine.jdbc.env.internal.JdbcEnvironmentInitiator$ConnectionProviderJdbcConnectionAccess@130af0d8] for (non-JTA) DDL execution was not in auto-commit mode; the Connection 'local transaction' will be committed and the Connection will be set into auto-commit mode.
?[m?[37m[INFO] 12:35:52,059 [Test worker] persistence.HibernateConfiguration. - Created session factory for schemas: [CommonSchemaV1(name=net.corda.core.schemas.CommonSchema, version=1), VaultSchemaV1(name=net.corda.node.services.vault.VaultSchema, version=1), NodeInfoSchemaV1(name=net.corda.node.internal.schemas.NodeInfoSchema, version=1), NodeCoreV1(name=net.corda.node.services.schema.NodeSchemaService$NodeCore, version=1), IOUSchemaV1(name=com.example.schema.IOUSchema, version=1), NodeNotarySchemaV1(name=net.corda.node.services.transactions.NodeNotarySchema, version=1)]
?[m?[37m[INFO] 12:35:52,060 [Test worker] internal.QueryTranslatorFactoryInitiator. - HHH000397: Using ASTQueryTranslatorFactory
?[m?[37m[INFO] 12:35:52,063 [Test worker] internal.InternalMockNetwork$MockNode. - Node-info has changed so submitting update. Old node-info was null
?[m?[37m[INFO] 12:35:52,063 [Test worker] network.PersistentNetworkMapCache. - Adding node with info: NodeInfo(addresses=[mock.node:1000], legalIdentitiesAndCerts=[O=Notary Service, L=Zurich, C=CH], platformVersion=4, serial=1555083352063)
?[m?[37m[INFO] 12:35:52,064 [Test worker] network.PersistentNetworkMapCache. - No previous node found
?[m?[37m[INFO] 12:35:52,072 [Test worker] internal.InternalMockNetwork$MockNode. - New node-info: NodeInfo(addresses=[mock.node:1000], legalIdentitiesAndCerts=[O=Notary Service, L=Zurich, C=CH], platformVersion=4, serial=1555083352063)
?[m?[37m[INFO] 12:35:52,083 [Test worker] network.NetworkMapUpdater. - Auto-accept enabled for network parameter changes which modify only: [epoch, modifiedTime, packageOwnership, whitelistedContractImplementations]
?[m?[37m[INFO] 12:35:52,087 [MockNode-16-2] network.PersistentNetworkMapCache. - Adding node with info: NodeInfo(addresses=[mock.node:1000], legalIdentitiesAndCerts=[O=Notary Service, L=Zurich, C=CH], platformVersion=4, serial=1555083352063)
?[m?[37m[INFO] 12:35:52,090 [MockNode-16-2] network.PersistentNetworkMapCache. - Previous node was identical to incoming one - doing nothing
?[m?[37m[INFO] 12:35:52,159 [Test worker] ClassloaderUtils. - Contracts loading for 'C:\Users\Daniel\AppData\Local\Temp\attachment6774355321069436095.jar' took 19 msec
?[m?[37m[INFO] 12:35:52,166 [Test worker] persistence.NodeAttachmentService. - Stored new attachment: id=068D846C052E681003228A05005925CB3EC9DBFEDDFDA00048D0BB87F1ED69B0 uploader=app filename=null
?[m?[37m[INFO] 12:35:52,167 [Test worker] utilities.NotaryLoader. - Starting notary service: class net.corda.node.services.transactions.SimpleNotaryService
?[m?[37m[INFO] 12:35:52,167 [Test worker] notary.SinglePartyNotaryService. - Starting notary in validating mode
?[m?[37m[INFO] 12:35:52,171 [Test worker] statemachine.SingleThreadedStateMachineManager. - Node ready, info: NodeInfo(addresses=[mock.node:1000], legalIdentitiesAndCerts=[O=Notary Service, L=Zurich, C=CH], platformVersion=4, serial=1555083352063)
?[m?[37m[INFO] 12:35:52,173 [Test worker] network.PersistentNetworkMapCache. - Adding node with info: NodeInfo(addresses=[mock.node:1000], legalIdentitiesAndCerts=[O=Notary Service, L=Zurich, C=CH], platformVersion=4, serial=1555083352063)
?[m?[37m[INFO] 12:35:52,173 [Test worker] network.PersistentNetworkMapCache. - Previous node was identical to incoming one - doing nothing
?[m?[37m[INFO] 12:35:52,173 [Test worker] network.PersistentNetworkMapCache. - Adding node with info: NodeInfo(addresses=[mock.node:1000], legalIdentitiesAndCerts=[O=Notary Service, L=Zurich, C=CH], platformVersion=4, serial=1555083352063)
?[m?[37m[INFO] 12:35:52,173 [Test worker] network.PersistentNetworkMapCache. - Previous node was identical to incoming one - doing nothing
?[m?[37m[INFO] 12:35:52,183 [Test worker] cordapp.JarScanningCordappLoader. - Looking for CorDapps in [build\mock-network\20190412-153551.341\nodes\1\cordapps]
?[m?[37m[INFO] 12:35:52,183 [Test worker] cordapp.JarScanningCordappLoader. - Loading CorDapps from RestrictedURL(url=file:/C:/Users/Daniel/OneDrive/Documents/tokensdk/samples3/cordapp-example/workflows-kotlin/build/mock-network/20190412-153551.341/nodes/1/cordapps/cordapp-example-contracts-0.1.jar, rootPackageName=null), RestrictedURL(url=file:/C:/Users/Daniel/OneDrive/Documents/tokensdk/samples3/cordapp-example/workflows-kotlin/build/mock-network/20190412-153551.341/nodes/1/cordapps/cordapp-example-workflows-0.1.jar, rootPackageName=null)
?[m?[37m[INFO] 12:35:52,183 [Test worker] cordapp.JarScanningCordappLoader. - Scanning CorDapp in file:/C:/Users/Daniel/OneDrive/Documents/tokensdk/samples3/cordapp-example/workflows-kotlin/build/mock-network/20190412-153551.341/nodes/1/cordapps/cordapp-example-contracts-0.1.jar
?[m?[37m[INFO] 12:35:52,258 [Test worker] cordapp.JarScanningCordappLoader. - Found notary service CorDapp implementations: 
?[m?[37m[INFO] 12:35:52,258 [Test worker] cordapp.JarScanningCordappLoader. - Scanning CorDapp in file:/C:/Users/Daniel/OneDrive/Documents/tokensdk/samples3/cordapp-example/workflows-kotlin/build/mock-network/20190412-153551.341/nodes/1/cordapps/cordapp-example-workflows-0.1.jar
?[m?[37m[INFO] 12:35:52,332 [Test worker] cordapp.JarScanningCordappLoader. - Found notary service CorDapp implementations: 
?[m?[37m[INFO] 12:35:52,340 [Test worker] internal.InternalMockNetwork$MockNode. - Node starting up ...
?[m?[37m[INFO] 12:35:52,375 [Test worker] internal.NodeFlowManager. - Registered com.example.flow.ExampleFlow$Initiator to initiate com.example.flow.ExampleFlow$Acceptor (version 1)
?[m?[37m[INFO] 12:35:52,377 [Test worker] internal.InternalMockNetwork$MockNode. - Loaded network parameters: NetworkParameters {
      minimumPlatformVersion=1
      notaries=[NotaryInfo(identity=O=Notary Service, L=Zurich, C=CH, validating=true)]
      maxMessageSize=10485760
      maxTransactionSize=524288000
      whitelistedContractImplementations {
        
      }
      eventHorizon=PT720H
      packageOwnership {
        
      }
      modifiedTime=2019-04-12T15:35:51.341Z
      epoch=1
  }
?[m?[37m[INFO] 12:35:52,377 [Test worker] hikari.HikariDataSource. - HikariPool-17 - Started.
?[m?[37m[INFO] 12:35:52,489 [Test worker] liquibase. - Creating database history table with name: PUBLIC.DATABASECHANGELOG
?[m?[37m[INFO] 12:35:52,490 [Test worker] liquibase. - Reading from PUBLIC.DATABASECHANGELOG
?[m?[37m[INFO] 12:35:52,491 [Test worker] liquibase. - master.changelog.json: migration/common.changelog-init.xml::1511451595465-1.3::R3.Corda: Skipping changeSet migration/common.changelog-init.xml::1511451595465-1.3::R3.Corda due to validation error(s): minValue is not allowed on h2
?[m?[37m[INFO] 12:35:52,495 [Test worker] liquibase. - master.changelog.json: migration/vault-schema.changelog-pkey.xml::non-clustered_pk-11::R3.Corda: Skipping changeSet migration/vault-schema.changelog-pkey.xml::non-clustered_pk-11::R3.Corda due to validation error(s): clustered is not allowed on h2
?[m?[37m[INFO] 12:35:52,495 [Test worker] liquibase. - master.changelog.json: migration/vault-schema.changelog-pkey.xml::non-clustered_pk-12::R3.Corda: Skipping changeSet migration/vault-schema.changelog-pkey.xml::non-clustered_pk-12::R3.Corda due to validation error(s): clustered is not allowed on h2
?[m?[37m[INFO] 12:35:52,495 [Test worker] liquibase. - master.changelog.json: migration/vault-schema.changelog-pkey.xml::non-clustered_pk-13::R3.Corda: Skipping changeSet migration/vault-schema.changelog-pkey.xml::non-clustered_pk-13::R3.Corda due to validation error(s): clustered is not allowed on h2
?[m?[37m[INFO] 12:35:52,505 [Test worker] liquibase. - master.changelog.json: migration/node-core.changelog-pkey.xml::non-clustered_pk-1::R3.Corda: Skipping changeSet migration/node-core.changelog-pkey.xml::non-clustered_pk-1::R3.Corda due to validation error(s): clustered is not allowed on h2
?[m?[37m[INFO] 12:35:52,505 [Test worker] liquibase. - master.changelog.json: migration/node-core.changelog-pkey.xml::non-clustered_pk-2::R3.Corda: Skipping changeSet migration/node-core.changelog-pkey.xml::non-clustered_pk-2::R3.Corda due to validation error(s): clustered is not allowed on h2
?[m?[37m[INFO] 12:35:52,506 [Test worker] liquibase. - master.changelog.json: migration/node-core.changelog-pkey.xml::non-clustered_pk-3::R3.Corda: Skipping changeSet migration/node-core.changelog-pkey.xml::non-clustered_pk-3::R3.Corda due to validation error(s): clustered is not allowed on h2
?[m?[37m[INFO] 12:35:52,506 [Test worker] liquibase. - master.changelog.json: migration/node-core.changelog-pkey.xml::non-clustered_pk-4::R3.Corda: Skipping changeSet migration/node-core.changelog-pkey.xml::non-clustered_pk-4::R3.Corda due to validation error(s): clustered is not allowed on h2
?[m?[37m[INFO] 12:35:52,506 [Test worker] liquibase. - master.changelog.json: migration/node-core.changelog-pkey.xml::non-clustered_pk-5::R3.Corda: Skipping changeSet migration/node-core.changelog-pkey.xml::non-clustered_pk-5::R3.Corda due to validation error(s): clustered is not allowed on h2
?[m?[37m[INFO] 12:35:52,506 [Test worker] liquibase. - master.changelog.json: migration/node-core.changelog-pkey.xml::non-clustered_pk-6::R3.Corda: Skipping changeSet migration/node-core.changelog-pkey.xml::non-clustered_pk-6::R3.Corda due to validation error(s): clustered is not allowed on h2
?[m?[37m[INFO] 12:35:52,506 [Test worker] liquibase. - master.changelog.json: migration/node-core.changelog-pkey.xml::non-clustered_pk-7::R3.Corda: Skipping changeSet migration/node-core.changelog-pkey.xml::non-clustered_pk-7::R3.Corda due to validation error(s): clustered is not allowed on h2
?[m?[37m[INFO] 12:35:52,508 [Test worker] liquibase. - Successfully acquired change log lock
?[m?[37m[INFO] 12:35:52,509 [Test worker] liquibase. - master.changelog.json: migration/common.changelog-init.xml::1511451595465-1.3::R3.Corda: Skipping changeSet migration/common.changelog-init.xml::1511451595465-1.3::R3.Corda due to validation error(s): minValue is not allowed on h2
?[m?[37m[INFO] 12:35:52,510 [Test worker] liquibase. - master.changelog.json: migration/vault-schema.changelog-pkey.xml::non-clustered_pk-11::R3.Corda: Skipping changeSet migration/vault-schema.changelog-pkey.xml::non-clustered_pk-11::R3.Corda due to validation error(s): clustered is not allowed on h2
?[m?[37m[INFO] 12:35:52,510 [Test worker] liquibase. - master.changelog.json: migration/vault-schema.changelog-pkey.xml::non-clustered_pk-12::R3.Corda: Skipping changeSet migration/vault-schema.changelog-pkey.xml::non-clustered_pk-12::R3.Corda due to validation error(s): clustered is not allowed on h2
?[m?[37m[INFO] 12:35:52,510 [Test worker] liquibase. - master.changelog.json: migration/vault-schema.changelog-pkey.xml::non-clustered_pk-13::R3.Corda: Skipping changeSet migration/vault-schema.changelog-pkey.xml::non-clustered_pk-13::R3.Corda due to validation error(s): clustered is not allowed on h2
?[m?[37m[INFO] 12:35:52,513 [Test worker] liquibase. - master.changelog.json: migration/node-core.changelog-pkey.xml::non-clustered_pk-1::R3.Corda: Skipping changeSet migration/node-core.changelog-pkey.xml::non-clustered_pk-1::R3.Corda due to validation error(s): clustered is not allowed on h2
?[m?[37m[INFO] 12:35:52,513 [Test worker] liquibase. - master.changelog.json: migration/node-core.changelog-pkey.xml::non-clustered_pk-2::R3.Corda: Skipping changeSet migration/node-core.changelog-pkey.xml::non-clustered_pk-2::R3.Corda due to validation error(s): clustered is not allowed on h2
?[m?[37m[INFO] 12:35:52,513 [Test worker] liquibase. - master.changelog.json: migration/node-core.changelog-pkey.xml::non-clustered_pk-3::R3.Corda: Skipping changeSet migration/node-core.changelog-pkey.xml::non-clustered_pk-3::R3.Corda due to validation error(s): clustered is not allowed on h2
?[m?[37m[INFO] 12:35:52,513 [Test worker] liquibase. - master.changelog.json: migration/node-core.changelog-pkey.xml::non-clustered_pk-4::R3.Corda: Skipping changeSet migration/node-core.changelog-pkey.xml::non-clustered_pk-4::R3.Corda due to validation error(s): clustered is not allowed on h2
?[m?[37m[INFO] 12:35:52,513 [Test worker] liquibase. - master.changelog.json: migration/node-core.changelog-pkey.xml::non-clustered_pk-5::R3.Corda: Skipping changeSet migration/node-core.changelog-pkey.xml::non-clustered_pk-5::R3.Corda due to validation error(s): clustered is not allowed on h2
?[m?[37m[INFO] 12:35:52,513 [Test worker] liquibase. - master.changelog.json: migration/node-core.changelog-pkey.xml::non-clustered_pk-6::R3.Corda: Skipping changeSet migration/node-core.changelog-pkey.xml::non-clustered_pk-6::R3.Corda due to validation error(s): clustered is not allowed on h2
?[m?[37m[INFO] 12:35:52,513 [Test worker] liquibase. - master.changelog.json: migration/node-core.changelog-pkey.xml::non-clustered_pk-7::R3.Corda: Skipping changeSet migration/node-core.changelog-pkey.xml::non-clustered_pk-7::R3.Corda due to validation error(s): clustered is not allowed on h2
?[m?[37m[INFO] 12:35:52,514 [Test worker] liquibase. - master.changelog.json: migration/common.changelog-init.xml::1511451595465-1.1::R3.Corda: Sequence hibernate_sequence created
?[m?[37m[INFO] 12:35:52,514 [Test worker] liquibase. - master.changelog.json: migration/common.changelog-init.xml::1511451595465-1.1::R3.Corda: ChangeSet migration/common.changelog-init.xml::1511451595465-1.1::R3.Corda ran successfully in 0ms
?[m?[37m[INFO] 12:35:52,516 [Test worker] liquibase. - master.changelog.json: migration/vault-schema.changelog-init.xml::1511451595465-22::R3.Corda: Table vault_fungible_states created
?[m?[37m[INFO] 12:35:52,516 [Test worker] liquibase. - master.changelog.json: migration/vault-schema.changelog-init.xml::1511451595465-22::R3.Corda: ChangeSet migration/vault-schema.changelog-init.xml::1511451595465-22::R3.Corda ran successfully in 0ms
?[m?[37m[INFO] 12:35:52,518 [Test worker] liquibase. - master.changelog.json: migration/vault-schema.changelog-init.xml::1511451595465-23::R3.Corda: Table vault_fungible_states_parts created
?[m?[37m[INFO] 12:35:52,518 [Test worker] liquibase. - master.changelog.json: migration/vault-schema.changelog-init.xml::1511451595465-23::R3.Corda: ChangeSet migration/vault-schema.changelog-init.xml::1511451595465-23::R3.Corda ran successfully in 1ms
?[m?[37m[INFO] 12:35:52,519 [Test worker] liquibase. - master.changelog.json: migration/vault-schema.changelog-init.xml::1511451595465-24::R3.Corda: Table vault_linear_states created
?[m?[37m[INFO] 12:35:52,519 [Test worker] liquibase. - master.changelog.json: migration/vault-schema.changelog-init.xml::1511451595465-24::R3.Corda: ChangeSet migration/vault-schema.changelog-init.xml::1511451595465-24::R3.Corda ran successfully in 1ms
?[m?[37m[INFO] 12:35:52,520 [Test worker] liquibase. - master.changelog.json: migration/vault-schema.changelog-init.xml::1511451595465-25::R3.Corda: Table vault_linear_states_parts created
?[m?[37m[INFO] 12:35:52,520 [Test worker] liquibase. - master.changelog.json: migration/vault-schema.changelog-init.xml::1511451595465-25::R3.Corda: ChangeSet migration/vault-schema.changelog-init.xml::1511451595465-25::R3.Corda ran successfully in 0ms
?[m?[37m[INFO] 12:35:52,521 [Test worker] liquibase. - master.changelog.json: migration/vault-schema.changelog-init.xml::1511451595465-26::R3.Corda: Table vault_states created
?[m?[37m[INFO] 12:35:52,521 [Test worker] liquibase. - master.changelog.json: migration/vault-schema.changelog-init.xml::1511451595465-26::R3.Corda: ChangeSet migration/vault-schema.changelog-init.xml::1511451595465-26::R3.Corda ran successfully in 0ms
?[m?[37m[INFO] 12:35:52,522 [Test worker] liquibase. - master.changelog.json: migration/vault-schema.changelog-init.xml::1511451595465-27::R3.Corda: Table vault_transaction_notes created
?[m?[37m[INFO] 12:35:52,522 [Test worker] liquibase. - master.changelog.json: migration/vault-schema.changelog-init.xml::1511451595465-27::R3.Corda: ChangeSet migration/vault-schema.changelog-init.xml::1511451595465-27::R3.Corda ran successfully in 0ms
?[m?[37m[INFO] 12:35:52,524 [Test worker] liquibase. - master.changelog.json: migration/vault-schema.changelog-init.xml::1511451595465-47::R3.Corda: Primary key added to vault_fungible_states (output_index, transaction_id)
?[m?[37m[INFO] 12:35:52,524 [Test worker] liquibase. - master.changelog.json: migration/vault-schema.changelog-init.xml::1511451595465-47::R3.Corda: ChangeSet migration/vault-schema.changelog-init.xml::1511451595465-47::R3.Corda ran successfully in 1ms
?[m?[37m[INFO] 12:35:52,525 [Test worker] liquibase. - master.changelog.json: migration/vault-schema.changelog-init.xml::1511451595465-48::R3.Corda: Primary key added to vault_linear_states (output_index, transaction_id)
?[m?[37m[INFO] 12:35:52,525 [Test worker] liquibase. - master.changelog.json: migration/vault-schema.changelog-init.xml::1511451595465-48::R3.Corda: ChangeSet migration/vault-schema.changelog-init.xml::1511451595465-48::R3.Corda ran successfully in 0ms
?[m?[37m[INFO] 12:35:52,526 [Test worker] liquibase. - master.changelog.json: migration/vault-schema.changelog-init.xml::1511451595465-49::R3.Corda: Primary key added to vault_states (output_index, transaction_id)
?[m?[37m[INFO] 12:35:52,526 [Test worker] liquibase. - master.changelog.json: migration/vault-schema.changelog-init.xml::1511451595465-49::R3.Corda: ChangeSet migration/vault-schema.changelog-init.xml::1511451595465-49::R3.Corda ran successfully in 0ms
?[m?[37m[INFO] 12:35:52,527 [Test worker] liquibase. - master.changelog.json: migration/vault-schema.changelog-init.xml::1511451595465-50::R3.Corda: Primary key added to vault_transaction_notes (seq_no)
?[m?[37m[INFO] 12:35:52,527 [Test worker] liquibase. - master.changelog.json: migration/vault-schema.changelog-init.xml::1511451595465-50::R3.Corda: ChangeSet migration/vault-schema.changelog-init.xml::1511451595465-50::R3.Corda ran successfully in 0ms
?[m?[37m[INFO] 12:35:52,528 [Test worker] liquibase. - master.changelog.json: migration/vault-schema.changelog-init.xml::1511451595465-53::R3.Corda: Index external_id_index created
?[m?[37m[INFO] 12:35:52,528 [Test worker] liquibase. - master.changelog.json: migration/vault-schema.changelog-init.xml::1511451595465-53::R3.Corda: ChangeSet migration/vault-schema.changelog-init.xml::1511451595465-53::R3.Corda ran successfully in 0ms
?[m?[37m[INFO] 12:35:52,529 [Test worker] liquibase. - master.changelog.json: migration/vault-schema.changelog-init.xml::1511451595465-55::R3.Corda: Index lock_id_idx created
?[m?[37m[INFO] 12:35:52,529 [Test worker] liquibase. - master.changelog.json: migration/vault-schema.changelog-init.xml::1511451595465-55::R3.Corda: ChangeSet migration/vault-schema.changelog-init.xml::1511451595465-55::R3.Corda ran successfully in 0ms
?[m?[37m[INFO] 12:35:52,530 [Test worker] liquibase. - master.changelog.json: migration/vault-schema.changelog-init.xml::1511451595465-58::R3.Corda: Index state_status_idx created
?[m?[37m[INFO] 12:35:52,530 [Test worker] liquibase. - master.changelog.json: migration/vault-schema.changelog-init.xml::1511451595465-58::R3.Corda: ChangeSet migration/vault-schema.changelog-init.xml::1511451595465-58::R3.Corda ran successfully in 0ms
?[m?[37m[INFO] 12:35:52,531 [Test worker] liquibase. - master.changelog.json: migration/vault-schema.changelog-init.xml::1511451595465-59::R3.Corda: Index transaction_id_index created
?[m?[37m[INFO] 12:35:52,531 [Test worker] liquibase. - master.changelog.json: migration/vault-schema.changelog-init.xml::1511451595465-59::R3.Corda: ChangeSet migration/vault-schema.changelog-init.xml::1511451595465-59::R3.Corda ran successfully in 0ms
?[m?[37m[INFO] 12:35:52,532 [Test worker] liquibase. - master.changelog.json: migration/vault-schema.changelog-init.xml::1511451595465-60::R3.Corda: Index uuid_index created
?[m?[37m[INFO] 12:35:52,532 [Test worker] liquibase. - master.changelog.json: migration/vault-schema.changelog-init.xml::1511451595465-60::R3.Corda: ChangeSet migration/vault-schema.changelog-init.xml::1511451595465-60::R3.Corda ran successfully in 0ms
?[m?[37m[INFO] 12:35:52,534 [Test worker] liquibase. - master.changelog.json: migration/vault-schema.changelog-init.xml::1511451595465-64::R3.Corda: Foreign key constraint added to vault_fungible_states_parts (output_index,transaction_id)
?[m?[37m[INFO] 12:35:52,534 [Test worker] liquibase. - master.changelog.json: migration/vault-schema.changelog-init.xml::1511451595465-64::R3.Corda: ChangeSet migration/vault-schema.changelog-init.xml::1511451595465-64::R3.Corda ran successfully in 1ms
?[m?[37m[INFO] 12:35:52,535 [Test worker] liquibase. - master.changelog.json: migration/vault-schema.changelog-init.xml::1511451595465-65::R3.Corda: Foreign key constraint added to vault_linear_states_parts (output_index,transaction_id)
?[m?[37m[INFO] 12:35:52,535 [Test worker] liquibase. - master.changelog.json: migration/vault-schema.changelog-init.xml::1511451595465-65::R3.Corda: ChangeSet migration/vault-schema.changelog-init.xml::1511451595465-65::R3.Corda ran successfully in 0ms
?[m?[37m[INFO] 12:35:52,537 [Test worker] liquibase. - master.changelog.json: migration/vault-schema.changelog-v3.xml::clean_vault::R3.Corda: Data deleted from vault_fungible_states_parts
?[m?[37m[INFO] 12:35:52,537 [Test worker] liquibase. - master.changelog.json: migration/vault-schema.changelog-v3.xml::clean_vault::R3.Corda: Data deleted from vault_fungible_states
?[m?[37m[INFO] 12:35:52,537 [Test worker] liquibase. - master.changelog.json: migration/vault-schema.changelog-v3.xml::clean_vault::R3.Corda: Data deleted from vault_linear_states_parts
?[m?[37m[INFO] 12:35:52,537 [Test worker] liquibase. - master.changelog.json: migration/vault-schema.changelog-v3.xml::clean_vault::R3.Corda: Data deleted from vault_linear_states
?[m?[37m[INFO] 12:35:52,537 [Test worker] liquibase. - master.changelog.json: migration/vault-schema.changelog-v3.xml::clean_vault::R3.Corda: Data deleted from vault_states
?[m?[37m[INFO] 12:35:52,537 [Test worker] liquibase. - master.changelog.json: migration/vault-schema.changelog-v3.xml::clean_vault::R3.Corda: Data deleted from vault_transaction_notes
?[m?[37m[INFO] 12:35:52,537 [Test worker] liquibase. - master.changelog.json: migration/vault-schema.changelog-v3.xml::clean_vault::R3.Corda: ChangeSet migration/vault-schema.changelog-v3.xml::clean_vault::R3.Corda ran successfully in 1ms
?[m?[37m[INFO] 12:35:52,538 [Test worker] liquibase. - master.changelog.json: migration/vault-schema.changelog-v4.xml::nullability::R3.Corda: Null constraint has been added to vault_fungible_states.quantity
?[m?[37m[INFO] 12:35:52,538 [Test worker] liquibase. - master.changelog.json: migration/vault-schema.changelog-v4.xml::nullability::R3.Corda: Null constraint has been added to vault_states.contract_state_class_name
?[m?[37m[INFO] 12:35:52,538 [Test worker] liquibase. - master.changelog.json: migration/vault-schema.changelog-v4.xml::nullability::R3.Corda: Null constraint has been added to vault_states.notary_name
?[m?[37m[INFO] 12:35:52,538 [Test worker] liquibase. - master.changelog.json: migration/vault-schema.changelog-v4.xml::nullability::R3.Corda: Null constraint has been added to vault_states.recorded_timestamp
?[m?[37m[INFO] 12:35:52,538 [Test worker] liquibase. - master.changelog.json: migration/vault-schema.changelog-v4.xml::nullability::R3.Corda: Index state_status_idx dropped from table vault_states
?[m?[37m[INFO] 12:35:52,538 [Test worker] liquibase. - master.changelog.json: migration/vault-schema.changelog-v4.xml::nullability::R3.Corda: Index lock_id_idx dropped from table vault_states
?[m?[37m[INFO] 12:35:52,538 [Test worker] liquibase. - master.changelog.json: migration/vault-schema.changelog-v4.xml::nullability::R3.Corda: Null constraint has been added to vault_states.state_status
?[m?[37m[INFO] 12:35:52,539 [Test worker] liquibase. - master.changelog.json: migration/vault-schema.changelog-v4.xml::nullability::R3.Corda: Index state_status_idx created
?[m?[37m[INFO] 12:35:52,539 [Test worker] liquibase. - master.changelog.json: migration/vault-schema.changelog-v4.xml::nullability::R3.Corda: Index lock_id_idx created
?[m?[37m[INFO] 12:35:52,539 [Test worker] liquibase. - master.changelog.json: migration/vault-schema.changelog-v4.xml::nullability::R3.Corda: Index transaction_id_index dropped from table vault_transaction_notes
?[m?[37m[INFO] 12:35:52,539 [Test worker] liquibase. - master.changelog.json: migration/vault-schema.changelog-v4.xml::nullability::R3.Corda: Null constraint has been added to vault_transaction_notes.note
?[m?[37m[INFO] 12:35:52,539 [Test worker] liquibase. - master.changelog.json: migration/vault-schema.changelog-v4.xml::nullability::R3.Corda: Null constraint has been added to vault_transaction_notes.transaction_id
?[m?[37m[INFO] 12:35:52,539 [Test worker] liquibase. - master.changelog.json: migration/vault-schema.changelog-v4.xml::nullability::R3.Corda: Index transaction_id_index created
?[m?[37m[INFO] 12:35:52,539 [Test worker] liquibase. - master.changelog.json: migration/vault-schema.changelog-v4.xml::nullability::R3.Corda: ChangeSet migration/vault-schema.changelog-v4.xml::nullability::R3.Corda ran successfully in 1ms
?[m?[37m[INFO] 12:35:52,546 [Test worker] liquibase. - master.changelog.json: migration/vault-schema.changelog-v5.xml::add_relevancy_status_column::R3.Corda: Columns relevancy_status(INT) added to vault_states
?[m?[37m[INFO] 12:35:52,546 [Test worker] liquibase. - master.changelog.json: migration/vault-schema.changelog-v5.xml::add_relevancy_status_column::R3.Corda: Data updated in vault_states
?[m?[37m[INFO] 12:35:52,546 [Test worker] liquibase. - master.changelog.json: migration/vault-schema.changelog-v5.xml::add_relevancy_status_column::R3.Corda: Null constraint has been added to vault_states.relevancy_status
?[m?[37m[INFO] 12:35:52,546 [Test worker] liquibase. - master.changelog.json: migration/vault-schema.changelog-v5.xml::add_relevancy_status_column::R3.Corda: ChangeSet migration/vault-schema.changelog-v5.xml::add_relevancy_status_column::R3.Corda ran successfully in 2ms
?[m?[37m[INFO] 12:35:52,548 [Test worker] liquibase. - master.changelog.json: migration/vault-schema.changelog-v6.xml::add_is_constraint_information_columns::R3.Corda: Columns constraint_type(INT) added to vault_states
?[m?[37m[INFO] 12:35:52,549 [Test worker] liquibase. - master.changelog.json: migration/vault-schema.changelog-v6.xml::add_is_constraint_information_columns::R3.Corda: Columns constraint_data(varbinary(563)) added to vault_states
?[m?[37m[INFO] 12:35:52,549 [Test worker] liquibase. - master.changelog.json: migration/vault-schema.changelog-v6.xml::add_is_constraint_information_columns::R3.Corda: ChangeSet migration/vault-schema.changelog-v6.xml::add_is_constraint_information_columns::R3.Corda ran successfully in 2ms
?[m?[37m[INFO] 12:35:52,550 [Test worker] liquibase. - master.changelog.json: migration/vault-schema.changelog-v7.xml::make_issuer_ref_nullable::R3.Corda: Null constraint dropped from vault_fungible_states.issuer_ref
?[m?[37m[INFO] 12:35:52,550 [Test worker] liquibase. - master.changelog.json: migration/vault-schema.changelog-v7.xml::make_issuer_ref_nullable::R3.Corda: ChangeSet migration/vault-schema.changelog-v7.xml::make_issuer_ref_nullable::R3.Corda ran successfully in 0ms
?[m?[37m[INFO] 12:35:52,551 [Test worker] liquibase. - master.changelog.json: migration/vault-schema.changelog-v8.xml::create-external-id-to-state-party-view::R3.Corda: Table state_party created
?[m?[37m[INFO] 12:35:52,552 [Test worker] liquibase. - master.changelog.json: migration/vault-schema.changelog-v8.xml::create-external-id-to-state-party-view::R3.Corda: Index state_pk_hash_idx created
?[m?[37m[INFO] 12:35:52,552 [Test worker] liquibase. - master.changelog.json: migration/vault-schema.changelog-v8.xml::create-external-id-to-state-party-view::R3.Corda: Table pk_hash_to_ext_id_map created
?[m?[37m[INFO] 12:35:52,552 [Test worker] liquibase. - master.changelog.json: migration/vault-schema.changelog-v8.xml::create-external-id-to-state-party-view::R3.Corda: Index pk_hash_to_xid_idx created
?[m?[37m[INFO] 12:35:52,554 [Test worker] liquibase. - master.changelog.json: migration/vault-schema.changelog-v8.xml::create-external-id-to-state-party-view::R3.Corda: View v_pkey_hash_ex_id_map created
?[m?[37m[INFO] 12:35:52,554 [Test worker] liquibase. - master.changelog.json: migration/vault-schema.changelog-v8.xml::create-external-id-to-state-party-view::R3.Corda: ChangeSet migration/vault-schema.changelog-v8.xml::create-external-id-to-state-party-view::R3.Corda ran successfully in 3ms
?[m?[37m[INFO] 12:35:52,555 [Test worker] liquibase. - master.changelog.json: migration/node-info.changelog-init.xml::1511451595465-4::R3.Corda: Table node_link_nodeinfo_party created
?[m?[37m[INFO] 12:35:52,555 [Test worker] liquibase. - master.changelog.json: migration/node-info.changelog-init.xml::1511451595465-4::R3.Corda: ChangeSet migration/node-info.changelog-init.xml::1511451595465-4::R3.Corda ran successfully in 1ms
?[m?[37m[INFO] 12:35:52,556 [Test worker] liquibase. - master.changelog.json: migration/node-info.changelog-init.xml::1511451595465-10::R3.Corda: Table node_info_hosts created
?[m?[37m[INFO] 12:35:52,556 [Test worker] liquibase. - master.changelog.json: migration/node-info.changelog-init.xml::1511451595465-10::R3.Corda: ChangeSet migration/node-info.changelog-init.xml::1511451595465-10::R3.Corda ran successfully in 1ms
?[m?[37m[INFO] 12:35:52,556 [Test worker] liquibase. - master.changelog.json: migration/node-info.changelog-init.xml::1511451595465-11::R3.Corda: Table node_info_party_cert created
?[m?[37m[INFO] 12:35:52,556 [Test worker] liquibase. - master.changelog.json: migration/node-info.changelog-init.xml::1511451595465-11::R3.Corda: ChangeSet migration/node-info.changelog-init.xml::1511451595465-11::R3.Corda ran successfully in 0ms
?[m?[37m[INFO] 12:35:52,557 [Test worker] liquibase. - master.changelog.json: migration/node-info.changelog-init.xml::1511451595465-12::R3.Corda: Table node_infos created
?[m?[37m[INFO] 12:35:52,557 [Test worker] liquibase. - master.changelog.json: migration/node-info.changelog-init.xml::1511451595465-12::R3.Corda: ChangeSet migration/node-info.changelog-init.xml::1511451595465-12::R3.Corda ran successfully in 0ms
?[m?[37m[INFO] 12:35:52,558 [Test worker] liquibase. - master.changelog.json: migration/node-info.changelog-init.xml::1511451595465-35::R3.Corda: Primary key added to node_info_hosts (host, port)
?[m?[37m[INFO] 12:35:52,558 [Test worker] liquibase. - master.changelog.json: migration/node-info.changelog-init.xml::1511451595465-35::R3.Corda: ChangeSet migration/node-info.changelog-init.xml::1511451595465-35::R3.Corda ran successfully in 0ms
?[m?[37m[INFO] 12:35:52,560 [Test worker] liquibase. - master.changelog.json: migration/node-info.changelog-init.xml::1511451595465-36::R3.Corda: Primary key added to node_info_party_cert (party_name)
?[m?[37m[INFO] 12:35:52,560 [Test worker] liquibase. - master.changelog.json: migration/node-info.changelog-init.xml::1511451595465-36::R3.Corda: ChangeSet migration/node-info.changelog-init.xml::1511451595465-36::R3.Corda ran successfully in 1ms
?[m?[37m[INFO] 12:35:52,561 [Test worker] liquibase. - master.changelog.json: migration/node-info.changelog-init.xml::1511451595465-37::R3.Corda: Primary key added to node_infos (node_info_id)
?[m?[37m[INFO] 12:35:52,561 [Test worker] liquibase. - master.changelog.json: migration/node-info.changelog-init.xml::1511451595465-37::R3.Corda: ChangeSet migration/node-info.changelog-init.xml::1511451595465-37::R3.Corda ran successfully in 0ms
?[m?[37m[INFO] 12:35:52,562 [Test worker] liquibase. - master.changelog.json: migration/node-info.changelog-init.xml::1511451595465-62::R3.Corda: Foreign key constraint added to node_link_nodeinfo_party (node_info_id)
?[m?[37m[INFO] 12:35:52,562 [Test worker] liquibase. - master.changelog.json: migration/node-info.changelog-init.xml::1511451595465-62::R3.Corda: ChangeSet migration/node-info.changelog-init.xml::1511451595465-62::R3.Corda ran successfully in 0ms
?[m?[37m[INFO] 12:35:52,564 [Test worker] liquibase. - master.changelog.json: migration/node-info.changelog-init.xml::1511451595465-63::R3.Corda: Foreign key constraint added to node_info_hosts (node_info_id)
?[m?[37m[INFO] 12:35:52,564 [Test worker] liquibase. - master.changelog.json: migration/node-info.changelog-init.xml::1511451595465-63::R3.Corda: ChangeSet migration/node-info.changelog-init.xml::1511451595465-63::R3.Corda ran successfully in 1ms
?[m?[37m[INFO] 12:35:52,565 [Test worker] liquibase. - master.changelog.json: migration/node-info.changelog-init.xml::remove_host_port_pk::R3.Corda: Data deleted from node_infos
?[m?[37m[INFO] 12:35:52,565 [Test worker] liquibase. - master.changelog.json: migration/node-info.changelog-init.xml::remove_host_port_pk::R3.Corda: Data deleted from node_link_nodeinfo_party
?[m?[37m[INFO] 12:35:52,565 [Test worker] liquibase. - master.changelog.json: migration/node-info.changelog-init.xml::remove_host_port_pk::R3.Corda: Data deleted from node_info_hosts
?[m?[37m[INFO] 12:35:52,565 [Test worker] liquibase. - master.changelog.json: migration/node-info.changelog-init.xml::remove_host_port_pk::R3.Corda: Data deleted from node_info_party_cert
?[m?[37m[INFO] 12:35:52,565 [Test worker] liquibase. - master.changelog.json: migration/node-info.changelog-init.xml::remove_host_port_pk::R3.Corda: Primary key dropped from node_info_hosts
?[m?[37m[INFO] 12:35:52,566 [Test worker] liquibase. - master.changelog.json: migration/node-info.changelog-init.xml::remove_host_port_pk::R3.Corda: Columns hosts_id(INT) added to node_info_hosts
?[m?[37m[INFO] 12:35:52,566 [Test worker] liquibase. - master.changelog.json: migration/node-info.changelog-init.xml::remove_host_port_pk::R3.Corda: Primary key added to node_info_hosts (hosts_id)
?[m?[37m[INFO] 12:35:52,566 [Test worker] liquibase. - master.changelog.json: migration/node-info.changelog-init.xml::remove_host_port_pk::R3.Corda: ChangeSet migration/node-info.changelog-init.xml::remove_host_port_pk::R3.Corda ran successfully in 2ms
?[m?[37m[INFO] 12:35:52,567 [Test worker] liquibase. - master.changelog.json: migration/node-info.changelog-v1.xml::key/value node properties table::R3.Corda: Table node_properties created
?[m?[37m[INFO] 12:35:52,567 [Test worker] liquibase. - master.changelog.json: migration/node-info.changelog-v1.xml::key/value node properties table::R3.Corda: ChangeSet migration/node-info.changelog-v1.xml::key/value node properties table::R3.Corda ran successfully in 0ms
?[m?[37m[INFO] 12:35:52,568 [Test worker] liquibase. - master.changelog.json: migration/node-info.changelog-v2.xml::1525962920::R3.Corda: Null constraint has been added to node_infos.node_info_hash
?[m?[37m[INFO] 12:35:52,568 [Test worker] liquibase. - master.changelog.json: migration/node-info.changelog-v2.xml::1525962920::R3.Corda: Null constraint has been added to node_infos.platform_version
?[m?[37m[INFO] 12:35:52,568 [Test worker] liquibase. - master.changelog.json: migration/node-info.changelog-v2.xml::1525962920::R3.Corda: Null constraint has been added to node_infos.serial
?[m?[37m[INFO] 12:35:52,568 [Test worker] liquibase. - master.changelog.json: migration/node-info.changelog-v2.xml::1525962920::R3.Corda: Null constraint dropped from node_info_hosts.host
?[m?[37m[INFO] 12:35:52,568 [Test worker] liquibase. - master.changelog.json: migration/node-info.changelog-v2.xml::1525962920::R3.Corda: Null constraint dropped from node_info_hosts.port
?[m?[37m[INFO] 12:35:52,569 [Test worker] liquibase. - master.changelog.json: migration/node-info.changelog-v2.xml::1525962920::R3.Corda: Null constraint has been added to node_info_party_cert.owning_key_hash
?[m?[37m[INFO] 12:35:52,569 [Test worker] liquibase. - master.changelog.json: migration/node-info.changelog-v2.xml::1525962920::R3.Corda: Null constraint has been added to node_info_party_cert.party_cert_binary
?[m?[37m[INFO] 12:35:52,569 [Test worker] liquibase. - master.changelog.json: migration/node-info.changelog-v2.xml::1525962920::R3.Corda: ChangeSet migration/node-info.changelog-v2.xml::1525962920::R3.Corda ran successfully in 1ms
?[m?[37m[INFO] 12:35:52,570 [Test worker] liquibase. - master.changelog.json: migration/node-info.changelog-v3.xml::column_host_name::R3.Corda: Column node_info_hosts.host renamed to host_name
?[m?[37m[INFO] 12:35:52,570 [Test worker] liquibase. - master.changelog.json: migration/node-info.changelog-v3.xml::column_host_name::R3.Corda: ChangeSet migration/node-info.changelog-v3.xml::column_host_name::R3.Corda ran successfully in 0ms
?[m?[37m[INFO] 12:35:52,571 [Test worker] liquibase. - master.changelog.json: migration/node-services.changelog-init.xml::1511451595465-5::R3.Corda: Table node_attachments created
?[m?[37m[INFO] 12:35:52,571 [Test worker] liquibase. - master.changelog.json: migration/node-services.changelog-init.xml::1511451595465-5::R3.Corda: ChangeSet migration/node-services.changelog-init.xml::1511451595465-5::R3.Corda ran successfully in 0ms
?[m?[37m[INFO] 12:35:52,572 [Test worker] liquibase. - master.changelog.json: migration/node-services.changelog-init.xml::1511451595465-7::R3.Corda: Table node_checkpoints created
?[m?[37m[INFO] 12:35:52,572 [Test worker] liquibase. - master.changelog.json: migration/node-services.changelog-init.xml::1511451595465-7::R3.Corda: ChangeSet migration/node-services.changelog-init.xml::1511451595465-7::R3.Corda ran successfully in 0ms
?[m?[37m[INFO] 12:35:52,573 [Test worker] liquibase. - master.changelog.json: migration/node-services.changelog-init.xml::1511451595465-8::R3.Corda: Table node_contract_upgrades created
?[m?[37m[INFO] 12:35:52,573 [Test worker] liquibase. - master.changelog.json: migration/node-services.changelog-init.xml::1511451595465-8::R3.Corda: ChangeSet migration/node-services.changelog-init.xml::1511451595465-8::R3.Corda ran successfully in 0ms
?[m?[37m[INFO] 12:35:52,574 [Test worker] liquibase. - master.changelog.json: migration/node-services.changelog-init.xml::1511451595465-9::R3.Corda: Table node_identities created
?[m?[37m[INFO] 12:35:52,574 [Test worker] liquibase. - master.changelog.json: migration/node-services.changelog-init.xml::1511451595465-9::R3.Corda: ChangeSet migration/node-services.changelog-init.xml::1511451595465-9::R3.Corda ran successfully in 0ms
?[m?[37m[INFO] 12:35:52,575 [Test worker] liquibase. - master.changelog.json: migration/node-services.changelog-init.xml::1511451595465-13::R3.Corda: Table node_message_ids created
?[m?[37m[INFO] 12:35:52,575 [Test worker] liquibase. - master.changelog.json: migration/node-services.changelog-init.xml::1511451595465-13::R3.Corda: ChangeSet migration/node-services.changelog-init.xml::1511451595465-13::R3.Corda ran successfully in 0ms
?[m?[37m[INFO] 12:35:52,576 [Test worker] liquibase. - master.changelog.json: migration/node-services.changelog-init.xml::1511451595465-14::R3.Corda: Table node_message_retry created
?[m?[37m[INFO] 12:35:52,576 [Test worker] liquibase. - master.changelog.json: migration/node-services.changelog-init.xml::1511451595465-14::R3.Corda: ChangeSet migration/node-services.changelog-init.xml::1511451595465-14::R3.Corda ran successfully in 0ms
?[m?[37m[INFO] 12:35:52,577 [Test worker] liquibase. - master.changelog.json: migration/node-services.changelog-init.xml::1511451595465-15::R3.Corda: Table node_named_identities created
?[m?[37m[INFO] 12:35:52,577 [Test worker] liquibase. - master.changelog.json: migration/node-services.changelog-init.xml::1511451595465-15::R3.Corda: ChangeSet migration/node-services.changelog-init.xml::1511451595465-15::R3.Corda ran successfully in 0ms
?[m?[37m[INFO] 12:35:52,578 [Test worker] liquibase. - master.changelog.json: migration/node-services.changelog-init.xml::1511451595465-17::R3.Corda: Table node_our_key_pairs created
?[m?[37m[INFO] 12:35:52,578 [Test worker] liquibase. - master.changelog.json: migration/node-services.changelog-init.xml::1511451595465-17::R3.Corda: ChangeSet migration/node-services.changelog-init.xml::1511451595465-17::R3.Corda ran successfully in 0ms
?[m?[37m[INFO] 12:35:52,580 [Test worker] liquibase. - master.changelog.json: migration/node-services.changelog-init.xml::1511451595465-19::R3.Corda: Table node_scheduled_states created
?[m?[37m[INFO] 12:35:52,580 [Test worker] liquibase. - master.changelog.json: migration/node-services.changelog-init.xml::1511451595465-19::R3.Corda: ChangeSet migration/node-services.changelog-init.xml::1511451595465-19::R3.Corda ran successfully in 1ms
?[m?[37m[INFO] 12:35:52,581 [Test worker] liquibase. - master.changelog.json: migration/node-services.changelog-init.xml::1511451595465-20::R3.Corda: Table node_transaction_mappings created
?[m?[37m[INFO] 12:35:52,581 [Test worker] liquibase. - master.changelog.json: migration/node-services.changelog-init.xml::1511451595465-20::R3.Corda: ChangeSet migration/node-services.changelog-init.xml::1511451595465-20::R3.Corda ran successfully in 0ms
?[m?[37m[INFO] 12:35:52,583 [Test worker] liquibase. - master.changelog.json: migration/node-services.changelog-init.xml::1511451595465-21::R3.Corda: Table node_transactions created
?[m?[37m[INFO] 12:35:52,583 [Test worker] liquibase. - master.changelog.json: migration/node-services.changelog-init.xml::1511451595465-21::R3.Corda: ChangeSet migration/node-services.changelog-init.xml::1511451595465-21::R3.Corda ran successfully in 1ms
?[m?[37m[INFO] 12:35:52,584 [Test worker] liquibase. - master.changelog.json: migration/node-services.changelog-init.xml::1511451595465-30::R3.Corda: Primary key added to node_attachments (att_id)
?[m?[37m[INFO] 12:35:52,584 [Test worker] liquibase. - master.changelog.json: migration/node-services.changelog-init.xml::1511451595465-30::R3.Corda: ChangeSet migration/node-services.changelog-init.xml::1511451595465-30::R3.Corda ran successfully in 0ms
?[m?[37m[INFO] 12:35:52,586 [Test worker] liquibase. - master.changelog.json: migration/node-services.changelog-init.xml::1511451595465-32::R3.Corda: Primary key added to node_checkpoints (checkpoint_id)
?[m?[37m[INFO] 12:35:52,586 [Test worker] liquibase. - master.changelog.json: migration/node-services.changelog-init.xml::1511451595465-32::R3.Corda: ChangeSet migration/node-services.changelog-init.xml::1511451595465-32::R3.Corda ran successfully in 1ms
?[m?[37m[INFO] 12:35:52,587 [Test worker] liquibase. - master.changelog.json: migration/node-services.changelog-init.xml::1511451595465-33::R3.Corda: Primary key added to node_contract_upgrades (state_ref)
?[m?[37m[INFO] 12:35:52,587 [Test worker] liquibase. - master.changelog.json: migration/node-services.changelog-init.xml::1511451595465-33::R3.Corda: ChangeSet migration/node-services.changelog-init.xml::1511451595465-33::R3.Corda ran successfully in 0ms
?[m?[37m[INFO] 12:35:52,588 [Test worker] liquibase. - master.changelog.json: migration/node-services.changelog-init.xml::1511451595465-34::R3.Corda: Primary key added to node_identities (pk_hash)
?[m?[37m[INFO] 12:35:52,588 [Test worker] liquibase. - master.changelog.json: migration/node-services.changelog-init.xml::1511451595465-34::R3.Corda: ChangeSet migration/node-services.changelog-init.xml::1511451595465-34::R3.Corda ran successfully in 0ms
?[m?[37m[INFO] 12:35:52,589 [Test worker] liquibase. - master.changelog.json: migration/node-services.changelog-init.xml::1511451595465-38::R3.Corda: Primary key added to node_message_ids (message_id)
?[m?[37m[INFO] 12:35:52,589 [Test worker] liquibase. - master.changelog.json: migration/node-services.changelog-init.xml::1511451595465-38::R3.Corda: ChangeSet migration/node-services.changelog-init.xml::1511451595465-38::R3.Corda ran successfully in 0ms
?[m?[37m[INFO] 12:35:52,590 [Test worker] liquibase. - master.changelog.json: migration/node-services.changelog-init.xml::1511451595465-39::R3.Corda: Primary key added to node_message_retry (message_id)
?[m?[37m[INFO] 12:35:52,590 [Test worker] liquibase. - master.changelog.json: migration/node-services.changelog-init.xml::1511451595465-39::R3.Corda: ChangeSet migration/node-services.changelog-init.xml::1511451595465-39::R3.Corda ran successfully in 0ms
?[m?[37m[INFO] 12:35:52,591 [Test worker] liquibase. - master.changelog.json: migration/node-services.changelog-init.xml::1511451595465-40::R3.Corda: Primary key added to node_named_identities (name)
?[m?[37m[INFO] 12:35:52,591 [Test worker] liquibase. - master.changelog.json: migration/node-services.changelog-init.xml::1511451595465-40::R3.Corda: ChangeSet migration/node-services.changelog-init.xml::1511451595465-40::R3.Corda ran successfully in 0ms
?[m?[37m[INFO] 12:35:52,593 [Test worker] liquibase. - master.changelog.json: migration/node-services.changelog-init.xml::1511451595465-42::R3.Corda: Primary key added to node_our_key_pairs (public_key_hash)
?[m?[37m[INFO] 12:35:52,593 [Test worker] liquibase. - master.changelog.json: migration/node-services.changelog-init.xml::1511451595465-42::R3.Corda: ChangeSet migration/node-services.changelog-init.xml::1511451595465-42::R3.Corda ran successfully in 1ms
?[m?[37m[INFO] 12:35:52,594 [Test worker] liquibase. - master.changelog.json: migration/node-services.changelog-init.xml::1511451595465-44::R3.Corda: Primary key added to node_scheduled_states (output_index, transaction_id)
?[m?[37m[INFO] 12:35:52,594 [Test worker] liquibase. - master.changelog.json: migration/node-services.changelog-init.xml::1511451595465-44::R3.Corda: ChangeSet migration/node-services.changelog-init.xml::1511451595465-44::R3.Corda ran successfully in 0ms
?[m?[37m[INFO] 12:35:52,595 [Test worker] liquibase. - master.changelog.json: migration/node-services.changelog-init.xml::1511451595465-45::R3.Corda: Primary key added to node_transaction_mappings (tx_id)
?[m?[37m[INFO] 12:35:52,595 [Test worker] liquibase. - master.changelog.json: migration/node-services.changelog-init.xml::1511451595465-45::R3.Corda: ChangeSet migration/node-services.changelog-init.xml::1511451595465-45::R3.Corda ran successfully in 0ms
?[m?[37m[INFO] 12:35:52,596 [Test worker] liquibase. - master.changelog.json: migration/node-services.changelog-init.xml::1511451595465-46::R3.Corda: Primary key added to node_transactions (tx_id)
?[m?[37m[INFO] 12:35:52,596 [Test worker] liquibase. - master.changelog.json: migration/node-services.changelog-init.xml::1511451595465-46::R3.Corda: ChangeSet migration/node-services.changelog-init.xml::1511451595465-46::R3.Corda ran successfully in 0ms
?[m?[37m[INFO] 12:35:52,598 [Test worker] liquibase. - master.changelog.json: migration/node-services.changelog-init.xml::1511451595465-61::R3.Corda: Foreign key constraint added to node_link_nodeinfo_party (party_name)
?[m?[37m[INFO] 12:35:52,598 [Test worker] liquibase. - master.changelog.json: migration/node-services.changelog-init.xml::1511451595465-61::R3.Corda: ChangeSet migration/node-services.changelog-init.xml::1511451595465-61::R3.Corda ran successfully in 1ms
?[m?[37m[INFO] 12:35:52,599 [Test worker] liquibase. - master.changelog.json: migration/node-services.changelog-init.xml::add index att_id::R3.Corda: Index att_id_idx created
?[m?[37m[INFO] 12:35:52,599 [Test worker] liquibase. - master.changelog.json: migration/node-services.changelog-init.xml::add index att_id::R3.Corda: ChangeSet migration/node-services.changelog-init.xml::add index att_id::R3.Corda ran successfully in 0ms
?[m?[37m[INFO] 12:35:52,600 [Test worker] liquibase. - master.changelog.json: migration/node-services.changelog-init.xml::add_contract_attachment::R3.Corda: Table node_attchments_contracts created
?[m?[37m[INFO] 12:35:52,600 [Test worker] liquibase. - master.changelog.json: migration/node-services.changelog-init.xml::add_contract_attachment::R3.Corda: Foreign key constraint added to node_attchments_contracts (att_id)
?[m?[37m[INFO] 12:35:52,600 [Test worker] liquibase. - master.changelog.json: migration/node-services.changelog-init.xml::add_contract_attachment::R3.Corda: Data deleted from node_attachments
?[m?[37m[INFO] 12:35:52,600 [Test worker] liquibase. - master.changelog.json: migration/node-services.changelog-init.xml::add_contract_attachment::R3.Corda: ChangeSet migration/node-services.changelog-init.xml::add_contract_attachment::R3.Corda ran successfully in 0ms
?[m?[37m[INFO] 12:35:52,603 [Test worker] liquibase. - master.changelog.json: migration/node-services.changelog-init.xml::add_dedup_columns::R3.Corda: Columns sender(NVARCHAR(64)),sequence_number(BIGINT) added to node_message_ids
?[m?[37m[INFO] 12:35:52,603 [Test worker] liquibase. - master.changelog.json: migration/node-services.changelog-init.xml::add_dedup_columns::R3.Corda: ChangeSet migration/node-services.changelog-init.xml::add_dedup_columns::R3.Corda ran successfully in 2ms
?[m?[37m[INFO] 12:35:52,605 [Test worker] liquibase. - master.changelog.json: migration/node-core.changelog-v4.xml::attchments_rename::R3.Corda: Table node_attchments_contracts renamed to node_attachments_contracts
?[m?[37m[INFO] 12:35:52,605 [Test worker] liquibase. - master.changelog.json: migration/node-core.changelog-v4.xml::attchments_rename::R3.Corda: ChangeSet migration/node-core.changelog-v4.xml::attchments_rename::R3.Corda ran successfully in 1ms
?[m?[37m[INFO] 12:35:52,606 [Test worker] liquibase. - master.changelog.json: migration/node-core.changelog-v4.xml::nullability::R3.Corda: Null constraint has been added to node_identities.identity_value
?[m?[37m[INFO] 12:35:52,606 [Test worker] liquibase. - master.changelog.json: migration/node-core.changelog-v4.xml::nullability::R3.Corda: Null constraint has been added to node_attachments.content
?[m?[37m[INFO] 12:35:52,606 [Test worker] liquibase. - master.changelog.json: migration/node-core.changelog-v4.xml::nullability::R3.Corda: Null constraint has been added to node_attachments_contracts.contract_class_name
?[m?[37m[INFO] 12:35:52,606 [Test worker] liquibase. - master.changelog.json: migration/node-core.changelog-v4.xml::nullability::R3.Corda: Null constraint has been added to node_checkpoints.checkpoint_value
?[m?[37m[INFO] 12:35:52,606 [Test worker] liquibase. - master.changelog.json: migration/node-core.changelog-v4.xml::nullability::R3.Corda: Null constraint has been added to node_contract_upgrades.contract_class_name
?[m?[37m[INFO] 12:35:52,607 [Test worker] liquibase. - master.changelog.json: migration/node-core.changelog-v4.xml::nullability::R3.Corda: Null constraint has been added to node_message_ids.insertion_time
?[m?[37m[INFO] 12:35:52,607 [Test worker] liquibase. - master.changelog.json: migration/node-core.changelog-v4.xml::nullability::R3.Corda: Null constraint has been added to node_message_retry.message
?[m?[37m[INFO] 12:35:52,607 [Test worker] liquibase. - master.changelog.json: migration/node-core.changelog-v4.xml::nullability::R3.Corda: Null constraint has been added to node_message_retry.recipients
?[m?[37m[INFO] 12:35:52,607 [Test worker] liquibase. - master.changelog.json: migration/node-core.changelog-v4.xml::nullability::R3.Corda: Null constraint has been added to node_named_identities.pk_hash
?[m?[37m[INFO] 12:35:52,607 [Test worker] liquibase. - master.changelog.json: migration/node-core.changelog-v4.xml::nullability::R3.Corda: Null constraint has been added to node_our_key_pairs.private_key
?[m?[37m[INFO] 12:35:52,607 [Test worker] liquibase. - master.changelog.json: migration/node-core.changelog-v4.xml::nullability::R3.Corda: Null constraint has been added to node_our_key_pairs.public_key
?[m?[37m[INFO] 12:35:52,607 [Test worker] liquibase. - master.changelog.json: migration/node-core.changelog-v4.xml::nullability::R3.Corda: Null constraint has been added to node_transaction_mappings.state_machine_run_id
?[m?[37m[INFO] 12:35:52,607 [Test worker] liquibase. - master.changelog.json: migration/node-core.changelog-v4.xml::nullability::R3.Corda: Null constraint has been added to node_transactions.transaction_value
?[m?[37m[INFO] 12:35:52,607 [Test worker] liquibase. - master.changelog.json: migration/node-core.changelog-v4.xml::nullability::R3.Corda: ChangeSet migration/node-core.changelog-v4.xml::nullability::R3.Corda ran successfully in 1ms
?[m?[37m[INFO] 12:35:52,608 [Test worker] liquibase. - master.changelog.json: migration/node-core.changelog-v5.xml::remove_unused_node_message_retry::R3.Corda: Table node_message_retry dropped
?[m?[37m[INFO] 12:35:52,608 [Test worker] liquibase. - master.changelog.json: migration/node-core.changelog-v5.xml::remove_unused_node_message_retry::R3.Corda: ChangeSet migration/node-core.changelog-v5.xml::remove_unused_node_message_retry::R3.Corda ran successfully in 0ms
?[m?[37m[INFO] 12:35:52,619 [Test worker] liquibase. - master.changelog.json: migration/node-core.changelog-v8.xml::conditional_attchments_rename::R3.Corda: Marking ChangeSet: migration/node-core.changelog-v8.xml::conditional_attchments_rename::R3.Corda ran despite precondition failure due to onFail='MARK_RAN': 
          master.changelog.json : Table PUBLIC.NODE_ATTCHMENTS_CONTRACTS does not exist

?[m?[37m[INFO] 12:35:52,624 [Test worker] liquibase. - master.changelog.json: migration/node-core.changelog-v8.xml::conditional_attchments_contracts::R3.Corda: Marking ChangeSet: migration/node-core.changelog-v8.xml::conditional_attchments_contracts::R3.Corda ran despite precondition failure due to onFail='MARK_RAN': 
          master.changelog.json : Table PUBLIC.NODE_ATTACHMENTS_CONTRACT_CLASS_NAME does not exist

?[m?[37m[INFO] 12:35:52,625 [Test worker] liquibase. - master.changelog.json: migration/node-core.changelog-v8.xml::add_signers::R3.Corda: Table node_attachments_signers created
?[m?[37m[INFO] 12:35:52,626 [Test worker] liquibase. - master.changelog.json: migration/node-core.changelog-v8.xml::add_signers::R3.Corda: Foreign key constraint added to node_attachments_signers (att_id)
?[m?[37m[INFO] 12:35:52,626 [Test worker] liquibase. - master.changelog.json: migration/node-core.changelog-v8.xml::add_signers::R3.Corda: ChangeSet migration/node-core.changelog-v8.xml::add_signers::R3.Corda ran successfully in 1ms
?[m?[37m[INFO] 12:35:52,627 [Test worker] liquibase. - master.changelog.json: migration/node-core.changelog-tx-mapping.xml::add_tx_mapping_column::R3.Corda: Columns state_machine_run_id(NVARCHAR(36)) added to node_transactions
?[m?[37m[INFO] 12:35:52,628 [Test worker] liquibase. - master.changelog.json: migration/node-core.changelog-tx-mapping.xml::add_tx_mapping_column::R3.Corda: Custom SQL executed
?[m?[37m[INFO] 12:35:52,628 [Test worker] liquibase. - master.changelog.json: migration/node-core.changelog-tx-mapping.xml::add_tx_mapping_column::R3.Corda: Table node_transaction_mappings dropped
?[m?[37m[INFO] 12:35:52,628 [Test worker] liquibase. - master.changelog.json: migration/node-core.changelog-tx-mapping.xml::add_tx_mapping_column::R3.Corda: ChangeSet migration/node-core.changelog-tx-mapping.xml::add_tx_mapping_column::R3.Corda ran successfully in 1ms
?[m?[37m[INFO] 12:35:52,629 [Test worker] liquibase. - master.changelog.json: migration/node-services.changelog-init.xml::add_network_parameters_storage::R3.Corda: Table node_network_parameters created
?[m?[37m[INFO] 12:35:52,629 [Test worker] liquibase. - master.changelog.json: migration/node-services.changelog-init.xml::add_network_parameters_storage::R3.Corda: ChangeSet migration/node-services.changelog-init.xml::add_network_parameters_storage::R3.Corda ran successfully in 0ms
?[m?[37m[INFO] 12:35:52,630 [Test worker] liquibase. - master.changelog.json: migration/node-services.changelog-init.xml::network_parameters_pk::R3.Corda: Primary key added to node_network_parameters (hash)
?[m?[37m[INFO] 12:35:52,630 [Test worker] liquibase. - master.changelog.json: migration/node-services.changelog-init.xml::network_parameters_pk::R3.Corda: ChangeSet migration/node-services.changelog-init.xml::network_parameters_pk::R3.Corda ran successfully in 0ms
?[m?[37m[INFO] 12:35:52,632 [Test worker] liquibase. - master.changelog.json: migration/node-services.changelog-init.xml::add_version_column::R3.Corda: Columns version(INT) added to node_attachments
?[m?[37m[INFO] 12:35:52,632 [Test worker] liquibase. - master.changelog.json: migration/node-services.changelog-init.xml::add_version_column::R3.Corda: Custom SQL executed
?[m?[37m[INFO] 12:35:52,633 [Test worker] liquibase. - master.changelog.json: migration/node-services.changelog-init.xml::add_version_column::R3.Corda: Null constraint has been added to node_attachments.version
?[m?[37m[INFO] 12:35:52,633 [Test worker] liquibase. - master.changelog.json: migration/node-services.changelog-init.xml::add_version_column::R3.Corda: ChangeSet migration/node-services.changelog-init.xml::add_version_column::R3.Corda ran successfully in 2ms
?[m?[37m[INFO] 12:35:52,634 [Test worker] persistence.AttachmentVersionNumberMigration. - Start executing...
?[m?[37m[INFO] 12:35:52,635 [Test worker] persistence.AttachmentVersionNumberMigration. - Attachment version creation from whitelisted JARs using network parameters from build\mock-network\20190412-153551.341\nodes\1\network-parameters, whitelistedContractImplementations: {}.
?[m?[37m[INFO] 12:35:52,635 [Test worker] persistence.AttachmentVersionNumberMigration. - Attachment version creation from whitelisted JARs skipped, no attachments not found.
?[m?[37m[INFO] 12:35:52,635 [Test worker] liquibase. - master.changelog.json: migration/node-services.changelog-init.xml::update-version-of-whitelisted-jars::R3.Corda: null
?[m?[37m[INFO] 12:35:52,635 [Test worker] liquibase. - master.changelog.json: migration/node-services.changelog-init.xml::update-version-of-whitelisted-jars::R3.Corda: ChangeSet migration/node-services.changelog-init.xml::update-version-of-whitelisted-jars::R3.Corda ran successfully in 1ms
?[m?[37m[INFO] 12:35:52,636 [Test worker] migration.VaultStateMigration. - Migrating vault state data to V4 tables
?[m?[37m[INFO] 12:35:52,638 [Test worker] persistence.HibernateConfiguration. - Init HibernateConfiguration for schemas: [VaultMigrationSchemaV1(name=net.corda.node.migration.VaultMigrationSchema, version=1), VaultSchemaV1(name=net.corda.node.services.vault.VaultSchema, version=1)]
?[m?[37m[INFO] 12:35:52,638 [Test worker] persistence.HibernateConfiguration. - Creating session factory for schemas: [VaultMigrationSchemaV1(name=net.corda.node.migration.VaultMigrationSchema, version=1), VaultSchemaV1(name=net.corda.node.services.vault.VaultSchema, version=1)]
?[m?[37m[INFO] 12:35:52,644 [Test worker] internal.ConnectionProviderInitiator. - HHH000130: Instantiating explicit connection provider: net.corda.nodeapi.internal.persistence.HibernateConfiguration$NodeDatabaseConnectionProvider
?[m?[37m[INFO] 12:35:52,644 [Test worker] dialect.Dialect. - HHH000400: Using dialect: org.hibernate.dialect.H2Dialect
?[m?[37m[INFO] 12:35:52,646 [Test worker] type.BasicTypeRegistry. - HHH000270: Type registration [materialized_blob] overrides previous : org.hibernate.type.MaterializedBlobType@61c329e6
?[m?[37m[INFO] 12:35:52,696 [Test worker] connections.access. - HHH10001501: Connection obtained from JdbcConnectionAccess [org.hibernate.engine.jdbc.env.internal.JdbcEnvironmentInitiator$ConnectionProviderJdbcConnectionAccess@2aac7415] for (non-JTA) DDL execution was not in auto-commit mode; the Connection 'local transaction' will be committed and the Connection will be set into auto-commit mode.
?[m?[37m[INFO] 12:35:52,716 [Test worker] persistence.HibernateConfiguration. - Created session factory for schemas: [VaultMigrationSchemaV1(name=net.corda.node.migration.VaultMigrationSchema, version=1), VaultSchemaV1(name=net.corda.node.services.vault.VaultSchema, version=1)]
?[m?[37m[INFO] 12:35:52,716 [Test worker] internal.QueryTranslatorFactoryInitiator. - HHH000397: Using ASTQueryTranslatorFactory
?[m?[37m[INFO] 12:35:52,721 [Test worker] migration.VaultStateMigration. - Finished performing vault state data migration for 0 states
?[m?[37m[INFO] 12:35:52,721 [Test worker] liquibase. - master.changelog.json: migration/vault-schema.changelog-v9.xml::update-vault-states::R3.Corda: null
?[m?[37m[INFO] 12:35:52,721 [Test worker] liquibase. - master.changelog.json: migration/vault-schema.changelog-v9.xml::update-vault-states::R3.Corda: ChangeSet migration/vault-schema.changelog-v9.xml::update-vault-states::R3.Corda ran successfully in 85ms
?[m?[37m[INFO] 12:35:52,722 [Test worker] liquibase. - Successfully released change log lock
?[m?[37m[INFO] 12:35:52,722 [Test worker] internal.InternalMockNetwork$MockNode. - Connected to H2 database.
?[m?[37m[INFO] 12:35:52,723 [Test worker] internal.InternalMockNetwork$MockNode. - identity-private-key not found in key store, generating fresh key!
?[m?[37m[INFO] 12:35:52,742 [Test worker] persistence.HibernateConfiguration. - Init HibernateConfiguration for schemas: [CommonSchemaV1(name=net.corda.core.schemas.CommonSchema, version=1), VaultSchemaV1(name=net.corda.node.services.vault.VaultSchema, version=1), NodeInfoSchemaV1(name=net.corda.node.internal.schemas.NodeInfoSchema, version=1), NodeCoreV1(name=net.corda.node.services.schema.NodeSchemaService$NodeCore, version=1), IOUSchemaV1(name=com.example.schema.IOUSchema, version=1)]
?[m?[37m[INFO] 12:35:52,742 [Test worker] persistence.HibernateConfiguration. - Creating session factory for schemas: [CommonSchemaV1(name=net.corda.core.schemas.CommonSchema, version=1), VaultSchemaV1(name=net.corda.node.services.vault.VaultSchema, version=1), NodeInfoSchemaV1(name=net.corda.node.internal.schemas.NodeInfoSchema, version=1), NodeCoreV1(name=net.corda.node.services.schema.NodeSchemaService$NodeCore, version=1), IOUSchemaV1(name=com.example.schema.IOUSchema, version=1)]
?[m?[37m[INFO] 12:35:52,747 [Test worker] internal.ConnectionProviderInitiator. - HHH000130: Instantiating explicit connection provider: net.corda.nodeapi.internal.persistence.HibernateConfiguration$NodeDatabaseConnectionProvider
?[m?[37m[INFO] 12:35:52,747 [Test worker] dialect.Dialect. - HHH000400: Using dialect: org.hibernate.dialect.H2Dialect
?[m?[37m[INFO] 12:35:52,749 [Test worker] type.BasicTypeRegistry. - HHH000270: Type registration [materialized_blob] overrides previous : org.hibernate.type.MaterializedBlobType@61c329e6
?[m?[37m[INFO] 12:35:52,779 [Test worker] connections.access. - HHH10001501: Connection obtained from JdbcConnectionAccess [org.hibernate.engine.jdbc.env.internal.JdbcEnvironmentInitiator$ConnectionProviderJdbcConnectionAccess@7cc8c8f8] for (non-JTA) DDL execution was not in auto-commit mode; the Connection 'local transaction' will be committed and the Connection will be set into auto-commit mode.
?[m?[37m[INFO] 12:35:52,810 [Test worker] persistence.HibernateConfiguration. - Created session factory for schemas: [CommonSchemaV1(name=net.corda.core.schemas.CommonSchema, version=1), VaultSchemaV1(name=net.corda.node.services.vault.VaultSchema, version=1), NodeInfoSchemaV1(name=net.corda.node.internal.schemas.NodeInfoSchema, version=1), NodeCoreV1(name=net.corda.node.services.schema.NodeSchemaService$NodeCore, version=1), IOUSchemaV1(name=com.example.schema.IOUSchema, version=1)]
?[m?[37m[INFO] 12:35:52,811 [Test worker] internal.QueryTranslatorFactoryInitiator. - HHH000397: Using ASTQueryTranslatorFactory
?[m?[37m[INFO] 12:35:52,814 [Test worker] internal.InternalMockNetwork$MockNode. - Node-info has changed so submitting update. Old node-info was null
?[m?[37m[INFO] 12:35:52,814 [Test worker] network.PersistentNetworkMapCache. - Adding node with info: NodeInfo(addresses=[mock.node:1000], legalIdentitiesAndCerts=[O=Mock Company 1, L=London, C=GB], platformVersion=4, serial=1555083352814)
?[m?[37m[INFO] 12:35:52,815 [Test worker] network.PersistentNetworkMapCache. - No previous node found
?[m?[37m[INFO] 12:35:52,818 [Test worker] internal.InternalMockNetwork$MockNode. - New node-info: NodeInfo(addresses=[mock.node:1000], legalIdentitiesAndCerts=[O=Mock Company 1, L=London, C=GB], platformVersion=4, serial=1555083352814)
?[m?[37m[INFO] 12:35:52,832 [Test worker] network.NetworkMapUpdater. - Auto-accept enabled for network parameter changes which modify only: [epoch, modifiedTime, packageOwnership, whitelistedContractImplementations]
?[m?[37m[INFO] 12:35:52,835 [MockNode-17-2] network.PersistentNetworkMapCache. - Adding node with info: NodeInfo(addresses=[mock.node:1000], legalIdentitiesAndCerts=[O=Mock Company 1, L=London, C=GB], platformVersion=4, serial=1555083352814)
?[m?[37m[INFO] 12:35:52,839 [MockNode-17-2] network.PersistentNetworkMapCache. - Previous node was identical to incoming one - doing nothing
?[m?[37m[INFO] 12:35:52,911 [Test worker] ClassloaderUtils. - Contracts loading for 'C:\Users\Daniel\AppData\Local\Temp\attachment8933311477458269245.jar' took 18 msec
?[m?[37m[INFO] 12:35:52,919 [Test worker] persistence.NodeAttachmentService. - Stored new attachment: id=068D846C052E681003228A05005925CB3EC9DBFEDDFDA00048D0BB87F1ED69B0 uploader=app filename=null
?[m?[37m[INFO] 12:35:52,924 [Test worker] statemachine.SingleThreadedStateMachineManager. - Node ready, info: NodeInfo(addresses=[mock.node:1000], legalIdentitiesAndCerts=[O=Mock Company 1, L=London, C=GB], platformVersion=4, serial=1555083352814)
?[m?[37m[INFO] 12:35:52,925 [Test worker] network.PersistentNetworkMapCache. - Adding node with info: NodeInfo(addresses=[mock.node:1000], legalIdentitiesAndCerts=[O=Notary Service, L=Zurich, C=CH], platformVersion=4, serial=1555083352063)
?[m?[37m[INFO] 12:35:52,926 [Test worker] network.PersistentNetworkMapCache. - No previous node found
?[m?[37m[INFO] 12:35:52,932 [Test worker] network.PersistentNetworkMapCache. - Adding node with info: NodeInfo(addresses=[mock.node:1000], legalIdentitiesAndCerts=[O=Mock Company 1, L=London, C=GB], platformVersion=4, serial=1555083352814)
?[m?[37m[INFO] 12:35:52,933 [Test worker] network.PersistentNetworkMapCache. - No previous node found
?[m?[37m[INFO] 12:35:52,939 [Test worker] network.PersistentNetworkMapCache. - Adding node with info: NodeInfo(addresses=[mock.node:1000], legalIdentitiesAndCerts=[O=Mock Company 1, L=London, C=GB], platformVersion=4, serial=1555083352814)
?[m?[37m[INFO] 12:35:52,939 [Test worker] network.PersistentNetworkMapCache. - Previous node was identical to incoming one - doing nothing
?[m?[37m[INFO] 12:35:52,939 [Test worker] network.PersistentNetworkMapCache. - Adding node with info: NodeInfo(addresses=[mock.node:1000], legalIdentitiesAndCerts=[O=Mock Company 1, L=London, C=GB], platformVersion=4, serial=1555083352814)
?[m?[37m[INFO] 12:35:52,939 [Test worker] network.PersistentNetworkMapCache. - Previous node was identical to incoming one - doing nothing
?[m?[37m[INFO] 12:35:52,948 [Test worker] cordapp.JarScanningCordappLoader. - Looking for CorDapps in [build\mock-network\20190412-153551.341\nodes\2\cordapps]
?[m?[37m[INFO] 12:35:52,949 [Test worker] cordapp.JarScanningCordappLoader. - Loading CorDapps from RestrictedURL(url=file:/C:/Users/Daniel/OneDrive/Documents/tokensdk/samples3/cordapp-example/workflows-kotlin/build/mock-network/20190412-153551.341/nodes/2/cordapps/cordapp-example-contracts-0.1.jar, rootPackageName=null), RestrictedURL(url=file:/C:/Users/Daniel/OneDrive/Documents/tokensdk/samples3/cordapp-example/workflows-kotlin/build/mock-network/20190412-153551.341/nodes/2/cordapps/cordapp-example-workflows-0.1.jar, rootPackageName=null)
?[m?[37m[INFO] 12:35:52,949 [Test worker] cordapp.JarScanningCordappLoader. - Scanning CorDapp in file:/C:/Users/Daniel/OneDrive/Documents/tokensdk/samples3/cordapp-example/workflows-kotlin/build/mock-network/20190412-153551.341/nodes/2/cordapps/cordapp-example-contracts-0.1.jar
?[m?[37m[INFO] 12:35:53,031 [Test worker] cordapp.JarScanningCordappLoader. - Found notary service CorDapp implementations: 
?[m?[37m[INFO] 12:35:53,031 [Test worker] cordapp.JarScanningCordappLoader. - Scanning CorDapp in file:/C:/Users/Daniel/OneDrive/Documents/tokensdk/samples3/cordapp-example/workflows-kotlin/build/mock-network/20190412-153551.341/nodes/2/cordapps/cordapp-example-workflows-0.1.jar
?[m?[37m[INFO] 12:35:53,107 [Test worker] cordapp.JarScanningCordappLoader. - Found notary service CorDapp implementations: 
?[m?[37m[INFO] 12:35:53,115 [Test worker] internal.InternalMockNetwork$MockNode. - Node starting up ...
?[m?[37m[INFO] 12:35:53,150 [Test worker] internal.NodeFlowManager. - Registered com.example.flow.ExampleFlow$Initiator to initiate com.example.flow.ExampleFlow$Acceptor (version 1)
?[m?[37m[INFO] 12:35:53,151 [Test worker] internal.InternalMockNetwork$MockNode. - Loaded network parameters: NetworkParameters {
      minimumPlatformVersion=1
      notaries=[NotaryInfo(identity=O=Notary Service, L=Zurich, C=CH, validating=true)]
      maxMessageSize=10485760
      maxTransactionSize=524288000
      whitelistedContractImplementations {
        
      }
      eventHorizon=PT720H
      packageOwnership {
        
      }
      modifiedTime=2019-04-12T15:35:51.341Z
      epoch=1
  }
?[m?[37m[INFO] 12:35:53,152 [Test worker] hikari.HikariDataSource. - HikariPool-18 - Started.
?[m?[37m[INFO] 12:35:53,269 [Test worker] liquibase. - Creating database history table with name: PUBLIC.DATABASECHANGELOG
?[m?[37m[INFO] 12:35:53,271 [Test worker] liquibase. - Reading from PUBLIC.DATABASECHANGELOG
?[m?[37m[INFO] 12:35:53,272 [Test worker] liquibase. - master.changelog.json: migration/common.changelog-init.xml::1511451595465-1.3::R3.Corda: Skipping changeSet migration/common.changelog-init.xml::1511451595465-1.3::R3.Corda due to validation error(s): minValue is not allowed on h2
?[m?[37m[INFO] 12:35:53,275 [Test worker] liquibase. - master.changelog.json: migration/vault-schema.changelog-pkey.xml::non-clustered_pk-11::R3.Corda: Skipping changeSet migration/vault-schema.changelog-pkey.xml::non-clustered_pk-11::R3.Corda due to validation error(s): clustered is not allowed on h2
?[m?[37m[INFO] 12:35:53,276 [Test worker] liquibase. - master.changelog.json: migration/vault-schema.changelog-pkey.xml::non-clustered_pk-12::R3.Corda: Skipping changeSet migration/vault-schema.changelog-pkey.xml::non-clustered_pk-12::R3.Corda due to validation error(s): clustered is not allowed on h2
?[m?[37m[INFO] 12:35:53,276 [Test worker] liquibase. - master.changelog.json: migration/vault-schema.changelog-pkey.xml::non-clustered_pk-13::R3.Corda: Skipping changeSet migration/vault-schema.changelog-pkey.xml::non-clustered_pk-13::R3.Corda due to validation error(s): clustered is not allowed on h2
?[m?[37m[INFO] 12:35:53,282 [Test worker] liquibase. - master.changelog.json: migration/node-core.changelog-pkey.xml::non-clustered_pk-1::R3.Corda: Skipping changeSet migration/node-core.changelog-pkey.xml::non-clustered_pk-1::R3.Corda due to validation error(s): clustered is not allowed on h2
?[m?[37m[INFO] 12:35:53,282 [Test worker] liquibase. - master.changelog.json: migration/node-core.changelog-pkey.xml::non-clustered_pk-2::R3.Corda: Skipping changeSet migration/node-core.changelog-pkey.xml::non-clustered_pk-2::R3.Corda due to validation error(s): clustered is not allowed on h2
?[m?[37m[INFO] 12:35:53,282 [Test worker] liquibase. - master.changelog.json: migration/node-core.changelog-pkey.xml::non-clustered_pk-3::R3.Corda: Skipping changeSet migration/node-core.changelog-pkey.xml::non-clustered_pk-3::R3.Corda due to validation error(s): clustered is not allowed on h2
?[m?[37m[INFO] 12:35:53,283 [Test worker] liquibase. - master.changelog.json: migration/node-core.changelog-pkey.xml::non-clustered_pk-4::R3.Corda: Skipping changeSet migration/node-core.changelog-pkey.xml::non-clustered_pk-4::R3.Corda due to validation error(s): clustered is not allowed on h2
?[m?[37m[INFO] 12:35:53,283 [Test worker] liquibase. - master.changelog.json: migration/node-core.changelog-pkey.xml::non-clustered_pk-5::R3.Corda: Skipping changeSet migration/node-core.changelog-pkey.xml::non-clustered_pk-5::R3.Corda due to validation error(s): clustered is not allowed on h2
?[m?[37m[INFO] 12:35:53,283 [Test worker] liquibase. - master.changelog.json: migration/node-core.changelog-pkey.xml::non-clustered_pk-6::R3.Corda: Skipping changeSet migration/node-core.changelog-pkey.xml::non-clustered_pk-6::R3.Corda due to validation error(s): clustered is not allowed on h2
?[m?[37m[INFO] 12:35:53,283 [Test worker] liquibase. - master.changelog.json: migration/node-core.changelog-pkey.xml::non-clustered_pk-7::R3.Corda: Skipping changeSet migration/node-core.changelog-pkey.xml::non-clustered_pk-7::R3.Corda due to validation error(s): clustered is not allowed on h2
?[m?[37m[INFO] 12:35:53,285 [Test worker] liquibase. - Successfully acquired change log lock
?[m?[37m[INFO] 12:35:53,285 [Test worker] liquibase. - master.changelog.json: migration/common.changelog-init.xml::1511451595465-1.3::R3.Corda: Skipping changeSet migration/common.changelog-init.xml::1511451595465-1.3::R3.Corda due to validation error(s): minValue is not allowed on h2
?[m?[37m[INFO] 12:35:53,286 [Test worker] liquibase. - master.changelog.json: migration/vault-schema.changelog-pkey.xml::non-clustered_pk-11::R3.Corda: Skipping changeSet migration/vault-schema.changelog-pkey.xml::non-clustered_pk-11::R3.Corda due to validation error(s): clustered is not allowed on h2
?[m?[37m[INFO] 12:35:53,286 [Test worker] liquibase. - master.changelog.json: migration/vault-schema.changelog-pkey.xml::non-clustered_pk-12::R3.Corda: Skipping changeSet migration/vault-schema.changelog-pkey.xml::non-clustered_pk-12::R3.Corda due to validation error(s): clustered is not allowed on h2
?[m?[37m[INFO] 12:35:53,286 [Test worker] liquibase. - master.changelog.json: migration/vault-schema.changelog-pkey.xml::non-clustered_pk-13::R3.Corda: Skipping changeSet migration/vault-schema.changelog-pkey.xml::non-clustered_pk-13::R3.Corda due to validation error(s): clustered is not allowed on h2
?[m?[37m[INFO] 12:35:53,289 [Test worker] liquibase. - master.changelog.json: migration/node-core.changelog-pkey.xml::non-clustered_pk-1::R3.Corda: Skipping changeSet migration/node-core.changelog-pkey.xml::non-clustered_pk-1::R3.Corda due to validation error(s): clustered is not allowed on h2
?[m?[37m[INFO] 12:35:53,289 [Test worker] liquibase. - master.changelog.json: migration/node-core.changelog-pkey.xml::non-clustered_pk-2::R3.Corda: Skipping changeSet migration/node-core.changelog-pkey.xml::non-clustered_pk-2::R3.Corda due to validation error(s): clustered is not allowed on h2
?[m?[37m[INFO] 12:35:53,289 [Test worker] liquibase. - master.changelog.json: migration/node-core.changelog-pkey.xml::non-clustered_pk-3::R3.Corda: Skipping changeSet migration/node-core.changelog-pkey.xml::non-clustered_pk-3::R3.Corda due to validation error(s): clustered is not allowed on h2
?[m?[37m[INFO] 12:35:53,289 [Test worker] liquibase. - master.changelog.json: migration/node-core.changelog-pkey.xml::non-clustered_pk-4::R3.Corda: Skipping changeSet migration/node-core.changelog-pkey.xml::non-clustered_pk-4::R3.Corda due to validation error(s): clustered is not allowed on h2
?[m?[37m[INFO] 12:35:53,289 [Test worker] liquibase. - master.changelog.json: migration/node-core.changelog-pkey.xml::non-clustered_pk-5::R3.Corda: Skipping changeSet migration/node-core.changelog-pkey.xml::non-clustered_pk-5::R3.Corda due to validation error(s): clustered is not allowed on h2
?[m?[37m[INFO] 12:35:53,289 [Test worker] liquibase. - master.changelog.json: migration/node-core.changelog-pkey.xml::non-clustered_pk-6::R3.Corda: Skipping changeSet migration/node-core.changelog-pkey.xml::non-clustered_pk-6::R3.Corda due to validation error(s): clustered is not allowed on h2
?[m?[37m[INFO] 12:35:53,289 [Test worker] liquibase. - master.changelog.json: migration/node-core.changelog-pkey.xml::non-clustered_pk-7::R3.Corda: Skipping changeSet migration/node-core.changelog-pkey.xml::non-clustered_pk-7::R3.Corda due to validation error(s): clustered is not allowed on h2
?[m?[37m[INFO] 12:35:53,290 [Test worker] liquibase. - master.changelog.json: migration/common.changelog-init.xml::1511451595465-1.1::R3.Corda: Sequence hibernate_sequence created
?[m?[37m[INFO] 12:35:53,290 [Test worker] liquibase. - master.changelog.json: migration/common.changelog-init.xml::1511451595465-1.1::R3.Corda: ChangeSet migration/common.changelog-init.xml::1511451595465-1.1::R3.Corda ran successfully in 1ms
?[m?[37m[INFO] 12:35:53,292 [Test worker] liquibase. - master.changelog.json: migration/vault-schema.changelog-init.xml::1511451595465-22::R3.Corda: Table vault_fungible_states created
?[m?[37m[INFO] 12:35:53,292 [Test worker] liquibase. - master.changelog.json: migration/vault-schema.changelog-init.xml::1511451595465-22::R3.Corda: ChangeSet migration/vault-schema.changelog-init.xml::1511451595465-22::R3.Corda ran successfully in 1ms
?[m?[37m[INFO] 12:35:53,293 [Test worker] liquibase. - master.changelog.json: migration/vault-schema.changelog-init.xml::1511451595465-23::R3.Corda: Table vault_fungible_states_parts created
?[m?[37m[INFO] 12:35:53,293 [Test worker] liquibase. - master.changelog.json: migration/vault-schema.changelog-init.xml::1511451595465-23::R3.Corda: ChangeSet migration/vault-schema.changelog-init.xml::1511451595465-23::R3.Corda ran successfully in 0ms
?[m?[37m[INFO] 12:35:53,294 [Test worker] liquibase. - master.changelog.json: migration/vault-schema.changelog-init.xml::1511451595465-24::R3.Corda: Table vault_linear_states created
?[m?[37m[INFO] 12:35:53,294 [Test worker] liquibase. - master.changelog.json: migration/vault-schema.changelog-init.xml::1511451595465-24::R3.Corda: ChangeSet migration/vault-schema.changelog-init.xml::1511451595465-24::R3.Corda ran successfully in 0ms
?[m?[37m[INFO] 12:35:53,295 [Test worker] liquibase. - master.changelog.json: migration/vault-schema.changelog-init.xml::1511451595465-25::R3.Corda: Table vault_linear_states_parts created
?[m?[37m[INFO] 12:35:53,295 [Test worker] liquibase. - master.changelog.json: migration/vault-schema.changelog-init.xml::1511451595465-25::R3.Corda: ChangeSet migration/vault-schema.changelog-init.xml::1511451595465-25::R3.Corda ran successfully in 0ms
?[m?[37m[INFO] 12:35:53,296 [Test worker] liquibase. - master.changelog.json: migration/vault-schema.changelog-init.xml::1511451595465-26::R3.Corda: Table vault_states created
?[m?[37m[INFO] 12:35:53,296 [Test worker] liquibase. - master.changelog.json: migration/vault-schema.changelog-init.xml::1511451595465-26::R3.Corda: ChangeSet migration/vault-schema.changelog-init.xml::1511451595465-26::R3.Corda ran successfully in 0ms
?[m?[37m[INFO] 12:35:53,297 [Test worker] liquibase. - master.changelog.json: migration/vault-schema.changelog-init.xml::1511451595465-27::R3.Corda: Table vault_transaction_notes created
?[m?[37m[INFO] 12:35:53,297 [Test worker] liquibase. - master.changelog.json: migration/vault-schema.changelog-init.xml::1511451595465-27::R3.Corda: ChangeSet migration/vault-schema.changelog-init.xml::1511451595465-27::R3.Corda ran successfully in 1ms
?[m?[37m[INFO] 12:35:53,297 [Test worker] liquibase. - master.changelog.json: migration/vault-schema.changelog-init.xml::1511451595465-47::R3.Corda: Primary key added to vault_fungible_states (output_index, transaction_id)
?[m?[37m[INFO] 12:35:53,297 [Test worker] liquibase. - master.changelog.json: migration/vault-schema.changelog-init.xml::1511451595465-47::R3.Corda: ChangeSet migration/vault-schema.changelog-init.xml::1511451595465-47::R3.Corda ran successfully in 0ms
?[m?[37m[INFO] 12:35:53,298 [Test worker] liquibase. - master.changelog.json: migration/vault-schema.changelog-init.xml::1511451595465-48::R3.Corda: Primary key added to vault_linear_states (output_index, transaction_id)
?[m?[37m[INFO] 12:35:53,298 [Test worker] liquibase. - master.changelog.json: migration/vault-schema.changelog-init.xml::1511451595465-48::R3.Corda: ChangeSet migration/vault-schema.changelog-init.xml::1511451595465-48::R3.Corda ran successfully in 0ms
?[m?[37m[INFO] 12:35:53,299 [Test worker] liquibase. - master.changelog.json: migration/vault-schema.changelog-init.xml::1511451595465-49::R3.Corda: Primary key added to vault_states (output_index, transaction_id)
?[m?[37m[INFO] 12:35:53,299 [Test worker] liquibase. - master.changelog.json: migration/vault-schema.changelog-init.xml::1511451595465-49::R3.Corda: ChangeSet migration/vault-schema.changelog-init.xml::1511451595465-49::R3.Corda ran successfully in 0ms
?[m?[37m[INFO] 12:35:53,300 [Test worker] liquibase. - master.changelog.json: migration/vault-schema.changelog-init.xml::1511451595465-50::R3.Corda: Primary key added to vault_transaction_notes (seq_no)
?[m?[37m[INFO] 12:35:53,300 [Test worker] liquibase. - master.changelog.json: migration/vault-schema.changelog-init.xml::1511451595465-50::R3.Corda: ChangeSet migration/vault-schema.changelog-init.xml::1511451595465-50::R3.Corda ran successfully in 0ms
?[m?[37m[INFO] 12:35:53,301 [Test worker] liquibase. - master.changelog.json: migration/vault-schema.changelog-init.xml::1511451595465-53::R3.Corda: Index external_id_index created
?[m?[37m[INFO] 12:35:53,301 [Test worker] liquibase. - master.changelog.json: migration/vault-schema.changelog-init.xml::1511451595465-53::R3.Corda: ChangeSet migration/vault-schema.changelog-init.xml::1511451595465-53::R3.Corda ran successfully in 0ms
?[m?[37m[INFO] 12:35:53,302 [Test worker] liquibase. - master.changelog.json: migration/vault-schema.changelog-init.xml::1511451595465-55::R3.Corda: Index lock_id_idx created
?[m?[37m[INFO] 12:35:53,302 [Test worker] liquibase. - master.changelog.json: migration/vault-schema.changelog-init.xml::1511451595465-55::R3.Corda: ChangeSet migration/vault-schema.changelog-init.xml::1511451595465-55::R3.Corda ran successfully in 0ms
?[m?[37m[INFO] 12:35:53,303 [Test worker] liquibase. - master.changelog.json: migration/vault-schema.changelog-init.xml::1511451595465-58::R3.Corda: Index state_status_idx created
?[m?[37m[INFO] 12:35:53,303 [Test worker] liquibase. - master.changelog.json: migration/vault-schema.changelog-init.xml::1511451595465-58::R3.Corda: ChangeSet migration/vault-schema.changelog-init.xml::1511451595465-58::R3.Corda ran successfully in 0ms
?[m?[37m[INFO] 12:35:53,304 [Test worker] liquibase. - master.changelog.json: migration/vault-schema.changelog-init.xml::1511451595465-59::R3.Corda: Index transaction_id_index created
?[m?[37m[INFO] 12:35:53,304 [Test worker] liquibase. - master.changelog.json: migration/vault-schema.changelog-init.xml::1511451595465-59::R3.Corda: ChangeSet migration/vault-schema.changelog-init.xml::1511451595465-59::R3.Corda ran successfully in 0ms
?[m?[37m[INFO] 12:35:53,305 [Test worker] liquibase. - master.changelog.json: migration/vault-schema.changelog-init.xml::1511451595465-60::R3.Corda: Index uuid_index created
?[m?[37m[INFO] 12:35:53,305 [Test worker] liquibase. - master.changelog.json: migration/vault-schema.changelog-init.xml::1511451595465-60::R3.Corda: ChangeSet migration/vault-schema.changelog-init.xml::1511451595465-60::R3.Corda ran successfully in 0ms
?[m?[37m[INFO] 12:35:53,306 [Test worker] liquibase. - master.changelog.json: migration/vault-schema.changelog-init.xml::1511451595465-64::R3.Corda: Foreign key constraint added to vault_fungible_states_parts (output_index,transaction_id)
?[m?[37m[INFO] 12:35:53,306 [Test worker] liquibase. - master.changelog.json: migration/vault-schema.changelog-init.xml::1511451595465-64::R3.Corda: ChangeSet migration/vault-schema.changelog-init.xml::1511451595465-64::R3.Corda ran successfully in 0ms
?[m?[37m[INFO] 12:35:53,308 [Test worker] liquibase. - master.changelog.json: migration/vault-schema.changelog-init.xml::1511451595465-65::R3.Corda: Foreign key constraint added to vault_linear_states_parts (output_index,transaction_id)
?[m?[37m[INFO] 12:35:53,308 [Test worker] liquibase. - master.changelog.json: migration/vault-schema.changelog-init.xml::1511451595465-65::R3.Corda: ChangeSet migration/vault-schema.changelog-init.xml::1511451595465-65::R3.Corda ran successfully in 1ms
?[m?[37m[INFO] 12:35:53,309 [Test worker] liquibase. - master.changelog.json: migration/vault-schema.changelog-v3.xml::clean_vault::R3.Corda: Data deleted from vault_fungible_states_parts
?[m?[37m[INFO] 12:35:53,309 [Test worker] liquibase. - master.changelog.json: migration/vault-schema.changelog-v3.xml::clean_vault::R3.Corda: Data deleted from vault_fungible_states
?[m?[37m[INFO] 12:35:53,309 [Test worker] liquibase. - master.changelog.json: migration/vault-schema.changelog-v3.xml::clean_vault::R3.Corda: Data deleted from vault_linear_states_parts
?[m?[37m[INFO] 12:35:53,309 [Test worker] liquibase. - master.changelog.json: migration/vault-schema.changelog-v3.xml::clean_vault::R3.Corda: Data deleted from vault_linear_states
?[m?[37m[INFO] 12:35:53,309 [Test worker] liquibase. - master.changelog.json: migration/vault-schema.changelog-v3.xml::clean_vault::R3.Corda: Data deleted from vault_states
?[m?[37m[INFO] 12:35:53,309 [Test worker] liquibase. - master.changelog.json: migration/vault-schema.changelog-v3.xml::clean_vault::R3.Corda: Data deleted from vault_transaction_notes
?[m?[37m[INFO] 12:35:53,309 [Test worker] liquibase. - master.changelog.json: migration/vault-schema.changelog-v3.xml::clean_vault::R3.Corda: ChangeSet migration/vault-schema.changelog-v3.xml::clean_vault::R3.Corda ran successfully in 0ms
?[m?[37m[INFO] 12:35:53,310 [Test worker] liquibase. - master.changelog.json: migration/vault-schema.changelog-v4.xml::nullability::R3.Corda: Null constraint has been added to vault_fungible_states.quantity
?[m?[37m[INFO] 12:35:53,310 [Test worker] liquibase. - master.changelog.json: migration/vault-schema.changelog-v4.xml::nullability::R3.Corda: Null constraint has been added to vault_states.contract_state_class_name
?[m?[37m[INFO] 12:35:53,310 [Test worker] liquibase. - master.changelog.json: migration/vault-schema.changelog-v4.xml::nullability::R3.Corda: Null constraint has been added to vault_states.notary_name
?[m?[37m[INFO] 12:35:53,310 [Test worker] liquibase. - master.changelog.json: migration/vault-schema.changelog-v4.xml::nullability::R3.Corda: Null constraint has been added to vault_states.recorded_timestamp
?[m?[37m[INFO] 12:35:53,310 [Test worker] liquibase. - master.changelog.json: migration/vault-schema.changelog-v4.xml::nullability::R3.Corda: Index state_status_idx dropped from table vault_states
?[m?[37m[INFO] 12:35:53,310 [Test worker] liquibase. - master.changelog.json: migration/vault-schema.changelog-v4.xml::nullability::R3.Corda: Index lock_id_idx dropped from table vault_states
?[m?[37m[INFO] 12:35:53,310 [Test worker] liquibase. - master.changelog.json: migration/vault-schema.changelog-v4.xml::nullability::R3.Corda: Null constraint has been added to vault_states.state_status
?[m?[37m[INFO] 12:35:53,311 [Test worker] liquibase. - master.changelog.json: migration/vault-schema.changelog-v4.xml::nullability::R3.Corda: Index state_status_idx created
?[m?[37m[INFO] 12:35:53,311 [Test worker] liquibase. - master.changelog.json: migration/vault-schema.changelog-v4.xml::nullability::R3.Corda: Index lock_id_idx created
?[m?[37m[INFO] 12:35:53,311 [Test worker] liquibase. - master.changelog.json: migration/vault-schema.changelog-v4.xml::nullability::R3.Corda: Index transaction_id_index dropped from table vault_transaction_notes
?[m?[37m[INFO] 12:35:53,311 [Test worker] liquibase. - master.changelog.json: migration/vault-schema.changelog-v4.xml::nullability::R3.Corda: Null constraint has been added to vault_transaction_notes.note
?[m?[37m[INFO] 12:35:53,311 [Test worker] liquibase. - master.changelog.json: migration/vault-schema.changelog-v4.xml::nullability::R3.Corda: Null constraint has been added to vault_transaction_notes.transaction_id
?[m?[37m[INFO] 12:35:53,311 [Test worker] liquibase. - master.changelog.json: migration/vault-schema.changelog-v4.xml::nullability::R3.Corda: Index transaction_id_index created
?[m?[37m[INFO] 12:35:53,311 [Test worker] liquibase. - master.changelog.json: migration/vault-schema.changelog-v4.xml::nullability::R3.Corda: ChangeSet migration/vault-schema.changelog-v4.xml::nullability::R3.Corda ran successfully in 1ms
?[m?[37m[INFO] 12:35:53,316 [Test worker] liquibase. - master.changelog.json: migration/vault-schema.changelog-v5.xml::add_relevancy_status_column::R3.Corda: Columns relevancy_status(INT) added to vault_states
?[m?[37m[INFO] 12:35:53,317 [Test worker] liquibase. - master.changelog.json: migration/vault-schema.changelog-v5.xml::add_relevancy_status_column::R3.Corda: Data updated in vault_states
?[m?[37m[INFO] 12:35:53,317 [Test worker] liquibase. - master.changelog.json: migration/vault-schema.changelog-v5.xml::add_relevancy_status_column::R3.Corda: Null constraint has been added to vault_states.relevancy_status
?[m?[37m[INFO] 12:35:53,317 [Test worker] liquibase. - master.changelog.json: migration/vault-schema.changelog-v5.xml::add_relevancy_status_column::R3.Corda: ChangeSet migration/vault-schema.changelog-v5.xml::add_relevancy_status_column::R3.Corda ran successfully in 2ms
?[m?[37m[INFO] 12:35:53,318 [Test worker] liquibase. - master.changelog.json: migration/vault-schema.changelog-v6.xml::add_is_constraint_information_columns::R3.Corda: Columns constraint_type(INT) added to vault_states
?[m?[37m[INFO] 12:35:53,319 [Test worker] liquibase. - master.changelog.json: migration/vault-schema.changelog-v6.xml::add_is_constraint_information_columns::R3.Corda: Columns constraint_data(varbinary(563)) added to vault_states
?[m?[37m[INFO] 12:35:53,319 [Test worker] liquibase. - master.changelog.json: migration/vault-schema.changelog-v6.xml::add_is_constraint_information_columns::R3.Corda: ChangeSet migration/vault-schema.changelog-v6.xml::add_is_constraint_information_columns::R3.Corda ran successfully in 1ms
?[m?[37m[INFO] 12:35:53,320 [Test worker] liquibase. - master.changelog.json: migration/vault-schema.changelog-v7.xml::make_issuer_ref_nullable::R3.Corda: Null constraint dropped from vault_fungible_states.issuer_ref
?[m?[37m[INFO] 12:35:53,320 [Test worker] liquibase. - master.changelog.json: migration/vault-schema.changelog-v7.xml::make_issuer_ref_nullable::R3.Corda: ChangeSet migration/vault-schema.changelog-v7.xml::make_issuer_ref_nullable::R3.Corda ran successfully in 0ms
?[m?[37m[INFO] 12:35:53,321 [Test worker] liquibase. - master.changelog.json: migration/vault-schema.changelog-v8.xml::create-external-id-to-state-party-view::R3.Corda: Table state_party created
?[m?[37m[INFO] 12:35:53,321 [Test worker] liquibase. - master.changelog.json: migration/vault-schema.changelog-v8.xml::create-external-id-to-state-party-view::R3.Corda: Index state_pk_hash_idx created
?[m?[37m[INFO] 12:35:53,321 [Test worker] liquibase. - master.changelog.json: migration/vault-schema.changelog-v8.xml::create-external-id-to-state-party-view::R3.Corda: Table pk_hash_to_ext_id_map created
?[m?[37m[INFO] 12:35:53,322 [Test worker] liquibase. - master.changelog.json: migration/vault-schema.changelog-v8.xml::create-external-id-to-state-party-view::R3.Corda: Index pk_hash_to_xid_idx created
?[m?[37m[INFO] 12:35:53,323 [Test worker] liquibase. - master.changelog.json: migration/vault-schema.changelog-v8.xml::create-external-id-to-state-party-view::R3.Corda: View v_pkey_hash_ex_id_map created
?[m?[37m[INFO] 12:35:53,323 [Test worker] liquibase. - master.changelog.json: migration/vault-schema.changelog-v8.xml::create-external-id-to-state-party-view::R3.Corda: ChangeSet migration/vault-schema.changelog-v8.xml::create-external-id-to-state-party-view::R3.Corda ran successfully in 2ms
?[m?[37m[INFO] 12:35:53,324 [Test worker] liquibase. - master.changelog.json: migration/node-info.changelog-init.xml::1511451595465-4::R3.Corda: Table node_link_nodeinfo_party created
?[m?[37m[INFO] 12:35:53,324 [Test worker] liquibase. - master.changelog.json: migration/node-info.changelog-init.xml::1511451595465-4::R3.Corda: ChangeSet migration/node-info.changelog-init.xml::1511451595465-4::R3.Corda ran successfully in 1ms
?[m?[37m[INFO] 12:35:53,325 [Test worker] liquibase. - master.changelog.json: migration/node-info.changelog-init.xml::1511451595465-10::R3.Corda: Table node_info_hosts created
?[m?[37m[INFO] 12:35:53,325 [Test worker] liquibase. - master.changelog.json: migration/node-info.changelog-init.xml::1511451595465-10::R3.Corda: ChangeSet migration/node-info.changelog-init.xml::1511451595465-10::R3.Corda ran successfully in 0ms
?[m?[37m[INFO] 12:35:53,326 [Test worker] liquibase. - master.changelog.json: migration/node-info.changelog-init.xml::1511451595465-11::R3.Corda: Table node_info_party_cert created
?[m?[37m[INFO] 12:35:53,326 [Test worker] liquibase. - master.changelog.json: migration/node-info.changelog-init.xml::1511451595465-11::R3.Corda: ChangeSet migration/node-info.changelog-init.xml::1511451595465-11::R3.Corda ran successfully in 0ms
?[m?[37m[INFO] 12:35:53,328 [Test worker] liquibase. - master.changelog.json: migration/node-info.changelog-init.xml::1511451595465-12::R3.Corda: Table node_infos created
?[m?[37m[INFO] 12:35:53,328 [Test worker] liquibase. - master.changelog.json: migration/node-info.changelog-init.xml::1511451595465-12::R3.Corda: ChangeSet migration/node-info.changelog-init.xml::1511451595465-12::R3.Corda ran successfully in 1ms
?[m?[37m[INFO] 12:35:53,329 [Test worker] liquibase. - master.changelog.json: migration/node-info.changelog-init.xml::1511451595465-35::R3.Corda: Primary key added to node_info_hosts (host, port)
?[m?[37m[INFO] 12:35:53,329 [Test worker] liquibase. - master.changelog.json: migration/node-info.changelog-init.xml::1511451595465-35::R3.Corda: ChangeSet migration/node-info.changelog-init.xml::1511451595465-35::R3.Corda ran successfully in 1ms
?[m?[37m[INFO] 12:35:53,330 [Test worker] liquibase. - master.changelog.json: migration/node-info.changelog-init.xml::1511451595465-36::R3.Corda: Primary key added to node_info_party_cert (party_name)
?[m?[37m[INFO] 12:35:53,330 [Test worker] liquibase. - master.changelog.json: migration/node-info.changelog-init.xml::1511451595465-36::R3.Corda: ChangeSet migration/node-info.changelog-init.xml::1511451595465-36::R3.Corda ran successfully in 0ms
?[m?[37m[INFO] 12:35:53,331 [Test worker] liquibase. - master.changelog.json: migration/node-info.changelog-init.xml::1511451595465-37::R3.Corda: Primary key added to node_infos (node_info_id)
?[m?[37m[INFO] 12:35:53,331 [Test worker] liquibase. - master.changelog.json: migration/node-info.changelog-init.xml::1511451595465-37::R3.Corda: ChangeSet migration/node-info.changelog-init.xml::1511451595465-37::R3.Corda ran successfully in 0ms
?[m?[37m[INFO] 12:35:53,332 [Test worker] liquibase. - master.changelog.json: migration/node-info.changelog-init.xml::1511451595465-62::R3.Corda: Foreign key constraint added to node_link_nodeinfo_party (node_info_id)
?[m?[37m[INFO] 12:35:53,332 [Test worker] liquibase. - master.changelog.json: migration/node-info.changelog-init.xml::1511451595465-62::R3.Corda: ChangeSet migration/node-info.changelog-init.xml::1511451595465-62::R3.Corda ran successfully in 0ms
?[m?[37m[INFO] 12:35:53,333 [Test worker] liquibase. - master.changelog.json: migration/node-info.changelog-init.xml::1511451595465-63::R3.Corda: Foreign key constraint added to node_info_hosts (node_info_id)
?[m?[37m[INFO] 12:35:53,334 [Test worker] liquibase. - master.changelog.json: migration/node-info.changelog-init.xml::1511451595465-63::R3.Corda: ChangeSet migration/node-info.changelog-init.xml::1511451595465-63::R3.Corda ran successfully in 0ms
?[m?[37m[INFO] 12:35:53,334 [Test worker] liquibase. - master.changelog.json: migration/node-info.changelog-init.xml::remove_host_port_pk::R3.Corda: Data deleted from node_infos
?[m?[37m[INFO] 12:35:53,335 [Test worker] liquibase. - master.changelog.json: migration/node-info.changelog-init.xml::remove_host_port_pk::R3.Corda: Data deleted from node_link_nodeinfo_party
?[m?[37m[INFO] 12:35:53,335 [Test worker] liquibase. - master.changelog.json: migration/node-info.changelog-init.xml::remove_host_port_pk::R3.Corda: Data deleted from node_info_hosts
?[m?[37m[INFO] 12:35:53,335 [Test worker] liquibase. - master.changelog.json: migration/node-info.changelog-init.xml::remove_host_port_pk::R3.Corda: Data deleted from node_info_party_cert
?[m?[37m[INFO] 12:35:53,335 [Test worker] liquibase. - master.changelog.json: migration/node-info.changelog-init.xml::remove_host_port_pk::R3.Corda: Primary key dropped from node_info_hosts
?[m?[37m[INFO] 12:35:53,335 [Test worker] liquibase. - master.changelog.json: migration/node-info.changelog-init.xml::remove_host_port_pk::R3.Corda: Columns hosts_id(INT) added to node_info_hosts
?[m?[37m[INFO] 12:35:53,336 [Test worker] liquibase. - master.changelog.json: migration/node-info.changelog-init.xml::remove_host_port_pk::R3.Corda: Primary key added to node_info_hosts (hosts_id)
?[m?[37m[INFO] 12:35:53,336 [Test worker] liquibase. - master.changelog.json: migration/node-info.changelog-init.xml::remove_host_port_pk::R3.Corda: ChangeSet migration/node-info.changelog-init.xml::remove_host_port_pk::R3.Corda ran successfully in 2ms
?[m?[37m[INFO] 12:35:53,337 [Test worker] liquibase. - master.changelog.json: migration/node-info.changelog-v1.xml::key/value node properties table::R3.Corda: Table node_properties created
?[m?[37m[INFO] 12:35:53,337 [Test worker] liquibase. - master.changelog.json: migration/node-info.changelog-v1.xml::key/value node properties table::R3.Corda: ChangeSet migration/node-info.changelog-v1.xml::key/value node properties table::R3.Corda ran successfully in 0ms
?[m?[37m[INFO] 12:35:53,338 [Test worker] liquibase. - master.changelog.json: migration/node-info.changelog-v2.xml::1525962920::R3.Corda: Null constraint has been added to node_infos.node_info_hash
?[m?[37m[INFO] 12:35:53,339 [Test worker] liquibase. - master.changelog.json: migration/node-info.changelog-v2.xml::1525962920::R3.Corda: Null constraint has been added to node_infos.platform_version
?[m?[37m[INFO] 12:35:53,339 [Test worker] liquibase. - master.changelog.json: migration/node-info.changelog-v2.xml::1525962920::R3.Corda: Null constraint has been added to node_infos.serial
?[m?[37m[INFO] 12:35:53,339 [Test worker] liquibase. - master.changelog.json: migration/node-info.changelog-v2.xml::1525962920::R3.Corda: Null constraint dropped from node_info_hosts.host
?[m?[37m[INFO] 12:35:53,339 [Test worker] liquibase. - master.changelog.json: migration/node-info.changelog-v2.xml::1525962920::R3.Corda: Null constraint dropped from node_info_hosts.port
?[m?[37m[INFO] 12:35:53,339 [Test worker] liquibase. - master.changelog.json: migration/node-info.changelog-v2.xml::1525962920::R3.Corda: Null constraint has been added to node_info_party_cert.owning_key_hash
?[m?[37m[INFO] 12:35:53,339 [Test worker] liquibase. - master.changelog.json: migration/node-info.changelog-v2.xml::1525962920::R3.Corda: Null constraint has been added to node_info_party_cert.party_cert_binary
?[m?[37m[INFO] 12:35:53,339 [Test worker] liquibase. - master.changelog.json: migration/node-info.changelog-v2.xml::1525962920::R3.Corda: ChangeSet migration/node-info.changelog-v2.xml::1525962920::R3.Corda ran successfully in 1ms
?[m?[37m[INFO] 12:35:53,341 [Test worker] liquibase. - master.changelog.json: migration/node-info.changelog-v3.xml::column_host_name::R3.Corda: Column node_info_hosts.host renamed to host_name
?[m?[37m[INFO] 12:35:53,341 [Test worker] liquibase. - master.changelog.json: migration/node-info.changelog-v3.xml::column_host_name::R3.Corda: ChangeSet migration/node-info.changelog-v3.xml::column_host_name::R3.Corda ran successfully in 1ms
?[m?[37m[INFO] 12:35:53,342 [Test worker] liquibase. - master.changelog.json: migration/node-services.changelog-init.xml::1511451595465-5::R3.Corda: Table node_attachments created
?[m?[37m[INFO] 12:35:53,342 [Test worker] liquibase. - master.changelog.json: migration/node-services.changelog-init.xml::1511451595465-5::R3.Corda: ChangeSet migration/node-services.changelog-init.xml::1511451595465-5::R3.Corda ran successfully in 0ms
?[m?[37m[INFO] 12:35:53,343 [Test worker] liquibase. - master.changelog.json: migration/node-services.changelog-init.xml::1511451595465-7::R3.Corda: Table node_checkpoints created
?[m?[37m[INFO] 12:35:53,343 [Test worker] liquibase. - master.changelog.json: migration/node-services.changelog-init.xml::1511451595465-7::R3.Corda: ChangeSet migration/node-services.changelog-init.xml::1511451595465-7::R3.Corda ran successfully in 0ms
?[m?[37m[INFO] 12:35:53,344 [Test worker] liquibase. - master.changelog.json: migration/node-services.changelog-init.xml::1511451595465-8::R3.Corda: Table node_contract_upgrades created
?[m?[37m[INFO] 12:35:53,344 [Test worker] liquibase. - master.changelog.json: migration/node-services.changelog-init.xml::1511451595465-8::R3.Corda: ChangeSet migration/node-services.changelog-init.xml::1511451595465-8::R3.Corda ran successfully in 0ms
?[m?[37m[INFO] 12:35:53,345 [Test worker] liquibase. - master.changelog.json: migration/node-services.changelog-init.xml::1511451595465-9::R3.Corda: Table node_identities created
?[m?[37m[INFO] 12:35:53,345 [Test worker] liquibase. - master.changelog.json: migration/node-services.changelog-init.xml::1511451595465-9::R3.Corda: ChangeSet migration/node-services.changelog-init.xml::1511451595465-9::R3.Corda ran successfully in 0ms
?[m?[37m[INFO] 12:35:53,347 [Test worker] liquibase. - master.changelog.json: migration/node-services.changelog-init.xml::1511451595465-13::R3.Corda: Table node_message_ids created
?[m?[37m[INFO] 12:35:53,347 [Test worker] liquibase. - master.changelog.json: migration/node-services.changelog-init.xml::1511451595465-13::R3.Corda: ChangeSet migration/node-services.changelog-init.xml::1511451595465-13::R3.Corda ran successfully in 0ms
?[m?[37m[INFO] 12:35:53,348 [Test worker] liquibase. - master.changelog.json: migration/node-services.changelog-init.xml::1511451595465-14::R3.Corda: Table node_message_retry created
?[m?[37m[INFO] 12:35:53,348 [Test worker] liquibase. - master.changelog.json: migration/node-services.changelog-init.xml::1511451595465-14::R3.Corda: ChangeSet migration/node-services.changelog-init.xml::1511451595465-14::R3.Corda ran successfully in 0ms
?[m?[37m[INFO] 12:35:53,349 [Test worker] liquibase. - master.changelog.json: migration/node-services.changelog-init.xml::1511451595465-15::R3.Corda: Table node_named_identities created
?[m?[37m[INFO] 12:35:53,349 [Test worker] liquibase. - master.changelog.json: migration/node-services.changelog-init.xml::1511451595465-15::R3.Corda: ChangeSet migration/node-services.changelog-init.xml::1511451595465-15::R3.Corda ran successfully in 0ms
?[m?[37m[INFO] 12:35:53,350 [Test worker] liquibase. - master.changelog.json: migration/node-services.changelog-init.xml::1511451595465-17::R3.Corda: Table node_our_key_pairs created
?[m?[37m[INFO] 12:35:53,350 [Test worker] liquibase. - master.changelog.json: migration/node-services.changelog-init.xml::1511451595465-17::R3.Corda: ChangeSet migration/node-services.changelog-init.xml::1511451595465-17::R3.Corda ran successfully in 0ms
?[m?[37m[INFO] 12:35:53,351 [Test worker] liquibase. - master.changelog.json: migration/node-services.changelog-init.xml::1511451595465-19::R3.Corda: Table node_scheduled_states created
?[m?[37m[INFO] 12:35:53,351 [Test worker] liquibase. - master.changelog.json: migration/node-services.changelog-init.xml::1511451595465-19::R3.Corda: ChangeSet migration/node-services.changelog-init.xml::1511451595465-19::R3.Corda ran successfully in 0ms
?[m?[37m[INFO] 12:35:53,353 [Test worker] liquibase. - master.changelog.json: migration/node-services.changelog-init.xml::1511451595465-20::R3.Corda: Table node_transaction_mappings created
?[m?[37m[INFO] 12:35:53,353 [Test worker] liquibase. - master.changelog.json: migration/node-services.changelog-init.xml::1511451595465-20::R3.Corda: ChangeSet migration/node-services.changelog-init.xml::1511451595465-20::R3.Corda ran successfully in 1ms
?[m?[37m[INFO] 12:35:53,354 [Test worker] liquibase. - master.changelog.json: migration/node-services.changelog-init.xml::1511451595465-21::R3.Corda: Table node_transactions created
?[m?[37m[INFO] 12:35:53,354 [Test worker] liquibase. - master.changelog.json: migration/node-services.changelog-init.xml::1511451595465-21::R3.Corda: ChangeSet migration/node-services.changelog-init.xml::1511451595465-21::R3.Corda ran successfully in 1ms
?[m?[37m[INFO] 12:35:53,355 [Test worker] liquibase. - master.changelog.json: migration/node-services.changelog-init.xml::1511451595465-30::R3.Corda: Primary key added to node_attachments (att_id)
?[m?[37m[INFO] 12:35:53,355 [Test worker] liquibase. - master.changelog.json: migration/node-services.changelog-init.xml::1511451595465-30::R3.Corda: ChangeSet migration/node-services.changelog-init.xml::1511451595465-30::R3.Corda ran successfully in 0ms
?[m?[37m[INFO] 12:35:53,357 [Test worker] liquibase. - master.changelog.json: migration/node-services.changelog-init.xml::1511451595465-32::R3.Corda: Primary key added to node_checkpoints (checkpoint_id)
?[m?[37m[INFO] 12:35:53,357 [Test worker] liquibase. - master.changelog.json: migration/node-services.changelog-init.xml::1511451595465-32::R3.Corda: ChangeSet migration/node-services.changelog-init.xml::1511451595465-32::R3.Corda ran successfully in 1ms
?[m?[37m[INFO] 12:35:53,358 [Test worker] liquibase. - master.changelog.json: migration/node-services.changelog-init.xml::1511451595465-33::R3.Corda: Primary key added to node_contract_upgrades (state_ref)
?[m?[37m[INFO] 12:35:53,358 [Test worker] liquibase. - master.changelog.json: migration/node-services.changelog-init.xml::1511451595465-33::R3.Corda: ChangeSet migration/node-services.changelog-init.xml::1511451595465-33::R3.Corda ran successfully in 0ms
?[m?[37m[INFO] 12:35:53,360 [Test worker] liquibase. - master.changelog.json: migration/node-services.changelog-init.xml::1511451595465-34::R3.Corda: Primary key added to node_identities (pk_hash)
?[m?[37m[INFO] 12:35:53,360 [Test worker] liquibase. - master.changelog.json: migration/node-services.changelog-init.xml::1511451595465-34::R3.Corda: ChangeSet migration/node-services.changelog-init.xml::1511451595465-34::R3.Corda ran successfully in 1ms
?[m?[37m[INFO] 12:35:53,361 [Test worker] liquibase. - master.changelog.json: migration/node-services.changelog-init.xml::1511451595465-38::R3.Corda: Primary key added to node_message_ids (message_id)
?[m?[37m[INFO] 12:35:53,361 [Test worker] liquibase. - master.changelog.json: migration/node-services.changelog-init.xml::1511451595465-38::R3.Corda: ChangeSet migration/node-services.changelog-init.xml::1511451595465-38::R3.Corda ran successfully in 0ms
?[m?[37m[INFO] 12:35:53,362 [Test worker] liquibase. - master.changelog.json: migration/node-services.changelog-init.xml::1511451595465-39::R3.Corda: Primary key added to node_message_retry (message_id)
?[m?[37m[INFO] 12:35:53,362 [Test worker] liquibase. - master.changelog.json: migration/node-services.changelog-init.xml::1511451595465-39::R3.Corda: ChangeSet migration/node-services.changelog-init.xml::1511451595465-39::R3.Corda ran successfully in 0ms
?[m?[37m[INFO] 12:35:53,363 [Test worker] liquibase. - master.changelog.json: migration/node-services.changelog-init.xml::1511451595465-40::R3.Corda: Primary key added to node_named_identities (name)
?[m?[37m[INFO] 12:35:53,363 [Test worker] liquibase. - master.changelog.json: migration/node-services.changelog-init.xml::1511451595465-40::R3.Corda: ChangeSet migration/node-services.changelog-init.xml::1511451595465-40::R3.Corda ran successfully in 0ms
?[m?[37m[INFO] 12:35:53,364 [Test worker] liquibase. - master.changelog.json: migration/node-services.changelog-init.xml::1511451595465-42::R3.Corda: Primary key added to node_our_key_pairs (public_key_hash)
?[m?[37m[INFO] 12:35:53,364 [Test worker] liquibase. - master.changelog.json: migration/node-services.changelog-init.xml::1511451595465-42::R3.Corda: ChangeSet migration/node-services.changelog-init.xml::1511451595465-42::R3.Corda ran successfully in 0ms
?[m?[37m[INFO] 12:35:53,366 [Test worker] liquibase. - master.changelog.json: migration/node-services.changelog-init.xml::1511451595465-44::R3.Corda: Primary key added to node_scheduled_states (output_index, transaction_id)
?[m?[37m[INFO] 12:35:53,366 [Test worker] liquibase. - master.changelog.json: migration/node-services.changelog-init.xml::1511451595465-44::R3.Corda: ChangeSet migration/node-services.changelog-init.xml::1511451595465-44::R3.Corda ran successfully in 1ms
?[m?[37m[INFO] 12:35:53,367 [Test worker] liquibase. - master.changelog.json: migration/node-services.changelog-init.xml::1511451595465-45::R3.Corda: Primary key added to node_transaction_mappings (tx_id)
?[m?[37m[INFO] 12:35:53,367 [Test worker] liquibase. - master.changelog.json: migration/node-services.changelog-init.xml::1511451595465-45::R3.Corda: ChangeSet migration/node-services.changelog-init.xml::1511451595465-45::R3.Corda ran successfully in 0ms
?[m?[37m[INFO] 12:35:53,368 [Test worker] liquibase. - master.changelog.json: migration/node-services.changelog-init.xml::1511451595465-46::R3.Corda: Primary key added to node_transactions (tx_id)
?[m?[37m[INFO] 12:35:53,368 [Test worker] liquibase. - master.changelog.json: migration/node-services.changelog-init.xml::1511451595465-46::R3.Corda: ChangeSet migration/node-services.changelog-init.xml::1511451595465-46::R3.Corda ran successfully in 0ms
?[m?[37m[INFO] 12:35:53,370 [Test worker] liquibase. - master.changelog.json: migration/node-services.changelog-init.xml::1511451595465-61::R3.Corda: Foreign key constraint added to node_link_nodeinfo_party (party_name)
?[m?[37m[INFO] 12:35:53,370 [Test worker] liquibase. - master.changelog.json: migration/node-services.changelog-init.xml::1511451595465-61::R3.Corda: ChangeSet migration/node-services.changelog-init.xml::1511451595465-61::R3.Corda ran successfully in 1ms
?[m?[37m[INFO] 12:35:53,371 [Test worker] liquibase. - master.changelog.json: migration/node-services.changelog-init.xml::add index att_id::R3.Corda: Index att_id_idx created
?[m?[37m[INFO] 12:35:53,371 [Test worker] liquibase. - master.changelog.json: migration/node-services.changelog-init.xml::add index att_id::R3.Corda: ChangeSet migration/node-services.changelog-init.xml::add index att_id::R3.Corda ran successfully in 0ms
?[m?[37m[INFO] 12:35:53,372 [Test worker] liquibase. - master.changelog.json: migration/node-services.changelog-init.xml::add_contract_attachment::R3.Corda: Table node_attchments_contracts created
?[m?[37m[INFO] 12:35:53,373 [Test worker] liquibase. - master.changelog.json: migration/node-services.changelog-init.xml::add_contract_attachment::R3.Corda: Foreign key constraint added to node_attchments_contracts (att_id)
?[m?[37m[INFO] 12:35:53,373 [Test worker] liquibase. - master.changelog.json: migration/node-services.changelog-init.xml::add_contract_attachment::R3.Corda: Data deleted from node_attachments
?[m?[37m[INFO] 12:35:53,373 [Test worker] liquibase. - master.changelog.json: migration/node-services.changelog-init.xml::add_contract_attachment::R3.Corda: ChangeSet migration/node-services.changelog-init.xml::add_contract_attachment::R3.Corda ran successfully in 1ms
?[m?[37m[INFO] 12:35:53,376 [Test worker] liquibase. - master.changelog.json: migration/node-services.changelog-init.xml::add_dedup_columns::R3.Corda: Columns sender(NVARCHAR(64)),sequence_number(BIGINT) added to node_message_ids
?[m?[37m[INFO] 12:35:53,376 [Test worker] liquibase. - master.changelog.json: migration/node-services.changelog-init.xml::add_dedup_columns::R3.Corda: ChangeSet migration/node-services.changelog-init.xml::add_dedup_columns::R3.Corda ran successfully in 2ms
?[m?[37m[INFO] 12:35:53,377 [Test worker] liquibase. - master.changelog.json: migration/node-core.changelog-v4.xml::attchments_rename::R3.Corda: Table node_attchments_contracts renamed to node_attachments_contracts
?[m?[37m[INFO] 12:35:53,377 [Test worker] liquibase. - master.changelog.json: migration/node-core.changelog-v4.xml::attchments_rename::R3.Corda: ChangeSet migration/node-core.changelog-v4.xml::attchments_rename::R3.Corda ran successfully in 0ms
?[m?[37m[INFO] 12:35:53,378 [Test worker] liquibase. - master.changelog.json: migration/node-core.changelog-v4.xml::nullability::R3.Corda: Null constraint has been added to node_identities.identity_value
?[m?[37m[INFO] 12:35:53,378 [Test worker] liquibase. - master.changelog.json: migration/node-core.changelog-v4.xml::nullability::R3.Corda: Null constraint has been added to node_attachments.content
?[m?[37m[INFO] 12:35:53,378 [Test worker] liquibase. - master.changelog.json: migration/node-core.changelog-v4.xml::nullability::R3.Corda: Null constraint has been added to node_attachments_contracts.contract_class_name
?[m?[37m[INFO] 12:35:53,378 [Test worker] liquibase. - master.changelog.json: migration/node-core.changelog-v4.xml::nullability::R3.Corda: Null constraint has been added to node_checkpoints.checkpoint_value
?[m?[37m[INFO] 12:35:53,378 [Test worker] liquibase. - master.changelog.json: migration/node-core.changelog-v4.xml::nullability::R3.Corda: Null constraint has been added to node_contract_upgrades.contract_class_name
?[m?[37m[INFO] 12:35:53,378 [Test worker] liquibase. - master.changelog.json: migration/node-core.changelog-v4.xml::nullability::R3.Corda: Null constraint has been added to node_message_ids.insertion_time
?[m?[37m[INFO] 12:35:53,378 [Test worker] liquibase. - master.changelog.json: migration/node-core.changelog-v4.xml::nullability::R3.Corda: Null constraint has been added to node_message_retry.message
?[m?[37m[INFO] 12:35:53,378 [Test worker] liquibase. - master.changelog.json: migration/node-core.changelog-v4.xml::nullability::R3.Corda: Null constraint has been added to node_message_retry.recipients
?[m?[37m[INFO] 12:35:53,379 [Test worker] liquibase. - master.changelog.json: migration/node-core.changelog-v4.xml::nullability::R3.Corda: Null constraint has been added to node_named_identities.pk_hash
?[m?[37m[INFO] 12:35:53,379 [Test worker] liquibase. - master.changelog.json: migration/node-core.changelog-v4.xml::nullability::R3.Corda: Null constraint has been added to node_our_key_pairs.private_key
?[m?[37m[INFO] 12:35:53,379 [Test worker] liquibase. - master.changelog.json: migration/node-core.changelog-v4.xml::nullability::R3.Corda: Null constraint has been added to node_our_key_pairs.public_key
?[m?[37m[INFO] 12:35:53,379 [Test worker] liquibase. - master.changelog.json: migration/node-core.changelog-v4.xml::nullability::R3.Corda: Null constraint has been added to node_transaction_mappings.state_machine_run_id
?[m?[37m[INFO] 12:35:53,379 [Test worker] liquibase. - master.changelog.json: migration/node-core.changelog-v4.xml::nullability::R3.Corda: Null constraint has been added to node_transactions.transaction_value
?[m?[37m[INFO] 12:35:53,379 [Test worker] liquibase. - master.changelog.json: migration/node-core.changelog-v4.xml::nullability::R3.Corda: ChangeSet migration/node-core.changelog-v4.xml::nullability::R3.Corda ran successfully in 1ms
?[m?[37m[INFO] 12:35:53,381 [Test worker] liquibase. - master.changelog.json: migration/node-core.changelog-v5.xml::remove_unused_node_message_retry::R3.Corda: Table node_message_retry dropped
?[m?[37m[INFO] 12:35:53,381 [Test worker] liquibase. - master.changelog.json: migration/node-core.changelog-v5.xml::remove_unused_node_message_retry::R3.Corda: ChangeSet migration/node-core.changelog-v5.xml::remove_unused_node_message_retry::R3.Corda ran successfully in 0ms
?[m?[37m[INFO] 12:35:53,395 [Test worker] liquibase. - master.changelog.json: migration/node-core.changelog-v8.xml::conditional_attchments_rename::R3.Corda: Marking ChangeSet: migration/node-core.changelog-v8.xml::conditional_attchments_rename::R3.Corda ran despite precondition failure due to onFail='MARK_RAN': 
          master.changelog.json : Table PUBLIC.NODE_ATTCHMENTS_CONTRACTS does not exist

?[m?[37m[INFO] 12:35:53,400 [Test worker] liquibase. - master.changelog.json: migration/node-core.changelog-v8.xml::conditional_attchments_contracts::R3.Corda: Marking ChangeSet: migration/node-core.changelog-v8.xml::conditional_attchments_contracts::R3.Corda ran despite precondition failure due to onFail='MARK_RAN': 
          master.changelog.json : Table PUBLIC.NODE_ATTACHMENTS_CONTRACT_CLASS_NAME does not exist

?[m?[37m[INFO] 12:35:53,402 [Test worker] liquibase. - master.changelog.json: migration/node-core.changelog-v8.xml::add_signers::R3.Corda: Table node_attachments_signers created
?[m?[37m[INFO] 12:35:53,402 [Test worker] liquibase. - master.changelog.json: migration/node-core.changelog-v8.xml::add_signers::R3.Corda: Foreign key constraint added to node_attachments_signers (att_id)
?[m?[37m[INFO] 12:35:53,402 [Test worker] liquibase. - master.changelog.json: migration/node-core.changelog-v8.xml::add_signers::R3.Corda: ChangeSet migration/node-core.changelog-v8.xml::add_signers::R3.Corda ran successfully in 0ms
?[m?[37m[INFO] 12:35:53,405 [Test worker] liquibase. - master.changelog.json: migration/node-core.changelog-tx-mapping.xml::add_tx_mapping_column::R3.Corda: Columns state_machine_run_id(NVARCHAR(36)) added to node_transactions
?[m?[37m[INFO] 12:35:53,406 [Test worker] liquibase. - master.changelog.json: migration/node-core.changelog-tx-mapping.xml::add_tx_mapping_column::R3.Corda: Custom SQL executed
?[m?[37m[INFO] 12:35:53,406 [Test worker] liquibase. - master.changelog.json: migration/node-core.changelog-tx-mapping.xml::add_tx_mapping_column::R3.Corda: Table node_transaction_mappings dropped
?[m?[37m[INFO] 12:35:53,406 [Test worker] liquibase. - master.changelog.json: migration/node-core.changelog-tx-mapping.xml::add_tx_mapping_column::R3.Corda: ChangeSet migration/node-core.changelog-tx-mapping.xml::add_tx_mapping_column::R3.Corda ran successfully in 2ms
?[m?[37m[INFO] 12:35:53,407 [Test worker] liquibase. - master.changelog.json: migration/node-services.changelog-init.xml::add_network_parameters_storage::R3.Corda: Table node_network_parameters created
?[m?[37m[INFO] 12:35:53,407 [Test worker] liquibase. - master.changelog.json: migration/node-services.changelog-init.xml::add_network_parameters_storage::R3.Corda: ChangeSet migration/node-services.changelog-init.xml::add_network_parameters_storage::R3.Corda ran successfully in 0ms
?[m?[37m[INFO] 12:35:53,409 [Test worker] liquibase. - master.changelog.json: migration/node-services.changelog-init.xml::network_parameters_pk::R3.Corda: Primary key added to node_network_parameters (hash)
?[m?[37m[INFO] 12:35:53,409 [Test worker] liquibase. - master.changelog.json: migration/node-services.changelog-init.xml::network_parameters_pk::R3.Corda: ChangeSet migration/node-services.changelog-init.xml::network_parameters_pk::R3.Corda ran successfully in 0ms
?[m?[37m[INFO] 12:35:53,411 [Test worker] liquibase. - master.changelog.json: migration/node-services.changelog-init.xml::add_version_column::R3.Corda: Columns version(INT) added to node_attachments
?[m?[37m[INFO] 12:35:53,412 [Test worker] liquibase. - master.changelog.json: migration/node-services.changelog-init.xml::add_version_column::R3.Corda: Custom SQL executed
?[m?[37m[INFO] 12:35:53,412 [Test worker] liquibase. - master.changelog.json: migration/node-services.changelog-init.xml::add_version_column::R3.Corda: Null constraint has been added to node_attachments.version
?[m?[37m[INFO] 12:35:53,412 [Test worker] liquibase. - master.changelog.json: migration/node-services.changelog-init.xml::add_version_column::R3.Corda: ChangeSet migration/node-services.changelog-init.xml::add_version_column::R3.Corda ran successfully in 2ms
?[m?[37m[INFO] 12:35:53,413 [Test worker] persistence.AttachmentVersionNumberMigration. - Start executing...
?[m?[37m[INFO] 12:35:53,414 [Test worker] persistence.AttachmentVersionNumberMigration. - Attachment version creation from whitelisted JARs using network parameters from build\mock-network\20190412-153551.341\nodes\2\network-parameters, whitelistedContractImplementations: {}.
?[m?[37m[INFO] 12:35:53,414 [Test worker] persistence.AttachmentVersionNumberMigration. - Attachment version creation from whitelisted JARs skipped, no attachments not found.
?[m?[37m[INFO] 12:35:53,415 [Test worker] liquibase. - master.changelog.json: migration/node-services.changelog-init.xml::update-version-of-whitelisted-jars::R3.Corda: null
?[m?[37m[INFO] 12:35:53,415 [Test worker] liquibase. - master.changelog.json: migration/node-services.changelog-init.xml::update-version-of-whitelisted-jars::R3.Corda: ChangeSet migration/node-services.changelog-init.xml::update-version-of-whitelisted-jars::R3.Corda ran successfully in 2ms
?[m?[37m[INFO] 12:35:53,415 [Test worker] migration.VaultStateMigration. - Migrating vault state data to V4 tables
?[m?[37m[INFO] 12:35:53,417 [Test worker] persistence.HibernateConfiguration. - Init HibernateConfiguration for schemas: [VaultMigrationSchemaV1(name=net.corda.node.migration.VaultMigrationSchema, version=1), VaultSchemaV1(name=net.corda.node.services.vault.VaultSchema, version=1)]
?[m?[37m[INFO] 12:35:53,417 [Test worker] persistence.HibernateConfiguration. - Creating session factory for schemas: [VaultMigrationSchemaV1(name=net.corda.node.migration.VaultMigrationSchema, version=1), VaultSchemaV1(name=net.corda.node.services.vault.VaultSchema, version=1)]
?[m?[37m[INFO] 12:35:53,424 [Test worker] internal.ConnectionProviderInitiator. - HHH000130: Instantiating explicit connection provider: net.corda.nodeapi.internal.persistence.HibernateConfiguration$NodeDatabaseConnectionProvider
?[m?[37m[INFO] 12:35:53,424 [Test worker] dialect.Dialect. - HHH000400: Using dialect: org.hibernate.dialect.H2Dialect
?[m?[37m[INFO] 12:35:53,426 [Test worker] type.BasicTypeRegistry. - HHH000270: Type registration [materialized_blob] overrides previous : org.hibernate.type.MaterializedBlobType@61c329e6
?[m?[37m[INFO] 12:35:53,457 [Test worker] connections.access. - HHH10001501: Connection obtained from JdbcConnectionAccess [org.hibernate.engine.jdbc.env.internal.JdbcEnvironmentInitiator$ConnectionProviderJdbcConnectionAccess@319be6f6] for (non-JTA) DDL execution was not in auto-commit mode; the Connection 'local transaction' will be committed and the Connection will be set into auto-commit mode.
?[m?[37m[INFO] 12:35:53,484 [Test worker] persistence.HibernateConfiguration. - Created session factory for schemas: [VaultMigrationSchemaV1(name=net.corda.node.migration.VaultMigrationSchema, version=1), VaultSchemaV1(name=net.corda.node.services.vault.VaultSchema, version=1)]
?[m?[37m[INFO] 12:35:53,484 [Test worker] internal.QueryTranslatorFactoryInitiator. - HHH000397: Using ASTQueryTranslatorFactory
?[m?[37m[INFO] 12:35:53,490 [Test worker] migration.VaultStateMigration. - Finished performing vault state data migration for 0 states
?[m?[37m[INFO] 12:35:53,490 [Test worker] liquibase. - master.changelog.json: migration/vault-schema.changelog-v9.xml::update-vault-states::R3.Corda: null
?[m?[37m[INFO] 12:35:53,490 [Test worker] liquibase. - master.changelog.json: migration/vault-schema.changelog-v9.xml::update-vault-states::R3.Corda: ChangeSet migration/vault-schema.changelog-v9.xml::update-vault-states::R3.Corda ran successfully in 75ms
?[m?[37m[INFO] 12:35:53,491 [Test worker] liquibase. - Successfully released change log lock
?[m?[37m[INFO] 12:35:53,492 [Test worker] internal.InternalMockNetwork$MockNode. - Connected to H2 database.
?[m?[37m[INFO] 12:35:53,492 [Test worker] internal.InternalMockNetwork$MockNode. - identity-private-key not found in key store, generating fresh key!
?[m?[37m[INFO] 12:35:53,515 [Test worker] persistence.HibernateConfiguration. - Init HibernateConfiguration for schemas: [CommonSchemaV1(name=net.corda.core.schemas.CommonSchema, version=1), VaultSchemaV1(name=net.corda.node.services.vault.VaultSchema, version=1), NodeInfoSchemaV1(name=net.corda.node.internal.schemas.NodeInfoSchema, version=1), NodeCoreV1(name=net.corda.node.services.schema.NodeSchemaService$NodeCore, version=1), IOUSchemaV1(name=com.example.schema.IOUSchema, version=1)]
?[m?[37m[INFO] 12:35:53,515 [Test worker] persistence.HibernateConfiguration. - Creating session factory for schemas: [CommonSchemaV1(name=net.corda.core.schemas.CommonSchema, version=1), VaultSchemaV1(name=net.corda.node.services.vault.VaultSchema, version=1), NodeInfoSchemaV1(name=net.corda.node.internal.schemas.NodeInfoSchema, version=1), NodeCoreV1(name=net.corda.node.services.schema.NodeSchemaService$NodeCore, version=1), IOUSchemaV1(name=com.example.schema.IOUSchema, version=1)]
?[m?[37m[INFO] 12:35:53,521 [Test worker] internal.ConnectionProviderInitiator. - HHH000130: Instantiating explicit connection provider: net.corda.nodeapi.internal.persistence.HibernateConfiguration$NodeDatabaseConnectionProvider
?[m?[37m[INFO] 12:35:53,521 [Test worker] dialect.Dialect. - HHH000400: Using dialect: org.hibernate.dialect.H2Dialect
?[m?[37m[INFO] 12:35:53,523 [Test worker] type.BasicTypeRegistry. - HHH000270: Type registration [materialized_blob] overrides previous : org.hibernate.type.MaterializedBlobType@61c329e6
?[m?[37m[INFO] 12:35:53,562 [Test worker] connections.access. - HHH10001501: Connection obtained from JdbcConnectionAccess [org.hibernate.engine.jdbc.env.internal.JdbcEnvironmentInitiator$ConnectionProviderJdbcConnectionAccess@89c9cfd] for (non-JTA) DDL execution was not in auto-commit mode; the Connection 'local transaction' will be committed and the Connection will be set into auto-commit mode.
?[m?[37m[INFO] 12:35:53,601 [Test worker] persistence.HibernateConfiguration. - Created session factory for schemas: [CommonSchemaV1(name=net.corda.core.schemas.CommonSchema, version=1), VaultSchemaV1(name=net.corda.node.services.vault.VaultSchema, version=1), NodeInfoSchemaV1(name=net.corda.node.internal.schemas.NodeInfoSchema, version=1), NodeCoreV1(name=net.corda.node.services.schema.NodeSchemaService$NodeCore, version=1), IOUSchemaV1(name=com.example.schema.IOUSchema, version=1)]
?[m?[37m[INFO] 12:35:53,602 [Test worker] internal.QueryTranslatorFactoryInitiator. - HHH000397: Using ASTQueryTranslatorFactory
?[m?[37m[INFO] 12:35:53,605 [Test worker] internal.InternalMockNetwork$MockNode. - Node-info has changed so submitting update. Old node-info was null
?[m?[37m[INFO] 12:35:53,605 [Test worker] network.PersistentNetworkMapCache. - Adding node with info: NodeInfo(addresses=[mock.node:1000], legalIdentitiesAndCerts=[O=Mock Company 2, L=London, C=GB], platformVersion=4, serial=1555083353605)
?[m?[37m[INFO] 12:35:53,607 [Test worker] network.PersistentNetworkMapCache. - No previous node found
?[m?[37m[INFO] 12:35:53,610 [Test worker] internal.InternalMockNetwork$MockNode. - New node-info: NodeInfo(addresses=[mock.node:1000], legalIdentitiesAndCerts=[O=Mock Company 2, L=London, C=GB], platformVersion=4, serial=1555083353605)
?[m?[37m[INFO] 12:35:53,624 [Test worker] network.NetworkMapUpdater. - Auto-accept enabled for network parameter changes which modify only: [epoch, modifiedTime, packageOwnership, whitelistedContractImplementations]
?[m?[37m[INFO] 12:35:53,628 [MockNode-18-2] network.PersistentNetworkMapCache. - Adding node with info: NodeInfo(addresses=[mock.node:1000], legalIdentitiesAndCerts=[O=Mock Company 2, L=London, C=GB], platformVersion=4, serial=1555083353605)
?[m?[37m[INFO] 12:35:53,634 [MockNode-18-2] network.PersistentNetworkMapCache. - Previous node was identical to incoming one - doing nothing
?[m?[37m[INFO] 12:35:53,732 [Test worker] ClassloaderUtils. - Contracts loading for 'C:\Users\Daniel\AppData\Local\Temp\attachment6708990366391165336.jar' took 21 msec
?[m?[37m[INFO] 12:35:53,743 [Test worker] persistence.NodeAttachmentService. - Stored new attachment: id=068D846C052E681003228A05005925CB3EC9DBFEDDFDA00048D0BB87F1ED69B0 uploader=app filename=null
?[m?[37m[INFO] 12:35:53,756 [Test worker] statemachine.SingleThreadedStateMachineManager. - Node ready, info: NodeInfo(addresses=[mock.node:1000], legalIdentitiesAndCerts=[O=Mock Company 2, L=London, C=GB], platformVersion=4, serial=1555083353605)
?[m?[37m[INFO] 12:35:53,757 [Test worker] network.PersistentNetworkMapCache. - Adding node with info: NodeInfo(addresses=[mock.node:1000], legalIdentitiesAndCerts=[O=Notary Service, L=Zurich, C=CH], platformVersion=4, serial=1555083352063)
?[m?[37m[INFO] 12:35:53,758 [Test worker] network.PersistentNetworkMapCache. - No previous node found
?[m?[37m[INFO] 12:35:53,764 [Test worker] network.PersistentNetworkMapCache. - Adding node with info: NodeInfo(addresses=[mock.node:1000], legalIdentitiesAndCerts=[O=Mock Company 2, L=London, C=GB], platformVersion=4, serial=1555083353605)
?[m?[37m[INFO] 12:35:53,764 [Test worker] network.PersistentNetworkMapCache. - No previous node found
?[m?[37m[INFO] 12:35:53,770 [Test worker] network.PersistentNetworkMapCache. - Adding node with info: NodeInfo(addresses=[mock.node:1000], legalIdentitiesAndCerts=[O=Mock Company 1, L=London, C=GB], platformVersion=4, serial=1555083352814)
?[m?[37m[INFO] 12:35:53,771 [Test worker] network.PersistentNetworkMapCache. - No previous node found
?[m?[37m[INFO] 12:35:53,776 [Test worker] network.PersistentNetworkMapCache. - Adding node with info: NodeInfo(addresses=[mock.node:1000], legalIdentitiesAndCerts=[O=Mock Company 2, L=London, C=GB], platformVersion=4, serial=1555083353605)
?[m?[37m[INFO] 12:35:53,777 [Test worker] network.PersistentNetworkMapCache. - No previous node found
?[m?[37m[INFO] 12:35:53,782 [Test worker] network.PersistentNetworkMapCache. - Adding node with info: NodeInfo(addresses=[mock.node:1000], legalIdentitiesAndCerts=[O=Mock Company 2, L=London, C=GB], platformVersion=4, serial=1555083353605)
?[m?[37m[INFO] 12:35:53,782 [Test worker] network.PersistentNetworkMapCache. - Previous node was identical to incoming one - doing nothing
?[m?[37m[INFO] 12:35:53,782 [Test worker] network.PersistentNetworkMapCache. - Adding node with info: NodeInfo(addresses=[mock.node:1000], legalIdentitiesAndCerts=[O=Mock Company 2, L=London, C=GB], platformVersion=4, serial=1555083353605)
?[m?[37m[INFO] 12:35:53,782 [Test worker] network.PersistentNetworkMapCache. - Previous node was identical to incoming one - doing nothing
?[m?[31m[WARN] 12:35:53,782 [Test worker] internal.NodeFlowManager. - Multiple flows are registered for InitiatingFlow: class com.example.flow.ExampleFlow$Initiator, currently using: class com.example.flow.ExampleFlow$Acceptor
?[m?[37m[INFO] 12:35:53,782 [Test worker] internal.NodeFlowManager. - Registered com.example.flow.ExampleFlow$Initiator to initiate com.example.flow.ExampleFlow$Acceptor (version 1)
?[m?[31m[WARN] 12:35:53,783 [Test worker] internal.NodeFlowManager. - Multiple flows are registered for InitiatingFlow: class com.example.flow.ExampleFlow$Initiator, currently using: class com.example.flow.ExampleFlow$Acceptor
?[m?[37m[INFO] 12:35:53,783 [Test worker] internal.NodeFlowManager. - Registered com.example.flow.ExampleFlow$Initiator to initiate com.example.flow.ExampleFlow$Acceptor (version 1)
?[m?[31m[WARN] 12:35:54,475 [Mock network] corda.flow. - ProgressTracker has not been started {actor_id=Only For Testing, actor_owning_identity=O=Mock Company 1, L=London, C=GB, actor_store_id=TEST, fiber-id=10000010, flow-id=a8d22467-d1b0-4133-a9d3-1c53f2ef8d5c, invocation_id=7694f757-6eee-4b19-b16a-1615eb53bfd9, invocation_timestamp=2019-04-12T15:35:53.784Z, origin=Only For Testing, session_id=7694f757-6eee-4b19-b16a-1615eb53bfd9, session_timestamp=2019-04-12T15:35:53.784Z, thread-id=1493}
?[m?[37m[INFO] 12:35:54,509 [Mock network] corda.flow. - Received transaction acknowledgement request from party O=Mock Company 1, L=London, C=GB. {fiber-id=10000011, flow-id=f76e6918-576d-4a47-9ec1-7422af1df89f, invocation_id=20f06269-4a68-47e6-8ccb-51a3a2677ca4, invocation_timestamp=2019-04-12T15:35:54.494Z, origin=O=Mock Company 1, L=London, C=GB, session_id=20f06269-4a68-47e6-8ccb-51a3a2677ca4, session_timestamp=2019-04-12T15:35:54.494Z, thread-id=1493, tx_id=A126850C4F6E5C80B4DB49B5C52E79EEAA6CB795603D6BB382E60E3AFD41BDD3}
?[m?[31m[WARN] 12:35:54,510 [Mock network] corda.flow. - ProgressTracker has not been started {fiber-id=10000011, flow-id=f76e6918-576d-4a47-9ec1-7422af1df89f, invocation_id=20f06269-4a68-47e6-8ccb-51a3a2677ca4, invocation_timestamp=2019-04-12T15:35:54.494Z, origin=O=Mock Company 1, L=London, C=GB, session_id=20f06269-4a68-47e6-8ccb-51a3a2677ca4, session_timestamp=2019-04-12T15:35:54.494Z, thread-id=1493, tx_id=A126850C4F6E5C80B4DB49B5C52E79EEAA6CB795603D6BB382E60E3AFD41BDD3}
?[m?[37m[INFO] 12:35:54,518 [Mock network] corda.flow. - Transaction dependencies resolution completed. {fiber-id=10000011, flow-id=f76e6918-576d-4a47-9ec1-7422af1df89f, invocation_id=20f06269-4a68-47e6-8ccb-51a3a2677ca4, invocation_timestamp=2019-04-12T15:35:54.494Z, origin=O=Mock Company 1, L=London, C=GB, session_id=20f06269-4a68-47e6-8ccb-51a3a2677ca4, session_timestamp=2019-04-12T15:35:54.494Z, thread-id=1493, tx_id=A126850C4F6E5C80B4DB49B5C52E79EEAA6CB795603D6BB382E60E3AFD41BDD3}
?[m?[31m[WARN] 12:35:54,556 [Mock network] corda.flow. - ProgressTracker has not been started {fiber-id=10000011, flow-id=f76e6918-576d-4a47-9ec1-7422af1df89f, invocation_id=20f06269-4a68-47e6-8ccb-51a3a2677ca4, invocation_timestamp=2019-04-12T15:35:54.494Z, origin=O=Mock Company 1, L=London, C=GB, session_id=20f06269-4a68-47e6-8ccb-51a3a2677ca4, session_timestamp=2019-04-12T15:35:54.494Z, thread-id=1493, tx_id=A126850C4F6E5C80B4DB49B5C52E79EEAA6CB795603D6BB382E60E3AFD41BDD3}
?[m?[37m[INFO] 12:35:54,570 [Mock network] corda.flow. - No need to notarise this transaction. {actor_id=Only For Testing, actor_owning_identity=O=Mock Company 1, L=London, C=GB, actor_store_id=TEST, fiber-id=10000010, flow-id=a8d22467-d1b0-4133-a9d3-1c53f2ef8d5c, invocation_id=7694f757-6eee-4b19-b16a-1615eb53bfd9, invocation_timestamp=2019-04-12T15:35:53.784Z, origin=Only For Testing, session_id=7694f757-6eee-4b19-b16a-1615eb53bfd9, session_timestamp=2019-04-12T15:35:53.784Z, thread-id=1493, tx_id=A126850C4F6E5C80B4DB49B5C52E79EEAA6CB795603D6BB382E60E3AFD41BDD3}
?[m?[37m[INFO] 12:35:54,570 [Mock network] corda.flow. - Recording transaction locally. {actor_id=Only For Testing, actor_owning_identity=O=Mock Company 1, L=London, C=GB, actor_store_id=TEST, fiber-id=10000010, flow-id=a8d22467-d1b0-4133-a9d3-1c53f2ef8d5c, invocation_id=7694f757-6eee-4b19-b16a-1615eb53bfd9, invocation_timestamp=2019-04-12T15:35:53.784Z, origin=Only For Testing, session_id=7694f757-6eee-4b19-b16a-1615eb53bfd9, session_timestamp=2019-04-12T15:35:53.784Z, thread-id=1493, tx_id=A126850C4F6E5C80B4DB49B5C52E79EEAA6CB795603D6BB382E60E3AFD41BDD3}
?[m?[37m[INFO] 12:35:54,585 [Mock network] corda.flow. - Recorded transaction locally successfully. {actor_id=Only For Testing, actor_owning_identity=O=Mock Company 1, L=London, C=GB, actor_store_id=TEST, fiber-id=10000010, flow-id=a8d22467-d1b0-4133-a9d3-1c53f2ef8d5c, invocation_id=7694f757-6eee-4b19-b16a-1615eb53bfd9, invocation_timestamp=2019-04-12T15:35:53.784Z, origin=Only For Testing, session_id=7694f757-6eee-4b19-b16a-1615eb53bfd9, session_timestamp=2019-04-12T15:35:53.784Z, thread-id=1493, tx_id=A126850C4F6E5C80B4DB49B5C52E79EEAA6CB795603D6BB382E60E3AFD41BDD3}
?[m?[37m[INFO] 12:35:54,598 [Mock network] corda.flow. - Received transaction acknowledgement request from party O=Mock Company 1, L=London, C=GB. {fiber-id=10000011, flow-id=f76e6918-576d-4a47-9ec1-7422af1df89f, invocation_id=20f06269-4a68-47e6-8ccb-51a3a2677ca4, invocation_timestamp=2019-04-12T15:35:54.494Z, origin=O=Mock Company 1, L=London, C=GB, session_id=20f06269-4a68-47e6-8ccb-51a3a2677ca4, session_timestamp=2019-04-12T15:35:54.494Z, thread-id=1493, tx_id=A126850C4F6E5C80B4DB49B5C52E79EEAA6CB795603D6BB382E60E3AFD41BDD3}
?[m?[31m[WARN] 12:35:54,598 [Mock network] corda.flow. - ProgressTracker has not been started {fiber-id=10000011, flow-id=f76e6918-576d-4a47-9ec1-7422af1df89f, invocation_id=20f06269-4a68-47e6-8ccb-51a3a2677ca4, invocation_timestamp=2019-04-12T15:35:54.494Z, origin=O=Mock Company 1, L=London, C=GB, session_id=20f06269-4a68-47e6-8ccb-51a3a2677ca4, session_timestamp=2019-04-12T15:35:54.494Z, thread-id=1493, tx_id=A126850C4F6E5C80B4DB49B5C52E79EEAA6CB795603D6BB382E60E3AFD41BDD3}
?[m?[37m[INFO] 12:35:54,604 [Mock network] corda.flow. - Transaction dependencies resolution completed. {fiber-id=10000011, flow-id=f76e6918-576d-4a47-9ec1-7422af1df89f, invocation_id=20f06269-4a68-47e6-8ccb-51a3a2677ca4, invocation_timestamp=2019-04-12T15:35:54.494Z, origin=O=Mock Company 1, L=London, C=GB, session_id=20f06269-4a68-47e6-8ccb-51a3a2677ca4, session_timestamp=2019-04-12T15:35:54.494Z, thread-id=1493, tx_id=A126850C4F6E5C80B4DB49B5C52E79EEAA6CB795603D6BB382E60E3AFD41BDD3}
?[m?[37m[INFO] 12:35:54,609 [Mock network] corda.flow. - Successfully received fully signed tx. Sending it to the vault for processing. {fiber-id=10000011, flow-id=f76e6918-576d-4a47-9ec1-7422af1df89f, invocation_id=20f06269-4a68-47e6-8ccb-51a3a2677ca4, invocation_timestamp=2019-04-12T15:35:54.494Z, origin=O=Mock Company 1, L=London, C=GB, session_id=20f06269-4a68-47e6-8ccb-51a3a2677ca4, session_timestamp=2019-04-12T15:35:54.494Z, thread-id=1493, tx_id=A126850C4F6E5C80B4DB49B5C52E79EEAA6CB795603D6BB382E60E3AFD41BDD3}
?[m?[37m[INFO] 12:35:54,613 [Mock network] corda.flow. - Successfully recorded received transaction locally. {fiber-id=10000011, flow-id=f76e6918-576d-4a47-9ec1-7422af1df89f, invocation_id=20f06269-4a68-47e6-8ccb-51a3a2677ca4, invocation_timestamp=2019-04-12T15:35:54.494Z, origin=O=Mock Company 1, L=London, C=GB, session_id=20f06269-4a68-47e6-8ccb-51a3a2677ca4, session_timestamp=2019-04-12T15:35:54.494Z, thread-id=1493, tx_id=A126850C4F6E5C80B4DB49B5C52E79EEAA6CB795603D6BB382E60E3AFD41BDD3}
?[m?[37m[INFO] 12:35:54,623 [Mock network] corda.flow. - Party O=Mock Company 2, L=London, C=GB received the transaction. {actor_id=Only For Testing, actor_owning_identity=O=Mock Company 1, L=London, C=GB, actor_store_id=TEST, fiber-id=10000010, flow-id=a8d22467-d1b0-4133-a9d3-1c53f2ef8d5c, invocation_id=7694f757-6eee-4b19-b16a-1615eb53bfd9, invocation_timestamp=2019-04-12T15:35:53.784Z, origin=Only For Testing, session_id=7694f757-6eee-4b19-b16a-1615eb53bfd9, session_timestamp=2019-04-12T15:35:53.784Z, thread-id=1493, tx_id=A126850C4F6E5C80B4DB49B5C52E79EEAA6CB795603D6BB382E60E3AFD41BDD3}
?[m?[37m[INFO] 12:35:54,623 [Mock network] corda.flow. - All parties received the transaction successfully. {actor_id=Only For Testing, actor_owning_identity=O=Mock Company 1, L=London, C=GB, actor_store_id=TEST, fiber-id=10000010, flow-id=a8d22467-d1b0-4133-a9d3-1c53f2ef8d5c, invocation_id=7694f757-6eee-4b19-b16a-1615eb53bfd9, invocation_timestamp=2019-04-12T15:35:53.784Z, origin=Only For Testing, session_id=7694f757-6eee-4b19-b16a-1615eb53bfd9, session_timestamp=2019-04-12T15:35:53.784Z, thread-id=1493, tx_id=A126850C4F6E5C80B4DB49B5C52E79EEAA6CB795603D6BB382E60E3AFD41BDD3}
?[m?[37m[INFO] 12:35:54,720 [Test worker] pool.HikariPool. - HikariPool-16 - Close initiated...
?[m?[37m[INFO] 12:35:54,723 [Test worker] pool.HikariPool. - HikariPool-16 - Closed.
?[m?[37m[INFO] 12:35:54,724 [Test worker] pool.HikariPool. - HikariPool-17 - Close initiated...
?[m?[37m[INFO] 12:35:54,727 [Test worker] pool.HikariPool. - HikariPool-17 - Closed.
?[m?[37m[INFO] 12:35:54,728 [Test worker] pool.HikariPool. - HikariPool-18 - Close initiated...
?[m]]></system-out>
  <system-err><![CDATA[]]></system-err>
</testsuite>
